sysbench 1.0.20 (using system LuaJIT 2.1.0-beta3)

Running the test with following options:
Number of threads: 1
Report intermediate results every 1 second(s)
Initializing random number generator from current time


Initializing worker threads...

Threads started!

[ 1s ] thds: 1 tps: 0.00 qps: 1030.02 (r/w/o: 0.00/1026.03/4.00) lat (ms,95%): 0.00 err/s: 0.00 reconn/s: 0.00
[ 2s ] thds: 1 tps: 0.00 qps: 930.44 (r/w/o: 0.00/930.44/0.00) lat (ms,95%): 0.00 err/s: 0.00 reconn/s: 0.00
[ 3s ] thds: 1 tps: 0.00 qps: 839.97 (r/w/o: 0.00/839.97/0.00) lat (ms,95%): 0.00 err/s: 0.00 reconn/s: 0.00
[ 4s ] thds: 1 tps: 1.00 qps: 815.97 (r/w/o: 0.00/813.97/2.00) lat (ms,95%): 3448.53 err/s: 0.00 reconn/s: 0.00
[ 5s ] thds: 1 tps: 0.00 qps: 887.04 (r/w/o: 0.00/887.04/0.00) lat (ms,95%): 0.00 err/s: 0.00 reconn/s: 0.00
[ 6s ] thds: 1 tps: 0.00 qps: 840.04 (r/w/o: 0.00/840.04/0.00) lat (ms,95%): 0.00 err/s: 0.00 reconn/s: 0.00
[ 7s ] thds: 1 tps: 0.00 qps: 827.00 (r/w/o: 0.00/827.00/0.00) lat (ms,95%): 0.00 err/s: 0.00 reconn/s: 0.00
[ 8s ] thds: 1 tps: 1.00 qps: 767.97 (r/w/o: 0.00/765.97/2.00) lat (ms,95%): 3841.98 err/s: 0.00 reconn/s: 0.00
[ 9s ] thds: 1 tps: 0.00 qps: 900.01 (r/w/o: 0.00/900.01/0.00) lat (ms,95%): 0.00 err/s: 0.00 reconn/s: 0.00
[ 10s ] thds: 1 tps: 0.00 qps: 862.04 (r/w/o: 0.00/862.04/0.00) lat (ms,95%): 0.00 err/s: 0.00 reconn/s: 0.00
[ 11s ] thds: 1 tps: 0.00 qps: 808.00 (r/w/o: 0.00/808.00/0.00) lat (ms,95%): 0.00 err/s: 0.00 reconn/s: 0.00
SQL statistics:
    queries performed:
        read:                            0
        write:                           9604
        other:                           8
        total:                           9612
    transactions:                        3      (0.27 per sec.)
    queries:                             9612   (862.41 per sec.)
    ignored errors:                      0      (0.00 per sec.)
    reconnects:                          0      (0.00 per sec.)

General statistics:
    total time:                          11.1451s
    total number of events:              3

Latency (ms):
         min:                                 3461.97
         avg:                                 3714.84
         max:                                 3848.74
         95th percentile:                     3841.98
         sum:                                11144.53

Threads fairness:
    events (avg/stddev):           3.0000/0.00
    execution time (avg/stddev):   11.1445/0.00

