sysbench 1.0.20 (using system LuaJIT 2.1.0-beta3)

Running the test with following options:
Number of threads: 1
Report intermediate results every 1 second(s)
Initializing random number generator from current time


Initializing worker threads...

Threads started!

[ 1s ] thds: 1 tps: 0.00 qps: 1392.64 (r/w/o: 0.00/1389.64/3.00) lat (ms,95%): 0.00 err/s: 0.00 reconn/s: 0.00
[ 2s ] thds: 1 tps: 0.00 qps: 1380.69 (r/w/o: 0.00/1380.69/0.00) lat (ms,95%): 0.00 err/s: 0.00 reconn/s: 0.00
[ 3s ] thds: 1 tps: 1.00 qps: 1364.00 (r/w/o: 0.00/1362.00/2.00) lat (ms,95%): 2880.27 err/s: 0.00 reconn/s: 0.00
[ 4s ] thds: 1 tps: 0.00 qps: 1429.02 (r/w/o: 0.00/1429.02/0.00) lat (ms,95%): 0.00 err/s: 0.00 reconn/s: 0.00
[ 5s ] thds: 1 tps: 0.00 qps: 1430.92 (r/w/o: 0.00/1430.92/0.00) lat (ms,95%): 0.00 err/s: 0.00 reconn/s: 0.00
[ 6s ] thds: 1 tps: 1.00 qps: 1352.01 (r/w/o: 0.00/1350.01/2.00) lat (ms,95%): 2828.87 err/s: 0.00 reconn/s: 0.00
[ 7s ] thds: 1 tps: 0.00 qps: 1423.00 (r/w/o: 0.00/1423.00/0.00) lat (ms,95%): 0.00 err/s: 0.00 reconn/s: 0.00
[ 8s ] thds: 1 tps: 0.00 qps: 1423.02 (r/w/o: 0.00/1423.02/0.00) lat (ms,95%): 0.00 err/s: 0.00 reconn/s: 0.00
SQL statistics:
    queries performed:
        read:                            0
        write:                           12002
        other:                           7
        total:                           12009
    transactions:                        3      (0.35 per sec.)
    queries:                             12009  (1399.40 per sec.)
    ignored errors:                      0      (0.00 per sec.)
    reconnects:                          0      (0.00 per sec.)

General statistics:
    total time:                          8.5812s
    total number of events:              3

Latency (ms):
         min:                                 2854.43
         avg:                                 2860.21
         max:                                 2870.16
         95th percentile:                     2880.27
         sum:                                 8580.62

Threads fairness:
    events (avg/stddev):           3.0000/0.00
    execution time (avg/stddev):   8.5806/0.00

