sysbench 1.0.20 (using system LuaJIT 2.1.0-beta3)

Running the test with following options:
Number of threads: 1
Report intermediate results every 1 second(s)
Initializing random number generator from current time


Initializing worker threads...

Threads started!

[ 1s ] thds: 1 tps: 172.88 qps: 518.64 (r/w/o: 518.64/0.00/0.00) lat (ms,95%): 5.77 err/s: 0.00 reconn/s: 0.00
[ 2s ] thds: 1 tps: 172.04 qps: 517.12 (r/w/o: 517.12/0.00/0.00) lat (ms,95%): 5.88 err/s: 0.00 reconn/s: 0.00
[ 3s ] thds: 1 tps: 174.00 qps: 521.99 (r/w/o: 521.99/0.00/0.00) lat (ms,95%): 5.88 err/s: 0.00 reconn/s: 0.00
[ 4s ] thds: 1 tps: 173.01 qps: 519.02 (r/w/o: 519.02/0.00/0.00) lat (ms,95%): 5.99 err/s: 0.00 reconn/s: 0.00
[ 5s ] thds: 1 tps: 173.98 qps: 522.95 (r/w/o: 522.95/0.00/0.00) lat (ms,95%): 5.77 err/s: 0.00 reconn/s: 0.00
[ 6s ] thds: 1 tps: 175.02 qps: 525.07 (r/w/o: 525.07/0.00/0.00) lat (ms,95%): 5.77 err/s: 0.00 reconn/s: 0.00
[ 7s ] thds: 1 tps: 173.99 qps: 519.98 (r/w/o: 519.98/0.00/0.00) lat (ms,95%): 5.88 err/s: 0.00 reconn/s: 0.00
[ 8s ] thds: 1 tps: 174.99 qps: 525.98 (r/w/o: 525.98/0.00/0.00) lat (ms,95%): 5.77 err/s: 0.00 reconn/s: 0.00
SQL statistics:
    queries performed:
        read:                            4173
        write:                           0
        other:                           0
        total:                           4173
    transactions:                        1391   (173.79 per sec.)
    queries:                             4173   (521.37 per sec.)
    ignored errors:                      0      (0.00 per sec.)
    reconnects:                          0      (0.00 per sec.)

General statistics:
    total time:                          8.0036s
    total number of events:              1391

Latency (ms):
         min:                                    5.62
         avg:                                    5.75
         max:                                   13.52
         95th percentile:                        5.88
         sum:                                 8001.15

Threads fairness:
    events (avg/stddev):           1391.0000/0.00
    execution time (avg/stddev):   8.0012/0.00

