sysbench 1.0.20 (using system LuaJIT 2.1.0-beta3)

Running the test with following options:
Number of threads: 4
Report intermediate results every 2 second(s)
Initializing random number generator from current time


Initializing worker threads...

Threads started!

[ 2s ] thds: 4 tps: 4.00 qps: 4747.75 (r/w/o: 0.00/1183.44/3564.31) lat (ms,95%): 877.61 err/s: 0.00 reconn/s: 0.00
[ 4s ] thds: 4 tps: 6.00 qps: 5347.28 (r/w/o: 0.00/1333.82/4013.46) lat (ms,95%): 759.88 err/s: 0.00 reconn/s: 0.00
[ 6s ] thds: 4 tps: 4.00 qps: 5403.84 (r/w/o: 0.00/1348.96/4054.88) lat (ms,95%): 759.88 err/s: 0.00 reconn/s: 0.00
[ 8s ] thds: 4 tps: 6.00 qps: 5048.21 (r/w/o: 0.00/1259.05/3789.16) lat (ms,95%): 816.63 err/s: 0.00 reconn/s: 0.00
[ 10s ] thds: 4 tps: 4.00 qps: 4995.92 (r/w/o: 0.00/1246.98/3748.94) lat (ms,95%): 831.46 err/s: 0.00 reconn/s: 0.00
[ 12s ] thds: 4 tps: 6.00 qps: 4902.01 (r/w/o: 0.00/1222.50/3679.51) lat (ms,95%): 831.46 err/s: 0.00 reconn/s: 0.00
[ 14s ] thds: 4 tps: 4.00 qps: 5031.99 (r/w/o: 0.00/1256.00/3775.99) lat (ms,95%): 802.05 err/s: 0.00 reconn/s: 0.00
[ 16s ] thds: 4 tps: 6.00 qps: 4979.93 (r/w/o: 0.00/1241.98/3737.95) lat (ms,95%): 802.05 err/s: 0.00 reconn/s: 0.00
[ 18s ] thds: 4 tps: 4.00 qps: 5086.12 (r/w/o: 0.00/1269.53/3816.59) lat (ms,95%): 816.63 err/s: 0.00 reconn/s: 0.00
SQL statistics:
    queries performed:
        read:                            0
        write:                           23022
        other:                           69254
        total:                           92276
    transactions:                        92     (5.05 per sec.)
    queries:                             92276  (5061.07 per sec.)
    ignored errors:                      0      (0.00 per sec.)
    reconnects:                          0      (0.00 per sec.)

General statistics:
    total time:                          18.2322s
    total number of events:              92

Latency (ms):
         min:                                  726.45
         avg:                                  792.67
         max:                                  873.20
         95th percentile:                      846.57
         sum:                                72925.23

Threads fairness:
    events (avg/stddev):           23.0000/0.00
    execution time (avg/stddev):   18.2313/0.00

