sysbench 1.0.20 (using system LuaJIT 2.1.0-beta3)

Running the test with following options:
Number of threads: 1
Report intermediate results every 1 second(s)
Initializing random number generator from current time


Initializing worker threads...

Threads started!

[ 1s ] thds: 1 tps: 1539.75 qps: 4619.25 (r/w/o: 4619.25/0.00/0.00) lat (ms,95%): 0.72 err/s: 0.00 reconn/s: 0.00
[ 2s ] thds: 1 tps: 1571.57 qps: 4715.72 (r/w/o: 4715.72/0.00/0.00) lat (ms,95%): 0.72 err/s: 0.00 reconn/s: 0.00
[ 3s ] thds: 1 tps: 1571.04 qps: 4713.12 (r/w/o: 4713.12/0.00/0.00) lat (ms,95%): 0.72 err/s: 0.00 reconn/s: 0.00
[ 4s ] thds: 1 tps: 1560.99 qps: 4682.97 (r/w/o: 4682.97/0.00/0.00) lat (ms,95%): 0.72 err/s: 0.00 reconn/s: 0.00
[ 5s ] thds: 1 tps: 1584.89 qps: 4753.67 (r/w/o: 4753.67/0.00/0.00) lat (ms,95%): 0.70 err/s: 0.00 reconn/s: 0.00
[ 6s ] thds: 1 tps: 1571.18 qps: 4714.53 (r/w/o: 4714.53/0.00/0.00) lat (ms,95%): 0.72 err/s: 0.00 reconn/s: 0.00
[ 7s ] thds: 1 tps: 1552.94 qps: 4658.83 (r/w/o: 4658.83/0.00/0.00) lat (ms,95%): 0.72 err/s: 0.00 reconn/s: 0.00
[ 8s ] thds: 1 tps: 1565.05 qps: 4695.14 (r/w/o: 4695.14/0.00/0.00) lat (ms,95%): 0.72 err/s: 0.00 reconn/s: 0.00
SQL statistics:
    queries performed:
        read:                            37557
        write:                           0
        other:                           0
        total:                           37557
    transactions:                        12519  (1564.62 per sec.)
    queries:                             37557  (4693.85 per sec.)
    ignored errors:                      0      (0.00 per sec.)
    reconnects:                          0      (0.00 per sec.)

General statistics:
    total time:                          8.0010s
    total number of events:              12519

Latency (ms):
         min:                                    0.57
         avg:                                    0.64
         max:                                    8.73
         95th percentile:                        0.72
         sum:                                 7988.15

Threads fairness:
    events (avg/stddev):           12519.0000/0.00
    execution time (avg/stddev):   7.9882/0.00

