sysbench 1.0.20 (using system LuaJIT 2.1.0-beta3)

Running the test with following options:
Number of threads: 1
Report intermediate results every 1 second(s)
Initializing random number generator from current time


Initializing worker threads...

Threads started!

[ 1s ] thds: 1 tps: 254.79 qps: 254.79 (r/w/o: 254.79/0.00/0.00) lat (ms,95%): 4.25 err/s: 0.00 reconn/s: 0.00
[ 2s ] thds: 1 tps: 261.09 qps: 261.09 (r/w/o: 261.09/0.00/0.00) lat (ms,95%): 4.25 err/s: 0.00 reconn/s: 0.00
[ 3s ] thds: 1 tps: 256.00 qps: 256.00 (r/w/o: 256.00/0.00/0.00) lat (ms,95%): 4.41 err/s: 0.00 reconn/s: 0.00
[ 4s ] thds: 1 tps: 258.00 qps: 258.00 (r/w/o: 258.00/0.00/0.00) lat (ms,95%): 4.25 err/s: 0.00 reconn/s: 0.00
[ 5s ] thds: 1 tps: 257.99 qps: 257.99 (r/w/o: 257.99/0.00/0.00) lat (ms,95%): 4.25 err/s: 0.00 reconn/s: 0.00
[ 6s ] thds: 1 tps: 260.01 qps: 260.01 (r/w/o: 260.01/0.00/0.00) lat (ms,95%): 4.18 err/s: 0.00 reconn/s: 0.00
[ 7s ] thds: 1 tps: 258.00 qps: 258.00 (r/w/o: 258.00/0.00/0.00) lat (ms,95%): 4.18 err/s: 0.00 reconn/s: 0.00
[ 8s ] thds: 1 tps: 258.00 qps: 258.00 (r/w/o: 258.00/0.00/0.00) lat (ms,95%): 4.10 err/s: 0.00 reconn/s: 0.00
SQL statistics:
    queries performed:
        read:                            2065
        write:                           0
        other:                           0
        total:                           2065
    transactions:                        2065   (257.98 per sec.)
    queries:                             2065   (257.98 per sec.)
    ignored errors:                      0      (0.00 per sec.)
    reconnects:                          0      (0.00 per sec.)

General statistics:
    total time:                          8.0043s
    total number of events:              2065

Latency (ms):
         min:                                    3.34
         avg:                                    3.87
         max:                                   12.15
         95th percentile:                        4.25
         sum:                                 8001.34

Threads fairness:
    events (avg/stddev):           2065.0000/0.00
    execution time (avg/stddev):   8.0013/0.00

