sysbench 1.0.20 (using system LuaJIT 2.1.0-beta3)

Running the test with following options:
Number of threads: 1
Report intermediate results every 1 second(s)
Initializing random number generator from current time


Initializing worker threads...

Threads started!

[ 1s ] thds: 1 tps: 0.00 qps: 1119.00 (r/w/o: 0.00/1116.00/3.00) lat (ms,95%): 0.00 err/s: 0.00 reconn/s: 0.00
[ 2s ] thds: 1 tps: 0.00 qps: 1127.47 (r/w/o: 0.00/1127.47/0.00) lat (ms,95%): 0.00 err/s: 0.00 reconn/s: 0.00
[ 3s ] thds: 1 tps: 0.00 qps: 1194.01 (r/w/o: 0.00/1194.01/0.00) lat (ms,95%): 0.00 err/s: 0.00 reconn/s: 0.00
[ 4s ] thds: 1 tps: 1.00 qps: 1127.00 (r/w/o: 0.00/1125.00/2.00) lat (ms,95%): 3448.53 err/s: 0.00 reconn/s: 0.00
[ 5s ] thds: 1 tps: 0.00 qps: 1164.98 (r/w/o: 0.00/1164.98/0.00) lat (ms,95%): 0.00 err/s: 0.00 reconn/s: 0.00
[ 6s ] thds: 1 tps: 0.00 qps: 1129.99 (r/w/o: 0.00/1129.99/0.00) lat (ms,95%): 0.00 err/s: 0.00 reconn/s: 0.00
[ 7s ] thds: 1 tps: 0.00 qps: 1090.03 (r/w/o: 0.00/1090.03/0.00) lat (ms,95%): 0.00 err/s: 0.00 reconn/s: 0.00
[ 8s ] thds: 1 tps: 1.00 qps: 1074.01 (r/w/o: 0.00/1072.01/2.00) lat (ms,95%): 3574.99 err/s: 0.00 reconn/s: 0.00
[ 9s ] thds: 1 tps: 0.00 qps: 1137.00 (r/w/o: 0.00/1137.00/0.00) lat (ms,95%): 0.00 err/s: 0.00 reconn/s: 0.00
[ 10s ] thds: 1 tps: 0.00 qps: 1151.91 (r/w/o: 0.00/1151.91/0.00) lat (ms,95%): 0.00 err/s: 0.00 reconn/s: 0.00
SQL statistics:
    queries performed:
        read:                            0
        write:                           12002
        other:                           7
        total:                           12009
    transactions:                        3      (0.28 per sec.)
    queries:                             12009  (1129.47 per sec.)
    ignored errors:                      0      (0.00 per sec.)
    reconnects:                          0      (0.00 per sec.)

General statistics:
    total time:                          10.6320s
    total number of events:              3

Latency (ms):
         min:                                 3476.70
         avg:                                 3543.82
         max:                                 3581.64
         95th percentile:                     3574.99
         sum:                                10631.46

Threads fairness:
    events (avg/stddev):           3.0000/0.00
    execution time (avg/stddev):   10.6315/0.00

