sysbench 1.0.20 (using system LuaJIT 2.1.0-beta3)

Running the test with following options:
Number of threads: 4
Report intermediate results every 2 second(s)
Initializing random number generator from current time


Initializing worker threads...

Threads started!

[ 2s ] thds: 4 tps: 8.00 qps: 4358.78 (r/w/o: 0.00/1190.89/3167.89) lat (ms,95%): 493.24 err/s: 19.99 reconn/s: 0.00
[ 4s ] thds: 4 tps: 8.00 qps: 4095.84 (r/w/o: 0.00/1044.71/3051.13) lat (ms,95%): 511.33 err/s: 10.00 reconn/s: 0.00
[ 6s ] thds: 4 tps: 8.00 qps: 4346.68 (r/w/o: 0.00/1121.05/3225.63) lat (ms,95%): 502.20 err/s: 12.50 reconn/s: 0.00
[ 8s ] thds: 4 tps: 8.00 qps: 4450.30 (r/w/o: 0.00/1211.95/3238.36) lat (ms,95%): 484.44 err/s: 19.00 reconn/s: 0.00
[ 10s ] thds: 4 tps: 8.00 qps: 4480.03 (r/w/o: 0.00/1170.01/3310.02) lat (ms,95%): 475.79 err/s: 14.00 reconn/s: 0.00
[ 12s ] thds: 4 tps: 10.00 qps: 4503.46 (r/w/o: 0.00/1193.99/3309.47) lat (ms,95%): 493.24 err/s: 19.00 reconn/s: 0.00
[ 14s ] thds: 4 tps: 8.00 qps: 4434.28 (r/w/o: 0.00/1132.07/3302.21) lat (ms,95%): 475.79 err/s: 9.50 reconn/s: 0.00
[ 16s ] thds: 4 tps: 8.00 qps: 4407.37 (r/w/o: 0.00/1181.97/3225.40) lat (ms,95%): 511.33 err/s: 17.50 reconn/s: 0.00
[ 18s ] thds: 4 tps: 8.00 qps: 4439.08 (r/w/o: 0.00/1157.52/3281.56) lat (ms,95%): 484.44 err/s: 17.00 reconn/s: 0.00
SQL statistics:
    queries performed:
        read:                            0
        write:                           20950
        other:                           58648
        total:                           79598
    transactions:                        152    (8.39 per sec.)
    queries:                             79598  (4391.41 per sec.)
    ignored errors:                      277    (15.28 per sec.)
    reconnects:                          0      (0.00 per sec.)

General statistics:
    total time:                          18.1254s
    total number of events:              152

Latency (ms):
         min:                                  450.31
         avg:                                  476.96
         max:                                  513.45
         95th percentile:                      502.20
         sum:                                72497.54

Threads fairness:
    events (avg/stddev):           38.0000/0.00
    execution time (avg/stddev):   18.1244/0.00

