sysbench 1.0.20 (using system LuaJIT 2.1.0-beta3)

Running the test with following options:
Number of threads: 4
Report intermediate results every 2 second(s)
Initializing random number generator from current time


Initializing worker threads...

Threads started!

[ 2s ] thds: 4 tps: 1290.92 qps: 1290.92 (r/w/o: 1290.92/0.00/0.00) lat (ms,95%): 3.96 err/s: 0.00 reconn/s: 0.00
[ 4s ] thds: 4 tps: 1296.70 qps: 1296.70 (r/w/o: 1296.70/0.00/0.00) lat (ms,95%): 4.03 err/s: 0.00 reconn/s: 0.00
[ 6s ] thds: 4 tps: 1304.49 qps: 1304.49 (r/w/o: 1304.49/0.00/0.00) lat (ms,95%): 3.96 err/s: 0.00 reconn/s: 0.00
[ 8s ] thds: 4 tps: 1309.47 qps: 1309.47 (r/w/o: 1309.47/0.00/0.00) lat (ms,95%): 3.96 err/s: 0.00 reconn/s: 0.00
[ 10s ] thds: 4 tps: 1304.04 qps: 1304.04 (r/w/o: 1304.04/0.00/0.00) lat (ms,95%): 3.96 err/s: 0.00 reconn/s: 0.00
[ 12s ] thds: 4 tps: 1310.33 qps: 1310.33 (r/w/o: 1310.33/0.00/0.00) lat (ms,95%): 3.89 err/s: 0.00 reconn/s: 0.00
[ 14s ] thds: 4 tps: 1305.16 qps: 1305.16 (r/w/o: 1305.16/0.00/0.00) lat (ms,95%): 3.82 err/s: 0.00 reconn/s: 0.00
[ 16s ] thds: 4 tps: 1312.50 qps: 1312.50 (r/w/o: 1312.50/0.00/0.00) lat (ms,95%): 3.89 err/s: 0.00 reconn/s: 0.00
[ 18s ] thds: 4 tps: 1306.98 qps: 1306.98 (r/w/o: 1306.98/0.00/0.00) lat (ms,95%): 3.96 err/s: 0.00 reconn/s: 0.00
SQL statistics:
    queries performed:
        read:                            23486
        write:                           0
        other:                           0
        total:                           23486
    transactions:                        23486  (1304.56 per sec.)
    queries:                             23486  (1304.56 per sec.)
    ignored errors:                      0      (0.00 per sec.)
    reconnects:                          0      (0.00 per sec.)

General statistics:
    total time:                          18.0026s
    total number of events:              23486

Latency (ms):
         min:                                    1.38
         avg:                                    3.06
         max:                                   20.46
         95th percentile:                        3.96
         sum:                                71971.99

Threads fairness:
    events (avg/stddev):           5871.5000/96.68
    execution time (avg/stddev):   17.9930/0.00

