sysbench 1.0.20 (using system LuaJIT 2.1.0-beta3)

Running the test with following options:
Number of threads: 4
Report intermediate results every 2 second(s)
Initializing random number generator from current time


Initializing worker threads...

Threads started!

[ 2s ] thds: 4 tps: 572.75 qps: 572.75 (r/w/o: 572.75/0.00/0.00) lat (ms,95%): 8.90 err/s: 0.00 reconn/s: 0.00
[ 4s ] thds: 4 tps: 585.60 qps: 585.60 (r/w/o: 585.60/0.00/0.00) lat (ms,95%): 8.58 err/s: 0.00 reconn/s: 0.00
[ 6s ] thds: 4 tps: 584.91 qps: 584.91 (r/w/o: 584.91/0.00/0.00) lat (ms,95%): 8.58 err/s: 0.00 reconn/s: 0.00
[ 8s ] thds: 4 tps: 586.09 qps: 586.09 (r/w/o: 586.09/0.00/0.00) lat (ms,95%): 8.74 err/s: 0.00 reconn/s: 0.00
[ 10s ] thds: 4 tps: 586.01 qps: 586.01 (r/w/o: 586.01/0.00/0.00) lat (ms,95%): 8.58 err/s: 0.00 reconn/s: 0.00
[ 12s ] thds: 4 tps: 559.00 qps: 559.00 (r/w/o: 559.00/0.00/0.00) lat (ms,95%): 10.27 err/s: 0.00 reconn/s: 0.00
[ 14s ] thds: 4 tps: 582.00 qps: 582.00 (r/w/o: 582.00/0.00/0.00) lat (ms,95%): 9.06 err/s: 0.00 reconn/s: 0.00
[ 16s ] thds: 4 tps: 586.50 qps: 586.50 (r/w/o: 586.50/0.00/0.00) lat (ms,95%): 8.74 err/s: 0.00 reconn/s: 0.00
[ 18s ] thds: 4 tps: 586.00 qps: 586.00 (r/w/o: 586.00/0.00/0.00) lat (ms,95%): 8.58 err/s: 0.00 reconn/s: 0.00
SQL statistics:
    queries performed:
        read:                            10462
        write:                           0
        other:                           0
        total:                           10462
    transactions:                        10462  (581.05 per sec.)
    queries:                             10462  (581.05 per sec.)
    ignored errors:                      0      (0.00 per sec.)
    reconnects:                          0      (0.00 per sec.)

General statistics:
    total time:                          18.0051s
    total number of events:              10462

Latency (ms):
         min:                                    3.17
         avg:                                    6.88
         max:                                   26.52
         95th percentile:                        8.74
         sum:                                71995.17

Threads fairness:
    events (avg/stddev):           2615.5000/24.50
    execution time (avg/stddev):   17.9988/0.00

