sysbench 1.0.20 (using system LuaJIT 2.1.0-beta3)

Running the test with following options:
Number of threads: 4
Report intermediate results every 2 second(s)
Initializing random number generator from current time


Initializing worker threads...

Threads started!

[ 2s ] thds: 4 tps: 0.00 qps: 2450.37 (r/w/o: 0.00/617.72/1832.66) lat (ms,95%): 0.00 err/s: 1.00 reconn/s: 0.00
[ 4s ] thds: 4 tps: 0.00 qps: 2328.53 (r/w/o: 0.00/582.13/1746.40) lat (ms,95%): 0.00 err/s: 0.00 reconn/s: 0.00
[ 6s ] thds: 4 tps: 0.00 qps: 2530.00 (r/w/o: 0.00/632.50/1897.50) lat (ms,95%): 0.00 err/s: 0.00 reconn/s: 0.00
[ 8s ] thds: 4 tps: 0.00 qps: 2405.98 (r/w/o: 0.00/601.50/1804.49) lat (ms,95%): 0.00 err/s: 0.00 reconn/s: 0.00
[ 10s ] thds: 4 tps: 2.00 qps: 2352.41 (r/w/o: 0.00/621.48/1730.94) lat (ms,95%): 8333.38 err/s: 5.50 reconn/s: 0.00
[ 12s ] thds: 4 tps: 0.00 qps: 2346.11 (r/w/o: 0.00/586.53/1759.58) lat (ms,95%): 0.00 err/s: 0.00 reconn/s: 0.00
[ 14s ] thds: 4 tps: 0.00 qps: 2377.83 (r/w/o: 0.00/594.46/1783.38) lat (ms,95%): 0.00 err/s: 0.00 reconn/s: 0.00
[ 16s ] thds: 4 tps: 0.00 qps: 2704.16 (r/w/o: 0.00/676.04/2028.12) lat (ms,95%): 0.00 err/s: 0.00 reconn/s: 0.00
[ 18s ] thds: 4 tps: 2.00 qps: 2562.97 (r/w/o: 0.00/687.49/1875.48) lat (ms,95%): 8184.67 err/s: 5.00 reconn/s: 0.00
[ 20s ] thds: 4 tps: 0.00 qps: 2374.06 (r/w/o: 0.00/593.51/1780.54) lat (ms,95%): 0.00 err/s: 0.00 reconn/s: 0.00
[ 22s ] thds: 4 tps: 0.00 qps: 1987.97 (r/w/o: 0.00/496.99/1490.97) lat (ms,95%): 0.00 err/s: 0.00 reconn/s: 0.00
[ 24s ] thds: 4 tps: 0.00 qps: 2355.92 (r/w/o: 0.00/588.98/1766.94) lat (ms,95%): 0.00 err/s: 0.00 reconn/s: 0.00
SQL statistics:
    queries performed:
        read:                            0
        write:                           15231
        other:                           45011
        total:                           60242
    transactions:                        12     (0.48 per sec.)
    queries:                             60242  (2390.18 per sec.)
    ignored errors:                      23     (0.91 per sec.)
    reconnects:                          0      (0.00 per sec.)

General statistics:
    total time:                          25.2035s
    total number of events:              12

Latency (ms):
         min:                                 8224.68
         avg:                                 8400.81
         max:                                 8716.42
         95th percentile:                     8638.96
         sum:                               100809.76

Threads fairness:
    events (avg/stddev):           3.0000/0.00
    execution time (avg/stddev):   25.2024/0.00

