sysbench 1.0.20 (using system LuaJIT 2.1.0-beta3)

Running the test with following options:
Number of threads: 4
Report intermediate results every 2 second(s)
Initializing random number generator from current time


Initializing worker threads...

Threads started!

[ 2s ] thds: 4 tps: 468.35 qps: 468.35 (r/w/o: 468.35/0.00/0.00) lat (ms,95%): 11.65 err/s: 0.00 reconn/s: 0.00
[ 4s ] thds: 4 tps: 471.52 qps: 471.52 (r/w/o: 471.52/0.00/0.00) lat (ms,95%): 11.65 err/s: 0.00 reconn/s: 0.00
[ 6s ] thds: 4 tps: 471.00 qps: 471.00 (r/w/o: 471.00/0.00/0.00) lat (ms,95%): 11.45 err/s: 0.00 reconn/s: 0.00
[ 8s ] thds: 4 tps: 470.00 qps: 470.00 (r/w/o: 470.00/0.00/0.00) lat (ms,95%): 11.24 err/s: 0.00 reconn/s: 0.00
[ 10s ] thds: 4 tps: 471.00 qps: 471.00 (r/w/o: 471.00/0.00/0.00) lat (ms,95%): 11.45 err/s: 0.00 reconn/s: 0.00
[ 12s ] thds: 4 tps: 471.47 qps: 471.47 (r/w/o: 471.47/0.00/0.00) lat (ms,95%): 12.75 err/s: 0.00 reconn/s: 0.00
[ 14s ] thds: 4 tps: 471.53 qps: 471.53 (r/w/o: 471.53/0.00/0.00) lat (ms,95%): 11.65 err/s: 0.00 reconn/s: 0.00
[ 16s ] thds: 4 tps: 471.50 qps: 471.50 (r/w/o: 471.50/0.00/0.00) lat (ms,95%): 11.65 err/s: 0.00 reconn/s: 0.00
[ 18s ] thds: 4 tps: 461.00 qps: 461.00 (r/w/o: 461.00/0.00/0.00) lat (ms,95%): 11.87 err/s: 0.00 reconn/s: 0.00
SQL statistics:
    queries performed:
        read:                            8459
        write:                           0
        other:                           0
        total:                           8459
    transactions:                        8459   (469.83 per sec.)
    queries:                             8459   (469.83 per sec.)
    ignored errors:                      0      (0.00 per sec.)
    reconnects:                          0      (0.00 per sec.)

General statistics:
    total time:                          18.0040s
    total number of events:              8459

Latency (ms):
         min:                                    3.38
         avg:                                    8.51
         max:                                   30.02
         95th percentile:                       11.65
         sum:                                71996.78

Threads fairness:
    events (avg/stddev):           2114.7500/42.84
    execution time (avg/stddev):   17.9992/0.00

