sysbench 1.0.20 (using system LuaJIT 2.1.0-beta3)

Running the test with following options:
Number of threads: 1
Report intermediate results every 1 second(s)
Initializing random number generator from current time


Initializing worker threads...

Threads started!

[ 1s ] thds: 1 tps: 5954.85 qps: 5954.85 (r/w/o: 5954.85/0.00/0.00) lat (ms,95%): 0.19 err/s: 0.00 reconn/s: 0.00
[ 2s ] thds: 1 tps: 5925.37 qps: 5925.37 (r/w/o: 5925.37/0.00/0.00) lat (ms,95%): 0.19 err/s: 0.00 reconn/s: 0.00
[ 3s ] thds: 1 tps: 5901.08 qps: 5901.08 (r/w/o: 5901.08/0.00/0.00) lat (ms,95%): 0.19 err/s: 0.00 reconn/s: 0.00
[ 4s ] thds: 1 tps: 5734.05 qps: 5734.05 (r/w/o: 5734.05/0.00/0.00) lat (ms,95%): 0.20 err/s: 0.00 reconn/s: 0.00
[ 5s ] thds: 1 tps: 5907.55 qps: 5907.55 (r/w/o: 5907.55/0.00/0.00) lat (ms,95%): 0.19 err/s: 0.00 reconn/s: 0.00
[ 6s ] thds: 1 tps: 5926.37 qps: 5926.37 (r/w/o: 5926.37/0.00/0.00) lat (ms,95%): 0.19 err/s: 0.00 reconn/s: 0.00
[ 7s ] thds: 1 tps: 5958.09 qps: 5958.09 (r/w/o: 5958.09/0.00/0.00) lat (ms,95%): 0.19 err/s: 0.00 reconn/s: 0.00
SQL statistics:
    queries performed:
        read:                            47327
        write:                           0
        other:                           0
        total:                           47327
    transactions:                        47327  (5915.11 per sec.)
    queries:                             47327  (5915.11 per sec.)
    ignored errors:                      0      (0.00 per sec.)
    reconnects:                          0      (0.00 per sec.)

General statistics:
    total time:                          8.0007s
    total number of events:              47327

Latency (ms):
         min:                                    0.14
         avg:                                    0.17
         max:                                    7.65
         95th percentile:                        0.19
         sum:                                 7957.56

Threads fairness:
    events (avg/stddev):           47327.0000/0.00
    execution time (avg/stddev):   7.9576/0.00

