sysbench 1.0.20 (using system LuaJIT 2.1.0-beta3)

Running the test with following options:
Number of threads: 4
Report intermediate results every 2 second(s)
Initializing random number generator from current time


Initializing worker threads...

Threads started!

[ 2s ] thds: 4 tps: 0.00 qps: 2576.89 (r/w/o: 0.00/645.72/1931.17) lat (ms,95%): 0.00 err/s: 0.00 reconn/s: 0.00
[ 4s ] thds: 4 tps: 0.00 qps: 2840.48 (r/w/o: 0.00/710.12/2130.36) lat (ms,95%): 0.00 err/s: 0.00 reconn/s: 0.00
[ 6s ] thds: 4 tps: 0.00 qps: 2904.15 (r/w/o: 0.00/726.04/2178.11) lat (ms,95%): 0.00 err/s: 0.00 reconn/s: 0.00
[ 8s ] thds: 4 tps: 2.00 qps: 2607.46 (r/w/o: 0.00/676.49/1930.97) lat (ms,95%): 7215.39 err/s: 5.50 reconn/s: 0.00
[ 10s ] thds: 4 tps: 0.00 qps: 2630.00 (r/w/o: 0.00/657.50/1972.50) lat (ms,95%): 0.00 err/s: 0.00 reconn/s: 0.00
[ 12s ] thds: 4 tps: 0.00 qps: 2619.85 (r/w/o: 0.00/654.96/1964.89) lat (ms,95%): 0.00 err/s: 0.00 reconn/s: 0.00
[ 14s ] thds: 4 tps: 0.00 qps: 3619.98 (r/w/o: 0.00/904.99/2714.98) lat (ms,95%): 0.00 err/s: 0.00 reconn/s: 0.00
[ 16s ] thds: 4 tps: 2.00 qps: 3267.15 (r/w/o: 0.00/819.04/2448.11) lat (ms,95%): 6960.17 err/s: 1.00 reconn/s: 0.00
[ 18s ] thds: 4 tps: 0.00 qps: 2750.06 (r/w/o: 0.00/687.52/2062.55) lat (ms,95%): 0.00 err/s: 0.00 reconn/s: 0.00
[ 20s ] thds: 4 tps: 0.00 qps: 2499.99 (r/w/o: 0.00/625.00/1874.99) lat (ms,95%): 0.00 err/s: 0.00 reconn/s: 0.00
SQL statistics:
    queries performed:
        read:                            0
        write:                           15095
        other:                           45058
        total:                           60153
    transactions:                        12     (0.56 per sec.)
    queries:                             60153  (2803.10 per sec.)
    ignored errors:                      13     (0.61 per sec.)
    reconnects:                          0      (0.00 per sec.)

General statistics:
    total time:                          21.4591s
    total number of events:              12

Latency (ms):
         min:                                 6933.65
         avg:                                 7152.67
         max:                                 7310.75
         95th percentile:                     7346.49
         sum:                                85832.06

Threads fairness:
    events (avg/stddev):           3.0000/0.00
    execution time (avg/stddev):   21.4580/0.00

