sysbench 1.0.20 (using system LuaJIT 2.1.0-beta3)

Running the test with following options:
Number of threads: 4
Report intermediate results every 2 second(s)
Initializing random number generator from current time


Initializing worker threads...

Threads started!

[ 2s ] thds: 4 tps: 562.71 qps: 1691.14 (r/w/o: 1691.14/0.00/0.00) lat (ms,95%): 8.43 err/s: 0.00 reconn/s: 0.00
[ 4s ] thds: 4 tps: 549.13 qps: 1647.88 (r/w/o: 1647.88/0.00/0.00) lat (ms,95%): 9.73 err/s: 0.00 reconn/s: 0.00
[ 6s ] thds: 4 tps: 570.99 qps: 1712.48 (r/w/o: 1712.48/0.00/0.00) lat (ms,95%): 8.28 err/s: 0.00 reconn/s: 0.00
[ 8s ] thds: 4 tps: 573.00 qps: 1718.99 (r/w/o: 1718.99/0.00/0.00) lat (ms,95%): 8.28 err/s: 0.00 reconn/s: 0.00
[ 10s ] thds: 4 tps: 570.00 qps: 1710.50 (r/w/o: 1710.50/0.00/0.00) lat (ms,95%): 8.43 err/s: 0.00 reconn/s: 0.00
[ 12s ] thds: 4 tps: 569.00 qps: 1706.50 (r/w/o: 1706.50/0.00/0.00) lat (ms,95%): 8.58 err/s: 0.00 reconn/s: 0.00
[ 14s ] thds: 4 tps: 564.50 qps: 1693.00 (r/w/o: 1693.00/0.00/0.00) lat (ms,95%): 8.74 err/s: 0.00 reconn/s: 0.00
[ 16s ] thds: 4 tps: 572.01 qps: 1716.03 (r/w/o: 1716.03/0.00/0.00) lat (ms,95%): 8.28 err/s: 0.00 reconn/s: 0.00
[ 18s ] thds: 4 tps: 561.49 qps: 1683.98 (r/w/o: 1683.98/0.00/0.00) lat (ms,95%): 8.74 err/s: 0.00 reconn/s: 0.00
SQL statistics:
    queries performed:
        read:                            30570
        write:                           0
        other:                           0
        total:                           30570
    transactions:                        10190  (565.89 per sec.)
    queries:                             30570  (1697.66 per sec.)
    ignored errors:                      0      (0.00 per sec.)
    reconnects:                          0      (0.00 per sec.)

General statistics:
    total time:                          18.0068s
    total number of events:              10190

Latency (ms):
         min:                                    3.44
         avg:                                    7.07
         max:                                   25.44
         95th percentile:                        8.58
         sum:                                71995.45

Threads fairness:
    events (avg/stddev):           2547.5000/9.01
    execution time (avg/stddev):   17.9989/0.00

