sysbench 1.0.20 (using system LuaJIT 2.1.0-beta3)

Running the test with following options:
Number of threads: 4
Report intermediate results every 2 second(s)
Initializing random number generator from current time


Initializing worker threads...

Threads started!

[ 2s ] thds: 4 tps: 567.26 qps: 1704.27 (r/w/o: 1704.27/0.00/0.00) lat (ms,95%): 8.58 err/s: 0.00 reconn/s: 0.00
[ 4s ] thds: 4 tps: 573.58 qps: 1720.74 (r/w/o: 1720.74/0.00/0.00) lat (ms,95%): 8.28 err/s: 0.00 reconn/s: 0.00
[ 6s ] thds: 4 tps: 575.00 qps: 1724.99 (r/w/o: 1724.99/0.00/0.00) lat (ms,95%): 8.43 err/s: 0.00 reconn/s: 0.00
[ 8s ] thds: 4 tps: 575.02 qps: 1725.06 (r/w/o: 1725.06/0.00/0.00) lat (ms,95%): 8.28 err/s: 0.00 reconn/s: 0.00
[ 10s ] thds: 4 tps: 573.49 qps: 1721.48 (r/w/o: 1721.48/0.00/0.00) lat (ms,95%): 8.28 err/s: 0.00 reconn/s: 0.00
[ 12s ] thds: 4 tps: 573.01 qps: 1718.52 (r/w/o: 1718.52/0.00/0.00) lat (ms,95%): 8.13 err/s: 0.00 reconn/s: 0.00
[ 14s ] thds: 4 tps: 569.47 qps: 1707.92 (r/w/o: 1707.92/0.00/0.00) lat (ms,95%): 8.74 err/s: 0.00 reconn/s: 0.00
[ 16s ] thds: 4 tps: 559.97 qps: 1679.42 (r/w/o: 1679.42/0.00/0.00) lat (ms,95%): 8.90 err/s: 0.00 reconn/s: 0.00
[ 18s ] thds: 4 tps: 570.05 qps: 1709.65 (r/w/o: 1709.65/0.00/0.00) lat (ms,95%): 8.58 err/s: 0.00 reconn/s: 0.00
SQL statistics:
    queries performed:
        read:                            30834
        write:                           0
        other:                           0
        total:                           30834
    transactions:                        10278  (570.79 per sec.)
    queries:                             30834  (1712.37 per sec.)
    ignored errors:                      0      (0.00 per sec.)
    reconnects:                          0      (0.00 per sec.)

General statistics:
    total time:                          18.0063s
    total number of events:              10278

Latency (ms):
         min:                                    3.51
         avg:                                    7.01
         max:                                   24.58
         95th percentile:                        8.43
         sum:                                72005.71

Threads fairness:
    events (avg/stddev):           2569.5000/22.83
    execution time (avg/stddev):   18.0014/0.00

