sysbench 1.0.20 (using system LuaJIT 2.1.0-beta3)

Running the test with following options:
Number of threads: 4
Report intermediate results every 2 second(s)
Initializing random number generator from current time


Initializing worker threads...

Threads started!

[ 2s ] thds: 4 tps: 0.00 qps: 2546.79 (r/w/o: 0.00/634.70/1912.09) lat (ms,95%): 0.00 err/s: 0.00 reconn/s: 0.00
[ 4s ] thds: 4 tps: 0.00 qps: 2548.61 (r/w/o: 0.00/637.15/1911.46) lat (ms,95%): 0.00 err/s: 0.00 reconn/s: 0.00
[ 6s ] thds: 4 tps: 0.00 qps: 2557.98 (r/w/o: 0.00/639.50/1918.49) lat (ms,95%): 0.00 err/s: 0.00 reconn/s: 0.00
[ 8s ] thds: 4 tps: 0.00 qps: 2553.98 (r/w/o: 0.00/638.49/1915.48) lat (ms,95%): 0.00 err/s: 0.00 reconn/s: 0.00
[ 10s ] thds: 4 tps: 0.00 qps: 2565.89 (r/w/o: 0.00/641.47/1924.42) lat (ms,95%): 0.00 err/s: 0.00 reconn/s: 0.00
[ 12s ] thds: 4 tps: 0.00 qps: 2570.13 (r/w/o: 0.00/642.53/1927.60) lat (ms,95%): 0.00 err/s: 0.00 reconn/s: 0.00
[ 14s ] thds: 4 tps: 0.00 qps: 2579.88 (r/w/o: 0.00/644.97/1934.91) lat (ms,95%): 0.00 err/s: 0.00 reconn/s: 0.00
[ 16s ] thds: 4 tps: 0.00 qps: 2562.13 (r/w/o: 0.00/640.53/1921.59) lat (ms,95%): 0.00 err/s: 0.00 reconn/s: 0.00
[ 18s ] thds: 4 tps: 0.00 qps: 2672.00 (r/w/o: 0.00/668.00/2004.00) lat (ms,95%): 0.00 err/s: 0.00 reconn/s: 0.00
[ 20s ] thds: 4 tps: 0.00 qps: 2464.00 (r/w/o: 0.00/616.00/1848.00) lat (ms,95%): 0.00 err/s: 0.00 reconn/s: 0.00
[ 22s ] thds: 4 tps: 0.00 qps: 2552.01 (r/w/o: 0.00/638.00/1914.01) lat (ms,95%): 0.00 err/s: 0.00 reconn/s: 0.00
[ 24s ] thds: 4 tps: 0.00 qps: 2565.99 (r/w/o: 0.00/641.50/1924.50) lat (ms,95%): 0.00 err/s: 0.00 reconn/s: 0.00
[ 26s ] thds: 4 tps: 0.00 qps: 2767.96 (r/w/o: 0.00/691.99/2075.97) lat (ms,95%): 0.00 err/s: 0.00 reconn/s: 0.00
[ 28s ] thds: 4 tps: 0.00 qps: 2650.01 (r/w/o: 0.00/662.50/1987.51) lat (ms,95%): 0.00 err/s: 0.00 reconn/s: 0.00
[ 30s ] thds: 4 tps: 0.00 qps: 2594.03 (r/w/o: 0.00/648.51/1945.52) lat (ms,95%): 0.00 err/s: 0.00 reconn/s: 0.00
[ 32s ] thds: 4 tps: 0.00 qps: 2473.89 (r/w/o: 0.00/618.47/1855.42) lat (ms,95%): 0.00 err/s: 0.00 reconn/s: 0.00
[ 34s ] thds: 4 tps: 0.00 qps: 2506.09 (r/w/o: 0.00/626.52/1879.57) lat (ms,95%): 0.00 err/s: 0.00 reconn/s: 0.00
SQL statistics:
    queries performed:
        read:                            0
        write:                           22000
        other:                           66016
        total:                           88016
    transactions:                        4      (0.12 per sec.)
    queries:                             88016  (2570.78 per sec.)
    ignored errors:                      0      (0.00 per sec.)
    reconnects:                          0      (0.00 per sec.)

General statistics:
    total time:                          34.2367s
    total number of events:              4

Latency (ms):
         min:                                34235.67
         avg:                                34235.69
         max:                                34235.72
         95th percentile:                    33946.25
         sum:                               136942.74

Threads fairness:
    events (avg/stddev):           1.0000/0.00
    execution time (avg/stddev):   34.2357/0.00

