sysbench 1.0.20 (using system LuaJIT 2.1.0-beta3)

Running the test with following options:
Number of threads: 1
Report intermediate results every 1 second(s)
Initializing random number generator from current time


Initializing worker threads...

Threads started!

[ 1s ] thds: 1 tps: 4.00 qps: 1041.95 (r/w/o: 0.00/1030.96/10.99) lat (ms,95%): 262.64 err/s: 0.00 reconn/s: 0.00
[ 2s ] thds: 1 tps: 3.00 qps: 966.52 (r/w/o: 0.00/960.52/6.00) lat (ms,95%): 253.35 err/s: 0.00 reconn/s: 0.00
[ 3s ] thds: 1 tps: 4.00 qps: 1005.92 (r/w/o: 0.00/997.92/8.00) lat (ms,95%): 325.98 err/s: 0.00 reconn/s: 0.00
[ 4s ] thds: 1 tps: 4.00 qps: 973.05 (r/w/o: 0.00/965.05/8.00) lat (ms,95%): 297.92 err/s: 0.00 reconn/s: 0.00
[ 5s ] thds: 1 tps: 4.00 qps: 1019.98 (r/w/o: 0.00/1011.98/8.00) lat (ms,95%): 267.41 err/s: 0.00 reconn/s: 0.00
[ 6s ] thds: 1 tps: 4.00 qps: 961.05 (r/w/o: 0.00/953.05/8.00) lat (ms,95%): 303.33 err/s: 0.00 reconn/s: 0.00
[ 7s ] thds: 1 tps: 4.00 qps: 971.01 (r/w/o: 0.00/964.01/7.00) lat (ms,95%): 277.21 err/s: 0.00 reconn/s: 0.00
[ 8s ] thds: 1 tps: 4.00 qps: 1036.95 (r/w/o: 0.00/1027.95/9.00) lat (ms,95%): 257.95 err/s: 0.00 reconn/s: 0.00
SQL statistics:
    queries performed:
        read:                            0
        write:                           8159
        other:                           65
        total:                           8224
    transactions:                        32     (3.89 per sec.)
    queries:                             8224   (1000.44 per sec.)
    ignored errors:                      0      (0.00 per sec.)
    reconnects:                          0      (0.00 per sec.)

General statistics:
    total time:                          8.2200s
    total number of events:              32

Latency (ms):
         min:                                  230.59
         avg:                                  256.85
         max:                                  324.22
         95th percentile:                      297.92
         sum:                                 8219.28

Threads fairness:
    events (avg/stddev):           32.0000/0.00
    execution time (avg/stddev):   8.2193/0.00

