sysbench 1.0.20 (using system LuaJIT 2.1.0-beta3)

Running the test with following options:
Number of threads: 1
Report intermediate results every 1 second(s)
Initializing random number generator from current time


Initializing worker threads...

Threads started!

[ 1s ] thds: 1 tps: 1.00 qps: 1141.01 (r/w/o: 0.00/1136.01/5.00) lat (ms,95%): 877.61 err/s: 0.00 reconn/s: 0.00
[ 2s ] thds: 1 tps: 1.00 qps: 1146.43 (r/w/o: 0.00/1144.42/2.00) lat (ms,95%): 877.61 err/s: 0.00 reconn/s: 0.00
[ 3s ] thds: 1 tps: 1.00 qps: 1174.01 (r/w/o: 0.00/1172.01/2.00) lat (ms,95%): 893.56 err/s: 0.00 reconn/s: 0.00
[ 4s ] thds: 1 tps: 1.00 qps: 1129.99 (r/w/o: 0.00/1127.99/2.00) lat (ms,95%): 831.46 err/s: 0.00 reconn/s: 0.00
[ 5s ] thds: 1 tps: 1.00 qps: 1184.98 (r/w/o: 0.00/1182.98/2.00) lat (ms,95%): 877.61 err/s: 0.00 reconn/s: 0.00
[ 6s ] thds: 1 tps: 1.00 qps: 1232.06 (r/w/o: 0.00/1230.06/2.00) lat (ms,95%): 831.46 err/s: 0.00 reconn/s: 0.00
[ 7s ] thds: 1 tps: 2.00 qps: 1199.93 (r/w/o: 0.00/1195.93/4.00) lat (ms,95%): 831.46 err/s: 0.00 reconn/s: 0.00
[ 8s ] thds: 1 tps: 1.00 qps: 1216.07 (r/w/o: 0.00/1214.07/2.00) lat (ms,95%): 831.46 err/s: 0.00 reconn/s: 0.00
SQL statistics:
    queries performed:
        read:                            0
        write:                           10009
        other:                           21
        total:                           10030
    transactions:                        10     (1.18 per sec.)
    queries:                             10030  (1180.59 per sec.)
    ignored errors:                      0      (0.00 per sec.)
    reconnects:                          0      (0.00 per sec.)

General statistics:
    total time:                          8.4954s
    total number of events:              10

Latency (ms):
         min:                                  814.80
         avg:                                  849.49
         max:                                  894.48
         95th percentile:                      893.56
         sum:                                 8494.85

Threads fairness:
    events (avg/stddev):           10.0000/0.00
    execution time (avg/stddev):   8.4949/0.00

