sysbench 1.0.20 (using system LuaJIT 2.1.0-beta3)

Running the test with following options:
Number of threads: 4
Report intermediate results every 2 second(s)
Initializing random number generator from current time


Initializing worker threads...

Threads started!

[ 2s ] thds: 4 tps: 288.88 qps: 869.64 (r/w/o: 869.64/0.00/0.00) lat (ms,95%): 15.27 err/s: 0.00 reconn/s: 0.00
[ 4s ] thds: 4 tps: 290.55 qps: 869.64 (r/w/o: 869.64/0.00/0.00) lat (ms,95%): 15.83 err/s: 0.00 reconn/s: 0.00
[ 6s ] thds: 4 tps: 293.49 qps: 881.97 (r/w/o: 881.97/0.00/0.00) lat (ms,95%): 15.00 err/s: 0.00 reconn/s: 0.00
[ 8s ] thds: 4 tps: 292.01 qps: 874.03 (r/w/o: 874.03/0.00/0.00) lat (ms,95%): 15.55 err/s: 0.00 reconn/s: 0.00
[ 10s ] thds: 4 tps: 289.50 qps: 870.51 (r/w/o: 870.51/0.00/0.00) lat (ms,95%): 15.55 err/s: 0.00 reconn/s: 0.00
[ 12s ] thds: 4 tps: 289.99 qps: 870.47 (r/w/o: 870.47/0.00/0.00) lat (ms,95%): 15.55 err/s: 0.00 reconn/s: 0.00
[ 14s ] thds: 4 tps: 294.51 qps: 881.02 (r/w/o: 881.02/0.00/0.00) lat (ms,95%): 15.00 err/s: 0.00 reconn/s: 0.00
[ 16s ] thds: 4 tps: 290.50 qps: 873.00 (r/w/o: 873.00/0.00/0.00) lat (ms,95%): 15.00 err/s: 0.00 reconn/s: 0.00
[ 18s ] thds: 4 tps: 294.00 qps: 882.00 (r/w/o: 882.00/0.00/0.00) lat (ms,95%): 15.00 err/s: 0.00 reconn/s: 0.00
SQL statistics:
    queries performed:
        read:                            15753
        write:                           0
        other:                           0
        total:                           15753
    transactions:                        5251   (291.59 per sec.)
    queries:                             15753  (874.76 per sec.)
    ignored errors:                      0      (0.00 per sec.)
    reconnects:                          0      (0.00 per sec.)

General statistics:
    total time:                          18.0080s
    total number of events:              5251

Latency (ms):
         min:                                    7.46
         avg:                                   13.71
         max:                                   37.42
         95th percentile:                       15.27
         sum:                                72010.72

Threads fairness:
    events (avg/stddev):           1312.7500/4.15
    execution time (avg/stddev):   18.0027/0.00

