sysbench 1.0.20 (using system LuaJIT 2.1.0-beta3)

Running the test with following options:
Number of threads: 4
Report intermediate results every 2 second(s)
Initializing random number generator from current time


Initializing worker threads...

Threads started!

[ 2s ] thds: 4 tps: 0.00 qps: 3316.53 (r/w/o: 0.00/827.63/2488.90) lat (ms,95%): 0.00 err/s: 0.00 reconn/s: 0.00
[ 4s ] thds: 4 tps: 0.00 qps: 3448.71 (r/w/o: 0.00/862.18/2586.53) lat (ms,95%): 0.00 err/s: 0.00 reconn/s: 0.00
[ 6s ] thds: 4 tps: 2.00 qps: 3284.81 (r/w/o: 0.00/827.45/2457.36) lat (ms,95%): 5918.87 err/s: 3.50 reconn/s: 0.00
[ 8s ] thds: 4 tps: 0.00 qps: 3348.57 (r/w/o: 0.00/855.52/2493.05) lat (ms,95%): 0.00 err/s: 1.50 reconn/s: 0.00
[ 10s ] thds: 4 tps: 0.00 qps: 3240.08 (r/w/o: 0.00/810.02/2430.06) lat (ms,95%): 0.00 err/s: 0.00 reconn/s: 0.00
[ 12s ] thds: 4 tps: 0.00 qps: 3195.99 (r/w/o: 0.00/799.00/2396.99) lat (ms,95%): 0.00 err/s: 0.00 reconn/s: 0.00
[ 14s ] thds: 4 tps: 2.00 qps: 3212.57 (r/w/o: 0.00/838.52/2374.06) lat (ms,95%): 6247.39 err/s: 6.50 reconn/s: 0.00
[ 16s ] thds: 4 tps: 0.00 qps: 3309.94 (r/w/o: 0.00/827.49/2482.46) lat (ms,95%): 0.00 err/s: 0.00 reconn/s: 0.00
[ 18s ] thds: 4 tps: 0.00 qps: 3134.89 (r/w/o: 0.00/783.47/2351.41) lat (ms,95%): 0.00 err/s: 0.00 reconn/s: 0.00
SQL statistics:
    queries performed:
        read:                            0
        write:                           15190
        other:                           45102
        total:                           60292
    transactions:                        12     (0.65 per sec.)
    queries:                             60292  (3275.63 per sec.)
    ignored errors:                      23     (1.25 per sec.)
    reconnects:                          0      (0.00 per sec.)

General statistics:
    total time:                          18.4059s
    total number of events:              12

Latency (ms):
         min:                                 5930.44
         avg:                                 6134.94
         max:                                 6258.28
         95th percentile:                     6247.39
         sum:                                73619.33

Threads fairness:
    events (avg/stddev):           3.0000/0.00
    execution time (avg/stddev):   18.4048/0.00

