sysbench 1.0.20 (using system LuaJIT 2.1.0-beta3)

Running the test with following options:
Number of threads: 4
Report intermediate results every 2 second(s)
Initializing random number generator from current time


Initializing worker threads...

Threads started!

[ 2s ] thds: 4 tps: 6541.57 qps: 6541.57 (r/w/o: 6541.57/0.00/0.00) lat (ms,95%): 0.84 err/s: 0.00 reconn/s: 0.00
[ 4s ] thds: 4 tps: 6644.53 qps: 6644.53 (r/w/o: 6644.53/0.00/0.00) lat (ms,95%): 0.81 err/s: 0.00 reconn/s: 0.00
[ 6s ] thds: 4 tps: 6643.54 qps: 6643.54 (r/w/o: 6643.54/0.00/0.00) lat (ms,95%): 0.83 err/s: 0.00 reconn/s: 0.00
[ 8s ] thds: 4 tps: 6584.45 qps: 6584.45 (r/w/o: 6584.45/0.00/0.00) lat (ms,95%): 0.83 err/s: 0.00 reconn/s: 0.00
[ 10s ] thds: 4 tps: 6635.09 qps: 6635.09 (r/w/o: 6635.09/0.00/0.00) lat (ms,95%): 0.81 err/s: 0.00 reconn/s: 0.00
[ 12s ] thds: 4 tps: 6633.96 qps: 6633.96 (r/w/o: 6633.96/0.00/0.00) lat (ms,95%): 0.81 err/s: 0.00 reconn/s: 0.00
[ 14s ] thds: 4 tps: 6662.99 qps: 6662.99 (r/w/o: 6662.99/0.00/0.00) lat (ms,95%): 0.83 err/s: 0.00 reconn/s: 0.00
[ 16s ] thds: 4 tps: 6661.54 qps: 6661.54 (r/w/o: 6661.54/0.00/0.00) lat (ms,95%): 0.81 err/s: 0.00 reconn/s: 0.00
[ 18s ] thds: 4 tps: 6666.14 qps: 6666.14 (r/w/o: 6666.14/0.00/0.00) lat (ms,95%): 0.81 err/s: 0.00 reconn/s: 0.00
SQL statistics:
    queries performed:
        read:                            119354
        write:                           0
        other:                           0
        total:                           119354
    transactions:                        119354 (6630.26 per sec.)
    queries:                             119354 (6630.26 per sec.)
    ignored errors:                      0      (0.00 per sec.)
    reconnects:                          0      (0.00 per sec.)

General statistics:
    total time:                          18.0011s
    total number of events:              119354

Latency (ms):
         min:                                    0.32
         avg:                                    0.60
         max:                                   19.69
         95th percentile:                        0.83
         sum:                                71853.19

Threads fairness:
    events (avg/stddev):           29838.5000/91.66
    execution time (avg/stddev):   17.9633/0.00

