sysbench 1.0.20 (using system LuaJIT 2.1.0-beta3)

Running the test with following options:
Number of threads: 4
Report intermediate results every 2 second(s)
Initializing random number generator from current time


Initializing worker threads...

Threads started!

[ 2s ] thds: 4 tps: 465.35 qps: 465.35 (r/w/o: 465.35/0.00/0.00) lat (ms,95%): 11.45 err/s: 0.00 reconn/s: 0.00
[ 4s ] thds: 4 tps: 469.02 qps: 469.02 (r/w/o: 469.02/0.00/0.00) lat (ms,95%): 11.04 err/s: 0.00 reconn/s: 0.00
[ 6s ] thds: 4 tps: 469.00 qps: 469.00 (r/w/o: 469.00/0.00/0.00) lat (ms,95%): 11.24 err/s: 0.00 reconn/s: 0.00
[ 8s ] thds: 4 tps: 468.50 qps: 468.50 (r/w/o: 468.50/0.00/0.00) lat (ms,95%): 11.04 err/s: 0.00 reconn/s: 0.00
[ 10s ] thds: 4 tps: 469.42 qps: 469.42 (r/w/o: 469.42/0.00/0.00) lat (ms,95%): 12.52 err/s: 0.00 reconn/s: 0.00
[ 12s ] thds: 4 tps: 468.08 qps: 468.08 (r/w/o: 468.08/0.00/0.00) lat (ms,95%): 11.45 err/s: 0.00 reconn/s: 0.00
[ 14s ] thds: 4 tps: 467.91 qps: 467.91 (r/w/o: 467.91/0.00/0.00) lat (ms,95%): 12.08 err/s: 0.00 reconn/s: 0.00
[ 16s ] thds: 4 tps: 468.59 qps: 468.59 (r/w/o: 468.59/0.00/0.00) lat (ms,95%): 11.45 err/s: 0.00 reconn/s: 0.00
[ 18s ] thds: 4 tps: 469.50 qps: 469.50 (r/w/o: 469.50/0.00/0.00) lat (ms,95%): 12.08 err/s: 0.00 reconn/s: 0.00
SQL statistics:
    queries performed:
        read:                            8435
        write:                           0
        other:                           0
        total:                           8435
    transactions:                        8435   (468.43 per sec.)
    queries:                             8435   (468.43 per sec.)
    ignored errors:                      0      (0.00 per sec.)
    reconnects:                          0      (0.00 per sec.)

General statistics:
    total time:                          18.0064s
    total number of events:              8435

Latency (ms):
         min:                                    3.36
         avg:                                    8.54
         max:                                   27.84
         95th percentile:                       11.65
         sum:                                71999.35

Threads fairness:
    events (avg/stddev):           2108.7500/25.66
    execution time (avg/stddev):   17.9998/0.00

