sysbench 1.0.20 (using system LuaJIT 2.1.0-beta3)

Running the test with following options:
Number of threads: 4
Report intermediate results every 2 second(s)
Initializing random number generator from current time


Initializing worker threads...

Threads started!

[ 2s ] thds: 4 tps: 0.00 qps: 2956.64 (r/w/o: 0.00/738.66/2217.98) lat (ms,95%): 0.00 err/s: 0.00 reconn/s: 0.00
[ 4s ] thds: 4 tps: 0.00 qps: 3096.49 (r/w/o: 0.00/774.12/2322.37) lat (ms,95%): 0.00 err/s: 0.00 reconn/s: 0.00
[ 6s ] thds: 4 tps: 0.00 qps: 3442.05 (r/w/o: 0.00/860.51/2581.54) lat (ms,95%): 0.00 err/s: 0.00 reconn/s: 0.00
[ 8s ] thds: 4 tps: 2.00 qps: 3092.99 (r/w/o: 0.00/845.00/2247.99) lat (ms,95%): 6360.91 err/s: 8.00 reconn/s: 0.00
[ 10s ] thds: 4 tps: 0.00 qps: 3384.09 (r/w/o: 0.00/846.02/2538.07) lat (ms,95%): 0.00 err/s: 0.00 reconn/s: 0.00
[ 12s ] thds: 4 tps: 0.00 qps: 3432.02 (r/w/o: 0.00/858.01/2574.02) lat (ms,95%): 0.00 err/s: 0.00 reconn/s: 0.00
[ 14s ] thds: 4 tps: 2.00 qps: 3017.04 (r/w/o: 0.00/757.51/2259.53) lat (ms,95%): 6135.91 err/s: 2.00 reconn/s: 0.00
[ 16s ] thds: 4 tps: 0.00 qps: 3275.84 (r/w/o: 0.00/818.96/2456.88) lat (ms,95%): 0.00 err/s: 0.00 reconn/s: 0.00
[ 18s ] thds: 4 tps: 0.00 qps: 3668.12 (r/w/o: 0.00/917.03/2751.09) lat (ms,95%): 0.00 err/s: 0.00 reconn/s: 0.00
SQL statistics:
    queries performed:
        read:                            0
        write:                           15221
        other:                           45067
        total:                           60288
    transactions:                        12     (0.65 per sec.)
    queries:                             60288  (3280.31 per sec.)
    ignored errors:                      20     (1.09 per sec.)
    reconnects:                          0      (0.00 per sec.)

General statistics:
    total time:                          18.3784s
    total number of events:              12

Latency (ms):
         min:                                 5892.93
         avg:                                 6125.82
         max:                                 6314.99
         95th percentile:                     6360.91
         sum:                                73509.83

Threads fairness:
    events (avg/stddev):           3.0000/0.00
    execution time (avg/stddev):   18.3775/0.00

