sysbench 1.0.20 (using system LuaJIT 2.1.0-beta3)

Running the test with following options:
Number of threads: 4
Report intermediate results every 2 second(s)
Initializing random number generator from current time


Initializing worker threads...

Threads started!

[ 2s ] thds: 4 tps: 8582.61 qps: 8582.61 (r/w/o: 8582.61/0.00/0.00) lat (ms,95%): 0.64 err/s: 0.00 reconn/s: 0.00
[ 4s ] thds: 4 tps: 8708.38 qps: 8708.38 (r/w/o: 8708.38/0.00/0.00) lat (ms,95%): 0.63 err/s: 0.00 reconn/s: 0.00
[ 6s ] thds: 4 tps: 8678.98 qps: 8678.98 (r/w/o: 8678.98/0.00/0.00) lat (ms,95%): 0.63 err/s: 0.00 reconn/s: 0.00
[ 8s ] thds: 4 tps: 8695.53 qps: 8695.53 (r/w/o: 8695.53/0.00/0.00) lat (ms,95%): 0.63 err/s: 0.00 reconn/s: 0.00
[ 10s ] thds: 4 tps: 8713.48 qps: 8713.48 (r/w/o: 8713.48/0.00/0.00) lat (ms,95%): 0.63 err/s: 0.00 reconn/s: 0.00
[ 12s ] thds: 4 tps: 8629.01 qps: 8629.01 (r/w/o: 8629.01/0.00/0.00) lat (ms,95%): 0.64 err/s: 0.00 reconn/s: 0.00
[ 14s ] thds: 4 tps: 8718.96 qps: 8718.96 (r/w/o: 8718.96/0.00/0.00) lat (ms,95%): 0.63 err/s: 0.00 reconn/s: 0.00
[ 16s ] thds: 4 tps: 8623.55 qps: 8623.55 (r/w/o: 8623.55/0.00/0.00) lat (ms,95%): 0.64 err/s: 0.00 reconn/s: 0.00
[ 18s ] thds: 4 tps: 8650.50 qps: 8650.50 (r/w/o: 8650.50/0.00/0.00) lat (ms,95%): 0.64 err/s: 0.00 reconn/s: 0.00
SQL statistics:
    queries performed:
        read:                            156008
        write:                           0
        other:                           0
        total:                           156008
    transactions:                        156008 (8666.39 per sec.)
    queries:                             156008 (8666.39 per sec.)
    ignored errors:                      0      (0.00 per sec.)
    reconnects:                          0      (0.00 per sec.)

General statistics:
    total time:                          18.0011s
    total number of events:              156008

Latency (ms):
         min:                                    0.26
         avg:                                    0.46
         max:                                   16.48
         95th percentile:                        0.63
         sum:                                71812.11

Threads fairness:
    events (avg/stddev):           39002.0000/71.68
    execution time (avg/stddev):   17.9530/0.00

