sysbench 1.0.20 (using system LuaJIT 2.1.0-beta3)

Running the test with following options:
Number of threads: 4
Report intermediate results every 2 second(s)
Initializing random number generator from current time


Initializing worker threads...

Threads started!

[ 2s ] thds: 4 tps: 2428.40 qps: 2428.40 (r/w/o: 2428.40/0.00/0.00) lat (ms,95%): 2.26 err/s: 0.00 reconn/s: 0.00
[ 4s ] thds: 4 tps: 2447.91 qps: 2447.91 (r/w/o: 2447.91/0.00/0.00) lat (ms,95%): 2.18 err/s: 0.00 reconn/s: 0.00
[ 6s ] thds: 4 tps: 2450.49 qps: 2450.49 (r/w/o: 2450.49/0.00/0.00) lat (ms,95%): 2.14 err/s: 0.00 reconn/s: 0.00
[ 8s ] thds: 4 tps: 2459.50 qps: 2459.50 (r/w/o: 2459.50/0.00/0.00) lat (ms,95%): 2.18 err/s: 0.00 reconn/s: 0.00
[ 10s ] thds: 4 tps: 2451.01 qps: 2451.01 (r/w/o: 2451.01/0.00/0.00) lat (ms,95%): 2.14 err/s: 0.00 reconn/s: 0.00
[ 12s ] thds: 4 tps: 2450.02 qps: 2450.02 (r/w/o: 2450.02/0.00/0.00) lat (ms,95%): 2.18 err/s: 0.00 reconn/s: 0.00
[ 14s ] thds: 4 tps: 2438.99 qps: 2438.99 (r/w/o: 2438.99/0.00/0.00) lat (ms,95%): 2.22 err/s: 0.00 reconn/s: 0.00
[ 16s ] thds: 4 tps: 2440.49 qps: 2440.49 (r/w/o: 2440.49/0.00/0.00) lat (ms,95%): 2.22 err/s: 0.00 reconn/s: 0.00
[ 18s ] thds: 4 tps: 2452.99 qps: 2452.99 (r/w/o: 2452.99/0.00/0.00) lat (ms,95%): 2.18 err/s: 0.00 reconn/s: 0.00
SQL statistics:
    queries performed:
        read:                            44045
        write:                           0
        other:                           0
        total:                           44045
    transactions:                        44045  (2446.62 per sec.)
    queries:                             44045  (2446.62 per sec.)
    ignored errors:                      0      (0.00 per sec.)
    reconnects:                          0      (0.00 per sec.)

General statistics:
    total time:                          18.0020s
    total number of events:              44045

Latency (ms):
         min:                                    0.77
         avg:                                    1.63
         max:                                   20.08
         95th percentile:                        2.18
         sum:                                71944.47

Threads fairness:
    events (avg/stddev):           11011.2500/86.90
    execution time (avg/stddev):   17.9861/0.00

