sysbench 1.0.20 (using system LuaJIT 2.1.0-beta3)

Running the test with following options:
Number of threads: 1
Report intermediate results every 1 second(s)
Initializing random number generator from current time


Initializing worker threads...

Threads started!

[ 1s ] thds: 1 tps: 294.79 qps: 886.37 (r/w/o: 886.37/0.00/0.00) lat (ms,95%): 3.55 err/s: 0.00 reconn/s: 0.00
[ 2s ] thds: 1 tps: 296.09 qps: 888.26 (r/w/o: 888.26/0.00/0.00) lat (ms,95%): 3.55 err/s: 0.00 reconn/s: 0.00
[ 3s ] thds: 1 tps: 295.99 qps: 886.96 (r/w/o: 886.96/0.00/0.00) lat (ms,95%): 3.55 err/s: 0.00 reconn/s: 0.00
[ 4s ] thds: 1 tps: 297.01 qps: 892.04 (r/w/o: 892.04/0.00/0.00) lat (ms,95%): 3.55 err/s: 0.00 reconn/s: 0.00
[ 5s ] thds: 1 tps: 298.99 qps: 895.98 (r/w/o: 895.98/0.00/0.00) lat (ms,95%): 3.49 err/s: 0.00 reconn/s: 0.00
[ 6s ] thds: 1 tps: 301.01 qps: 903.02 (r/w/o: 903.02/0.00/0.00) lat (ms,95%): 3.36 err/s: 0.00 reconn/s: 0.00
[ 7s ] thds: 1 tps: 299.99 qps: 900.98 (r/w/o: 900.98/0.00/0.00) lat (ms,95%): 3.49 err/s: 0.00 reconn/s: 0.00
[ 8s ] thds: 1 tps: 297.99 qps: 892.98 (r/w/o: 892.98/0.00/0.00) lat (ms,95%): 3.55 err/s: 0.00 reconn/s: 0.00
SQL statistics:
    queries performed:
        read:                            7149
        write:                           0
        other:                           0
        total:                           7149
    transactions:                        2383   (297.75 per sec.)
    queries:                             7149   (893.26 per sec.)
    ignored errors:                      0      (0.00 per sec.)
    reconnects:                          0      (0.00 per sec.)

General statistics:
    total time:                          8.0029s
    total number of events:              2383

Latency (ms):
         min:                                    3.16
         avg:                                    3.36
         max:                                   11.04
         95th percentile:                        3.55
         sum:                                 7999.50

Threads fairness:
    events (avg/stddev):           2383.0000/0.00
    execution time (avg/stddev):   7.9995/0.00

