sysbench 1.0.20 (using system LuaJIT 2.1.0-beta3)

Running the test with following options:
Number of threads: 1
Report intermediate results every 1 second(s)
Initializing random number generator from current time


Initializing worker threads...

Threads started!

[ 1s ] thds: 1 tps: 0.00 qps: 541.52 (r/w/o: 0.00/538.52/3.00) lat (ms,95%): 0.00 err/s: 0.00 reconn/s: 0.00
[ 2s ] thds: 1 tps: 0.00 qps: 724.29 (r/w/o: 0.00/724.29/0.00) lat (ms,95%): 0.00 err/s: 0.00 reconn/s: 0.00
[ 3s ] thds: 1 tps: 0.00 qps: 739.98 (r/w/o: 0.00/739.98/0.00) lat (ms,95%): 0.00 err/s: 0.00 reconn/s: 0.00
[ 4s ] thds: 1 tps: 0.00 qps: 595.04 (r/w/o: 0.00/595.04/0.00) lat (ms,95%): 0.00 err/s: 0.00 reconn/s: 0.00
[ 5s ] thds: 1 tps: 0.00 qps: 617.98 (r/w/o: 0.00/617.98/0.00) lat (ms,95%): 0.00 err/s: 0.00 reconn/s: 0.00
[ 6s ] thds: 1 tps: 0.00 qps: 611.97 (r/w/o: 0.00/611.97/0.00) lat (ms,95%): 0.00 err/s: 0.00 reconn/s: 0.00
[ 7s ] thds: 1 tps: 0.00 qps: 919.99 (r/w/o: 0.00/919.99/0.00) lat (ms,95%): 0.00 err/s: 0.00 reconn/s: 0.00
[ 8s ] thds: 1 tps: 1.00 qps: 840.00 (r/w/o: 0.00/838.00/2.00) lat (ms,95%): 7215.39 err/s: 0.00 reconn/s: 0.00
[ 9s ] thds: 1 tps: 0.00 qps: 934.09 (r/w/o: 0.00/934.09/0.00) lat (ms,95%): 0.00 err/s: 0.00 reconn/s: 0.00
[ 10s ] thds: 1 tps: 0.00 qps: 937.96 (r/w/o: 0.00/937.96/0.00) lat (ms,95%): 0.00 err/s: 0.00 reconn/s: 0.00
[ 11s ] thds: 1 tps: 0.00 qps: 828.99 (r/w/o: 0.00/828.99/0.00) lat (ms,95%): 0.00 err/s: 0.00 reconn/s: 0.00
[ 12s ] thds: 1 tps: 0.00 qps: 1149.01 (r/w/o: 0.00/1149.01/0.00) lat (ms,95%): 0.00 err/s: 0.00 reconn/s: 0.00
SQL statistics:
    queries performed:
        read:                            0
        write:                           9999
        other:                           5
        total:                           10004
    transactions:                        2      (0.16 per sec.)
    queries:                             10004  (800.68 per sec.)
    ignored errors:                      0      (0.00 per sec.)
    reconnects:                          0      (0.00 per sec.)

General statistics:
    total time:                          12.4940s
    total number of events:              2

Latency (ms):
         min:                                 5280.30
         avg:                                 6246.69
         max:                                 7213.08
         95th percentile:                     7215.39
         sum:                                12493.39

Threads fairness:
    events (avg/stddev):           2.0000/0.00
    execution time (avg/stddev):   12.4934/0.00

