sysbench 1.0.20 (using system LuaJIT 2.1.0-beta3)

Running the test with following options:
Number of threads: 4
Report intermediate results every 2 second(s)
Initializing random number generator from current time


Initializing worker threads...

Threads started!

[ 2s ] thds: 4 tps: 3416.48 qps: 10249.93 (r/w/o: 10249.93/0.00/0.00) lat (ms,95%): 1.47 err/s: 0.00 reconn/s: 0.00
[ 4s ] thds: 4 tps: 3420.98 qps: 10263.45 (r/w/o: 10263.45/0.00/0.00) lat (ms,95%): 1.50 err/s: 0.00 reconn/s: 0.00
[ 6s ] thds: 4 tps: 3427.15 qps: 10281.46 (r/w/o: 10281.46/0.00/0.00) lat (ms,95%): 1.50 err/s: 0.00 reconn/s: 0.00
[ 8s ] thds: 4 tps: 3438.45 qps: 10317.85 (r/w/o: 10317.85/0.00/0.00) lat (ms,95%): 1.50 err/s: 0.00 reconn/s: 0.00
[ 10s ] thds: 4 tps: 3425.00 qps: 10273.49 (r/w/o: 10273.49/0.00/0.00) lat (ms,95%): 1.52 err/s: 0.00 reconn/s: 0.00
[ 12s ] thds: 4 tps: 3464.02 qps: 10392.55 (r/w/o: 10392.55/0.00/0.00) lat (ms,95%): 1.47 err/s: 0.00 reconn/s: 0.00
[ 14s ] thds: 4 tps: 3442.98 qps: 10327.44 (r/w/o: 10327.44/0.00/0.00) lat (ms,95%): 1.52 err/s: 0.00 reconn/s: 0.00
[ 16s ] thds: 4 tps: 3443.99 qps: 10333.48 (r/w/o: 10333.48/0.00/0.00) lat (ms,95%): 1.47 err/s: 0.00 reconn/s: 0.00
[ 18s ] thds: 4 tps: 3449.05 qps: 10346.66 (r/w/o: 10346.66/0.00/0.00) lat (ms,95%): 1.47 err/s: 0.00 reconn/s: 0.00
SQL statistics:
    queries performed:
        read:                            185586
        write:                           0
        other:                           0
        total:                           185586
    transactions:                        61862  (3436.36 per sec.)
    queries:                             185586 (10309.08 per sec.)
    ignored errors:                      0      (0.00 per sec.)
    reconnects:                          0      (0.00 per sec.)

General statistics:
    total time:                          18.0018s
    total number of events:              61862

Latency (ms):
         min:                                    0.68
         avg:                                    1.16
         max:                                   19.15
         95th percentile:                        1.50
         sum:                                71924.20

Threads fairness:
    events (avg/stddev):           15465.5000/55.54
    execution time (avg/stddev):   17.9810/0.00

