sysbench 1.0.20 (using system LuaJIT 2.1.0-beta3)

Running the test with following options:
Number of threads: 1
Report intermediate results every 1 second(s)
Initializing random number generator from current time


Initializing worker threads...

Threads started!

[ 1s ] thds: 1 tps: 1558.90 qps: 4676.70 (r/w/o: 4676.70/0.00/0.00) lat (ms,95%): 0.72 err/s: 0.00 reconn/s: 0.00
[ 2s ] thds: 1 tps: 1590.26 qps: 4772.77 (r/w/o: 4772.77/0.00/0.00) lat (ms,95%): 0.68 err/s: 0.00 reconn/s: 0.00
[ 3s ] thds: 1 tps: 1520.05 qps: 4558.15 (r/w/o: 4558.15/0.00/0.00) lat (ms,95%): 0.73 err/s: 0.00 reconn/s: 0.00
[ 4s ] thds: 1 tps: 1547.05 qps: 4642.14 (r/w/o: 4642.14/0.00/0.00) lat (ms,95%): 0.74 err/s: 0.00 reconn/s: 0.00
[ 5s ] thds: 1 tps: 1554.92 qps: 4665.77 (r/w/o: 4665.77/0.00/0.00) lat (ms,95%): 0.72 err/s: 0.00 reconn/s: 0.00
[ 6s ] thds: 1 tps: 1560.06 qps: 4680.18 (r/w/o: 4680.18/0.00/0.00) lat (ms,95%): 0.72 err/s: 0.00 reconn/s: 0.00
[ 7s ] thds: 1 tps: 1564.99 qps: 4692.97 (r/w/o: 4692.97/0.00/0.00) lat (ms,95%): 0.72 err/s: 0.00 reconn/s: 0.00
SQL statistics:
    queries performed:
        read:                            37320
        write:                           0
        other:                           0
        total:                           37320
    transactions:                        12440  (1554.79 per sec.)
    queries:                             37320  (4664.37 per sec.)
    ignored errors:                      0      (0.00 per sec.)
    reconnects:                          0      (0.00 per sec.)

General statistics:
    total time:                          8.0007s
    total number of events:              12440

Latency (ms):
         min:                                    0.57
         avg:                                    0.64
         max:                                    8.26
         95th percentile:                        0.72
         sum:                                 7987.66

Threads fairness:
    events (avg/stddev):           12440.0000/0.00
    execution time (avg/stddev):   7.9877/0.00

