sysbench 1.0.20 (using system LuaJIT 2.1.0-beta3)

Running the test with following options:
Number of threads: 1
Report intermediate results every 1 second(s)
Initializing random number generator from current time


Initializing worker threads...

Threads started!

[ 1s ] thds: 1 tps: 1464.05 qps: 1464.05 (r/w/o: 1464.05/0.00/0.00) lat (ms,95%): 0.73 err/s: 0.00 reconn/s: 0.00
[ 2s ] thds: 1 tps: 1487.30 qps: 1487.30 (r/w/o: 1487.30/0.00/0.00) lat (ms,95%): 0.77 err/s: 0.00 reconn/s: 0.00
[ 3s ] thds: 1 tps: 1388.00 qps: 1388.00 (r/w/o: 1388.00/0.00/0.00) lat (ms,95%): 0.92 err/s: 0.00 reconn/s: 0.00
[ 4s ] thds: 1 tps: 1512.06 qps: 1512.06 (r/w/o: 1512.06/0.00/0.00) lat (ms,95%): 0.70 err/s: 0.00 reconn/s: 0.00
[ 5s ] thds: 1 tps: 1485.99 qps: 1485.99 (r/w/o: 1485.99/0.00/0.00) lat (ms,95%): 0.74 err/s: 0.00 reconn/s: 0.00
[ 6s ] thds: 1 tps: 1511.99 qps: 1511.99 (r/w/o: 1511.99/0.00/0.00) lat (ms,95%): 0.70 err/s: 0.00 reconn/s: 0.00
[ 7s ] thds: 1 tps: 1473.00 qps: 1473.00 (r/w/o: 1473.00/0.00/0.00) lat (ms,95%): 0.80 err/s: 0.00 reconn/s: 0.00
[ 8s ] thds: 1 tps: 1343.02 qps: 1343.02 (r/w/o: 1343.02/0.00/0.00) lat (ms,95%): 0.86 err/s: 0.00 reconn/s: 0.00
SQL statistics:
    queries performed:
        read:                            11667
        write:                           0
        other:                           0
        total:                           11667
    transactions:                        11667  (1458.11 per sec.)
    queries:                             11667  (1458.11 per sec.)
    ignored errors:                      0      (0.00 per sec.)
    reconnects:                          0      (0.00 per sec.)

General statistics:
    total time:                          8.0011s
    total number of events:              11667

Latency (ms):
         min:                                    0.61
         avg:                                    0.68
         max:                                    8.84
         95th percentile:                        0.78
         sum:                                 7988.71

Threads fairness:
    events (avg/stddev):           11667.0000/0.00
    execution time (avg/stddev):   7.9887/0.00

