sysbench 1.0.20 (using system LuaJIT 2.1.0-beta3)

Running the test with following options:
Number of threads: 1
Report intermediate results every 1 second(s)
Initializing random number generator from current time


Initializing worker threads...

Threads started!

[ 1s ] thds: 1 tps: 1415.08 qps: 1415.08 (r/w/o: 1415.08/0.00/0.00) lat (ms,95%): 0.74 err/s: 0.00 reconn/s: 0.00
[ 2s ] thds: 1 tps: 1460.12 qps: 1460.12 (r/w/o: 1460.12/0.00/0.00) lat (ms,95%): 0.73 err/s: 0.00 reconn/s: 0.00
[ 3s ] thds: 1 tps: 1459.23 qps: 1459.23 (r/w/o: 1459.23/0.00/0.00) lat (ms,95%): 0.72 err/s: 0.00 reconn/s: 0.00
[ 4s ] thds: 1 tps: 1467.79 qps: 1467.79 (r/w/o: 1467.79/0.00/0.00) lat (ms,95%): 0.72 err/s: 0.00 reconn/s: 0.00
[ 5s ] thds: 1 tps: 1432.22 qps: 1432.22 (r/w/o: 1432.22/0.00/0.00) lat (ms,95%): 0.75 err/s: 0.00 reconn/s: 0.00
[ 6s ] thds: 1 tps: 1425.75 qps: 1425.75 (r/w/o: 1425.75/0.00/0.00) lat (ms,95%): 0.75 err/s: 0.00 reconn/s: 0.00
[ 7s ] thds: 1 tps: 1450.00 qps: 1450.00 (r/w/o: 1450.00/0.00/0.00) lat (ms,95%): 0.73 err/s: 0.00 reconn/s: 0.00
[ 8s ] thds: 1 tps: 1448.01 qps: 1448.01 (r/w/o: 1448.01/0.00/0.00) lat (ms,95%): 0.72 err/s: 0.00 reconn/s: 0.00
SQL statistics:
    queries performed:
        read:                            11560
        write:                           0
        other:                           0
        total:                           11560
    transactions:                        11560  (1444.76 per sec.)
    queries:                             11560  (1444.76 per sec.)
    ignored errors:                      0      (0.00 per sec.)
    reconnects:                          0      (0.00 per sec.)

General statistics:
    total time:                          8.0010s
    total number of events:              11560

Latency (ms):
         min:                                    0.63
         avg:                                    0.69
         max:                                    8.83
         95th percentile:                        0.73
         sum:                                 7990.01

Threads fairness:
    events (avg/stddev):           11560.0000/0.00
    execution time (avg/stddev):   7.9900/0.00

