sysbench 1.0.20 (using system LuaJIT 2.1.0-beta3)

Running the test with following options:
Number of threads: 1
Report intermediate results every 1 second(s)
Initializing random number generator from current time


Initializing worker threads...

Threads started!

[ 1s ] thds: 1 tps: 0.00 qps: 1358.77 (r/w/o: 0.00/1355.77/3.00) lat (ms,95%): 0.00 err/s: 0.00 reconn/s: 0.00
[ 2s ] thds: 1 tps: 0.00 qps: 1484.70 (r/w/o: 0.00/1484.70/0.00) lat (ms,95%): 0.00 err/s: 0.00 reconn/s: 0.00
[ 3s ] thds: 1 tps: 1.00 qps: 1527.93 (r/w/o: 0.00/1525.93/2.00) lat (ms,95%): 2120.76 err/s: 0.00 reconn/s: 0.00
[ 4s ] thds: 1 tps: 0.00 qps: 1531.02 (r/w/o: 0.00/1531.02/0.00) lat (ms,95%): 0.00 err/s: 0.00 reconn/s: 0.00
[ 5s ] thds: 1 tps: 1.00 qps: 1531.03 (r/w/o: 0.00/1529.03/2.00) lat (ms,95%): 1973.38 err/s: 0.00 reconn/s: 0.00
[ 6s ] thds: 1 tps: 0.00 qps: 1555.99 (r/w/o: 0.00/1555.99/0.00) lat (ms,95%): 0.00 err/s: 0.00 reconn/s: 0.00
[ 7s ] thds: 1 tps: 1.00 qps: 1833.97 (r/w/o: 0.00/1831.97/2.00) lat (ms,95%): 1938.16 err/s: 0.00 reconn/s: 0.00
[ 8s ] thds: 1 tps: 1.00 qps: 1834.05 (r/w/o: 0.00/1832.05/2.00) lat (ms,95%): 1618.78 err/s: 0.00 reconn/s: 0.00
[ 9s ] thds: 1 tps: 0.00 qps: 1874.02 (r/w/o: 0.00/1874.02/0.00) lat (ms,95%): 0.00 err/s: 0.00 reconn/s: 0.00
SQL statistics:
    queries performed:
        read:                            0
        write:                           15004
        other:                           11
        total:                           15015
    transactions:                        5      (0.54 per sec.)
    queries:                             15015  (1620.11 per sec.)
    ignored errors:                      0      (0.00 per sec.)
    reconnects:                          0      (0.00 per sec.)

General statistics:
    total time:                          9.2675s
    total number of events:              5

Latency (ms):
         min:                                 1608.30
         avg:                                 1853.40
         max:                                 2107.75
         95th percentile:                     2120.76
         sum:                                 9266.98

Threads fairness:
    events (avg/stddev):           5.0000/0.00
    execution time (avg/stddev):   9.2670/0.00

