sysbench 1.0.20 (using system LuaJIT 2.1.0-beta3)

Running the test with following options:
Number of threads: 4
Report intermediate results every 2 second(s)
Initializing random number generator from current time


Initializing worker threads...

Threads started!

[ 2s ] thds: 4 tps: 3070.54 qps: 3070.54 (r/w/o: 3070.54/0.00/0.00) lat (ms,95%): 1.73 err/s: 0.00 reconn/s: 0.00
[ 4s ] thds: 4 tps: 3104.51 qps: 3104.51 (r/w/o: 3104.51/0.00/0.00) lat (ms,95%): 1.73 err/s: 0.00 reconn/s: 0.00
[ 6s ] thds: 4 tps: 3111.54 qps: 3111.54 (r/w/o: 3111.54/0.00/0.00) lat (ms,95%): 1.67 err/s: 0.00 reconn/s: 0.00
[ 8s ] thds: 4 tps: 3099.38 qps: 3099.38 (r/w/o: 3099.38/0.00/0.00) lat (ms,95%): 1.73 err/s: 0.00 reconn/s: 0.00
[ 10s ] thds: 4 tps: 3112.58 qps: 3112.58 (r/w/o: 3112.58/0.00/0.00) lat (ms,95%): 1.70 err/s: 0.00 reconn/s: 0.00
[ 12s ] thds: 4 tps: 3079.51 qps: 3079.51 (r/w/o: 3079.51/0.00/0.00) lat (ms,95%): 1.76 err/s: 0.00 reconn/s: 0.00
[ 14s ] thds: 4 tps: 3112.00 qps: 3112.00 (r/w/o: 3112.00/0.00/0.00) lat (ms,95%): 1.70 err/s: 0.00 reconn/s: 0.00
[ 16s ] thds: 4 tps: 3118.50 qps: 3118.50 (r/w/o: 3118.50/0.00/0.00) lat (ms,95%): 1.67 err/s: 0.00 reconn/s: 0.00
[ 18s ] thds: 4 tps: 3108.01 qps: 3108.01 (r/w/o: 3108.01/0.00/0.00) lat (ms,95%): 1.67 err/s: 0.00 reconn/s: 0.00
SQL statistics:
    queries performed:
        read:                            55839
        write:                           0
        other:                           0
        total:                           55839
    transactions:                        55839  (3101.77 per sec.)
    queries:                             55839  (3101.77 per sec.)
    ignored errors:                      0      (0.00 per sec.)
    reconnects:                          0      (0.00 per sec.)

General statistics:
    total time:                          18.0019s
    total number of events:              55839

Latency (ms):
         min:                                    0.62
         avg:                                    1.29
         max:                                   19.36
         95th percentile:                        1.70
         sum:                                71929.22

Threads fairness:
    events (avg/stddev):           13959.7500/54.94
    execution time (avg/stddev):   17.9823/0.00

