sysbench 1.0.20 (using system LuaJIT 2.1.0-beta3)

Running the test with following options:
Number of threads: 4
Report intermediate results every 2 second(s)
Initializing random number generator from current time


Initializing worker threads...

Threads started!

[ 2s ] thds: 4 tps: 2513.40 qps: 2513.40 (r/w/o: 2513.40/0.00/0.00) lat (ms,95%): 2.14 err/s: 0.00 reconn/s: 0.00
[ 4s ] thds: 4 tps: 2567.34 qps: 2567.34 (r/w/o: 2567.34/0.00/0.00) lat (ms,95%): 2.11 err/s: 0.00 reconn/s: 0.00
[ 6s ] thds: 4 tps: 2573.30 qps: 2573.30 (r/w/o: 2573.30/0.00/0.00) lat (ms,95%): 2.11 err/s: 0.00 reconn/s: 0.00
[ 8s ] thds: 4 tps: 2574.78 qps: 2574.78 (r/w/o: 2574.78/0.00/0.00) lat (ms,95%): 2.07 err/s: 0.00 reconn/s: 0.00
[ 10s ] thds: 4 tps: 2554.03 qps: 2554.03 (r/w/o: 2554.03/0.00/0.00) lat (ms,95%): 2.11 err/s: 0.00 reconn/s: 0.00
[ 12s ] thds: 4 tps: 2561.97 qps: 2561.97 (r/w/o: 2561.97/0.00/0.00) lat (ms,95%): 2.11 err/s: 0.00 reconn/s: 0.00
[ 14s ] thds: 4 tps: 2526.00 qps: 2526.00 (r/w/o: 2526.00/0.00/0.00) lat (ms,95%): 2.18 err/s: 0.00 reconn/s: 0.00
[ 16s ] thds: 4 tps: 2472.04 qps: 2472.04 (r/w/o: 2472.04/0.00/0.00) lat (ms,95%): 2.35 err/s: 0.00 reconn/s: 0.00
[ 18s ] thds: 4 tps: 2555.53 qps: 2555.53 (r/w/o: 2555.53/0.00/0.00) lat (ms,95%): 2.11 err/s: 0.00 reconn/s: 0.00
SQL statistics:
    queries performed:
        read:                            45802
        write:                           0
        other:                           0
        total:                           45802
    transactions:                        45802  (2544.22 per sec.)
    queries:                             45802  (2544.22 per sec.)
    ignored errors:                      0      (0.00 per sec.)
    reconnects:                          0      (0.00 per sec.)

General statistics:
    total time:                          18.0020s
    total number of events:              45802

Latency (ms):
         min:                                    0.73
         avg:                                    1.57
         max:                                   19.26
         95th percentile:                        2.14
         sum:                                71941.96

Threads fairness:
    events (avg/stddev):           11450.5000/65.19
    execution time (avg/stddev):   17.9855/0.00

