sysbench 1.0.20 (using system LuaJIT 2.1.0-beta3)

Running the test with following options:
Number of threads: 4
Report intermediate results every 2 second(s)
Initializing random number generator from current time


Initializing worker threads...

Threads started!

[ 2s ] thds: 4 tps: 7054.89 qps: 7054.89 (r/w/o: 7054.89/0.00/0.00) lat (ms,95%): 0.78 err/s: 0.00 reconn/s: 0.00
[ 4s ] thds: 4 tps: 7138.63 qps: 7138.63 (r/w/o: 7138.63/0.00/0.00) lat (ms,95%): 0.77 err/s: 0.00 reconn/s: 0.00
[ 6s ] thds: 4 tps: 7168.04 qps: 7168.04 (r/w/o: 7168.04/0.00/0.00) lat (ms,95%): 0.75 err/s: 0.00 reconn/s: 0.00
[ 8s ] thds: 4 tps: 7092.47 qps: 7092.47 (r/w/o: 7092.47/0.00/0.00) lat (ms,95%): 0.77 err/s: 0.00 reconn/s: 0.00
[ 10s ] thds: 4 tps: 7107.05 qps: 7107.05 (r/w/o: 7107.05/0.00/0.00) lat (ms,95%): 0.77 err/s: 0.00 reconn/s: 0.00
[ 12s ] thds: 4 tps: 7136.51 qps: 7136.51 (r/w/o: 7136.51/0.00/0.00) lat (ms,95%): 0.77 err/s: 0.00 reconn/s: 0.00
[ 14s ] thds: 4 tps: 7161.97 qps: 7161.97 (r/w/o: 7161.97/0.00/0.00) lat (ms,95%): 0.75 err/s: 0.00 reconn/s: 0.00
[ 16s ] thds: 4 tps: 7195.52 qps: 7195.52 (r/w/o: 7195.52/0.00/0.00) lat (ms,95%): 0.75 err/s: 0.00 reconn/s: 0.00
[ 18s ] thds: 4 tps: 7130.00 qps: 7130.00 (r/w/o: 7130.00/0.00/0.00) lat (ms,95%): 0.77 err/s: 0.00 reconn/s: 0.00
SQL statistics:
    queries performed:
        read:                            128378
        write:                           0
        other:                           0
        total:                           128378
    transactions:                        128378 (7131.46 per sec.)
    queries:                             128378 (7131.46 per sec.)
    ignored errors:                      0      (0.00 per sec.)
    reconnects:                          0      (0.00 per sec.)

General statistics:
    total time:                          18.0013s
    total number of events:              128378

Latency (ms):
         min:                                    0.31
         avg:                                    0.56
         max:                                   17.33
         95th percentile:                        0.77
         sum:                                71844.51

Threads fairness:
    events (avg/stddev):           32094.5000/133.37
    execution time (avg/stddev):   17.9611/0.00

