sysbench 1.0.20 (using system LuaJIT 2.1.0-beta3)

Running the test with following options:
Number of threads: 4
Report intermediate results every 2 second(s)
Initializing random number generator from current time


Initializing worker threads...

Threads started!

[ 2s ] thds: 4 tps: 10431.40 qps: 10431.40 (r/w/o: 10431.40/0.00/0.00) lat (ms,95%): 0.54 err/s: 0.00 reconn/s: 0.00
[ 4s ] thds: 4 tps: 10639.66 qps: 10639.66 (r/w/o: 10639.66/0.00/0.00) lat (ms,95%): 0.53 err/s: 0.00 reconn/s: 0.00
[ 6s ] thds: 4 tps: 10460.47 qps: 10460.47 (r/w/o: 10460.47/0.00/0.00) lat (ms,95%): 0.54 err/s: 0.00 reconn/s: 0.00
[ 8s ] thds: 4 tps: 10531.03 qps: 10531.03 (r/w/o: 10531.03/0.00/0.00) lat (ms,95%): 0.53 err/s: 0.00 reconn/s: 0.00
[ 10s ] thds: 4 tps: 10572.00 qps: 10572.00 (r/w/o: 10572.00/0.00/0.00) lat (ms,95%): 0.53 err/s: 0.00 reconn/s: 0.00
[ 12s ] thds: 4 tps: 10510.44 qps: 10510.44 (r/w/o: 10510.44/0.00/0.00) lat (ms,95%): 0.54 err/s: 0.00 reconn/s: 0.00
[ 14s ] thds: 4 tps: 10578.49 qps: 10578.49 (r/w/o: 10578.49/0.00/0.00) lat (ms,95%): 0.53 err/s: 0.00 reconn/s: 0.00
[ 16s ] thds: 4 tps: 10565.56 qps: 10565.56 (r/w/o: 10565.56/0.00/0.00) lat (ms,95%): 0.53 err/s: 0.00 reconn/s: 0.00
[ 18s ] thds: 4 tps: 10565.00 qps: 10565.00 (r/w/o: 10565.00/0.00/0.00) lat (ms,95%): 0.53 err/s: 0.00 reconn/s: 0.00
SQL statistics:
    queries performed:
        read:                            189717
        write:                           0
        other:                           0
        total:                           189717
    transactions:                        189717 (10538.86 per sec.)
    queries:                             189717 (10538.86 per sec.)
    ignored errors:                      0      (0.00 per sec.)
    reconnects:                          0      (0.00 per sec.)

General statistics:
    total time:                          18.0013s
    total number of events:              189717

Latency (ms):
         min:                                    0.21
         avg:                                    0.38
         max:                                   17.58
         95th percentile:                        0.53
         sum:                                71780.19

Threads fairness:
    events (avg/stddev):           47429.2500/112.23
    execution time (avg/stddev):   17.9450/0.00

