sysbench 1.0.20 (using system LuaJIT 2.1.0-beta3)

Running the test with following options:
Number of threads: 4
Report intermediate results every 2 second(s)
Initializing random number generator from current time


Initializing worker threads...

Threads started!

[ 2s ] thds: 4 tps: 0.00 qps: 2956.50 (r/w/o: 0.00/737.63/2218.88) lat (ms,95%): 0.00 err/s: 0.00 reconn/s: 0.00
[ 4s ] thds: 4 tps: 0.00 qps: 3134.81 (r/w/o: 0.00/783.70/2351.11) lat (ms,95%): 0.00 err/s: 0.00 reconn/s: 0.00
[ 6s ] thds: 4 tps: 0.00 qps: 3602.04 (r/w/o: 0.00/900.51/2701.53) lat (ms,95%): 0.00 err/s: 0.00 reconn/s: 0.00
[ 8s ] thds: 4 tps: 2.00 qps: 3407.29 (r/w/o: 0.00/861.95/2545.34) lat (ms,95%): 6135.91 err/s: 3.00 reconn/s: 0.00
[ 10s ] thds: 4 tps: 0.00 qps: 4108.24 (r/w/o: 0.00/1027.06/3081.18) lat (ms,95%): 0.00 err/s: 0.00 reconn/s: 0.00
[ 12s ] thds: 4 tps: 2.00 qps: 3814.91 (r/w/o: 0.00/976.98/2837.94) lat (ms,95%): 5217.92 err/s: 5.50 reconn/s: 0.00
[ 14s ] thds: 4 tps: 0.00 qps: 3209.94 (r/w/o: 0.00/802.49/2407.46) lat (ms,95%): 0.00 err/s: 0.00 reconn/s: 0.00
[ 16s ] thds: 4 tps: 0.00 qps: 3425.99 (r/w/o: 0.00/856.50/2569.49) lat (ms,95%): 0.00 err/s: 0.00 reconn/s: 0.00
[ 18s ] thds: 4 tps: 2.00 qps: 3128.01 (r/w/o: 0.00/798.50/2329.51) lat (ms,95%): 6135.91 err/s: 3.50 reconn/s: 0.00
[ 20s ] thds: 4 tps: 0.00 qps: 3498.18 (r/w/o: 0.00/874.54/2623.63) lat (ms,95%): 0.00 err/s: 0.00 reconn/s: 0.00
[ 22s ] thds: 4 tps: 0.00 qps: 3324.00 (r/w/o: 0.00/831.00/2493.00) lat (ms,95%): 0.00 err/s: 0.00 reconn/s: 0.00
SQL statistics:
    queries performed:
        read:                            0
        write:                           20147
        other:                           60054
        total:                           80201
    transactions:                        16     (0.68 per sec.)
    queries:                             80201  (3390.24 per sec.)
    ignored errors:                      24     (1.01 per sec.)
    reconnects:                          0      (0.00 per sec.)

General statistics:
    total time:                          23.6561s
    total number of events:              16

Latency (ms):
         min:                                 5188.22
         avg:                                 5913.76
         max:                                 6185.59
         95th percentile:                     6135.91
         sum:                                94620.19

Threads fairness:
    events (avg/stddev):           4.0000/0.00
    execution time (avg/stddev):   23.6550/0.00

