sysbench 1.0.20 (using system LuaJIT 2.1.0-beta3)

Running the test with following options:
Number of threads: 4
Report intermediate results every 2 second(s)
Initializing random number generator from current time


Initializing worker threads...

Threads started!

[ 2s ] thds: 4 tps: 11450.19 qps: 11450.19 (r/w/o: 11450.19/0.00/0.00) lat (ms,95%): 0.49 err/s: 0.00 reconn/s: 0.00
[ 4s ] thds: 4 tps: 11404.89 qps: 11404.89 (r/w/o: 11404.89/0.00/0.00) lat (ms,95%): 0.50 err/s: 0.00 reconn/s: 0.00
[ 6s ] thds: 4 tps: 11408.79 qps: 11408.79 (r/w/o: 11408.79/0.00/0.00) lat (ms,95%): 0.51 err/s: 0.00 reconn/s: 0.00
[ 8s ] thds: 4 tps: 11500.68 qps: 11500.68 (r/w/o: 11500.68/0.00/0.00) lat (ms,95%): 0.49 err/s: 0.00 reconn/s: 0.00
[ 10s ] thds: 4 tps: 11575.57 qps: 11575.57 (r/w/o: 11575.57/0.00/0.00) lat (ms,95%): 0.49 err/s: 0.00 reconn/s: 0.00
[ 12s ] thds: 4 tps: 11476.09 qps: 11476.09 (r/w/o: 11476.09/0.00/0.00) lat (ms,95%): 0.49 err/s: 0.00 reconn/s: 0.00
[ 14s ] thds: 4 tps: 11493.86 qps: 11493.86 (r/w/o: 11493.86/0.00/0.00) lat (ms,95%): 0.49 err/s: 0.00 reconn/s: 0.00
[ 16s ] thds: 4 tps: 11532.46 qps: 11532.46 (r/w/o: 11532.46/0.00/0.00) lat (ms,95%): 0.49 err/s: 0.00 reconn/s: 0.00
[ 18s ] thds: 4 tps: 11457.13 qps: 11457.13 (r/w/o: 11457.13/0.00/0.00) lat (ms,95%): 0.49 err/s: 0.00 reconn/s: 0.00
SQL statistics:
    queries performed:
        read:                            206609
        write:                           0
        other:                           0
        total:                           206609
    transactions:                        206609 (11477.03 per sec.)
    queries:                             206609 (11477.03 per sec.)
    ignored errors:                      0      (0.00 per sec.)
    reconnects:                          0      (0.00 per sec.)

General statistics:
    total time:                          18.0015s
    total number of events:              206609

Latency (ms):
         min:                                    0.19
         avg:                                    0.35
         max:                                   18.05
         95th percentile:                        0.49
         sum:                                71762.74

Threads fairness:
    events (avg/stddev):           51652.2500/98.49
    execution time (avg/stddev):   17.9407/0.00

