sysbench 1.0.20 (using system LuaJIT 2.1.0-beta3)

Running the test with following options:
Number of threads: 4
Report intermediate results every 2 second(s)
Initializing random number generator from current time


Initializing worker threads...

Threads started!

[ 2s ] thds: 4 tps: 4.00 qps: 5518.76 (r/w/o: 0.00/1377.19/4141.56) lat (ms,95%): 719.92 err/s: 0.00 reconn/s: 0.00
[ 4s ] thds: 4 tps: 6.00 qps: 5501.62 (r/w/o: 0.00/1372.40/4129.22) lat (ms,95%): 746.32 err/s: 0.00 reconn/s: 0.00
[ 6s ] thds: 4 tps: 6.00 qps: 5290.11 (r/w/o: 0.00/1319.53/3970.59) lat (ms,95%): 773.68 err/s: 0.00 reconn/s: 0.00
[ 8s ] thds: 4 tps: 4.00 qps: 5488.24 (r/w/o: 0.00/1370.06/4118.18) lat (ms,95%): 733.00 err/s: 0.00 reconn/s: 0.00
[ 10s ] thds: 4 tps: 6.00 qps: 5425.86 (r/w/o: 0.00/1353.47/4072.40) lat (ms,95%): 746.32 err/s: 0.00 reconn/s: 0.00
[ 12s ] thds: 4 tps: 6.00 qps: 5271.98 (r/w/o: 0.00/1315.00/3956.99) lat (ms,95%): 773.68 err/s: 0.00 reconn/s: 0.00
[ 14s ] thds: 4 tps: 4.00 qps: 5165.01 (r/w/o: 0.00/1289.50/3875.51) lat (ms,95%): 802.05 err/s: 0.00 reconn/s: 0.00
[ 16s ] thds: 4 tps: 6.00 qps: 5469.11 (r/w/o: 0.00/1364.03/4105.08) lat (ms,95%): 746.32 err/s: 0.00 reconn/s: 0.00
[ 18s ] thds: 4 tps: 6.00 qps: 5368.05 (r/w/o: 0.00/1339.01/4029.04) lat (ms,95%): 759.88 err/s: 0.00 reconn/s: 0.00
SQL statistics:
    queries performed:
        read:                            0
        write:                           25026
        other:                           75274
        total:                           100300
    transactions:                        100    (5.35 per sec.)
    queries:                             100300 (5368.71 per sec.)
    ignored errors:                      0      (0.00 per sec.)
    reconnects:                          0      (0.00 per sec.)

General statistics:
    total time:                          18.6820s
    total number of events:              100

Latency (ms):
         min:                                  710.47
         avg:                                  747.24
         max:                                  810.68
         95th percentile:                      802.05
         sum:                                74723.72

Threads fairness:
    events (avg/stddev):           25.0000/0.00
    execution time (avg/stddev):   18.6809/0.00

