sysbench 1.0.20 (using system LuaJIT 2.1.0-beta3)

Running the test with following options:
Number of threads: 1
Report intermediate results every 1 second(s)
Initializing random number generator from current time


Initializing worker threads...

Threads started!

[ 1s ] thds: 1 tps: 210.83 qps: 210.83 (r/w/o: 210.83/0.00/0.00) lat (ms,95%): 4.91 err/s: 0.00 reconn/s: 0.00
[ 2s ] thds: 1 tps: 214.06 qps: 214.06 (r/w/o: 214.06/0.00/0.00) lat (ms,95%): 4.91 err/s: 0.00 reconn/s: 0.00
[ 3s ] thds: 1 tps: 214.00 qps: 214.00 (r/w/o: 214.00/0.00/0.00) lat (ms,95%): 5.18 err/s: 0.00 reconn/s: 0.00
[ 4s ] thds: 1 tps: 211.00 qps: 211.00 (r/w/o: 211.00/0.00/0.00) lat (ms,95%): 5.18 err/s: 0.00 reconn/s: 0.00
[ 5s ] thds: 1 tps: 215.01 qps: 216.01 (r/w/o: 216.01/0.00/0.00) lat (ms,95%): 5.09 err/s: 0.00 reconn/s: 0.00
[ 6s ] thds: 1 tps: 212.99 qps: 211.99 (r/w/o: 211.99/0.00/0.00) lat (ms,95%): 4.82 err/s: 0.00 reconn/s: 0.00
[ 7s ] thds: 1 tps: 213.01 qps: 213.01 (r/w/o: 213.01/0.00/0.00) lat (ms,95%): 4.82 err/s: 0.00 reconn/s: 0.00
[ 8s ] thds: 1 tps: 213.99 qps: 213.99 (r/w/o: 213.99/0.00/0.00) lat (ms,95%): 5.09 err/s: 0.00 reconn/s: 0.00
SQL statistics:
    queries performed:
        read:                            1706
        write:                           0
        other:                           0
        total:                           1706
    transactions:                        1706   (213.13 per sec.)
    queries:                             1706   (213.13 per sec.)
    ignored errors:                      0      (0.00 per sec.)
    reconnects:                          0      (0.00 per sec.)

General statistics:
    total time:                          8.0040s
    total number of events:              1706

Latency (ms):
         min:                                    4.02
         avg:                                    4.69
         max:                                   12.11
         95th percentile:                        5.09
         sum:                                 8001.33

Threads fairness:
    events (avg/stddev):           1706.0000/0.00
    execution time (avg/stddev):   8.0013/0.00

