sysbench 1.0.20 (using system LuaJIT 2.1.0-beta3)

Running the test with following options:
Number of threads: 1
Report intermediate results every 1 second(s)
Initializing random number generator from current time


Initializing worker threads...

Threads started!

[ 1s ] thds: 1 tps: 0.00 qps: 1093.93 (r/w/o: 0.00/1090.94/3.00) lat (ms,95%): 0.00 err/s: 0.00 reconn/s: 0.00
[ 2s ] thds: 1 tps: 0.00 qps: 1048.49 (r/w/o: 0.00/1048.49/0.00) lat (ms,95%): 0.00 err/s: 0.00 reconn/s: 0.00
[ 3s ] thds: 1 tps: 0.00 qps: 1070.99 (r/w/o: 0.00/1070.99/0.00) lat (ms,95%): 0.00 err/s: 0.00 reconn/s: 0.00
[ 4s ] thds: 1 tps: 0.00 qps: 1148.00 (r/w/o: 0.00/1148.00/0.00) lat (ms,95%): 0.00 err/s: 0.00 reconn/s: 0.00
[ 5s ] thds: 1 tps: 1.00 qps: 1060.03 (r/w/o: 0.00/1058.03/2.00) lat (ms,95%): 4599.99 err/s: 0.00 reconn/s: 0.00
[ 6s ] thds: 1 tps: 0.00 qps: 1111.94 (r/w/o: 0.00/1111.94/0.00) lat (ms,95%): 0.00 err/s: 0.00 reconn/s: 0.00
[ 7s ] thds: 1 tps: 0.00 qps: 1134.00 (r/w/o: 0.00/1134.00/0.00) lat (ms,95%): 0.00 err/s: 0.00 reconn/s: 0.00
[ 8s ] thds: 1 tps: 0.00 qps: 1104.04 (r/w/o: 0.00/1104.04/0.00) lat (ms,95%): 0.00 err/s: 0.00 reconn/s: 0.00
[ 9s ] thds: 1 tps: 0.00 qps: 1103.97 (r/w/o: 0.00/1103.97/0.00) lat (ms,95%): 0.00 err/s: 0.00 reconn/s: 0.00
SQL statistics:
    queries performed:
        read:                            0
        write:                           10001
        other:                           5
        total:                           10006
    transactions:                        2      (0.22 per sec.)
    queries:                             10006  (1097.26 per sec.)
    ignored errors:                      0      (0.00 per sec.)
    reconnects:                          0      (0.00 per sec.)

General statistics:
    total time:                          9.1187s
    total number of events:              2

Latency (ms):
         min:                                 4546.78
         avg:                                 4559.08
         max:                                 4571.39
         95th percentile:                     4599.99
         sum:                                 9118.17

Threads fairness:
    events (avg/stddev):           2.0000/0.00
    execution time (avg/stddev):   9.1182/0.00

