sysbench 1.0.20 (using system LuaJIT 2.1.0-beta3)

Running the test with following options:
Number of threads: 1
Report intermediate results every 1 second(s)
Initializing random number generator from current time


Initializing worker threads...

Threads started!

[ 1s ] thds: 1 tps: 4989.34 qps: 4989.34 (r/w/o: 4989.34/0.00/0.00) lat (ms,95%): 0.22 err/s: 0.00 reconn/s: 0.00
[ 2s ] thds: 1 tps: 5086.79 qps: 5086.79 (r/w/o: 5086.79/0.00/0.00) lat (ms,95%): 0.23 err/s: 0.00 reconn/s: 0.00
[ 3s ] thds: 1 tps: 5030.35 qps: 5030.35 (r/w/o: 5030.35/0.00/0.00) lat (ms,95%): 0.22 err/s: 0.00 reconn/s: 0.00
[ 4s ] thds: 1 tps: 4971.67 qps: 4971.67 (r/w/o: 4971.67/0.00/0.00) lat (ms,95%): 0.23 err/s: 0.00 reconn/s: 0.00
[ 5s ] thds: 1 tps: 5014.37 qps: 5014.37 (r/w/o: 5014.37/0.00/0.00) lat (ms,95%): 0.23 err/s: 0.00 reconn/s: 0.00
[ 6s ] thds: 1 tps: 4942.10 qps: 4942.10 (r/w/o: 4942.10/0.00/0.00) lat (ms,95%): 0.23 err/s: 0.00 reconn/s: 0.00
[ 7s ] thds: 1 tps: 4872.90 qps: 4872.90 (r/w/o: 4872.90/0.00/0.00) lat (ms,95%): 0.23 err/s: 0.00 reconn/s: 0.00
SQL statistics:
    queries performed:
        read:                            39855
        write:                           0
        other:                           0
        total:                           39855
    transactions:                        39855  (4981.24 per sec.)
    queries:                             39855  (4981.24 per sec.)
    ignored errors:                      0      (0.00 per sec.)
    reconnects:                          0      (0.00 per sec.)

General statistics:
    total time:                          8.0006s
    total number of events:              39855

Latency (ms):
         min:                                    0.17
         avg:                                    0.20
         max:                                    7.64
         95th percentile:                        0.23
         sum:                                 7965.65

Threads fairness:
    events (avg/stddev):           39855.0000/0.00
    execution time (avg/stddev):   7.9657/0.00

