sysbench 1.0.20 (using system LuaJIT 2.1.0-beta3)

Running the test with following options:
Number of threads: 1
Report intermediate results every 1 second(s)
Initializing random number generator from current time


Initializing worker threads...

Threads started!

[ 1s ] thds: 1 tps: 714.53 qps: 714.53 (r/w/o: 714.53/0.00/0.00) lat (ms,95%): 1.42 err/s: 0.00 reconn/s: 0.00
[ 2s ] thds: 1 tps: 724.17 qps: 724.17 (r/w/o: 724.17/0.00/0.00) lat (ms,95%): 1.42 err/s: 0.00 reconn/s: 0.00
[ 3s ] thds: 1 tps: 721.99 qps: 721.99 (r/w/o: 721.99/0.00/0.00) lat (ms,95%): 1.42 err/s: 0.00 reconn/s: 0.00
[ 4s ] thds: 1 tps: 724.96 qps: 724.96 (r/w/o: 724.96/0.00/0.00) lat (ms,95%): 1.42 err/s: 0.00 reconn/s: 0.00
[ 5s ] thds: 1 tps: 711.90 qps: 711.90 (r/w/o: 711.90/0.00/0.00) lat (ms,95%): 1.42 err/s: 0.00 reconn/s: 0.00
[ 6s ] thds: 1 tps: 709.15 qps: 709.15 (r/w/o: 709.15/0.00/0.00) lat (ms,95%): 1.44 err/s: 0.00 reconn/s: 0.00
[ 7s ] thds: 1 tps: 723.93 qps: 723.93 (r/w/o: 723.93/0.00/0.00) lat (ms,95%): 1.42 err/s: 0.00 reconn/s: 0.00
[ 8s ] thds: 1 tps: 722.07 qps: 722.07 (r/w/o: 722.07/0.00/0.00) lat (ms,95%): 1.42 err/s: 0.00 reconn/s: 0.00
SQL statistics:
    queries performed:
        read:                            5754
        write:                           0
        other:                           0
        total:                           5754
    transactions:                        5754   (719.10 per sec.)
    queries:                             5754   (719.10 per sec.)
    ignored errors:                      0      (0.00 per sec.)
    reconnects:                          0      (0.00 per sec.)

General statistics:
    total time:                          8.0013s
    total number of events:              5754

Latency (ms):
         min:                                    1.34
         avg:                                    1.39
         max:                                    8.92
         95th percentile:                        1.42
         sum:                                 7994.72

Threads fairness:
    events (avg/stddev):           5754.0000/0.00
    execution time (avg/stddev):   7.9947/0.00

