sysbench 1.0.20 (using system LuaJIT 2.1.0-beta3)

Running the test with following options:
Number of threads: 4
Report intermediate results every 2 second(s)
Initializing random number generator from current time


Initializing worker threads...

Threads started!

[ 2s ] thds: 4 tps: 2595.83 qps: 2595.83 (r/w/o: 2595.83/0.00/0.00) lat (ms,95%): 2.03 err/s: 0.00 reconn/s: 0.00
[ 4s ] thds: 4 tps: 2613.40 qps: 2613.40 (r/w/o: 2613.40/0.00/0.00) lat (ms,95%): 2.07 err/s: 0.00 reconn/s: 0.00
[ 6s ] thds: 4 tps: 2620.00 qps: 2620.00 (r/w/o: 2620.00/0.00/0.00) lat (ms,95%): 2.07 err/s: 0.00 reconn/s: 0.00
[ 8s ] thds: 4 tps: 2603.99 qps: 2603.99 (r/w/o: 2603.99/0.00/0.00) lat (ms,95%): 2.07 err/s: 0.00 reconn/s: 0.00
[ 10s ] thds: 4 tps: 2594.50 qps: 2594.50 (r/w/o: 2594.50/0.00/0.00) lat (ms,95%): 2.11 err/s: 0.00 reconn/s: 0.00
[ 12s ] thds: 4 tps: 2608.02 qps: 2608.02 (r/w/o: 2608.02/0.00/0.00) lat (ms,95%): 2.07 err/s: 0.00 reconn/s: 0.00
[ 14s ] thds: 4 tps: 2612.99 qps: 2612.99 (r/w/o: 2612.99/0.00/0.00) lat (ms,95%): 2.07 err/s: 0.00 reconn/s: 0.00
[ 16s ] thds: 4 tps: 2614.00 qps: 2614.00 (r/w/o: 2614.00/0.00/0.00) lat (ms,95%): 2.07 err/s: 0.00 reconn/s: 0.00
[ 18s ] thds: 4 tps: 2610.51 qps: 2610.51 (r/w/o: 2610.51/0.00/0.00) lat (ms,95%): 2.07 err/s: 0.00 reconn/s: 0.00
SQL statistics:
    queries performed:
        read:                            46952
        write:                           0
        other:                           0
        total:                           46952
    transactions:                        46952  (2608.09 per sec.)
    queries:                             46952  (2608.09 per sec.)
    ignored errors:                      0      (0.00 per sec.)
    reconnects:                          0      (0.00 per sec.)

General statistics:
    total time:                          18.0021s
    total number of events:              46952

Latency (ms):
         min:                                    0.69
         avg:                                    1.53
         max:                                   21.94
         95th percentile:                        2.07
         sum:                                71942.29

Threads fairness:
    events (avg/stddev):           11738.0000/53.99
    execution time (avg/stddev):   17.9856/0.00

