sysbench 1.0.20 (using system LuaJIT 2.1.0-beta3)

Running the test with following options:
Number of threads: 4
Report intermediate results every 2 second(s)
Initializing random number generator from current time


Initializing worker threads...

Threads started!

[ 2s ] thds: 4 tps: 466.35 qps: 466.35 (r/w/o: 466.35/0.00/0.00) lat (ms,95%): 11.65 err/s: 0.00 reconn/s: 0.00
[ 4s ] thds: 4 tps: 469.52 qps: 469.52 (r/w/o: 469.52/0.00/0.00) lat (ms,95%): 11.65 err/s: 0.00 reconn/s: 0.00
[ 6s ] thds: 4 tps: 470.45 qps: 470.45 (r/w/o: 470.45/0.00/0.00) lat (ms,95%): 11.65 err/s: 0.00 reconn/s: 0.00
[ 8s ] thds: 4 tps: 469.52 qps: 469.52 (r/w/o: 469.52/0.00/0.00) lat (ms,95%): 11.45 err/s: 0.00 reconn/s: 0.00
[ 10s ] thds: 4 tps: 470.02 qps: 470.02 (r/w/o: 470.02/0.00/0.00) lat (ms,95%): 11.87 err/s: 0.00 reconn/s: 0.00
[ 12s ] thds: 4 tps: 468.50 qps: 468.50 (r/w/o: 468.50/0.00/0.00) lat (ms,95%): 11.45 err/s: 0.00 reconn/s: 0.00
[ 14s ] thds: 4 tps: 468.00 qps: 468.00 (r/w/o: 468.00/0.00/0.00) lat (ms,95%): 11.24 err/s: 0.00 reconn/s: 0.00
[ 16s ] thds: 4 tps: 468.50 qps: 468.50 (r/w/o: 468.50/0.00/0.00) lat (ms,95%): 11.24 err/s: 0.00 reconn/s: 0.00
[ 18s ] thds: 4 tps: 466.00 qps: 466.00 (r/w/o: 466.00/0.00/0.00) lat (ms,95%): 11.65 err/s: 0.00 reconn/s: 0.00
SQL statistics:
    queries performed:
        read:                            8438
        write:                           0
        other:                           0
        total:                           8438
    transactions:                        8438   (468.64 per sec.)
    queries:                             8438   (468.64 per sec.)
    ignored errors:                      0      (0.00 per sec.)
    reconnects:                          0      (0.00 per sec.)

General statistics:
    total time:                          18.0051s
    total number of events:              8438

Latency (ms):
         min:                                    3.23
         avg:                                    8.53
         max:                                   31.09
         95th percentile:                       11.65
         sum:                                71994.18

Threads fairness:
    events (avg/stddev):           2109.5000/26.23
    execution time (avg/stddev):   17.9985/0.00

