sysbench 1.0.20 (using system LuaJIT 2.1.0-beta3)

Running the test with following options:
Number of threads: 4
Report intermediate results every 2 second(s)
Initializing random number generator from current time


Initializing worker threads...

Threads started!

[ 2s ] thds: 4 tps: 3174.98 qps: 3174.98 (r/w/o: 3174.98/0.00/0.00) lat (ms,95%): 1.67 err/s: 0.00 reconn/s: 0.00
[ 4s ] thds: 4 tps: 3208.09 qps: 3208.09 (r/w/o: 3208.09/0.00/0.00) lat (ms,95%): 1.67 err/s: 0.00 reconn/s: 0.00
[ 6s ] thds: 4 tps: 3203.94 qps: 3203.94 (r/w/o: 3203.94/0.00/0.00) lat (ms,95%): 1.67 err/s: 0.00 reconn/s: 0.00
[ 8s ] thds: 4 tps: 3206.95 qps: 3206.95 (r/w/o: 3206.95/0.00/0.00) lat (ms,95%): 1.70 err/s: 0.00 reconn/s: 0.00
[ 10s ] thds: 4 tps: 3205.62 qps: 3205.62 (r/w/o: 3205.62/0.00/0.00) lat (ms,95%): 1.70 err/s: 0.00 reconn/s: 0.00
[ 12s ] thds: 4 tps: 3211.98 qps: 3211.98 (r/w/o: 3211.98/0.00/0.00) lat (ms,95%): 1.61 err/s: 0.00 reconn/s: 0.00
[ 14s ] thds: 4 tps: 3197.47 qps: 3197.47 (r/w/o: 3197.47/0.00/0.00) lat (ms,95%): 1.67 err/s: 0.00 reconn/s: 0.00
[ 16s ] thds: 4 tps: 3215.04 qps: 3215.04 (r/w/o: 3215.04/0.00/0.00) lat (ms,95%): 1.64 err/s: 0.00 reconn/s: 0.00
[ 18s ] thds: 4 tps: 3220.99 qps: 3220.99 (r/w/o: 3220.99/0.00/0.00) lat (ms,95%): 1.64 err/s: 0.00 reconn/s: 0.00
SQL statistics:
    queries performed:
        read:                            57695
        write:                           0
        other:                           0
        total:                           57695
    transactions:                        57695  (3204.88 per sec.)
    queries:                             57695  (3204.88 per sec.)
    ignored errors:                      0      (0.00 per sec.)
    reconnects:                          0      (0.00 per sec.)

General statistics:
    total time:                          18.0019s
    total number of events:              57695

Latency (ms):
         min:                                    0.60
         avg:                                    1.25
         max:                                   19.14
         95th percentile:                        1.67
         sum:                                71926.26

Threads fairness:
    events (avg/stddev):           14423.7500/26.39
    execution time (avg/stddev):   17.9816/0.00

