sysbench 1.0.20 (using system LuaJIT 2.1.0-beta3)

Running the test with following options:
Number of threads: 4
Report intermediate results every 2 second(s)
Initializing random number generator from current time


Initializing worker threads...

Threads started!

[ 2s ] thds: 4 tps: 5738.86 qps: 5738.86 (r/w/o: 5738.86/0.00/0.00) lat (ms,95%): 0.94 err/s: 0.00 reconn/s: 0.00
[ 4s ] thds: 4 tps: 5815.96 qps: 5816.46 (r/w/o: 5816.46/0.00/0.00) lat (ms,95%): 0.94 err/s: 0.00 reconn/s: 0.00
[ 6s ] thds: 4 tps: 5808.51 qps: 5808.01 (r/w/o: 5808.01/0.00/0.00) lat (ms,95%): 0.94 err/s: 0.00 reconn/s: 0.00
[ 8s ] thds: 4 tps: 5816.01 qps: 5816.01 (r/w/o: 5816.01/0.00/0.00) lat (ms,95%): 0.94 err/s: 0.00 reconn/s: 0.00
[ 10s ] thds: 4 tps: 5814.97 qps: 5814.97 (r/w/o: 5814.97/0.00/0.00) lat (ms,95%): 0.95 err/s: 0.00 reconn/s: 0.00
[ 12s ] thds: 4 tps: 5797.02 qps: 5797.02 (r/w/o: 5797.02/0.00/0.00) lat (ms,95%): 0.94 err/s: 0.00 reconn/s: 0.00
[ 14s ] thds: 4 tps: 5743.52 qps: 5743.52 (r/w/o: 5743.52/0.00/0.00) lat (ms,95%): 0.95 err/s: 0.00 reconn/s: 0.00
[ 16s ] thds: 4 tps: 5740.48 qps: 5740.48 (r/w/o: 5740.48/0.00/0.00) lat (ms,95%): 0.94 err/s: 0.00 reconn/s: 0.00
[ 18s ] thds: 4 tps: 5722.03 qps: 5722.03 (r/w/o: 5722.03/0.00/0.00) lat (ms,95%): 0.97 err/s: 0.00 reconn/s: 0.00
SQL statistics:
    queries performed:
        read:                            104002
        write:                           0
        other:                           0
        total:                           104002
    transactions:                        104002 (5777.29 per sec.)
    queries:                             104002 (5777.29 per sec.)
    ignored errors:                      0      (0.00 per sec.)
    reconnects:                          0      (0.00 per sec.)

General statistics:
    total time:                          18.0015s
    total number of events:              104002

Latency (ms):
         min:                                    0.36
         avg:                                    0.69
         max:                                   24.89
         95th percentile:                        0.94
         sum:                                71867.00

Threads fairness:
    events (avg/stddev):           26000.5000/75.86
    execution time (avg/stddev):   17.9668/0.00

