sysbench 1.0.20 (using system LuaJIT 2.1.0-beta3)

Running the test with following options:
Number of threads: 1
Report intermediate results every 1 second(s)
Initializing random number generator from current time


Initializing worker threads...

Threads started!

[ 1s ] thds: 1 tps: 0.00 qps: 753.36 (r/w/o: 0.00/749.37/4.00) lat (ms,95%): 0.00 err/s: 0.00 reconn/s: 0.00
[ 2s ] thds: 1 tps: 0.00 qps: 797.32 (r/w/o: 0.00/797.32/0.00) lat (ms,95%): 0.00 err/s: 0.00 reconn/s: 0.00
[ 3s ] thds: 1 tps: 0.00 qps: 843.00 (r/w/o: 0.00/843.00/0.00) lat (ms,95%): 0.00 err/s: 0.00 reconn/s: 0.00
[ 4s ] thds: 1 tps: 1.00 qps: 1008.97 (r/w/o: 0.00/1006.97/2.00) lat (ms,95%): 3448.53 err/s: 0.00 reconn/s: 0.00
[ 5s ] thds: 1 tps: 0.00 qps: 1025.06 (r/w/o: 0.00/1025.06/0.00) lat (ms,95%): 0.00 err/s: 0.00 reconn/s: 0.00
[ 6s ] thds: 1 tps: 0.00 qps: 1054.98 (r/w/o: 0.00/1054.98/0.00) lat (ms,95%): 0.00 err/s: 0.00 reconn/s: 0.00
[ 7s ] thds: 1 tps: 1.00 qps: 1024.90 (r/w/o: 0.00/1022.90/2.00) lat (ms,95%): 2680.11 err/s: 0.00 reconn/s: 0.00
[ 8s ] thds: 1 tps: 0.00 qps: 940.10 (r/w/o: 0.00/940.10/0.00) lat (ms,95%): 0.00 err/s: 0.00 reconn/s: 0.00
[ 9s ] thds: 1 tps: 0.00 qps: 871.96 (r/w/o: 0.00/871.96/0.00) lat (ms,95%): 0.00 err/s: 0.00 reconn/s: 0.00
SQL statistics:
    queries performed:
        read:                            0
        write:                           8404
        other:                           8
        total:                           8412
    transactions:                        3      (0.33 per sec.)
    queries:                             8412   (923.83 per sec.)
    ignored errors:                      0      (0.00 per sec.)
    reconnects:                          0      (0.00 per sec.)

General statistics:
    total time:                          9.1052s
    total number of events:              3

Latency (ms):
         min:                                 2674.68
         avg:                                 3034.87
         max:                                 3433.57
         95th percentile:                     3448.53
         sum:                                 9104.62

Threads fairness:
    events (avg/stddev):           3.0000/0.00
    execution time (avg/stddev):   9.1046/0.00

