sysbench 1.0.20 (using system LuaJIT 2.1.0-beta3)

Running the test with following options:
Number of threads: 1
Report intermediate results every 1 second(s)
Initializing random number generator from current time


Initializing worker threads...

Threads started!

[ 1s ] thds: 1 tps: 1.00 qps: 1684.07 (r/w/o: 0.00/1679.07/4.99) lat (ms,95%): 601.29 err/s: 0.00 reconn/s: 0.00
[ 2s ] thds: 1 tps: 2.00 qps: 1606.10 (r/w/o: 0.00/1602.09/4.00) lat (ms,95%): 590.56 err/s: 0.00 reconn/s: 0.00
[ 3s ] thds: 1 tps: 1.00 qps: 1488.98 (r/w/o: 0.00/1486.98/2.00) lat (ms,95%): 669.89 err/s: 0.00 reconn/s: 0.00
[ 4s ] thds: 1 tps: 2.00 qps: 1255.00 (r/w/o: 0.00/1251.00/4.00) lat (ms,95%): 816.63 err/s: 0.00 reconn/s: 0.00
[ 5s ] thds: 1 tps: 1.00 qps: 1355.99 (r/w/o: 0.00/1353.99/2.00) lat (ms,95%): 733.00 err/s: 0.00 reconn/s: 0.00
[ 6s ] thds: 1 tps: 1.00 qps: 1175.06 (r/w/o: 0.00/1173.06/2.00) lat (ms,95%): 816.63 err/s: 0.00 reconn/s: 0.00
[ 7s ] thds: 1 tps: 1.00 qps: 1243.01 (r/w/o: 0.00/1241.01/2.00) lat (ms,95%): 831.46 err/s: 0.00 reconn/s: 0.00
[ 8s ] thds: 1 tps: 2.00 qps: 1259.96 (r/w/o: 0.00/1255.96/4.00) lat (ms,95%): 802.05 err/s: 0.00 reconn/s: 0.00
SQL statistics:
    queries performed:
        read:                            0
        write:                           12011
        other:                           25
        total:                           12036
    transactions:                        12     (1.37 per sec.)
    queries:                             12036  (1378.28 per sec.)
    ignored errors:                      0      (0.00 per sec.)
    reconnects:                          0      (0.00 per sec.)

General statistics:
    total time:                          8.7323s
    total number of events:              12

Latency (ms):
         min:                                  585.50
         avg:                                  727.64
         max:                                  834.74
         95th percentile:                      816.63
         sum:                                 8731.63

Threads fairness:
    events (avg/stddev):           12.0000/0.00
    execution time (avg/stddev):   8.7316/0.00

