sysbench 1.0.20 (using system LuaJIT 2.1.0-beta3)

Running the test with following options:
Number of threads: 1
Report intermediate results every 1 second(s)
Initializing random number generator from current time


Initializing worker threads...

Threads started!

[ 1s ] thds: 1 tps: 0.00 qps: 945.07 (r/w/o: 0.00/942.08/3.00) lat (ms,95%): 0.00 err/s: 0.00 reconn/s: 0.00
[ 2s ] thds: 1 tps: 0.00 qps: 921.50 (r/w/o: 0.00/921.50/0.00) lat (ms,95%): 0.00 err/s: 0.00 reconn/s: 0.00
[ 3s ] thds: 1 tps: 0.00 qps: 924.96 (r/w/o: 0.00/924.96/0.00) lat (ms,95%): 0.00 err/s: 0.00 reconn/s: 0.00
[ 4s ] thds: 1 tps: 0.00 qps: 944.98 (r/w/o: 0.00/944.98/0.00) lat (ms,95%): 0.00 err/s: 0.00 reconn/s: 0.00
[ 5s ] thds: 1 tps: 1.00 qps: 900.04 (r/w/o: 0.00/898.04/2.00) lat (ms,95%): 4280.32 err/s: 0.00 reconn/s: 0.00
[ 6s ] thds: 1 tps: 0.00 qps: 944.99 (r/w/o: 0.00/944.99/0.00) lat (ms,95%): 0.00 err/s: 0.00 reconn/s: 0.00
[ 7s ] thds: 1 tps: 0.00 qps: 984.99 (r/w/o: 0.00/984.99/0.00) lat (ms,95%): 0.00 err/s: 0.00 reconn/s: 0.00
[ 8s ] thds: 1 tps: 0.00 qps: 1002.02 (r/w/o: 0.00/1002.02/0.00) lat (ms,95%): 0.00 err/s: 0.00 reconn/s: 0.00
SQL statistics:
    queries performed:
        read:                            0
        write:                           8001
        other:                           5
        total:                           8006
    transactions:                        2      (0.24 per sec.)
    queries:                             8006   (947.09 per sec.)
    ignored errors:                      0      (0.00 per sec.)
    reconnects:                          0      (0.00 per sec.)

General statistics:
    total time:                          8.4529s
    total number of events:              2

Latency (ms):
         min:                                 4185.62
         avg:                                 4226.19
         max:                                 4266.75
         95th percentile:                     4280.32
         sum:                                 8452.37

Threads fairness:
    events (avg/stddev):           2.0000/0.00
    execution time (avg/stddev):   8.4524/0.00

