sysbench 1.0.20 (using system LuaJIT 2.1.0-beta3)

Running the test with following options:
Number of threads: 4
Report intermediate results every 3 second(s)
Initializing random number generator from current time


Initializing worker threads...

Threads started!

[ 3s ] thds: 4 tps: 16304.66 qps: 16304.66 (r/w/o: 16304.66/0.00/0.00) lat (ms,95%): 0.35 err/s: 0.00 reconn/s: 0.00
[ 6s ] thds: 4 tps: 16511.40 qps: 16511.40 (r/w/o: 16511.40/0.00/0.00) lat (ms,95%): 0.36 err/s: 0.00 reconn/s: 0.00
[ 9s ] thds: 4 tps: 16931.06 qps: 16931.06 (r/w/o: 16931.06/0.00/0.00) lat (ms,95%): 0.35 err/s: 0.00 reconn/s: 0.00
[ 12s ] thds: 4 tps: 16823.07 qps: 16823.07 (r/w/o: 16823.07/0.00/0.00) lat (ms,95%): 0.35 err/s: 0.00 reconn/s: 0.00
[ 15s ] thds: 4 tps: 17501.04 qps: 17501.04 (r/w/o: 17501.04/0.00/0.00) lat (ms,95%): 0.34 err/s: 0.00 reconn/s: 0.00
[ 18s ] thds: 4 tps: 16879.52 qps: 16879.52 (r/w/o: 16879.52/0.00/0.00) lat (ms,95%): 0.35 err/s: 0.00 reconn/s: 0.00
[ 21s ] thds: 4 tps: 16644.61 qps: 16644.61 (r/w/o: 16644.61/0.00/0.00) lat (ms,95%): 0.35 err/s: 0.00 reconn/s: 0.00
[ 24s ] thds: 4 tps: 16792.49 qps: 16792.49 (r/w/o: 16792.49/0.00/0.00) lat (ms,95%): 0.35 err/s: 0.00 reconn/s: 0.00
[ 27s ] thds: 4 tps: 16367.81 qps: 16367.81 (r/w/o: 16367.81/0.00/0.00) lat (ms,95%): 0.36 err/s: 0.00 reconn/s: 0.00
[ 30s ] thds: 4 tps: 16616.85 qps: 16616.85 (r/w/o: 16616.85/0.00/0.00) lat (ms,95%): 0.36 err/s: 0.00 reconn/s: 0.00
[ 33s ] thds: 4 tps: 17525.86 qps: 17525.86 (r/w/o: 17525.86/0.00/0.00) lat (ms,95%): 0.34 err/s: 0.00 reconn/s: 0.00
[ 36s ] thds: 4 tps: 17004.34 qps: 17004.34 (r/w/o: 17004.34/0.00/0.00) lat (ms,95%): 0.35 err/s: 0.00 reconn/s: 0.00
[ 39s ] thds: 4 tps: 16982.49 qps: 16982.49 (r/w/o: 16982.49/0.00/0.00) lat (ms,95%): 0.35 err/s: 0.00 reconn/s: 0.00
[ 42s ] thds: 4 tps: 17214.69 qps: 17214.69 (r/w/o: 17214.69/0.00/0.00) lat (ms,95%): 0.34 err/s: 0.00 reconn/s: 0.00
[ 45s ] thds: 4 tps: 16266.69 qps: 16266.69 (r/w/o: 16266.69/0.00/0.00) lat (ms,95%): 0.36 err/s: 0.00 reconn/s: 0.00
[ 48s ] thds: 4 tps: 16452.38 qps: 16452.72 (r/w/o: 16452.72/0.00/0.00) lat (ms,95%): 0.36 err/s: 0.00 reconn/s: 0.00
[ 51s ] thds: 4 tps: 16879.30 qps: 16878.96 (r/w/o: 16878.96/0.00/0.00) lat (ms,95%): 0.35 err/s: 0.00 reconn/s: 0.00
[ 54s ] thds: 4 tps: 16955.46 qps: 16955.46 (r/w/o: 16955.46/0.00/0.00) lat (ms,95%): 0.34 err/s: 0.00 reconn/s: 0.00
[ 57s ] thds: 4 tps: 16513.44 qps: 16513.44 (r/w/o: 16513.44/0.00/0.00) lat (ms,95%): 0.35 err/s: 0.00 reconn/s: 0.00
[ 60s ] thds: 4 tps: 17160.75 qps: 17160.75 (r/w/o: 17160.75/0.00/0.00) lat (ms,95%): 0.35 err/s: 0.00 reconn/s: 0.00
SQL statistics:
    queries performed:
        read:                            1008997
        write:                           0
        other:                           0
        total:                           1008997
    transactions:                        1008997 (16816.17 per sec.)
    queries:                             1008997 (16816.17 per sec.)
    ignored errors:                      0      (0.00 per sec.)
    reconnects:                          0      (0.00 per sec.)

General statistics:
    total time:                          60.0012s
    total number of events:              1008997

Latency (ms):
         min:                                    0.12
         avg:                                    0.24
         max:                                   17.33
         95th percentile:                        0.35
         sum:                               238830.31

Threads fairness:
    events (avg/stddev):           252249.2500/465.38
    execution time (avg/stddev):   59.7076/0.00

