sysbench 1.0.20 (using system LuaJIT 2.1.0-beta3)

Running the test with following options:
Number of threads: 4
Report intermediate results every 3 second(s)
Initializing random number generator from current time


Initializing worker threads...

Threads started!

[ 3s ] thds: 4 tps: 1331.34 qps: 1331.34 (r/w/o: 1331.34/0.00/0.00) lat (ms,95%): 3.13 err/s: 0.00 reconn/s: 0.00
[ 6s ] thds: 4 tps: 1355.10 qps: 1355.10 (r/w/o: 1355.10/0.00/0.00) lat (ms,95%): 3.13 err/s: 0.00 reconn/s: 0.00
[ 9s ] thds: 4 tps: 1361.01 qps: 1361.01 (r/w/o: 1361.01/0.00/0.00) lat (ms,95%): 3.07 err/s: 0.00 reconn/s: 0.00
[ 12s ] thds: 4 tps: 1359.65 qps: 1359.65 (r/w/o: 1359.65/0.00/0.00) lat (ms,95%): 3.13 err/s: 0.00 reconn/s: 0.00
[ 15s ] thds: 4 tps: 1357.00 qps: 1357.00 (r/w/o: 1357.00/0.00/0.00) lat (ms,95%): 3.13 err/s: 0.00 reconn/s: 0.00
[ 18s ] thds: 4 tps: 1361.34 qps: 1361.34 (r/w/o: 1361.34/0.00/0.00) lat (ms,95%): 3.13 err/s: 0.00 reconn/s: 0.00
[ 21s ] thds: 4 tps: 1359.32 qps: 1359.32 (r/w/o: 1359.32/0.00/0.00) lat (ms,95%): 3.13 err/s: 0.00 reconn/s: 0.00
[ 24s ] thds: 4 tps: 1360.68 qps: 1360.68 (r/w/o: 1360.68/0.00/0.00) lat (ms,95%): 3.13 err/s: 0.00 reconn/s: 0.00
[ 27s ] thds: 4 tps: 1365.33 qps: 1365.33 (r/w/o: 1365.33/0.00/0.00) lat (ms,95%): 3.07 err/s: 0.00 reconn/s: 0.00
[ 30s ] thds: 4 tps: 1363.66 qps: 1363.66 (r/w/o: 1363.66/0.00/0.00) lat (ms,95%): 3.07 err/s: 0.00 reconn/s: 0.00
[ 33s ] thds: 4 tps: 1362.33 qps: 1362.33 (r/w/o: 1362.33/0.00/0.00) lat (ms,95%): 3.13 err/s: 0.00 reconn/s: 0.00
[ 36s ] thds: 4 tps: 1362.66 qps: 1362.66 (r/w/o: 1362.66/0.00/0.00) lat (ms,95%): 3.07 err/s: 0.00 reconn/s: 0.00
[ 39s ] thds: 4 tps: 1362.01 qps: 1362.01 (r/w/o: 1362.01/0.00/0.00) lat (ms,95%): 3.07 err/s: 0.00 reconn/s: 0.00
[ 42s ] thds: 4 tps: 1366.00 qps: 1366.00 (r/w/o: 1366.00/0.00/0.00) lat (ms,95%): 3.13 err/s: 0.00 reconn/s: 0.00
[ 45s ] thds: 4 tps: 1360.67 qps: 1360.67 (r/w/o: 1360.67/0.00/0.00) lat (ms,95%): 3.07 err/s: 0.00 reconn/s: 0.00
[ 48s ] thds: 4 tps: 1364.33 qps: 1364.33 (r/w/o: 1364.33/0.00/0.00) lat (ms,95%): 3.13 err/s: 0.00 reconn/s: 0.00
[ 51s ] thds: 4 tps: 1358.00 qps: 1358.00 (r/w/o: 1358.00/0.00/0.00) lat (ms,95%): 3.13 err/s: 0.00 reconn/s: 0.00
[ 54s ] thds: 4 tps: 1361.33 qps: 1361.33 (r/w/o: 1361.33/0.00/0.00) lat (ms,95%): 3.13 err/s: 0.00 reconn/s: 0.00
[ 57s ] thds: 4 tps: 1356.33 qps: 1356.33 (r/w/o: 1356.33/0.00/0.00) lat (ms,95%): 3.19 err/s: 0.00 reconn/s: 0.00
[ 60s ] thds: 4 tps: 1350.66 qps: 1350.66 (r/w/o: 1350.66/0.00/0.00) lat (ms,95%): 3.13 err/s: 0.00 reconn/s: 0.00
SQL statistics:
    queries performed:
        read:                            81541
        write:                           0
        other:                           0
        total:                           81541
    transactions:                        81541  (1358.95 per sec.)
    queries:                             81541  (1358.95 per sec.)
    ignored errors:                      0      (0.00 per sec.)
    reconnects:                          0      (0.00 per sec.)

General statistics:
    total time:                          60.0024s
    total number of events:              81541

Latency (ms):
         min:                                    1.48
         avg:                                    2.94
         max:                                   22.42
         95th percentile:                        3.13
         sum:                               239904.01

Threads fairness:
    events (avg/stddev):           20385.2500/67.01
    execution time (avg/stddev):   59.9760/0.00

