sysbench 1.0.20 (using system LuaJIT 2.1.0-beta3)

Running the test with following options:
Number of threads: 4
Report intermediate results every 2 second(s)
Initializing random number generator from current time


Initializing worker threads...

Threads started!

[ 2s ] thds: 4 tps: 11499.30 qps: 11499.30 (r/w/o: 11499.30/0.00/0.00) lat (ms,95%): 0.49 err/s: 0.00 reconn/s: 0.00
[ 4s ] thds: 4 tps: 11584.68 qps: 11584.68 (r/w/o: 11584.68/0.00/0.00) lat (ms,95%): 0.49 err/s: 0.00 reconn/s: 0.00
[ 6s ] thds: 4 tps: 11659.21 qps: 11659.21 (r/w/o: 11659.21/0.00/0.00) lat (ms,95%): 0.48 err/s: 0.00 reconn/s: 0.00
[ 8s ] thds: 4 tps: 11645.81 qps: 11645.81 (r/w/o: 11645.81/0.00/0.00) lat (ms,95%): 0.48 err/s: 0.00 reconn/s: 0.00
[ 10s ] thds: 4 tps: 12033.64 qps: 12033.64 (r/w/o: 12033.64/0.00/0.00) lat (ms,95%): 0.46 err/s: 0.00 reconn/s: 0.00
[ 12s ] thds: 4 tps: 11837.00 qps: 11837.00 (r/w/o: 11837.00/0.00/0.00) lat (ms,95%): 0.48 err/s: 0.00 reconn/s: 0.00
[ 14s ] thds: 4 tps: 11754.58 qps: 11754.58 (r/w/o: 11754.58/0.00/0.00) lat (ms,95%): 0.47 err/s: 0.00 reconn/s: 0.00
[ 16s ] thds: 4 tps: 11579.98 qps: 11579.98 (r/w/o: 11579.98/0.00/0.00) lat (ms,95%): 0.49 err/s: 0.00 reconn/s: 0.00
[ 18s ] thds: 4 tps: 11691.98 qps: 11691.98 (r/w/o: 11691.98/0.00/0.00) lat (ms,95%): 0.49 err/s: 0.00 reconn/s: 0.00
SQL statistics:
    queries performed:
        read:                            210580
        write:                           0
        other:                           0
        total:                           210580
    transactions:                        210580 (11697.99 per sec.)
    queries:                             210580 (11697.99 per sec.)
    ignored errors:                      0      (0.00 per sec.)
    reconnects:                          0      (0.00 per sec.)

General statistics:
    total time:                          18.0010s
    total number of events:              210580

Latency (ms):
         min:                                    0.19
         avg:                                    0.34
         max:                                   19.63
         95th percentile:                        0.48
         sum:                                71758.25

Threads fairness:
    events (avg/stddev):           52645.0000/258.05
    execution time (avg/stddev):   17.9396/0.00

