sysbench 1.0.20 (using system LuaJIT 2.1.0-beta3)

Running the test with following options:
Number of threads: 4
Report intermediate results every 2 second(s)
Initializing random number generator from current time


Initializing worker threads...

Threads started!

[ 2s ] thds: 4 tps: 3145.02 qps: 3145.02 (r/w/o: 3145.02/0.00/0.00) lat (ms,95%): 1.73 err/s: 0.00 reconn/s: 0.00
[ 4s ] thds: 4 tps: 3303.44 qps: 3303.44 (r/w/o: 3303.44/0.00/0.00) lat (ms,95%): 1.50 err/s: 0.00 reconn/s: 0.00
[ 6s ] thds: 4 tps: 3193.01 qps: 3193.01 (r/w/o: 3193.01/0.00/0.00) lat (ms,95%): 1.64 err/s: 0.00 reconn/s: 0.00
[ 8s ] thds: 4 tps: 3198.50 qps: 3198.50 (r/w/o: 3198.50/0.00/0.00) lat (ms,95%): 1.67 err/s: 0.00 reconn/s: 0.00
[ 10s ] thds: 4 tps: 3204.53 qps: 3204.53 (r/w/o: 3204.53/0.00/0.00) lat (ms,95%): 1.58 err/s: 0.00 reconn/s: 0.00
[ 12s ] thds: 4 tps: 3102.96 qps: 3102.96 (r/w/o: 3102.96/0.00/0.00) lat (ms,95%): 1.73 err/s: 0.00 reconn/s: 0.00
[ 14s ] thds: 4 tps: 3133.08 qps: 3133.08 (r/w/o: 3133.08/0.00/0.00) lat (ms,95%): 1.76 err/s: 0.00 reconn/s: 0.00
[ 16s ] thds: 4 tps: 3118.95 qps: 3118.95 (r/w/o: 3118.95/0.00/0.00) lat (ms,95%): 1.76 err/s: 0.00 reconn/s: 0.00
[ 18s ] thds: 4 tps: 3145.48 qps: 3145.48 (r/w/o: 3145.48/0.00/0.00) lat (ms,95%): 1.64 err/s: 0.00 reconn/s: 0.00
SQL statistics:
    queries performed:
        read:                            57096
        write:                           0
        other:                           0
        total:                           57096
    transactions:                        57096  (3171.61 per sec.)
    queries:                             57096  (3171.61 per sec.)
    ignored errors:                      0      (0.00 per sec.)
    reconnects:                          0      (0.00 per sec.)

General statistics:
    total time:                          18.0018s
    total number of events:              57096

Latency (ms):
         min:                                    0.63
         avg:                                    1.26
         max:                                   19.20
         95th percentile:                        1.67
         sum:                                71918.41

Threads fairness:
    events (avg/stddev):           14274.0000/28.02
    execution time (avg/stddev):   17.9796/0.00

