sysbench 1.0.20 (using system LuaJIT 2.1.0-beta3)

Running the test with following options:
Number of threads: 4
Report intermediate results every 2 second(s)
Initializing random number generator from current time


Initializing worker threads...

Threads started!

[ 2s ] thds: 4 tps: 2.00 qps: 6048.51 (r/w/o: 0.00/1512.13/4536.38) lat (ms,95%): 1973.38 err/s: 0.00 reconn/s: 0.00
[ 4s ] thds: 4 tps: 2.00 qps: 6255.89 (r/w/o: 0.00/1562.97/4692.92) lat (ms,95%): 1903.57 err/s: 0.00 reconn/s: 0.00
[ 6s ] thds: 4 tps: 2.00 qps: 6398.00 (r/w/o: 0.00/1598.50/4799.50) lat (ms,95%): 1869.60 err/s: 0.00 reconn/s: 0.00
[ 8s ] thds: 4 tps: 2.00 qps: 6204.10 (r/w/o: 0.00/1550.03/4654.08) lat (ms,95%): 1938.16 err/s: 0.00 reconn/s: 0.00
[ 10s ] thds: 4 tps: 2.00 qps: 6305.80 (r/w/o: 0.00/1575.45/4730.35) lat (ms,95%): 1903.57 err/s: 0.00 reconn/s: 0.00
[ 12s ] thds: 4 tps: 2.00 qps: 6333.07 (r/w/o: 0.00/1582.39/4750.67) lat (ms,95%): 1869.60 err/s: 0.00 reconn/s: 0.00
[ 14s ] thds: 4 tps: 2.00 qps: 6230.35 (r/w/o: 0.00/1556.59/4673.76) lat (ms,95%): 1938.16 err/s: 0.00 reconn/s: 0.00
[ 16s ] thds: 4 tps: 2.00 qps: 6394.12 (r/w/o: 0.00/1597.53/4796.59) lat (ms,95%): 1869.60 err/s: 0.00 reconn/s: 0.00
[ 18s ] thds: 4 tps: 2.00 qps: 6348.55 (r/w/o: 0.00/1586.01/4762.54) lat (ms,95%): 1869.60 err/s: 0.00 reconn/s: 0.00
SQL statistics:
    queries performed:
        read:                            0
        write:                           30014
        other:                           90106
        total:                           120120
    transactions:                        40     (2.09 per sec.)
    queries:                             120120 (6283.72 per sec.)
    ignored errors:                      0      (0.00 per sec.)
    reconnects:                          0      (0.00 per sec.)

General statistics:
    total time:                          19.1157s
    total number of events:              40

Latency (ms):
         min:                                 1856.84
         avg:                                 1911.46
         max:                                 1975.59
         95th percentile:                     1973.38
         sum:                                76458.36

Threads fairness:
    events (avg/stddev):           10.0000/0.00
    execution time (avg/stddev):   19.1146/0.00

