sysbench 1.0.20 (using system LuaJIT 2.1.0-beta3)

Running the test with following options:
Number of threads: 4
Report intermediate results every 2 second(s)
Initializing random number generator from current time


Initializing worker threads...

Threads started!

[ 2s ] thds: 4 tps: 2278.00 qps: 6836.99 (r/w/o: 6836.99/0.00/0.00) lat (ms,95%): 2.26 err/s: 0.00 reconn/s: 0.00
[ 4s ] thds: 4 tps: 2326.34 qps: 6978.52 (r/w/o: 6978.52/0.00/0.00) lat (ms,95%): 2.18 err/s: 0.00 reconn/s: 0.00
[ 6s ] thds: 4 tps: 2351.49 qps: 7054.96 (r/w/o: 7054.96/0.00/0.00) lat (ms,95%): 2.14 err/s: 0.00 reconn/s: 0.00
[ 8s ] thds: 4 tps: 2360.53 qps: 7080.59 (r/w/o: 7080.59/0.00/0.00) lat (ms,95%): 2.14 err/s: 0.00 reconn/s: 0.00
[ 10s ] thds: 4 tps: 2365.99 qps: 7098.48 (r/w/o: 7098.48/0.00/0.00) lat (ms,95%): 2.14 err/s: 0.00 reconn/s: 0.00
[ 12s ] thds: 4 tps: 2363.01 qps: 7088.53 (r/w/o: 7088.53/0.00/0.00) lat (ms,95%): 2.14 err/s: 0.00 reconn/s: 0.00
[ 14s ] thds: 4 tps: 2362.51 qps: 7088.04 (r/w/o: 7088.04/0.00/0.00) lat (ms,95%): 2.11 err/s: 0.00 reconn/s: 0.00
[ 16s ] thds: 4 tps: 2359.95 qps: 7078.36 (r/w/o: 7078.36/0.00/0.00) lat (ms,95%): 2.14 err/s: 0.00 reconn/s: 0.00
[ 18s ] thds: 4 tps: 2341.48 qps: 7025.94 (r/w/o: 7025.94/0.00/0.00) lat (ms,95%): 2.18 err/s: 0.00 reconn/s: 0.00
SQL statistics:
    queries performed:
        read:                            126669
        write:                           0
        other:                           0
        total:                           126669
    transactions:                        42223  (2345.47 per sec.)
    queries:                             126669 (7036.40 per sec.)
    ignored errors:                      0      (0.00 per sec.)
    reconnects:                          0      (0.00 per sec.)

General statistics:
    total time:                          18.0016s
    total number of events:              42223

Latency (ms):
         min:                                    1.01
         avg:                                    1.70
         max:                                   19.66
         95th percentile:                        2.14
         sum:                                71947.35

Threads fairness:
    events (avg/stddev):           10555.7500/29.84
    execution time (avg/stddev):   17.9868/0.00

