sysbench 1.0.20 (using system LuaJIT 2.1.0-beta3)

Running the test with following options:
Number of threads: 1
Report intermediate results every 1 second(s)
Initializing random number generator from current time


Initializing worker threads...

Threads started!

[ 1s ] thds: 1 tps: 1.00 qps: 884.16 (r/w/o: 0.00/879.16/5.00) lat (ms,95%): 569.67 err/s: 0.00 reconn/s: 0.00
[ 2s ] thds: 1 tps: 2.00 qps: 850.39 (r/w/o: 0.00/846.39/4.00) lat (ms,95%): 580.02 err/s: 0.00 reconn/s: 0.00
[ 3s ] thds: 1 tps: 2.00 qps: 882.98 (r/w/o: 0.00/878.98/4.00) lat (ms,95%): 612.21 err/s: 0.00 reconn/s: 0.00
[ 4s ] thds: 1 tps: 2.00 qps: 947.02 (r/w/o: 0.00/943.02/4.00) lat (ms,95%): 559.50 err/s: 0.00 reconn/s: 0.00
[ 5s ] thds: 1 tps: 1.00 qps: 932.94 (r/w/o: 0.00/930.94/2.00) lat (ms,95%): 549.52 err/s: 0.00 reconn/s: 0.00
[ 6s ] thds: 1 tps: 2.00 qps: 922.08 (r/w/o: 0.00/918.08/4.00) lat (ms,95%): 549.52 err/s: 0.00 reconn/s: 0.00
[ 7s ] thds: 1 tps: 2.00 qps: 1039.98 (r/w/o: 0.00/1035.98/4.00) lat (ms,95%): 520.62 err/s: 0.00 reconn/s: 0.00
[ 8s ] thds: 1 tps: 2.00 qps: 987.00 (r/w/o: 0.00/983.00/4.00) lat (ms,95%): 511.33 err/s: 0.00 reconn/s: 0.00
SQL statistics:
    queries performed:
        read:                            0
        write:                           7499
        other:                           31
        total:                           7530
    transactions:                        15     (1.86 per sec.)
    queries:                             7530   (931.76 per sec.)
    ignored errors:                      0      (0.00 per sec.)
    reconnects:                          0      (0.00 per sec.)

General statistics:
    total time:                          8.0811s
    total number of events:              15

Latency (ms):
         min:                                  478.80
         avg:                                  538.69
         max:                                  609.93
         95th percentile:                      580.02
         sum:                                 8080.40

Threads fairness:
    events (avg/stddev):           15.0000/0.00
    execution time (avg/stddev):   8.0804/0.00

