sysbench 1.0.20 (using system LuaJIT 2.1.0-beta3)

Running the test with following options:
Number of threads: 1
Report intermediate results every 1 second(s)
Initializing random number generator from current time


Initializing worker threads...

Threads started!

[ 1s ] thds: 1 tps: 0.00 qps: 911.16 (r/w/o: 0.00/908.17/3.00) lat (ms,95%): 0.00 err/s: 0.00 reconn/s: 0.00
[ 2s ] thds: 1 tps: 0.00 qps: 783.35 (r/w/o: 0.00/783.35/0.00) lat (ms,95%): 0.00 err/s: 0.00 reconn/s: 0.00
[ 3s ] thds: 1 tps: 0.00 qps: 805.89 (r/w/o: 0.00/805.89/0.00) lat (ms,95%): 0.00 err/s: 0.00 reconn/s: 0.00
[ 4s ] thds: 1 tps: 0.00 qps: 875.16 (r/w/o: 0.00/875.16/0.00) lat (ms,95%): 0.00 err/s: 0.00 reconn/s: 0.00
[ 5s ] thds: 1 tps: 1.00 qps: 721.92 (r/w/o: 0.00/719.92/2.00) lat (ms,95%): 4768.67 err/s: 0.00 reconn/s: 0.00
[ 6s ] thds: 1 tps: 0.00 qps: 824.04 (r/w/o: 0.00/824.04/0.00) lat (ms,95%): 0.00 err/s: 0.00 reconn/s: 0.00
[ 7s ] thds: 1 tps: 0.00 qps: 832.03 (r/w/o: 0.00/832.03/0.00) lat (ms,95%): 0.00 err/s: 0.00 reconn/s: 0.00
[ 8s ] thds: 1 tps: 0.00 qps: 786.99 (r/w/o: 0.00/786.99/0.00) lat (ms,95%): 0.00 err/s: 0.00 reconn/s: 0.00
[ 9s ] thds: 1 tps: 0.00 qps: 834.01 (r/w/o: 0.00/834.01/0.00) lat (ms,95%): 0.00 err/s: 0.00 reconn/s: 0.00
SQL statistics:
    queries performed:
        read:                            0
        write:                           8001
        other:                           5
        total:                           8006
    transactions:                        2      (0.21 per sec.)
    queries:                             8006   (823.55 per sec.)
    ignored errors:                      0      (0.00 per sec.)
    reconnects:                          0      (0.00 per sec.)

General statistics:
    total time:                          9.7210s
    total number of events:              2

Latency (ms):
         min:                                 4805.09
         avg:                                 4860.20
         max:                                 4915.31
         95th percentile:                     4943.53
         sum:                                 9720.40

Threads fairness:
    events (avg/stddev):           2.0000/0.00
    execution time (avg/stddev):   9.7204/0.00

