sysbench 1.0.20 (using system LuaJIT 2.1.0-beta3)

Running the test with following options:
Number of threads: 1
Report intermediate results every 1 second(s)
Initializing random number generator from current time


Initializing worker threads...

Threads started!

[ 1s ] thds: 1 tps: 3776.43 qps: 3776.43 (r/w/o: 3776.43/0.00/0.00) lat (ms,95%): 0.29 err/s: 0.00 reconn/s: 0.00
[ 2s ] thds: 1 tps: 3676.78 qps: 3676.78 (r/w/o: 3676.78/0.00/0.00) lat (ms,95%): 0.30 err/s: 0.00 reconn/s: 0.00
[ 3s ] thds: 1 tps: 3726.96 qps: 3726.96 (r/w/o: 3726.96/0.00/0.00) lat (ms,95%): 0.29 err/s: 0.00 reconn/s: 0.00
[ 4s ] thds: 1 tps: 3830.06 qps: 3830.06 (r/w/o: 3830.06/0.00/0.00) lat (ms,95%): 0.29 err/s: 0.00 reconn/s: 0.00
[ 5s ] thds: 1 tps: 3795.03 qps: 3795.03 (r/w/o: 3795.03/0.00/0.00) lat (ms,95%): 0.29 err/s: 0.00 reconn/s: 0.00
[ 6s ] thds: 1 tps: 3855.66 qps: 3855.66 (r/w/o: 3855.66/0.00/0.00) lat (ms,95%): 0.29 err/s: 0.00 reconn/s: 0.00
[ 7s ] thds: 1 tps: 3829.34 qps: 3829.34 (r/w/o: 3829.34/0.00/0.00) lat (ms,95%): 0.29 err/s: 0.00 reconn/s: 0.00
[ 8s ] thds: 1 tps: 3841.06 qps: 3841.06 (r/w/o: 3841.06/0.00/0.00) lat (ms,95%): 0.29 err/s: 0.00 reconn/s: 0.00
SQL statistics:
    queries performed:
        read:                            30334
        write:                           0
        other:                           0
        total:                           30334
    transactions:                        30334  (3791.22 per sec.)
    queries:                             30334  (3791.22 per sec.)
    ignored errors:                      0      (0.00 per sec.)
    reconnects:                          0      (0.00 per sec.)

General statistics:
    total time:                          8.0007s
    total number of events:              30334

Latency (ms):
         min:                                    0.23
         avg:                                    0.26
         max:                                    7.90
         95th percentile:                        0.29
         sum:                                 7974.80

Threads fairness:
    events (avg/stddev):           30334.0000/0.00
    execution time (avg/stddev):   7.9748/0.00

