sysbench 1.0.20 (using system LuaJIT 2.1.0-beta3)

Running the test with following options:
Number of threads: 1
Report intermediate results every 1 second(s)
Initializing random number generator from current time


Initializing worker threads...

Threads started!

[ 1s ] thds: 1 tps: 4203.12 qps: 4203.12 (r/w/o: 4203.12/0.00/0.00) lat (ms,95%): 0.26 err/s: 0.00 reconn/s: 0.00
[ 2s ] thds: 1 tps: 4229.59 qps: 4229.59 (r/w/o: 4229.59/0.00/0.00) lat (ms,95%): 0.26 err/s: 0.00 reconn/s: 0.00
[ 3s ] thds: 1 tps: 4268.88 qps: 4268.88 (r/w/o: 4268.88/0.00/0.00) lat (ms,95%): 0.26 err/s: 0.00 reconn/s: 0.00
[ 4s ] thds: 1 tps: 4207.50 qps: 4207.50 (r/w/o: 4207.50/0.00/0.00) lat (ms,95%): 0.26 err/s: 0.00 reconn/s: 0.00
[ 5s ] thds: 1 tps: 4221.84 qps: 4221.84 (r/w/o: 4221.84/0.00/0.00) lat (ms,95%): 0.26 err/s: 0.00 reconn/s: 0.00
[ 6s ] thds: 1 tps: 4188.12 qps: 4189.12 (r/w/o: 4189.12/0.00/0.00) lat (ms,95%): 0.26 err/s: 0.00 reconn/s: 0.00
[ 7s ] thds: 1 tps: 4222.00 qps: 4221.00 (r/w/o: 4221.00/0.00/0.00) lat (ms,95%): 0.26 err/s: 0.00 reconn/s: 0.00
[ 8s ] thds: 1 tps: 4230.93 qps: 4230.93 (r/w/o: 4230.93/0.00/0.00) lat (ms,95%): 0.26 err/s: 0.00 reconn/s: 0.00
SQL statistics:
    queries performed:
        read:                            33775
        write:                           0
        other:                           0
        total:                           33775
    transactions:                        33775  (4221.09 per sec.)
    queries:                             33775  (4221.09 per sec.)
    ignored errors:                      0      (0.00 per sec.)
    reconnects:                          0      (0.00 per sec.)

General statistics:
    total time:                          8.0011s
    total number of events:              33775

Latency (ms):
         min:                                    0.19
         avg:                                    0.24
         max:                                    7.83
         95th percentile:                        0.26
         sum:                                 7966.20

Threads fairness:
    events (avg/stddev):           33775.0000/0.00
    execution time (avg/stddev):   7.9662/0.00

