sysbench 1.0.20 (using system LuaJIT 2.1.0-beta3)

Running the test with following options:
Number of threads: 4
Report intermediate results every 3 second(s)
Initializing random number generator from current time


Initializing worker threads...

Threads started!

[ 3s ] thds: 4 tps: 2778.45 qps: 2778.45 (r/w/o: 2778.45/0.00/0.00) lat (ms,95%): 1.82 err/s: 0.00 reconn/s: 0.00
[ 6s ] thds: 4 tps: 2802.28 qps: 2802.28 (r/w/o: 2802.28/0.00/0.00) lat (ms,95%): 1.82 err/s: 0.00 reconn/s: 0.00
[ 9s ] thds: 4 tps: 2801.31 qps: 2801.31 (r/w/o: 2801.31/0.00/0.00) lat (ms,95%): 1.86 err/s: 0.00 reconn/s: 0.00
[ 12s ] thds: 4 tps: 2841.05 qps: 2841.05 (r/w/o: 2841.05/0.00/0.00) lat (ms,95%): 1.82 err/s: 0.00 reconn/s: 0.00
[ 15s ] thds: 4 tps: 2820.30 qps: 2820.30 (r/w/o: 2820.30/0.00/0.00) lat (ms,95%): 1.89 err/s: 0.00 reconn/s: 0.00
[ 18s ] thds: 4 tps: 2842.67 qps: 2842.67 (r/w/o: 2842.67/0.00/0.00) lat (ms,95%): 1.79 err/s: 0.00 reconn/s: 0.00
[ 21s ] thds: 4 tps: 2847.02 qps: 2847.02 (r/w/o: 2847.02/0.00/0.00) lat (ms,95%): 1.82 err/s: 0.00 reconn/s: 0.00
[ 24s ] thds: 4 tps: 2827.62 qps: 2827.62 (r/w/o: 2827.62/0.00/0.00) lat (ms,95%): 1.86 err/s: 0.00 reconn/s: 0.00
[ 27s ] thds: 4 tps: 2835.76 qps: 2835.76 (r/w/o: 2835.76/0.00/0.00) lat (ms,95%): 1.79 err/s: 0.00 reconn/s: 0.00
[ 30s ] thds: 4 tps: 2870.28 qps: 2870.28 (r/w/o: 2870.28/0.00/0.00) lat (ms,95%): 1.79 err/s: 0.00 reconn/s: 0.00
[ 33s ] thds: 4 tps: 2845.32 qps: 2845.32 (r/w/o: 2845.32/0.00/0.00) lat (ms,95%): 1.86 err/s: 0.00 reconn/s: 0.00
[ 36s ] thds: 4 tps: 2870.38 qps: 2870.38 (r/w/o: 2870.38/0.00/0.00) lat (ms,95%): 1.82 err/s: 0.00 reconn/s: 0.00
[ 39s ] thds: 4 tps: 2864.61 qps: 2864.61 (r/w/o: 2864.61/0.00/0.00) lat (ms,95%): 1.82 err/s: 0.00 reconn/s: 0.00
[ 42s ] thds: 4 tps: 2864.61 qps: 2864.61 (r/w/o: 2864.61/0.00/0.00) lat (ms,95%): 1.82 err/s: 0.00 reconn/s: 0.00
[ 45s ] thds: 4 tps: 2858.03 qps: 2858.03 (r/w/o: 2858.03/0.00/0.00) lat (ms,95%): 1.82 err/s: 0.00 reconn/s: 0.00
[ 48s ] thds: 4 tps: 2872.36 qps: 2872.36 (r/w/o: 2872.36/0.00/0.00) lat (ms,95%): 1.79 err/s: 0.00 reconn/s: 0.00
[ 51s ] thds: 4 tps: 2867.70 qps: 2867.70 (r/w/o: 2867.70/0.00/0.00) lat (ms,95%): 1.82 err/s: 0.00 reconn/s: 0.00
[ 54s ] thds: 4 tps: 2876.97 qps: 2876.97 (r/w/o: 2876.97/0.00/0.00) lat (ms,95%): 1.79 err/s: 0.00 reconn/s: 0.00
[ 57s ] thds: 4 tps: 2871.31 qps: 2871.31 (r/w/o: 2871.31/0.00/0.00) lat (ms,95%): 1.82 err/s: 0.00 reconn/s: 0.00
[ 60s ] thds: 4 tps: 2866.69 qps: 2866.69 (r/w/o: 2866.69/0.00/0.00) lat (ms,95%): 1.82 err/s: 0.00 reconn/s: 0.00
SQL statistics:
    queries performed:
        read:                            170780
        write:                           0
        other:                           0
        total:                           170780
    transactions:                        170780 (2846.23 per sec.)
    queries:                             170780 (2846.23 per sec.)
    ignored errors:                      0      (0.00 per sec.)
    reconnects:                          0      (0.00 per sec.)

General statistics:
    total time:                          60.0018s
    total number of events:              170780

Latency (ms):
         min:                                    0.67
         avg:                                    1.40
         max:                                   21.83
         95th percentile:                        1.82
         sum:                               239756.81

Threads fairness:
    events (avg/stddev):           42695.0000/165.36
    execution time (avg/stddev):   59.9392/0.00

