sysbench 1.0.20 (using system LuaJIT 2.1.0-beta3)

Running the test with following options:
Number of threads: 4
Report intermediate results every 3 second(s)
Initializing random number generator from current time


Initializing worker threads...

Threads started!

[ 3s ] thds: 4 tps: 11519.99 qps: 11519.99 (r/w/o: 11519.99/0.00/0.00) lat (ms,95%): 0.49 err/s: 0.00 reconn/s: 0.00
[ 6s ] thds: 4 tps: 11740.13 qps: 11740.13 (r/w/o: 11740.13/0.00/0.00) lat (ms,95%): 0.48 err/s: 0.00 reconn/s: 0.00
[ 9s ] thds: 4 tps: 11654.07 qps: 11654.07 (r/w/o: 11654.07/0.00/0.00) lat (ms,95%): 0.49 err/s: 0.00 reconn/s: 0.00
[ 12s ] thds: 4 tps: 11654.48 qps: 11655.15 (r/w/o: 11655.15/0.00/0.00) lat (ms,95%): 0.49 err/s: 0.00 reconn/s: 0.00
[ 15s ] thds: 4 tps: 11729.83 qps: 11729.17 (r/w/o: 11729.17/0.00/0.00) lat (ms,95%): 0.48 err/s: 0.00 reconn/s: 0.00
[ 18s ] thds: 4 tps: 11686.33 qps: 11686.33 (r/w/o: 11686.33/0.00/0.00) lat (ms,95%): 0.47 err/s: 0.00 reconn/s: 0.00
[ 21s ] thds: 4 tps: 11652.62 qps: 11652.62 (r/w/o: 11652.62/0.00/0.00) lat (ms,95%): 0.48 err/s: 0.00 reconn/s: 0.00
[ 24s ] thds: 4 tps: 11656.68 qps: 11656.68 (r/w/o: 11656.68/0.00/0.00) lat (ms,95%): 0.49 err/s: 0.00 reconn/s: 0.00
[ 27s ] thds: 4 tps: 12228.93 qps: 12228.93 (r/w/o: 12228.93/0.00/0.00) lat (ms,95%): 0.46 err/s: 0.00 reconn/s: 0.00
[ 30s ] thds: 4 tps: 11735.79 qps: 11735.79 (r/w/o: 11735.79/0.00/0.00) lat (ms,95%): 0.47 err/s: 0.00 reconn/s: 0.00
[ 33s ] thds: 4 tps: 11688.59 qps: 11688.59 (r/w/o: 11688.59/0.00/0.00) lat (ms,95%): 0.48 err/s: 0.00 reconn/s: 0.00
[ 36s ] thds: 4 tps: 11708.42 qps: 11708.42 (r/w/o: 11708.42/0.00/0.00) lat (ms,95%): 0.48 err/s: 0.00 reconn/s: 0.00
[ 39s ] thds: 4 tps: 11676.97 qps: 11676.97 (r/w/o: 11676.97/0.00/0.00) lat (ms,95%): 0.49 err/s: 0.00 reconn/s: 0.00
[ 42s ] thds: 4 tps: 11758.94 qps: 11758.94 (r/w/o: 11758.94/0.00/0.00) lat (ms,95%): 0.48 err/s: 0.00 reconn/s: 0.00
[ 45s ] thds: 4 tps: 11729.07 qps: 11729.07 (r/w/o: 11729.07/0.00/0.00) lat (ms,95%): 0.48 err/s: 0.00 reconn/s: 0.00
[ 48s ] thds: 4 tps: 11640.69 qps: 11640.69 (r/w/o: 11640.69/0.00/0.00) lat (ms,95%): 0.49 err/s: 0.00 reconn/s: 0.00
[ 51s ] thds: 4 tps: 11643.67 qps: 11643.67 (r/w/o: 11643.67/0.00/0.00) lat (ms,95%): 0.48 err/s: 0.00 reconn/s: 0.00
[ 54s ] thds: 4 tps: 11675.62 qps: 11675.62 (r/w/o: 11675.62/0.00/0.00) lat (ms,95%): 0.48 err/s: 0.00 reconn/s: 0.00
[ 57s ] thds: 4 tps: 11700.03 qps: 11700.03 (r/w/o: 11700.03/0.00/0.00) lat (ms,95%): 0.48 err/s: 0.00 reconn/s: 0.00
[ 60s ] thds: 4 tps: 11721.88 qps: 11721.88 (r/w/o: 11721.88/0.00/0.00) lat (ms,95%): 0.48 err/s: 0.00 reconn/s: 0.00
SQL statistics:
    queries performed:
        read:                            702616
        write:                           0
        other:                           0
        total:                           702616
    transactions:                        702616 (11709.97 per sec.)
    queries:                             702616 (11709.97 per sec.)
    ignored errors:                      0      (0.00 per sec.)
    reconnects:                          0      (0.00 per sec.)

General statistics:
    total time:                          60.0012s
    total number of events:              702616

Latency (ms):
         min:                                    0.19
         avg:                                    0.34
         max:                                   17.77
         95th percentile:                        0.48
         sum:                               239193.46

Threads fairness:
    events (avg/stddev):           175654.0000/330.74
    execution time (avg/stddev):   59.7984/0.00

