sysbench 1.0.20 (using system LuaJIT 2.1.0-beta3)

Running the test with following options:
Number of threads: 4
Report intermediate results every 3 second(s)
Initializing random number generator from current time


Initializing worker threads...

Threads started!

[ 3s ] thds: 4 tps: 3315.23 qps: 3315.23 (r/w/o: 3315.23/0.00/0.00) lat (ms,95%): 1.50 err/s: 0.00 reconn/s: 0.00
[ 6s ] thds: 4 tps: 3348.73 qps: 3348.73 (r/w/o: 3348.73/0.00/0.00) lat (ms,95%): 1.44 err/s: 0.00 reconn/s: 0.00
[ 9s ] thds: 4 tps: 3320.02 qps: 3320.02 (r/w/o: 3320.02/0.00/0.00) lat (ms,95%): 1.50 err/s: 0.00 reconn/s: 0.00
[ 12s ] thds: 4 tps: 3329.99 qps: 3329.99 (r/w/o: 3329.99/0.00/0.00) lat (ms,95%): 1.50 err/s: 0.00 reconn/s: 0.00
[ 15s ] thds: 4 tps: 3331.01 qps: 3331.01 (r/w/o: 3331.01/0.00/0.00) lat (ms,95%): 1.47 err/s: 0.00 reconn/s: 0.00
[ 18s ] thds: 4 tps: 3284.29 qps: 3284.29 (r/w/o: 3284.29/0.00/0.00) lat (ms,95%): 1.50 err/s: 0.00 reconn/s: 0.00
[ 21s ] thds: 4 tps: 3287.65 qps: 3287.65 (r/w/o: 3287.65/0.00/0.00) lat (ms,95%): 1.50 err/s: 0.00 reconn/s: 0.00
[ 24s ] thds: 4 tps: 3312.71 qps: 3313.04 (r/w/o: 3313.04/0.00/0.00) lat (ms,95%): 1.47 err/s: 0.00 reconn/s: 0.00
[ 27s ] thds: 4 tps: 3326.96 qps: 3326.63 (r/w/o: 3326.63/0.00/0.00) lat (ms,95%): 1.47 err/s: 0.00 reconn/s: 0.00
[ 30s ] thds: 4 tps: 3357.32 qps: 3357.32 (r/w/o: 3357.32/0.00/0.00) lat (ms,95%): 1.47 err/s: 0.00 reconn/s: 0.00
[ 33s ] thds: 4 tps: 3335.34 qps: 3335.34 (r/w/o: 3335.34/0.00/0.00) lat (ms,95%): 1.47 err/s: 0.00 reconn/s: 0.00
[ 36s ] thds: 4 tps: 3307.66 qps: 3307.66 (r/w/o: 3307.66/0.00/0.00) lat (ms,95%): 1.50 err/s: 0.00 reconn/s: 0.00
[ 39s ] thds: 4 tps: 3198.04 qps: 3198.04 (r/w/o: 3198.04/0.00/0.00) lat (ms,95%): 1.64 err/s: 0.00 reconn/s: 0.00
[ 42s ] thds: 4 tps: 3237.31 qps: 3237.31 (r/w/o: 3237.31/0.00/0.00) lat (ms,95%): 1.55 err/s: 0.00 reconn/s: 0.00
[ 45s ] thds: 4 tps: 3312.31 qps: 3312.31 (r/w/o: 3312.31/0.00/0.00) lat (ms,95%): 1.50 err/s: 0.00 reconn/s: 0.00
[ 48s ] thds: 4 tps: 3275.99 qps: 3275.99 (r/w/o: 3275.99/0.00/0.00) lat (ms,95%): 1.52 err/s: 0.00 reconn/s: 0.00
[ 51s ] thds: 4 tps: 3320.75 qps: 3320.75 (r/w/o: 3320.75/0.00/0.00) lat (ms,95%): 1.50 err/s: 0.00 reconn/s: 0.00
[ 54s ] thds: 4 tps: 3282.03 qps: 3282.03 (r/w/o: 3282.03/0.00/0.00) lat (ms,95%): 1.50 err/s: 0.00 reconn/s: 0.00
[ 57s ] thds: 4 tps: 3235.96 qps: 3235.96 (r/w/o: 3235.96/0.00/0.00) lat (ms,95%): 1.55 err/s: 0.00 reconn/s: 0.00
[ 60s ] thds: 4 tps: 3301.33 qps: 3301.33 (r/w/o: 3301.33/0.00/0.00) lat (ms,95%): 1.55 err/s: 0.00 reconn/s: 0.00
SQL statistics:
    queries performed:
        read:                            198067
        write:                           0
        other:                           0
        total:                           198067
    transactions:                        198067 (3301.02 per sec.)
    queries:                             198067 (3301.02 per sec.)
    ignored errors:                      0      (0.00 per sec.)
    reconnects:                          0      (0.00 per sec.)

General statistics:
    total time:                          60.0013s
    total number of events:              198067

Latency (ms):
         min:                                    0.61
         avg:                                    1.21
         max:                                   20.18
         95th percentile:                        1.50
         sum:                               239712.05

Threads fairness:
    events (avg/stddev):           49516.7500/329.05
    execution time (avg/stddev):   59.9280/0.00

