sysbench 1.0.20 (using system LuaJIT 2.1.0-beta3)

Running the test with following options:
Number of threads: 1
Report intermediate results every 1 second(s)
Initializing random number generator from current time


Initializing worker threads...

Threads started!

[ 1s ] thds: 1 tps: 287.72 qps: 287.72 (r/w/o: 287.72/0.00/0.00) lat (ms,95%): 3.49 err/s: 0.00 reconn/s: 0.00
[ 2s ] thds: 1 tps: 288.12 qps: 288.12 (r/w/o: 288.12/0.00/0.00) lat (ms,95%): 3.55 err/s: 0.00 reconn/s: 0.00
[ 3s ] thds: 1 tps: 290.00 qps: 290.00 (r/w/o: 290.00/0.00/0.00) lat (ms,95%): 3.49 err/s: 0.00 reconn/s: 0.00
[ 4s ] thds: 1 tps: 288.02 qps: 288.02 (r/w/o: 288.02/0.00/0.00) lat (ms,95%): 3.55 err/s: 0.00 reconn/s: 0.00
[ 5s ] thds: 1 tps: 288.98 qps: 288.98 (r/w/o: 288.98/0.00/0.00) lat (ms,95%): 3.55 err/s: 0.00 reconn/s: 0.00
[ 6s ] thds: 1 tps: 288.01 qps: 288.01 (r/w/o: 288.01/0.00/0.00) lat (ms,95%): 3.55 err/s: 0.00 reconn/s: 0.00
[ 7s ] thds: 1 tps: 289.00 qps: 289.00 (r/w/o: 289.00/0.00/0.00) lat (ms,95%): 3.49 err/s: 0.00 reconn/s: 0.00
[ 8s ] thds: 1 tps: 289.00 qps: 289.00 (r/w/o: 289.00/0.00/0.00) lat (ms,95%): 3.55 err/s: 0.00 reconn/s: 0.00
SQL statistics:
    queries performed:
        read:                            2310
        write:                           0
        other:                           0
        total:                           2310
    transactions:                        2310   (288.60 per sec.)
    queries:                             2310   (288.60 per sec.)
    ignored errors:                      0      (0.00 per sec.)
    reconnects:                          0      (0.00 per sec.)

General statistics:
    total time:                          8.0038s
    total number of events:              2310

Latency (ms):
         min:                                    3.36
         avg:                                    3.46
         max:                                   11.71
         95th percentile:                        3.55
         sum:                                 7999.47

Threads fairness:
    events (avg/stddev):           2310.0000/0.00
    execution time (avg/stddev):   7.9995/0.00

