sysbench 1.0.20 (using system LuaJIT 2.1.0-beta3)

Running the test with following options:
Number of threads: 4
Report intermediate results every 2 second(s)
Initializing random number generator from current time


Initializing worker threads...

Threads started!

[ 2s ] thds: 4 tps: 170.43 qps: 2581.49 (r/w/o: 0.00/845.67/1735.82) lat (ms,95%): 43.39 err/s: 128.45 reconn/s: 0.00
[ 4s ] thds: 4 tps: 167.02 qps: 2571.84 (r/w/o: 0.00/870.12/1701.73) lat (ms,95%): 41.10 err/s: 131.52 reconn/s: 0.00
[ 6s ] thds: 4 tps: 157.00 qps: 2447.98 (r/w/o: 0.00/854.99/1592.99) lat (ms,95%): 47.47 err/s: 127.00 reconn/s: 0.00
[ 8s ] thds: 4 tps: 141.00 qps: 2229.52 (r/w/o: 0.00/826.01/1403.51) lat (ms,95%): 54.83 err/s: 116.50 reconn/s: 0.00
[ 10s ] thds: 4 tps: 154.00 qps: 2384.56 (r/w/o: 0.00/871.02/1513.54) lat (ms,95%): 47.47 err/s: 119.00 reconn/s: 0.00
[ 12s ] thds: 4 tps: 170.50 qps: 2590.44 (r/w/o: 0.00/900.98/1689.46) lat (ms,95%): 39.65 err/s: 130.00 reconn/s: 0.00
[ 14s ] thds: 4 tps: 159.00 qps: 2394.51 (r/w/o: 0.00/818.50/1576.01) lat (ms,95%): 50.11 err/s: 113.50 reconn/s: 0.00
[ 16s ] thds: 4 tps: 177.50 qps: 2694.55 (r/w/o: 0.00/981.52/1713.03) lat (ms,95%): 38.94 err/s: 131.50 reconn/s: 0.00
[ 18s ] thds: 4 tps: 194.49 qps: 2999.84 (r/w/o: 0.00/1083.94/1915.90) lat (ms,95%): 37.56 err/s: 150.99 reconn/s: 0.00
SQL statistics:
    queries performed:
        read:                            0
        write:                           16107
        other:                           29688
        total:                           45795
    transactions:                        2986   (165.87 per sec.)
    queries:                             45795  (2543.95 per sec.)
    ignored errors:                      2297   (127.60 per sec.)
    reconnects:                          0      (0.00 per sec.)

General statistics:
    total time:                          18.0012s
    total number of events:              2986

Latency (ms):
         min:                                    5.88
         avg:                                   24.11
         max:                                   91.83
         95th percentile:                       44.17
         sum:                                71992.46

Threads fairness:
    events (avg/stddev):           746.5000/4.39
    execution time (avg/stddev):   17.9981/0.00

