sysbench 1.0.20 (using system LuaJIT 2.1.0-beta3)

Running the test with following options:
Number of threads: 4
Report intermediate results every 2 second(s)
Initializing random number generator from current time


Initializing worker threads...

Threads started!

[ 2s ] thds: 4 tps: 3401.04 qps: 10205.13 (r/w/o: 10205.13/0.00/0.00) lat (ms,95%): 1.50 err/s: 0.00 reconn/s: 0.00
[ 4s ] thds: 4 tps: 3421.49 qps: 10264.47 (r/w/o: 10264.47/0.00/0.00) lat (ms,95%): 1.55 err/s: 0.00 reconn/s: 0.00
[ 6s ] thds: 4 tps: 3399.00 qps: 10198.01 (r/w/o: 10198.01/0.00/0.00) lat (ms,95%): 1.55 err/s: 0.00 reconn/s: 0.00
[ 8s ] thds: 4 tps: 3455.49 qps: 10365.96 (r/w/o: 10365.96/0.00/0.00) lat (ms,95%): 1.52 err/s: 0.00 reconn/s: 0.00
[ 10s ] thds: 4 tps: 3429.51 qps: 10288.54 (r/w/o: 10288.54/0.00/0.00) lat (ms,95%): 1.50 err/s: 0.00 reconn/s: 0.00
[ 12s ] thds: 4 tps: 3436.50 qps: 10307.99 (r/w/o: 10307.99/0.00/0.00) lat (ms,95%): 1.52 err/s: 0.00 reconn/s: 0.00
[ 14s ] thds: 4 tps: 3448.59 qps: 10345.76 (r/w/o: 10345.76/0.00/0.00) lat (ms,95%): 1.50 err/s: 0.00 reconn/s: 0.00
[ 16s ] thds: 4 tps: 3466.38 qps: 10400.14 (r/w/o: 10400.14/0.00/0.00) lat (ms,95%): 1.50 err/s: 0.00 reconn/s: 0.00
[ 18s ] thds: 4 tps: 3431.03 qps: 10293.08 (r/w/o: 10293.08/0.00/0.00) lat (ms,95%): 1.50 err/s: 0.00 reconn/s: 0.00
SQL statistics:
    queries performed:
        read:                            185352
        write:                           0
        other:                           0
        total:                           185352
    transactions:                        61784  (3432.01 per sec.)
    queries:                             185352 (10296.02 per sec.)
    ignored errors:                      0      (0.00 per sec.)
    reconnects:                          0      (0.00 per sec.)

General statistics:
    total time:                          18.0019s
    total number of events:              61784

Latency (ms):
         min:                                    0.69
         avg:                                    1.16
         max:                                   20.35
         95th percentile:                        1.52
         sum:                                71922.49

Threads fairness:
    events (avg/stddev):           15446.0000/61.07
    execution time (avg/stddev):   17.9806/0.00

