sysbench 1.0.20 (using system LuaJIT 2.1.0-beta3)

Running the test with following options:
Number of threads: 4
Report intermediate results every 2 second(s)
Initializing random number generator from current time


Initializing worker threads...

Threads started!

[ 2s ] thds: 4 tps: 44.98 qps: 2877.68 (r/w/o: 0.00/884.09/1993.58) lat (ms,95%): 153.02 err/s: 60.47 reconn/s: 0.00
[ 4s ] thds: 4 tps: 44.51 qps: 2779.01 (r/w/o: 0.00/896.17/1882.85) lat (ms,95%): 134.90 err/s: 49.51 reconn/s: 0.00
[ 6s ] thds: 4 tps: 41.00 qps: 2702.02 (r/w/o: 0.00/937.51/1764.51) lat (ms,95%): 144.97 err/s: 52.50 reconn/s: 0.00
[ 8s ] thds: 4 tps: 42.00 qps: 2659.51 (r/w/o: 0.00/901.50/1758.01) lat (ms,95%): 186.54 err/s: 54.00 reconn/s: 0.00
[ 10s ] thds: 4 tps: 45.50 qps: 2684.44 (r/w/o: 0.00/832.98/1851.46) lat (ms,95%): 104.84 err/s: 46.00 reconn/s: 0.00
[ 12s ] thds: 4 tps: 41.00 qps: 2515.97 (r/w/o: 0.00/784.49/1731.48) lat (ms,95%): 161.51 err/s: 46.00 reconn/s: 0.00
[ 14s ] thds: 4 tps: 41.50 qps: 2784.11 (r/w/o: 0.00/878.54/1905.58) lat (ms,95%): 155.80 err/s: 55.50 reconn/s: 0.00
[ 16s ] thds: 4 tps: 44.50 qps: 2840.77 (r/w/o: 0.00/883.43/1957.34) lat (ms,95%): 130.13 err/s: 56.00 reconn/s: 0.00
[ 18s ] thds: 4 tps: 46.00 qps: 2806.10 (r/w/o: 0.00/838.53/1967.57) lat (ms,95%): 130.13 err/s: 47.50 reconn/s: 0.00
SQL statistics:
    queries performed:
        read:                            0
        write:                           15685
        other:                           33661
        total:                           49346
    transactions:                        786    (43.63 per sec.)
    queries:                             49346  (2739.03 per sec.)
    ignored errors:                      935    (51.90 per sec.)
    reconnects:                          0      (0.00 per sec.)

General statistics:
    total time:                          18.0154s
    total number of events:              786

Latency (ms):
         min:                                   40.38
         avg:                                   91.67
         max:                                  306.48
         95th percentile:                      144.97
         sum:                                72051.74

Threads fairness:
    events (avg/stddev):           196.5000/2.60
    execution time (avg/stddev):   18.0129/0.00

