sysbench 1.0.20 (using system LuaJIT 2.1.0-beta3)

Running the test with following options:
Number of threads: 4
Report intermediate results every 2 second(s)
Initializing random number generator from current time


Initializing worker threads...

Threads started!

[ 2s ] thds: 4 tps: 252.91 qps: 3828.62 (r/w/o: 0.00/1349.01/2479.61) lat (ms,95%): 29.19 err/s: 177.94 reconn/s: 0.00
[ 4s ] thds: 4 tps: 216.52 qps: 3441.81 (r/w/o: 0.00/1440.13/2001.68) lat (ms,95%): 34.33 err/s: 172.02 reconn/s: 0.00
[ 6s ] thds: 4 tps: 258.00 qps: 3916.93 (r/w/o: 0.00/1436.47/2480.46) lat (ms,95%): 29.72 err/s: 176.50 reconn/s: 0.00
[ 8s ] thds: 4 tps: 250.01 qps: 3828.17 (r/w/o: 0.00/1479.56/2348.60) lat (ms,95%): 32.53 err/s: 176.01 reconn/s: 0.00
[ 10s ] thds: 4 tps: 235.50 qps: 3719.97 (r/w/o: 0.00/1505.49/2214.48) lat (ms,95%): 36.89 err/s: 174.00 reconn/s: 0.00
[ 12s ] thds: 4 tps: 257.50 qps: 3909.07 (r/w/o: 0.00/1447.03/2462.05) lat (ms,95%): 28.67 err/s: 180.50 reconn/s: 0.00
[ 14s ] thds: 4 tps: 240.00 qps: 3785.43 (r/w/o: 0.00/1509.47/2275.96) lat (ms,95%): 33.72 err/s: 180.50 reconn/s: 0.00
[ 16s ] thds: 4 tps: 245.50 qps: 3763.46 (r/w/o: 0.00/1407.49/2355.98) lat (ms,95%): 33.72 err/s: 176.50 reconn/s: 0.00
[ 18s ] thds: 4 tps: 252.49 qps: 3816.90 (r/w/o: 0.00/1424.96/2391.94) lat (ms,95%): 30.81 err/s: 170.00 reconn/s: 0.00
SQL statistics:
    queries performed:
        read:                            0
        write:                           26008
        other:                           42038
        total:                           68046
    transactions:                        4421   (245.55 per sec.)
    queries:                             68046  (3779.34 per sec.)
    ignored errors:                      3168   (175.95 per sec.)
    reconnects:                          0      (0.00 per sec.)

General statistics:
    total time:                          18.0043s
    total number of events:              4421

Latency (ms):
         min:                                    5.29
         avg:                                   16.29
         max:                                   86.24
         95th percentile:                       33.12
         sum:                                72003.30

Threads fairness:
    events (avg/stddev):           1105.2500/14.04
    execution time (avg/stddev):   18.0008/0.00

