sysbench 1.0.20 (using system LuaJIT 2.1.0-beta3)

Running the test with following options:
Number of threads: 1
Report intermediate results every 1 second(s)
Initializing random number generator from current time


Initializing worker threads...

Threads started!

[ 1s ] thds: 1 tps: 215.80 qps: 215.80 (r/w/o: 215.80/0.00/0.00) lat (ms,95%): 5.18 err/s: 0.00 reconn/s: 0.00
[ 2s ] thds: 1 tps: 218.09 qps: 218.09 (r/w/o: 218.09/0.00/0.00) lat (ms,95%): 4.82 err/s: 0.00 reconn/s: 0.00
[ 3s ] thds: 1 tps: 220.01 qps: 220.01 (r/w/o: 220.01/0.00/0.00) lat (ms,95%): 5.00 err/s: 0.00 reconn/s: 0.00
[ 4s ] thds: 1 tps: 216.00 qps: 216.00 (r/w/o: 216.00/0.00/0.00) lat (ms,95%): 5.09 err/s: 0.00 reconn/s: 0.00
[ 5s ] thds: 1 tps: 217.00 qps: 217.00 (r/w/o: 217.00/0.00/0.00) lat (ms,95%): 5.00 err/s: 0.00 reconn/s: 0.00
[ 6s ] thds: 1 tps: 218.01 qps: 218.01 (r/w/o: 218.01/0.00/0.00) lat (ms,95%): 4.91 err/s: 0.00 reconn/s: 0.00
[ 7s ] thds: 1 tps: 215.99 qps: 215.99 (r/w/o: 215.99/0.00/0.00) lat (ms,95%): 5.09 err/s: 0.00 reconn/s: 0.00
[ 8s ] thds: 1 tps: 222.00 qps: 222.00 (r/w/o: 222.00/0.00/0.00) lat (ms,95%): 5.09 err/s: 0.00 reconn/s: 0.00
SQL statistics:
    queries performed:
        read:                            1744
        write:                           0
        other:                           0
        total:                           1744
    transactions:                        1744   (217.94 per sec.)
    queries:                             1744   (217.94 per sec.)
    ignored errors:                      0      (0.00 per sec.)
    reconnects:                          0      (0.00 per sec.)

General statistics:
    total time:                          8.0017s
    total number of events:              1744

Latency (ms):
         min:                                    3.81
         avg:                                    4.59
         max:                                   12.99
         95th percentile:                        5.09
         sum:                                 7999.14

Threads fairness:
    events (avg/stddev):           1744.0000/0.00
    execution time (avg/stddev):   7.9991/0.00

