sysbench 1.0.20 (using system LuaJIT 2.1.0-beta3)

Running the test with following options:
Number of threads: 1
Report intermediate results every 1 second(s)
Initializing random number generator from current time


Initializing worker threads...

Threads started!

[ 1s ] thds: 1 tps: 0.00 qps: 478.58 (r/w/o: 0.00/475.58/3.00) lat (ms,95%): 0.00 err/s: 0.00 reconn/s: 0.00
[ 2s ] thds: 1 tps: 2.00 qps: 527.21 (r/w/o: 0.00/524.21/3.00) lat (ms,95%): 1050.76 err/s: 0.00 reconn/s: 0.00
[ 3s ] thds: 1 tps: 1.00 qps: 578.03 (r/w/o: 0.00/575.03/3.00) lat (ms,95%): 861.95 err/s: 0.00 reconn/s: 0.00
[ 4s ] thds: 1 tps: 1.00 qps: 552.02 (r/w/o: 0.00/550.02/2.00) lat (ms,95%): 926.33 err/s: 0.00 reconn/s: 0.00
[ 5s ] thds: 1 tps: 1.00 qps: 589.98 (r/w/o: 0.00/587.98/2.00) lat (ms,95%): 893.56 err/s: 0.00 reconn/s: 0.00
[ 6s ] thds: 1 tps: 1.00 qps: 769.00 (r/w/o: 0.00/767.00/2.00) lat (ms,95%): 746.32 err/s: 0.00 reconn/s: 0.00
[ 7s ] thds: 1 tps: 2.00 qps: 705.01 (r/w/o: 0.00/701.01/4.00) lat (ms,95%): 669.89 err/s: 0.00 reconn/s: 0.00
[ 8s ] thds: 1 tps: 1.00 qps: 631.01 (r/w/o: 0.00/629.01/2.00) lat (ms,95%): 861.95 err/s: 0.00 reconn/s: 0.00
SQL statistics:
    queries performed:
        read:                            0
        write:                           4999
        other:                           21
        total:                           5020
    transactions:                        10     (1.20 per sec.)
    queries:                             5020   (604.25 per sec.)
    ignored errors:                      0      (0.00 per sec.)
    reconnects:                          0      (0.00 per sec.)

General statistics:
    total time:                          8.3074s
    total number of events:              10

Latency (ms):
         min:                                  608.77
         avg:                                  830.68
         max:                                 1046.28
         95th percentile:                     1050.76
         sum:                                 8306.83

Threads fairness:
    events (avg/stddev):           10.0000/0.00
    execution time (avg/stddev):   8.3068/0.00

