sysbench 1.0.20 (using system LuaJIT 2.1.0-beta3)

Running the test with following options:
Number of threads: 1
Report intermediate results every 1 second(s)
Initializing random number generator from current time


Initializing worker threads...

Threads started!

[ 1s ] thds: 1 tps: 1009.34 qps: 3029.02 (r/w/o: 3029.02/0.00/0.00) lat (ms,95%): 1.06 err/s: 0.00 reconn/s: 0.00
[ 2s ] thds: 1 tps: 1031.20 qps: 3093.59 (r/w/o: 3093.59/0.00/0.00) lat (ms,95%): 1.03 err/s: 0.00 reconn/s: 0.00
[ 3s ] thds: 1 tps: 1041.94 qps: 3125.83 (r/w/o: 3125.83/0.00/0.00) lat (ms,95%): 1.04 err/s: 0.00 reconn/s: 0.00
[ 4s ] thds: 1 tps: 997.00 qps: 2990.99 (r/w/o: 2990.99/0.00/0.00) lat (ms,95%): 1.27 err/s: 0.00 reconn/s: 0.00
[ 5s ] thds: 1 tps: 960.05 qps: 2879.15 (r/w/o: 2879.15/0.00/0.00) lat (ms,95%): 1.30 err/s: 0.00 reconn/s: 0.00
[ 6s ] thds: 1 tps: 1018.02 qps: 3056.07 (r/w/o: 3056.07/0.00/0.00) lat (ms,95%): 1.06 err/s: 0.00 reconn/s: 0.00
[ 7s ] thds: 1 tps: 1041.00 qps: 3121.00 (r/w/o: 3121.00/0.00/0.00) lat (ms,95%): 1.03 err/s: 0.00 reconn/s: 0.00
[ 8s ] thds: 1 tps: 1037.99 qps: 3114.97 (r/w/o: 3114.97/0.00/0.00) lat (ms,95%): 1.03 err/s: 0.00 reconn/s: 0.00
SQL statistics:
    queries performed:
        read:                            24414
        write:                           0
        other:                           0
        total:                           24414
    transactions:                        8138   (1017.08 per sec.)
    queries:                             24414  (3051.23 per sec.)
    ignored errors:                      0      (0.00 per sec.)
    reconnects:                          0      (0.00 per sec.)

General statistics:
    total time:                          8.0010s
    total number of events:              8138

Latency (ms):
         min:                                    0.88
         avg:                                    0.98
         max:                                    8.41
         95th percentile:                        1.12
         sum:                                 7991.98

Threads fairness:
    events (avg/stddev):           8138.0000/0.00
    execution time (avg/stddev):   7.9920/0.00

