sysbench 1.0.20 (using system LuaJIT 2.1.0-beta3)

Running the test with following options:
Number of threads: 1
Report intermediate results every 1 second(s)
Initializing random number generator from current time


Initializing worker threads...

Threads started!

[ 1s ] thds: 1 tps: 0.00 qps: 986.06 (r/w/o: 0.00/983.06/3.00) lat (ms,95%): 0.00 err/s: 0.00 reconn/s: 0.00
[ 2s ] thds: 1 tps: 0.00 qps: 1016.52 (r/w/o: 0.00/1016.52/0.00) lat (ms,95%): 0.00 err/s: 0.00 reconn/s: 0.00
[ 3s ] thds: 1 tps: 0.00 qps: 987.97 (r/w/o: 0.00/987.97/0.00) lat (ms,95%): 0.00 err/s: 0.00 reconn/s: 0.00
[ 4s ] thds: 1 tps: 0.00 qps: 949.96 (r/w/o: 0.00/949.96/0.00) lat (ms,95%): 0.00 err/s: 0.00 reconn/s: 0.00
[ 5s ] thds: 1 tps: 1.00 qps: 916.99 (r/w/o: 0.00/914.99/2.00) lat (ms,95%): 4055.23 err/s: 0.00 reconn/s: 0.00
[ 6s ] thds: 1 tps: 0.00 qps: 929.05 (r/w/o: 0.00/929.05/0.00) lat (ms,95%): 0.00 err/s: 0.00 reconn/s: 0.00
[ 7s ] thds: 1 tps: 0.00 qps: 972.97 (r/w/o: 0.00/972.97/0.00) lat (ms,95%): 0.00 err/s: 0.00 reconn/s: 0.00
[ 8s ] thds: 1 tps: 0.00 qps: 967.02 (r/w/o: 0.00/967.02/0.00) lat (ms,95%): 0.00 err/s: 0.00 reconn/s: 0.00
SQL statistics:
    queries performed:
        read:                            0
        write:                           8001
        other:                           5
        total:                           8006
    transactions:                        2      (0.24 per sec.)
    queries:                             8006   (966.04 per sec.)
    ignored errors:                      0      (0.00 per sec.)
    reconnects:                          0      (0.00 per sec.)

General statistics:
    total time:                          8.2870s
    total number of events:              2

Latency (ms):
         min:                                 4064.09
         avg:                                 4143.23
         max:                                 4222.38
         95th percentile:                     4203.93
         sum:                                 8286.47

Threads fairness:
    events (avg/stddev):           2.0000/0.00
    execution time (avg/stddev):   8.2865/0.00

