sysbench 1.0.20 (using system LuaJIT 2.1.0-beta3)

Running the test with following options:
Number of threads: 1
Report intermediate results every 1 second(s)
Initializing random number generator from current time


Initializing worker threads...

Threads started!

[ 1s ] thds: 1 tps: 178.87 qps: 536.61 (r/w/o: 536.61/0.00/0.00) lat (ms,95%): 5.67 err/s: 0.00 reconn/s: 0.00
[ 2s ] thds: 1 tps: 181.06 qps: 545.17 (r/w/o: 545.17/0.00/0.00) lat (ms,95%): 5.67 err/s: 0.00 reconn/s: 0.00
[ 3s ] thds: 1 tps: 179.99 qps: 539.96 (r/w/o: 539.96/0.00/0.00) lat (ms,95%): 5.77 err/s: 0.00 reconn/s: 0.00
[ 4s ] thds: 1 tps: 180.01 qps: 540.02 (r/w/o: 540.02/0.00/0.00) lat (ms,95%): 5.67 err/s: 0.00 reconn/s: 0.00
[ 5s ] thds: 1 tps: 180.01 qps: 540.02 (r/w/o: 540.02/0.00/0.00) lat (ms,95%): 5.67 err/s: 0.00 reconn/s: 0.00
[ 6s ] thds: 1 tps: 179.98 qps: 539.95 (r/w/o: 539.95/0.00/0.00) lat (ms,95%): 5.67 err/s: 0.00 reconn/s: 0.00
[ 7s ] thds: 1 tps: 180.02 qps: 540.05 (r/w/o: 540.05/0.00/0.00) lat (ms,95%): 5.67 err/s: 0.00 reconn/s: 0.00
[ 8s ] thds: 1 tps: 181.00 qps: 543.00 (r/w/o: 543.00/0.00/0.00) lat (ms,95%): 5.57 err/s: 0.00 reconn/s: 0.00
SQL statistics:
    queries performed:
        read:                            4326
        write:                           0
        other:                           0
        total:                           4326
    transactions:                        1442   (180.22 per sec.)
    queries:                             4326   (540.65 per sec.)
    ignored errors:                      0      (0.00 per sec.)
    reconnects:                          0      (0.00 per sec.)

General statistics:
    total time:                          8.0011s
    total number of events:              1442

Latency (ms):
         min:                                    5.36
         avg:                                    5.55
         max:                                   13.37
         95th percentile:                        5.67
         sum:                                 7998.66

Threads fairness:
    events (avg/stddev):           1442.0000/0.00
    execution time (avg/stddev):   7.9987/0.00

