sysbench 1.0.20 (using system LuaJIT 2.1.0-beta3)

Running the test with following options:
Number of threads: 4
Report intermediate results every 2 second(s)
Initializing random number generator from current time


Initializing worker threads...

Threads started!

[ 2s ] thds: 4 tps: 0.00 qps: 3635.75 (r/w/o: 0.00/907.56/2728.18) lat (ms,95%): 0.00 err/s: 0.00 reconn/s: 0.00
[ 4s ] thds: 4 tps: 0.00 qps: 3442.75 (r/w/o: 0.00/860.69/2582.07) lat (ms,95%): 0.00 err/s: 0.00 reconn/s: 0.00
[ 6s ] thds: 4 tps: 2.00 qps: 3289.45 (r/w/o: 0.00/823.99/2465.46) lat (ms,95%): 5709.50 err/s: 1.50 reconn/s: 0.00
[ 8s ] thds: 4 tps: 0.00 qps: 3390.30 (r/w/o: 0.00/847.58/2542.73) lat (ms,95%): 0.00 err/s: 0.00 reconn/s: 0.00
[ 10s ] thds: 4 tps: 0.00 qps: 3267.82 (r/w/o: 0.00/816.96/2450.87) lat (ms,95%): 0.00 err/s: 0.00 reconn/s: 0.00
[ 12s ] thds: 4 tps: 2.00 qps: 3260.43 (r/w/o: 0.00/825.48/2434.95) lat (ms,95%): 6026.41 err/s: 3.50 reconn/s: 0.00
[ 14s ] thds: 4 tps: 0.00 qps: 3408.02 (r/w/o: 0.00/852.01/2556.02) lat (ms,95%): 0.00 err/s: 0.00 reconn/s: 0.00
[ 16s ] thds: 4 tps: 0.00 qps: 3334.11 (r/w/o: 0.00/833.53/2500.58) lat (ms,95%): 0.00 err/s: 0.00 reconn/s: 0.00
[ 18s ] thds: 4 tps: 2.00 qps: 3272.94 (r/w/o: 0.00/822.98/2449.96) lat (ms,95%): 6026.41 err/s: 2.00 reconn/s: 0.00
[ 20s ] thds: 4 tps: 0.00 qps: 3501.43 (r/w/o: 0.00/875.48/2625.95) lat (ms,95%): 0.00 err/s: 0.00 reconn/s: 0.00
[ 22s ] thds: 4 tps: 0.00 qps: 3404.48 (r/w/o: 0.00/851.00/2553.49) lat (ms,95%): 0.00 err/s: 0.00 reconn/s: 0.00
SQL statistics:
    queries performed:
        read:                            0
        write:                           20075
        other:                           60102
        total:                           80177
    transactions:                        16     (0.68 per sec.)
    queries:                             80177  (3383.07 per sec.)
    ignored errors:                      14     (0.59 per sec.)
    reconnects:                          0      (0.00 per sec.)

General statistics:
    total time:                          23.6991s
    total number of events:              16

Latency (ms):
         min:                                 5731.81
         avg:                                 5924.49
         max:                                 6044.15
         95th percentile:                     6026.41
         sum:                                94791.82

Threads fairness:
    events (avg/stddev):           4.0000/0.00
    execution time (avg/stddev):   23.6980/0.00

