sysbench 1.0.20 (using system LuaJIT 2.1.0-beta3)

Running the test with following options:
Number of threads: 1
Report intermediate results every 1 second(s)
Initializing random number generator from current time


Initializing worker threads...

Threads started!

[ 1s ] thds: 1 tps: 3719.38 qps: 3719.38 (r/w/o: 3719.38/0.00/0.00) lat (ms,95%): 0.29 err/s: 0.00 reconn/s: 0.00
[ 2s ] thds: 1 tps: 3876.57 qps: 3876.57 (r/w/o: 3876.57/0.00/0.00) lat (ms,95%): 0.29 err/s: 0.00 reconn/s: 0.00
[ 3s ] thds: 1 tps: 3855.50 qps: 3855.50 (r/w/o: 3855.50/0.00/0.00) lat (ms,95%): 0.30 err/s: 0.00 reconn/s: 0.00
[ 4s ] thds: 1 tps: 3784.00 qps: 3784.00 (r/w/o: 3784.00/0.00/0.00) lat (ms,95%): 0.30 err/s: 0.00 reconn/s: 0.00
[ 5s ] thds: 1 tps: 3816.66 qps: 3816.66 (r/w/o: 3816.66/0.00/0.00) lat (ms,95%): 0.29 err/s: 0.00 reconn/s: 0.00
[ 6s ] thds: 1 tps: 3879.33 qps: 3879.33 (r/w/o: 3879.33/0.00/0.00) lat (ms,95%): 0.29 err/s: 0.00 reconn/s: 0.00
[ 7s ] thds: 1 tps: 3855.62 qps: 3855.62 (r/w/o: 3855.62/0.00/0.00) lat (ms,95%): 0.29 err/s: 0.00 reconn/s: 0.00
SQL statistics:
    queries performed:
        read:                            30669
        write:                           0
        other:                           0
        total:                           30669
    transactions:                        30669  (3833.11 per sec.)
    queries:                             30669  (3833.11 per sec.)
    ignored errors:                      0      (0.00 per sec.)
    reconnects:                          0      (0.00 per sec.)

General statistics:
    total time:                          8.0007s
    total number of events:              30669

Latency (ms):
         min:                                    0.23
         avg:                                    0.26
         max:                                    8.13
         95th percentile:                        0.29
         sum:                                 7972.21

Threads fairness:
    events (avg/stddev):           30669.0000/0.00
    execution time (avg/stddev):   7.9722/0.00

