sysbench 1.0.20 (using system LuaJIT 2.1.0-beta3)

Running the test with following options:
Number of threads: 1
Report intermediate results every 1 second(s)
Initializing random number generator from current time


Initializing worker threads...

Threads started!

[ 1s ] thds: 1 tps: 1.00 qps: 1290.72 (r/w/o: 0.00/1285.72/5.00) lat (ms,95%): 612.21 err/s: 0.00 reconn/s: 0.00
[ 2s ] thds: 1 tps: 2.00 qps: 1386.65 (r/w/o: 0.00/1382.64/4.00) lat (ms,95%): 623.33 err/s: 0.00 reconn/s: 0.00
[ 3s ] thds: 1 tps: 1.00 qps: 1264.03 (r/w/o: 0.00/1262.03/2.00) lat (ms,95%): 612.21 err/s: 0.00 reconn/s: 0.00
[ 4s ] thds: 1 tps: 2.00 qps: 1194.00 (r/w/o: 0.00/1190.00/4.00) lat (ms,95%): 682.06 err/s: 0.00 reconn/s: 0.00
[ 5s ] thds: 1 tps: 1.00 qps: 1258.03 (r/w/o: 0.00/1256.03/2.00) lat (ms,95%): 646.19 err/s: 0.00 reconn/s: 0.00
[ 6s ] thds: 1 tps: 2.00 qps: 1316.97 (r/w/o: 0.00/1312.97/4.00) lat (ms,95%): 646.19 err/s: 0.00 reconn/s: 0.00
[ 7s ] thds: 1 tps: 2.00 qps: 1226.97 (r/w/o: 0.00/1222.97/4.00) lat (ms,95%): 669.89 err/s: 0.00 reconn/s: 0.00
[ 8s ] thds: 1 tps: 1.00 qps: 1337.06 (r/w/o: 0.00/1335.06/2.00) lat (ms,95%): 623.33 err/s: 0.00 reconn/s: 0.00
SQL statistics:
    queries performed:
        read:                            0
        write:                           10412
        other:                           27
        total:                           10439
    transactions:                        13     (1.60 per sec.)
    queries:                             10439  (1286.76 per sec.)
    ignored errors:                      0      (0.00 per sec.)
    reconnects:                          0      (0.00 per sec.)

General statistics:
    total time:                          8.1122s
    total number of events:              13

Latency (ms):
         min:                                  565.38
         avg:                                  623.97
         max:                                  677.21
         95th percentile:                      669.89
         sum:                                 8111.60

Threads fairness:
    events (avg/stddev):           13.0000/0.00
    execution time (avg/stddev):   8.1116/0.00

