sysbench 1.0.20 (using system LuaJIT 2.1.0-beta3)

Running the test with following options:
Number of threads: 1
Report intermediate results every 1 second(s)
Initializing random number generator from current time


Initializing worker threads...

Threads started!

[ 1s ] thds: 1 tps: 25.98 qps: 1120.06 (r/w/o: 0.00/1065.11/54.95) lat (ms,95%): 41.85 err/s: 0.00 reconn/s: 0.00
[ 2s ] thds: 1 tps: 26.01 qps: 1152.45 (r/w/o: 0.00/1100.43/52.02) lat (ms,95%): 40.37 err/s: 0.00 reconn/s: 0.00
[ 3s ] thds: 1 tps: 27.00 qps: 1141.99 (r/w/o: 0.00/1087.99/54.00) lat (ms,95%): 41.10 err/s: 0.00 reconn/s: 0.00
[ 4s ] thds: 1 tps: 26.00 qps: 1111.00 (r/w/o: 0.00/1059.00/52.00) lat (ms,95%): 41.85 err/s: 0.00 reconn/s: 0.00
[ 5s ] thds: 1 tps: 26.00 qps: 1109.05 (r/w/o: 0.00/1058.04/51.00) lat (ms,95%): 44.17 err/s: 0.00 reconn/s: 0.00
[ 6s ] thds: 1 tps: 26.00 qps: 1128.93 (r/w/o: 0.00/1075.93/53.00) lat (ms,95%): 41.85 err/s: 0.00 reconn/s: 0.00
[ 7s ] thds: 1 tps: 26.00 qps: 1108.97 (r/w/o: 0.00/1056.97/52.00) lat (ms,95%): 43.39 err/s: 0.00 reconn/s: 0.00
[ 8s ] thds: 1 tps: 26.00 qps: 1137.03 (r/w/o: 0.00/1085.03/52.00) lat (ms,95%): 41.10 err/s: 0.00 reconn/s: 0.00
SQL statistics:
    queries performed:
        read:                            0
        write:                           8609
        other:                           421
        total:                           9030
    transactions:                        210    (26.19 per sec.)
    queries:                             9030   (1125.96 per sec.)
    ignored errors:                      0      (0.00 per sec.)
    reconnects:                          0      (0.00 per sec.)

General statistics:
    total time:                          8.0194s
    total number of events:              210

Latency (ms):
         min:                                   33.08
         avg:                                   38.18
         max:                                   51.71
         95th percentile:                       41.85
         sum:                                 8017.93

Threads fairness:
    events (avg/stddev):           210.0000/0.00
    execution time (avg/stddev):   8.0179/0.00

