sysbench 1.0.20 (using system LuaJIT 2.1.0-beta3)

Running the test with following options:
Number of threads: 4
Report intermediate results every 2 second(s)
Initializing random number generator from current time


Initializing worker threads...

Threads started!

[ 2s ] thds: 4 tps: 4.00 qps: 5179.52 (r/w/o: 0.00/1291.38/3888.14) lat (ms,95%): 831.46 err/s: 0.00 reconn/s: 0.00
[ 4s ] thds: 4 tps: 6.00 qps: 5442.18 (r/w/o: 0.00/1357.79/4084.38) lat (ms,95%): 759.88 err/s: 0.00 reconn/s: 0.00
[ 6s ] thds: 4 tps: 4.00 qps: 5203.20 (r/w/o: 0.00/1298.55/3904.65) lat (ms,95%): 759.88 err/s: 0.00 reconn/s: 0.00
[ 8s ] thds: 4 tps: 6.00 qps: 4887.90 (r/w/o: 0.00/1218.98/3668.93) lat (ms,95%): 831.46 err/s: 0.00 reconn/s: 0.00
[ 10s ] thds: 4 tps: 4.00 qps: 4838.24 (r/w/o: 0.00/1207.56/3630.68) lat (ms,95%): 816.63 err/s: 0.00 reconn/s: 0.00
[ 12s ] thds: 4 tps: 6.00 qps: 5047.80 (r/w/o: 0.00/1258.95/3788.85) lat (ms,95%): 861.95 err/s: 0.00 reconn/s: 0.00
[ 14s ] thds: 4 tps: 4.00 qps: 4677.83 (r/w/o: 0.00/1167.46/3510.37) lat (ms,95%): 846.57 err/s: 0.00 reconn/s: 0.00
[ 16s ] thds: 4 tps: 6.00 qps: 4844.13 (r/w/o: 0.00/1208.53/3635.60) lat (ms,95%): 877.61 err/s: 0.00 reconn/s: 0.00
[ 18s ] thds: 4 tps: 4.00 qps: 4874.09 (r/w/o: 0.00/1216.02/3658.07) lat (ms,95%): 831.46 err/s: 0.00 reconn/s: 0.00
SQL statistics:
    queries performed:
        read:                            0
        write:                           23022
        other:                           69254
        total:                           92276
    transactions:                        92     (4.98 per sec.)
    queries:                             92276  (4995.98 per sec.)
    ignored errors:                      0      (0.00 per sec.)
    reconnects:                          0      (0.00 per sec.)

General statistics:
    total time:                          18.4697s
    total number of events:              92

Latency (ms):
         min:                                  701.39
         avg:                                  802.99
         max:                                  875.18
         95th percentile:                      861.95
         sum:                                73874.62

Threads fairness:
    events (avg/stddev):           23.0000/0.00
    execution time (avg/stddev):   18.4687/0.00

