sysbench 1.0.20 (using system LuaJIT 2.1.0-beta3)

Running the test with following options:
Number of threads: 1
Report intermediate results every 1 second(s)
Initializing random number generator from current time


Initializing worker threads...

Threads started!

[ 1s ] thds: 1 tps: 647.57 qps: 647.57 (r/w/o: 647.57/0.00/0.00) lat (ms,95%): 1.55 err/s: 0.00 reconn/s: 0.00
[ 2s ] thds: 1 tps: 656.12 qps: 656.12 (r/w/o: 656.12/0.00/0.00) lat (ms,95%): 1.55 err/s: 0.00 reconn/s: 0.00
[ 3s ] thds: 1 tps: 644.05 qps: 644.05 (r/w/o: 644.05/0.00/0.00) lat (ms,95%): 1.61 err/s: 0.00 reconn/s: 0.00
[ 4s ] thds: 1 tps: 653.00 qps: 653.00 (r/w/o: 653.00/0.00/0.00) lat (ms,95%): 1.55 err/s: 0.00 reconn/s: 0.00
[ 5s ] thds: 1 tps: 652.94 qps: 652.94 (r/w/o: 652.94/0.00/0.00) lat (ms,95%): 1.55 err/s: 0.00 reconn/s: 0.00
[ 6s ] thds: 1 tps: 651.06 qps: 651.06 (r/w/o: 651.06/0.00/0.00) lat (ms,95%): 1.55 err/s: 0.00 reconn/s: 0.00
[ 7s ] thds: 1 tps: 652.94 qps: 652.94 (r/w/o: 652.94/0.00/0.00) lat (ms,95%): 1.55 err/s: 0.00 reconn/s: 0.00
[ 8s ] thds: 1 tps: 650.02 qps: 650.02 (r/w/o: 650.02/0.00/0.00) lat (ms,95%): 1.58 err/s: 0.00 reconn/s: 0.00
SQL statistics:
    queries performed:
        read:                            5209
        write:                           0
        other:                           0
        total:                           5209
    transactions:                        5209   (651.03 per sec.)
    queries:                             5209   (651.03 per sec.)
    ignored errors:                      0      (0.00 per sec.)
    reconnects:                          0      (0.00 per sec.)

General statistics:
    total time:                          8.0008s
    total number of events:              5209

Latency (ms):
         min:                                    1.49
         avg:                                    1.53
         max:                                    9.47
         95th percentile:                        1.58
         sum:                                 7994.93

Threads fairness:
    events (avg/stddev):           5209.0000/0.00
    execution time (avg/stddev):   7.9949/0.00

