sysbench 1.0.20 (using system LuaJIT 2.1.0-beta3)

Running the test with following options:
Number of threads: 1
Report intermediate results every 1 second(s)
Initializing random number generator from current time


Initializing worker threads...

Threads started!

[ 1s ] thds: 1 tps: 5899.59 qps: 5899.59 (r/w/o: 5899.59/0.00/0.00) lat (ms,95%): 0.19 err/s: 0.00 reconn/s: 0.00
[ 2s ] thds: 1 tps: 5834.44 qps: 5834.44 (r/w/o: 5834.44/0.00/0.00) lat (ms,95%): 0.20 err/s: 0.00 reconn/s: 0.00
[ 3s ] thds: 1 tps: 6002.31 qps: 6002.31 (r/w/o: 6002.31/0.00/0.00) lat (ms,95%): 0.19 err/s: 0.00 reconn/s: 0.00
[ 4s ] thds: 1 tps: 5912.94 qps: 5912.94 (r/w/o: 5912.94/0.00/0.00) lat (ms,95%): 0.20 err/s: 0.00 reconn/s: 0.00
[ 5s ] thds: 1 tps: 5939.58 qps: 5939.58 (r/w/o: 5939.58/0.00/0.00) lat (ms,95%): 0.19 err/s: 0.00 reconn/s: 0.00
[ 6s ] thds: 1 tps: 5888.30 qps: 5888.30 (r/w/o: 5888.30/0.00/0.00) lat (ms,95%): 0.19 err/s: 0.00 reconn/s: 0.00
[ 7s ] thds: 1 tps: 5951.14 qps: 5951.14 (r/w/o: 5951.14/0.00/0.00) lat (ms,95%): 0.19 err/s: 0.00 reconn/s: 0.00
SQL statistics:
    queries performed:
        read:                            47259
        write:                           0
        other:                           0
        total:                           47259
    transactions:                        47259  (5906.56 per sec.)
    queries:                             47259  (5906.56 per sec.)
    ignored errors:                      0      (0.00 per sec.)
    reconnects:                          0      (0.00 per sec.)

General statistics:
    total time:                          8.0007s
    total number of events:              47259

Latency (ms):
         min:                                    0.14
         avg:                                    0.17
         max:                                    7.68
         95th percentile:                        0.19
         sum:                                 7959.79

Threads fairness:
    events (avg/stddev):           47259.0000/0.00
    execution time (avg/stddev):   7.9598/0.00

