sysbench 1.0.20 (using system LuaJIT 2.1.0-beta3)

Running the test with following options:
Number of threads: 1
Report intermediate results every 1 second(s)
Initializing random number generator from current time


Initializing worker threads...

Threads started!

[ 1s ] thds: 1 tps: 0.00 qps: 1199.71 (r/w/o: 0.00/1196.71/3.00) lat (ms,95%): 0.00 err/s: 0.00 reconn/s: 0.00
[ 2s ] thds: 1 tps: 0.00 qps: 1236.75 (r/w/o: 0.00/1236.75/0.00) lat (ms,95%): 0.00 err/s: 0.00 reconn/s: 0.00
[ 3s ] thds: 1 tps: 0.00 qps: 1225.95 (r/w/o: 0.00/1225.95/0.00) lat (ms,95%): 0.00 err/s: 0.00 reconn/s: 0.00
[ 4s ] thds: 1 tps: 1.00 qps: 1218.07 (r/w/o: 0.00/1216.07/2.00) lat (ms,95%): 3267.19 err/s: 0.00 reconn/s: 0.00
[ 5s ] thds: 1 tps: 0.00 qps: 1292.90 (r/w/o: 0.00/1292.90/0.00) lat (ms,95%): 0.00 err/s: 0.00 reconn/s: 0.00
[ 6s ] thds: 1 tps: 0.00 qps: 1258.02 (r/w/o: 0.00/1258.02/0.00) lat (ms,95%): 0.00 err/s: 0.00 reconn/s: 0.00
[ 7s ] thds: 1 tps: 1.00 qps: 1106.07 (r/w/o: 0.00/1104.07/2.00) lat (ms,95%): 3208.88 err/s: 0.00 reconn/s: 0.00
[ 8s ] thds: 1 tps: 0.00 qps: 1217.99 (r/w/o: 0.00/1217.99/0.00) lat (ms,95%): 0.00 err/s: 0.00 reconn/s: 0.00
[ 9s ] thds: 1 tps: 0.00 qps: 1157.95 (r/w/o: 0.00/1157.95/0.00) lat (ms,95%): 0.00 err/s: 0.00 reconn/s: 0.00
[ 10s ] thds: 1 tps: 0.00 qps: 1048.09 (r/w/o: 0.00/1048.09/0.00) lat (ms,95%): 0.00 err/s: 0.00 reconn/s: 0.00
SQL statistics:
    queries performed:
        read:                            0
        write:                           11999
        other:                           7
        total:                           12006
    transactions:                        3      (0.30 per sec.)
    queries:                             12006  (1192.29 per sec.)
    ignored errors:                      0      (0.00 per sec.)
    reconnects:                          0      (0.00 per sec.)

General statistics:
    total time:                          10.0693s
    total number of events:              3

Latency (ms):
         min:                                 3211.46
         avg:                                 3356.14
         max:                                 3592.11
         95th percentile:                     3574.99
         sum:                                10068.41

Threads fairness:
    events (avg/stddev):           3.0000/0.00
    execution time (avg/stddev):   10.0684/0.00

