sysbench 1.0.20 (using system LuaJIT 2.1.0-beta3)

Running the test with following options:
Number of threads: 1
Report intermediate results every 1 second(s)
Initializing random number generator from current time


Initializing worker threads...

Threads started!

[ 1s ] thds: 1 tps: 172.87 qps: 520.60 (r/w/o: 520.60/0.00/0.00) lat (ms,95%): 6.21 err/s: 0.00 reconn/s: 0.00
[ 2s ] thds: 1 tps: 176.04 qps: 528.11 (r/w/o: 528.11/0.00/0.00) lat (ms,95%): 6.21 err/s: 0.00 reconn/s: 0.00
[ 3s ] thds: 1 tps: 176.01 qps: 527.02 (r/w/o: 527.02/0.00/0.00) lat (ms,95%): 6.21 err/s: 0.00 reconn/s: 0.00
[ 4s ] thds: 1 tps: 175.00 qps: 524.00 (r/w/o: 524.00/0.00/0.00) lat (ms,95%): 6.43 err/s: 0.00 reconn/s: 0.00
[ 5s ] thds: 1 tps: 177.00 qps: 532.99 (r/w/o: 532.99/0.00/0.00) lat (ms,95%): 5.88 err/s: 0.00 reconn/s: 0.00
[ 6s ] thds: 1 tps: 178.01 qps: 534.04 (r/w/o: 534.04/0.00/0.00) lat (ms,95%): 5.77 err/s: 0.00 reconn/s: 0.00
[ 7s ] thds: 1 tps: 175.00 qps: 524.99 (r/w/o: 524.99/0.00/0.00) lat (ms,95%): 6.21 err/s: 0.00 reconn/s: 0.00
[ 8s ] thds: 1 tps: 175.99 qps: 525.98 (r/w/o: 525.98/0.00/0.00) lat (ms,95%): 6.21 err/s: 0.00 reconn/s: 0.00
SQL statistics:
    queries performed:
        read:                            4221
        write:                           0
        other:                           0
        total:                           4221
    transactions:                        1407   (175.74 per sec.)
    queries:                             4221   (527.21 per sec.)
    ignored errors:                      0      (0.00 per sec.)
    reconnects:                          0      (0.00 per sec.)

General statistics:
    total time:                          8.0059s
    total number of events:              1407

Latency (ms):
         min:                                    5.40
         avg:                                    5.69
         max:                                   16.77
         95th percentile:                        6.21
         sum:                                 8002.70

Threads fairness:
    events (avg/stddev):           1407.0000/0.00
    execution time (avg/stddev):   8.0027/0.00

