sysbench 1.0.20 (using system LuaJIT 2.1.0-beta3)

Running the test with following options:
Number of threads: 1
Report intermediate results every 1 second(s)
Initializing random number generator from current time


Initializing worker threads...

Threads started!

[ 1s ] thds: 1 tps: 1421.02 qps: 1421.02 (r/w/o: 1421.02/0.00/0.00) lat (ms,95%): 0.74 err/s: 0.00 reconn/s: 0.00
[ 2s ] thds: 1 tps: 1444.34 qps: 1444.34 (r/w/o: 1444.34/0.00/0.00) lat (ms,95%): 0.74 err/s: 0.00 reconn/s: 0.00
[ 3s ] thds: 1 tps: 1475.00 qps: 1475.00 (r/w/o: 1475.00/0.00/0.00) lat (ms,95%): 0.73 err/s: 0.00 reconn/s: 0.00
[ 4s ] thds: 1 tps: 1485.00 qps: 1485.00 (r/w/o: 1485.00/0.00/0.00) lat (ms,95%): 0.72 err/s: 0.00 reconn/s: 0.00
[ 5s ] thds: 1 tps: 1495.00 qps: 1495.00 (r/w/o: 1495.00/0.00/0.00) lat (ms,95%): 0.72 err/s: 0.00 reconn/s: 0.00
[ 6s ] thds: 1 tps: 1498.70 qps: 1498.70 (r/w/o: 1498.70/0.00/0.00) lat (ms,95%): 0.70 err/s: 0.00 reconn/s: 0.00
[ 7s ] thds: 1 tps: 1502.99 qps: 1502.99 (r/w/o: 1502.99/0.00/0.00) lat (ms,95%): 0.69 err/s: 0.00 reconn/s: 0.00
SQL statistics:
    queries performed:
        read:                            11834
        write:                           0
        other:                           0
        total:                           11834
    transactions:                        11834  (1479.05 per sec.)
    queries:                             11834  (1479.05 per sec.)
    ignored errors:                      0      (0.00 per sec.)
    reconnects:                          0      (0.00 per sec.)

General statistics:
    total time:                          8.0007s
    total number of events:              11834

Latency (ms):
         min:                                    0.62
         avg:                                    0.68
         max:                                    8.74
         95th percentile:                        0.73
         sum:                                 7988.21

Threads fairness:
    events (avg/stddev):           11834.0000/0.00
    execution time (avg/stddev):   7.9882/0.00

