sysbench 1.0.20 (using system LuaJIT 2.1.0-beta3)

Running the test with following options:
Number of threads: 4
Report intermediate results every 2 second(s)
Initializing random number generator from current time


Initializing worker threads...

Threads started!

[ 2s ] thds: 4 tps: 6329.25 qps: 18989.25 (r/w/o: 0.00/0.00/18989.25) lat (ms,95%): 0.84 err/s: 0.00 reconn/s: 0.00
[ 4s ] thds: 4 tps: 6607.60 qps: 19823.31 (r/w/o: 0.00/0.00/19823.31) lat (ms,95%): 0.78 err/s: 0.00 reconn/s: 0.00
[ 6s ] thds: 4 tps: 6781.48 qps: 20344.94 (r/w/o: 0.00/0.00/20344.94) lat (ms,95%): 0.77 err/s: 0.00 reconn/s: 0.00
[ 8s ] thds: 4 tps: 6775.33 qps: 20326.48 (r/w/o: 0.00/0.00/20326.48) lat (ms,95%): 0.78 err/s: 0.00 reconn/s: 0.00
[ 10s ] thds: 4 tps: 6340.75 qps: 19021.74 (r/w/o: 0.00/0.00/19021.74) lat (ms,95%): 0.83 err/s: 0.00 reconn/s: 0.00
[ 12s ] thds: 4 tps: 6338.30 qps: 19014.39 (r/w/o: 0.00/0.00/19014.39) lat (ms,95%): 0.83 err/s: 0.00 reconn/s: 0.00
[ 14s ] thds: 4 tps: 6591.56 qps: 19774.69 (r/w/o: 0.00/0.00/19774.69) lat (ms,95%): 0.80 err/s: 0.00 reconn/s: 0.00
[ 16s ] thds: 4 tps: 6562.30 qps: 19686.89 (r/w/o: 0.00/0.00/19686.89) lat (ms,95%): 0.80 err/s: 0.00 reconn/s: 0.00
[ 18s ] thds: 4 tps: 6669.37 qps: 20007.11 (r/w/o: 0.00/0.00/20007.11) lat (ms,95%): 0.78 err/s: 0.00 reconn/s: 0.00
SQL statistics:
    queries performed:
        read:                            0
        write:                           0
        other:                           353997
        total:                           353997
    transactions:                        117999 (6554.83 per sec.)
    queries:                             353997 (19664.49 per sec.)
    ignored errors:                      0      (0.00 per sec.)
    reconnects:                          0      (0.00 per sec.)

General statistics:
    total time:                          18.0015s
    total number of events:              117999

Latency (ms):
         min:                                    0.32
         avg:                                    0.61
         max:                                   20.79
         95th percentile:                        0.80
         sum:                                71838.33

Threads fairness:
    events (avg/stddev):           29499.7500/108.22
    execution time (avg/stddev):   17.9596/0.00

