sysbench 1.0.20 (using system LuaJIT 2.1.0-beta3)

Running the test with following options:
Number of threads: 4
Report intermediate results every 2 second(s)
Initializing random number generator from current time


Initializing worker threads...

Threads started!

[ 2s ] thds: 4 tps: 4159.11 qps: 12480.33 (r/w/o: 12480.33/0.00/0.00) lat (ms,95%): 1.23 err/s: 0.00 reconn/s: 0.00
[ 4s ] thds: 4 tps: 4197.21 qps: 12591.13 (r/w/o: 12591.13/0.00/0.00) lat (ms,95%): 1.23 err/s: 0.00 reconn/s: 0.00
[ 6s ] thds: 4 tps: 4210.93 qps: 12631.78 (r/w/o: 12631.78/0.00/0.00) lat (ms,95%): 1.23 err/s: 0.00 reconn/s: 0.00
[ 8s ] thds: 4 tps: 4240.05 qps: 12719.16 (r/w/o: 12719.16/0.00/0.00) lat (ms,95%): 1.21 err/s: 0.00 reconn/s: 0.00
[ 10s ] thds: 4 tps: 4186.49 qps: 12560.97 (r/w/o: 12560.97/0.00/0.00) lat (ms,95%): 1.23 err/s: 0.00 reconn/s: 0.00
[ 12s ] thds: 4 tps: 4210.03 qps: 12629.09 (r/w/o: 12629.09/0.00/0.00) lat (ms,95%): 1.23 err/s: 0.00 reconn/s: 0.00
[ 14s ] thds: 4 tps: 4189.99 qps: 12570.96 (r/w/o: 12570.96/0.00/0.00) lat (ms,95%): 1.25 err/s: 0.00 reconn/s: 0.00
[ 16s ] thds: 4 tps: 4131.99 qps: 12395.47 (r/w/o: 12395.47/0.00/0.00) lat (ms,95%): 1.27 err/s: 0.00 reconn/s: 0.00
[ 18s ] thds: 4 tps: 4191.48 qps: 12576.45 (r/w/o: 12576.45/0.00/0.00) lat (ms,95%): 1.23 err/s: 0.00 reconn/s: 0.00
SQL statistics:
    queries performed:
        read:                            226323
        write:                           0
        other:                           0
        total:                           226323
    transactions:                        75441  (4190.76 per sec.)
    queries:                             226323 (12572.29 per sec.)
    ignored errors:                      0      (0.00 per sec.)
    reconnects:                          0      (0.00 per sec.)

General statistics:
    total time:                          18.0014s
    total number of events:              75441

Latency (ms):
         min:                                    0.62
         avg:                                    0.95
         max:                                   19.97
         95th percentile:                        1.23
         sum:                                71907.54

Threads fairness:
    events (avg/stddev):           18860.2500/26.74
    execution time (avg/stddev):   17.9769/0.00

