sysbench 1.0.20 (using system LuaJIT 2.1.0-beta3)

Running the test with following options:
Number of threads: 1
Report intermediate results every 1 second(s)
Initializing random number generator from current time


Initializing worker threads...

Threads started!

[ 1s ] thds: 1 tps: 0.00 qps: 1179.81 (r/w/o: 0.00/1176.82/3.00) lat (ms,95%): 0.00 err/s: 0.00 reconn/s: 0.00
[ 2s ] thds: 1 tps: 0.00 qps: 1118.60 (r/w/o: 0.00/1118.60/0.00) lat (ms,95%): 0.00 err/s: 0.00 reconn/s: 0.00
[ 3s ] thds: 1 tps: 0.00 qps: 1159.96 (r/w/o: 0.00/1159.96/0.00) lat (ms,95%): 0.00 err/s: 0.00 reconn/s: 0.00
[ 4s ] thds: 1 tps: 1.00 qps: 1125.00 (r/w/o: 0.00/1123.00/2.00) lat (ms,95%): 3448.53 err/s: 0.00 reconn/s: 0.00
[ 5s ] thds: 1 tps: 0.00 qps: 1177.03 (r/w/o: 0.00/1177.03/0.00) lat (ms,95%): 0.00 err/s: 0.00 reconn/s: 0.00
[ 6s ] thds: 1 tps: 0.00 qps: 1158.99 (r/w/o: 0.00/1158.99/0.00) lat (ms,95%): 0.00 err/s: 0.00 reconn/s: 0.00
[ 7s ] thds: 1 tps: 1.00 qps: 1148.03 (r/w/o: 0.00/1146.03/2.00) lat (ms,95%): 3448.53 err/s: 0.00 reconn/s: 0.00
[ 8s ] thds: 1 tps: 0.00 qps: 1185.00 (r/w/o: 0.00/1185.00/0.00) lat (ms,95%): 0.00 err/s: 0.00 reconn/s: 0.00
[ 9s ] thds: 1 tps: 0.00 qps: 1197.99 (r/w/o: 0.00/1197.99/0.00) lat (ms,95%): 0.00 err/s: 0.00 reconn/s: 0.00
[ 10s ] thds: 1 tps: 0.00 qps: 1200.93 (r/w/o: 0.00/1200.93/0.00) lat (ms,95%): 0.00 err/s: 0.00 reconn/s: 0.00
SQL statistics:
    queries performed:
        read:                            0
        write:                           12002
        other:                           7
        total:                           12009
    transactions:                        3      (0.29 per sec.)
    queries:                             12009  (1164.62 per sec.)
    ignored errors:                      0      (0.00 per sec.)
    reconnects:                          0      (0.00 per sec.)

General statistics:
    total time:                          10.3111s
    total number of events:              3

Latency (ms):
         min:                                 3394.95
         avg:                                 3436.83
         max:                                 3468.53
         95th percentile:                     3448.53
         sum:                                10310.50

Threads fairness:
    events (avg/stddev):           3.0000/0.00
    execution time (avg/stddev):   10.3105/0.00

