sysbench 1.0.20 (using system LuaJIT 2.1.0-beta3)

Running the test with following options:
Number of threads: 1
Report intermediate results every 1 second(s)
Initializing random number generator from current time


Initializing worker threads...

Threads started!

[ 1s ] thds: 1 tps: 0.00 qps: 1025.07 (r/w/o: 0.00/1022.07/3.00) lat (ms,95%): 0.00 err/s: 0.00 reconn/s: 0.00
[ 2s ] thds: 1 tps: 0.00 qps: 1068.48 (r/w/o: 0.00/1068.48/0.00) lat (ms,95%): 0.00 err/s: 0.00 reconn/s: 0.00
[ 3s ] thds: 1 tps: 0.00 qps: 1060.97 (r/w/o: 0.00/1060.97/0.00) lat (ms,95%): 0.00 err/s: 0.00 reconn/s: 0.00
[ 4s ] thds: 1 tps: 1.00 qps: 980.08 (r/w/o: 0.00/978.08/2.00) lat (ms,95%): 3841.98 err/s: 0.00 reconn/s: 0.00
[ 5s ] thds: 1 tps: 0.00 qps: 1062.96 (r/w/o: 0.00/1062.96/0.00) lat (ms,95%): 0.00 err/s: 0.00 reconn/s: 0.00
[ 6s ] thds: 1 tps: 0.00 qps: 1072.04 (r/w/o: 0.00/1072.04/0.00) lat (ms,95%): 0.00 err/s: 0.00 reconn/s: 0.00
[ 7s ] thds: 1 tps: 0.00 qps: 1182.94 (r/w/o: 0.00/1182.94/0.00) lat (ms,95%): 0.00 err/s: 0.00 reconn/s: 0.00
[ 8s ] thds: 1 tps: 1.00 qps: 977.97 (r/w/o: 0.00/975.97/2.00) lat (ms,95%): 3706.08 err/s: 0.00 reconn/s: 0.00
[ 9s ] thds: 1 tps: 0.00 qps: 1016.04 (r/w/o: 0.00/1016.04/0.00) lat (ms,95%): 0.00 err/s: 0.00 reconn/s: 0.00
[ 10s ] thds: 1 tps: 0.00 qps: 1057.96 (r/w/o: 0.00/1057.96/0.00) lat (ms,95%): 0.00 err/s: 0.00 reconn/s: 0.00
[ 11s ] thds: 1 tps: 0.00 qps: 1052.06 (r/w/o: 0.00/1052.06/0.00) lat (ms,95%): 0.00 err/s: 0.00 reconn/s: 0.00
SQL statistics:
    queries performed:
        read:                            0
        write:                           12002
        other:                           7
        total:                           12009
    transactions:                        3      (0.26 per sec.)
    queries:                             12009  (1050.58 per sec.)
    ignored errors:                      0      (0.00 per sec.)
    reconnects:                          0      (0.00 per sec.)

General statistics:
    total time:                          11.4304s
    total number of events:              3

Latency (ms):
         min:                                 3705.22
         avg:                                 3809.94
         max:                                 3886.72
         95th percentile:                     3911.79
         sum:                                11429.81

Threads fairness:
    events (avg/stddev):           3.0000/0.00
    execution time (avg/stddev):   11.4298/0.00

