sysbench 1.0.20 (using system LuaJIT 2.1.0-beta3)

Running the test with following options:
Number of threads: 4
Report intermediate results every 2 second(s)
Initializing random number generator from current time


Initializing worker threads...

Threads started!

[ 2s ] thds: 4 tps: 4.00 qps: 5463.24 (r/w/o: 0.00/1363.31/4099.93) lat (ms,95%): 746.32 err/s: 0.00 reconn/s: 0.00
[ 4s ] thds: 4 tps: 6.00 qps: 5640.41 (r/w/o: 0.00/1407.35/4233.06) lat (ms,95%): 746.32 err/s: 0.00 reconn/s: 0.00
[ 6s ] thds: 4 tps: 6.00 qps: 5586.97 (r/w/o: 0.00/1393.49/4193.48) lat (ms,95%): 719.92 err/s: 0.00 reconn/s: 0.00
[ 8s ] thds: 4 tps: 6.00 qps: 5498.46 (r/w/o: 0.00/1371.99/4126.47) lat (ms,95%): 733.00 err/s: 0.00 reconn/s: 0.00
[ 10s ] thds: 4 tps: 4.00 qps: 5359.42 (r/w/o: 0.00/1337.48/4021.94) lat (ms,95%): 759.88 err/s: 0.00 reconn/s: 0.00
[ 12s ] thds: 4 tps: 6.00 qps: 5514.21 (r/w/o: 0.00/1375.55/4138.66) lat (ms,95%): 759.88 err/s: 0.00 reconn/s: 0.00
[ 14s ] thds: 4 tps: 6.00 qps: 5535.95 (r/w/o: 0.00/1380.99/4154.96) lat (ms,95%): 746.32 err/s: 0.00 reconn/s: 0.00
[ 16s ] thds: 4 tps: 4.00 qps: 5520.96 (r/w/o: 0.00/1378.49/4142.47) lat (ms,95%): 733.00 err/s: 0.00 reconn/s: 0.00
[ 18s ] thds: 4 tps: 6.00 qps: 5374.85 (r/w/o: 0.00/1340.46/4034.39) lat (ms,95%): 759.88 err/s: 0.00 reconn/s: 0.00
SQL statistics:
    queries performed:
        read:                            0
        write:                           25026
        other:                           75274
        total:                           100300
    transactions:                        100    (5.48 per sec.)
    queries:                             100300 (5498.83 per sec.)
    ignored errors:                      0      (0.00 per sec.)
    reconnects:                          0      (0.00 per sec.)

General statistics:
    total time:                          18.2399s
    total number of events:              100

Latency (ms):
         min:                                  698.46
         avg:                                  729.55
         max:                                  759.52
         95th percentile:                      759.88
         sum:                                72955.09

Threads fairness:
    events (avg/stddev):           25.0000/0.00
    execution time (avg/stddev):   18.2388/0.00

