sysbench 1.0.20 (using system LuaJIT 2.1.0-beta3)

Running the test with following options:
Number of threads: 4
Report intermediate results every 2 second(s)
Initializing random number generator from current time


Initializing worker threads...

Threads started!

[ 2s ] thds: 4 tps: 3401.42 qps: 10205.76 (r/w/o: 10205.76/0.00/0.00) lat (ms,95%): 1.50 err/s: 0.00 reconn/s: 0.00
[ 4s ] thds: 4 tps: 3415.11 qps: 10246.34 (r/w/o: 10246.34/0.00/0.00) lat (ms,95%): 1.52 err/s: 0.00 reconn/s: 0.00
[ 6s ] thds: 4 tps: 3440.50 qps: 10320.51 (r/w/o: 10320.51/0.00/0.00) lat (ms,95%): 1.50 err/s: 0.00 reconn/s: 0.00
[ 8s ] thds: 4 tps: 3478.53 qps: 10436.10 (r/w/o: 10436.10/0.00/0.00) lat (ms,95%): 1.47 err/s: 0.00 reconn/s: 0.00
[ 10s ] thds: 4 tps: 3475.01 qps: 10425.53 (r/w/o: 10425.53/0.00/0.00) lat (ms,95%): 1.47 err/s: 0.00 reconn/s: 0.00
[ 12s ] thds: 4 tps: 3479.95 qps: 10438.36 (r/w/o: 10438.36/0.00/0.00) lat (ms,95%): 1.47 err/s: 0.00 reconn/s: 0.00
[ 14s ] thds: 4 tps: 3457.50 qps: 10371.99 (r/w/o: 10371.99/0.00/0.00) lat (ms,95%): 1.50 err/s: 0.00 reconn/s: 0.00
[ 16s ] thds: 4 tps: 3466.99 qps: 10402.98 (r/w/o: 10402.98/0.00/0.00) lat (ms,95%): 1.47 err/s: 0.00 reconn/s: 0.00
[ 18s ] thds: 4 tps: 3453.50 qps: 10359.01 (r/w/o: 10359.01/0.00/0.00) lat (ms,95%): 1.50 err/s: 0.00 reconn/s: 0.00
SQL statistics:
    queries performed:
        read:                            186423
        write:                           0
        other:                           0
        total:                           186423
    transactions:                        62141  (3451.89 per sec.)
    queries:                             186423 (10355.68 per sec.)
    ignored errors:                      0      (0.00 per sec.)
    reconnects:                          0      (0.00 per sec.)

General statistics:
    total time:                          18.0016s
    total number of events:              62141

Latency (ms):
         min:                                    0.68
         avg:                                    1.16
         max:                                   19.00
         95th percentile:                        1.50
         sum:                                71918.93

Threads fairness:
    events (avg/stddev):           15535.2500/68.95
    execution time (avg/stddev):   17.9797/0.00

