sysbench 1.0.20 (using system LuaJIT 2.1.0-beta3)

Running the test with following options:
Number of threads: 1
Report intermediate results every 1 second(s)
Initializing random number generator from current time


Initializing worker threads...

Threads started!

[ 1s ] thds: 1 tps: 5000.52 qps: 5000.52 (r/w/o: 5000.52/0.00/0.00) lat (ms,95%): 0.22 err/s: 0.00 reconn/s: 0.00
[ 2s ] thds: 1 tps: 4993.23 qps: 4993.23 (r/w/o: 4993.23/0.00/0.00) lat (ms,95%): 0.23 err/s: 0.00 reconn/s: 0.00
[ 3s ] thds: 1 tps: 4989.80 qps: 4989.80 (r/w/o: 4989.80/0.00/0.00) lat (ms,95%): 0.23 err/s: 0.00 reconn/s: 0.00
[ 4s ] thds: 1 tps: 4996.17 qps: 4996.17 (r/w/o: 4996.17/0.00/0.00) lat (ms,95%): 0.22 err/s: 0.00 reconn/s: 0.00
[ 5s ] thds: 1 tps: 4989.97 qps: 4989.97 (r/w/o: 4989.97/0.00/0.00) lat (ms,95%): 0.23 err/s: 0.00 reconn/s: 0.00
[ 6s ] thds: 1 tps: 5021.99 qps: 5021.99 (r/w/o: 5021.99/0.00/0.00) lat (ms,95%): 0.22 err/s: 0.00 reconn/s: 0.00
[ 7s ] thds: 1 tps: 5027.93 qps: 5027.93 (r/w/o: 5027.93/0.00/0.00) lat (ms,95%): 0.22 err/s: 0.00 reconn/s: 0.00
SQL statistics:
    queries performed:
        read:                            40061
        write:                           0
        other:                           0
        total:                           40061
    transactions:                        40061  (5006.97 per sec.)
    queries:                             40061  (5006.97 per sec.)
    ignored errors:                      0      (0.00 per sec.)
    reconnects:                          0      (0.00 per sec.)

General statistics:
    total time:                          8.0007s
    total number of events:              40061

Latency (ms):
         min:                                    0.17
         avg:                                    0.20
         max:                                    7.65
         95th percentile:                        0.23
         sum:                                 7965.16

Threads fairness:
    events (avg/stddev):           40061.0000/0.00
    execution time (avg/stddev):   7.9652/0.00

