sysbench 1.0.20 (using system LuaJIT 2.1.0-beta3)

Running the test with following options:
Number of threads: 1
Report intermediate results every 1 second(s)
Initializing random number generator from current time


Initializing worker threads...

Threads started!

[ 1s ] thds: 1 tps: 208.84 qps: 208.84 (r/w/o: 208.84/0.00/0.00) lat (ms,95%): 4.91 err/s: 0.00 reconn/s: 0.00
[ 2s ] thds: 1 tps: 210.06 qps: 210.06 (r/w/o: 210.06/0.00/0.00) lat (ms,95%): 5.18 err/s: 0.00 reconn/s: 0.00
[ 3s ] thds: 1 tps: 210.01 qps: 210.01 (r/w/o: 210.01/0.00/0.00) lat (ms,95%): 5.18 err/s: 0.00 reconn/s: 0.00
[ 4s ] thds: 1 tps: 211.00 qps: 211.00 (r/w/o: 211.00/0.00/0.00) lat (ms,95%): 5.18 err/s: 0.00 reconn/s: 0.00
[ 5s ] thds: 1 tps: 212.00 qps: 212.00 (r/w/o: 212.00/0.00/0.00) lat (ms,95%): 4.82 err/s: 0.00 reconn/s: 0.00
[ 6s ] thds: 1 tps: 210.01 qps: 210.01 (r/w/o: 210.01/0.00/0.00) lat (ms,95%): 5.18 err/s: 0.00 reconn/s: 0.00
[ 7s ] thds: 1 tps: 211.99 qps: 211.99 (r/w/o: 211.99/0.00/0.00) lat (ms,95%): 5.00 err/s: 0.00 reconn/s: 0.00
[ 8s ] thds: 1 tps: 212.00 qps: 212.00 (r/w/o: 212.00/0.00/0.00) lat (ms,95%): 5.18 err/s: 0.00 reconn/s: 0.00
SQL statistics:
    queries performed:
        read:                            1687
        write:                           0
        other:                           0
        total:                           1687
    transactions:                        1687   (210.79 per sec.)
    queries:                             1687   (210.79 per sec.)
    ignored errors:                      0      (0.00 per sec.)
    reconnects:                          0      (0.00 per sec.)

General statistics:
    total time:                          8.0029s
    total number of events:              1687

Latency (ms):
         min:                                    4.05
         avg:                                    4.74
         max:                                   12.39
         95th percentile:                        5.18
         sum:                                 8000.00

Threads fairness:
    events (avg/stddev):           1687.0000/0.00
    execution time (avg/stddev):   8.0000/0.00

