sysbench 1.0.20 (using system LuaJIT 2.1.0-beta3)

Running the test with following options:
Number of threads: 4
Report intermediate results every 2 second(s)
Initializing random number generator from current time


Initializing worker threads...

Threads started!

[ 2s ] thds: 4 tps: 11294.01 qps: 11294.01 (r/w/o: 11294.01/0.00/0.00) lat (ms,95%): 0.52 err/s: 0.00 reconn/s: 0.00
[ 4s ] thds: 4 tps: 11478.30 qps: 11478.30 (r/w/o: 11478.30/0.00/0.00) lat (ms,95%): 0.53 err/s: 0.00 reconn/s: 0.00
[ 6s ] thds: 4 tps: 11661.47 qps: 11661.47 (r/w/o: 11661.47/0.00/0.00) lat (ms,95%): 0.50 err/s: 0.00 reconn/s: 0.00
[ 8s ] thds: 4 tps: 11671.03 qps: 11671.03 (r/w/o: 11671.03/0.00/0.00) lat (ms,95%): 0.50 err/s: 0.00 reconn/s: 0.00
[ 10s ] thds: 4 tps: 11740.55 qps: 11740.55 (r/w/o: 11740.55/0.00/0.00) lat (ms,95%): 0.49 err/s: 0.00 reconn/s: 0.00
[ 12s ] thds: 4 tps: 11743.44 qps: 11743.44 (r/w/o: 11743.44/0.00/0.00) lat (ms,95%): 0.49 err/s: 0.00 reconn/s: 0.00
[ 14s ] thds: 4 tps: 11727.47 qps: 11727.47 (r/w/o: 11727.47/0.00/0.00) lat (ms,95%): 0.50 err/s: 0.00 reconn/s: 0.00
[ 16s ] thds: 4 tps: 11693.10 qps: 11693.10 (r/w/o: 11693.10/0.00/0.00) lat (ms,95%): 0.50 err/s: 0.00 reconn/s: 0.00
[ 18s ] thds: 4 tps: 11707.18 qps: 11707.18 (r/w/o: 11707.18/0.00/0.00) lat (ms,95%): 0.50 err/s: 0.00 reconn/s: 0.00
SQL statistics:
    queries performed:
        read:                            209443
        write:                           0
        other:                           0
        total:                           209443
    transactions:                        209443 (11634.65 per sec.)
    queries:                             209443 (11634.65 per sec.)
    ignored errors:                      0      (0.00 per sec.)
    reconnects:                          0      (0.00 per sec.)

General statistics:
    total time:                          18.0013s
    total number of events:              209443

Latency (ms):
         min:                                    0.19
         avg:                                    0.34
         max:                                   18.92
         95th percentile:                        0.50
         sum:                                71768.26

Threads fairness:
    events (avg/stddev):           52360.7500/192.40
    execution time (avg/stddev):   17.9421/0.00

