sysbench 1.0.20 (using system LuaJIT 2.1.0-beta3)

Running the test with following options:
Number of threads: 1
Report intermediate results every 1 second(s)
Initializing random number generator from current time


Initializing worker threads...

Threads started!

[ 1s ] thds: 1 tps: 445.71 qps: 445.71 (r/w/o: 445.71/0.00/0.00) lat (ms,95%): 2.26 err/s: 0.00 reconn/s: 0.00
[ 2s ] thds: 1 tps: 452.11 qps: 452.11 (r/w/o: 452.11/0.00/0.00) lat (ms,95%): 2.26 err/s: 0.00 reconn/s: 0.00
[ 3s ] thds: 1 tps: 450.97 qps: 450.97 (r/w/o: 450.97/0.00/0.00) lat (ms,95%): 2.26 err/s: 0.00 reconn/s: 0.00
[ 4s ] thds: 1 tps: 448.01 qps: 448.01 (r/w/o: 448.01/0.00/0.00) lat (ms,95%): 2.26 err/s: 0.00 reconn/s: 0.00
[ 5s ] thds: 1 tps: 447.01 qps: 447.01 (r/w/o: 447.01/0.00/0.00) lat (ms,95%): 2.30 err/s: 0.00 reconn/s: 0.00
[ 6s ] thds: 1 tps: 447.01 qps: 447.01 (r/w/o: 447.01/0.00/0.00) lat (ms,95%): 2.26 err/s: 0.00 reconn/s: 0.00
[ 7s ] thds: 1 tps: 449.00 qps: 449.00 (r/w/o: 449.00/0.00/0.00) lat (ms,95%): 2.26 err/s: 0.00 reconn/s: 0.00
[ 8s ] thds: 1 tps: 450.00 qps: 450.00 (r/w/o: 450.00/0.00/0.00) lat (ms,95%): 2.26 err/s: 0.00 reconn/s: 0.00
SQL statistics:
    queries performed:
        read:                            3591
        write:                           0
        other:                           0
        total:                           3591
    transactions:                        3591   (448.78 per sec.)
    queries:                             3591   (448.78 per sec.)
    ignored errors:                      0      (0.00 per sec.)
    reconnects:                          0      (0.00 per sec.)

General statistics:
    total time:                          8.0014s
    total number of events:              3591

Latency (ms):
         min:                                    2.15
         avg:                                    2.23
         max:                                   10.15
         95th percentile:                        2.26
         sum:                                 7997.03

Threads fairness:
    events (avg/stddev):           3591.0000/0.00
    execution time (avg/stddev):   7.9970/0.00

