sysbench 1.0.20 (using system LuaJIT 2.1.0-beta3)

Running the test with following options:
Number of threads: 1
Report intermediate results every 1 second(s)
Initializing random number generator from current time


Initializing worker threads...

Threads started!

[ 1s ] thds: 1 tps: 0.00 qps: 1302.74 (r/w/o: 0.00/1298.74/4.00) lat (ms,95%): 0.00 err/s: 0.00 reconn/s: 0.00
[ 2s ] thds: 1 tps: 0.00 qps: 1265.62 (r/w/o: 0.00/1265.62/0.00) lat (ms,95%): 0.00 err/s: 0.00 reconn/s: 0.00
[ 3s ] thds: 1 tps: 1.00 qps: 1263.98 (r/w/o: 0.00/1261.98/2.00) lat (ms,95%): 2159.29 err/s: 0.00 reconn/s: 0.00
[ 4s ] thds: 1 tps: 0.00 qps: 1206.03 (r/w/o: 0.00/1206.03/0.00) lat (ms,95%): 0.00 err/s: 0.00 reconn/s: 0.00
[ 5s ] thds: 1 tps: 1.00 qps: 1102.04 (r/w/o: 0.00/1100.04/2.00) lat (ms,95%): 2238.47 err/s: 0.00 reconn/s: 0.00
[ 6s ] thds: 1 tps: 0.00 qps: 1281.95 (r/w/o: 0.00/1281.95/0.00) lat (ms,95%): 0.00 err/s: 0.00 reconn/s: 0.00
[ 7s ] thds: 1 tps: 1.00 qps: 1296.10 (r/w/o: 0.00/1294.10/2.00) lat (ms,95%): 2320.55 err/s: 0.00 reconn/s: 0.00
[ 8s ] thds: 1 tps: 0.00 qps: 1339.88 (r/w/o: 0.00/1339.88/0.00) lat (ms,95%): 0.00 err/s: 0.00 reconn/s: 0.00
SQL statistics:
    queries performed:
        read:                            0
        write:                           11206
        other:                           10
        total:                           11216
    transactions:                        4      (0.45 per sec.)
    queries:                             11216  (1262.94 per sec.)
    ignored errors:                      0      (0.00 per sec.)
    reconnects:                          0      (0.00 per sec.)

General statistics:
    total time:                          8.8805s
    total number of events:              4

Latency (ms):
         min:                                 2143.72
         avg:                                 2219.99
         max:                                 2310.79
         95th percentile:                     2320.55
         sum:                                 8879.95

Threads fairness:
    events (avg/stddev):           4.0000/0.00
    execution time (avg/stddev):   8.8800/0.00

