sysbench 1.0.20 (using system LuaJIT 2.1.0-beta3)

Running the test with following options:
Number of threads: 4
Report intermediate results every 2 second(s)
Initializing random number generator from current time


Initializing worker threads...

Threads started!

[ 2s ] thds: 4 tps: 6219.51 qps: 18660.53 (r/w/o: 0.00/0.00/18660.53) lat (ms,95%): 0.84 err/s: 0.00 reconn/s: 0.00
[ 4s ] thds: 4 tps: 6533.64 qps: 19601.41 (r/w/o: 0.00/0.00/19601.41) lat (ms,95%): 0.81 err/s: 0.00 reconn/s: 0.00
[ 6s ] thds: 4 tps: 6791.78 qps: 20375.35 (r/w/o: 0.00/0.00/20375.35) lat (ms,95%): 0.78 err/s: 0.00 reconn/s: 0.00
[ 8s ] thds: 4 tps: 6579.33 qps: 19738.49 (r/w/o: 0.00/0.00/19738.49) lat (ms,95%): 0.78 err/s: 0.00 reconn/s: 0.00
[ 10s ] thds: 4 tps: 6449.35 qps: 19347.05 (r/w/o: 0.00/0.00/19347.05) lat (ms,95%): 0.87 err/s: 0.00 reconn/s: 0.00
[ 12s ] thds: 4 tps: 5820.34 qps: 17461.01 (r/w/o: 0.00/0.00/17461.01) lat (ms,95%): 0.99 err/s: 0.00 reconn/s: 0.00
[ 14s ] thds: 4 tps: 6752.59 qps: 20256.26 (r/w/o: 0.00/0.00/20256.26) lat (ms,95%): 0.77 err/s: 0.00 reconn/s: 0.00
[ 16s ] thds: 4 tps: 6775.24 qps: 20325.72 (r/w/o: 0.00/0.00/20325.72) lat (ms,95%): 0.77 err/s: 0.00 reconn/s: 0.00
[ 18s ] thds: 4 tps: 6453.41 qps: 19362.74 (r/w/o: 0.00/0.00/19362.74) lat (ms,95%): 0.81 err/s: 0.00 reconn/s: 0.00
SQL statistics:
    queries performed:
        read:                            0
        write:                           0
        other:                           350271
        total:                           350271
    transactions:                        116757 (6485.97 per sec.)
    queries:                             350271 (19457.90 per sec.)
    ignored errors:                      0      (0.00 per sec.)
    reconnects:                          0      (0.00 per sec.)

General statistics:
    total time:                          18.0011s
    total number of events:              116757

Latency (ms):
         min:                                    0.34
         avg:                                    0.62
         max:                                   20.78
         95th percentile:                        0.83
         sum:                                71834.61

Threads fairness:
    events (avg/stddev):           29189.2500/43.86
    execution time (avg/stddev):   17.9587/0.00

