sysbench 1.0.20 (using system LuaJIT 2.1.0-beta3)

Running the test with following options:
Number of threads: 1
Report intermediate results every 1 second(s)
Initializing random number generator from current time


Initializing worker threads...

Threads started!

[ 1s ] thds: 1 tps: 325.76 qps: 325.76 (r/w/o: 325.76/0.00/0.00) lat (ms,95%): 3.25 err/s: 0.00 reconn/s: 0.00
[ 2s ] thds: 1 tps: 331.09 qps: 331.09 (r/w/o: 331.09/0.00/0.00) lat (ms,95%): 3.25 err/s: 0.00 reconn/s: 0.00
[ 3s ] thds: 1 tps: 327.00 qps: 327.00 (r/w/o: 327.00/0.00/0.00) lat (ms,95%): 3.30 err/s: 0.00 reconn/s: 0.00
[ 4s ] thds: 1 tps: 330.99 qps: 330.99 (r/w/o: 330.99/0.00/0.00) lat (ms,95%): 3.25 err/s: 0.00 reconn/s: 0.00
[ 5s ] thds: 1 tps: 324.02 qps: 324.02 (r/w/o: 324.02/0.00/0.00) lat (ms,95%): 3.30 err/s: 0.00 reconn/s: 0.00
[ 6s ] thds: 1 tps: 328.99 qps: 328.99 (r/w/o: 328.99/0.00/0.00) lat (ms,95%): 3.25 err/s: 0.00 reconn/s: 0.00
[ 7s ] thds: 1 tps: 328.00 qps: 328.00 (r/w/o: 328.00/0.00/0.00) lat (ms,95%): 3.30 err/s: 0.00 reconn/s: 0.00
[ 8s ] thds: 1 tps: 331.01 qps: 331.01 (r/w/o: 331.01/0.00/0.00) lat (ms,95%): 3.25 err/s: 0.00 reconn/s: 0.00
SQL statistics:
    queries performed:
        read:                            2628
        write:                           0
        other:                           0
        total:                           2628
    transactions:                        2628   (328.39 per sec.)
    queries:                             2628   (328.39 per sec.)
    ignored errors:                      0      (0.00 per sec.)
    reconnects:                          0      (0.00 per sec.)

General statistics:
    total time:                          8.0022s
    total number of events:              2628

Latency (ms):
         min:                                    2.50
         avg:                                    3.04
         max:                                   11.07
         95th percentile:                        3.25
         sum:                                 7998.61

Threads fairness:
    events (avg/stddev):           2628.0000/0.00
    execution time (avg/stddev):   7.9986/0.00

