sysbench 1.0.20 (using system LuaJIT 2.1.0-beta3)

Running the test with following options:
Number of threads: 1
Report intermediate results every 1 second(s)
Initializing random number generator from current time


Initializing worker threads...

Threads started!

[ 1s ] thds: 1 tps: 3586.49 qps: 3586.49 (r/w/o: 3586.49/0.00/0.00) lat (ms,95%): 0.30 err/s: 0.00 reconn/s: 0.00
[ 2s ] thds: 1 tps: 3597.75 qps: 3597.75 (r/w/o: 3597.75/0.00/0.00) lat (ms,95%): 0.30 err/s: 0.00 reconn/s: 0.00
[ 3s ] thds: 1 tps: 3416.74 qps: 3416.74 (r/w/o: 3416.74/0.00/0.00) lat (ms,95%): 0.34 err/s: 0.00 reconn/s: 0.00
[ 4s ] thds: 1 tps: 3362.36 qps: 3362.36 (r/w/o: 3362.36/0.00/0.00) lat (ms,95%): 0.34 err/s: 0.00 reconn/s: 0.00
[ 5s ] thds: 1 tps: 3586.00 qps: 3586.00 (r/w/o: 3586.00/0.00/0.00) lat (ms,95%): 0.30 err/s: 0.00 reconn/s: 0.00
[ 6s ] thds: 1 tps: 3549.96 qps: 3549.96 (r/w/o: 3549.96/0.00/0.00) lat (ms,95%): 0.31 err/s: 0.00 reconn/s: 0.00
[ 7s ] thds: 1 tps: 3583.01 qps: 3583.01 (r/w/o: 3583.01/0.00/0.00) lat (ms,95%): 0.31 err/s: 0.00 reconn/s: 0.00
SQL statistics:
    queries performed:
        read:                            28319
        write:                           0
        other:                           0
        total:                           28319
    transactions:                        28319  (3539.39 per sec.)
    queries:                             28319  (3539.39 per sec.)
    ignored errors:                      0      (0.00 per sec.)
    reconnects:                          0      (0.00 per sec.)

General statistics:
    total time:                          8.0007s
    total number of events:              28319

Latency (ms):
         min:                                    0.25
         avg:                                    0.28
         max:                                    8.03
         95th percentile:                        0.32
         sum:                                 7975.34

Threads fairness:
    events (avg/stddev):           28319.0000/0.00
    execution time (avg/stddev):   7.9753/0.00

