sysbench 1.0.20 (using system LuaJIT 2.1.0-beta3)

Running the test with following options:
Number of threads: 1
Report intermediate results every 1 second(s)
Initializing random number generator from current time


Initializing worker threads...

Threads started!

[ 1s ] thds: 1 tps: 1957.69 qps: 1957.69 (r/w/o: 1957.69/0.00/0.00) lat (ms,95%): 0.54 err/s: 0.00 reconn/s: 0.00
[ 2s ] thds: 1 tps: 1964.47 qps: 1964.47 (r/w/o: 1964.47/0.00/0.00) lat (ms,95%): 0.54 err/s: 0.00 reconn/s: 0.00
[ 3s ] thds: 1 tps: 1960.98 qps: 1960.98 (r/w/o: 1960.98/0.00/0.00) lat (ms,95%): 0.54 err/s: 0.00 reconn/s: 0.00
[ 4s ] thds: 1 tps: 1981.84 qps: 1981.84 (r/w/o: 1981.84/0.00/0.00) lat (ms,95%): 0.54 err/s: 0.00 reconn/s: 0.00
[ 5s ] thds: 1 tps: 1967.18 qps: 1967.18 (r/w/o: 1967.18/0.00/0.00) lat (ms,95%): 0.54 err/s: 0.00 reconn/s: 0.00
[ 6s ] thds: 1 tps: 1986.98 qps: 1986.98 (r/w/o: 1986.98/0.00/0.00) lat (ms,95%): 0.53 err/s: 0.00 reconn/s: 0.00
[ 7s ] thds: 1 tps: 1989.03 qps: 1989.03 (r/w/o: 1989.03/0.00/0.00) lat (ms,95%): 0.53 err/s: 0.00 reconn/s: 0.00
[ 8s ] thds: 1 tps: 1984.79 qps: 1984.79 (r/w/o: 1984.79/0.00/0.00) lat (ms,95%): 0.53 err/s: 0.00 reconn/s: 0.00
SQL statistics:
    queries performed:
        read:                            15795
        write:                           0
        other:                           0
        total:                           15795
    transactions:                        15795  (1974.07 per sec.)
    queries:                             15795  (1974.07 per sec.)
    ignored errors:                      0      (0.00 per sec.)
    reconnects:                          0      (0.00 per sec.)

General statistics:
    total time:                          8.0009s
    total number of events:              15795

Latency (ms):
         min:                                    0.47
         avg:                                    0.51
         max:                                    8.17
         95th percentile:                        0.54
         sum:                                 7986.14

Threads fairness:
    events (avg/stddev):           15795.0000/0.00
    execution time (avg/stddev):   7.9861/0.00

