sysbench 1.0.20 (using system LuaJIT 2.1.0-beta3)

Running the test with following options:
Number of threads: 1
Report intermediate results every 1 second(s)
Initializing random number generator from current time


Initializing worker threads...

Threads started!

[ 1s ] thds: 1 tps: 2919.79 qps: 2919.79 (r/w/o: 2919.79/0.00/0.00) lat (ms,95%): 0.39 err/s: 0.00 reconn/s: 0.00
[ 2s ] thds: 1 tps: 3039.84 qps: 3039.84 (r/w/o: 3039.84/0.00/0.00) lat (ms,95%): 0.36 err/s: 0.00 reconn/s: 0.00
[ 3s ] thds: 1 tps: 3089.05 qps: 3089.05 (r/w/o: 3089.05/0.00/0.00) lat (ms,95%): 0.35 err/s: 0.00 reconn/s: 0.00
[ 4s ] thds: 1 tps: 2998.99 qps: 2998.99 (r/w/o: 2998.99/0.00/0.00) lat (ms,95%): 0.36 err/s: 0.00 reconn/s: 0.00
[ 5s ] thds: 1 tps: 3048.75 qps: 3048.75 (r/w/o: 3048.75/0.00/0.00) lat (ms,95%): 0.36 err/s: 0.00 reconn/s: 0.00
[ 6s ] thds: 1 tps: 3060.20 qps: 3060.20 (r/w/o: 3060.20/0.00/0.00) lat (ms,95%): 0.35 err/s: 0.00 reconn/s: 0.00
[ 7s ] thds: 1 tps: 3037.07 qps: 3037.07 (r/w/o: 3037.07/0.00/0.00) lat (ms,95%): 0.36 err/s: 0.00 reconn/s: 0.00
SQL statistics:
    queries performed:
        read:                            24234
        write:                           0
        other:                           0
        total:                           24234
    transactions:                        24234  (3028.86 per sec.)
    queries:                             24234  (3028.86 per sec.)
    ignored errors:                      0      (0.00 per sec.)
    reconnects:                          0      (0.00 per sec.)

General statistics:
    total time:                          8.0007s
    total number of events:              24234

Latency (ms):
         min:                                    0.30
         avg:                                    0.33
         max:                                    8.99
         95th percentile:                        0.36
         sum:                                 7979.75

Threads fairness:
    events (avg/stddev):           24234.0000/0.00
    execution time (avg/stddev):   7.9798/0.00

