sysbench 1.0.20 (using system LuaJIT 2.1.0-beta3)

Running the test with following options:
Number of threads: 1
Report intermediate results every 1 second(s)
Initializing random number generator from current time


Initializing worker threads...

Threads started!

[ 1s ] thds: 1 tps: 1579.85 qps: 1579.85 (r/w/o: 1579.85/0.00/0.00) lat (ms,95%): 0.65 err/s: 0.00 reconn/s: 0.00
[ 2s ] thds: 1 tps: 1604.42 qps: 1604.42 (r/w/o: 1604.42/0.00/0.00) lat (ms,95%): 0.65 err/s: 0.00 reconn/s: 0.00
[ 3s ] thds: 1 tps: 1610.96 qps: 1610.96 (r/w/o: 1610.96/0.00/0.00) lat (ms,95%): 0.64 err/s: 0.00 reconn/s: 0.00
[ 4s ] thds: 1 tps: 1619.00 qps: 1619.00 (r/w/o: 1619.00/0.00/0.00) lat (ms,95%): 0.64 err/s: 0.00 reconn/s: 0.00
[ 5s ] thds: 1 tps: 1608.00 qps: 1608.00 (r/w/o: 1608.00/0.00/0.00) lat (ms,95%): 0.65 err/s: 0.00 reconn/s: 0.00
[ 6s ] thds: 1 tps: 1603.00 qps: 1603.00 (r/w/o: 1603.00/0.00/0.00) lat (ms,95%): 0.65 err/s: 0.00 reconn/s: 0.00
[ 7s ] thds: 1 tps: 1612.98 qps: 1612.98 (r/w/o: 1612.98/0.00/0.00) lat (ms,95%): 0.64 err/s: 0.00 reconn/s: 0.00
SQL statistics:
    queries performed:
        read:                            12857
        write:                           0
        other:                           0
        total:                           12857
    transactions:                        12857  (1606.91 per sec.)
    queries:                             12857  (1606.91 per sec.)
    ignored errors:                      0      (0.00 per sec.)
    reconnects:                          0      (0.00 per sec.)

General statistics:
    total time:                          8.0007s
    total number of events:              12857

Latency (ms):
         min:                                    0.56
         avg:                                    0.62
         max:                                    8.27
         95th percentile:                        0.65
         sum:                                 7989.26

Threads fairness:
    events (avg/stddev):           12857.0000/0.00
    execution time (avg/stddev):   7.9893/0.00

