sysbench 1.0.20 (using system LuaJIT 2.1.0-beta3)

Running the test with following options:
Number of threads: 1
Report intermediate results every 1 second(s)
Initializing random number generator from current time


Initializing worker threads...

Threads started!

[ 1s ] thds: 1 tps: 4211.28 qps: 4212.28 (r/w/o: 4212.28/0.00/0.00) lat (ms,95%): 0.26 err/s: 0.00 reconn/s: 0.00
[ 2s ] thds: 1 tps: 4138.74 qps: 4137.74 (r/w/o: 4137.74/0.00/0.00) lat (ms,95%): 0.27 err/s: 0.00 reconn/s: 0.00
[ 3s ] thds: 1 tps: 4207.00 qps: 4207.00 (r/w/o: 4207.00/0.00/0.00) lat (ms,95%): 0.26 err/s: 0.00 reconn/s: 0.00
[ 4s ] thds: 1 tps: 4176.97 qps: 4176.97 (r/w/o: 4176.97/0.00/0.00) lat (ms,95%): 0.27 err/s: 0.00 reconn/s: 0.00
[ 5s ] thds: 1 tps: 4165.80 qps: 4165.80 (r/w/o: 4165.80/0.00/0.00) lat (ms,95%): 0.27 err/s: 0.00 reconn/s: 0.00
[ 6s ] thds: 1 tps: 4155.26 qps: 4155.26 (r/w/o: 4155.26/0.00/0.00) lat (ms,95%): 0.27 err/s: 0.00 reconn/s: 0.00
[ 7s ] thds: 1 tps: 4113.60 qps: 4113.60 (r/w/o: 4113.60/0.00/0.00) lat (ms,95%): 0.27 err/s: 0.00 reconn/s: 0.00
SQL statistics:
    queries performed:
        read:                            33392
        write:                           0
        other:                           0
        total:                           33392
    transactions:                        33392  (4173.44 per sec.)
    queries:                             33392  (4173.44 per sec.)
    ignored errors:                      0      (0.00 per sec.)
    reconnects:                          0      (0.00 per sec.)

General statistics:
    total time:                          8.0007s
    total number of events:              33392

Latency (ms):
         min:                                    0.21
         avg:                                    0.24
         max:                                    7.79
         95th percentile:                        0.27
         sum:                                 7969.02

Threads fairness:
    events (avg/stddev):           33392.0000/0.00
    execution time (avg/stddev):   7.9690/0.00

