sysbench 1.0.20 (using system LuaJIT 2.1.0-beta3)

Running the test with following options:
Number of threads: 1
Report intermediate results every 1 second(s)
Initializing random number generator from current time


Initializing worker threads...

Threads started!

[ 1s ] thds: 1 tps: 379.72 qps: 379.72 (r/w/o: 379.72/0.00/0.00) lat (ms,95%): 2.76 err/s: 0.00 reconn/s: 0.00
[ 2s ] thds: 1 tps: 379.08 qps: 379.08 (r/w/o: 379.08/0.00/0.00) lat (ms,95%): 2.76 err/s: 0.00 reconn/s: 0.00
[ 3s ] thds: 1 tps: 377.03 qps: 377.03 (r/w/o: 377.03/0.00/0.00) lat (ms,95%): 2.86 err/s: 0.00 reconn/s: 0.00
[ 4s ] thds: 1 tps: 376.00 qps: 376.00 (r/w/o: 376.00/0.00/0.00) lat (ms,95%): 2.76 err/s: 0.00 reconn/s: 0.00
[ 5s ] thds: 1 tps: 383.99 qps: 383.99 (r/w/o: 383.99/0.00/0.00) lat (ms,95%): 2.76 err/s: 0.00 reconn/s: 0.00
[ 6s ] thds: 1 tps: 380.99 qps: 380.99 (r/w/o: 380.99/0.00/0.00) lat (ms,95%): 2.76 err/s: 0.00 reconn/s: 0.00
[ 7s ] thds: 1 tps: 385.98 qps: 386.98 (r/w/o: 386.98/0.00/0.00) lat (ms,95%): 2.71 err/s: 0.00 reconn/s: 0.00
[ 8s ] thds: 1 tps: 377.02 qps: 376.02 (r/w/o: 376.02/0.00/0.00) lat (ms,95%): 2.76 err/s: 0.00 reconn/s: 0.00
SQL statistics:
    queries performed:
        read:                            3041
        write:                           0
        other:                           0
        total:                           3041
    transactions:                        3041   (380.05 per sec.)
    queries:                             3041   (380.05 per sec.)
    ignored errors:                      0      (0.00 per sec.)
    reconnects:                          0      (0.00 per sec.)

General statistics:
    total time:                          8.0011s
    total number of events:              3041

Latency (ms):
         min:                                    2.30
         avg:                                    2.63
         max:                                    9.92
         95th percentile:                        2.76
         sum:                                 7996.89

Threads fairness:
    events (avg/stddev):           3041.0000/0.00
    execution time (avg/stddev):   7.9969/0.00

