sysbench 1.0.20 (using system LuaJIT 2.1.0-beta3)

Running the test with following options:
Number of threads: 1
Report intermediate results every 1 second(s)
Initializing random number generator from current time


Initializing worker threads...

Threads started!

[ 1s ] thds: 1 tps: 832.24 qps: 832.24 (r/w/o: 832.24/0.00/0.00) lat (ms,95%): 1.23 err/s: 0.00 reconn/s: 0.00
[ 2s ] thds: 1 tps: 844.36 qps: 844.36 (r/w/o: 844.36/0.00/0.00) lat (ms,95%): 1.23 err/s: 0.00 reconn/s: 0.00
[ 3s ] thds: 1 tps: 832.99 qps: 832.99 (r/w/o: 832.99/0.00/0.00) lat (ms,95%): 1.25 err/s: 0.00 reconn/s: 0.00
[ 4s ] thds: 1 tps: 858.02 qps: 858.02 (r/w/o: 858.02/0.00/0.00) lat (ms,95%): 1.23 err/s: 0.00 reconn/s: 0.00
[ 5s ] thds: 1 tps: 839.01 qps: 839.01 (r/w/o: 839.01/0.00/0.00) lat (ms,95%): 1.23 err/s: 0.00 reconn/s: 0.00
[ 6s ] thds: 1 tps: 851.98 qps: 851.98 (r/w/o: 851.98/0.00/0.00) lat (ms,95%): 1.23 err/s: 0.00 reconn/s: 0.00
[ 7s ] thds: 1 tps: 842.00 qps: 842.00 (r/w/o: 842.00/0.00/0.00) lat (ms,95%): 1.23 err/s: 0.00 reconn/s: 0.00
SQL statistics:
    queries performed:
        read:                            6753
        write:                           0
        other:                           0
        total:                           6753
    transactions:                        6753   (844.01 per sec.)
    queries:                             6753   (844.01 per sec.)
    ignored errors:                      0      (0.00 per sec.)
    reconnects:                          0      (0.00 per sec.)

General statistics:
    total time:                          8.0007s
    total number of events:              6753

Latency (ms):
         min:                                    1.03
         avg:                                    1.18
         max:                                    9.70
         95th percentile:                        1.23
         sum:                                 7993.83

Threads fairness:
    events (avg/stddev):           6753.0000/0.00
    execution time (avg/stddev):   7.9938/0.00

