sysbench 1.0.20 (using system LuaJIT 2.1.0-beta3)

Running the test with following options:
Number of threads: 4
Report intermediate results every 2 second(s)
Initializing random number generator from current time


Initializing worker threads...

Threads started!

[ 2s ] thds: 4 tps: 8709.00 qps: 8709.00 (r/w/o: 8709.00/0.00/0.00) lat (ms,95%): 0.64 err/s: 0.00 reconn/s: 0.00
[ 4s ] thds: 4 tps: 8763.00 qps: 8763.00 (r/w/o: 8763.00/0.00/0.00) lat (ms,95%): 0.63 err/s: 0.00 reconn/s: 0.00
[ 6s ] thds: 4 tps: 8781.97 qps: 8781.97 (r/w/o: 8781.97/0.00/0.00) lat (ms,95%): 0.63 err/s: 0.00 reconn/s: 0.00
[ 8s ] thds: 4 tps: 8778.53 qps: 8778.53 (r/w/o: 8778.53/0.00/0.00) lat (ms,95%): 0.63 err/s: 0.00 reconn/s: 0.00
[ 10s ] thds: 4 tps: 8813.98 qps: 8813.98 (r/w/o: 8813.98/0.00/0.00) lat (ms,95%): 0.63 err/s: 0.00 reconn/s: 0.00
[ 12s ] thds: 4 tps: 8806.45 qps: 8806.45 (r/w/o: 8806.45/0.00/0.00) lat (ms,95%): 0.62 err/s: 0.00 reconn/s: 0.00
[ 14s ] thds: 4 tps: 8789.55 qps: 8789.55 (r/w/o: 8789.55/0.00/0.00) lat (ms,95%): 0.62 err/s: 0.00 reconn/s: 0.00
[ 16s ] thds: 4 tps: 8792.42 qps: 8792.42 (r/w/o: 8792.42/0.00/0.00) lat (ms,95%): 0.62 err/s: 0.00 reconn/s: 0.00
[ 18s ] thds: 4 tps: 8802.62 qps: 8802.62 (r/w/o: 8802.62/0.00/0.00) lat (ms,95%): 0.61 err/s: 0.00 reconn/s: 0.00
SQL statistics:
    queries performed:
        read:                            158084
        write:                           0
        other:                           0
        total:                           158084
    transactions:                        158084 (8781.72 per sec.)
    queries:                             158084 (8781.72 per sec.)
    ignored errors:                      0      (0.00 per sec.)
    reconnects:                          0      (0.00 per sec.)

General statistics:
    total time:                          18.0011s
    total number of events:              158084

Latency (ms):
         min:                                    0.25
         avg:                                    0.45
         max:                                   16.40
         95th percentile:                        0.63
         sum:                                71810.96

Threads fairness:
    events (avg/stddev):           39521.0000/152.37
    execution time (avg/stddev):   17.9527/0.00

