sysbench 1.0.20 (using system LuaJIT 2.1.0-beta3)

Running the test with following options:
Number of threads: 4
Report intermediate results every 2 second(s)
Initializing random number generator from current time


Initializing worker threads...

Threads started!

[ 2s ] thds: 4 tps: 573.76 qps: 573.76 (r/w/o: 573.76/0.00/0.00) lat (ms,95%): 8.74 err/s: 0.00 reconn/s: 0.00
[ 4s ] thds: 4 tps: 576.08 qps: 576.08 (r/w/o: 576.08/0.00/0.00) lat (ms,95%): 8.74 err/s: 0.00 reconn/s: 0.00
[ 6s ] thds: 4 tps: 576.51 qps: 576.51 (r/w/o: 576.51/0.00/0.00) lat (ms,95%): 8.74 err/s: 0.00 reconn/s: 0.00
[ 8s ] thds: 4 tps: 575.49 qps: 575.49 (r/w/o: 575.49/0.00/0.00) lat (ms,95%): 8.90 err/s: 0.00 reconn/s: 0.00
[ 10s ] thds: 4 tps: 576.00 qps: 576.00 (r/w/o: 576.00/0.00/0.00) lat (ms,95%): 8.90 err/s: 0.00 reconn/s: 0.00
[ 12s ] thds: 4 tps: 574.50 qps: 574.50 (r/w/o: 574.50/0.00/0.00) lat (ms,95%): 8.74 err/s: 0.00 reconn/s: 0.00
[ 14s ] thds: 4 tps: 573.50 qps: 573.50 (r/w/o: 573.50/0.00/0.00) lat (ms,95%): 8.74 err/s: 0.00 reconn/s: 0.00
[ 16s ] thds: 4 tps: 577.50 qps: 577.50 (r/w/o: 577.50/0.00/0.00) lat (ms,95%): 8.90 err/s: 0.00 reconn/s: 0.00
[ 18s ] thds: 4 tps: 574.48 qps: 574.98 (r/w/o: 574.98/0.00/0.00) lat (ms,95%): 8.74 err/s: 0.00 reconn/s: 0.00
SQL statistics:
    queries performed:
        read:                            10360
        write:                           0
        other:                           0
        total:                           10360
    transactions:                        10360  (575.46 per sec.)
    queries:                             10360  (575.46 per sec.)
    ignored errors:                      0      (0.00 per sec.)
    reconnects:                          0      (0.00 per sec.)

General statistics:
    total time:                          18.0027s
    total number of events:              10360

Latency (ms):
         min:                                    3.11
         avg:                                    6.95
         max:                                   22.61
         95th percentile:                        8.74
         sum:                                71984.54

Threads fairness:
    events (avg/stddev):           2590.0000/8.28
    execution time (avg/stddev):   17.9961/0.00

