sysbench 1.0.20 (using system LuaJIT 2.1.0-beta3)

Running the test with following options:
Number of threads: 4
Report intermediate results every 2 second(s)
Initializing random number generator from current time


Initializing worker threads...

Threads started!

[ 2s ] thds: 4 tps: 2560.27 qps: 2560.27 (r/w/o: 2560.27/0.00/0.00) lat (ms,95%): 2.11 err/s: 0.00 reconn/s: 0.00
[ 4s ] thds: 4 tps: 2584.43 qps: 2584.43 (r/w/o: 2584.43/0.00/0.00) lat (ms,95%): 2.11 err/s: 0.00 reconn/s: 0.00
[ 6s ] thds: 4 tps: 2563.57 qps: 2563.57 (r/w/o: 2563.57/0.00/0.00) lat (ms,95%): 2.14 err/s: 0.00 reconn/s: 0.00
[ 8s ] thds: 4 tps: 2593.00 qps: 2593.00 (r/w/o: 2593.00/0.00/0.00) lat (ms,95%): 2.03 err/s: 0.00 reconn/s: 0.00
[ 10s ] thds: 4 tps: 2591.47 qps: 2591.47 (r/w/o: 2591.47/0.00/0.00) lat (ms,95%): 2.07 err/s: 0.00 reconn/s: 0.00
[ 12s ] thds: 4 tps: 2593.54 qps: 2593.54 (r/w/o: 2593.54/0.00/0.00) lat (ms,95%): 2.07 err/s: 0.00 reconn/s: 0.00
[ 14s ] thds: 4 tps: 2564.48 qps: 2564.48 (r/w/o: 2564.48/0.00/0.00) lat (ms,95%): 2.11 err/s: 0.00 reconn/s: 0.00
[ 16s ] thds: 4 tps: 2593.48 qps: 2593.48 (r/w/o: 2593.48/0.00/0.00) lat (ms,95%): 2.07 err/s: 0.00 reconn/s: 0.00
[ 18s ] thds: 4 tps: 2585.51 qps: 2585.51 (r/w/o: 2585.51/0.00/0.00) lat (ms,95%): 2.14 err/s: 0.00 reconn/s: 0.00
SQL statistics:
    queries performed:
        read:                            46465
        write:                           0
        other:                           0
        total:                           46465
    transactions:                        46465  (2581.05 per sec.)
    queries:                             46465  (2581.05 per sec.)
    ignored errors:                      0      (0.00 per sec.)
    reconnects:                          0      (0.00 per sec.)

General statistics:
    total time:                          18.0020s
    total number of events:              46465

Latency (ms):
         min:                                    0.70
         avg:                                    1.55
         max:                                   20.51
         95th percentile:                        2.11
         sum:                                71941.05

Threads fairness:
    events (avg/stddev):           11616.2500/81.73
    execution time (avg/stddev):   17.9853/0.00

