sysbench 1.0.20 (using system LuaJIT 2.1.0-beta3)

Running the test with following options:
Number of threads: 4
Report intermediate results every 2 second(s)
Initializing random number generator from current time


Initializing worker threads...

Threads started!

[ 2s ] thds: 4 tps: 5627.97 qps: 5627.97 (r/w/o: 5627.97/0.00/0.00) lat (ms,95%): 0.94 err/s: 0.00 reconn/s: 0.00
[ 4s ] thds: 4 tps: 5653.31 qps: 5653.31 (r/w/o: 5653.31/0.00/0.00) lat (ms,95%): 0.97 err/s: 0.00 reconn/s: 0.00
[ 6s ] thds: 4 tps: 5676.01 qps: 5676.01 (r/w/o: 5676.01/0.00/0.00) lat (ms,95%): 0.95 err/s: 0.00 reconn/s: 0.00
[ 8s ] thds: 4 tps: 5663.00 qps: 5663.00 (r/w/o: 5663.00/0.00/0.00) lat (ms,95%): 0.97 err/s: 0.00 reconn/s: 0.00
[ 10s ] thds: 4 tps: 5630.99 qps: 5630.99 (r/w/o: 5630.99/0.00/0.00) lat (ms,95%): 0.95 err/s: 0.00 reconn/s: 0.00
[ 12s ] thds: 4 tps: 5619.02 qps: 5619.02 (r/w/o: 5619.02/0.00/0.00) lat (ms,95%): 0.99 err/s: 0.00 reconn/s: 0.00
[ 14s ] thds: 4 tps: 5703.02 qps: 5703.02 (r/w/o: 5703.02/0.00/0.00) lat (ms,95%): 0.94 err/s: 0.00 reconn/s: 0.00
[ 16s ] thds: 4 tps: 5701.47 qps: 5701.47 (r/w/o: 5701.47/0.00/0.00) lat (ms,95%): 0.95 err/s: 0.00 reconn/s: 0.00
[ 18s ] thds: 4 tps: 5675.07 qps: 5675.07 (r/w/o: 5675.07/0.00/0.00) lat (ms,95%): 0.95 err/s: 0.00 reconn/s: 0.00
SQL statistics:
    queries performed:
        read:                            101907
        write:                           0
        other:                           0
        total:                           101907
    transactions:                        101907 (5660.95 per sec.)
    queries:                             101907 (5660.95 per sec.)
    ignored errors:                      0      (0.00 per sec.)
    reconnects:                          0      (0.00 per sec.)

General statistics:
    total time:                          18.0014s
    total number of events:              101907

Latency (ms):
         min:                                    0.38
         avg:                                    0.71
         max:                                   19.64
         95th percentile:                        0.95
         sum:                                71866.59

Threads fairness:
    events (avg/stddev):           25476.7500/38.29
    execution time (avg/stddev):   17.9666/0.00

