sysbench 1.0.20 (using system LuaJIT 2.1.0-beta3)

Running the test with following options:
Number of threads: 1
Report intermediate results every 1 second(s)
Initializing random number generator from current time


Initializing worker threads...

Threads started!

[ 1s ] thds: 1 tps: 4993.65 qps: 4993.65 (r/w/o: 4993.65/0.00/0.00) lat (ms,95%): 0.23 err/s: 0.00 reconn/s: 0.00
[ 2s ] thds: 1 tps: 5000.79 qps: 5000.79 (r/w/o: 5000.79/0.00/0.00) lat (ms,95%): 0.23 err/s: 0.00 reconn/s: 0.00
[ 3s ] thds: 1 tps: 5046.85 qps: 5046.85 (r/w/o: 5046.85/0.00/0.00) lat (ms,95%): 0.22 err/s: 0.00 reconn/s: 0.00
[ 4s ] thds: 1 tps: 5012.41 qps: 5012.41 (r/w/o: 5012.41/0.00/0.00) lat (ms,95%): 0.22 err/s: 0.00 reconn/s: 0.00
[ 5s ] thds: 1 tps: 5024.67 qps: 5024.67 (r/w/o: 5024.67/0.00/0.00) lat (ms,95%): 0.23 err/s: 0.00 reconn/s: 0.00
[ 6s ] thds: 1 tps: 5007.36 qps: 5007.36 (r/w/o: 5007.36/0.00/0.00) lat (ms,95%): 0.23 err/s: 0.00 reconn/s: 0.00
[ 7s ] thds: 1 tps: 5043.73 qps: 5043.73 (r/w/o: 5043.73/0.00/0.00) lat (ms,95%): 0.22 err/s: 0.00 reconn/s: 0.00
SQL statistics:
    queries performed:
        read:                            40174
        write:                           0
        other:                           0
        total:                           40174
    transactions:                        40174  (5021.10 per sec.)
    queries:                             40174  (5021.10 per sec.)
    ignored errors:                      0      (0.00 per sec.)
    reconnects:                          0      (0.00 per sec.)

General statistics:
    total time:                          8.0007s
    total number of events:              40174

Latency (ms):
         min:                                    0.18
         avg:                                    0.20
         max:                                    7.70
         95th percentile:                        0.23
         sum:                                 7966.44

Threads fairness:
    events (avg/stddev):           40174.0000/0.00
    execution time (avg/stddev):   7.9664/0.00

