sysbench 1.0.20 (using system LuaJIT 2.1.0-beta3)

Running the test with following options:
Number of threads: 1
Report intermediate results every 1 second(s)
Initializing random number generator from current time


Initializing worker threads...

Threads started!

[ 1s ] thds: 1 tps: 259.80 qps: 259.80 (r/w/o: 259.80/0.00/0.00) lat (ms,95%): 4.18 err/s: 0.00 reconn/s: 0.00
[ 2s ] thds: 1 tps: 260.06 qps: 260.06 (r/w/o: 260.06/0.00/0.00) lat (ms,95%): 4.18 err/s: 0.00 reconn/s: 0.00
[ 3s ] thds: 1 tps: 264.01 qps: 264.01 (r/w/o: 264.01/0.00/0.00) lat (ms,95%): 4.18 err/s: 0.00 reconn/s: 0.00
[ 4s ] thds: 1 tps: 259.98 qps: 260.98 (r/w/o: 260.98/0.00/0.00) lat (ms,95%): 4.18 err/s: 0.00 reconn/s: 0.00
[ 5s ] thds: 1 tps: 263.00 qps: 262.00 (r/w/o: 262.00/0.00/0.00) lat (ms,95%): 4.18 err/s: 0.00 reconn/s: 0.00
[ 6s ] thds: 1 tps: 264.01 qps: 264.01 (r/w/o: 264.01/0.00/0.00) lat (ms,95%): 4.10 err/s: 0.00 reconn/s: 0.00
[ 7s ] thds: 1 tps: 263.99 qps: 263.99 (r/w/o: 263.99/0.00/0.00) lat (ms,95%): 3.89 err/s: 0.00 reconn/s: 0.00
[ 8s ] thds: 1 tps: 267.00 qps: 267.00 (r/w/o: 267.00/0.00/0.00) lat (ms,95%): 3.89 err/s: 0.00 reconn/s: 0.00
SQL statistics:
    queries performed:
        read:                            2103
        write:                           0
        other:                           0
        total:                           2103
    transactions:                        2103   (262.79 per sec.)
    queries:                             2103   (262.79 per sec.)
    ignored errors:                      0      (0.00 per sec.)
    reconnects:                          0      (0.00 per sec.)

General statistics:
    total time:                          8.0022s
    total number of events:              2103

Latency (ms):
         min:                                    3.11
         avg:                                    3.80
         max:                                   11.69
         95th percentile:                        4.18
         sum:                                 7999.02

Threads fairness:
    events (avg/stddev):           2103.0000/0.00
    execution time (avg/stddev):   7.9990/0.00

