sysbench 1.0.20 (using system LuaJIT 2.1.0-beta3)

Running the test with following options:
Number of threads: 4
Report intermediate results every 2 second(s)
Initializing random number generator from current time


Initializing worker threads...

Threads started!

[ 2s ] thds: 4 tps: 567.78 qps: 1705.83 (r/w/o: 1705.83/0.00/0.00) lat (ms,95%): 8.74 err/s: 0.00 reconn/s: 0.00
[ 4s ] thds: 4 tps: 571.58 qps: 1715.24 (r/w/o: 1715.24/0.00/0.00) lat (ms,95%): 8.74 err/s: 0.00 reconn/s: 0.00
[ 6s ] thds: 4 tps: 572.00 qps: 1716.99 (r/w/o: 1716.99/0.00/0.00) lat (ms,95%): 8.74 err/s: 0.00 reconn/s: 0.00
[ 8s ] thds: 4 tps: 565.02 qps: 1694.06 (r/w/o: 1694.06/0.00/0.00) lat (ms,95%): 9.39 err/s: 0.00 reconn/s: 0.00
[ 10s ] thds: 4 tps: 575.94 qps: 1725.32 (r/w/o: 1725.32/0.00/0.00) lat (ms,95%): 8.74 err/s: 0.00 reconn/s: 0.00
[ 12s ] thds: 4 tps: 567.53 qps: 1704.60 (r/w/o: 1704.60/0.00/0.00) lat (ms,95%): 8.58 err/s: 0.00 reconn/s: 0.00
[ 14s ] thds: 4 tps: 571.01 qps: 1714.02 (r/w/o: 1714.02/0.00/0.00) lat (ms,95%): 8.74 err/s: 0.00 reconn/s: 0.00
[ 16s ] thds: 4 tps: 575.00 qps: 1723.00 (r/w/o: 1723.00/0.00/0.00) lat (ms,95%): 8.58 err/s: 0.00 reconn/s: 0.00
[ 18s ] thds: 4 tps: 573.50 qps: 1721.50 (r/w/o: 1721.50/0.00/0.00) lat (ms,95%): 9.06 err/s: 0.00 reconn/s: 0.00
SQL statistics:
    queries performed:
        read:                            30849
        write:                           0
        other:                           0
        total:                           30849
    transactions:                        10283  (571.08 per sec.)
    queries:                             30849  (1713.25 per sec.)
    ignored errors:                      0      (0.00 per sec.)
    reconnects:                          0      (0.00 per sec.)

General statistics:
    total time:                          18.0058s
    total number of events:              10283

Latency (ms):
         min:                                    3.55
         avg:                                    7.00
         max:                                   26.66
         95th percentile:                        8.90
         sum:                                71996.18

Threads fairness:
    events (avg/stddev):           2570.7500/22.06
    execution time (avg/stddev):   17.9990/0.00

