sysbench 1.0.20 (using system LuaJIT 2.1.0-beta3)

Running the test with following options:
Number of threads: 4
Report intermediate results every 2 second(s)
Initializing random number generator from current time


Initializing worker threads...

Threads started!

[ 2s ] thds: 4 tps: 0.00 qps: 3562.61 (r/w/o: 0.00/889.03/2673.58) lat (ms,95%): 0.00 err/s: 0.00 reconn/s: 0.00
[ 4s ] thds: 4 tps: 0.00 qps: 3466.39 (r/w/o: 0.00/866.72/2599.67) lat (ms,95%): 0.00 err/s: 0.00 reconn/s: 0.00
[ 6s ] thds: 4 tps: 2.00 qps: 3463.06 (r/w/o: 0.00/869.51/2593.54) lat (ms,95%): 5607.61 err/s: 2.00 reconn/s: 0.00
[ 8s ] thds: 4 tps: 0.00 qps: 3647.96 (r/w/o: 0.00/911.99/2735.97) lat (ms,95%): 0.00 err/s: 0.00 reconn/s: 0.00
[ 10s ] thds: 4 tps: 0.00 qps: 3655.96 (r/w/o: 0.00/913.99/2741.97) lat (ms,95%): 0.00 err/s: 0.00 reconn/s: 0.00
[ 12s ] thds: 4 tps: 2.00 qps: 3392.57 (r/w/o: 0.00/848.52/2544.05) lat (ms,95%): 5607.61 err/s: 2.00 reconn/s: 0.00
[ 14s ] thds: 4 tps: 0.00 qps: 3598.06 (r/w/o: 0.00/899.52/2698.55) lat (ms,95%): 0.00 err/s: 0.00 reconn/s: 0.00
[ 16s ] thds: 4 tps: 0.00 qps: 3595.96 (r/w/o: 0.00/898.99/2696.97) lat (ms,95%): 0.00 err/s: 0.00 reconn/s: 0.00
[ 18s ] thds: 4 tps: 2.00 qps: 3370.84 (r/w/o: 0.00/846.46/2524.38) lat (ms,95%): 5709.50 err/s: 2.00 reconn/s: 0.00
[ 20s ] thds: 4 tps: 0.00 qps: 3530.13 (r/w/o: 0.00/882.53/2647.60) lat (ms,95%): 0.00 err/s: 0.00 reconn/s: 0.00
[ 22s ] thds: 4 tps: 0.00 qps: 3583.90 (r/w/o: 0.00/895.98/2687.93) lat (ms,95%): 0.00 err/s: 0.00 reconn/s: 0.00
SQL statistics:
    queries performed:
        read:                            0
        write:                           20031
        other:                           60042
        total:                           80073
    transactions:                        16     (0.71 per sec.)
    queries:                             80073  (3536.79 per sec.)
    ignored errors:                      12     (0.53 per sec.)
    reconnects:                          0      (0.00 per sec.)

General statistics:
    total time:                          22.6397s
    total number of events:              16

Latency (ms):
         min:                                 5618.86
         avg:                                 5659.68
         max:                                 5711.19
         95th percentile:                     5709.50
         sum:                                90554.94

Threads fairness:
    events (avg/stddev):           4.0000/0.00
    execution time (avg/stddev):   22.6387/0.00

