sysbench 1.0.20 (using system LuaJIT 2.1.0-beta3)

Running the test with following options:
Number of threads: 1
Report intermediate results every 1 second(s)
Initializing random number generator from current time


Initializing worker threads...

Threads started!

[ 1s ] thds: 1 tps: 1524.59 qps: 4573.78 (r/w/o: 4573.78/0.00/0.00) lat (ms,95%): 0.73 err/s: 0.00 reconn/s: 0.00
[ 2s ] thds: 1 tps: 1488.71 qps: 4468.12 (r/w/o: 4468.12/0.00/0.00) lat (ms,95%): 0.74 err/s: 0.00 reconn/s: 0.00
[ 3s ] thds: 1 tps: 1459.97 qps: 4378.92 (r/w/o: 4378.92/0.00/0.00) lat (ms,95%): 0.74 err/s: 0.00 reconn/s: 0.00
[ 4s ] thds: 1 tps: 1515.99 qps: 4546.98 (r/w/o: 4546.98/0.00/0.00) lat (ms,95%): 0.73 err/s: 0.00 reconn/s: 0.00
[ 5s ] thds: 1 tps: 1508.07 qps: 4524.21 (r/w/o: 4524.21/0.00/0.00) lat (ms,95%): 0.74 err/s: 0.00 reconn/s: 0.00
[ 6s ] thds: 1 tps: 1534.82 qps: 4606.46 (r/w/o: 4606.46/0.00/0.00) lat (ms,95%): 0.73 err/s: 0.00 reconn/s: 0.00
[ 7s ] thds: 1 tps: 1550.11 qps: 4649.32 (r/w/o: 4649.32/0.00/0.00) lat (ms,95%): 0.73 err/s: 0.00 reconn/s: 0.00
SQL statistics:
    queries performed:
        read:                            36402
        write:                           0
        other:                           0
        total:                           36402
    transactions:                        12134  (1516.55 per sec.)
    queries:                             36402  (4549.65 per sec.)
    ignored errors:                      0      (0.00 per sec.)
    reconnects:                          0      (0.00 per sec.)

General statistics:
    total time:                          8.0007s
    total number of events:              12134

Latency (ms):
         min:                                    0.57
         avg:                                    0.66
         max:                                    8.14
         95th percentile:                        0.73
         sum:                                 7987.38

Threads fairness:
    events (avg/stddev):           12134.0000/0.00
    execution time (avg/stddev):   7.9874/0.00

