sysbench 1.0.20 (using system LuaJIT 2.1.0-beta3)

Running the test with following options:
Number of threads: 1
Report intermediate results every 1 second(s)
Initializing random number generator from current time


Initializing worker threads...

Threads started!

[ 1s ] thds: 1 tps: 0.00 qps: 880.19 (r/w/o: 0.00/876.19/4.00) lat (ms,95%): 0.00 err/s: 0.00 reconn/s: 0.00
[ 2s ] thds: 1 tps: 0.00 qps: 829.39 (r/w/o: 0.00/829.39/0.00) lat (ms,95%): 0.00 err/s: 0.00 reconn/s: 0.00
[ 3s ] thds: 1 tps: 0.00 qps: 930.02 (r/w/o: 0.00/930.02/0.00) lat (ms,95%): 0.00 err/s: 0.00 reconn/s: 0.00
[ 4s ] thds: 1 tps: 1.00 qps: 953.00 (r/w/o: 0.00/951.00/2.00) lat (ms,95%): 3151.62 err/s: 0.00 reconn/s: 0.00
[ 5s ] thds: 1 tps: 0.00 qps: 1128.96 (r/w/o: 0.00/1128.96/0.00) lat (ms,95%): 0.00 err/s: 0.00 reconn/s: 0.00
[ 6s ] thds: 1 tps: 1.00 qps: 1053.01 (r/w/o: 0.00/1051.01/2.00) lat (ms,95%): 2680.11 err/s: 0.00 reconn/s: 0.00
[ 7s ] thds: 1 tps: 0.00 qps: 875.97 (r/w/o: 0.00/875.97/0.00) lat (ms,95%): 0.00 err/s: 0.00 reconn/s: 0.00
[ 8s ] thds: 1 tps: 0.00 qps: 869.04 (r/w/o: 0.00/869.04/0.00) lat (ms,95%): 0.00 err/s: 0.00 reconn/s: 0.00
SQL statistics:
    queries performed:
        read:                            0
        write:                           8404
        other:                           8
        total:                           8412
    transactions:                        3      (0.34 per sec.)
    queries:                             8412   (949.55 per sec.)
    ignored errors:                      0      (0.00 per sec.)
    reconnects:                          0      (0.00 per sec.)

General statistics:
    total time:                          8.8586s
    total number of events:              3

Latency (ms):
         min:                                 2666.09
         avg:                                 2952.66
         max:                                 3165.43
         95th percentile:                     3151.62
         sum:                                 8857.99

Threads fairness:
    events (avg/stddev):           3.0000/0.00
    execution time (avg/stddev):   8.8580/0.00

