sysbench 1.0.20 (using system LuaJIT 2.1.0-beta3)

Running the test with following options:
Number of threads: 1
Report intermediate results every 1 second(s)
Initializing random number generator from current time


Initializing worker threads...

Threads started!

[ 1s ] thds: 1 tps: 1329.06 qps: 3988.18 (r/w/o: 3988.18/0.00/0.00) lat (ms,95%): 0.78 err/s: 0.00 reconn/s: 0.00
[ 2s ] thds: 1 tps: 1326.17 qps: 3978.50 (r/w/o: 3978.50/0.00/0.00) lat (ms,95%): 0.80 err/s: 0.00 reconn/s: 0.00
[ 3s ] thds: 1 tps: 1328.69 qps: 3985.06 (r/w/o: 3985.06/0.00/0.00) lat (ms,95%): 0.78 err/s: 0.00 reconn/s: 0.00
[ 4s ] thds: 1 tps: 1339.43 qps: 4018.28 (r/w/o: 4018.28/0.00/0.00) lat (ms,95%): 0.78 err/s: 0.00 reconn/s: 0.00
[ 5s ] thds: 1 tps: 1326.04 qps: 3979.13 (r/w/o: 3979.13/0.00/0.00) lat (ms,95%): 0.80 err/s: 0.00 reconn/s: 0.00
[ 6s ] thds: 1 tps: 1321.85 qps: 3965.56 (r/w/o: 3965.56/0.00/0.00) lat (ms,95%): 0.81 err/s: 0.00 reconn/s: 0.00
[ 7s ] thds: 1 tps: 1332.00 qps: 3995.99 (r/w/o: 3995.99/0.00/0.00) lat (ms,95%): 0.80 err/s: 0.00 reconn/s: 0.00
[ 8s ] thds: 1 tps: 1331.02 qps: 3993.07 (r/w/o: 3993.07/0.00/0.00) lat (ms,95%): 0.78 err/s: 0.00 reconn/s: 0.00
SQL statistics:
    queries performed:
        read:                            31908
        write:                           0
        other:                           0
        total:                           31908
    transactions:                        10636  (1329.26 per sec.)
    queries:                             31908  (3987.78 per sec.)
    ignored errors:                      0      (0.00 per sec.)
    reconnects:                          0      (0.00 per sec.)

General statistics:
    total time:                          8.0010s
    total number of events:              10636

Latency (ms):
         min:                                    0.65
         avg:                                    0.75
         max:                                    8.63
         95th percentile:                        0.78
         sum:                                 7988.44

Threads fairness:
    events (avg/stddev):           10636.0000/0.00
    execution time (avg/stddev):   7.9884/0.00

