sysbench 1.0.20 (using system LuaJIT 2.1.0-beta3)

Running the test with following options:
Number of threads: 1
Report intermediate results every 1 second(s)
Initializing random number generator from current time


Initializing worker threads...

Threads started!

[ 1s ] thds: 1 tps: 0.00 qps: 1060.99 (r/w/o: 0.00/1057.99/3.00) lat (ms,95%): 0.00 err/s: 0.00 reconn/s: 0.00
[ 2s ] thds: 1 tps: 0.00 qps: 1106.51 (r/w/o: 0.00/1106.51/0.00) lat (ms,95%): 0.00 err/s: 0.00 reconn/s: 0.00
[ 3s ] thds: 1 tps: 0.00 qps: 1111.01 (r/w/o: 0.00/1111.01/0.00) lat (ms,95%): 0.00 err/s: 0.00 reconn/s: 0.00
[ 4s ] thds: 1 tps: 1.00 qps: 1009.95 (r/w/o: 0.00/1007.96/2.00) lat (ms,95%): 3639.94 err/s: 0.00 reconn/s: 0.00
[ 5s ] thds: 1 tps: 0.00 qps: 1094.97 (r/w/o: 0.00/1094.97/0.00) lat (ms,95%): 0.00 err/s: 0.00 reconn/s: 0.00
[ 6s ] thds: 1 tps: 0.00 qps: 1116.08 (r/w/o: 0.00/1116.08/0.00) lat (ms,95%): 0.00 err/s: 0.00 reconn/s: 0.00
[ 7s ] thds: 1 tps: 0.00 qps: 1100.98 (r/w/o: 0.00/1100.98/0.00) lat (ms,95%): 0.00 err/s: 0.00 reconn/s: 0.00
[ 8s ] thds: 1 tps: 1.00 qps: 1052.97 (r/w/o: 0.00/1050.97/2.00) lat (ms,95%): 3706.08 err/s: 0.00 reconn/s: 0.00
[ 9s ] thds: 1 tps: 0.00 qps: 1097.04 (r/w/o: 0.00/1097.04/0.00) lat (ms,95%): 0.00 err/s: 0.00 reconn/s: 0.00
[ 10s ] thds: 1 tps: 0.00 qps: 1121.99 (r/w/o: 0.00/1121.99/0.00) lat (ms,95%): 0.00 err/s: 0.00 reconn/s: 0.00
[ 11s ] thds: 1 tps: 0.00 qps: 1083.98 (r/w/o: 0.00/1083.98/0.00) lat (ms,95%): 0.00 err/s: 0.00 reconn/s: 0.00
SQL statistics:
    queries performed:
        read:                            0
        write:                           12002
        other:                           7
        total:                           12009
    transactions:                        3      (0.27 per sec.)
    queries:                             12009  (1086.88 per sec.)
    ignored errors:                      0      (0.00 per sec.)
    reconnects:                          0      (0.00 per sec.)

General statistics:
    total time:                          11.0486s
    total number of events:              3

Latency (ms):
         min:                                 3666.91
         avg:                                 3682.68
         max:                                 3694.78
         95th percentile:                     3706.08
         sum:                                11048.05

Threads fairness:
    events (avg/stddev):           3.0000/0.00
    execution time (avg/stddev):   11.0480/0.00

