sysbench 1.0.20 (using system LuaJIT 2.1.0-beta3)

Running the test with following options:
Number of threads: 1
Report intermediate results every 1 second(s)
Initializing random number generator from current time


Initializing worker threads...

Threads started!

[ 1s ] thds: 1 tps: 840.41 qps: 840.41 (r/w/o: 840.41/0.00/0.00) lat (ms,95%): 1.23 err/s: 0.00 reconn/s: 0.00
[ 2s ] thds: 1 tps: 846.21 qps: 846.21 (r/w/o: 846.21/0.00/0.00) lat (ms,95%): 1.25 err/s: 0.00 reconn/s: 0.00
[ 3s ] thds: 1 tps: 845.99 qps: 845.99 (r/w/o: 845.99/0.00/0.00) lat (ms,95%): 1.25 err/s: 0.00 reconn/s: 0.00
[ 4s ] thds: 1 tps: 838.94 qps: 838.94 (r/w/o: 838.94/0.00/0.00) lat (ms,95%): 1.30 err/s: 0.00 reconn/s: 0.00
[ 5s ] thds: 1 tps: 847.06 qps: 847.06 (r/w/o: 847.06/0.00/0.00) lat (ms,95%): 1.25 err/s: 0.00 reconn/s: 0.00
[ 6s ] thds: 1 tps: 858.01 qps: 858.01 (r/w/o: 858.01/0.00/0.00) lat (ms,95%): 1.23 err/s: 0.00 reconn/s: 0.00
[ 7s ] thds: 1 tps: 857.99 qps: 857.99 (r/w/o: 857.99/0.00/0.00) lat (ms,95%): 1.23 err/s: 0.00 reconn/s: 0.00
[ 8s ] thds: 1 tps: 858.00 qps: 858.00 (r/w/o: 858.00/0.00/0.00) lat (ms,95%): 1.23 err/s: 0.00 reconn/s: 0.00
SQL statistics:
    queries performed:
        read:                            6794
        write:                           0
        other:                           0
        total:                           6794
    transactions:                        6794   (849.09 per sec.)
    queries:                             6794   (849.09 per sec.)
    ignored errors:                      0      (0.00 per sec.)
    reconnects:                          0      (0.00 per sec.)

General statistics:
    total time:                          8.0011s
    total number of events:              6794

Latency (ms):
         min:                                    1.02
         avg:                                    1.18
         max:                                    9.82
         95th percentile:                        1.25
         sum:                                 7993.05

Threads fairness:
    events (avg/stddev):           6794.0000/0.00
    execution time (avg/stddev):   7.9930/0.00

