sysbench 1.0.20 (using system LuaJIT 2.1.0-beta3)

Running the test with following options:
Number of threads: 1
Report intermediate results every 1 second(s)
Initializing random number generator from current time


Initializing worker threads...

Threads started!

[ 1s ] thds: 1 tps: 3594.74 qps: 3594.74 (r/w/o: 3594.74/0.00/0.00) lat (ms,95%): 0.31 err/s: 0.00 reconn/s: 0.00
[ 2s ] thds: 1 tps: 3632.51 qps: 3632.51 (r/w/o: 3632.51/0.00/0.00) lat (ms,95%): 0.30 err/s: 0.00 reconn/s: 0.00
[ 3s ] thds: 1 tps: 3675.70 qps: 3675.70 (r/w/o: 3675.70/0.00/0.00) lat (ms,95%): 0.30 err/s: 0.00 reconn/s: 0.00
[ 4s ] thds: 1 tps: 3659.31 qps: 3659.31 (r/w/o: 3659.31/0.00/0.00) lat (ms,95%): 0.30 err/s: 0.00 reconn/s: 0.00
[ 5s ] thds: 1 tps: 3679.08 qps: 3679.08 (r/w/o: 3679.08/0.00/0.00) lat (ms,95%): 0.30 err/s: 0.00 reconn/s: 0.00
[ 6s ] thds: 1 tps: 3683.96 qps: 3683.96 (r/w/o: 3683.96/0.00/0.00) lat (ms,95%): 0.30 err/s: 0.00 reconn/s: 0.00
[ 7s ] thds: 1 tps: 3635.00 qps: 3635.00 (r/w/o: 3635.00/0.00/0.00) lat (ms,95%): 0.30 err/s: 0.00 reconn/s: 0.00
SQL statistics:
    queries performed:
        read:                            29235
        write:                           0
        other:                           0
        total:                           29235
    transactions:                        29235  (3653.90 per sec.)
    queries:                             29235  (3653.90 per sec.)
    ignored errors:                      0      (0.00 per sec.)
    reconnects:                          0      (0.00 per sec.)

General statistics:
    total time:                          8.0007s
    total number of events:              29235

Latency (ms):
         min:                                    0.24
         avg:                                    0.27
         max:                                    8.16
         95th percentile:                        0.30
         sum:                                 7973.04

Threads fairness:
    events (avg/stddev):           29235.0000/0.00
    execution time (avg/stddev):   7.9730/0.00

