sysbench 1.0.20 (using system LuaJIT 2.1.0-beta3)

Running the test with following options:
Number of threads: 1
Report intermediate results every 1 second(s)
Initializing random number generator from current time


Initializing worker threads...

Threads started!

[ 1s ] thds: 1 tps: 4124.10 qps: 4124.10 (r/w/o: 4124.10/0.00/0.00) lat (ms,95%): 0.27 err/s: 0.00 reconn/s: 0.00
[ 2s ] thds: 1 tps: 4195.12 qps: 4195.12 (r/w/o: 4195.12/0.00/0.00) lat (ms,95%): 0.26 err/s: 0.00 reconn/s: 0.00
[ 3s ] thds: 1 tps: 4189.68 qps: 4189.68 (r/w/o: 4189.68/0.00/0.00) lat (ms,95%): 0.27 err/s: 0.00 reconn/s: 0.00
[ 4s ] thds: 1 tps: 4147.27 qps: 4147.27 (r/w/o: 4147.27/0.00/0.00) lat (ms,95%): 0.27 err/s: 0.00 reconn/s: 0.00
[ 5s ] thds: 1 tps: 4208.03 qps: 4208.03 (r/w/o: 4208.03/0.00/0.00) lat (ms,95%): 0.27 err/s: 0.00 reconn/s: 0.00
[ 6s ] thds: 1 tps: 4143.92 qps: 4143.92 (r/w/o: 4143.92/0.00/0.00) lat (ms,95%): 0.27 err/s: 0.00 reconn/s: 0.00
[ 7s ] thds: 1 tps: 4128.72 qps: 4128.72 (r/w/o: 4128.72/0.00/0.00) lat (ms,95%): 0.27 err/s: 0.00 reconn/s: 0.00
SQL statistics:
    queries performed:
        read:                            33306
        write:                           0
        other:                           0
        total:                           33306
    transactions:                        33306  (4162.71 per sec.)
    queries:                             33306  (4162.71 per sec.)
    ignored errors:                      0      (0.00 per sec.)
    reconnects:                          0      (0.00 per sec.)

General statistics:
    total time:                          8.0007s
    total number of events:              33306

Latency (ms):
         min:                                    0.21
         avg:                                    0.24
         max:                                    7.88
         95th percentile:                        0.27
         sum:                                 7968.38

Threads fairness:
    events (avg/stddev):           33306.0000/0.00
    execution time (avg/stddev):   7.9684/0.00

