sysbench 1.0.20 (using system LuaJIT 2.1.0-beta3)

Running the test with following options:
Number of threads: 1
Report intermediate results every 1 second(s)
Initializing random number generator from current time


Initializing worker threads...

Threads started!

[ 1s ] thds: 1 tps: 0.00 qps: 922.06 (r/w/o: 0.00/919.07/3.00) lat (ms,95%): 0.00 err/s: 0.00 reconn/s: 0.00
[ 2s ] thds: 1 tps: 0.00 qps: 1034.49 (r/w/o: 0.00/1034.49/0.00) lat (ms,95%): 0.00 err/s: 0.00 reconn/s: 0.00
[ 3s ] thds: 1 tps: 0.00 qps: 972.08 (r/w/o: 0.00/972.08/0.00) lat (ms,95%): 0.00 err/s: 0.00 reconn/s: 0.00
[ 4s ] thds: 1 tps: 0.00 qps: 892.99 (r/w/o: 0.00/892.99/0.00) lat (ms,95%): 0.00 err/s: 0.00 reconn/s: 0.00
[ 5s ] thds: 1 tps: 1.00 qps: 855.94 (r/w/o: 0.00/853.94/2.00) lat (ms,95%): 4203.93 err/s: 0.00 reconn/s: 0.00
[ 6s ] thds: 1 tps: 0.00 qps: 632.02 (r/w/o: 0.00/632.02/0.00) lat (ms,95%): 0.00 err/s: 0.00 reconn/s: 0.00
[ 7s ] thds: 1 tps: 0.00 qps: 815.03 (r/w/o: 0.00/815.03/0.00) lat (ms,95%): 0.00 err/s: 0.00 reconn/s: 0.00
[ 8s ] thds: 1 tps: 0.00 qps: 901.02 (r/w/o: 0.00/901.02/0.00) lat (ms,95%): 0.00 err/s: 0.00 reconn/s: 0.00
[ 9s ] thds: 1 tps: 0.00 qps: 959.99 (r/w/o: 0.00/959.99/0.00) lat (ms,95%): 0.00 err/s: 0.00 reconn/s: 0.00
SQL statistics:
    queries performed:
        read:                            0
        write:                           8001
        other:                           5
        total:                           8006
    transactions:                        2      (0.22 per sec.)
    queries:                             8006   (887.43 per sec.)
    ignored errors:                      0      (0.00 per sec.)
    reconnects:                          0      (0.00 per sec.)

General statistics:
    total time:                          9.0212s
    total number of events:              2

Latency (ms):
         min:                                 4194.88
         avg:                                 4510.26
         max:                                 4825.63
         95th percentile:                     4855.31
         sum:                                 9020.51

Threads fairness:
    events (avg/stddev):           2.0000/0.00
    execution time (avg/stddev):   9.0205/0.00

