sysbench 1.0.20 (using system LuaJIT 2.1.0-beta3)

Running the test with following options:
Number of threads: 1
Report intermediate results every 1 second(s)
Initializing random number generator from current time


Initializing worker threads...

Threads started!

[ 1s ] thds: 1 tps: 365.74 qps: 365.74 (r/w/o: 365.74/0.00/0.00) lat (ms,95%): 3.62 err/s: 0.00 reconn/s: 0.00
[ 2s ] thds: 1 tps: 379.09 qps: 379.09 (r/w/o: 379.09/0.00/0.00) lat (ms,95%): 2.76 err/s: 0.00 reconn/s: 0.00
[ 3s ] thds: 1 tps: 372.00 qps: 372.00 (r/w/o: 372.00/0.00/0.00) lat (ms,95%): 2.86 err/s: 0.00 reconn/s: 0.00
[ 4s ] thds: 1 tps: 376.97 qps: 376.97 (r/w/o: 376.97/0.00/0.00) lat (ms,95%): 2.91 err/s: 0.00 reconn/s: 0.00
[ 5s ] thds: 1 tps: 382.03 qps: 382.03 (r/w/o: 382.03/0.00/0.00) lat (ms,95%): 2.76 err/s: 0.00 reconn/s: 0.00
[ 6s ] thds: 1 tps: 382.99 qps: 382.99 (r/w/o: 382.99/0.00/0.00) lat (ms,95%): 2.76 err/s: 0.00 reconn/s: 0.00
[ 7s ] thds: 1 tps: 380.00 qps: 380.00 (r/w/o: 380.00/0.00/0.00) lat (ms,95%): 2.76 err/s: 0.00 reconn/s: 0.00
[ 8s ] thds: 1 tps: 376.01 qps: 376.01 (r/w/o: 376.01/0.00/0.00) lat (ms,95%): 2.81 err/s: 0.00 reconn/s: 0.00
SQL statistics:
    queries performed:
        read:                            3016
        write:                           0
        other:                           0
        total:                           3016
    transactions:                        3016   (376.85 per sec.)
    queries:                             3016   (376.85 per sec.)
    ignored errors:                      0      (0.00 per sec.)
    reconnects:                          0      (0.00 per sec.)

General statistics:
    total time:                          8.0028s
    total number of events:              3016

Latency (ms):
         min:                                    2.32
         avg:                                    2.65
         max:                                   10.31
         95th percentile:                        2.81
         sum:                                 7998.02

Threads fairness:
    events (avg/stddev):           3016.0000/0.00
    execution time (avg/stddev):   7.9980/0.00

