sysbench 1.0.20 (using system LuaJIT 2.1.0-beta3)

Running the test with following options:
Number of threads: 1
Report intermediate results every 1 second(s)
Initializing random number generator from current time


Initializing worker threads...

Threads started!

[ 1s ] thds: 1 tps: 1905.72 qps: 1905.72 (r/w/o: 1905.72/0.00/0.00) lat (ms,95%): 0.56 err/s: 0.00 reconn/s: 0.00
[ 2s ] thds: 1 tps: 1960.28 qps: 1960.28 (r/w/o: 1960.28/0.00/0.00) lat (ms,95%): 0.55 err/s: 0.00 reconn/s: 0.00
[ 3s ] thds: 1 tps: 1948.94 qps: 1948.94 (r/w/o: 1948.94/0.00/0.00) lat (ms,95%): 0.55 err/s: 0.00 reconn/s: 0.00
[ 4s ] thds: 1 tps: 1913.25 qps: 1913.25 (r/w/o: 1913.25/0.00/0.00) lat (ms,95%): 0.56 err/s: 0.00 reconn/s: 0.00
[ 5s ] thds: 1 tps: 1971.98 qps: 1971.98 (r/w/o: 1971.98/0.00/0.00) lat (ms,95%): 0.54 err/s: 0.00 reconn/s: 0.00
[ 6s ] thds: 1 tps: 1956.02 qps: 1956.02 (r/w/o: 1956.02/0.00/0.00) lat (ms,95%): 0.55 err/s: 0.00 reconn/s: 0.00
[ 7s ] thds: 1 tps: 1941.83 qps: 1941.83 (r/w/o: 1941.83/0.00/0.00) lat (ms,95%): 0.55 err/s: 0.00 reconn/s: 0.00
[ 8s ] thds: 1 tps: 1945.96 qps: 1945.96 (r/w/o: 1945.96/0.00/0.00) lat (ms,95%): 0.55 err/s: 0.00 reconn/s: 0.00
SQL statistics:
    queries performed:
        read:                            15546
        write:                           0
        other:                           0
        total:                           15546
    transactions:                        15546  (1942.94 per sec.)
    queries:                             15546  (1942.94 per sec.)
    ignored errors:                      0      (0.00 per sec.)
    reconnects:                          0      (0.00 per sec.)

General statistics:
    total time:                          8.0009s
    total number of events:              15546

Latency (ms):
         min:                                    0.47
         avg:                                    0.51
         max:                                    8.16
         95th percentile:                        0.55
         sum:                                 7985.36

Threads fairness:
    events (avg/stddev):           15546.0000/0.00
    execution time (avg/stddev):   7.9854/0.00

