sysbench 1.0.20 (using system LuaJIT 2.1.0-beta3)

Running the test with following options:
Number of threads: 1
Report intermediate results every 1 second(s)
Initializing random number generator from current time


Initializing worker threads...

Threads started!

[ 1s ] thds: 1 tps: 324.74 qps: 324.74 (r/w/o: 324.74/0.00/0.00) lat (ms,95%): 3.30 err/s: 0.00 reconn/s: 0.00
[ 2s ] thds: 1 tps: 327.11 qps: 327.11 (r/w/o: 327.11/0.00/0.00) lat (ms,95%): 3.30 err/s: 0.00 reconn/s: 0.00
[ 3s ] thds: 1 tps: 324.01 qps: 324.01 (r/w/o: 324.01/0.00/0.00) lat (ms,95%): 3.30 err/s: 0.00 reconn/s: 0.00
[ 4s ] thds: 1 tps: 324.00 qps: 324.00 (r/w/o: 324.00/0.00/0.00) lat (ms,95%): 3.30 err/s: 0.00 reconn/s: 0.00
[ 5s ] thds: 1 tps: 323.99 qps: 323.99 (r/w/o: 323.99/0.00/0.00) lat (ms,95%): 3.30 err/s: 0.00 reconn/s: 0.00
[ 6s ] thds: 1 tps: 322.99 qps: 322.99 (r/w/o: 322.99/0.00/0.00) lat (ms,95%): 3.55 err/s: 0.00 reconn/s: 0.00
[ 7s ] thds: 1 tps: 314.00 qps: 314.00 (r/w/o: 314.00/0.00/0.00) lat (ms,95%): 3.49 err/s: 0.00 reconn/s: 0.00
[ 8s ] thds: 1 tps: 323.01 qps: 323.01 (r/w/o: 323.01/0.00/0.00) lat (ms,95%): 3.36 err/s: 0.00 reconn/s: 0.00
SQL statistics:
    queries performed:
        read:                            2585
        write:                           0
        other:                           0
        total:                           2585
    transactions:                        2585   (323.05 per sec.)
    queries:                             2585   (323.05 per sec.)
    ignored errors:                      0      (0.00 per sec.)
    reconnects:                          0      (0.00 per sec.)

General statistics:
    total time:                          8.0015s
    total number of events:              2585

Latency (ms):
         min:                                    2.52
         avg:                                    3.09
         max:                                   10.67
         95th percentile:                        3.30
         sum:                                 7997.61

Threads fairness:
    events (avg/stddev):           2585.0000/0.00
    execution time (avg/stddev):   7.9976/0.00

