sysbench 1.0.20 (using system LuaJIT 2.1.0-beta3)

Running the test with following options:
Number of threads: 4
Report intermediate results every 2 second(s)
Initializing random number generator from current time


Initializing worker threads...

Threads started!

[ 2s ] thds: 4 tps: 1677.81 qps: 5036.44 (r/w/o: 5036.44/0.00/0.00) lat (ms,95%): 2.91 err/s: 0.00 reconn/s: 0.00
[ 4s ] thds: 4 tps: 1697.72 qps: 5091.67 (r/w/o: 5091.67/0.00/0.00) lat (ms,95%): 2.91 err/s: 0.00 reconn/s: 0.00
[ 6s ] thds: 4 tps: 1696.01 qps: 5087.52 (r/w/o: 5087.52/0.00/0.00) lat (ms,95%): 2.91 err/s: 0.00 reconn/s: 0.00
[ 8s ] thds: 4 tps: 1695.01 qps: 5087.52 (r/w/o: 5087.52/0.00/0.00) lat (ms,95%): 2.91 err/s: 0.00 reconn/s: 0.00
[ 10s ] thds: 4 tps: 1690.00 qps: 5069.01 (r/w/o: 5069.01/0.00/0.00) lat (ms,95%): 2.97 err/s: 0.00 reconn/s: 0.00
[ 12s ] thds: 4 tps: 1692.98 qps: 5077.94 (r/w/o: 5077.94/0.00/0.00) lat (ms,95%): 2.97 err/s: 0.00 reconn/s: 0.00
[ 14s ] thds: 4 tps: 1690.03 qps: 5070.58 (r/w/o: 5070.58/0.00/0.00) lat (ms,95%): 2.97 err/s: 0.00 reconn/s: 0.00
[ 16s ] thds: 4 tps: 1700.48 qps: 5102.43 (r/w/o: 5102.43/0.00/0.00) lat (ms,95%): 2.86 err/s: 0.00 reconn/s: 0.00
[ 18s ] thds: 4 tps: 1691.99 qps: 5074.47 (r/w/o: 5074.47/0.00/0.00) lat (ms,95%): 2.97 err/s: 0.00 reconn/s: 0.00
SQL statistics:
    queries performed:
        read:                            91407
        write:                           0
        other:                           0
        total:                           91407
    transactions:                        30469  (1692.46 per sec.)
    queries:                             91407  (5077.38 per sec.)
    ignored errors:                      0      (0.00 per sec.)
    reconnects:                          0      (0.00 per sec.)

General statistics:
    total time:                          18.0024s
    total number of events:              30469

Latency (ms):
         min:                                    1.26
         avg:                                    2.36
         max:                                   19.52
         95th percentile:                        2.91
         sum:                                71965.94

Threads fairness:
    events (avg/stddev):           7617.2500/17.54
    execution time (avg/stddev):   17.9915/0.00

