sysbench 1.0.20 (using system LuaJIT 2.1.0-beta3)

Running the test with following options:
Number of threads: 4
Report intermediate results every 2 second(s)
Initializing random number generator from current time


Initializing worker threads...

Threads started!

[ 2s ] thds: 4 tps: 78.96 qps: 78.96 (r/w/o: 78.96/0.00/0.00) lat (ms,95%): 53.85 err/s: 0.00 reconn/s: 0.00
[ 4s ] thds: 4 tps: 82.02 qps: 82.02 (r/w/o: 82.02/0.00/0.00) lat (ms,95%): 50.11 err/s: 0.00 reconn/s: 0.00
[ 6s ] thds: 4 tps: 80.50 qps: 80.50 (r/w/o: 80.50/0.00/0.00) lat (ms,95%): 51.94 err/s: 0.00 reconn/s: 0.00
[ 8s ] thds: 4 tps: 80.50 qps: 80.50 (r/w/o: 80.50/0.00/0.00) lat (ms,95%): 52.89 err/s: 0.00 reconn/s: 0.00
[ 10s ] thds: 4 tps: 82.00 qps: 82.00 (r/w/o: 82.00/0.00/0.00) lat (ms,95%): 51.02 err/s: 0.00 reconn/s: 0.00
[ 12s ] thds: 4 tps: 79.50 qps: 79.50 (r/w/o: 79.50/0.00/0.00) lat (ms,95%): 52.89 err/s: 0.00 reconn/s: 0.00
[ 14s ] thds: 4 tps: 81.50 qps: 81.50 (r/w/o: 81.50/0.00/0.00) lat (ms,95%): 51.94 err/s: 0.00 reconn/s: 0.00
[ 16s ] thds: 4 tps: 81.50 qps: 81.50 (r/w/o: 81.50/0.00/0.00) lat (ms,95%): 51.94 err/s: 0.00 reconn/s: 0.00
[ 18s ] thds: 4 tps: 81.00 qps: 81.00 (r/w/o: 81.00/0.00/0.00) lat (ms,95%): 52.89 err/s: 0.00 reconn/s: 0.00
SQL statistics:
    queries performed:
        read:                            1459
        write:                           0
        other:                           0
        total:                           1459
    transactions:                        1459   (80.92 per sec.)
    queries:                             1459   (80.92 per sec.)
    ignored errors:                      0      (0.00 per sec.)
    reconnects:                          0      (0.00 per sec.)

General statistics:
    total time:                          18.0300s
    total number of events:              1459

Latency (ms):
         min:                                   35.02
         avg:                                   49.40
         max:                                   81.52
         95th percentile:                       52.89
         sum:                                72079.73

Threads fairness:
    events (avg/stddev):           364.7500/2.38
    execution time (avg/stddev):   18.0199/0.01

