sysbench 1.0.20 (using system LuaJIT 2.1.0-beta3)

Running the test with following options:
Number of threads: 1
Report intermediate results every 1 second(s)
Initializing random number generator from current time


Initializing worker threads...

Threads started!

[ 1s ] thds: 1 tps: 0.00 qps: 701.30 (r/w/o: 0.00/697.30/4.00) lat (ms,95%): 0.00 err/s: 0.00 reconn/s: 0.00
[ 2s ] thds: 1 tps: 0.00 qps: 728.33 (r/w/o: 0.00/728.33/0.00) lat (ms,95%): 0.00 err/s: 0.00 reconn/s: 0.00
[ 3s ] thds: 1 tps: 0.00 qps: 816.06 (r/w/o: 0.00/816.06/0.00) lat (ms,95%): 0.00 err/s: 0.00 reconn/s: 0.00
[ 4s ] thds: 1 tps: 0.00 qps: 812.97 (r/w/o: 0.00/812.97/0.00) lat (ms,95%): 0.00 err/s: 0.00 reconn/s: 0.00
[ 5s ] thds: 1 tps: 0.00 qps: 768.03 (r/w/o: 0.00/768.03/0.00) lat (ms,95%): 0.00 err/s: 0.00 reconn/s: 0.00
[ 6s ] thds: 1 tps: 0.00 qps: 824.83 (r/w/o: 0.00/824.83/0.00) lat (ms,95%): 0.00 err/s: 0.00 reconn/s: 0.00
[ 7s ] thds: 1 tps: 0.00 qps: 767.12 (r/w/o: 0.00/767.12/0.00) lat (ms,95%): 0.00 err/s: 0.00 reconn/s: 0.00
[ 8s ] thds: 1 tps: 0.00 qps: 734.01 (r/w/o: 0.00/734.01/0.00) lat (ms,95%): 0.00 err/s: 0.00 reconn/s: 0.00
[ 9s ] thds: 1 tps: 0.00 qps: 778.98 (r/w/o: 0.00/778.98/0.00) lat (ms,95%): 0.00 err/s: 0.00 reconn/s: 0.00
[ 10s ] thds: 1 tps: 0.00 qps: 761.99 (r/w/o: 0.00/761.99/0.00) lat (ms,95%): 0.00 err/s: 0.00 reconn/s: 0.00
[ 11s ] thds: 1 tps: 0.00 qps: 774.00 (r/w/o: 0.00/774.00/0.00) lat (ms,95%): 0.00 err/s: 0.00 reconn/s: 0.00
[ 12s ] thds: 1 tps: 0.00 qps: 821.01 (r/w/o: 0.00/821.01/0.00) lat (ms,95%): 0.00 err/s: 0.00 reconn/s: 0.00
SQL statistics:
    queries performed:
        read:                            0
        write:                           10000
        other:                           4
        total:                           10004
    transactions:                        1      (0.08 per sec.)
    queries:                             10004  (774.44 per sec.)
    ignored errors:                      0      (0.00 per sec.)
    reconnects:                          0      (0.00 per sec.)

General statistics:
    total time:                          12.9173s
    total number of events:              1

Latency (ms):
         min:                                12916.58
         avg:                                12916.58
         max:                                12916.58
         95th percentile:                    12838.21
         sum:                                12916.58

Threads fairness:
    events (avg/stddev):           1.0000/0.00
    execution time (avg/stddev):   12.9166/0.00

