sysbench 1.0.20 (using system LuaJIT 2.1.0-beta3)

Running the test with following options:
Number of threads: 1
Report intermediate results every 1 second(s)
Initializing random number generator from current time


Initializing worker threads...

Threads started!

[ 1s ] thds: 1 tps: 63.95 qps: 770.37 (r/w/o: 0.00/639.48/130.89) lat (ms,95%): 20.00 err/s: 0.00 reconn/s: 0.00
[ 2s ] thds: 1 tps: 66.02 qps: 791.29 (r/w/o: 0.00/660.24/131.05) lat (ms,95%): 20.37 err/s: 0.00 reconn/s: 0.00
[ 3s ] thds: 1 tps: 66.00 qps: 792.00 (r/w/o: 0.00/660.00/132.00) lat (ms,95%): 18.95 err/s: 0.00 reconn/s: 0.00
[ 4s ] thds: 1 tps: 64.00 qps: 776.02 (r/w/o: 0.00/647.02/129.00) lat (ms,95%): 20.74 err/s: 0.00 reconn/s: 0.00
[ 5s ] thds: 1 tps: 63.99 qps: 760.93 (r/w/o: 0.00/632.94/127.99) lat (ms,95%): 19.29 err/s: 0.00 reconn/s: 0.00
[ 6s ] thds: 1 tps: 64.00 qps: 770.06 (r/w/o: 0.00/642.05/128.01) lat (ms,95%): 19.29 err/s: 0.00 reconn/s: 0.00
[ 7s ] thds: 1 tps: 60.00 qps: 718.00 (r/w/o: 0.00/598.00/120.00) lat (ms,95%): 20.00 err/s: 0.00 reconn/s: 0.00
[ 8s ] thds: 1 tps: 69.00 qps: 829.00 (r/w/o: 0.00/691.00/138.00) lat (ms,95%): 17.32 err/s: 0.00 reconn/s: 0.00
SQL statistics:
    queries performed:
        read:                            0
        write:                           5179
        other:                           1037
        total:                           6216
    transactions:                        518    (64.65 per sec.)
    queries:                             6216   (775.85 per sec.)
    ignored errors:                      0      (0.00 per sec.)
    reconnects:                          0      (0.00 per sec.)

General statistics:
    total time:                          8.0115s
    total number of events:              518

Latency (ms):
         min:                                    8.26
         avg:                                   15.46
         max:                                   25.22
         95th percentile:                       20.00
         sum:                                 8009.97

Threads fairness:
    events (avg/stddev):           518.0000/0.00
    execution time (avg/stddev):   8.0100/0.00

