sysbench 1.0.20 (using system LuaJIT 2.1.0-beta3)

Running the test with following options:
Number of threads: 1
Report intermediate results every 1 second(s)
Initializing random number generator from current time


Initializing worker threads...

Threads started!

[ 1s ] thds: 1 tps: 0.00 qps: 1234.75 (r/w/o: 0.00/1231.75/3.00) lat (ms,95%): 0.00 err/s: 0.00 reconn/s: 0.00
[ 2s ] thds: 1 tps: 0.00 qps: 1255.69 (r/w/o: 0.00/1255.69/0.00) lat (ms,95%): 0.00 err/s: 0.00 reconn/s: 0.00
[ 3s ] thds: 1 tps: 0.00 qps: 1241.99 (r/w/o: 0.00/1241.99/0.00) lat (ms,95%): 0.00 err/s: 0.00 reconn/s: 0.00
[ 4s ] thds: 1 tps: 1.00 qps: 1152.01 (r/w/o: 0.00/1150.01/2.00) lat (ms,95%): 3208.88 err/s: 0.00 reconn/s: 0.00
[ 5s ] thds: 1 tps: 0.00 qps: 1232.98 (r/w/o: 0.00/1232.98/0.00) lat (ms,95%): 0.00 err/s: 0.00 reconn/s: 0.00
[ 6s ] thds: 1 tps: 0.00 qps: 1258.03 (r/w/o: 0.00/1258.03/0.00) lat (ms,95%): 0.00 err/s: 0.00 reconn/s: 0.00
[ 7s ] thds: 1 tps: 1.00 qps: 1132.05 (r/w/o: 0.00/1130.05/2.00) lat (ms,95%): 3267.19 err/s: 0.00 reconn/s: 0.00
[ 8s ] thds: 1 tps: 0.00 qps: 1162.96 (r/w/o: 0.00/1162.96/0.00) lat (ms,95%): 0.00 err/s: 0.00 reconn/s: 0.00
[ 9s ] thds: 1 tps: 0.00 qps: 1236.98 (r/w/o: 0.00/1236.98/0.00) lat (ms,95%): 0.00 err/s: 0.00 reconn/s: 0.00
SQL statistics:
    queries performed:
        read:                            0
        write:                           12002
        other:                           7
        total:                           12009
    transactions:                        3      (0.30 per sec.)
    queries:                             12009  (1214.91 per sec.)
    ignored errors:                      0      (0.00 per sec.)
    reconnects:                          0      (0.00 per sec.)

General statistics:
    total time:                          9.8844s
    total number of events:              3

Latency (ms):
         min:                                 3219.12
         avg:                                 3294.57
         max:                                 3373.10
         95th percentile:                     3386.99
         sum:                                 9883.72

Threads fairness:
    events (avg/stddev):           3.0000/0.00
    execution time (avg/stddev):   9.8837/0.00

