sysbench 1.0.20 (using system LuaJIT 2.1.0-beta3)

Running the test with following options:
Number of threads: 4
Report intermediate results every 2 second(s)
Initializing random number generator from current time


Initializing worker threads...

Threads started!

[ 2s ] thds: 4 tps: 0.00 qps: 2802.61 (r/w/o: 0.00/698.65/2103.95) lat (ms,95%): 0.00 err/s: 0.00 reconn/s: 0.00
[ 4s ] thds: 4 tps: 0.00 qps: 3222.68 (r/w/o: 0.00/805.67/2417.01) lat (ms,95%): 0.00 err/s: 0.00 reconn/s: 0.00
[ 6s ] thds: 4 tps: 0.00 qps: 3170.07 (r/w/o: 0.00/792.52/2377.55) lat (ms,95%): 0.00 err/s: 0.00 reconn/s: 0.00
[ 8s ] thds: 4 tps: 0.00 qps: 4150.14 (r/w/o: 0.00/1037.54/3112.61) lat (ms,95%): 0.00 err/s: 0.00 reconn/s: 0.00
[ 10s ] thds: 4 tps: 0.00 qps: 4049.83 (r/w/o: 0.00/1012.46/3037.37) lat (ms,95%): 0.00 err/s: 0.00 reconn/s: 0.00
[ 12s ] thds: 4 tps: 0.00 qps: 3503.98 (r/w/o: 0.00/875.99/2627.98) lat (ms,95%): 0.00 err/s: 0.00 reconn/s: 0.00
[ 14s ] thds: 4 tps: 0.00 qps: 3133.74 (r/w/o: 0.00/783.43/2350.30) lat (ms,95%): 0.00 err/s: 0.00 reconn/s: 0.00
[ 16s ] thds: 4 tps: 0.00 qps: 3288.43 (r/w/o: 0.00/822.11/2466.32) lat (ms,95%): 0.00 err/s: 0.00 reconn/s: 0.00
[ 18s ] thds: 4 tps: 0.00 qps: 3455.88 (r/w/o: 0.00/863.97/2591.91) lat (ms,95%): 0.00 err/s: 0.00 reconn/s: 0.00
[ 20s ] thds: 4 tps: 0.00 qps: 3458.10 (r/w/o: 0.00/864.52/2593.57) lat (ms,95%): 0.00 err/s: 0.00 reconn/s: 0.00
[ 22s ] thds: 4 tps: 0.00 qps: 3385.88 (r/w/o: 0.00/846.47/2539.41) lat (ms,95%): 0.00 err/s: 0.00 reconn/s: 0.00
[ 24s ] thds: 4 tps: 0.00 qps: 3115.99 (r/w/o: 0.00/779.00/2336.99) lat (ms,95%): 0.00 err/s: 0.00 reconn/s: 0.00
[ 26s ] thds: 4 tps: 0.00 qps: 3160.04 (r/w/o: 0.00/790.01/2370.03) lat (ms,95%): 0.00 err/s: 0.00 reconn/s: 0.00
SQL statistics:
    queries performed:
        read:                            0
        write:                           22000
        other:                           66016
        total:                           88016
    transactions:                        4      (0.15 per sec.)
    queries:                             88016  (3376.75 per sec.)
    ignored errors:                      0      (0.00 per sec.)
    reconnects:                          0      (0.00 per sec.)

General statistics:
    total time:                          26.0649s
    total number of events:              4

Latency (ms):
         min:                                26063.98
         avg:                                26064.00
         max:                                26064.02
         95th percentile:                    25911.33
         sum:                               104256.01

Threads fairness:
    events (avg/stddev):           1.0000/0.00
    execution time (avg/stddev):   26.0640/0.00

