sysbench 1.0.20 (using system LuaJIT 2.1.0-beta3)

Running the test with following options:
Number of threads: 1
Report intermediate results every 1 second(s)
Initializing random number generator from current time


Initializing worker threads...

Threads started!

[ 1s ] thds: 1 tps: 351.77 qps: 1057.30 (r/w/o: 1057.30/0.00/0.00) lat (ms,95%): 2.97 err/s: 0.00 reconn/s: 0.00
[ 2s ] thds: 1 tps: 357.06 qps: 1070.19 (r/w/o: 1070.19/0.00/0.00) lat (ms,95%): 2.91 err/s: 0.00 reconn/s: 0.00
[ 3s ] thds: 1 tps: 356.02 qps: 1069.06 (r/w/o: 1069.06/0.00/0.00) lat (ms,95%): 2.97 err/s: 0.00 reconn/s: 0.00
[ 4s ] thds: 1 tps: 359.96 qps: 1077.88 (r/w/o: 1077.88/0.00/0.00) lat (ms,95%): 2.91 err/s: 0.00 reconn/s: 0.00
[ 5s ] thds: 1 tps: 358.03 qps: 1075.08 (r/w/o: 1075.08/0.00/0.00) lat (ms,95%): 2.91 err/s: 0.00 reconn/s: 0.00
[ 6s ] thds: 1 tps: 353.00 qps: 1059.01 (r/w/o: 1059.01/0.00/0.00) lat (ms,95%): 2.97 err/s: 0.00 reconn/s: 0.00
[ 7s ] thds: 1 tps: 358.00 qps: 1073.00 (r/w/o: 1073.00/0.00/0.00) lat (ms,95%): 2.91 err/s: 0.00 reconn/s: 0.00
[ 8s ] thds: 1 tps: 360.00 qps: 1081.00 (r/w/o: 1081.00/0.00/0.00) lat (ms,95%): 2.91 err/s: 0.00 reconn/s: 0.00
SQL statistics:
    queries performed:
        read:                            8565
        write:                           0
        other:                           0
        total:                           8565
    transactions:                        2855   (356.74 per sec.)
    queries:                             8565   (1070.23 per sec.)
    ignored errors:                      0      (0.00 per sec.)
    reconnects:                          0      (0.00 per sec.)

General statistics:
    total time:                          8.0026s
    total number of events:              2855

Latency (ms):
         min:                                    2.65
         avg:                                    2.80
         max:                                   10.68
         95th percentile:                        2.91
         sum:                                 7998.82

Threads fairness:
    events (avg/stddev):           2855.0000/0.00
    execution time (avg/stddev):   7.9988/0.00

