sysbench 1.0.20 (using system LuaJIT 2.1.0-beta3)

Running the test with following options:
Number of threads: 1
Report intermediate results every 1 second(s)
Initializing random number generator from current time


Initializing worker threads...

Threads started!

[ 1s ] thds: 1 tps: 176.85 qps: 532.54 (r/w/o: 532.54/0.00/0.00) lat (ms,95%): 5.77 err/s: 0.00 reconn/s: 0.00
[ 2s ] thds: 1 tps: 180.07 qps: 539.22 (r/w/o: 539.22/0.00/0.00) lat (ms,95%): 5.88 err/s: 0.00 reconn/s: 0.00
[ 3s ] thds: 1 tps: 179.01 qps: 538.02 (r/w/o: 538.02/0.00/0.00) lat (ms,95%): 5.99 err/s: 0.00 reconn/s: 0.00
[ 4s ] thds: 1 tps: 177.98 qps: 533.95 (r/w/o: 533.95/0.00/0.00) lat (ms,95%): 5.88 err/s: 0.00 reconn/s: 0.00
[ 5s ] thds: 1 tps: 179.02 qps: 537.05 (r/w/o: 537.05/0.00/0.00) lat (ms,95%): 5.77 err/s: 0.00 reconn/s: 0.00
[ 6s ] thds: 1 tps: 180.99 qps: 540.96 (r/w/o: 540.96/0.00/0.00) lat (ms,95%): 5.67 err/s: 0.00 reconn/s: 0.00
[ 7s ] thds: 1 tps: 177.01 qps: 532.03 (r/w/o: 532.03/0.00/0.00) lat (ms,95%): 5.99 err/s: 0.00 reconn/s: 0.00
[ 8s ] thds: 1 tps: 179.00 qps: 538.01 (r/w/o: 538.01/0.00/0.00) lat (ms,95%): 5.77 err/s: 0.00 reconn/s: 0.00
SQL statistics:
    queries performed:
        read:                            4293
        write:                           0
        other:                           0
        total:                           4293
    transactions:                        1431   (178.83 per sec.)
    queries:                             4293   (536.49 per sec.)
    ignored errors:                      0      (0.00 per sec.)
    reconnects:                          0      (0.00 per sec.)

General statistics:
    total time:                          8.0016s
    total number of events:              1431

Latency (ms):
         min:                                    5.40
         avg:                                    5.59
         max:                                   13.47
         95th percentile:                        5.88
         sum:                                 7998.83

Threads fairness:
    events (avg/stddev):           1431.0000/0.00
    execution time (avg/stddev):   7.9988/0.00

