sysbench 1.0.20 (using system LuaJIT 2.1.0-beta3)

Running the test with following options:
Number of threads: 1
Report intermediate results every 1 second(s)
Initializing random number generator from current time


Initializing worker threads...

Threads started!

[ 1s ] thds: 1 tps: 81.93 qps: 1067.09 (r/w/o: 0.00/901.23/165.86) lat (ms,95%): 16.12 err/s: 0.00 reconn/s: 0.00
[ 2s ] thds: 1 tps: 83.03 qps: 1079.41 (r/w/o: 0.00/913.35/166.06) lat (ms,95%): 13.95 err/s: 0.00 reconn/s: 0.00
[ 3s ] thds: 1 tps: 80.00 qps: 1043.06 (r/w/o: 0.00/882.05/161.01) lat (ms,95%): 15.00 err/s: 0.00 reconn/s: 0.00
[ 4s ] thds: 1 tps: 79.99 qps: 1041.93 (r/w/o: 0.00/881.94/159.99) lat (ms,95%): 15.27 err/s: 0.00 reconn/s: 0.00
[ 5s ] thds: 1 tps: 88.00 qps: 1142.01 (r/w/o: 0.00/966.01/176.00) lat (ms,95%): 15.27 err/s: 0.00 reconn/s: 0.00
[ 6s ] thds: 1 tps: 100.00 qps: 1300.97 (r/w/o: 0.00/1100.98/200.00) lat (ms,95%): 13.46 err/s: 0.00 reconn/s: 0.00
[ 7s ] thds: 1 tps: 97.00 qps: 1259.04 (r/w/o: 0.00/1065.03/194.01) lat (ms,95%): 12.30 err/s: 0.00 reconn/s: 0.00
[ 8s ] thds: 1 tps: 96.00 qps: 1248.05 (r/w/o: 0.00/1056.04/192.01) lat (ms,95%): 12.30 err/s: 0.00 reconn/s: 0.00
SQL statistics:
    queries performed:
        read:                            0
        write:                           7776
        other:                           1415
        total:                           9191
    transactions:                        707    (88.27 per sec.)
    queries:                             9191   (1147.47 per sec.)
    ignored errors:                      0      (0.00 per sec.)
    reconnects:                          0      (0.00 per sec.)

General statistics:
    total time:                          8.0094s
    total number of events:              707

Latency (ms):
         min:                                    8.37
         avg:                                   11.33
         max:                                   46.55
         95th percentile:                       14.46
         sum:                                 8007.80

Threads fairness:
    events (avg/stddev):           707.0000/0.00
    execution time (avg/stddev):   8.0078/0.00

