sysbench 1.0.20 (using system LuaJIT 2.1.0-beta3)

Running the test with following options:
Number of threads: 1
Report intermediate results every 1 second(s)
Initializing random number generator from current time


Initializing worker threads...

Threads started!

[ 1s ] thds: 1 tps: 1577.81 qps: 4734.43 (r/w/o: 4734.43/0.00/0.00) lat (ms,95%): 0.68 err/s: 0.00 reconn/s: 0.00
[ 2s ] thds: 1 tps: 1589.41 qps: 4769.22 (r/w/o: 4769.22/0.00/0.00) lat (ms,95%): 0.69 err/s: 0.00 reconn/s: 0.00
[ 3s ] thds: 1 tps: 1578.89 qps: 4736.68 (r/w/o: 4736.68/0.00/0.00) lat (ms,95%): 0.70 err/s: 0.00 reconn/s: 0.00
[ 4s ] thds: 1 tps: 1594.13 qps: 4781.39 (r/w/o: 4781.39/0.00/0.00) lat (ms,95%): 0.69 err/s: 0.00 reconn/s: 0.00
[ 5s ] thds: 1 tps: 1574.02 qps: 4721.05 (r/w/o: 4721.05/0.00/0.00) lat (ms,95%): 0.72 err/s: 0.00 reconn/s: 0.00
[ 6s ] thds: 1 tps: 1539.86 qps: 4621.59 (r/w/o: 4621.59/0.00/0.00) lat (ms,95%): 0.72 err/s: 0.00 reconn/s: 0.00
[ 7s ] thds: 1 tps: 1579.00 qps: 4736.01 (r/w/o: 4736.01/0.00/0.00) lat (ms,95%): 0.72 err/s: 0.00 reconn/s: 0.00
[ 8s ] thds: 1 tps: 1586.13 qps: 4758.38 (r/w/o: 4758.38/0.00/0.00) lat (ms,95%): 0.70 err/s: 0.00 reconn/s: 0.00
SQL statistics:
    queries performed:
        read:                            37863
        write:                           0
        other:                           0
        total:                           37863
    transactions:                        12621  (1577.38 per sec.)
    queries:                             37863  (4732.14 per sec.)
    ignored errors:                      0      (0.00 per sec.)
    reconnects:                          0      (0.00 per sec.)

General statistics:
    total time:                          8.0009s
    total number of events:              12621

Latency (ms):
         min:                                    0.56
         avg:                                    0.63
         max:                                    8.07
         95th percentile:                        0.70
         sum:                                 7987.93

Threads fairness:
    events (avg/stddev):           12621.0000/0.00
    execution time (avg/stddev):   7.9879/0.00

