sysbench 1.0.20 (using system LuaJIT 2.1.0-beta3)

Running the test with following options:
Number of threads: 1
Report intermediate results every 1 second(s)
Initializing random number generator from current time


Initializing worker threads...

Threads started!

[ 1s ] thds: 1 tps: 402.64 qps: 402.64 (r/w/o: 402.64/0.00/0.00) lat (ms,95%): 2.48 err/s: 0.00 reconn/s: 0.00
[ 2s ] thds: 1 tps: 406.15 qps: 406.15 (r/w/o: 406.15/0.00/0.00) lat (ms,95%): 2.52 err/s: 0.00 reconn/s: 0.00
[ 3s ] thds: 1 tps: 406.02 qps: 406.02 (r/w/o: 406.02/0.00/0.00) lat (ms,95%): 2.52 err/s: 0.00 reconn/s: 0.00
[ 4s ] thds: 1 tps: 407.00 qps: 407.00 (r/w/o: 407.00/0.00/0.00) lat (ms,95%): 2.48 err/s: 0.00 reconn/s: 0.00
[ 5s ] thds: 1 tps: 408.02 qps: 408.02 (r/w/o: 408.02/0.00/0.00) lat (ms,95%): 2.48 err/s: 0.00 reconn/s: 0.00
[ 6s ] thds: 1 tps: 406.00 qps: 406.00 (r/w/o: 406.00/0.00/0.00) lat (ms,95%): 2.52 err/s: 0.00 reconn/s: 0.00
[ 7s ] thds: 1 tps: 406.00 qps: 406.00 (r/w/o: 406.00/0.00/0.00) lat (ms,95%): 2.52 err/s: 0.00 reconn/s: 0.00
[ 8s ] thds: 1 tps: 407.96 qps: 407.96 (r/w/o: 407.96/0.00/0.00) lat (ms,95%): 2.48 err/s: 0.00 reconn/s: 0.00
SQL statistics:
    queries performed:
        read:                            3251
        write:                           0
        other:                           0
        total:                           3251
    transactions:                        3251   (406.24 per sec.)
    queries:                             3251   (406.24 per sec.)
    ignored errors:                      0      (0.00 per sec.)
    reconnects:                          0      (0.00 per sec.)

General statistics:
    total time:                          8.0023s
    total number of events:              3251

Latency (ms):
         min:                                    2.40
         avg:                                    2.46
         max:                                   10.63
         95th percentile:                        2.48
         sum:                                 7998.03

Threads fairness:
    events (avg/stddev):           3251.0000/0.00
    execution time (avg/stddev):   7.9980/0.00

