sysbench 1.0.20 (using system LuaJIT 2.1.0-beta3)

Running the test with following options:
Number of threads: 1
Report intermediate results every 1 second(s)
Initializing random number generator from current time


Initializing worker threads...

Threads started!

[ 1s ] thds: 1 tps: 0.00 qps: 854.19 (r/w/o: 0.00/850.20/4.00) lat (ms,95%): 0.00 err/s: 0.00 reconn/s: 0.00
[ 2s ] thds: 1 tps: 0.00 qps: 767.35 (r/w/o: 0.00/767.35/0.00) lat (ms,95%): 0.00 err/s: 0.00 reconn/s: 0.00
[ 3s ] thds: 1 tps: 0.00 qps: 810.01 (r/w/o: 0.00/810.01/0.00) lat (ms,95%): 0.00 err/s: 0.00 reconn/s: 0.00
[ 4s ] thds: 1 tps: 0.00 qps: 753.97 (r/w/o: 0.00/753.97/0.00) lat (ms,95%): 0.00 err/s: 0.00 reconn/s: 0.00
[ 5s ] thds: 1 tps: 1.00 qps: 743.02 (r/w/o: 0.00/741.02/2.00) lat (ms,95%): 4055.23 err/s: 0.00 reconn/s: 0.00
[ 6s ] thds: 1 tps: 0.00 qps: 785.04 (r/w/o: 0.00/785.04/0.00) lat (ms,95%): 0.00 err/s: 0.00 reconn/s: 0.00
[ 7s ] thds: 1 tps: 0.00 qps: 842.01 (r/w/o: 0.00/842.01/0.00) lat (ms,95%): 0.00 err/s: 0.00 reconn/s: 0.00
[ 8s ] thds: 1 tps: 0.00 qps: 807.98 (r/w/o: 0.00/807.98/0.00) lat (ms,95%): 0.00 err/s: 0.00 reconn/s: 0.00
SQL statistics:
    queries performed:
        read:                            0
        write:                           6402
        other:                           6
        total:                           6408
    transactions:                        2      (0.25 per sec.)
    queries:                             6408   (795.35 per sec.)
    ignored errors:                      0      (0.00 per sec.)
    reconnects:                          0      (0.00 per sec.)

General statistics:
    total time:                          8.0564s
    total number of events:              2

Latency (ms):
         min:                                 4020.91
         avg:                                 4027.97
         max:                                 4035.02
         95th percentile:                     4055.23
         sum:                                 8055.94

Threads fairness:
    events (avg/stddev):           2.0000/0.00
    execution time (avg/stddev):   8.0559/0.00

