sysbench 1.0.20 (using system LuaJIT 2.1.0-beta3)

Running the test with following options:
Number of threads: 4
Report intermediate results every 2 second(s)
Initializing random number generator from current time


Initializing worker threads...

Threads started!

[ 2s ] thds: 4 tps: 11398.17 qps: 11398.17 (r/w/o: 11398.17/0.00/0.00) lat (ms,95%): 0.51 err/s: 0.00 reconn/s: 0.00
[ 4s ] thds: 4 tps: 11501.51 qps: 11501.51 (r/w/o: 11501.51/0.00/0.00) lat (ms,95%): 0.51 err/s: 0.00 reconn/s: 0.00
[ 6s ] thds: 4 tps: 11373.78 qps: 11373.78 (r/w/o: 11373.78/0.00/0.00) lat (ms,95%): 0.52 err/s: 0.00 reconn/s: 0.00
[ 8s ] thds: 4 tps: 11541.57 qps: 11541.57 (r/w/o: 11541.57/0.00/0.00) lat (ms,95%): 0.51 err/s: 0.00 reconn/s: 0.00
[ 10s ] thds: 4 tps: 11617.03 qps: 11617.03 (r/w/o: 11617.03/0.00/0.00) lat (ms,95%): 0.50 err/s: 0.00 reconn/s: 0.00
[ 12s ] thds: 4 tps: 11534.35 qps: 11534.85 (r/w/o: 11534.85/0.00/0.00) lat (ms,95%): 0.50 err/s: 0.00 reconn/s: 0.00
[ 14s ] thds: 4 tps: 11528.26 qps: 11527.76 (r/w/o: 11527.76/0.00/0.00) lat (ms,95%): 0.51 err/s: 0.00 reconn/s: 0.00
[ 16s ] thds: 4 tps: 11671.29 qps: 11671.29 (r/w/o: 11671.29/0.00/0.00) lat (ms,95%): 0.50 err/s: 0.00 reconn/s: 0.00
[ 18s ] thds: 4 tps: 11726.86 qps: 11726.86 (r/w/o: 11726.86/0.00/0.00) lat (ms,95%): 0.48 err/s: 0.00 reconn/s: 0.00
SQL statistics:
    queries performed:
        read:                            207793
        write:                           0
        other:                           0
        total:                           207793
    transactions:                        207793 (11543.03 per sec.)
    queries:                             207793 (11543.03 per sec.)
    ignored errors:                      0      (0.00 per sec.)
    reconnects:                          0      (0.00 per sec.)

General statistics:
    total time:                          18.0012s
    total number of events:              207793

Latency (ms):
         min:                                    0.19
         avg:                                    0.35
         max:                                   19.33
         95th percentile:                        0.50
         sum:                                71767.11

Threads fairness:
    events (avg/stddev):           51948.2500/331.98
    execution time (avg/stddev):   17.9418/0.00

