sysbench 1.0.20 (using system LuaJIT 2.1.0-beta3)

Running the test with following options:
Number of threads: 4
Report intermediate results every 2 second(s)
Initializing random number generator from current time


Initializing worker threads...

Threads started!

[ 2s ] thds: 4 tps: 3302.36 qps: 3302.36 (r/w/o: 3302.36/0.00/0.00) lat (ms,95%): 1.47 err/s: 0.00 reconn/s: 0.00
[ 4s ] thds: 4 tps: 3348.06 qps: 3348.06 (r/w/o: 3348.06/0.00/0.00) lat (ms,95%): 1.47 err/s: 0.00 reconn/s: 0.00
[ 6s ] thds: 4 tps: 3362.06 qps: 3362.06 (r/w/o: 3362.06/0.00/0.00) lat (ms,95%): 1.42 err/s: 0.00 reconn/s: 0.00
[ 8s ] thds: 4 tps: 3333.49 qps: 3333.49 (r/w/o: 3333.49/0.00/0.00) lat (ms,95%): 1.44 err/s: 0.00 reconn/s: 0.00
[ 10s ] thds: 4 tps: 3368.23 qps: 3368.23 (r/w/o: 3368.23/0.00/0.00) lat (ms,95%): 1.44 err/s: 0.00 reconn/s: 0.00
[ 12s ] thds: 4 tps: 3372.50 qps: 3372.50 (r/w/o: 3372.50/0.00/0.00) lat (ms,95%): 1.42 err/s: 0.00 reconn/s: 0.00
[ 14s ] thds: 4 tps: 3393.58 qps: 3393.58 (r/w/o: 3393.58/0.00/0.00) lat (ms,95%): 1.42 err/s: 0.00 reconn/s: 0.00
[ 16s ] thds: 4 tps: 3392.13 qps: 3392.13 (r/w/o: 3392.13/0.00/0.00) lat (ms,95%): 1.42 err/s: 0.00 reconn/s: 0.00
[ 18s ] thds: 4 tps: 3371.46 qps: 3371.46 (r/w/o: 3371.46/0.00/0.00) lat (ms,95%): 1.44 err/s: 0.00 reconn/s: 0.00
SQL statistics:
    queries performed:
        read:                            60493
        write:                           0
        other:                           0
        total:                           60493
    transactions:                        60493  (3360.35 per sec.)
    queries:                             60493  (3360.35 per sec.)
    ignored errors:                      0      (0.00 per sec.)
    reconnects:                          0      (0.00 per sec.)

General statistics:
    total time:                          18.0016s
    total number of events:              60493

Latency (ms):
         min:                                    0.61
         avg:                                    1.19
         max:                                   19.86
         95th percentile:                        1.44
         sum:                                71921.64

Threads fairness:
    events (avg/stddev):           15123.2500/128.08
    execution time (avg/stddev):   17.9804/0.00

