sysbench 1.0.20 (using system LuaJIT 2.1.0-beta3)

Running the test with following options:
Number of threads: 1
Report intermediate results every 1 second(s)
Initializing random number generator from current time


Initializing worker threads...

Threads started!

[ 1s ] thds: 1 tps: 971.22 qps: 2913.67 (r/w/o: 2913.67/0.00/0.00) lat (ms,95%): 1.10 err/s: 0.00 reconn/s: 0.00
[ 2s ] thds: 1 tps: 966.36 qps: 2901.08 (r/w/o: 2901.08/0.00/0.00) lat (ms,95%): 1.12 err/s: 0.00 reconn/s: 0.00
[ 3s ] thds: 1 tps: 983.00 qps: 2946.99 (r/w/o: 2946.99/0.00/0.00) lat (ms,95%): 1.08 err/s: 0.00 reconn/s: 0.00
[ 4s ] thds: 1 tps: 985.00 qps: 2955.01 (r/w/o: 2955.01/0.00/0.00) lat (ms,95%): 1.08 err/s: 0.00 reconn/s: 0.00
[ 5s ] thds: 1 tps: 987.97 qps: 2964.90 (r/w/o: 2964.90/0.00/0.00) lat (ms,95%): 1.06 err/s: 0.00 reconn/s: 0.00
[ 6s ] thds: 1 tps: 954.02 qps: 2862.05 (r/w/o: 2862.05/0.00/0.00) lat (ms,95%): 1.10 err/s: 0.00 reconn/s: 0.00
[ 7s ] thds: 1 tps: 979.01 qps: 2938.03 (r/w/o: 2938.03/0.00/0.00) lat (ms,95%): 1.10 err/s: 0.00 reconn/s: 0.00
[ 8s ] thds: 1 tps: 989.00 qps: 2965.00 (r/w/o: 2965.00/0.00/0.00) lat (ms,95%): 1.08 err/s: 0.00 reconn/s: 0.00
SQL statistics:
    queries performed:
        read:                            23451
        write:                           0
        other:                           0
        total:                           23451
    transactions:                        7817   (976.92 per sec.)
    queries:                             23451  (2930.75 per sec.)
    ignored errors:                      0      (0.00 per sec.)
    reconnects:                          0      (0.00 per sec.)

General statistics:
    total time:                          8.0013s
    total number of events:              7817

Latency (ms):
         min:                                    0.94
         avg:                                    1.02
         max:                                    8.68
         95th percentile:                        1.10
         sum:                                 7992.87

Threads fairness:
    events (avg/stddev):           7817.0000/0.00
    execution time (avg/stddev):   7.9929/0.00

