sysbench 1.0.20 (using system LuaJIT 2.1.0-beta3)

Running the test with following options:
Number of threads: 1
Report intermediate results every 1 second(s)
Initializing random number generator from current time


Initializing worker threads...

Threads started!

[ 1s ] thds: 1 tps: 2.00 qps: 693.33 (r/w/o: 0.00/686.33/6.99) lat (ms,95%): 390.30 err/s: 0.00 reconn/s: 0.00
[ 2s ] thds: 1 tps: 3.00 qps: 724.31 (r/w/o: 0.00/718.30/6.00) lat (ms,95%): 390.30 err/s: 0.00 reconn/s: 0.00
[ 3s ] thds: 1 tps: 3.00 qps: 721.09 (r/w/o: 0.00/715.09/6.00) lat (ms,95%): 390.30 err/s: 0.00 reconn/s: 0.00
[ 4s ] thds: 1 tps: 2.00 qps: 684.98 (r/w/o: 0.00/680.98/4.00) lat (ms,95%): 383.33 err/s: 0.00 reconn/s: 0.00
[ 5s ] thds: 1 tps: 3.00 qps: 691.99 (r/w/o: 0.00/685.99/6.00) lat (ms,95%): 369.77 err/s: 0.00 reconn/s: 0.00
[ 6s ] thds: 1 tps: 3.00 qps: 665.02 (r/w/o: 0.00/659.02/6.00) lat (ms,95%): 404.61 err/s: 0.00 reconn/s: 0.00
[ 7s ] thds: 1 tps: 2.00 qps: 652.00 (r/w/o: 0.00/648.00/4.00) lat (ms,95%): 419.45 err/s: 0.00 reconn/s: 0.00
[ 8s ] thds: 1 tps: 3.00 qps: 614.99 (r/w/o: 0.00/608.99/6.00) lat (ms,95%): 475.79 err/s: 0.00 reconn/s: 0.00
SQL statistics:
    queries performed:
        read:                            0
        write:                           5609
        other:                           45
        total:                           5654
    transactions:                        22     (2.68 per sec.)
    queries:                             5654   (687.70 per sec.)
    ignored errors:                      0      (0.00 per sec.)
    reconnects:                          0      (0.00 per sec.)

General statistics:
    total time:                          8.2212s
    total number of events:              22

Latency (ms):
         min:                                  286.49
         avg:                                  373.67
         max:                                  476.60
         95th percentile:                      419.45
         sum:                                 8220.64

Threads fairness:
    events (avg/stddev):           22.0000/0.00
    execution time (avg/stddev):   8.2206/0.00

