sysbench 1.0.20 (using system LuaJIT 2.1.0-beta3)

Running the test with following options:
Number of threads: 1
Report intermediate results every 1 second(s)
Initializing random number generator from current time


Initializing worker threads...

Threads started!

[ 1s ] thds: 1 tps: 1.00 qps: 824.22 (r/w/o: 0.00/819.23/5.00) lat (ms,95%): 569.67 err/s: 0.00 reconn/s: 0.00
[ 2s ] thds: 1 tps: 2.00 qps: 752.35 (r/w/o: 0.00/748.34/4.00) lat (ms,95%): 669.89 err/s: 0.00 reconn/s: 0.00
[ 3s ] thds: 1 tps: 1.00 qps: 792.97 (r/w/o: 0.00/790.97/2.00) lat (ms,95%): 669.89 err/s: 0.00 reconn/s: 0.00
[ 4s ] thds: 1 tps: 2.00 qps: 819.05 (r/w/o: 0.00/815.05/4.00) lat (ms,95%): 657.93 err/s: 0.00 reconn/s: 0.00
[ 5s ] thds: 1 tps: 2.00 qps: 950.00 (r/w/o: 0.00/946.00/4.00) lat (ms,95%): 559.50 err/s: 0.00 reconn/s: 0.00
[ 6s ] thds: 1 tps: 2.00 qps: 996.95 (r/w/o: 0.00/992.95/4.00) lat (ms,95%): 530.08 err/s: 0.00 reconn/s: 0.00
[ 7s ] thds: 1 tps: 2.00 qps: 1140.01 (r/w/o: 0.00/1136.01/4.00) lat (ms,95%): 467.30 err/s: 0.00 reconn/s: 0.00
[ 8s ] thds: 1 tps: 2.00 qps: 1117.01 (r/w/o: 0.00/1113.01/4.00) lat (ms,95%): 450.77 err/s: 0.00 reconn/s: 0.00
SQL statistics:
    queries performed:
        read:                            0
        write:                           7499
        other:                           31
        total:                           7530
    transactions:                        15     (1.84 per sec.)
    queries:                             7530   (923.57 per sec.)
    ignored errors:                      0      (0.00 per sec.)
    reconnects:                          0      (0.00 per sec.)

General statistics:
    total time:                          8.1528s
    total number of events:              15

Latency (ms):
         min:                                  423.33
         avg:                                  543.48
         max:                                  665.64
         95th percentile:                      669.89
         sum:                                 8152.17

Threads fairness:
    events (avg/stddev):           15.0000/0.00
    execution time (avg/stddev):   8.1522/0.00

