sysbench 1.0.20 (using system LuaJIT 2.1.0-beta3)

Running the test with following options:
Number of threads: 4
Report intermediate results every 2 second(s)
Initializing random number generator from current time


Initializing worker threads...

Threads started!

[ 2s ] thds: 4 tps: 3644.87 qps: 10937.12 (r/w/o: 10937.12/0.00/0.00) lat (ms,95%): 1.39 err/s: 0.00 reconn/s: 0.00
[ 4s ] thds: 4 tps: 3671.13 qps: 11012.88 (r/w/o: 11012.88/0.00/0.00) lat (ms,95%): 1.39 err/s: 0.00 reconn/s: 0.00
[ 6s ] thds: 4 tps: 3690.49 qps: 11072.98 (r/w/o: 11072.98/0.00/0.00) lat (ms,95%): 1.37 err/s: 0.00 reconn/s: 0.00
[ 8s ] thds: 4 tps: 3702.50 qps: 11106.49 (r/w/o: 11106.49/0.00/0.00) lat (ms,95%): 1.37 err/s: 0.00 reconn/s: 0.00
[ 10s ] thds: 4 tps: 3698.99 qps: 11097.48 (r/w/o: 11097.48/0.00/0.00) lat (ms,95%): 1.37 err/s: 0.00 reconn/s: 0.00
[ 12s ] thds: 4 tps: 3723.25 qps: 11168.24 (r/w/o: 11168.24/0.00/0.00) lat (ms,95%): 1.37 err/s: 0.00 reconn/s: 0.00
[ 14s ] thds: 4 tps: 3719.22 qps: 11159.67 (r/w/o: 11159.67/0.00/0.00) lat (ms,95%): 1.37 err/s: 0.00 reconn/s: 0.00
[ 16s ] thds: 4 tps: 3692.04 qps: 11075.61 (r/w/o: 11075.61/0.00/0.00) lat (ms,95%): 1.39 err/s: 0.00 reconn/s: 0.00
[ 18s ] thds: 4 tps: 3693.51 qps: 11079.53 (r/w/o: 11079.53/0.00/0.00) lat (ms,95%): 1.39 err/s: 0.00 reconn/s: 0.00
SQL statistics:
    queries performed:
        read:                            199431
        write:                           0
        other:                           0
        total:                           199431
    transactions:                        66477  (3692.81 per sec.)
    queries:                             199431 (11078.43 per sec.)
    ignored errors:                      0      (0.00 per sec.)
    reconnects:                          0      (0.00 per sec.)

General statistics:
    total time:                          18.0014s
    total number of events:              66477

Latency (ms):
         min:                                    0.69
         avg:                                    1.08
         max:                                   17.88
         95th percentile:                        1.39
         sum:                                71918.11

Threads fairness:
    events (avg/stddev):           16619.2500/27.85
    execution time (avg/stddev):   17.9795/0.00

