sysbench 1.0.20 (using system LuaJIT 2.1.0-beta3)

Running the test with following options:
Number of threads: 1
Report intermediate results every 1 second(s)
Initializing random number generator from current time


Initializing worker threads...

Threads started!

[ 1s ] thds: 1 tps: 831.35 qps: 831.35 (r/w/o: 831.35/0.00/0.00) lat (ms,95%): 1.23 err/s: 0.00 reconn/s: 0.00
[ 2s ] thds: 1 tps: 792.20 qps: 792.20 (r/w/o: 792.20/0.00/0.00) lat (ms,95%): 1.89 err/s: 0.00 reconn/s: 0.00
[ 3s ] thds: 1 tps: 843.03 qps: 843.03 (r/w/o: 843.03/0.00/0.00) lat (ms,95%): 1.23 err/s: 0.00 reconn/s: 0.00
[ 4s ] thds: 1 tps: 841.99 qps: 841.99 (r/w/o: 841.99/0.00/0.00) lat (ms,95%): 1.23 err/s: 0.00 reconn/s: 0.00
[ 5s ] thds: 1 tps: 841.98 qps: 841.98 (r/w/o: 841.98/0.00/0.00) lat (ms,95%): 1.23 err/s: 0.00 reconn/s: 0.00
[ 6s ] thds: 1 tps: 840.02 qps: 840.02 (r/w/o: 840.02/0.00/0.00) lat (ms,95%): 1.23 err/s: 0.00 reconn/s: 0.00
[ 7s ] thds: 1 tps: 843.01 qps: 843.01 (r/w/o: 843.01/0.00/0.00) lat (ms,95%): 1.23 err/s: 0.00 reconn/s: 0.00
[ 8s ] thds: 1 tps: 843.00 qps: 843.00 (r/w/o: 843.00/0.00/0.00) lat (ms,95%): 1.23 err/s: 0.00 reconn/s: 0.00
SQL statistics:
    queries performed:
        read:                            6678
        write:                           0
        other:                           0
        total:                           6678
    transactions:                        6678   (834.57 per sec.)
    queries:                             6678   (834.57 per sec.)
    ignored errors:                      0      (0.00 per sec.)
    reconnects:                          0      (0.00 per sec.)

General statistics:
    total time:                          8.0013s
    total number of events:              6678

Latency (ms):
         min:                                    1.14
         avg:                                    1.20
         max:                                    8.83
         95th percentile:                        1.23
         sum:                                 7992.79

Threads fairness:
    events (avg/stddev):           6678.0000/0.00
    execution time (avg/stddev):   7.9928/0.00

