sysbench 1.0.20 (using system LuaJIT 2.1.0-beta3)

Running the test with following options:
Number of threads: 1
Report intermediate results every 1 second(s)
Initializing random number generator from current time


Initializing worker threads...

Threads started!

[ 1s ] thds: 1 tps: 23.98 qps: 1042.97 (r/w/o: 0.00/992.02/50.95) lat (ms,95%): 46.63 err/s: 0.00 reconn/s: 0.00
[ 2s ] thds: 1 tps: 24.01 qps: 1027.50 (r/w/o: 0.00/979.47/48.02) lat (ms,95%): 45.79 err/s: 0.00 reconn/s: 0.00
[ 3s ] thds: 1 tps: 22.00 qps: 972.99 (r/w/o: 0.00/928.99/44.00) lat (ms,95%): 51.02 err/s: 0.00 reconn/s: 0.00
[ 4s ] thds: 1 tps: 25.00 qps: 1051.01 (r/w/o: 0.00/1001.01/50.00) lat (ms,95%): 45.79 err/s: 0.00 reconn/s: 0.00
[ 5s ] thds: 1 tps: 25.00 qps: 1066.99 (r/w/o: 0.00/1017.99/49.00) lat (ms,95%): 44.17 err/s: 0.00 reconn/s: 0.00
[ 6s ] thds: 1 tps: 24.00 qps: 1072.03 (r/w/o: 0.00/1023.03/49.00) lat (ms,95%): 48.34 err/s: 0.00 reconn/s: 0.00
[ 7s ] thds: 1 tps: 23.00 qps: 970.96 (r/w/o: 0.00/924.96/46.00) lat (ms,95%): 52.89 err/s: 0.00 reconn/s: 0.00
[ 8s ] thds: 1 tps: 24.00 qps: 1026.01 (r/w/o: 0.00/978.01/48.00) lat (ms,95%): 48.34 err/s: 0.00 reconn/s: 0.00
SQL statistics:
    queries performed:
        read:                            0
        write:                           7871
        other:                           385
        total:                           8256
    transactions:                        192    (23.93 per sec.)
    queries:                             8256   (1028.96 per sec.)
    ignored errors:                      0      (0.00 per sec.)
    reconnects:                          0      (0.00 per sec.)

General statistics:
    total time:                          8.0232s
    total number of events:              192

Latency (ms):
         min:                                   32.94
         avg:                                   41.78
         max:                                   56.27
         95th percentile:                       48.34
         sum:                                 8022.06

Threads fairness:
    events (avg/stddev):           192.0000/0.00
    execution time (avg/stddev):   8.0221/0.00

