sysbench 1.0.20 (using system LuaJIT 2.1.0-beta3)

Running the test with following options:
Number of threads: 1
Report intermediate results every 1 second(s)
Initializing random number generator from current time


Initializing worker threads...

Threads started!

[ 1s ] thds: 1 tps: 1466.93 qps: 4400.80 (r/w/o: 4400.80/0.00/0.00) lat (ms,95%): 0.75 err/s: 0.00 reconn/s: 0.00
[ 2s ] thds: 1 tps: 1492.34 qps: 4479.02 (r/w/o: 4479.02/0.00/0.00) lat (ms,95%): 0.74 err/s: 0.00 reconn/s: 0.00
[ 3s ] thds: 1 tps: 1499.08 qps: 4495.24 (r/w/o: 4495.24/0.00/0.00) lat (ms,95%): 0.74 err/s: 0.00 reconn/s: 0.00
[ 4s ] thds: 1 tps: 1508.96 qps: 4527.88 (r/w/o: 4527.88/0.00/0.00) lat (ms,95%): 0.74 err/s: 0.00 reconn/s: 0.00
[ 5s ] thds: 1 tps: 1499.92 qps: 4499.77 (r/w/o: 4499.77/0.00/0.00) lat (ms,95%): 0.74 err/s: 0.00 reconn/s: 0.00
[ 6s ] thds: 1 tps: 1480.00 qps: 4438.99 (r/w/o: 4438.99/0.00/0.00) lat (ms,95%): 0.75 err/s: 0.00 reconn/s: 0.00
[ 7s ] thds: 1 tps: 1507.14 qps: 4522.42 (r/w/o: 4522.42/0.00/0.00) lat (ms,95%): 0.74 err/s: 0.00 reconn/s: 0.00
SQL statistics:
    queries performed:
        read:                            35919
        write:                           0
        other:                           0
        total:                           35919
    transactions:                        11973  (1496.43 per sec.)
    queries:                             35919  (4489.30 per sec.)
    ignored errors:                      0      (0.00 per sec.)
    reconnects:                          0      (0.00 per sec.)

General statistics:
    total time:                          8.0007s
    total number of events:              11973

Latency (ms):
         min:                                    0.60
         avg:                                    0.67
         max:                                    8.22
         95th percentile:                        0.74
         sum:                                 7987.77

Threads fairness:
    events (avg/stddev):           11973.0000/0.00
    execution time (avg/stddev):   7.9878/0.00

