sysbench 1.0.20 (using system LuaJIT 2.1.0-beta3)

Running the test with following options:
Number of threads: 1
Report intermediate results every 1 second(s)
Initializing random number generator from current time


Initializing worker threads...

Threads started!

[ 1s ] thds: 1 tps: 2705.08 qps: 2705.08 (r/w/o: 2705.08/0.00/0.00) lat (ms,95%): 0.39 err/s: 0.00 reconn/s: 0.00
[ 2s ] thds: 1 tps: 2677.69 qps: 2677.69 (r/w/o: 2677.69/0.00/0.00) lat (ms,95%): 0.41 err/s: 0.00 reconn/s: 0.00
[ 3s ] thds: 1 tps: 2733.00 qps: 2733.00 (r/w/o: 2733.00/0.00/0.00) lat (ms,95%): 0.39 err/s: 0.00 reconn/s: 0.00
[ 4s ] thds: 1 tps: 2718.98 qps: 2718.98 (r/w/o: 2718.98/0.00/0.00) lat (ms,95%): 0.40 err/s: 0.00 reconn/s: 0.00
[ 5s ] thds: 1 tps: 2687.76 qps: 2687.76 (r/w/o: 2687.76/0.00/0.00) lat (ms,95%): 0.40 err/s: 0.00 reconn/s: 0.00
[ 6s ] thds: 1 tps: 2690.26 qps: 2690.26 (r/w/o: 2690.26/0.00/0.00) lat (ms,95%): 0.41 err/s: 0.00 reconn/s: 0.00
[ 7s ] thds: 1 tps: 2738.97 qps: 2738.97 (r/w/o: 2738.97/0.00/0.00) lat (ms,95%): 0.39 err/s: 0.00 reconn/s: 0.00
[ 8s ] thds: 1 tps: 2682.97 qps: 2682.97 (r/w/o: 2682.97/0.00/0.00) lat (ms,95%): 0.40 err/s: 0.00 reconn/s: 0.00
SQL statistics:
    queries performed:
        read:                            21637
        write:                           0
        other:                           0
        total:                           21637
    transactions:                        21637  (2704.21 per sec.)
    queries:                             21637  (2704.21 per sec.)
    ignored errors:                      0      (0.00 per sec.)
    reconnects:                          0      (0.00 per sec.)

General statistics:
    total time:                          8.0009s
    total number of events:              21637

Latency (ms):
         min:                                    0.33
         avg:                                    0.37
         max:                                    7.95
         95th percentile:                        0.40
         sum:                                 7981.36

Threads fairness:
    events (avg/stddev):           21637.0000/0.00
    execution time (avg/stddev):   7.9814/0.00

