sysbench 1.0.20 (using system LuaJIT 2.1.0-beta3)

Running the test with following options:
Number of threads: 1
Report intermediate results every 1 second(s)
Initializing random number generator from current time


Initializing worker threads...

Threads started!

[ 1s ] thds: 1 tps: 801.44 qps: 801.44 (r/w/o: 801.44/0.00/0.00) lat (ms,95%): 1.64 err/s: 0.00 reconn/s: 0.00
[ 2s ] thds: 1 tps: 750.09 qps: 750.09 (r/w/o: 750.09/0.00/0.00) lat (ms,95%): 1.64 err/s: 0.00 reconn/s: 0.00
[ 3s ] thds: 1 tps: 788.06 qps: 788.06 (r/w/o: 788.06/0.00/0.00) lat (ms,95%): 1.64 err/s: 0.00 reconn/s: 0.00
[ 4s ] thds: 1 tps: 842.02 qps: 842.02 (r/w/o: 842.02/0.00/0.00) lat (ms,95%): 1.25 err/s: 0.00 reconn/s: 0.00
[ 5s ] thds: 1 tps: 830.01 qps: 830.01 (r/w/o: 830.01/0.00/0.00) lat (ms,95%): 1.25 err/s: 0.00 reconn/s: 0.00
[ 6s ] thds: 1 tps: 841.91 qps: 841.91 (r/w/o: 841.91/0.00/0.00) lat (ms,95%): 1.25 err/s: 0.00 reconn/s: 0.00
[ 7s ] thds: 1 tps: 834.10 qps: 834.10 (r/w/o: 834.10/0.00/0.00) lat (ms,95%): 1.25 err/s: 0.00 reconn/s: 0.00
[ 8s ] thds: 1 tps: 843.90 qps: 843.90 (r/w/o: 843.90/0.00/0.00) lat (ms,95%): 1.25 err/s: 0.00 reconn/s: 0.00
SQL statistics:
    queries performed:
        read:                            6533
        write:                           0
        other:                           0
        total:                           6533
    transactions:                        6533   (816.42 per sec.)
    queries:                             6533   (816.42 per sec.)
    ignored errors:                      0      (0.00 per sec.)
    reconnects:                          0      (0.00 per sec.)

General statistics:
    total time:                          8.0017s
    total number of events:              6533

Latency (ms):
         min:                                    1.04
         avg:                                    1.22
         max:                                    9.46
         95th percentile:                        1.61
         sum:                                 7993.90

Threads fairness:
    events (avg/stddev):           6533.0000/0.00
    execution time (avg/stddev):   7.9939/0.00

