sysbench 1.0.20 (using system LuaJIT 2.1.0-beta3)

Running the test with following options:
Number of threads: 1
Report intermediate results every 1 second(s)
Initializing random number generator from current time


Initializing worker threads...

Threads started!

[ 1s ] thds: 1 tps: 374.68 qps: 374.68 (r/w/o: 374.68/0.00/0.00) lat (ms,95%): 2.76 err/s: 0.00 reconn/s: 0.00
[ 2s ] thds: 1 tps: 375.13 qps: 375.13 (r/w/o: 375.13/0.00/0.00) lat (ms,95%): 2.81 err/s: 0.00 reconn/s: 0.00
[ 3s ] thds: 1 tps: 374.97 qps: 374.97 (r/w/o: 374.97/0.00/0.00) lat (ms,95%): 2.91 err/s: 0.00 reconn/s: 0.00
[ 4s ] thds: 1 tps: 381.03 qps: 381.03 (r/w/o: 381.03/0.00/0.00) lat (ms,95%): 2.81 err/s: 0.00 reconn/s: 0.00
[ 5s ] thds: 1 tps: 379.99 qps: 379.99 (r/w/o: 379.99/0.00/0.00) lat (ms,95%): 2.76 err/s: 0.00 reconn/s: 0.00
[ 6s ] thds: 1 tps: 378.00 qps: 378.00 (r/w/o: 378.00/0.00/0.00) lat (ms,95%): 3.13 err/s: 0.00 reconn/s: 0.00
[ 7s ] thds: 1 tps: 379.99 qps: 379.99 (r/w/o: 379.99/0.00/0.00) lat (ms,95%): 2.76 err/s: 0.00 reconn/s: 0.00
[ 8s ] thds: 1 tps: 377.01 qps: 377.01 (r/w/o: 377.01/0.00/0.00) lat (ms,95%): 2.81 err/s: 0.00 reconn/s: 0.00
SQL statistics:
    queries performed:
        read:                            3022
        write:                           0
        other:                           0
        total:                           3022
    transactions:                        3022   (377.67 per sec.)
    queries:                             3022   (377.67 per sec.)
    ignored errors:                      0      (0.00 per sec.)
    reconnects:                          0      (0.00 per sec.)

General statistics:
    total time:                          8.0013s
    total number of events:              3022

Latency (ms):
         min:                                    2.32
         avg:                                    2.65
         max:                                   10.11
         95th percentile:                        2.81
         sum:                                 7996.55

Threads fairness:
    events (avg/stddev):           3022.0000/0.00
    execution time (avg/stddev):   7.9966/0.00

