sysbench 1.0.20 (using system LuaJIT 2.1.0-beta3)

Running the test with following options:
Number of threads: 1
Report intermediate results every 1 second(s)
Initializing random number generator from current time


Initializing worker threads...

Threads started!

[ 1s ] thds: 1 tps: 4116.57 qps: 4116.57 (r/w/o: 4116.57/0.00/0.00) lat (ms,95%): 0.26 err/s: 0.00 reconn/s: 0.00
[ 2s ] thds: 1 tps: 4134.58 qps: 4134.58 (r/w/o: 4134.58/0.00/0.00) lat (ms,95%): 0.27 err/s: 0.00 reconn/s: 0.00
[ 3s ] thds: 1 tps: 4124.91 qps: 4124.91 (r/w/o: 4124.91/0.00/0.00) lat (ms,95%): 0.27 err/s: 0.00 reconn/s: 0.00
[ 4s ] thds: 1 tps: 4105.81 qps: 4105.81 (r/w/o: 4105.81/0.00/0.00) lat (ms,95%): 0.27 err/s: 0.00 reconn/s: 0.00
[ 5s ] thds: 1 tps: 4185.99 qps: 4185.99 (r/w/o: 4185.99/0.00/0.00) lat (ms,95%): 0.26 err/s: 0.00 reconn/s: 0.00
[ 6s ] thds: 1 tps: 4093.91 qps: 4093.91 (r/w/o: 4093.91/0.00/0.00) lat (ms,95%): 0.27 err/s: 0.00 reconn/s: 0.00
[ 7s ] thds: 1 tps: 4167.12 qps: 4167.12 (r/w/o: 4167.12/0.00/0.00) lat (ms,95%): 0.26 err/s: 0.00 reconn/s: 0.00
SQL statistics:
    queries performed:
        read:                            33121
        write:                           0
        other:                           0
        total:                           33121
    transactions:                        33121  (4139.59 per sec.)
    queries:                             33121  (4139.59 per sec.)
    ignored errors:                      0      (0.00 per sec.)
    reconnects:                          0      (0.00 per sec.)

General statistics:
    total time:                          8.0007s
    total number of events:              33121

Latency (ms):
         min:                                    0.21
         avg:                                    0.24
         max:                                    7.98
         95th percentile:                        0.27
         sum:                                 7968.58

Threads fairness:
    events (avg/stddev):           33121.0000/0.00
    execution time (avg/stddev):   7.9686/0.00

