sysbench 1.0.20 (using system LuaJIT 2.1.0-beta3)

Running the test with following options:
Number of threads: 1
Report intermediate results every 1 second(s)
Initializing random number generator from current time


Initializing worker threads...

Threads started!

[ 1s ] thds: 1 tps: 2901.98 qps: 2901.98 (r/w/o: 2901.98/0.00/0.00) lat (ms,95%): 0.37 err/s: 0.00 reconn/s: 0.00
[ 2s ] thds: 1 tps: 2991.41 qps: 2991.41 (r/w/o: 2991.41/0.00/0.00) lat (ms,95%): 0.36 err/s: 0.00 reconn/s: 0.00
[ 3s ] thds: 1 tps: 3017.29 qps: 3017.29 (r/w/o: 3017.29/0.00/0.00) lat (ms,95%): 0.35 err/s: 0.00 reconn/s: 0.00
[ 4s ] thds: 1 tps: 2998.98 qps: 2998.98 (r/w/o: 2998.98/0.00/0.00) lat (ms,95%): 0.36 err/s: 0.00 reconn/s: 0.00
[ 5s ] thds: 1 tps: 2973.85 qps: 2973.85 (r/w/o: 2973.85/0.00/0.00) lat (ms,95%): 0.37 err/s: 0.00 reconn/s: 0.00
[ 6s ] thds: 1 tps: 2956.10 qps: 2956.10 (r/w/o: 2956.10/0.00/0.00) lat (ms,95%): 0.37 err/s: 0.00 reconn/s: 0.00
[ 7s ] thds: 1 tps: 3031.09 qps: 3031.09 (r/w/o: 3031.09/0.00/0.00) lat (ms,95%): 0.35 err/s: 0.00 reconn/s: 0.00
SQL statistics:
    queries performed:
        read:                            23911
        write:                           0
        other:                           0
        total:                           23911
    transactions:                        23911  (2988.48 per sec.)
    queries:                             23911  (2988.48 per sec.)
    ignored errors:                      0      (0.00 per sec.)
    reconnects:                          0      (0.00 per sec.)

General statistics:
    total time:                          8.0007s
    total number of events:              23911

Latency (ms):
         min:                                    0.30
         avg:                                    0.33
         max:                                    8.22
         95th percentile:                        0.36
         sum:                                 7977.39

Threads fairness:
    events (avg/stddev):           23911.0000/0.00
    execution time (avg/stddev):   7.9774/0.00

