sysbench 1.0.20 (using system LuaJIT 2.1.0-beta3)

Running the test with following options:
Number of threads: 4
Report intermediate results every 2 second(s)
Initializing random number generator from current time


Initializing worker threads...

Threads started!

[ 2s ] thds: 4 tps: 2816.15 qps: 2816.15 (r/w/o: 2816.15/0.00/0.00) lat (ms,95%): 1.86 err/s: 0.00 reconn/s: 0.00
[ 4s ] thds: 4 tps: 2877.96 qps: 2877.96 (r/w/o: 2877.96/0.00/0.00) lat (ms,95%): 1.82 err/s: 0.00 reconn/s: 0.00
[ 6s ] thds: 4 tps: 2886.01 qps: 2886.01 (r/w/o: 2886.01/0.00/0.00) lat (ms,95%): 1.79 err/s: 0.00 reconn/s: 0.00
[ 8s ] thds: 4 tps: 2876.92 qps: 2876.92 (r/w/o: 2876.92/0.00/0.00) lat (ms,95%): 1.82 err/s: 0.00 reconn/s: 0.00
[ 10s ] thds: 4 tps: 2884.10 qps: 2884.10 (r/w/o: 2884.10/0.00/0.00) lat (ms,95%): 1.82 err/s: 0.00 reconn/s: 0.00
[ 12s ] thds: 4 tps: 2868.94 qps: 2868.94 (r/w/o: 2868.94/0.00/0.00) lat (ms,95%): 1.82 err/s: 0.00 reconn/s: 0.00
[ 14s ] thds: 4 tps: 2885.04 qps: 2885.04 (r/w/o: 2885.04/0.00/0.00) lat (ms,95%): 1.79 err/s: 0.00 reconn/s: 0.00
[ 16s ] thds: 4 tps: 2888.31 qps: 2888.31 (r/w/o: 2888.31/0.00/0.00) lat (ms,95%): 1.82 err/s: 0.00 reconn/s: 0.00
[ 18s ] thds: 4 tps: 2861.75 qps: 2861.75 (r/w/o: 2861.75/0.00/0.00) lat (ms,95%): 1.82 err/s: 0.00 reconn/s: 0.00
SQL statistics:
    queries performed:
        read:                            51696
        write:                           0
        other:                           0
        total:                           51696
    transactions:                        51696  (2871.59 per sec.)
    queries:                             51696  (2871.59 per sec.)
    ignored errors:                      0      (0.00 per sec.)
    reconnects:                          0      (0.00 per sec.)

General statistics:
    total time:                          18.0022s
    total number of events:              51696

Latency (ms):
         min:                                    0.69
         avg:                                    1.39
         max:                                   20.60
         95th percentile:                        1.82
         sum:                                71931.85

Threads fairness:
    events (avg/stddev):           12924.0000/80.72
    execution time (avg/stddev):   17.9830/0.00

