sysbench 1.0.20 (using system LuaJIT 2.1.0-beta3)

Running the test with following options:
Number of threads: 1
Report intermediate results every 1 second(s)
Initializing random number generator from current time


Initializing worker threads...

Threads started!

[ 1s ] thds: 1 tps: 0.00 qps: 1595.44 (r/w/o: 0.00/1592.44/3.00) lat (ms,95%): 0.00 err/s: 0.00 reconn/s: 0.00
[ 2s ] thds: 1 tps: 0.00 qps: 1344.62 (r/w/o: 0.00/1344.62/0.00) lat (ms,95%): 0.00 err/s: 0.00 reconn/s: 0.00
[ 3s ] thds: 1 tps: 1.00 qps: 1240.97 (r/w/o: 0.00/1238.97/2.00) lat (ms,95%): 2045.74 err/s: 0.00 reconn/s: 0.00
[ 4s ] thds: 1 tps: 0.00 qps: 1262.06 (r/w/o: 0.00/1262.06/0.00) lat (ms,95%): 0.00 err/s: 0.00 reconn/s: 0.00
[ 5s ] thds: 1 tps: 1.00 qps: 1215.00 (r/w/o: 0.00/1213.00/2.00) lat (ms,95%): 2405.65 err/s: 0.00 reconn/s: 0.00
[ 6s ] thds: 1 tps: 0.00 qps: 1193.03 (r/w/o: 0.00/1193.03/0.00) lat (ms,95%): 0.00 err/s: 0.00 reconn/s: 0.00
[ 7s ] thds: 1 tps: 1.00 qps: 1244.96 (r/w/o: 0.00/1242.96/2.00) lat (ms,95%): 2449.36 err/s: 0.00 reconn/s: 0.00
[ 8s ] thds: 1 tps: 0.00 qps: 1137.98 (r/w/o: 0.00/1137.98/0.00) lat (ms,95%): 0.00 err/s: 0.00 reconn/s: 0.00
[ 9s ] thds: 1 tps: 0.00 qps: 1644.98 (r/w/o: 0.00/1644.98/0.00) lat (ms,95%): 0.00 err/s: 0.00 reconn/s: 0.00
SQL statistics:
    queries performed:
        read:                            0
        write:                           12003
        other:                           9
        total:                           12012
    transactions:                        4      (0.44 per sec.)
    queries:                             12012  (1324.00 per sec.)
    ignored errors:                      0      (0.00 per sec.)
    reconnects:                          0      (0.00 per sec.)

General statistics:
    total time:                          9.0721s
    total number of events:              4

Latency (ms):
         min:                                 2057.81
         avg:                                 2267.88
         max:                                 2469.93
         95th percentile:                     2449.36
         sum:                                 9071.52

Threads fairness:
    events (avg/stddev):           4.0000/0.00
    execution time (avg/stddev):   9.0715/0.00

