sysbench 1.0.20 (using system LuaJIT 2.1.0-beta3)

Running the test with following options:
Number of threads: 1
Report intermediate results every 1 second(s)
Initializing random number generator from current time


Initializing worker threads...

Threads started!

[ 1s ] thds: 1 tps: 1316.06 qps: 1316.06 (r/w/o: 1316.06/0.00/0.00) lat (ms,95%): 0.84 err/s: 0.00 reconn/s: 0.00
[ 2s ] thds: 1 tps: 1253.15 qps: 1253.15 (r/w/o: 1253.15/0.00/0.00) lat (ms,95%): 0.92 err/s: 0.00 reconn/s: 0.00
[ 3s ] thds: 1 tps: 1333.20 qps: 1333.20 (r/w/o: 1333.20/0.00/0.00) lat (ms,95%): 0.83 err/s: 0.00 reconn/s: 0.00
[ 4s ] thds: 1 tps: 1340.81 qps: 1340.81 (r/w/o: 1340.81/0.00/0.00) lat (ms,95%): 0.81 err/s: 0.00 reconn/s: 0.00
[ 5s ] thds: 1 tps: 1345.92 qps: 1345.92 (r/w/o: 1345.92/0.00/0.00) lat (ms,95%): 0.81 err/s: 0.00 reconn/s: 0.00
[ 6s ] thds: 1 tps: 1302.07 qps: 1302.07 (r/w/o: 1302.07/0.00/0.00) lat (ms,95%): 0.84 err/s: 0.00 reconn/s: 0.00
[ 7s ] thds: 1 tps: 1317.19 qps: 1317.19 (r/w/o: 1317.19/0.00/0.00) lat (ms,95%): 0.83 err/s: 0.00 reconn/s: 0.00
SQL statistics:
    queries performed:
        read:                            10561
        write:                           0
        other:                           0
        total:                           10561
    transactions:                        10561  (1319.95 per sec.)
    queries:                             10561  (1319.95 per sec.)
    ignored errors:                      0      (0.00 per sec.)
    reconnects:                          0      (0.00 per sec.)

General statistics:
    total time:                          8.0007s
    total number of events:              10561

Latency (ms):
         min:                                    0.66
         avg:                                    0.76
         max:                                    9.02
         95th percentile:                        0.86
         sum:                                 7988.76

Threads fairness:
    events (avg/stddev):           10561.0000/0.00
    execution time (avg/stddev):   7.9888/0.00

