sysbench 1.0.20 (using system LuaJIT 2.1.0-beta3)

Running the test with following options:
Number of threads: 4
Report intermediate results every 2 second(s)
Initializing random number generator from current time


Initializing worker threads...

Threads started!

[ 2s ] thds: 4 tps: 159.94 qps: 2434.52 (r/w/o: 0.00/857.65/1576.86) lat (ms,95%): 42.61 err/s: 120.95 reconn/s: 0.00
[ 4s ] thds: 4 tps: 162.03 qps: 2541.40 (r/w/o: 0.00/964.65/1576.75) lat (ms,95%): 49.21 err/s: 125.02 reconn/s: 0.00
[ 6s ] thds: 4 tps: 181.00 qps: 2739.07 (r/w/o: 0.00/934.53/1804.55) lat (ms,95%): 42.61 err/s: 133.00 reconn/s: 0.00
[ 8s ] thds: 4 tps: 159.49 qps: 2445.35 (r/w/o: 0.00/901.45/1543.91) lat (ms,95%): 45.79 err/s: 120.49 reconn/s: 0.00
[ 10s ] thds: 4 tps: 152.51 qps: 2335.14 (r/w/o: 0.00/834.05/1501.09) lat (ms,95%): 51.02 err/s: 117.01 reconn/s: 0.00
[ 12s ] thds: 4 tps: 157.98 qps: 2383.13 (r/w/o: 0.00/835.37/1547.76) lat (ms,95%): 45.79 err/s: 115.48 reconn/s: 0.00
[ 14s ] thds: 4 tps: 155.02 qps: 2431.28 (r/w/o: 0.00/880.10/1551.18) lat (ms,95%): 50.11 err/s: 127.01 reconn/s: 0.00
[ 16s ] thds: 4 tps: 159.00 qps: 2519.94 (r/w/o: 0.00/929.98/1589.96) lat (ms,95%): 46.63 err/s: 133.00 reconn/s: 0.00
[ 18s ] thds: 4 tps: 168.51 qps: 2527.65 (r/w/o: 0.00/854.55/1673.10) lat (ms,95%): 45.79 err/s: 121.51 reconn/s: 0.00
SQL statistics:
    queries performed:
        read:                            0
        write:                           15986
        other:                           28734
        total:                           44720
    transactions:                        2915   (161.92 per sec.)
    queries:                             44720  (2484.09 per sec.)
    ignored errors:                      2227   (123.70 per sec.)
    reconnects:                          0      (0.00 per sec.)

General statistics:
    total time:                          18.0022s
    total number of events:              2915

Latency (ms):
         min:                                    7.85
         avg:                                   24.70
         max:                                  100.49
         95th percentile:                       46.63
         sum:                                71995.84

Threads fairness:
    events (avg/stddev):           728.7500/5.07
    execution time (avg/stddev):   17.9990/0.00

