sysbench 1.0.20 (using system LuaJIT 2.1.0-beta3)

Running the test with following options:
Number of threads: 1
Report intermediate results every 1 second(s)
Initializing random number generator from current time


Initializing worker threads...

Threads started!

[ 1s ] thds: 1 tps: 0.00 qps: 684.38 (r/w/o: 0.00/680.38/4.00) lat (ms,95%): 0.00 err/s: 0.00 reconn/s: 0.00
[ 2s ] thds: 1 tps: 0.00 qps: 723.33 (r/w/o: 0.00/723.33/0.00) lat (ms,95%): 0.00 err/s: 0.00 reconn/s: 0.00
[ 3s ] thds: 1 tps: 0.00 qps: 687.00 (r/w/o: 0.00/687.00/0.00) lat (ms,95%): 0.00 err/s: 0.00 reconn/s: 0.00
[ 4s ] thds: 1 tps: 0.00 qps: 697.01 (r/w/o: 0.00/697.01/0.00) lat (ms,95%): 0.00 err/s: 0.00 reconn/s: 0.00
[ 5s ] thds: 1 tps: 1.00 qps: 692.97 (r/w/o: 0.00/690.97/2.00) lat (ms,95%): 3982.86 err/s: 0.00 reconn/s: 0.00
[ 6s ] thds: 1 tps: 0.00 qps: 697.00 (r/w/o: 0.00/697.00/0.00) lat (ms,95%): 0.00 err/s: 0.00 reconn/s: 0.00
[ 7s ] thds: 1 tps: 0.00 qps: 777.98 (r/w/o: 0.00/777.98/0.00) lat (ms,95%): 0.00 err/s: 0.00 reconn/s: 0.00
[ 8s ] thds: 1 tps: 1.00 qps: 660.98 (r/w/o: 0.00/658.98/2.00) lat (ms,95%): 3911.79 err/s: 0.00 reconn/s: 0.00
[ 9s ] thds: 1 tps: 0.00 qps: 684.01 (r/w/o: 0.00/684.01/0.00) lat (ms,95%): 0.00 err/s: 0.00 reconn/s: 0.00
[ 10s ] thds: 1 tps: 0.00 qps: 738.04 (r/w/o: 0.00/738.04/0.00) lat (ms,95%): 0.00 err/s: 0.00 reconn/s: 0.00
[ 11s ] thds: 1 tps: 0.00 qps: 747.03 (r/w/o: 0.00/747.03/0.00) lat (ms,95%): 0.00 err/s: 0.00 reconn/s: 0.00
SQL statistics:
    queries performed:
        read:                            0
        write:                           8404
        other:                           8
        total:                           8412
    transactions:                        3      (0.25 per sec.)
    queries:                             8412   (709.31 per sec.)
    ignored errors:                      0      (0.00 per sec.)
    reconnects:                          0      (0.00 per sec.)

General statistics:
    total time:                          11.8590s
    total number of events:              3

Latency (ms):
         min:                                 3917.51
         avg:                                 3952.78
         max:                                 4018.65
         95th percentile:                     3982.86
         sum:                                11858.35

Threads fairness:
    events (avg/stddev):           3.0000/0.00
    execution time (avg/stddev):   11.8584/0.00

