sysbench 1.0.20 (using system LuaJIT 2.1.0-beta3)

Running the test with following options:
Number of threads: 1
Report intermediate results every 1 second(s)
Initializing random number generator from current time


Initializing worker threads...

Threads started!

[ 1s ] thds: 1 tps: 383.65 qps: 383.65 (r/w/o: 383.65/0.00/0.00) lat (ms,95%): 2.66 err/s: 0.00 reconn/s: 0.00
[ 2s ] thds: 1 tps: 390.13 qps: 390.13 (r/w/o: 390.13/0.00/0.00) lat (ms,95%): 2.61 err/s: 0.00 reconn/s: 0.00
[ 3s ] thds: 1 tps: 385.00 qps: 385.00 (r/w/o: 385.00/0.00/0.00) lat (ms,95%): 2.71 err/s: 0.00 reconn/s: 0.00
[ 4s ] thds: 1 tps: 389.00 qps: 389.00 (r/w/o: 389.00/0.00/0.00) lat (ms,95%): 2.61 err/s: 0.00 reconn/s: 0.00
[ 5s ] thds: 1 tps: 380.00 qps: 380.00 (r/w/o: 380.00/0.00/0.00) lat (ms,95%): 2.71 err/s: 0.00 reconn/s: 0.00
[ 6s ] thds: 1 tps: 390.00 qps: 390.00 (r/w/o: 390.00/0.00/0.00) lat (ms,95%): 2.61 err/s: 0.00 reconn/s: 0.00
[ 7s ] thds: 1 tps: 387.99 qps: 387.99 (r/w/o: 387.99/0.00/0.00) lat (ms,95%): 2.61 err/s: 0.00 reconn/s: 0.00
[ 8s ] thds: 1 tps: 391.00 qps: 391.00 (r/w/o: 391.00/0.00/0.00) lat (ms,95%): 2.61 err/s: 0.00 reconn/s: 0.00
SQL statistics:
    queries performed:
        read:                            3098
        write:                           0
        other:                           0
        total:                           3098
    transactions:                        3098   (387.17 per sec.)
    queries:                             3098   (387.17 per sec.)
    ignored errors:                      0      (0.00 per sec.)
    reconnects:                          0      (0.00 per sec.)

General statistics:
    total time:                          8.0014s
    total number of events:              3098

Latency (ms):
         min:                                    2.48
         avg:                                    2.58
         max:                                   10.57
         95th percentile:                        2.61
         sum:                                 7996.93

Threads fairness:
    events (avg/stddev):           3098.0000/0.00
    execution time (avg/stddev):   7.9969/0.00

