sysbench 1.0.20 (using system LuaJIT 2.1.0-beta3)

Running the test with following options:
Number of threads: 1
Report intermediate results every 1 second(s)
Initializing random number generator from current time


Initializing worker threads...

Threads started!

[ 1s ] thds: 1 tps: 5707.86 qps: 5707.86 (r/w/o: 5707.86/0.00/0.00) lat (ms,95%): 0.21 err/s: 0.00 reconn/s: 0.00
[ 2s ] thds: 1 tps: 5532.73 qps: 5532.73 (r/w/o: 5532.73/0.00/0.00) lat (ms,95%): 0.22 err/s: 0.00 reconn/s: 0.00
[ 3s ] thds: 1 tps: 5677.76 qps: 5677.76 (r/w/o: 5677.76/0.00/0.00) lat (ms,95%): 0.22 err/s: 0.00 reconn/s: 0.00
[ 4s ] thds: 1 tps: 5561.83 qps: 5561.83 (r/w/o: 5561.83/0.00/0.00) lat (ms,95%): 0.22 err/s: 0.00 reconn/s: 0.00
[ 5s ] thds: 1 tps: 5675.02 qps: 5675.02 (r/w/o: 5675.02/0.00/0.00) lat (ms,95%): 0.22 err/s: 0.00 reconn/s: 0.00
[ 6s ] thds: 1 tps: 5724.09 qps: 5724.09 (r/w/o: 5724.09/0.00/0.00) lat (ms,95%): 0.21 err/s: 0.00 reconn/s: 0.00
[ 7s ] thds: 1 tps: 5622.86 qps: 5622.86 (r/w/o: 5622.86/0.00/0.00) lat (ms,95%): 0.22 err/s: 0.00 reconn/s: 0.00
SQL statistics:
    queries performed:
        read:                            45115
        write:                           0
        other:                           0
        total:                           45115
    transactions:                        45115  (5638.65 per sec.)
    queries:                             45115  (5638.65 per sec.)
    ignored errors:                      0      (0.00 per sec.)
    reconnects:                          0      (0.00 per sec.)

General statistics:
    total time:                          8.0007s
    total number of events:              45115

Latency (ms):
         min:                                    0.14
         avg:                                    0.18
         max:                                    7.94
         95th percentile:                        0.22
         sum:                                 7959.58

Threads fairness:
    events (avg/stddev):           45115.0000/0.00
    execution time (avg/stddev):   7.9596/0.00

