sysbench 1.0.20 (using system LuaJIT 2.1.0-beta3)

Running the test with following options:
Number of threads: 4
Report intermediate results every 2 second(s)
Initializing random number generator from current time


Initializing worker threads...

Threads started!

[ 2s ] thds: 4 tps: 0.00 qps: 3087.91 (r/w/o: 0.00/770.10/2317.81) lat (ms,95%): 0.00 err/s: 0.00 reconn/s: 0.00
[ 4s ] thds: 4 tps: 0.00 qps: 3179.32 (r/w/o: 0.00/794.70/2384.61) lat (ms,95%): 0.00 err/s: 0.00 reconn/s: 0.00
[ 6s ] thds: 4 tps: 0.00 qps: 3114.02 (r/w/o: 0.00/778.51/2335.52) lat (ms,95%): 0.00 err/s: 0.00 reconn/s: 0.00
[ 8s ] thds: 4 tps: 0.00 qps: 2623.98 (r/w/o: 0.00/656.00/1967.99) lat (ms,95%): 0.00 err/s: 0.00 reconn/s: 0.00
[ 10s ] thds: 4 tps: 0.00 qps: 2666.04 (r/w/o: 0.00/666.51/1999.53) lat (ms,95%): 0.00 err/s: 0.00 reconn/s: 0.00
[ 12s ] thds: 4 tps: 0.00 qps: 2597.98 (r/w/o: 0.00/649.50/1948.49) lat (ms,95%): 0.00 err/s: 0.00 reconn/s: 0.00
[ 14s ] thds: 4 tps: 0.00 qps: 2488.07 (r/w/o: 0.00/622.02/1866.05) lat (ms,95%): 0.00 err/s: 0.00 reconn/s: 0.00
[ 16s ] thds: 4 tps: 0.00 qps: 2577.99 (r/w/o: 0.00/644.50/1933.49) lat (ms,95%): 0.00 err/s: 0.00 reconn/s: 0.00
[ 18s ] thds: 4 tps: 0.00 qps: 2407.97 (r/w/o: 0.00/601.99/1805.97) lat (ms,95%): 0.00 err/s: 0.00 reconn/s: 0.00
[ 20s ] thds: 4 tps: 0.00 qps: 2399.98 (r/w/o: 0.00/599.99/1799.98) lat (ms,95%): 0.00 err/s: 0.00 reconn/s: 0.00
[ 22s ] thds: 4 tps: 0.00 qps: 2131.99 (r/w/o: 0.00/533.00/1598.99) lat (ms,95%): 0.00 err/s: 0.00 reconn/s: 0.00
[ 24s ] thds: 4 tps: 0.00 qps: 2034.05 (r/w/o: 0.00/508.51/1525.54) lat (ms,95%): 0.00 err/s: 0.00 reconn/s: 0.00
[ 26s ] thds: 4 tps: 0.00 qps: 2205.99 (r/w/o: 0.00/551.50/1654.49) lat (ms,95%): 0.00 err/s: 0.00 reconn/s: 0.00
[ 28s ] thds: 4 tps: 0.00 qps: 2336.00 (r/w/o: 0.00/584.00/1752.00) lat (ms,95%): 0.00 err/s: 0.00 reconn/s: 0.00
[ 30s ] thds: 4 tps: 0.00 qps: 2541.92 (r/w/o: 0.00/635.48/1906.44) lat (ms,95%): 0.00 err/s: 0.00 reconn/s: 0.00
[ 32s ] thds: 4 tps: 0.00 qps: 2598.09 (r/w/o: 0.00/649.52/1948.57) lat (ms,95%): 0.00 err/s: 0.00 reconn/s: 0.00
SQL statistics:
    queries performed:
        read:                            0
        write:                           22000
        other:                           66016
        total:                           88016
    transactions:                        4      (0.12 per sec.)
    queries:                             88016  (2595.16 per sec.)
    ignored errors:                      0      (0.00 per sec.)
    reconnects:                          0      (0.00 per sec.)

General statistics:
    total time:                          33.9151s
    total number of events:              4

Latency (ms):
         min:                                33914.16
         avg:                                33914.18
         max:                                33914.20
         95th percentile:                    33946.25
         sum:                               135656.71

Threads fairness:
    events (avg/stddev):           1.0000/0.00
    execution time (avg/stddev):   33.9142/0.00

