sysbench 1.0.20 (using system LuaJIT 2.1.0-beta3)

Running the test with following options:
Number of threads: 4
Report intermediate results every 2 second(s)
Initializing random number generator from current time


Initializing worker threads...

Threads started!

[ 2s ] thds: 4 tps: 0.00 qps: 3284.34 (r/w/o: 0.00/821.58/2462.75) lat (ms,95%): 0.00 err/s: 0.00 reconn/s: 0.00
[ 4s ] thds: 4 tps: 0.00 qps: 3266.78 (r/w/o: 0.00/816.70/2450.09) lat (ms,95%): 0.00 err/s: 0.00 reconn/s: 0.00
[ 6s ] thds: 4 tps: 0.00 qps: 3156.01 (r/w/o: 0.00/789.00/2367.01) lat (ms,95%): 0.00 err/s: 0.00 reconn/s: 0.00
[ 8s ] thds: 4 tps: 2.00 qps: 3214.57 (r/w/o: 0.00/850.02/2364.55) lat (ms,95%): 6247.39 err/s: 6.00 reconn/s: 0.00
[ 10s ] thds: 4 tps: 0.00 qps: 3095.94 (r/w/o: 0.00/773.99/2321.96) lat (ms,95%): 0.00 err/s: 0.00 reconn/s: 0.00
[ 12s ] thds: 4 tps: 0.00 qps: 3176.41 (r/w/o: 0.00/794.48/2381.93) lat (ms,95%): 0.00 err/s: 0.00 reconn/s: 0.00
[ 14s ] thds: 4 tps: 2.00 qps: 3419.99 (r/w/o: 0.00/904.50/2515.49) lat (ms,95%): 6360.91 err/s: 5.50 reconn/s: 0.00
[ 16s ] thds: 4 tps: 0.00 qps: 3312.03 (r/w/o: 0.00/828.01/2484.02) lat (ms,95%): 0.00 err/s: 0.00 reconn/s: 0.00
[ 18s ] thds: 4 tps: 0.00 qps: 3130.03 (r/w/o: 0.00/782.51/2347.53) lat (ms,95%): 0.00 err/s: 0.00 reconn/s: 0.00
SQL statistics:
    queries performed:
        read:                            0
        write:                           15267
        other:                           45027
        total:                           60294
    transactions:                        12     (0.64 per sec.)
    queries:                             60294  (3224.47 per sec.)
    ignored errors:                      23     (1.23 per sec.)
    reconnects:                          0      (0.00 per sec.)

General statistics:
    total time:                          18.6985s
    total number of events:              12

Latency (ms):
         min:                                 6116.20
         avg:                                 6232.48
         max:                                 6387.57
         95th percentile:                     6360.91
         sum:                                74789.78

Threads fairness:
    events (avg/stddev):           3.0000/0.00
    execution time (avg/stddev):   18.6974/0.00

