sysbench 1.0.20 (using system LuaJIT 2.1.0-beta3)

Running the test with following options:
Number of threads: 4
Report intermediate results every 2 second(s)
Initializing random number generator from current time


Initializing worker threads...

Threads started!

[ 2s ] thds: 4 tps: 4146.09 qps: 12439.77 (r/w/o: 12439.77/0.00/0.00) lat (ms,95%): 1.23 err/s: 0.00 reconn/s: 0.00
[ 4s ] thds: 4 tps: 4185.18 qps: 12557.05 (r/w/o: 12557.05/0.00/0.00) lat (ms,95%): 1.23 err/s: 0.00 reconn/s: 0.00
[ 6s ] thds: 4 tps: 4314.02 qps: 12939.55 (r/w/o: 12939.55/0.00/0.00) lat (ms,95%): 1.21 err/s: 0.00 reconn/s: 0.00
[ 8s ] thds: 4 tps: 4185.49 qps: 12558.97 (r/w/o: 12558.97/0.00/0.00) lat (ms,95%): 1.23 err/s: 0.00 reconn/s: 0.00
[ 10s ] thds: 4 tps: 4202.52 qps: 12606.55 (r/w/o: 12606.55/0.00/0.00) lat (ms,95%): 1.23 err/s: 0.00 reconn/s: 0.00
[ 12s ] thds: 4 tps: 4134.97 qps: 12405.92 (r/w/o: 12405.92/0.00/0.00) lat (ms,95%): 1.27 err/s: 0.00 reconn/s: 0.00
[ 14s ] thds: 4 tps: 4183.58 qps: 12550.75 (r/w/o: 12550.75/0.00/0.00) lat (ms,95%): 1.23 err/s: 0.00 reconn/s: 0.00
[ 16s ] thds: 4 tps: 4175.41 qps: 12525.23 (r/w/o: 12525.23/0.00/0.00) lat (ms,95%): 1.23 err/s: 0.00 reconn/s: 0.00
[ 18s ] thds: 4 tps: 4197.02 qps: 12591.57 (r/w/o: 12591.57/0.00/0.00) lat (ms,95%): 1.21 err/s: 0.00 reconn/s: 0.00
SQL statistics:
    queries performed:
        read:                            226365
        write:                           0
        other:                           0
        total:                           226365
    transactions:                        75455  (4191.44 per sec.)
    queries:                             226365 (12574.33 per sec.)
    ignored errors:                      0      (0.00 per sec.)
    reconnects:                          0      (0.00 per sec.)

General statistics:
    total time:                          18.0018s
    total number of events:              75455

Latency (ms):
         min:                                    0.64
         avg:                                    0.95
         max:                                   17.75
         95th percentile:                        1.23
         sum:                                71907.07

Threads fairness:
    events (avg/stddev):           18863.7500/50.92
    execution time (avg/stddev):   17.9768/0.00

