sysbench 1.0.20 (using system LuaJIT 2.1.0-beta3)

Running the test with following options:
Number of threads: 1
Report intermediate results every 1 second(s)
Initializing random number generator from current time


Initializing worker threads...

Threads started!

[ 1s ] thds: 1 tps: 131.88 qps: 1586.57 (r/w/o: 0.00/1319.81/266.76) lat (ms,95%): 8.28 err/s: 0.00 reconn/s: 0.00
[ 2s ] thds: 1 tps: 131.05 qps: 1570.58 (r/w/o: 0.00/1309.48/261.10) lat (ms,95%): 8.58 err/s: 0.00 reconn/s: 0.00
[ 3s ] thds: 1 tps: 134.00 qps: 1609.00 (r/w/o: 0.00/1340.00/269.00) lat (ms,95%): 7.98 err/s: 0.00 reconn/s: 0.00
[ 4s ] thds: 1 tps: 133.00 qps: 1600.99 (r/w/o: 0.00/1334.99/266.00) lat (ms,95%): 8.13 err/s: 0.00 reconn/s: 0.00
[ 5s ] thds: 1 tps: 134.00 qps: 1607.02 (r/w/o: 0.00/1339.02/268.00) lat (ms,95%): 8.13 err/s: 0.00 reconn/s: 0.00
[ 6s ] thds: 1 tps: 132.00 qps: 1583.00 (r/w/o: 0.00/1319.00/264.00) lat (ms,95%): 8.43 err/s: 0.00 reconn/s: 0.00
[ 7s ] thds: 1 tps: 133.00 qps: 1601.03 (r/w/o: 0.00/1335.03/266.01) lat (ms,95%): 7.98 err/s: 0.00 reconn/s: 0.00
[ 8s ] thds: 1 tps: 135.00 qps: 1614.96 (r/w/o: 0.00/1344.97/269.99) lat (ms,95%): 7.98 err/s: 0.00 reconn/s: 0.00
SQL statistics:
    queries performed:
        read:                            0
        write:                           10649
        other:                           2131
        total:                           12780
    transactions:                        1065   (133.05 per sec.)
    queries:                             12780  (1596.59 per sec.)
    ignored errors:                      0      (0.00 per sec.)
    reconnects:                          0      (0.00 per sec.)

General statistics:
    total time:                          8.0042s
    total number of events:              1065

Latency (ms):
         min:                                    6.62
         avg:                                    7.51
         max:                                   14.78
         95th percentile:                        8.28
         sum:                                 8002.02

Threads fairness:
    events (avg/stddev):           1065.0000/0.00
    execution time (avg/stddev):   8.0020/0.00

