sysbench 1.0.20 (using system LuaJIT 2.1.0-beta3)

Running the test with following options:
Number of threads: 1
Report intermediate results every 1 second(s)
Initializing random number generator from current time


Initializing worker threads...

Threads started!

[ 1s ] thds: 1 tps: 4507.91 qps: 4507.91 (r/w/o: 4507.91/0.00/0.00) lat (ms,95%): 0.25 err/s: 0.00 reconn/s: 0.00
[ 2s ] thds: 1 tps: 4498.85 qps: 4498.85 (r/w/o: 4498.85/0.00/0.00) lat (ms,95%): 0.25 err/s: 0.00 reconn/s: 0.00
[ 3s ] thds: 1 tps: 4526.90 qps: 4526.90 (r/w/o: 4526.90/0.00/0.00) lat (ms,95%): 0.24 err/s: 0.00 reconn/s: 0.00
[ 4s ] thds: 1 tps: 4498.79 qps: 4498.79 (r/w/o: 4498.79/0.00/0.00) lat (ms,95%): 0.25 err/s: 0.00 reconn/s: 0.00
[ 5s ] thds: 1 tps: 4553.01 qps: 4553.01 (r/w/o: 4553.01/0.00/0.00) lat (ms,95%): 0.25 err/s: 0.00 reconn/s: 0.00
[ 6s ] thds: 1 tps: 4413.36 qps: 4413.36 (r/w/o: 4413.36/0.00/0.00) lat (ms,95%): 0.26 err/s: 0.00 reconn/s: 0.00
[ 7s ] thds: 1 tps: 4556.64 qps: 4557.64 (r/w/o: 4557.64/0.00/0.00) lat (ms,95%): 0.24 err/s: 0.00 reconn/s: 0.00
[ 8s ] thds: 1 tps: 4581.11 qps: 4580.11 (r/w/o: 4580.11/0.00/0.00) lat (ms,95%): 0.24 err/s: 0.00 reconn/s: 0.00
SQL statistics:
    queries performed:
        read:                            36140
        write:                           0
        other:                           0
        total:                           36140
    transactions:                        36140  (4516.87 per sec.)
    queries:                             36140  (4516.87 per sec.)
    ignored errors:                      0      (0.00 per sec.)
    reconnects:                          0      (0.00 per sec.)

General statistics:
    total time:                          8.0007s
    total number of events:              36140

Latency (ms):
         min:                                    0.19
         avg:                                    0.22
         max:                                    7.88
         95th percentile:                        0.25
         sum:                                 7969.00

Threads fairness:
    events (avg/stddev):           36140.0000/0.00
    execution time (avg/stddev):   7.9690/0.00

