sysbench 1.0.20 (using system LuaJIT 2.1.0-beta3)

Running the test with following options:
Number of threads: 1
Report intermediate results every 1 second(s)
Initializing random number generator from current time


Initializing worker threads...

Threads started!

[ 1s ] thds: 1 tps: 2.00 qps: 1739.42 (r/w/o: 0.00/1732.43/6.99) lat (ms,95%): 467.30 err/s: 0.00 reconn/s: 0.00
[ 2s ] thds: 1 tps: 2.00 qps: 1684.78 (r/w/o: 0.00/1680.77/4.00) lat (ms,95%): 493.24 err/s: 0.00 reconn/s: 0.00
[ 3s ] thds: 1 tps: 2.00 qps: 1582.92 (r/w/o: 0.00/1578.92/4.00) lat (ms,95%): 511.33 err/s: 0.00 reconn/s: 0.00
[ 4s ] thds: 1 tps: 2.00 qps: 1634.03 (r/w/o: 0.00/1630.02/4.00) lat (ms,95%): 502.20 err/s: 0.00 reconn/s: 0.00
[ 5s ] thds: 1 tps: 2.00 qps: 1618.04 (r/w/o: 0.00/1614.04/4.00) lat (ms,95%): 502.20 err/s: 0.00 reconn/s: 0.00
[ 6s ] thds: 1 tps: 2.00 qps: 1613.02 (r/w/o: 0.00/1609.02/4.00) lat (ms,95%): 511.33 err/s: 0.00 reconn/s: 0.00
[ 7s ] thds: 1 tps: 2.00 qps: 1613.92 (r/w/o: 0.00/1609.92/4.00) lat (ms,95%): 502.20 err/s: 0.00 reconn/s: 0.00
[ 8s ] thds: 1 tps: 2.00 qps: 1647.11 (r/w/o: 0.00/1643.11/4.00) lat (ms,95%): 502.20 err/s: 0.00 reconn/s: 0.00
SQL statistics:
    queries performed:
        read:                            0
        write:                           13616
        other:                           35
        total:                           13651
    transactions:                        17     (2.05 per sec.)
    queries:                             13651  (1645.06 per sec.)
    ignored errors:                      0      (0.00 per sec.)
    reconnects:                          0      (0.00 per sec.)

General statistics:
    total time:                          8.2978s
    total number of events:              17

Latency (ms):
         min:                                  439.64
         avg:                                  488.07
         max:                                  511.97
         95th percentile:                      511.33
         sum:                                 8297.20

Threads fairness:
    events (avg/stddev):           17.0000/0.00
    execution time (avg/stddev):   8.2972/0.00

