sysbench 1.0.20 (using system LuaJIT 2.1.0-beta3)

Running the test with following options:
Number of threads: 4
Report intermediate results every 2 second(s)
Initializing random number generator from current time


Initializing worker threads...

Threads started!

[ 2s ] thds: 4 tps: 8066.96 qps: 8066.96 (r/w/o: 8066.96/0.00/0.00) lat (ms,95%): 0.72 err/s: 0.00 reconn/s: 0.00
[ 4s ] thds: 4 tps: 8224.73 qps: 8224.73 (r/w/o: 8224.73/0.00/0.00) lat (ms,95%): 0.69 err/s: 0.00 reconn/s: 0.00
[ 6s ] thds: 4 tps: 8100.70 qps: 8100.70 (r/w/o: 8100.70/0.00/0.00) lat (ms,95%): 0.72 err/s: 0.00 reconn/s: 0.00
[ 8s ] thds: 4 tps: 8226.55 qps: 8226.55 (r/w/o: 8226.55/0.00/0.00) lat (ms,95%): 0.69 err/s: 0.00 reconn/s: 0.00
[ 10s ] thds: 4 tps: 8373.74 qps: 8373.74 (r/w/o: 8373.74/0.00/0.00) lat (ms,95%): 0.68 err/s: 0.00 reconn/s: 0.00
[ 12s ] thds: 4 tps: 8185.12 qps: 8185.12 (r/w/o: 8185.12/0.00/0.00) lat (ms,95%): 0.68 err/s: 0.00 reconn/s: 0.00
[ 14s ] thds: 4 tps: 8287.37 qps: 8287.37 (r/w/o: 8287.37/0.00/0.00) lat (ms,95%): 0.72 err/s: 0.00 reconn/s: 0.00
[ 16s ] thds: 4 tps: 8248.01 qps: 8248.01 (r/w/o: 8248.01/0.00/0.00) lat (ms,95%): 0.68 err/s: 0.00 reconn/s: 0.00
[ 18s ] thds: 4 tps: 8293.58 qps: 8293.58 (r/w/o: 8293.58/0.00/0.00) lat (ms,95%): 0.68 err/s: 0.00 reconn/s: 0.00
SQL statistics:
    queries performed:
        read:                            148023
        write:                           0
        other:                           0
        total:                           148023
    transactions:                        148023 (8222.70 per sec.)
    queries:                             148023 (8222.70 per sec.)
    ignored errors:                      0      (0.00 per sec.)
    reconnects:                          0      (0.00 per sec.)

General statistics:
    total time:                          18.0014s
    total number of events:              148023

Latency (ms):
         min:                                    0.27
         avg:                                    0.49
         max:                                   19.22
         95th percentile:                        0.69
         sum:                                71822.73

Threads fairness:
    events (avg/stddev):           37005.7500/224.93
    execution time (avg/stddev):   17.9557/0.00

