sysbench 1.0.20 (using system LuaJIT 2.1.0-beta3)

Running the test with following options:
Number of threads: 4
Report intermediate results every 2 second(s)
Initializing random number generator from current time


Initializing worker threads...

Threads started!

[ 2s ] thds: 4 tps: 4.00 qps: 4058.87 (r/w/o: 0.00/1014.47/3044.40) lat (ms,95%): 995.51 err/s: 0.00 reconn/s: 0.00
[ 4s ] thds: 4 tps: 4.00 qps: 3978.03 (r/w/o: 0.00/992.26/2985.77) lat (ms,95%): 1032.01 err/s: 0.00 reconn/s: 0.00
[ 6s ] thds: 4 tps: 4.00 qps: 4340.18 (r/w/o: 0.00/1083.04/3257.13) lat (ms,95%): 926.33 err/s: 0.00 reconn/s: 0.00
[ 8s ] thds: 4 tps: 4.00 qps: 4389.81 (r/w/o: 0.00/1095.45/3294.36) lat (ms,95%): 977.74 err/s: 0.00 reconn/s: 0.00
[ 10s ] thds: 4 tps: 4.00 qps: 3921.99 (r/w/o: 0.00/978.50/2943.49) lat (ms,95%): 1013.60 err/s: 0.00 reconn/s: 0.00
[ 12s ] thds: 4 tps: 4.00 qps: 3866.14 (r/w/o: 0.00/964.54/2901.61) lat (ms,95%): 1089.30 err/s: 0.00 reconn/s: 0.00
[ 14s ] thds: 4 tps: 4.00 qps: 4347.48 (r/w/o: 0.00/1084.87/3262.61) lat (ms,95%): 1032.01 err/s: 0.00 reconn/s: 0.00
[ 16s ] thds: 4 tps: 6.00 qps: 5364.54 (r/w/o: 0.00/1338.13/4026.41) lat (ms,95%): 773.68 err/s: 0.00 reconn/s: 0.00
[ 18s ] thds: 4 tps: 4.00 qps: 4894.96 (r/w/o: 0.00/1221.99/3672.97) lat (ms,95%): 846.57 err/s: 0.00 reconn/s: 0.00
SQL statistics:
    queries performed:
        read:                            0
        write:                           20025
        other:                           60215
        total:                           80240
    transactions:                        80     (4.35 per sec.)
    queries:                             80240  (4361.46 per sec.)
    ignored errors:                      0      (0.00 per sec.)
    reconnects:                          0      (0.00 per sec.)

General statistics:
    total time:                          18.3971s
    total number of events:              80

Latency (ms):
         min:                                  728.87
         avg:                                  919.80
         max:                                 1093.15
         95th percentile:                     1032.01
         sum:                                73583.98

Threads fairness:
    events (avg/stddev):           20.0000/0.00
    execution time (avg/stddev):   18.3960/0.00

