sysbench 1.0.20 (using system LuaJIT 2.1.0-beta3)

Running the test with following options:
Number of threads: 4
Report intermediate results every 2 second(s)
Initializing random number generator from current time


Initializing worker threads...

Threads started!

[ 2s ] thds: 4 tps: 572.78 qps: 1720.85 (r/w/o: 1720.85/0.00/0.00) lat (ms,95%): 9.06 err/s: 0.00 reconn/s: 0.00
[ 4s ] thds: 4 tps: 576.98 qps: 1730.44 (r/w/o: 1730.44/0.00/0.00) lat (ms,95%): 8.58 err/s: 0.00 reconn/s: 0.00
[ 6s ] thds: 4 tps: 581.58 qps: 1745.25 (r/w/o: 1745.25/0.00/0.00) lat (ms,95%): 8.13 err/s: 0.00 reconn/s: 0.00
[ 8s ] thds: 4 tps: 577.51 qps: 1732.04 (r/w/o: 1732.04/0.00/0.00) lat (ms,95%): 8.58 err/s: 0.00 reconn/s: 0.00
[ 10s ] thds: 4 tps: 570.45 qps: 1711.34 (r/w/o: 1711.34/0.00/0.00) lat (ms,95%): 8.74 err/s: 0.00 reconn/s: 0.00
[ 12s ] thds: 4 tps: 582.53 qps: 1748.09 (r/w/o: 1748.09/0.00/0.00) lat (ms,95%): 8.43 err/s: 0.00 reconn/s: 0.00
[ 14s ] thds: 4 tps: 578.48 qps: 1735.43 (r/w/o: 1735.43/0.00/0.00) lat (ms,95%): 8.58 err/s: 0.00 reconn/s: 0.00
[ 16s ] thds: 4 tps: 580.54 qps: 1742.62 (r/w/o: 1742.62/0.00/0.00) lat (ms,95%): 8.58 err/s: 0.00 reconn/s: 0.00
[ 18s ] thds: 4 tps: 579.46 qps: 1737.39 (r/w/o: 1737.39/0.00/0.00) lat (ms,95%): 8.58 err/s: 0.00 reconn/s: 0.00
SQL statistics:
    queries performed:
        read:                            31215
        write:                           0
        other:                           0
        total:                           31215
    transactions:                        10405  (577.88 per sec.)
    queries:                             31215  (1733.63 per sec.)
    ignored errors:                      0      (0.00 per sec.)
    reconnects:                          0      (0.00 per sec.)

General statistics:
    total time:                          18.0052s
    total number of events:              10405

Latency (ms):
         min:                                    3.43
         avg:                                    6.92
         max:                                   26.70
         95th percentile:                        8.58
         sum:                                71998.69

Threads fairness:
    events (avg/stddev):           2601.2500/32.10
    execution time (avg/stddev):   17.9997/0.00

