sysbench 1.0.20 (using system LuaJIT 2.1.0-beta3)

Running the test with following options:
Number of threads: 1
Report intermediate results every 1 second(s)
Initializing random number generator from current time


Initializing worker threads...

Threads started!

[ 1s ] thds: 1 tps: 0.00 qps: 926.11 (r/w/o: 0.00/923.11/3.00) lat (ms,95%): 0.00 err/s: 0.00 reconn/s: 0.00
[ 2s ] thds: 1 tps: 0.00 qps: 1029.55 (r/w/o: 0.00/1029.55/0.00) lat (ms,95%): 0.00 err/s: 0.00 reconn/s: 0.00
[ 3s ] thds: 1 tps: 0.00 qps: 895.96 (r/w/o: 0.00/895.96/0.00) lat (ms,95%): 0.00 err/s: 0.00 reconn/s: 0.00
[ 4s ] thds: 1 tps: 0.00 qps: 945.94 (r/w/o: 0.00/945.94/0.00) lat (ms,95%): 0.00 err/s: 0.00 reconn/s: 0.00
[ 5s ] thds: 1 tps: 1.00 qps: 1005.03 (r/w/o: 0.00/1003.03/2.00) lat (ms,95%): 4203.93 err/s: 0.00 reconn/s: 0.00
[ 6s ] thds: 1 tps: 0.00 qps: 861.01 (r/w/o: 0.00/861.01/0.00) lat (ms,95%): 0.00 err/s: 0.00 reconn/s: 0.00
[ 7s ] thds: 1 tps: 0.00 qps: 733.97 (r/w/o: 0.00/733.97/0.00) lat (ms,95%): 0.00 err/s: 0.00 reconn/s: 0.00
[ 8s ] thds: 1 tps: 0.00 qps: 973.08 (r/w/o: 0.00/973.08/0.00) lat (ms,95%): 0.00 err/s: 0.00 reconn/s: 0.00
SQL statistics:
    queries performed:
        read:                            0
        write:                           8001
        other:                           5
        total:                           8006
    transactions:                        2      (0.23 per sec.)
    queries:                             8006   (920.47 per sec.)
    ignored errors:                      0      (0.00 per sec.)
    reconnects:                          0      (0.00 per sec.)

General statistics:
    total time:                          8.6973s
    total number of events:              2

Latency (ms):
         min:                                 4203.03
         avg:                                 4348.38
         max:                                 4493.74
         95th percentile:                     4517.90
         sum:                                 8696.77

Threads fairness:
    events (avg/stddev):           2.0000/0.00
    execution time (avg/stddev):   8.6968/0.00

