sysbench 1.0.20 (using system LuaJIT 2.1.0-beta3)

Running the test with following options:
Number of threads: 1
Report intermediate results every 1 second(s)
Initializing random number generator from current time


Initializing worker threads...

Threads started!

[ 1s ] thds: 1 tps: 171.88 qps: 515.64 (r/w/o: 515.64/0.00/0.00) lat (ms,95%): 5.88 err/s: 0.00 reconn/s: 0.00
[ 2s ] thds: 1 tps: 173.05 qps: 519.14 (r/w/o: 519.14/0.00/0.00) lat (ms,95%): 5.88 err/s: 0.00 reconn/s: 0.00
[ 3s ] thds: 1 tps: 172.98 qps: 520.95 (r/w/o: 520.95/0.00/0.00) lat (ms,95%): 5.88 err/s: 0.00 reconn/s: 0.00
[ 4s ] thds: 1 tps: 172.00 qps: 515.01 (r/w/o: 515.01/0.00/0.00) lat (ms,95%): 6.09 err/s: 0.00 reconn/s: 0.00
[ 5s ] thds: 1 tps: 172.01 qps: 517.03 (r/w/o: 517.03/0.00/0.00) lat (ms,95%): 6.09 err/s: 0.00 reconn/s: 0.00
[ 6s ] thds: 1 tps: 171.99 qps: 514.96 (r/w/o: 514.96/0.00/0.00) lat (ms,95%): 5.99 err/s: 0.00 reconn/s: 0.00
[ 7s ] thds: 1 tps: 171.00 qps: 512.00 (r/w/o: 512.00/0.00/0.00) lat (ms,95%): 6.21 err/s: 0.00 reconn/s: 0.00
[ 8s ] thds: 1 tps: 172.00 qps: 516.99 (r/w/o: 516.99/0.00/0.00) lat (ms,95%): 5.99 err/s: 0.00 reconn/s: 0.00
SQL statistics:
    queries performed:
        read:                            4134
        write:                           0
        other:                           0
        total:                           4134
    transactions:                        1378   (172.17 per sec.)
    queries:                             4134   (516.51 per sec.)
    ignored errors:                      0      (0.00 per sec.)
    reconnects:                          0      (0.00 per sec.)

General statistics:
    total time:                          8.0033s
    total number of events:              1378

Latency (ms):
         min:                                    5.59
         avg:                                    5.81
         max:                                   13.37
         95th percentile:                        5.99
         sum:                                 8000.65

Threads fairness:
    events (avg/stddev):           1378.0000/0.00
    execution time (avg/stddev):   8.0006/0.00

