sysbench 1.0.20 (using system LuaJIT 2.1.0-beta3)

Running the test with following options:
Number of threads: 1
Report intermediate results every 1 second(s)
Initializing random number generator from current time


Initializing worker threads...

Threads started!

[ 1s ] thds: 1 tps: 848.45 qps: 848.45 (r/w/o: 848.45/0.00/0.00) lat (ms,95%): 1.21 err/s: 0.00 reconn/s: 0.00
[ 2s ] thds: 1 tps: 848.17 qps: 848.17 (r/w/o: 848.17/0.00/0.00) lat (ms,95%): 1.21 err/s: 0.00 reconn/s: 0.00
[ 3s ] thds: 1 tps: 850.98 qps: 850.98 (r/w/o: 850.98/0.00/0.00) lat (ms,95%): 1.21 err/s: 0.00 reconn/s: 0.00
[ 4s ] thds: 1 tps: 853.02 qps: 853.02 (r/w/o: 853.02/0.00/0.00) lat (ms,95%): 1.21 err/s: 0.00 reconn/s: 0.00
[ 5s ] thds: 1 tps: 846.00 qps: 846.00 (r/w/o: 846.00/0.00/0.00) lat (ms,95%): 1.21 err/s: 0.00 reconn/s: 0.00
[ 6s ] thds: 1 tps: 853.95 qps: 853.95 (r/w/o: 853.95/0.00/0.00) lat (ms,95%): 1.21 err/s: 0.00 reconn/s: 0.00
[ 7s ] thds: 1 tps: 856.05 qps: 856.05 (r/w/o: 856.05/0.00/0.00) lat (ms,95%): 1.18 err/s: 0.00 reconn/s: 0.00
SQL statistics:
    queries performed:
        read:                            6810
        write:                           0
        other:                           0
        total:                           6810
    transactions:                        6810   (851.14 per sec.)
    queries:                             6810   (851.14 per sec.)
    ignored errors:                      0      (0.00 per sec.)
    reconnects:                          0      (0.00 per sec.)

General statistics:
    total time:                          8.0007s
    total number of events:              6810

Latency (ms):
         min:                                    1.14
         avg:                                    1.17
         max:                                    9.90
         95th percentile:                        1.21
         sum:                                 7993.22

Threads fairness:
    events (avg/stddev):           6810.0000/0.00
    execution time (avg/stddev):   7.9932/0.00

