sysbench 1.0.20 (using system LuaJIT 2.1.0-beta3)

Running the test with following options:
Number of threads: 4
Report intermediate results every 2 second(s)
Initializing random number generator from current time


Initializing worker threads...

Threads started!

[ 2s ] thds: 4 tps: 8503.13 qps: 8503.13 (r/w/o: 8503.13/0.00/0.00) lat (ms,95%): 0.65 err/s: 0.00 reconn/s: 0.00
[ 4s ] thds: 4 tps: 8623.47 qps: 8623.47 (r/w/o: 8623.47/0.00/0.00) lat (ms,95%): 0.64 err/s: 0.00 reconn/s: 0.00
[ 6s ] thds: 4 tps: 8559.43 qps: 8559.43 (r/w/o: 8559.43/0.00/0.00) lat (ms,95%): 0.64 err/s: 0.00 reconn/s: 0.00
[ 8s ] thds: 4 tps: 8570.53 qps: 8570.53 (r/w/o: 8570.53/0.00/0.00) lat (ms,95%): 0.65 err/s: 0.00 reconn/s: 0.00
[ 10s ] thds: 4 tps: 8581.99 qps: 8581.99 (r/w/o: 8581.99/0.00/0.00) lat (ms,95%): 0.64 err/s: 0.00 reconn/s: 0.00
[ 12s ] thds: 4 tps: 8619.98 qps: 8619.98 (r/w/o: 8619.98/0.00/0.00) lat (ms,95%): 0.64 err/s: 0.00 reconn/s: 0.00
[ 14s ] thds: 4 tps: 8630.99 qps: 8630.99 (r/w/o: 8630.99/0.00/0.00) lat (ms,95%): 0.63 err/s: 0.00 reconn/s: 0.00
[ 16s ] thds: 4 tps: 8582.54 qps: 8582.54 (r/w/o: 8582.54/0.00/0.00) lat (ms,95%): 0.64 err/s: 0.00 reconn/s: 0.00
[ 18s ] thds: 4 tps: 8622.50 qps: 8622.50 (r/w/o: 8622.50/0.00/0.00) lat (ms,95%): 0.63 err/s: 0.00 reconn/s: 0.00
SQL statistics:
    queries performed:
        read:                            154597
        write:                           0
        other:                           0
        total:                           154597
    transactions:                        154597 (8588.01 per sec.)
    queries:                             154597 (8588.01 per sec.)
    ignored errors:                      0      (0.00 per sec.)
    reconnects:                          0      (0.00 per sec.)

General statistics:
    total time:                          18.0011s
    total number of events:              154597

Latency (ms):
         min:                                    0.25
         avg:                                    0.46
         max:                                   18.37
         95th percentile:                        0.64
         sum:                                71814.91

Threads fairness:
    events (avg/stddev):           38649.2500/186.31
    execution time (avg/stddev):   17.9537/0.00

