sysbench 1.0.20 (using system LuaJIT 2.1.0-beta3)

Running the test with following options:
Number of threads: 1
Report intermediate results every 1 second(s)
Initializing random number generator from current time


Initializing worker threads...

Threads started!

[ 1s ] thds: 1 tps: 5747.83 qps: 5747.83 (r/w/o: 5747.83/0.00/0.00) lat (ms,95%): 0.20 err/s: 0.00 reconn/s: 0.00
[ 2s ] thds: 1 tps: 5792.30 qps: 5792.30 (r/w/o: 5792.30/0.00/0.00) lat (ms,95%): 0.20 err/s: 0.00 reconn/s: 0.00
[ 3s ] thds: 1 tps: 5894.07 qps: 5894.07 (r/w/o: 5894.07/0.00/0.00) lat (ms,95%): 0.19 err/s: 0.00 reconn/s: 0.00
[ 4s ] thds: 1 tps: 5820.22 qps: 5820.22 (r/w/o: 5820.22/0.00/0.00) lat (ms,95%): 0.20 err/s: 0.00 reconn/s: 0.00
[ 5s ] thds: 1 tps: 5880.83 qps: 5880.83 (r/w/o: 5880.83/0.00/0.00) lat (ms,95%): 0.20 err/s: 0.00 reconn/s: 0.00
[ 6s ] thds: 1 tps: 5671.93 qps: 5671.93 (r/w/o: 5671.93/0.00/0.00) lat (ms,95%): 0.20 err/s: 0.00 reconn/s: 0.00
[ 7s ] thds: 1 tps: 5822.40 qps: 5822.40 (r/w/o: 5822.40/0.00/0.00) lat (ms,95%): 0.20 err/s: 0.00 reconn/s: 0.00
[ 8s ] thds: 1 tps: 5977.18 qps: 5977.18 (r/w/o: 5977.18/0.00/0.00) lat (ms,95%): 0.19 err/s: 0.00 reconn/s: 0.00
SQL statistics:
    queries performed:
        read:                            46611
        write:                           0
        other:                           0
        total:                           46611
    transactions:                        46611  (5825.45 per sec.)
    queries:                             46611  (5825.45 per sec.)
    ignored errors:                      0      (0.00 per sec.)
    reconnects:                          0      (0.00 per sec.)

General statistics:
    total time:                          8.0009s
    total number of events:              46611

Latency (ms):
         min:                                    0.14
         avg:                                    0.17
         max:                                    7.92
         95th percentile:                        0.20
         sum:                                 7957.40

Threads fairness:
    events (avg/stddev):           46611.0000/0.00
    execution time (avg/stddev):   7.9574/0.00

