sysbench 1.0.20 (using system LuaJIT 2.1.0-beta3)

Running the test with following options:
Number of threads: 1
Report intermediate results every 1 second(s)
Initializing random number generator from current time


Initializing worker threads...

Threads started!

[ 1s ] thds: 1 tps: 455.68 qps: 455.68 (r/w/o: 455.68/0.00/0.00) lat (ms,95%): 2.22 err/s: 0.00 reconn/s: 0.00
[ 2s ] thds: 1 tps: 464.08 qps: 464.08 (r/w/o: 464.08/0.00/0.00) lat (ms,95%): 2.18 err/s: 0.00 reconn/s: 0.00
[ 3s ] thds: 1 tps: 460.01 qps: 460.01 (r/w/o: 460.01/0.00/0.00) lat (ms,95%): 2.22 err/s: 0.00 reconn/s: 0.00
[ 4s ] thds: 1 tps: 462.99 qps: 462.99 (r/w/o: 462.99/0.00/0.00) lat (ms,95%): 2.22 err/s: 0.00 reconn/s: 0.00
[ 5s ] thds: 1 tps: 462.01 qps: 462.01 (r/w/o: 462.01/0.00/0.00) lat (ms,95%): 2.22 err/s: 0.00 reconn/s: 0.00
[ 6s ] thds: 1 tps: 462.03 qps: 462.03 (r/w/o: 462.03/0.00/0.00) lat (ms,95%): 2.22 err/s: 0.00 reconn/s: 0.00
[ 7s ] thds: 1 tps: 461.96 qps: 461.96 (r/w/o: 461.96/0.00/0.00) lat (ms,95%): 2.18 err/s: 0.00 reconn/s: 0.00
[ 8s ] thds: 1 tps: 462.99 qps: 462.99 (r/w/o: 462.99/0.00/0.00) lat (ms,95%): 2.18 err/s: 0.00 reconn/s: 0.00
SQL statistics:
    queries performed:
        read:                            3693
        write:                           0
        other:                           0
        total:                           3693
    transactions:                        3693   (461.47 per sec.)
    queries:                             3693   (461.47 per sec.)
    ignored errors:                      0      (0.00 per sec.)
    reconnects:                          0      (0.00 per sec.)

General statistics:
    total time:                          8.0023s
    total number of events:              3693

Latency (ms):
         min:                                    2.11
         avg:                                    2.17
         max:                                   10.11
         95th percentile:                        2.22
         sum:                                 7997.18

Threads fairness:
    events (avg/stddev):           3693.0000/0.00
    execution time (avg/stddev):   7.9972/0.00

