sysbench 1.0.20 (using system LuaJIT 2.1.0-beta3)

Running the test with following options:
Number of threads: 1
Report intermediate results every 1 second(s)
Initializing random number generator from current time


Initializing worker threads...

Threads started!

[ 1s ] thds: 1 tps: 1499.82 qps: 4500.47 (r/w/o: 4500.47/0.00/0.00) lat (ms,95%): 0.74 err/s: 0.00 reconn/s: 0.00
[ 2s ] thds: 1 tps: 1510.54 qps: 4531.62 (r/w/o: 4531.62/0.00/0.00) lat (ms,95%): 0.74 err/s: 0.00 reconn/s: 0.00
[ 3s ] thds: 1 tps: 1518.92 qps: 4556.77 (r/w/o: 4556.77/0.00/0.00) lat (ms,95%): 0.73 err/s: 0.00 reconn/s: 0.00
[ 4s ] thds: 1 tps: 1539.05 qps: 4617.16 (r/w/o: 4617.16/0.00/0.00) lat (ms,95%): 0.69 err/s: 0.00 reconn/s: 0.00
[ 5s ] thds: 1 tps: 1485.03 qps: 4455.08 (r/w/o: 4455.08/0.00/0.00) lat (ms,95%): 0.74 err/s: 0.00 reconn/s: 0.00
[ 6s ] thds: 1 tps: 1498.86 qps: 4495.59 (r/w/o: 4495.59/0.00/0.00) lat (ms,95%): 0.74 err/s: 0.00 reconn/s: 0.00
[ 7s ] thds: 1 tps: 1517.99 qps: 4553.96 (r/w/o: 4553.96/0.00/0.00) lat (ms,95%): 0.74 err/s: 0.00 reconn/s: 0.00
SQL statistics:
    queries performed:
        read:                            36189
        write:                           0
        other:                           0
        total:                           36189
    transactions:                        12063  (1507.68 per sec.)
    queries:                             36189  (4523.03 per sec.)
    ignored errors:                      0      (0.00 per sec.)
    reconnects:                          0      (0.00 per sec.)

General statistics:
    total time:                          8.0007s
    total number of events:              12063

Latency (ms):
         min:                                    0.59
         avg:                                    0.66
         max:                                    8.35
         95th percentile:                        0.74
         sum:                                 7988.12

Threads fairness:
    events (avg/stddev):           12063.0000/0.00
    execution time (avg/stddev):   7.9881/0.00

