sysbench 1.0.20 (using system LuaJIT 2.1.0-beta3)

Running the test with following options:
Number of threads: 1
Report intermediate results every 1 second(s)
Initializing random number generator from current time


Initializing worker threads...

Threads started!

[ 1s ] thds: 1 tps: 15.99 qps: 683.40 (r/w/o: 0.00/648.43/34.97) lat (ms,95%): 69.29 err/s: 0.00 reconn/s: 0.00
[ 2s ] thds: 1 tps: 17.01 qps: 728.32 (r/w/o: 0.00/694.30/34.01) lat (ms,95%): 65.65 err/s: 0.00 reconn/s: 0.00
[ 3s ] thds: 1 tps: 17.00 qps: 721.99 (r/w/o: 0.00/687.99/34.00) lat (ms,95%): 68.05 err/s: 0.00 reconn/s: 0.00
[ 4s ] thds: 1 tps: 15.00 qps: 625.99 (r/w/o: 0.00/595.99/30.00) lat (ms,95%): 73.13 err/s: 0.00 reconn/s: 0.00
[ 5s ] thds: 1 tps: 17.00 qps: 693.02 (r/w/o: 0.00/659.02/34.00) lat (ms,95%): 69.29 err/s: 0.00 reconn/s: 0.00
[ 6s ] thds: 1 tps: 14.00 qps: 615.97 (r/w/o: 0.00/587.97/28.00) lat (ms,95%): 80.03 err/s: 0.00 reconn/s: 0.00
[ 7s ] thds: 1 tps: 15.00 qps: 634.01 (r/w/o: 0.00/604.01/30.00) lat (ms,95%): 74.46 err/s: 0.00 reconn/s: 0.00
[ 8s ] thds: 1 tps: 16.00 qps: 652.99 (r/w/o: 0.00/620.99/32.00) lat (ms,95%): 71.83 err/s: 0.00 reconn/s: 0.00
SQL statistics:
    queries performed:
        read:                            0
        write:                           5119
        other:                           257
        total:                           5376
    transactions:                        128    (15.94 per sec.)
    queries:                             5376   (669.51 per sec.)
    ignored errors:                      0      (0.00 per sec.)
    reconnects:                          0      (0.00 per sec.)

General statistics:
    total time:                          8.0294s
    total number of events:              128

Latency (ms):
         min:                                   34.78
         avg:                                   62.72
         max:                                   85.58
         95th percentile:                       73.13
         sum:                                 8028.50

Threads fairness:
    events (avg/stddev):           128.0000/0.00
    execution time (avg/stddev):   8.0285/0.00

