sysbench 1.0.20 (using system LuaJIT 2.1.0-beta3)

Running the test with following options:
Number of threads: 4
Report intermediate results every 2 second(s)
Initializing random number generator from current time


Initializing worker threads...

Threads started!

[ 2s ] thds: 4 tps: 574.25 qps: 1725.74 (r/w/o: 1725.74/0.00/0.00) lat (ms,95%): 8.43 err/s: 0.00 reconn/s: 0.00
[ 4s ] thds: 4 tps: 579.11 qps: 1736.83 (r/w/o: 1736.83/0.00/0.00) lat (ms,95%): 8.43 err/s: 0.00 reconn/s: 0.00
[ 6s ] thds: 4 tps: 580.48 qps: 1741.45 (r/w/o: 1741.45/0.00/0.00) lat (ms,95%): 8.28 err/s: 0.00 reconn/s: 0.00
[ 8s ] thds: 4 tps: 580.01 qps: 1740.52 (r/w/o: 1740.52/0.00/0.00) lat (ms,95%): 8.13 err/s: 0.00 reconn/s: 0.00
[ 10s ] thds: 4 tps: 579.51 qps: 1738.02 (r/w/o: 1738.02/0.00/0.00) lat (ms,95%): 8.13 err/s: 0.00 reconn/s: 0.00
[ 12s ] thds: 4 tps: 579.50 qps: 1738.49 (r/w/o: 1738.49/0.00/0.00) lat (ms,95%): 8.13 err/s: 0.00 reconn/s: 0.00
[ 14s ] thds: 4 tps: 577.51 qps: 1732.52 (r/w/o: 1732.52/0.00/0.00) lat (ms,95%): 8.28 err/s: 0.00 reconn/s: 0.00
[ 16s ] thds: 4 tps: 576.00 qps: 1728.99 (r/w/o: 1728.99/0.00/0.00) lat (ms,95%): 8.28 err/s: 0.00 reconn/s: 0.00
[ 18s ] thds: 4 tps: 574.98 qps: 1723.44 (r/w/o: 1723.44/0.00/0.00) lat (ms,95%): 8.43 err/s: 0.00 reconn/s: 0.00
SQL statistics:
    queries performed:
        read:                            31221
        write:                           0
        other:                           0
        total:                           31221
    transactions:                        10407  (577.95 per sec.)
    queries:                             31221  (1733.85 per sec.)
    ignored errors:                      0      (0.00 per sec.)
    reconnects:                          0      (0.00 per sec.)

General statistics:
    total time:                          18.0063s
    total number of events:              10407

Latency (ms):
         min:                                    3.50
         avg:                                    6.92
         max:                                   25.23
         95th percentile:                        8.28
         sum:                                72001.36

Threads fairness:
    events (avg/stddev):           2601.7500/10.85
    execution time (avg/stddev):   18.0003/0.00

