sysbench 1.0.20 (using system LuaJIT 2.1.0-beta3)

Running the test with following options:
Number of threads: 1
Report intermediate results every 1 second(s)
Initializing random number generator from current time


Initializing worker threads...

Threads started!

[ 1s ] thds: 1 tps: 5052.22 qps: 5052.22 (r/w/o: 5052.22/0.00/0.00) lat (ms,95%): 0.22 err/s: 0.00 reconn/s: 0.00
[ 2s ] thds: 1 tps: 5031.08 qps: 5031.08 (r/w/o: 5031.08/0.00/0.00) lat (ms,95%): 0.22 err/s: 0.00 reconn/s: 0.00
[ 3s ] thds: 1 tps: 4937.02 qps: 4937.02 (r/w/o: 4937.02/0.00/0.00) lat (ms,95%): 0.23 err/s: 0.00 reconn/s: 0.00
[ 4s ] thds: 1 tps: 4940.41 qps: 4940.41 (r/w/o: 4940.41/0.00/0.00) lat (ms,95%): 0.23 err/s: 0.00 reconn/s: 0.00
[ 5s ] thds: 1 tps: 5021.78 qps: 5021.78 (r/w/o: 5021.78/0.00/0.00) lat (ms,95%): 0.22 err/s: 0.00 reconn/s: 0.00
[ 6s ] thds: 1 tps: 5068.13 qps: 5068.13 (r/w/o: 5068.13/0.00/0.00) lat (ms,95%): 0.22 err/s: 0.00 reconn/s: 0.00
[ 7s ] thds: 1 tps: 4947.84 qps: 4947.84 (r/w/o: 4947.84/0.00/0.00) lat (ms,95%): 0.22 err/s: 0.00 reconn/s: 0.00
SQL statistics:
    queries performed:
        read:                            40004
        write:                           0
        other:                           0
        total:                           40004
    transactions:                        40004  (4999.84 per sec.)
    queries:                             40004  (4999.84 per sec.)
    ignored errors:                      0      (0.00 per sec.)
    reconnects:                          0      (0.00 per sec.)

General statistics:
    total time:                          8.0007s
    total number of events:              40004

Latency (ms):
         min:                                    0.17
         avg:                                    0.20
         max:                                    8.02
         95th percentile:                        0.22
         sum:                                 7963.20

Threads fairness:
    events (avg/stddev):           40004.0000/0.00
    execution time (avg/stddev):   7.9632/0.00

