sysbench 1.0.20 (using system LuaJIT 2.1.0-beta3)

Running the test with following options:
Number of threads: 1
Report intermediate results every 1 second(s)
Initializing random number generator from current time


Initializing worker threads...

Threads started!

[ 1s ] thds: 1 tps: 260.77 qps: 260.77 (r/w/o: 260.77/0.00/0.00) lat (ms,95%): 4.65 err/s: 0.00 reconn/s: 0.00
[ 2s ] thds: 1 tps: 271.10 qps: 271.10 (r/w/o: 271.10/0.00/0.00) lat (ms,95%): 4.10 err/s: 0.00 reconn/s: 0.00
[ 3s ] thds: 1 tps: 269.99 qps: 269.99 (r/w/o: 269.99/0.00/0.00) lat (ms,95%): 4.10 err/s: 0.00 reconn/s: 0.00
[ 4s ] thds: 1 tps: 269.00 qps: 269.00 (r/w/o: 269.00/0.00/0.00) lat (ms,95%): 4.10 err/s: 0.00 reconn/s: 0.00
[ 5s ] thds: 1 tps: 276.00 qps: 276.00 (r/w/o: 276.00/0.00/0.00) lat (ms,95%): 4.03 err/s: 0.00 reconn/s: 0.00
[ 6s ] thds: 1 tps: 273.00 qps: 273.00 (r/w/o: 273.00/0.00/0.00) lat (ms,95%): 3.82 err/s: 0.00 reconn/s: 0.00
[ 7s ] thds: 1 tps: 266.00 qps: 266.00 (r/w/o: 266.00/0.00/0.00) lat (ms,95%): 4.10 err/s: 0.00 reconn/s: 0.00
[ 8s ] thds: 1 tps: 265.00 qps: 265.00 (r/w/o: 265.00/0.00/0.00) lat (ms,95%): 4.10 err/s: 0.00 reconn/s: 0.00
SQL statistics:
    queries performed:
        read:                            2152
        write:                           0
        other:                           0
        total:                           2152
    transactions:                        2152   (268.92 per sec.)
    queries:                             2152   (268.92 per sec.)
    ignored errors:                      0      (0.00 per sec.)
    reconnects:                          0      (0.00 per sec.)

General statistics:
    total time:                          8.0021s
    total number of events:              2152

Latency (ms):
         min:                                    3.10
         avg:                                    3.72
         max:                                   11.88
         95th percentile:                        4.10
         sum:                                 7998.55

Threads fairness:
    events (avg/stddev):           2152.0000/0.00
    execution time (avg/stddev):   7.9985/0.00

