sysbench 1.0.20 (using system LuaJIT 2.1.0-beta3)

Running the test with following options:
Number of threads: 1
Report intermediate results every 1 second(s)
Initializing random number generator from current time


Initializing worker threads...

Threads started!

[ 1s ] thds: 1 tps: 2805.56 qps: 2805.56 (r/w/o: 2805.56/0.00/0.00) lat (ms,95%): 0.38 err/s: 0.00 reconn/s: 0.00
[ 2s ] thds: 1 tps: 2828.11 qps: 2828.11 (r/w/o: 2828.11/0.00/0.00) lat (ms,95%): 0.39 err/s: 0.00 reconn/s: 0.00
[ 3s ] thds: 1 tps: 2845.95 qps: 2845.95 (r/w/o: 2845.95/0.00/0.00) lat (ms,95%): 0.38 err/s: 0.00 reconn/s: 0.00
[ 4s ] thds: 1 tps: 2774.83 qps: 2774.83 (r/w/o: 2774.83/0.00/0.00) lat (ms,95%): 0.41 err/s: 0.00 reconn/s: 0.00
[ 5s ] thds: 1 tps: 2820.22 qps: 2820.22 (r/w/o: 2820.22/0.00/0.00) lat (ms,95%): 0.38 err/s: 0.00 reconn/s: 0.00
[ 6s ] thds: 1 tps: 2837.99 qps: 2837.99 (r/w/o: 2837.99/0.00/0.00) lat (ms,95%): 0.38 err/s: 0.00 reconn/s: 0.00
[ 7s ] thds: 1 tps: 2833.76 qps: 2833.76 (r/w/o: 2833.76/0.00/0.00) lat (ms,95%): 0.38 err/s: 0.00 reconn/s: 0.00
[ 8s ] thds: 1 tps: 2854.03 qps: 2854.03 (r/w/o: 2854.03/0.00/0.00) lat (ms,95%): 0.38 err/s: 0.00 reconn/s: 0.00
SQL statistics:
    queries performed:
        read:                            22603
        write:                           0
        other:                           0
        total:                           22603
    transactions:                        22603  (2824.96 per sec.)
    queries:                             22603  (2824.96 per sec.)
    ignored errors:                      0      (0.00 per sec.)
    reconnects:                          0      (0.00 per sec.)

General statistics:
    total time:                          8.0008s
    total number of events:              22603

Latency (ms):
         min:                                    0.32
         avg:                                    0.35
         max:                                    8.70
         95th percentile:                        0.38
         sum:                                 7980.89

Threads fairness:
    events (avg/stddev):           22603.0000/0.00
    execution time (avg/stddev):   7.9809/0.00

