sysbench 1.0.20 (using system LuaJIT 2.1.0-beta3)

Running the test with following options:
Number of threads: 1
Report intermediate results every 1 second(s)
Initializing random number generator from current time


Initializing worker threads...

Threads started!

[ 1s ] thds: 1 tps: 1556.94 qps: 1556.94 (r/w/o: 1556.94/0.00/0.00) lat (ms,95%): 0.67 err/s: 0.00 reconn/s: 0.00
[ 2s ] thds: 1 tps: 1575.40 qps: 1575.40 (r/w/o: 1575.40/0.00/0.00) lat (ms,95%): 0.67 err/s: 0.00 reconn/s: 0.00
[ 3s ] thds: 1 tps: 1585.81 qps: 1585.81 (r/w/o: 1585.81/0.00/0.00) lat (ms,95%): 0.67 err/s: 0.00 reconn/s: 0.00
[ 4s ] thds: 1 tps: 1564.16 qps: 1564.16 (r/w/o: 1564.16/0.00/0.00) lat (ms,95%): 0.67 err/s: 0.00 reconn/s: 0.00
[ 5s ] thds: 1 tps: 1563.86 qps: 1563.86 (r/w/o: 1563.86/0.00/0.00) lat (ms,95%): 0.67 err/s: 0.00 reconn/s: 0.00
[ 6s ] thds: 1 tps: 1531.98 qps: 1531.98 (r/w/o: 1531.98/0.00/0.00) lat (ms,95%): 0.69 err/s: 0.00 reconn/s: 0.00
[ 7s ] thds: 1 tps: 1569.16 qps: 1569.16 (r/w/o: 1569.16/0.00/0.00) lat (ms,95%): 0.67 err/s: 0.00 reconn/s: 0.00
[ 8s ] thds: 1 tps: 1578.03 qps: 1578.03 (r/w/o: 1578.03/0.00/0.00) lat (ms,95%): 0.67 err/s: 0.00 reconn/s: 0.00
SQL statistics:
    queries performed:
        read:                            12527
        write:                           0
        other:                           0
        total:                           12527
    transactions:                        12527  (1565.59 per sec.)
    queries:                             12527  (1565.59 per sec.)
    ignored errors:                      0      (0.00 per sec.)
    reconnects:                          0      (0.00 per sec.)

General statistics:
    total time:                          8.0011s
    total number of events:              12527

Latency (ms):
         min:                                    0.57
         avg:                                    0.64
         max:                                    8.49
         95th percentile:                        0.67
         sum:                                 7989.57

Threads fairness:
    events (avg/stddev):           12527.0000/0.00
    execution time (avg/stddev):   7.9896/0.00

