sysbench 1.0.20 (using system LuaJIT 2.1.0-beta3)

Running the test with following options:
Number of threads: 1
Report intermediate results every 1 second(s)
Initializing random number generator from current time


Initializing worker threads...

Threads started!

[ 1s ] thds: 1 tps: 684.41 qps: 684.41 (r/w/o: 684.41/0.00/0.00) lat (ms,95%): 1.52 err/s: 0.00 reconn/s: 0.00
[ 2s ] thds: 1 tps: 690.27 qps: 690.27 (r/w/o: 690.27/0.00/0.00) lat (ms,95%): 1.58 err/s: 0.00 reconn/s: 0.00
[ 3s ] thds: 1 tps: 692.02 qps: 692.02 (r/w/o: 692.02/0.00/0.00) lat (ms,95%): 1.52 err/s: 0.00 reconn/s: 0.00
[ 4s ] thds: 1 tps: 685.98 qps: 685.98 (r/w/o: 685.98/0.00/0.00) lat (ms,95%): 1.52 err/s: 0.00 reconn/s: 0.00
[ 5s ] thds: 1 tps: 685.93 qps: 685.93 (r/w/o: 685.93/0.00/0.00) lat (ms,95%): 1.52 err/s: 0.00 reconn/s: 0.00
[ 6s ] thds: 1 tps: 688.07 qps: 688.07 (r/w/o: 688.07/0.00/0.00) lat (ms,95%): 1.52 err/s: 0.00 reconn/s: 0.00
[ 7s ] thds: 1 tps: 698.95 qps: 698.95 (r/w/o: 698.95/0.00/0.00) lat (ms,95%): 1.50 err/s: 0.00 reconn/s: 0.00
SQL statistics:
    queries performed:
        read:                            5518
        write:                           0
        other:                           0
        total:                           5518
    transactions:                        5518   (689.66 per sec.)
    queries:                             5518   (689.66 per sec.)
    ignored errors:                      0      (0.00 per sec.)
    reconnects:                          0      (0.00 per sec.)

General statistics:
    total time:                          8.0007s
    total number of events:              5518

Latency (ms):
         min:                                    1.25
         avg:                                    1.45
         max:                                   10.00
         95th percentile:                        1.52
         sum:                                 7993.77

Threads fairness:
    events (avg/stddev):           5518.0000/0.00
    execution time (avg/stddev):   7.9938/0.00

