sysbench 1.0.20 (using system LuaJIT 2.1.0-beta3)

Running the test with following options:
Number of threads: 1
Report intermediate results every 1 second(s)
Initializing random number generator from current time


Initializing worker threads...

Threads started!

[ 1s ] thds: 1 tps: 5803.28 qps: 5803.28 (r/w/o: 5803.28/0.00/0.00) lat (ms,95%): 0.20 err/s: 0.00 reconn/s: 0.00
[ 2s ] thds: 1 tps: 5837.12 qps: 5837.12 (r/w/o: 5837.12/0.00/0.00) lat (ms,95%): 0.20 err/s: 0.00 reconn/s: 0.00
[ 3s ] thds: 1 tps: 5864.57 qps: 5864.57 (r/w/o: 5864.57/0.00/0.00) lat (ms,95%): 0.20 err/s: 0.00 reconn/s: 0.00
[ 4s ] thds: 1 tps: 5894.93 qps: 5894.93 (r/w/o: 5894.93/0.00/0.00) lat (ms,95%): 0.20 err/s: 0.00 reconn/s: 0.00
[ 5s ] thds: 1 tps: 5934.66 qps: 5934.66 (r/w/o: 5934.66/0.00/0.00) lat (ms,95%): 0.19 err/s: 0.00 reconn/s: 0.00
[ 6s ] thds: 1 tps: 5944.28 qps: 5944.28 (r/w/o: 5944.28/0.00/0.00) lat (ms,95%): 0.19 err/s: 0.00 reconn/s: 0.00
[ 7s ] thds: 1 tps: 5832.48 qps: 5832.48 (r/w/o: 5832.48/0.00/0.00) lat (ms,95%): 0.20 err/s: 0.00 reconn/s: 0.00
SQL statistics:
    queries performed:
        read:                            47077
        write:                           0
        other:                           0
        total:                           47077
    transactions:                        47077  (5883.84 per sec.)
    queries:                             47077  (5883.84 per sec.)
    ignored errors:                      0      (0.00 per sec.)
    reconnects:                          0      (0.00 per sec.)

General statistics:
    total time:                          8.0007s
    total number of events:              47077

Latency (ms):
         min:                                    0.15
         avg:                                    0.17
         max:                                    7.78
         95th percentile:                        0.20
         sum:                                 7957.65

Threads fairness:
    events (avg/stddev):           47077.0000/0.00
    execution time (avg/stddev):   7.9577/0.00

