sysbench 1.0.20 (using system LuaJIT 2.1.0-beta3)

Running the test with following options:
Number of threads: 1
Report intermediate results every 1 second(s)
Initializing random number generator from current time


Initializing worker threads...

Threads started!

[ 1s ] thds: 1 tps: 138.90 qps: 418.69 (r/w/o: 418.69/0.00/0.00) lat (ms,95%): 7.30 err/s: 0.00 reconn/s: 0.00
[ 2s ] thds: 1 tps: 142.03 qps: 426.08 (r/w/o: 426.08/0.00/0.00) lat (ms,95%): 7.30 err/s: 0.00 reconn/s: 0.00
[ 3s ] thds: 1 tps: 142.01 qps: 425.03 (r/w/o: 425.03/0.00/0.00) lat (ms,95%): 7.43 err/s: 0.00 reconn/s: 0.00
[ 4s ] thds: 1 tps: 141.00 qps: 424.00 (r/w/o: 424.00/0.00/0.00) lat (ms,95%): 7.30 err/s: 0.00 reconn/s: 0.00
[ 5s ] thds: 1 tps: 143.00 qps: 427.01 (r/w/o: 427.01/0.00/0.00) lat (ms,95%): 7.17 err/s: 0.00 reconn/s: 0.00
[ 6s ] thds: 1 tps: 140.98 qps: 422.95 (r/w/o: 422.95/0.00/0.00) lat (ms,95%): 7.17 err/s: 0.00 reconn/s: 0.00
[ 7s ] thds: 1 tps: 142.02 qps: 428.05 (r/w/o: 428.05/0.00/0.00) lat (ms,95%): 7.17 err/s: 0.00 reconn/s: 0.00
[ 8s ] thds: 1 tps: 142.00 qps: 425.00 (r/w/o: 425.00/0.00/0.00) lat (ms,95%): 7.17 err/s: 0.00 reconn/s: 0.00
SQL statistics:
    queries performed:
        read:                            3399
        write:                           0
        other:                           0
        total:                           3399
    transactions:                        1133   (141.55 per sec.)
    queries:                             3399   (424.64 per sec.)
    ignored errors:                      0      (0.00 per sec.)
    reconnects:                          0      (0.00 per sec.)

General statistics:
    total time:                          8.0041s
    total number of events:              1133

Latency (ms):
         min:                                    6.84
         avg:                                    7.06
         max:                                   14.96
         95th percentile:                        7.30
         sum:                                 8001.48

Threads fairness:
    events (avg/stddev):           1133.0000/0.00
    execution time (avg/stddev):   8.0015/0.00

