sysbench 1.0.20 (using system LuaJIT 2.1.0-beta3)

Running the test with following options:
Number of threads: 1
Report intermediate results every 1 second(s)
Initializing random number generator from current time


Initializing worker threads...

Threads started!

[ 1s ] thds: 1 tps: 0.00 qps: 991.06 (r/w/o: 0.00/988.07/3.00) lat (ms,95%): 0.00 err/s: 0.00 reconn/s: 0.00
[ 2s ] thds: 1 tps: 0.00 qps: 950.44 (r/w/o: 0.00/950.44/0.00) lat (ms,95%): 0.00 err/s: 0.00 reconn/s: 0.00
[ 3s ] thds: 1 tps: 0.00 qps: 941.02 (r/w/o: 0.00/941.02/0.00) lat (ms,95%): 0.00 err/s: 0.00 reconn/s: 0.00
[ 4s ] thds: 1 tps: 0.00 qps: 991.95 (r/w/o: 0.00/991.95/0.00) lat (ms,95%): 0.00 err/s: 0.00 reconn/s: 0.00
[ 5s ] thds: 1 tps: 0.00 qps: 968.01 (r/w/o: 0.00/968.01/0.00) lat (ms,95%): 0.00 err/s: 0.00 reconn/s: 0.00
[ 6s ] thds: 1 tps: 1.00 qps: 901.07 (r/w/o: 0.00/899.07/2.00) lat (ms,95%): 5124.81 err/s: 0.00 reconn/s: 0.00
[ 7s ] thds: 1 tps: 0.00 qps: 960.96 (r/w/o: 0.00/960.96/0.00) lat (ms,95%): 0.00 err/s: 0.00 reconn/s: 0.00
[ 8s ] thds: 1 tps: 0.00 qps: 1008.03 (r/w/o: 0.00/1008.03/0.00) lat (ms,95%): 0.00 err/s: 0.00 reconn/s: 0.00
[ 9s ] thds: 1 tps: 0.00 qps: 940.01 (r/w/o: 0.00/940.01/0.00) lat (ms,95%): 0.00 err/s: 0.00 reconn/s: 0.00
[ 10s ] thds: 1 tps: 0.00 qps: 958.98 (r/w/o: 0.00/958.98/0.00) lat (ms,95%): 0.00 err/s: 0.00 reconn/s: 0.00
SQL statistics:
    queries performed:
        read:                            0
        write:                           10001
        other:                           5
        total:                           10006
    transactions:                        2      (0.19 per sec.)
    queries:                             10006  (960.64 per sec.)
    ignored errors:                      0      (0.00 per sec.)
    reconnects:                          0      (0.00 per sec.)

General statistics:
    total time:                          10.4156s
    total number of events:              2

Latency (ms):
         min:                                 5167.31
         avg:                                 5207.44
         max:                                 5247.57
         95th percentile:                     5217.92
         sum:                                10414.88

Threads fairness:
    events (avg/stddev):           2.0000/0.00
    execution time (avg/stddev):   10.4149/0.00

