sysbench 1.0.20 (using system LuaJIT 2.1.0-beta3)

Running the test with following options:
Number of threads: 1
Report intermediate results every 1 second(s)
Initializing random number generator from current time


Initializing worker threads...

Threads started!

[ 1s ] thds: 1 tps: 4968.63 qps: 4968.63 (r/w/o: 4968.63/0.00/0.00) lat (ms,95%): 0.23 err/s: 0.00 reconn/s: 0.00
[ 2s ] thds: 1 tps: 5047.90 qps: 5047.90 (r/w/o: 5047.90/0.00/0.00) lat (ms,95%): 0.22 err/s: 0.00 reconn/s: 0.00
[ 3s ] thds: 1 tps: 5065.13 qps: 5065.13 (r/w/o: 5065.13/0.00/0.00) lat (ms,95%): 0.22 err/s: 0.00 reconn/s: 0.00
[ 4s ] thds: 1 tps: 4941.71 qps: 4941.71 (r/w/o: 4941.71/0.00/0.00) lat (ms,95%): 0.23 err/s: 0.00 reconn/s: 0.00
[ 5s ] thds: 1 tps: 4934.29 qps: 4934.29 (r/w/o: 4934.29/0.00/0.00) lat (ms,95%): 0.23 err/s: 0.00 reconn/s: 0.00
[ 6s ] thds: 1 tps: 5021.69 qps: 5021.69 (r/w/o: 5021.69/0.00/0.00) lat (ms,95%): 0.22 err/s: 0.00 reconn/s: 0.00
[ 7s ] thds: 1 tps: 5003.34 qps: 5003.34 (r/w/o: 5003.34/0.00/0.00) lat (ms,95%): 0.22 err/s: 0.00 reconn/s: 0.00
SQL statistics:
    queries performed:
        read:                            40031
        write:                           0
        other:                           0
        total:                           40031
    transactions:                        40031  (5003.19 per sec.)
    queries:                             40031  (5003.19 per sec.)
    ignored errors:                      0      (0.00 per sec.)
    reconnects:                          0      (0.00 per sec.)

General statistics:
    total time:                          8.0007s
    total number of events:              40031

Latency (ms):
         min:                                    0.18
         avg:                                    0.20
         max:                                    7.75
         95th percentile:                        0.23
         sum:                                 7966.04

Threads fairness:
    events (avg/stddev):           40031.0000/0.00
    execution time (avg/stddev):   7.9660/0.00

