sysbench 1.0.20 (using system LuaJIT 2.1.0-beta3)

Running the test with following options:
Number of threads: 1
Report intermediate results every 1 second(s)
Initializing random number generator from current time


Initializing worker threads...

Threads started!

[ 1s ] thds: 1 tps: 259.79 qps: 259.79 (r/w/o: 259.79/0.00/0.00) lat (ms,95%): 4.18 err/s: 0.00 reconn/s: 0.00
[ 2s ] thds: 1 tps: 262.08 qps: 262.08 (r/w/o: 262.08/0.00/0.00) lat (ms,95%): 4.18 err/s: 0.00 reconn/s: 0.00
[ 3s ] thds: 1 tps: 263.01 qps: 263.01 (r/w/o: 263.01/0.00/0.00) lat (ms,95%): 3.96 err/s: 0.00 reconn/s: 0.00
[ 4s ] thds: 1 tps: 263.99 qps: 263.99 (r/w/o: 263.99/0.00/0.00) lat (ms,95%): 4.03 err/s: 0.00 reconn/s: 0.00
[ 5s ] thds: 1 tps: 261.01 qps: 261.01 (r/w/o: 261.01/0.00/0.00) lat (ms,95%): 4.18 err/s: 0.00 reconn/s: 0.00
[ 6s ] thds: 1 tps: 257.99 qps: 257.99 (r/w/o: 257.99/0.00/0.00) lat (ms,95%): 4.25 err/s: 0.00 reconn/s: 0.00
[ 7s ] thds: 1 tps: 264.00 qps: 264.00 (r/w/o: 264.00/0.00/0.00) lat (ms,95%): 4.10 err/s: 0.00 reconn/s: 0.00
[ 8s ] thds: 1 tps: 263.01 qps: 263.01 (r/w/o: 263.01/0.00/0.00) lat (ms,95%): 3.89 err/s: 0.00 reconn/s: 0.00
SQL statistics:
    queries performed:
        read:                            2096
        write:                           0
        other:                           0
        total:                           2096
    transactions:                        2096   (261.93 per sec.)
    queries:                             2096   (261.93 per sec.)
    ignored errors:                      0      (0.00 per sec.)
    reconnects:                          0      (0.00 per sec.)

General statistics:
    total time:                          8.0019s
    total number of events:              2096

Latency (ms):
         min:                                    3.32
         avg:                                    3.82
         max:                                   11.64
         95th percentile:                        4.18
         sum:                                 7998.59

Threads fairness:
    events (avg/stddev):           2096.0000/0.00
    execution time (avg/stddev):   7.9986/0.00

