sysbench 1.0.20 (using system LuaJIT 2.1.0-beta3)

Running the test with following options:
Number of threads: 4
Report intermediate results every 2 second(s)
Initializing random number generator from current time


Initializing worker threads...

Threads started!

[ 2s ] thds: 4 tps: 4.00 qps: 3082.85 (r/w/o: 0.00/822.06/2260.79) lat (ms,95%): 719.92 err/s: 9.49 reconn/s: 0.00
[ 4s ] thds: 4 tps: 8.00 qps: 3224.27 (r/w/o: 0.00/846.20/2378.07) lat (ms,95%): 669.89 err/s: 13.00 reconn/s: 0.00
[ 6s ] thds: 4 tps: 6.00 qps: 3382.49 (r/w/o: 0.00/857.00/2525.49) lat (ms,95%): 646.19 err/s: 7.00 reconn/s: 0.00
[ 8s ] thds: 4 tps: 6.00 qps: 3327.64 (r/w/o: 0.00/885.04/2442.61) lat (ms,95%): 646.19 err/s: 13.00 reconn/s: 0.00
[ 10s ] thds: 4 tps: 6.00 qps: 3074.89 (r/w/o: 0.00/779.97/2294.92) lat (ms,95%): 669.89 err/s: 6.00 reconn/s: 0.00
[ 12s ] thds: 4 tps: 6.00 qps: 2695.99 (r/w/o: 0.00/708.00/1987.99) lat (ms,95%): 816.63 err/s: 11.00 reconn/s: 0.00
[ 14s ] thds: 4 tps: 4.00 qps: 2522.05 (r/w/o: 0.00/633.01/1889.04) lat (ms,95%): 816.63 err/s: 3.00 reconn/s: 0.00
[ 16s ] thds: 4 tps: 8.00 qps: 3359.48 (r/w/o: 0.00/850.00/2509.49) lat (ms,95%): 773.68 err/s: 7.00 reconn/s: 0.00
[ 18s ] thds: 4 tps: 6.00 qps: 3449.15 (r/w/o: 0.00/932.04/2517.11) lat (ms,95%): 634.66 err/s: 16.50 reconn/s: 0.00
SQL statistics:
    queries performed:
        read:                            0
        write:                           14992
        other:                           42707
        total:                           57699
    transactions:                        112    (6.08 per sec.)
    queries:                             57699  (3134.17 per sec.)
    ignored errors:                      172    (9.34 per sec.)
    reconnects:                          0      (0.00 per sec.)

General statistics:
    total time:                          18.4092s
    total number of events:              112

Latency (ms):
         min:                                  554.95
         avg:                                  657.43
         max:                                  821.78
         95th percentile:                      816.63
         sum:                                73632.26

Threads fairness:
    events (avg/stddev):           28.0000/0.00
    execution time (avg/stddev):   18.4081/0.00

