sysbench 1.0.20 (using system LuaJIT 2.1.0-beta3)

Running the test with following options:
Number of threads: 1
Report intermediate results every 1 second(s)
Initializing random number generator from current time


Initializing worker threads...

Threads started!

[ 1s ] thds: 1 tps: 305.74 qps: 305.74 (r/w/o: 305.74/0.00/0.00) lat (ms,95%): 3.30 err/s: 0.00 reconn/s: 0.00
[ 2s ] thds: 1 tps: 313.10 qps: 313.10 (r/w/o: 313.10/0.00/0.00) lat (ms,95%): 3.25 err/s: 0.00 reconn/s: 0.00
[ 3s ] thds: 1 tps: 311.00 qps: 311.00 (r/w/o: 311.00/0.00/0.00) lat (ms,95%): 3.30 err/s: 0.00 reconn/s: 0.00
[ 4s ] thds: 1 tps: 310.00 qps: 310.00 (r/w/o: 310.00/0.00/0.00) lat (ms,95%): 3.30 err/s: 0.00 reconn/s: 0.00
[ 5s ] thds: 1 tps: 310.00 qps: 310.00 (r/w/o: 310.00/0.00/0.00) lat (ms,95%): 3.30 err/s: 0.00 reconn/s: 0.00
[ 6s ] thds: 1 tps: 306.99 qps: 306.99 (r/w/o: 306.99/0.00/0.00) lat (ms,95%): 3.30 err/s: 0.00 reconn/s: 0.00
[ 7s ] thds: 1 tps: 310.03 qps: 310.03 (r/w/o: 310.03/0.00/0.00) lat (ms,95%): 3.25 err/s: 0.00 reconn/s: 0.00
[ 8s ] thds: 1 tps: 312.99 qps: 312.99 (r/w/o: 312.99/0.00/0.00) lat (ms,95%): 3.25 err/s: 0.00 reconn/s: 0.00
SQL statistics:
    queries performed:
        read:                            2481
        write:                           0
        other:                           0
        total:                           2481
    transactions:                        2481   (309.98 per sec.)
    queries:                             2481   (309.98 per sec.)
    ignored errors:                      0      (0.00 per sec.)
    reconnects:                          0      (0.00 per sec.)

General statistics:
    total time:                          8.0033s
    total number of events:              2481

Latency (ms):
         min:                                    3.14
         avg:                                    3.22
         max:                                   11.35
         95th percentile:                        3.25
         sum:                                 7999.73

Threads fairness:
    events (avg/stddev):           2481.0000/0.00
    execution time (avg/stddev):   7.9997/0.00

