sysbench 1.0.20 (using system LuaJIT 2.1.0-beta3)

Running the test with following options:
Number of threads: 1
Report intermediate results every 1 second(s)
Initializing random number generator from current time


Initializing worker threads...

Threads started!

[ 1s ] thds: 1 tps: 833.41 qps: 2502.24 (r/w/o: 2502.24/0.00/0.00) lat (ms,95%): 1.27 err/s: 0.00 reconn/s: 0.00
[ 2s ] thds: 1 tps: 824.16 qps: 2470.47 (r/w/o: 2470.47/0.00/0.00) lat (ms,95%): 1.32 err/s: 0.00 reconn/s: 0.00
[ 3s ] thds: 1 tps: 826.03 qps: 2479.10 (r/w/o: 2479.10/0.00/0.00) lat (ms,95%): 1.30 err/s: 0.00 reconn/s: 0.00
[ 4s ] thds: 1 tps: 831.06 qps: 2494.17 (r/w/o: 2494.17/0.00/0.00) lat (ms,95%): 1.27 err/s: 0.00 reconn/s: 0.00
[ 5s ] thds: 1 tps: 802.90 qps: 2406.70 (r/w/o: 2406.70/0.00/0.00) lat (ms,95%): 1.34 err/s: 0.00 reconn/s: 0.00
[ 6s ] thds: 1 tps: 803.01 qps: 2411.02 (r/w/o: 2411.02/0.00/0.00) lat (ms,95%): 1.37 err/s: 0.00 reconn/s: 0.00
[ 7s ] thds: 1 tps: 819.00 qps: 2454.99 (r/w/o: 2454.99/0.00/0.00) lat (ms,95%): 1.30 err/s: 0.00 reconn/s: 0.00
[ 8s ] thds: 1 tps: 802.04 qps: 2407.13 (r/w/o: 2407.13/0.00/0.00) lat (ms,95%): 1.34 err/s: 0.00 reconn/s: 0.00
SQL statistics:
    queries performed:
        read:                            19629
        write:                           0
        other:                           0
        total:                           19629
    transactions:                        6543   (817.72 per sec.)
    queries:                             19629  (2453.17 per sec.)
    ignored errors:                      0      (0.00 per sec.)
    reconnects:                          0      (0.00 per sec.)

General statistics:
    total time:                          8.0011s
    total number of events:              6543

Latency (ms):
         min:                                    1.11
         avg:                                    1.22
         max:                                    9.02
         95th percentile:                        1.32
         sum:                                 7993.01

Threads fairness:
    events (avg/stddev):           6543.0000/0.00
    execution time (avg/stddev):   7.9930/0.00

