sysbench 1.0.20 (using system LuaJIT 2.1.0-beta3)

Running the test with following options:
Number of threads: 1
Report intermediate results every 1 second(s)
Initializing random number generator from current time


Initializing worker threads...

Threads started!

[ 1s ] thds: 1 tps: 299.81 qps: 299.81 (r/w/o: 299.81/0.00/0.00) lat (ms,95%): 3.55 err/s: 0.00 reconn/s: 0.00
[ 2s ] thds: 1 tps: 309.04 qps: 309.04 (r/w/o: 309.04/0.00/0.00) lat (ms,95%): 3.25 err/s: 0.00 reconn/s: 0.00
[ 3s ] thds: 1 tps: 308.00 qps: 308.00 (r/w/o: 308.00/0.00/0.00) lat (ms,95%): 3.30 err/s: 0.00 reconn/s: 0.00
[ 4s ] thds: 1 tps: 306.00 qps: 306.00 (r/w/o: 306.00/0.00/0.00) lat (ms,95%): 3.43 err/s: 0.00 reconn/s: 0.00
[ 5s ] thds: 1 tps: 306.01 qps: 306.01 (r/w/o: 306.01/0.00/0.00) lat (ms,95%): 3.43 err/s: 0.00 reconn/s: 0.00
[ 6s ] thds: 1 tps: 306.00 qps: 306.00 (r/w/o: 306.00/0.00/0.00) lat (ms,95%): 3.36 err/s: 0.00 reconn/s: 0.00
[ 7s ] thds: 1 tps: 304.99 qps: 304.99 (r/w/o: 304.99/0.00/0.00) lat (ms,95%): 3.49 err/s: 0.00 reconn/s: 0.00
SQL statistics:
    queries performed:
        read:                            2441
        write:                           0
        other:                           0
        total:                           2441
    transactions:                        2441   (305.08 per sec.)
    queries:                             2441   (305.08 per sec.)
    ignored errors:                      0      (0.00 per sec.)
    reconnects:                          0      (0.00 per sec.)

General statistics:
    total time:                          8.0007s
    total number of events:              2441

Latency (ms):
         min:                                    3.17
         avg:                                    3.28
         max:                                   11.63
         95th percentile:                        3.43
         sum:                                 7997.07

Threads fairness:
    events (avg/stddev):           2441.0000/0.00
    execution time (avg/stddev):   7.9971/0.00

