sysbench 1.0.20 (using system LuaJIT 2.1.0-beta3)

Running the test with following options:
Number of threads: 1
Report intermediate results every 1 second(s)
Initializing random number generator from current time


Initializing worker threads...

Threads started!

[ 1s ] thds: 1 tps: 0.00 qps: 1251.78 (r/w/o: 0.00/1247.79/4.00) lat (ms,95%): 0.00 err/s: 0.00 reconn/s: 0.00
[ 2s ] thds: 1 tps: 0.00 qps: 1158.63 (r/w/o: 0.00/1158.63/0.00) lat (ms,95%): 0.00 err/s: 0.00 reconn/s: 0.00
[ 3s ] thds: 1 tps: 1.00 qps: 1003.98 (r/w/o: 0.00/1001.98/2.00) lat (ms,95%): 2449.36 err/s: 0.00 reconn/s: 0.00
[ 4s ] thds: 1 tps: 0.00 qps: 1305.96 (r/w/o: 0.00/1305.96/0.00) lat (ms,95%): 0.00 err/s: 0.00 reconn/s: 0.00
[ 5s ] thds: 1 tps: 1.00 qps: 1181.01 (r/w/o: 0.00/1179.01/2.00) lat (ms,95%): 2279.14 err/s: 0.00 reconn/s: 0.00
[ 6s ] thds: 1 tps: 0.00 qps: 1267.00 (r/w/o: 0.00/1267.00/0.00) lat (ms,95%): 0.00 err/s: 0.00 reconn/s: 0.00
[ 7s ] thds: 1 tps: 1.00 qps: 1287.98 (r/w/o: 0.00/1285.98/2.00) lat (ms,95%): 2198.52 err/s: 0.00 reconn/s: 0.00
[ 8s ] thds: 1 tps: 0.00 qps: 1268.01 (r/w/o: 0.00/1268.01/0.00) lat (ms,95%): 0.00 err/s: 0.00 reconn/s: 0.00
[ 9s ] thds: 1 tps: 0.00 qps: 1285.98 (r/w/o: 0.00/1285.98/0.00) lat (ms,95%): 0.00 err/s: 0.00 reconn/s: 0.00
SQL statistics:
    queries performed:
        read:                            0
        write:                           11206
        other:                           10
        total:                           11216
    transactions:                        4      (0.44 per sec.)
    queries:                             11216  (1224.89 per sec.)
    ignored errors:                      0      (0.00 per sec.)
    reconnects:                          0      (0.00 per sec.)

General statistics:
    total time:                          9.1563s
    total number of events:              4

Latency (ms):
         min:                                 2205.27
         avg:                                 2288.95
         max:                                 2446.89
         95th percentile:                     2449.36
         sum:                                 9155.78

Threads fairness:
    events (avg/stddev):           4.0000/0.00
    execution time (avg/stddev):   9.1558/0.00

