sysbench 1.0.20 (using system LuaJIT 2.1.0-beta3)

Running the test with following options:
Number of threads: 1
Report intermediate results every 1 second(s)
Initializing random number generator from current time


Initializing worker threads...

Threads started!

[ 1s ] thds: 1 tps: 72.94 qps: 957.16 (r/w/o: 0.00/808.29/148.87) lat (ms,95%): 18.61 err/s: 0.00 reconn/s: 0.00
[ 2s ] thds: 1 tps: 73.03 qps: 950.33 (r/w/o: 0.00/804.28/146.05) lat (ms,95%): 18.28 err/s: 0.00 reconn/s: 0.00
[ 3s ] thds: 1 tps: 66.00 qps: 850.96 (r/w/o: 0.00/718.97/131.99) lat (ms,95%): 19.29 err/s: 0.00 reconn/s: 0.00
[ 4s ] thds: 1 tps: 56.00 qps: 732.05 (r/w/o: 0.00/620.04/112.01) lat (ms,95%): 29.19 err/s: 0.00 reconn/s: 0.00
[ 5s ] thds: 1 tps: 64.00 qps: 831.03 (r/w/o: 0.00/703.03/128.00) lat (ms,95%): 18.95 err/s: 0.00 reconn/s: 0.00
[ 6s ] thds: 1 tps: 73.99 qps: 962.90 (r/w/o: 0.00/814.91/147.98) lat (ms,95%): 17.01 err/s: 0.00 reconn/s: 0.00
[ 7s ] thds: 1 tps: 70.00 qps: 906.05 (r/w/o: 0.00/766.04/140.01) lat (ms,95%): 18.61 err/s: 0.00 reconn/s: 0.00
[ 8s ] thds: 1 tps: 61.00 qps: 793.97 (r/w/o: 0.00/671.98/122.00) lat (ms,95%): 20.37 err/s: 0.00 reconn/s: 0.00
SQL statistics:
    queries performed:
        read:                            0
        write:                           5917
        other:                           1077
        total:                           6994
    transactions:                        538    (67.15 per sec.)
    queries:                             6994   (873.01 per sec.)
    ignored errors:                      0      (0.00 per sec.)
    reconnects:                          0      (0.00 per sec.)

General statistics:
    total time:                          8.0110s
    total number of events:              538

Latency (ms):
         min:                                   10.01
         avg:                                   14.89
         max:                                   32.07
         95th percentile:                       20.00
         sum:                                 8009.21

Threads fairness:
    events (avg/stddev):           538.0000/0.00
    execution time (avg/stddev):   8.0092/0.00

