sysbench 1.0.20 (using system LuaJIT 2.1.0-beta3)

Running the test with following options:
Number of threads: 4
Report intermediate results every 2 second(s)
Initializing random number generator from current time


Initializing worker threads...

Threads started!

[ 2s ] thds: 4 tps: 0.00 qps: 3437.77 (r/w/o: 0.00/866.07/2571.71) lat (ms,95%): 0.00 err/s: 1.00 reconn/s: 0.00
[ 4s ] thds: 4 tps: 0.00 qps: 3306.85 (r/w/o: 0.00/826.71/2480.14) lat (ms,95%): 0.00 err/s: 0.00 reconn/s: 0.00
[ 6s ] thds: 4 tps: 0.00 qps: 3193.99 (r/w/o: 0.00/798.50/2395.50) lat (ms,95%): 0.00 err/s: 0.00 reconn/s: 0.00
[ 8s ] thds: 4 tps: 2.00 qps: 3166.88 (r/w/o: 0.00/801.97/2364.91) lat (ms,95%): 6026.41 err/s: 3.50 reconn/s: 0.00
[ 10s ] thds: 4 tps: 0.00 qps: 3268.03 (r/w/o: 0.00/817.01/2451.02) lat (ms,95%): 0.00 err/s: 0.00 reconn/s: 0.00
[ 12s ] thds: 4 tps: 0.00 qps: 3314.02 (r/w/o: 0.00/828.50/2485.51) lat (ms,95%): 0.00 err/s: 0.00 reconn/s: 0.00
[ 14s ] thds: 4 tps: 2.00 qps: 3168.44 (r/w/o: 0.00/790.99/2377.46) lat (ms,95%): 6135.91 err/s: 1.50 reconn/s: 0.00
[ 16s ] thds: 4 tps: 0.00 qps: 3232.13 (r/w/o: 0.00/808.03/2424.10) lat (ms,95%): 0.00 err/s: 0.00 reconn/s: 0.00
[ 18s ] thds: 4 tps: 0.00 qps: 3299.85 (r/w/o: 0.00/824.96/2474.89) lat (ms,95%): 0.00 err/s: 0.00 reconn/s: 0.00
SQL statistics:
    queries performed:
        read:                            0
        write:                           15062
        other:                           45060
        total:                           60122
    transactions:                        12     (0.65 per sec.)
    queries:                             60122  (3271.44 per sec.)
    ignored errors:                      12     (0.65 per sec.)
    reconnects:                          0      (0.00 per sec.)

General statistics:
    total time:                          18.3774s
    total number of events:              12

Latency (ms):
         min:                                 6039.35
         avg:                                 6125.44
         max:                                 6173.42
         95th percentile:                     6135.91
         sum:                                73505.31

Threads fairness:
    events (avg/stddev):           3.0000/0.00
    execution time (avg/stddev):   18.3763/0.00

