sysbench 1.0.20 (using system LuaJIT 2.1.0-beta3)

Running the test with following options:
Number of threads: 4
Report intermediate results every 2 second(s)
Initializing random number generator from current time


Initializing worker threads...

Threads started!

[ 2s ] thds: 4 tps: 0.00 qps: 3294.07 (r/w/o: 0.00/822.02/2472.05) lat (ms,95%): 0.00 err/s: 0.00 reconn/s: 0.00
[ 4s ] thds: 4 tps: 0.00 qps: 3547.03 (r/w/o: 0.00/886.76/2660.27) lat (ms,95%): 0.00 err/s: 0.00 reconn/s: 0.00
[ 6s ] thds: 4 tps: 2.00 qps: 3493.66 (r/w/o: 0.00/900.04/2593.62) lat (ms,95%): 5813.24 err/s: 6.50 reconn/s: 0.00
[ 8s ] thds: 4 tps: 0.00 qps: 3586.05 (r/w/o: 0.00/896.51/2689.54) lat (ms,95%): 0.00 err/s: 0.00 reconn/s: 0.00
[ 10s ] thds: 4 tps: 0.00 qps: 3605.86 (r/w/o: 0.00/901.46/2704.39) lat (ms,95%): 0.00 err/s: 0.00 reconn/s: 0.00
[ 12s ] thds: 4 tps: 2.00 qps: 3490.62 (r/w/o: 0.00/883.53/2607.09) lat (ms,95%): 5607.61 err/s: 4.00 reconn/s: 0.00
[ 14s ] thds: 4 tps: 0.00 qps: 3740.04 (r/w/o: 0.00/935.01/2805.03) lat (ms,95%): 0.00 err/s: 0.00 reconn/s: 0.00
[ 16s ] thds: 4 tps: 0.00 qps: 3547.82 (r/w/o: 0.00/886.96/2660.87) lat (ms,95%): 0.00 err/s: 0.00 reconn/s: 0.00
[ 18s ] thds: 4 tps: 2.00 qps: 3571.15 (r/w/o: 0.00/896.54/2674.61) lat (ms,95%): 5607.61 err/s: 2.00 reconn/s: 0.00
[ 20s ] thds: 4 tps: 0.00 qps: 3734.30 (r/w/o: 0.00/933.45/2800.85) lat (ms,95%): 0.00 err/s: 0.00 reconn/s: 0.00
[ 22s ] thds: 4 tps: 0.00 qps: 3839.66 (r/w/o: 0.00/960.04/2879.62) lat (ms,95%): 0.00 err/s: 0.00 reconn/s: 0.00
SQL statistics:
    queries performed:
        read:                            0
        write:                           20163
        other:                           60171
        total:                           80334
    transactions:                        16     (0.71 per sec.)
    queries:                             80334  (3589.41 per sec.)
    ignored errors:                      25     (1.12 per sec.)
    reconnects:                          0      (0.00 per sec.)

General statistics:
    total time:                          22.3805s
    total number of events:              16

Latency (ms):
         min:                                 5389.45
         avg:                                 5594.78
         max:                                 5781.53
         95th percentile:                     5813.24
         sum:                                89516.54

Threads fairness:
    events (avg/stddev):           4.0000/0.00
    execution time (avg/stddev):   22.3791/0.00

