sysbench 1.0.20 (using system LuaJIT 2.1.0-beta3)

Running the test with following options:
Number of threads: 4
Report intermediate results every 2 second(s)
Initializing random number generator from current time


Initializing worker threads...

Threads started!

[ 2s ] thds: 4 tps: 8259.30 qps: 8259.30 (r/w/o: 8259.30/0.00/0.00) lat (ms,95%): 0.67 err/s: 0.00 reconn/s: 0.00
[ 4s ] thds: 4 tps: 8373.25 qps: 8373.25 (r/w/o: 8373.25/0.00/0.00) lat (ms,95%): 0.65 err/s: 0.00 reconn/s: 0.00
[ 6s ] thds: 4 tps: 8251.15 qps: 8251.65 (r/w/o: 8251.65/0.00/0.00) lat (ms,95%): 0.68 err/s: 0.00 reconn/s: 0.00
[ 8s ] thds: 4 tps: 8347.04 qps: 8347.04 (r/w/o: 8347.04/0.00/0.00) lat (ms,95%): 0.65 err/s: 0.00 reconn/s: 0.00
[ 10s ] thds: 4 tps: 8347.93 qps: 8347.43 (r/w/o: 8347.43/0.00/0.00) lat (ms,95%): 0.65 err/s: 0.00 reconn/s: 0.00
[ 12s ] thds: 4 tps: 8379.49 qps: 8379.49 (r/w/o: 8379.49/0.00/0.00) lat (ms,95%): 0.65 err/s: 0.00 reconn/s: 0.00
[ 14s ] thds: 4 tps: 8336.98 qps: 8336.98 (r/w/o: 8336.98/0.00/0.00) lat (ms,95%): 0.67 err/s: 0.00 reconn/s: 0.00
[ 16s ] thds: 4 tps: 8356.95 qps: 8357.45 (r/w/o: 8357.45/0.00/0.00) lat (ms,95%): 0.65 err/s: 0.00 reconn/s: 0.00
[ 18s ] thds: 4 tps: 8369.56 qps: 8369.06 (r/w/o: 8369.06/0.00/0.00) lat (ms,95%): 0.64 err/s: 0.00 reconn/s: 0.00
SQL statistics:
    queries performed:
        read:                            150052
        write:                           0
        other:                           0
        total:                           150052
    transactions:                        150052 (8335.50 per sec.)
    queries:                             150052 (8335.50 per sec.)
    ignored errors:                      0      (0.00 per sec.)
    reconnects:                          0      (0.00 per sec.)

General statistics:
    total time:                          18.0012s
    total number of events:              150052

Latency (ms):
         min:                                    0.26
         avg:                                    0.48
         max:                                   18.65
         95th percentile:                        0.65
         sum:                                71825.15

Threads fairness:
    events (avg/stddev):           37513.0000/112.33
    execution time (avg/stddev):   17.9563/0.00

