sysbench 1.0.20 (using system LuaJIT 2.1.0-beta3)

Running the test with following options:
Number of threads: 4
Report intermediate results every 2 second(s)
Initializing random number generator from current time


Initializing worker threads...

Threads started!

[ 2s ] thds: 4 tps: 579.27 qps: 579.27 (r/w/o: 579.27/0.00/0.00) lat (ms,95%): 8.74 err/s: 0.00 reconn/s: 0.00
[ 4s ] thds: 4 tps: 586.07 qps: 586.07 (r/w/o: 586.07/0.00/0.00) lat (ms,95%): 8.74 err/s: 0.00 reconn/s: 0.00
[ 6s ] thds: 4 tps: 576.51 qps: 576.51 (r/w/o: 576.51/0.00/0.00) lat (ms,95%): 9.39 err/s: 0.00 reconn/s: 0.00
[ 8s ] thds: 4 tps: 583.50 qps: 583.50 (r/w/o: 583.50/0.00/0.00) lat (ms,95%): 8.74 err/s: 0.00 reconn/s: 0.00
[ 10s ] thds: 4 tps: 584.50 qps: 584.50 (r/w/o: 584.50/0.00/0.00) lat (ms,95%): 8.74 err/s: 0.00 reconn/s: 0.00
[ 12s ] thds: 4 tps: 578.50 qps: 578.50 (r/w/o: 578.50/0.00/0.00) lat (ms,95%): 8.74 err/s: 0.00 reconn/s: 0.00
[ 14s ] thds: 4 tps: 585.50 qps: 585.50 (r/w/o: 585.50/0.00/0.00) lat (ms,95%): 8.43 err/s: 0.00 reconn/s: 0.00
[ 16s ] thds: 4 tps: 581.46 qps: 581.46 (r/w/o: 581.46/0.00/0.00) lat (ms,95%): 8.90 err/s: 0.00 reconn/s: 0.00
[ 18s ] thds: 4 tps: 579.49 qps: 579.49 (r/w/o: 579.49/0.00/0.00) lat (ms,95%): 8.90 err/s: 0.00 reconn/s: 0.00
SQL statistics:
    queries performed:
        read:                            10474
        write:                           0
        other:                           0
        total:                           10474
    transactions:                        10474  (581.71 per sec.)
    queries:                             10474  (581.71 per sec.)
    ignored errors:                      0      (0.00 per sec.)
    reconnects:                          0      (0.00 per sec.)

General statistics:
    total time:                          18.0050s
    total number of events:              10474

Latency (ms):
         min:                                    3.21
         avg:                                    6.87
         max:                                   24.66
         95th percentile:                        8.74
         sum:                                71994.26

Threads fairness:
    events (avg/stddev):           2618.5000/70.40
    execution time (avg/stddev):   17.9986/0.00

