sysbench 1.0.20 (using system LuaJIT 2.1.0-beta3)

Running the test with following options:
Number of threads: 4
Report intermediate results every 2 second(s)
Initializing random number generator from current time


Initializing worker threads...

Threads started!

[ 2s ] thds: 4 tps: 10270.99 qps: 10270.99 (r/w/o: 10270.99/0.00/0.00) lat (ms,95%): 0.55 err/s: 0.00 reconn/s: 0.00
[ 4s ] thds: 4 tps: 10395.94 qps: 10395.94 (r/w/o: 10395.94/0.00/0.00) lat (ms,95%): 0.54 err/s: 0.00 reconn/s: 0.00
[ 6s ] thds: 4 tps: 10399.89 qps: 10399.89 (r/w/o: 10399.89/0.00/0.00) lat (ms,95%): 0.54 err/s: 0.00 reconn/s: 0.00
[ 8s ] thds: 4 tps: 10403.30 qps: 10403.30 (r/w/o: 10403.30/0.00/0.00) lat (ms,95%): 0.55 err/s: 0.00 reconn/s: 0.00
[ 10s ] thds: 4 tps: 10425.02 qps: 10425.02 (r/w/o: 10425.02/0.00/0.00) lat (ms,95%): 0.54 err/s: 0.00 reconn/s: 0.00
[ 12s ] thds: 4 tps: 10420.02 qps: 10420.02 (r/w/o: 10420.02/0.00/0.00) lat (ms,95%): 0.54 err/s: 0.00 reconn/s: 0.00
[ 14s ] thds: 4 tps: 10436.56 qps: 10436.56 (r/w/o: 10436.56/0.00/0.00) lat (ms,95%): 0.53 err/s: 0.00 reconn/s: 0.00
[ 16s ] thds: 4 tps: 10437.54 qps: 10437.54 (r/w/o: 10437.54/0.00/0.00) lat (ms,95%): 0.54 err/s: 0.00 reconn/s: 0.00
[ 18s ] thds: 4 tps: 10358.39 qps: 10358.39 (r/w/o: 10358.39/0.00/0.00) lat (ms,95%): 0.55 err/s: 0.00 reconn/s: 0.00
SQL statistics:
    queries performed:
        read:                            187105
        write:                           0
        other:                           0
        total:                           187105
    transactions:                        187105 (10393.90 per sec.)
    queries:                             187105 (10393.90 per sec.)
    ignored errors:                      0      (0.00 per sec.)
    reconnects:                          0      (0.00 per sec.)

General statistics:
    total time:                          18.0011s
    total number of events:              187105

Latency (ms):
         min:                                    0.20
         avg:                                    0.38
         max:                                   19.17
         95th percentile:                        0.54
         sum:                                71782.13

Threads fairness:
    events (avg/stddev):           46776.2500/140.74
    execution time (avg/stddev):   17.9455/0.00

