sysbench 1.0.20 (using system LuaJIT 2.1.0-beta3)

Running the test with following options:
Number of threads: 4
Report intermediate results every 2 second(s)
Initializing random number generator from current time


Initializing worker threads...

Threads started!

[ 2s ] thds: 4 tps: 6735.48 qps: 6735.48 (r/w/o: 6735.48/0.00/0.00) lat (ms,95%): 0.80 err/s: 0.00 reconn/s: 0.00
[ 4s ] thds: 4 tps: 6608.18 qps: 6608.18 (r/w/o: 6608.18/0.00/0.00) lat (ms,95%): 0.86 err/s: 0.00 reconn/s: 0.00
[ 6s ] thds: 4 tps: 6775.96 qps: 6775.96 (r/w/o: 6775.96/0.00/0.00) lat (ms,95%): 0.80 err/s: 0.00 reconn/s: 0.00
[ 8s ] thds: 4 tps: 6705.03 qps: 6705.53 (r/w/o: 6705.53/0.00/0.00) lat (ms,95%): 0.81 err/s: 0.00 reconn/s: 0.00
[ 10s ] thds: 4 tps: 6748.49 qps: 6747.99 (r/w/o: 6747.99/0.00/0.00) lat (ms,95%): 0.81 err/s: 0.00 reconn/s: 0.00
[ 12s ] thds: 4 tps: 6773.50 qps: 6773.50 (r/w/o: 6773.50/0.00/0.00) lat (ms,95%): 0.80 err/s: 0.00 reconn/s: 0.00
[ 14s ] thds: 4 tps: 6750.48 qps: 6750.48 (r/w/o: 6750.48/0.00/0.00) lat (ms,95%): 0.81 err/s: 0.00 reconn/s: 0.00
[ 16s ] thds: 4 tps: 6769.99 qps: 6769.99 (r/w/o: 6769.99/0.00/0.00) lat (ms,95%): 0.80 err/s: 0.00 reconn/s: 0.00
[ 18s ] thds: 4 tps: 6761.01 qps: 6761.01 (r/w/o: 6761.01/0.00/0.00) lat (ms,95%): 0.81 err/s: 0.00 reconn/s: 0.00
SQL statistics:
    queries performed:
        read:                            121264
        write:                           0
        other:                           0
        total:                           121264
    transactions:                        121264 (6736.19 per sec.)
    queries:                             121264 (6736.19 per sec.)
    ignored errors:                      0      (0.00 per sec.)
    reconnects:                          0      (0.00 per sec.)

General statistics:
    total time:                          18.0015s
    total number of events:              121264

Latency (ms):
         min:                                    0.32
         avg:                                    0.59
         max:                                   17.98
         95th percentile:                        0.81
         sum:                                71851.67

Threads fairness:
    events (avg/stddev):           30316.0000/185.96
    execution time (avg/stddev):   17.9629/0.00

