sysbench 1.0.20 (using system LuaJIT 2.1.0-beta3)

Running the test with following options:
Number of threads: 4
Report intermediate results every 2 second(s)
Initializing random number generator from current time


Initializing worker threads...

Threads started!

[ 2s ] thds: 4 tps: 8577.97 qps: 8578.47 (r/w/o: 8578.47/0.00/0.00) lat (ms,95%): 0.64 err/s: 0.00 reconn/s: 0.00
[ 4s ] thds: 4 tps: 8668.47 qps: 8667.97 (r/w/o: 8667.97/0.00/0.00) lat (ms,95%): 0.64 err/s: 0.00 reconn/s: 0.00
[ 6s ] thds: 4 tps: 8641.46 qps: 8641.46 (r/w/o: 8641.46/0.00/0.00) lat (ms,95%): 0.64 err/s: 0.00 reconn/s: 0.00
[ 8s ] thds: 4 tps: 8719.99 qps: 8719.99 (r/w/o: 8719.99/0.00/0.00) lat (ms,95%): 0.63 err/s: 0.00 reconn/s: 0.00
[ 10s ] thds: 4 tps: 8673.03 qps: 8673.03 (r/w/o: 8673.03/0.00/0.00) lat (ms,95%): 0.64 err/s: 0.00 reconn/s: 0.00
[ 12s ] thds: 4 tps: 8673.44 qps: 8673.44 (r/w/o: 8673.44/0.00/0.00) lat (ms,95%): 0.63 err/s: 0.00 reconn/s: 0.00
[ 14s ] thds: 4 tps: 8672.03 qps: 8672.03 (r/w/o: 8672.03/0.00/0.00) lat (ms,95%): 0.63 err/s: 0.00 reconn/s: 0.00
[ 16s ] thds: 4 tps: 8718.66 qps: 8718.66 (r/w/o: 8718.66/0.00/0.00) lat (ms,95%): 0.63 err/s: 0.00 reconn/s: 0.00
[ 18s ] thds: 4 tps: 8718.32 qps: 8718.32 (r/w/o: 8718.32/0.00/0.00) lat (ms,95%): 0.64 err/s: 0.00 reconn/s: 0.00
SQL statistics:
    queries performed:
        read:                            156134
        write:                           0
        other:                           0
        total:                           156134
    transactions:                        156134 (8673.38 per sec.)
    queries:                             156134 (8673.38 per sec.)
    ignored errors:                      0      (0.00 per sec.)
    reconnects:                          0      (0.00 per sec.)

General statistics:
    total time:                          18.0012s
    total number of events:              156134

Latency (ms):
         min:                                    0.27
         avg:                                    0.46
         max:                                   19.14
         95th percentile:                        0.63
         sum:                                71815.07

Threads fairness:
    events (avg/stddev):           39033.5000/116.18
    execution time (avg/stddev):   17.9538/0.00

