sysbench 1.0.20 (using system LuaJIT 2.1.0-beta3)

Running the test with following options:
Number of threads: 4
Report intermediate results every 2 second(s)
Initializing random number generator from current time


Initializing worker threads...

Threads started!

[ 2s ] thds: 4 tps: 467.34 qps: 467.34 (r/w/o: 467.34/0.00/0.00) lat (ms,95%): 11.65 err/s: 0.00 reconn/s: 0.00
[ 4s ] thds: 4 tps: 470.97 qps: 470.97 (r/w/o: 470.97/0.00/0.00) lat (ms,95%): 11.87 err/s: 0.00 reconn/s: 0.00
[ 6s ] thds: 4 tps: 472.06 qps: 472.06 (r/w/o: 472.06/0.00/0.00) lat (ms,95%): 12.30 err/s: 0.00 reconn/s: 0.00
[ 8s ] thds: 4 tps: 471.49 qps: 471.49 (r/w/o: 471.49/0.00/0.00) lat (ms,95%): 11.65 err/s: 0.00 reconn/s: 0.00
[ 10s ] thds: 4 tps: 471.01 qps: 471.01 (r/w/o: 471.01/0.00/0.00) lat (ms,95%): 11.87 err/s: 0.00 reconn/s: 0.00
[ 12s ] thds: 4 tps: 471.49 qps: 471.49 (r/w/o: 471.49/0.00/0.00) lat (ms,95%): 11.65 err/s: 0.00 reconn/s: 0.00
[ 14s ] thds: 4 tps: 472.01 qps: 472.01 (r/w/o: 472.01/0.00/0.00) lat (ms,95%): 11.45 err/s: 0.00 reconn/s: 0.00
[ 16s ] thds: 4 tps: 469.99 qps: 469.99 (r/w/o: 469.99/0.00/0.00) lat (ms,95%): 11.65 err/s: 0.00 reconn/s: 0.00
[ 18s ] thds: 4 tps: 469.50 qps: 469.50 (r/w/o: 469.50/0.00/0.00) lat (ms,95%): 11.65 err/s: 0.00 reconn/s: 0.00
SQL statistics:
    queries performed:
        read:                            8476
        write:                           0
        other:                           0
        total:                           8476
    transactions:                        8476   (470.76 per sec.)
    queries:                             8476   (470.76 per sec.)
    ignored errors:                      0      (0.00 per sec.)
    reconnects:                          0      (0.00 per sec.)

General statistics:
    total time:                          18.0045s
    total number of events:              8476

Latency (ms):
         min:                                    3.32
         avg:                                    8.49
         max:                                   29.77
         95th percentile:                       11.65
         sum:                                71991.93

Threads fairness:
    events (avg/stddev):           2119.0000/20.38
    execution time (avg/stddev):   17.9980/0.00

