sysbench 1.0.20 (using system LuaJIT 2.1.0-beta3)

Running the test with following options:
Number of threads: 4
Report intermediate results every 2 second(s)
Initializing random number generator from current time


Initializing worker threads...

Threads started!

[ 2s ] thds: 4 tps: 1317.44 qps: 1317.44 (r/w/o: 1317.44/0.00/0.00) lat (ms,95%): 3.89 err/s: 0.00 reconn/s: 0.00
[ 4s ] thds: 4 tps: 1327.68 qps: 1327.68 (r/w/o: 1327.68/0.00/0.00) lat (ms,95%): 3.89 err/s: 0.00 reconn/s: 0.00
[ 6s ] thds: 4 tps: 1334.51 qps: 1334.51 (r/w/o: 1334.51/0.00/0.00) lat (ms,95%): 3.89 err/s: 0.00 reconn/s: 0.00
[ 8s ] thds: 4 tps: 1334.99 qps: 1334.99 (r/w/o: 1334.99/0.00/0.00) lat (ms,95%): 3.82 err/s: 0.00 reconn/s: 0.00
[ 10s ] thds: 4 tps: 1334.50 qps: 1334.50 (r/w/o: 1334.50/0.00/0.00) lat (ms,95%): 3.82 err/s: 0.00 reconn/s: 0.00
[ 12s ] thds: 4 tps: 1327.99 qps: 1327.99 (r/w/o: 1327.99/0.00/0.00) lat (ms,95%): 3.89 err/s: 0.00 reconn/s: 0.00
[ 14s ] thds: 4 tps: 1308.02 qps: 1308.02 (r/w/o: 1308.02/0.00/0.00) lat (ms,95%): 4.10 err/s: 0.00 reconn/s: 0.00
[ 16s ] thds: 4 tps: 1333.99 qps: 1333.99 (r/w/o: 1333.99/0.00/0.00) lat (ms,95%): 3.82 err/s: 0.00 reconn/s: 0.00
[ 18s ] thds: 4 tps: 1337.99 qps: 1337.99 (r/w/o: 1337.99/0.00/0.00) lat (ms,95%): 3.96 err/s: 0.00 reconn/s: 0.00
SQL statistics:
    queries performed:
        read:                            23919
        write:                           0
        other:                           0
        total:                           23919
    transactions:                        23919  (1328.65 per sec.)
    queries:                             23919  (1328.65 per sec.)
    ignored errors:                      0      (0.00 per sec.)
    reconnects:                          0      (0.00 per sec.)

General statistics:
    total time:                          18.0021s
    total number of events:              23919

Latency (ms):
         min:                                    1.37
         avg:                                    3.01
         max:                                   20.61
         95th percentile:                        3.89
         sum:                                71968.93

Threads fairness:
    events (avg/stddev):           5979.7500/45.52
    execution time (avg/stddev):   17.9922/0.00

