sysbench 1.0.20 (using system LuaJIT 2.1.0-beta3)

Running the test with following options:
Number of threads: 4
Report intermediate results every 2 second(s)
Initializing random number generator from current time


Initializing worker threads...

Threads started!

[ 2s ] thds: 4 tps: 2409.45 qps: 2409.45 (r/w/o: 2409.45/0.00/0.00) lat (ms,95%): 2.22 err/s: 0.00 reconn/s: 0.00
[ 4s ] thds: 4 tps: 2424.91 qps: 2424.91 (r/w/o: 2424.91/0.00/0.00) lat (ms,95%): 2.18 err/s: 0.00 reconn/s: 0.00
[ 6s ] thds: 4 tps: 2427.96 qps: 2427.96 (r/w/o: 2427.96/0.00/0.00) lat (ms,95%): 2.18 err/s: 0.00 reconn/s: 0.00
[ 8s ] thds: 4 tps: 2344.05 qps: 2344.05 (r/w/o: 2344.05/0.00/0.00) lat (ms,95%): 2.52 err/s: 0.00 reconn/s: 0.00
[ 10s ] thds: 4 tps: 2416.03 qps: 2416.03 (r/w/o: 2416.03/0.00/0.00) lat (ms,95%): 2.22 err/s: 0.00 reconn/s: 0.00
[ 12s ] thds: 4 tps: 2424.97 qps: 2424.97 (r/w/o: 2424.97/0.00/0.00) lat (ms,95%): 2.22 err/s: 0.00 reconn/s: 0.00
[ 14s ] thds: 4 tps: 2419.52 qps: 2419.52 (r/w/o: 2419.52/0.00/0.00) lat (ms,95%): 2.22 err/s: 0.00 reconn/s: 0.00
[ 16s ] thds: 4 tps: 2434.52 qps: 2435.02 (r/w/o: 2435.02/0.00/0.00) lat (ms,95%): 2.14 err/s: 0.00 reconn/s: 0.00
[ 18s ] thds: 4 tps: 2439.87 qps: 2439.37 (r/w/o: 2439.37/0.00/0.00) lat (ms,95%): 2.18 err/s: 0.00 reconn/s: 0.00
SQL statistics:
    queries performed:
        read:                            43488
        write:                           0
        other:                           0
        total:                           43488
    transactions:                        43488  (2415.67 per sec.)
    queries:                             43488  (2415.67 per sec.)
    ignored errors:                      0      (0.00 per sec.)
    reconnects:                          0      (0.00 per sec.)

General statistics:
    total time:                          18.0021s
    total number of events:              43488

Latency (ms):
         min:                                    0.76
         avg:                                    1.65
         max:                                   19.58
         95th percentile:                        2.22
         sum:                                71944.28

Threads fairness:
    events (avg/stddev):           10872.0000/46.20
    execution time (avg/stddev):   17.9861/0.00

