sysbench 1.0.20 (using system LuaJIT 2.1.0-beta3)

Running the test with following options:
Number of threads: 1
Report intermediate results every 1 second(s)
Initializing random number generator from current time


Initializing worker threads...

Threads started!

[ 1s ] thds: 1 tps: 0.00 qps: 936.18 (r/w/o: 0.00/933.19/3.00) lat (ms,95%): 0.00 err/s: 0.00 reconn/s: 0.00
[ 2s ] thds: 1 tps: 0.00 qps: 944.40 (r/w/o: 0.00/944.40/0.00) lat (ms,95%): 0.00 err/s: 0.00 reconn/s: 0.00
[ 3s ] thds: 1 tps: 0.00 qps: 914.98 (r/w/o: 0.00/914.98/0.00) lat (ms,95%): 0.00 err/s: 0.00 reconn/s: 0.00
[ 4s ] thds: 1 tps: 0.00 qps: 942.98 (r/w/o: 0.00/942.98/0.00) lat (ms,95%): 0.00 err/s: 0.00 reconn/s: 0.00
[ 5s ] thds: 1 tps: 0.00 qps: 926.03 (r/w/o: 0.00/926.03/0.00) lat (ms,95%): 0.00 err/s: 0.00 reconn/s: 0.00
[ 6s ] thds: 1 tps: 1.00 qps: 808.96 (r/w/o: 0.00/806.97/2.00) lat (ms,95%): 5409.26 err/s: 0.00 reconn/s: 0.00
[ 7s ] thds: 1 tps: 0.00 qps: 932.00 (r/w/o: 0.00/932.00/0.00) lat (ms,95%): 0.00 err/s: 0.00 reconn/s: 0.00
[ 8s ] thds: 1 tps: 0.00 qps: 758.00 (r/w/o: 0.00/758.00/0.00) lat (ms,95%): 0.00 err/s: 0.00 reconn/s: 0.00
[ 9s ] thds: 1 tps: 0.00 qps: 891.00 (r/w/o: 0.00/891.00/0.00) lat (ms,95%): 0.00 err/s: 0.00 reconn/s: 0.00
[ 10s ] thds: 1 tps: 0.00 qps: 890.98 (r/w/o: 0.00/890.98/0.00) lat (ms,95%): 0.00 err/s: 0.00 reconn/s: 0.00
[ 11s ] thds: 1 tps: 0.00 qps: 893.03 (r/w/o: 0.00/893.03/0.00) lat (ms,95%): 0.00 err/s: 0.00 reconn/s: 0.00
SQL statistics:
    queries performed:
        read:                            0
        write:                           10001
        other:                           5
        total:                           10006
    transactions:                        2      (0.18 per sec.)
    queries:                             10006  (894.89 per sec.)
    ignored errors:                      0      (0.00 per sec.)
    reconnects:                          0      (0.00 per sec.)

General statistics:
    total time:                          11.1809s
    total number of events:              2

Latency (ms):
         min:                                 5370.07
         avg:                                 5590.12
         max:                                 5810.18
         95th percentile:                     5813.24
         sum:                                11180.25

Threads fairness:
    events (avg/stddev):           2.0000/0.00
    execution time (avg/stddev):   11.1802/0.00

