sysbench 1.0.20 (using system LuaJIT 2.1.0-beta3)

Running the test with following options:
Number of threads: 1
Report intermediate results every 1 second(s)
Initializing random number generator from current time


Initializing worker threads...

Threads started!

[ 1s ] thds: 1 tps: 22.98 qps: 1023.10 (r/w/o: 0.00/974.15/48.96) lat (ms,95%): 52.89 err/s: 0.00 reconn/s: 0.00
[ 2s ] thds: 1 tps: 25.01 qps: 1059.42 (r/w/o: 0.00/1009.40/50.02) lat (ms,95%): 44.98 err/s: 0.00 reconn/s: 0.00
[ 3s ] thds: 1 tps: 23.00 qps: 973.05 (r/w/o: 0.00/927.04/46.00) lat (ms,95%): 53.85 err/s: 0.00 reconn/s: 0.00
[ 4s ] thds: 1 tps: 21.00 qps: 913.01 (r/w/o: 0.00/871.01/42.00) lat (ms,95%): 57.87 err/s: 0.00 reconn/s: 0.00
[ 5s ] thds: 1 tps: 20.00 qps: 856.98 (r/w/o: 0.00/816.98/40.00) lat (ms,95%): 62.19 err/s: 0.00 reconn/s: 0.00
[ 6s ] thds: 1 tps: 21.00 qps: 895.99 (r/w/o: 0.00/853.99/42.00) lat (ms,95%): 59.99 err/s: 0.00 reconn/s: 0.00
[ 7s ] thds: 1 tps: 17.00 qps: 762.00 (r/w/o: 0.00/728.00/34.00) lat (ms,95%): 64.47 err/s: 0.00 reconn/s: 0.00
[ 8s ] thds: 1 tps: 18.00 qps: 775.95 (r/w/o: 0.00/739.95/36.00) lat (ms,95%): 66.84 err/s: 0.00 reconn/s: 0.00
SQL statistics:
    queries performed:
        read:                            0
        write:                           6928
        other:                           339
        total:                           7267
    transactions:                        169    (21.11 per sec.)
    queries:                             7267   (907.56 per sec.)
    ignored errors:                      0      (0.00 per sec.)
    reconnects:                          0      (0.00 per sec.)

General statistics:
    total time:                          8.0068s
    total number of events:              169

Latency (ms):
         min:                                   36.16
         avg:                                   47.37
         max:                                   78.19
         95th percentile:                       61.08
         sum:                                 8005.61

Threads fairness:
    events (avg/stddev):           169.0000/0.00
    execution time (avg/stddev):   8.0056/0.00

