sysbench 1.0.20 (using system LuaJIT 2.1.0-beta3)

Running the test with following options:
Number of threads: 4
Report intermediate results every 2 second(s)
Initializing random number generator from current time


Initializing worker threads...

Threads started!

[ 2s ] thds: 4 tps: 189.92 qps: 2926.30 (r/w/o: 0.00/1007.59/1918.71) lat (ms,95%): 37.56 err/s: 145.94 reconn/s: 0.00
[ 4s ] thds: 4 tps: 201.53 qps: 2988.43 (r/w/o: 0.00/1058.15/1930.28) lat (ms,95%): 33.72 err/s: 142.52 reconn/s: 0.00
[ 6s ] thds: 4 tps: 202.49 qps: 3144.91 (r/w/o: 0.00/1199.47/1945.45) lat (ms,95%): 40.37 err/s: 152.00 reconn/s: 0.00
[ 8s ] thds: 4 tps: 218.51 qps: 3342.11 (r/w/o: 0.00/1255.54/2086.57) lat (ms,95%): 35.59 err/s: 162.01 reconn/s: 0.00
[ 10s ] thds: 4 tps: 186.99 qps: 2937.38 (r/w/o: 0.00/1101.46/1835.93) lat (ms,95%): 39.65 err/s: 148.49 reconn/s: 0.00
[ 12s ] thds: 4 tps: 190.01 qps: 2982.08 (r/w/o: 0.00/1092.03/1890.05) lat (ms,95%): 43.39 err/s: 151.00 reconn/s: 0.00
[ 14s ] thds: 4 tps: 186.00 qps: 2864.93 (r/w/o: 0.00/1050.98/1813.96) lat (ms,95%): 38.94 err/s: 146.50 reconn/s: 0.00
[ 16s ] thds: 4 tps: 191.01 qps: 3001.15 (r/w/o: 0.00/1114.05/1887.09) lat (ms,95%): 45.79 err/s: 155.51 reconn/s: 0.00
[ 18s ] thds: 4 tps: 200.00 qps: 3167.48 (r/w/o: 0.00/1190.99/1976.49) lat (ms,95%): 38.94 err/s: 163.50 reconn/s: 0.00
SQL statistics:
    queries performed:
        read:                            0
        write:                           20152
        other:                           34591
        total:                           54743
    transactions:                        3537   (196.36 per sec.)
    queries:                             54743  (3039.15 per sec.)
    ignored errors:                      2735   (151.84 per sec.)
    reconnects:                          0      (0.00 per sec.)

General statistics:
    total time:                          18.0122s
    total number of events:              3537

Latency (ms):
         min:                                    6.04
         avg:                                   20.36
         max:                                  122.48
         95th percentile:                       38.94
         sum:                                72030.52

Threads fairness:
    events (avg/stddev):           884.2500/6.68
    execution time (avg/stddev):   18.0076/0.00

