sysbench 1.0.20 (using system LuaJIT 2.1.0-beta3)

Running the test with following options:
Number of threads: 1
Report intermediate results every 1 second(s)
Initializing random number generator from current time


Initializing worker threads...

Threads started!

[ 1s ] thds: 1 tps: 0.00 qps: 1327.63 (r/w/o: 0.00/1324.64/3.00) lat (ms,95%): 0.00 err/s: 0.00 reconn/s: 0.00
[ 2s ] thds: 1 tps: 0.00 qps: 1355.70 (r/w/o: 0.00/1355.70/0.00) lat (ms,95%): 0.00 err/s: 0.00 reconn/s: 0.00
[ 3s ] thds: 1 tps: 0.00 qps: 1306.99 (r/w/o: 0.00/1306.99/0.00) lat (ms,95%): 0.00 err/s: 0.00 reconn/s: 0.00
[ 4s ] thds: 1 tps: 1.00 qps: 1276.99 (r/w/o: 0.00/1274.99/2.00) lat (ms,95%): 2985.89 err/s: 0.00 reconn/s: 0.00
[ 5s ] thds: 1 tps: 0.00 qps: 1336.01 (r/w/o: 0.00/1336.01/0.00) lat (ms,95%): 0.00 err/s: 0.00 reconn/s: 0.00
[ 6s ] thds: 1 tps: 0.00 qps: 1345.03 (r/w/o: 0.00/1345.03/0.00) lat (ms,95%): 0.00 err/s: 0.00 reconn/s: 0.00
[ 7s ] thds: 1 tps: 1.00 qps: 1294.99 (r/w/o: 0.00/1292.99/2.00) lat (ms,95%): 3040.14 err/s: 0.00 reconn/s: 0.00
[ 8s ] thds: 1 tps: 0.00 qps: 1335.01 (r/w/o: 0.00/1335.01/0.00) lat (ms,95%): 0.00 err/s: 0.00 reconn/s: 0.00
[ 9s ] thds: 1 tps: 0.00 qps: 1360.99 (r/w/o: 0.00/1360.99/0.00) lat (ms,95%): 0.00 err/s: 0.00 reconn/s: 0.00
SQL statistics:
    queries performed:
        read:                            0
        write:                           12002
        other:                           7
        total:                           12009
    transactions:                        3      (0.33 per sec.)
    queries:                             12009  (1327.06 per sec.)
    ignored errors:                      0      (0.00 per sec.)
    reconnects:                          0      (0.00 per sec.)

General statistics:
    total time:                          9.0490s
    total number of events:              3

Latency (ms):
         min:                                 3007.70
         avg:                                 3016.12
         max:                                 3032.09
         95th percentile:                     3040.14
         sum:                                 9048.37

Threads fairness:
    events (avg/stddev):           3.0000/0.00
    execution time (avg/stddev):   9.0484/0.00

