sysbench 1.0.20 (using system LuaJIT 2.1.0-beta3)

Running the test with following options:
Number of threads: 1
Report intermediate results every 1 second(s)
Initializing random number generator from current time


Initializing worker threads...

Threads started!

[ 1s ] thds: 1 tps: 174.88 qps: 526.63 (r/w/o: 526.63/0.00/0.00) lat (ms,95%): 5.99 err/s: 0.00 reconn/s: 0.00
[ 2s ] thds: 1 tps: 177.03 qps: 531.09 (r/w/o: 531.09/0.00/0.00) lat (ms,95%): 5.77 err/s: 0.00 reconn/s: 0.00
[ 3s ] thds: 1 tps: 175.01 qps: 525.04 (r/w/o: 525.04/0.00/0.00) lat (ms,95%): 6.21 err/s: 0.00 reconn/s: 0.00
[ 4s ] thds: 1 tps: 174.00 qps: 522.01 (r/w/o: 522.01/0.00/0.00) lat (ms,95%): 6.21 err/s: 0.00 reconn/s: 0.00
[ 5s ] thds: 1 tps: 175.00 qps: 523.00 (r/w/o: 523.00/0.00/0.00) lat (ms,95%): 6.43 err/s: 0.00 reconn/s: 0.00
[ 6s ] thds: 1 tps: 176.99 qps: 530.96 (r/w/o: 530.96/0.00/0.00) lat (ms,95%): 5.77 err/s: 0.00 reconn/s: 0.00
[ 7s ] thds: 1 tps: 176.01 qps: 530.02 (r/w/o: 530.02/0.00/0.00) lat (ms,95%): 5.77 err/s: 0.00 reconn/s: 0.00
[ 8s ] thds: 1 tps: 175.99 qps: 525.98 (r/w/o: 525.98/0.00/0.00) lat (ms,95%): 5.99 err/s: 0.00 reconn/s: 0.00
SQL statistics:
    queries performed:
        read:                            4218
        write:                           0
        other:                           0
        total:                           4218
    transactions:                        1406   (175.64 per sec.)
    queries:                             4218   (526.91 per sec.)
    ignored errors:                      0      (0.00 per sec.)
    reconnects:                          0      (0.00 per sec.)

General statistics:
    total time:                          8.0048s
    total number of events:              1406

Latency (ms):
         min:                                    5.44
         avg:                                    5.69
         max:                                   13.39
         95th percentile:                        5.99
         sum:                                 8001.83

Threads fairness:
    events (avg/stddev):           1406.0000/0.00
    execution time (avg/stddev):   8.0018/0.00

