sysbench 1.0.20 (using system LuaJIT 2.1.0-beta3)

Running the test with following options:
Number of threads: 1
Report intermediate results every 1 second(s)
Initializing random number generator from current time


Initializing worker threads...

Threads started!

[ 1s ] thds: 1 tps: 0.00 qps: 1130.80 (r/w/o: 0.00/1127.80/3.00) lat (ms,95%): 0.00 err/s: 0.00 reconn/s: 0.00
[ 2s ] thds: 1 tps: 0.00 qps: 1197.62 (r/w/o: 0.00/1197.62/0.00) lat (ms,95%): 0.00 err/s: 0.00 reconn/s: 0.00
[ 3s ] thds: 1 tps: 0.00 qps: 1172.07 (r/w/o: 0.00/1172.07/0.00) lat (ms,95%): 0.00 err/s: 0.00 reconn/s: 0.00
[ 4s ] thds: 1 tps: 0.00 qps: 1145.00 (r/w/o: 0.00/1145.00/0.00) lat (ms,95%): 0.00 err/s: 0.00 reconn/s: 0.00
[ 5s ] thds: 1 tps: 1.00 qps: 1048.96 (r/w/o: 0.00/1046.96/2.00) lat (ms,95%): 4358.09 err/s: 0.00 reconn/s: 0.00
[ 6s ] thds: 1 tps: 0.00 qps: 1089.08 (r/w/o: 0.00/1089.08/0.00) lat (ms,95%): 0.00 err/s: 0.00 reconn/s: 0.00
[ 7s ] thds: 1 tps: 0.00 qps: 1124.91 (r/w/o: 0.00/1124.91/0.00) lat (ms,95%): 0.00 err/s: 0.00 reconn/s: 0.00
[ 8s ] thds: 1 tps: 0.00 qps: 1093.96 (r/w/o: 0.00/1093.96/0.00) lat (ms,95%): 0.00 err/s: 0.00 reconn/s: 0.00
SQL statistics:
    queries performed:
        read:                            0
        write:                           10001
        other:                           5
        total:                           10006
    transactions:                        2      (0.23 per sec.)
    queries:                             10006  (1127.08 per sec.)
    ignored errors:                      0      (0.00 per sec.)
    reconnects:                          0      (0.00 per sec.)

General statistics:
    total time:                          8.8775s
    total number of events:              2

Latency (ms):
         min:                                 4319.67
         avg:                                 4438.43
         max:                                 4557.19
         95th percentile:                     4517.90
         sum:                                 8876.86

Threads fairness:
    events (avg/stddev):           2.0000/0.00
    execution time (avg/stddev):   8.8769/0.00

