sysbench 1.0.20 (using system LuaJIT 2.1.0-beta3)

Running the test with following options:
Number of threads: 1
Report intermediate results every 1 second(s)
Initializing random number generator from current time


Initializing worker threads...

Threads started!

[ 1s ] thds: 1 tps: 722.54 qps: 722.54 (r/w/o: 722.54/0.00/0.00) lat (ms,95%): 1.42 err/s: 0.00 reconn/s: 0.00
[ 2s ] thds: 1 tps: 715.09 qps: 715.09 (r/w/o: 715.09/0.00/0.00) lat (ms,95%): 1.44 err/s: 0.00 reconn/s: 0.00
[ 3s ] thds: 1 tps: 721.06 qps: 721.06 (r/w/o: 721.06/0.00/0.00) lat (ms,95%): 1.42 err/s: 0.00 reconn/s: 0.00
[ 4s ] thds: 1 tps: 725.01 qps: 725.01 (r/w/o: 725.01/0.00/0.00) lat (ms,95%): 1.42 err/s: 0.00 reconn/s: 0.00
[ 5s ] thds: 1 tps: 727.00 qps: 727.00 (r/w/o: 727.00/0.00/0.00) lat (ms,95%): 1.42 err/s: 0.00 reconn/s: 0.00
[ 6s ] thds: 1 tps: 727.96 qps: 727.96 (r/w/o: 727.96/0.00/0.00) lat (ms,95%): 1.42 err/s: 0.00 reconn/s: 0.00
[ 7s ] thds: 1 tps: 715.00 qps: 715.00 (r/w/o: 715.00/0.00/0.00) lat (ms,95%): 1.44 err/s: 0.00 reconn/s: 0.00
SQL statistics:
    queries performed:
        read:                            5778
        write:                           0
        other:                           0
        total:                           5778
    transactions:                        5778   (722.15 per sec.)
    queries:                             5778   (722.15 per sec.)
    ignored errors:                      0      (0.00 per sec.)
    reconnects:                          0      (0.00 per sec.)

General statistics:
    total time:                          8.0007s
    total number of events:              5778

Latency (ms):
         min:                                    1.33
         avg:                                    1.38
         max:                                    9.08
         95th percentile:                        1.42
         sum:                                 7993.68

Threads fairness:
    events (avg/stddev):           5778.0000/0.00
    execution time (avg/stddev):   7.9937/0.00

