sysbench 1.0.20 (using system LuaJIT 2.1.0-beta3)

Running the test with following options:
Number of threads: 1
Report intermediate results every 1 second(s)
Initializing random number generator from current time


Initializing worker threads...

Threads started!

[ 1s ] thds: 1 tps: 1457.78 qps: 4374.33 (r/w/o: 4374.33/0.00/0.00) lat (ms,95%): 0.75 err/s: 0.00 reconn/s: 0.00
[ 2s ] thds: 1 tps: 1497.55 qps: 4492.64 (r/w/o: 4492.64/0.00/0.00) lat (ms,95%): 0.77 err/s: 0.00 reconn/s: 0.00
[ 3s ] thds: 1 tps: 1496.96 qps: 4491.88 (r/w/o: 4491.88/0.00/0.00) lat (ms,95%): 0.74 err/s: 0.00 reconn/s: 0.00
[ 4s ] thds: 1 tps: 1507.00 qps: 4520.99 (r/w/o: 4520.99/0.00/0.00) lat (ms,95%): 0.74 err/s: 0.00 reconn/s: 0.00
[ 5s ] thds: 1 tps: 1526.04 qps: 4578.11 (r/w/o: 4578.11/0.00/0.00) lat (ms,95%): 0.74 err/s: 0.00 reconn/s: 0.00
[ 6s ] thds: 1 tps: 1495.90 qps: 4487.71 (r/w/o: 4487.71/0.00/0.00) lat (ms,95%): 0.75 err/s: 0.00 reconn/s: 0.00
[ 7s ] thds: 1 tps: 1515.99 qps: 4547.96 (r/w/o: 4547.96/0.00/0.00) lat (ms,95%): 0.73 err/s: 0.00 reconn/s: 0.00
SQL statistics:
    queries performed:
        read:                            35865
        write:                           0
        other:                           0
        total:                           35865
    transactions:                        11955  (1494.17 per sec.)
    queries:                             35865  (4482.51 per sec.)
    ignored errors:                      0      (0.00 per sec.)
    reconnects:                          0      (0.00 per sec.)

General statistics:
    total time:                          8.0007s
    total number of events:              11955

Latency (ms):
         min:                                    0.57
         avg:                                    0.67
         max:                                    8.53
         95th percentile:                        0.75
         sum:                                 7988.02

Threads fairness:
    events (avg/stddev):           11955.0000/0.00
    execution time (avg/stddev):   7.9880/0.00

