sysbench 1.0.20 (using system LuaJIT 2.1.0-beta3)

Running the test with following options:
Number of threads: 1
Report intermediate results every 1 second(s)
Initializing random number generator from current time


Initializing worker threads...

Threads started!

[ 1s ] thds: 1 tps: 656.56 qps: 656.56 (r/w/o: 656.56/0.00/0.00) lat (ms,95%): 1.55 err/s: 0.00 reconn/s: 0.00
[ 2s ] thds: 1 tps: 669.10 qps: 669.10 (r/w/o: 669.10/0.00/0.00) lat (ms,95%): 1.52 err/s: 0.00 reconn/s: 0.00
[ 3s ] thds: 1 tps: 666.00 qps: 666.00 (r/w/o: 666.00/0.00/0.00) lat (ms,95%): 1.52 err/s: 0.00 reconn/s: 0.00
[ 4s ] thds: 1 tps: 666.01 qps: 666.01 (r/w/o: 666.01/0.00/0.00) lat (ms,95%): 1.52 err/s: 0.00 reconn/s: 0.00
[ 5s ] thds: 1 tps: 666.02 qps: 666.02 (r/w/o: 666.02/0.00/0.00) lat (ms,95%): 1.52 err/s: 0.00 reconn/s: 0.00
[ 6s ] thds: 1 tps: 669.02 qps: 669.02 (r/w/o: 669.02/0.00/0.00) lat (ms,95%): 1.52 err/s: 0.00 reconn/s: 0.00
[ 7s ] thds: 1 tps: 662.93 qps: 662.93 (r/w/o: 662.93/0.00/0.00) lat (ms,95%): 1.55 err/s: 0.00 reconn/s: 0.00
[ 8s ] thds: 1 tps: 663.03 qps: 663.03 (r/w/o: 663.03/0.00/0.00) lat (ms,95%): 1.55 err/s: 0.00 reconn/s: 0.00
SQL statistics:
    queries performed:
        read:                            5320
        write:                           0
        other:                           0
        total:                           5320
    transactions:                        5320   (664.90 per sec.)
    queries:                             5320   (664.90 per sec.)
    ignored errors:                      0      (0.00 per sec.)
    reconnects:                          0      (0.00 per sec.)

General statistics:
    total time:                          8.0008s
    total number of events:              5320

Latency (ms):
         min:                                    1.46
         avg:                                    1.50
         max:                                    9.41
         95th percentile:                        1.55
         sum:                                 7994.60

Threads fairness:
    events (avg/stddev):           5320.0000/0.00
    execution time (avg/stddev):   7.9946/0.00

