sysbench 1.0.20 (using system LuaJIT 2.1.0-beta3)

Running the test with following options:
Number of threads: 1
Report intermediate results every 1 second(s)
Initializing random number generator from current time


Initializing worker threads...

Threads started!

[ 1s ] thds: 1 tps: 0.00 qps: 1004.07 (r/w/o: 0.00/1001.07/3.00) lat (ms,95%): 0.00 err/s: 0.00 reconn/s: 0.00
[ 2s ] thds: 1 tps: 0.00 qps: 1044.53 (r/w/o: 0.00/1044.53/0.00) lat (ms,95%): 0.00 err/s: 0.00 reconn/s: 0.00
[ 3s ] thds: 1 tps: 0.00 qps: 1091.96 (r/w/o: 0.00/1091.96/0.00) lat (ms,95%): 0.00 err/s: 0.00 reconn/s: 0.00
[ 4s ] thds: 1 tps: 1.00 qps: 1047.04 (r/w/o: 0.00/1045.04/2.00) lat (ms,95%): 3773.42 err/s: 0.00 reconn/s: 0.00
[ 5s ] thds: 1 tps: 0.00 qps: 1061.01 (r/w/o: 0.00/1061.01/0.00) lat (ms,95%): 0.00 err/s: 0.00 reconn/s: 0.00
[ 6s ] thds: 1 tps: 0.00 qps: 1008.00 (r/w/o: 0.00/1008.00/0.00) lat (ms,95%): 0.00 err/s: 0.00 reconn/s: 0.00
[ 7s ] thds: 1 tps: 0.00 qps: 1017.90 (r/w/o: 0.00/1017.90/0.00) lat (ms,95%): 0.00 err/s: 0.00 reconn/s: 0.00
[ 8s ] thds: 1 tps: 1.00 qps: 992.10 (r/w/o: 0.00/990.10/2.00) lat (ms,95%): 3911.79 err/s: 0.00 reconn/s: 0.00
[ 9s ] thds: 1 tps: 0.00 qps: 1074.93 (r/w/o: 0.00/1074.93/0.00) lat (ms,95%): 0.00 err/s: 0.00 reconn/s: 0.00
[ 10s ] thds: 1 tps: 0.00 qps: 1078.05 (r/w/o: 0.00/1078.05/0.00) lat (ms,95%): 0.00 err/s: 0.00 reconn/s: 0.00
[ 11s ] thds: 1 tps: 0.00 qps: 1047.94 (r/w/o: 0.00/1047.94/0.00) lat (ms,95%): 0.00 err/s: 0.00 reconn/s: 0.00
SQL statistics:
    queries performed:
        read:                            0
        write:                           12002
        other:                           7
        total:                           12009
    transactions:                        3      (0.26 per sec.)
    queries:                             12009  (1042.50 per sec.)
    ignored errors:                      0      (0.00 per sec.)
    reconnects:                          0      (0.00 per sec.)

General statistics:
    total time:                          11.5190s
    total number of events:              3

Latency (ms):
         min:                                 3786.17
         avg:                                 3839.49
         max:                                 3915.55
         95th percentile:                     3911.79
         sum:                                11518.46

Threads fairness:
    events (avg/stddev):           3.0000/0.00
    execution time (avg/stddev):   11.5185/0.00

