sysbench 1.0.20 (using system LuaJIT 2.1.0-beta3)

Running the test with following options:
Number of threads: 1
Report intermediate results every 1 second(s)
Initializing random number generator from current time


Initializing worker threads...

Threads started!

[ 1s ] thds: 1 tps: 4761.60 qps: 4761.60 (r/w/o: 4761.60/0.00/0.00) lat (ms,95%): 0.24 err/s: 0.00 reconn/s: 0.00
[ 2s ] thds: 1 tps: 4910.96 qps: 4910.96 (r/w/o: 4910.96/0.00/0.00) lat (ms,95%): 0.23 err/s: 0.00 reconn/s: 0.00
[ 3s ] thds: 1 tps: 4932.00 qps: 4932.00 (r/w/o: 4932.00/0.00/0.00) lat (ms,95%): 0.23 err/s: 0.00 reconn/s: 0.00
[ 4s ] thds: 1 tps: 4940.05 qps: 4940.05 (r/w/o: 4940.05/0.00/0.00) lat (ms,95%): 0.23 err/s: 0.00 reconn/s: 0.00
[ 5s ] thds: 1 tps: 4871.67 qps: 4871.67 (r/w/o: 4871.67/0.00/0.00) lat (ms,95%): 0.23 err/s: 0.00 reconn/s: 0.00
[ 6s ] thds: 1 tps: 4933.32 qps: 4933.32 (r/w/o: 4933.32/0.00/0.00) lat (ms,95%): 0.23 err/s: 0.00 reconn/s: 0.00
[ 7s ] thds: 1 tps: 4895.12 qps: 4895.12 (r/w/o: 4895.12/0.00/0.00) lat (ms,95%): 0.24 err/s: 0.00 reconn/s: 0.00
SQL statistics:
    queries performed:
        read:                            39135
        write:                           0
        other:                           0
        total:                           39135
    transactions:                        39135  (4891.21 per sec.)
    queries:                             39135  (4891.21 per sec.)
    ignored errors:                      0      (0.00 per sec.)
    reconnects:                          0      (0.00 per sec.)

General statistics:
    total time:                          8.0007s
    total number of events:              39135

Latency (ms):
         min:                                    0.17
         avg:                                    0.20
         max:                                    8.17
         95th percentile:                        0.23
         sum:                                 7960.73

Threads fairness:
    events (avg/stddev):           39135.0000/0.00
    execution time (avg/stddev):   7.9607/0.00

