sysbench 1.0.20 (using system LuaJIT 2.1.0-beta3)

Running the test with following options:
Number of threads: 1
Report intermediate results every 1 second(s)
Initializing random number generator from current time


Initializing worker threads...

Threads started!

[ 1s ] thds: 1 tps: 257.77 qps: 257.77 (r/w/o: 257.77/0.00/0.00) lat (ms,95%): 5.67 err/s: 0.00 reconn/s: 0.00
[ 2s ] thds: 1 tps: 264.10 qps: 264.10 (r/w/o: 264.10/0.00/0.00) lat (ms,95%): 4.18 err/s: 0.00 reconn/s: 0.00
[ 3s ] thds: 1 tps: 262.00 qps: 262.00 (r/w/o: 262.00/0.00/0.00) lat (ms,95%): 4.18 err/s: 0.00 reconn/s: 0.00
[ 4s ] thds: 1 tps: 258.99 qps: 258.99 (r/w/o: 258.99/0.00/0.00) lat (ms,95%): 4.18 err/s: 0.00 reconn/s: 0.00
[ 5s ] thds: 1 tps: 261.00 qps: 261.00 (r/w/o: 261.00/0.00/0.00) lat (ms,95%): 4.65 err/s: 0.00 reconn/s: 0.00
[ 6s ] thds: 1 tps: 261.00 qps: 261.00 (r/w/o: 261.00/0.00/0.00) lat (ms,95%): 4.25 err/s: 0.00 reconn/s: 0.00
[ 7s ] thds: 1 tps: 261.00 qps: 261.00 (r/w/o: 261.00/0.00/0.00) lat (ms,95%): 4.10 err/s: 0.00 reconn/s: 0.00
[ 8s ] thds: 1 tps: 259.00 qps: 259.00 (r/w/o: 259.00/0.00/0.00) lat (ms,95%): 4.25 err/s: 0.00 reconn/s: 0.00
SQL statistics:
    queries performed:
        read:                            2086
        write:                           0
        other:                           0
        total:                           2086
    transactions:                        2086   (260.61 per sec.)
    queries:                             2086   (260.61 per sec.)
    ignored errors:                      0      (0.00 per sec.)
    reconnects:                          0      (0.00 per sec.)

General statistics:
    total time:                          8.0040s
    total number of events:              2086

Latency (ms):
         min:                                    3.20
         avg:                                    3.83
         max:                                   14.71
         95th percentile:                        4.18
         sum:                                 7999.01

Threads fairness:
    events (avg/stddev):           2086.0000/0.00
    execution time (avg/stddev):   7.9990/0.00

