sysbench 1.0.20 (using system LuaJIT 2.1.0-beta3)

Running the test with following options:
Number of threads: 1
Report intermediate results every 1 second(s)
Initializing random number generator from current time


Initializing worker threads...

Threads started!

[ 1s ] thds: 1 tps: 0.00 qps: 1168.93 (r/w/o: 0.00/1165.94/3.00) lat (ms,95%): 0.00 err/s: 0.00 reconn/s: 0.00
[ 2s ] thds: 1 tps: 0.00 qps: 1183.45 (r/w/o: 0.00/1183.45/0.00) lat (ms,95%): 0.00 err/s: 0.00 reconn/s: 0.00
[ 3s ] thds: 1 tps: 0.00 qps: 1213.04 (r/w/o: 0.00/1213.04/0.00) lat (ms,95%): 0.00 err/s: 0.00 reconn/s: 0.00
[ 4s ] thds: 1 tps: 1.00 qps: 1193.02 (r/w/o: 0.00/1191.02/2.00) lat (ms,95%): 3326.55 err/s: 0.00 reconn/s: 0.00
[ 5s ] thds: 1 tps: 0.00 qps: 1264.95 (r/w/o: 0.00/1264.95/0.00) lat (ms,95%): 0.00 err/s: 0.00 reconn/s: 0.00
[ 6s ] thds: 1 tps: 0.00 qps: 1189.08 (r/w/o: 0.00/1189.08/0.00) lat (ms,95%): 0.00 err/s: 0.00 reconn/s: 0.00
[ 7s ] thds: 1 tps: 1.00 qps: 1147.96 (r/w/o: 0.00/1145.96/2.00) lat (ms,95%): 3326.55 err/s: 0.00 reconn/s: 0.00
[ 8s ] thds: 1 tps: 0.00 qps: 1225.96 (r/w/o: 0.00/1225.96/0.00) lat (ms,95%): 0.00 err/s: 0.00 reconn/s: 0.00
[ 9s ] thds: 1 tps: 0.00 qps: 1205.05 (r/w/o: 0.00/1205.05/0.00) lat (ms,95%): 0.00 err/s: 0.00 reconn/s: 0.00
SQL statistics:
    queries performed:
        read:                            0
        write:                           12002
        other:                           7
        total:                           12009
    transactions:                        3      (0.30 per sec.)
    queries:                             12009  (1201.67 per sec.)
    ignored errors:                      0      (0.00 per sec.)
    reconnects:                          0      (0.00 per sec.)

General statistics:
    total time:                          9.9932s
    total number of events:              3

Latency (ms):
         min:                                 3309.24
         avg:                                 3330.88
         max:                                 3351.70
         95th percentile:                     3326.55
         sum:                                 9992.65

Threads fairness:
    events (avg/stddev):           3.0000/0.00
    execution time (avg/stddev):   9.9926/0.00

