sysbench 1.0.20 (using system LuaJIT 2.1.0-beta3)

Running the test with following options:
Number of threads: 1
Report intermediate results every 1 second(s)
Initializing random number generator from current time


Initializing worker threads...

Threads started!

[ 1s ] thds: 1 tps: 1.00 qps: 760.11 (r/w/o: 0.00/755.12/4.99) lat (ms,95%): 450.77 err/s: 0.00 reconn/s: 0.00
[ 2s ] thds: 1 tps: 2.00 qps: 757.43 (r/w/o: 0.00/753.43/4.00) lat (ms,95%): 601.29 err/s: 0.00 reconn/s: 0.00
[ 3s ] thds: 1 tps: 2.00 qps: 738.95 (r/w/o: 0.00/734.95/4.00) lat (ms,95%): 601.29 err/s: 0.00 reconn/s: 0.00
[ 4s ] thds: 1 tps: 2.00 qps: 796.99 (r/w/o: 0.00/792.99/4.00) lat (ms,95%): 484.44 err/s: 0.00 reconn/s: 0.00
[ 5s ] thds: 1 tps: 2.00 qps: 845.00 (r/w/o: 0.00/841.00/4.00) lat (ms,95%): 511.33 err/s: 0.00 reconn/s: 0.00
[ 6s ] thds: 1 tps: 2.00 qps: 848.02 (r/w/o: 0.00/844.02/4.00) lat (ms,95%): 484.44 err/s: 0.00 reconn/s: 0.00
[ 7s ] thds: 1 tps: 2.00 qps: 846.07 (r/w/o: 0.00/842.06/4.00) lat (ms,95%): 511.33 err/s: 0.00 reconn/s: 0.00
[ 8s ] thds: 1 tps: 3.00 qps: 984.98 (r/w/o: 0.00/978.98/6.00) lat (ms,95%): 442.73 err/s: 0.00 reconn/s: 0.00
SQL statistics:
    queries performed:
        read:                            0
        write:                           6816
        other:                           35
        total:                           6851
    transactions:                        17     (2.06 per sec.)
    queries:                             6851   (828.51 per sec.)
    ignored errors:                      0      (0.00 per sec.)
    reconnects:                          0      (0.00 per sec.)

General statistics:
    total time:                          8.2687s
    total number of events:              17

Latency (ms):
         min:                                  393.14
         avg:                                  486.35
         max:                                  598.56
         95th percentile:                      601.29
         sum:                                 8267.93

Threads fairness:
    events (avg/stddev):           17.0000/0.00
    execution time (avg/stddev):   8.2679/0.00

