sysbench 1.0.20 (using system LuaJIT 2.1.0-beta3)

Running the test with following options:
Number of threads: 1
Report intermediate results every 1 second(s)
Initializing random number generator from current time


Initializing worker threads...

Threads started!

[ 1s ] thds: 1 tps: 1542.86 qps: 4629.57 (r/w/o: 4629.57/0.00/0.00) lat (ms,95%): 0.72 err/s: 0.00 reconn/s: 0.00
[ 2s ] thds: 1 tps: 1556.42 qps: 4669.27 (r/w/o: 4669.27/0.00/0.00) lat (ms,95%): 0.73 err/s: 0.00 reconn/s: 0.00
[ 3s ] thds: 1 tps: 1564.02 qps: 4691.07 (r/w/o: 4691.07/0.00/0.00) lat (ms,95%): 0.72 err/s: 0.00 reconn/s: 0.00
[ 4s ] thds: 1 tps: 1580.86 qps: 4743.57 (r/w/o: 4743.57/0.00/0.00) lat (ms,95%): 0.70 err/s: 0.00 reconn/s: 0.00
[ 5s ] thds: 1 tps: 1554.13 qps: 4661.39 (r/w/o: 4661.39/0.00/0.00) lat (ms,95%): 0.74 err/s: 0.00 reconn/s: 0.00
[ 6s ] thds: 1 tps: 1571.96 qps: 4716.88 (r/w/o: 4716.88/0.00/0.00) lat (ms,95%): 0.72 err/s: 0.00 reconn/s: 0.00
[ 7s ] thds: 1 tps: 1585.02 qps: 4756.05 (r/w/o: 4756.05/0.00/0.00) lat (ms,95%): 0.70 err/s: 0.00 reconn/s: 0.00
[ 8s ] thds: 1 tps: 1560.00 qps: 4679.00 (r/w/o: 4679.00/0.00/0.00) lat (ms,95%): 0.72 err/s: 0.00 reconn/s: 0.00
SQL statistics:
    queries performed:
        read:                            37551
        write:                           0
        other:                           0
        total:                           37551
    transactions:                        12517  (1564.36 per sec.)
    queries:                             37551  (4693.08 per sec.)
    ignored errors:                      0      (0.00 per sec.)
    reconnects:                          0      (0.00 per sec.)

General statistics:
    total time:                          8.0010s
    total number of events:              12517

Latency (ms):
         min:                                    0.57
         avg:                                    0.64
         max:                                    8.13
         95th percentile:                        0.72
         sum:                                 7987.92

Threads fairness:
    events (avg/stddev):           12517.0000/0.00
    execution time (avg/stddev):   7.9879/0.00

