sysbench 1.0.20 (using system LuaJIT 2.1.0-beta3)

Running the test with following options:
Number of threads: 1
Report intermediate results every 1 second(s)
Initializing random number generator from current time


Initializing worker threads...

Threads started!

[ 1s ] thds: 1 tps: 57.95 qps: 700.43 (r/w/o: 0.00/581.53/118.90) lat (ms,95%): 21.89 err/s: 0.00 reconn/s: 0.00
[ 2s ] thds: 1 tps: 62.02 qps: 750.26 (r/w/o: 0.00/626.21/124.04) lat (ms,95%): 20.74 err/s: 0.00 reconn/s: 0.00
[ 3s ] thds: 1 tps: 81.00 qps: 970.99 (r/w/o: 0.00/808.99/162.00) lat (ms,95%): 15.55 err/s: 0.00 reconn/s: 0.00
[ 4s ] thds: 1 tps: 69.00 qps: 824.01 (r/w/o: 0.00/686.01/138.00) lat (ms,95%): 20.00 err/s: 0.00 reconn/s: 0.00
[ 5s ] thds: 1 tps: 84.00 qps: 1009.00 (r/w/o: 0.00/841.00/168.00) lat (ms,95%): 14.73 err/s: 0.00 reconn/s: 0.00
[ 6s ] thds: 1 tps: 77.00 qps: 920.95 (r/w/o: 0.00/766.96/153.99) lat (ms,95%): 17.95 err/s: 0.00 reconn/s: 0.00
[ 7s ] thds: 1 tps: 82.00 qps: 982.05 (r/w/o: 0.00/819.04/163.01) lat (ms,95%): 15.83 err/s: 0.00 reconn/s: 0.00
[ 8s ] thds: 1 tps: 75.00 qps: 898.99 (r/w/o: 0.00/748.99/150.00) lat (ms,95%): 17.32 err/s: 0.00 reconn/s: 0.00
SQL statistics:
    queries performed:
        read:                            0
        write:                           5889
        other:                           1179
        total:                           7068
    transactions:                        589    (73.49 per sec.)
    queries:                             7068   (881.89 per sec.)
    ignored errors:                      0      (0.00 per sec.)
    reconnects:                          0      (0.00 per sec.)

General statistics:
    total time:                          8.0142s
    total number of events:              589

Latency (ms):
         min:                                    8.63
         avg:                                   13.60
         max:                                   26.52
         95th percentile:                       19.29
         sum:                                 8012.70

Threads fairness:
    events (avg/stddev):           589.0000/0.00
    execution time (avg/stddev):   8.0127/0.00

