sysbench 1.0.20 (using system LuaJIT 2.1.0-beta3)

Running the test with following options:
Number of threads: 1
Report intermediate results every 1 second(s)
Initializing random number generator from current time


Initializing worker threads...

Threads started!

[ 1s ] thds: 1 tps: 697.52 qps: 697.52 (r/w/o: 697.52/0.00/0.00) lat (ms,95%): 1.47 err/s: 0.00 reconn/s: 0.00
[ 2s ] thds: 1 tps: 704.13 qps: 704.13 (r/w/o: 704.13/0.00/0.00) lat (ms,95%): 1.47 err/s: 0.00 reconn/s: 0.00
[ 3s ] thds: 1 tps: 703.00 qps: 703.00 (r/w/o: 703.00/0.00/0.00) lat (ms,95%): 1.44 err/s: 0.00 reconn/s: 0.00
[ 4s ] thds: 1 tps: 694.03 qps: 694.03 (r/w/o: 694.03/0.00/0.00) lat (ms,95%): 1.47 err/s: 0.00 reconn/s: 0.00
[ 5s ] thds: 1 tps: 694.02 qps: 694.02 (r/w/o: 694.02/0.00/0.00) lat (ms,95%): 1.47 err/s: 0.00 reconn/s: 0.00
[ 6s ] thds: 1 tps: 700.95 qps: 700.95 (r/w/o: 700.95/0.00/0.00) lat (ms,95%): 1.47 err/s: 0.00 reconn/s: 0.00
[ 7s ] thds: 1 tps: 703.05 qps: 703.05 (r/w/o: 703.05/0.00/0.00) lat (ms,95%): 1.47 err/s: 0.00 reconn/s: 0.00
[ 8s ] thds: 1 tps: 702.00 qps: 702.00 (r/w/o: 702.00/0.00/0.00) lat (ms,95%): 1.47 err/s: 0.00 reconn/s: 0.00
SQL statistics:
    queries performed:
        read:                            5600
        write:                           0
        other:                           0
        total:                           5600
    transactions:                        5600   (699.85 per sec.)
    queries:                             5600   (699.85 per sec.)
    ignored errors:                      0      (0.00 per sec.)
    reconnects:                          0      (0.00 per sec.)

General statistics:
    total time:                          8.0013s
    total number of events:              5600

Latency (ms):
         min:                                    1.39
         avg:                                    1.43
         max:                                    8.88
         95th percentile:                        1.47
         sum:                                 7994.96

Threads fairness:
    events (avg/stddev):           5600.0000/0.00
    execution time (avg/stddev):   7.9950/0.00

