sysbench 1.0.20 (using system LuaJIT 2.1.0-beta3)

Running the test with following options:
Number of threads: 4
Report intermediate results every 2 second(s)
Initializing random number generator from current time


Initializing worker threads...

Threads started!

[ 2s ] thds: 4 tps: 2307.51 qps: 6925.04 (r/w/o: 6925.04/0.00/0.00) lat (ms,95%): 2.18 err/s: 0.00 reconn/s: 0.00
[ 4s ] thds: 4 tps: 2328.95 qps: 6988.34 (r/w/o: 6988.34/0.00/0.00) lat (ms,95%): 2.18 err/s: 0.00 reconn/s: 0.00
[ 6s ] thds: 4 tps: 2320.94 qps: 6960.31 (r/w/o: 6960.31/0.00/0.00) lat (ms,95%): 2.18 err/s: 0.00 reconn/s: 0.00
[ 8s ] thds: 4 tps: 2333.00 qps: 6999.51 (r/w/o: 6999.51/0.00/0.00) lat (ms,95%): 2.18 err/s: 0.00 reconn/s: 0.00
[ 10s ] thds: 4 tps: 2310.50 qps: 6932.99 (r/w/o: 6932.99/0.00/0.00) lat (ms,95%): 2.26 err/s: 0.00 reconn/s: 0.00
[ 12s ] thds: 4 tps: 2349.51 qps: 7047.54 (r/w/o: 7047.54/0.00/0.00) lat (ms,95%): 2.14 err/s: 0.00 reconn/s: 0.00
[ 14s ] thds: 4 tps: 2193.49 qps: 6580.98 (r/w/o: 6580.98/0.00/0.00) lat (ms,95%): 2.48 err/s: 0.00 reconn/s: 0.00
[ 16s ] thds: 4 tps: 2361.55 qps: 7082.64 (r/w/o: 7082.64/0.00/0.00) lat (ms,95%): 2.11 err/s: 0.00 reconn/s: 0.00
[ 18s ] thds: 4 tps: 2329.46 qps: 6989.88 (r/w/o: 6989.88/0.00/0.00) lat (ms,95%): 2.18 err/s: 0.00 reconn/s: 0.00
SQL statistics:
    queries performed:
        read:                            125025
        write:                           0
        other:                           0
        total:                           125025
    transactions:                        41675  (2314.98 per sec.)
    queries:                             125025 (6944.94 per sec.)
    ignored errors:                      0      (0.00 per sec.)
    reconnects:                          0      (0.00 per sec.)

General statistics:
    total time:                          18.0020s
    total number of events:              41675

Latency (ms):
         min:                                    0.99
         avg:                                    1.73
         max:                                   20.53
         95th percentile:                        2.22
         sum:                                71948.37

Threads fairness:
    events (avg/stddev):           10418.7500/30.53
    execution time (avg/stddev):   17.9871/0.00

