sysbench 1.0.20 (using system LuaJIT 2.1.0-beta3)

Running the test with following options:
Number of threads: 1
Report intermediate results every 1 second(s)
Initializing random number generator from current time


Initializing worker threads...

Threads started!

[ 1s ] thds: 1 tps: 1.00 qps: 1126.94 (r/w/o: 0.00/1121.94/5.00) lat (ms,95%): 707.07 err/s: 0.00 reconn/s: 0.00
[ 2s ] thds: 1 tps: 2.00 qps: 1331.67 (r/w/o: 0.00/1327.66/4.00) lat (ms,95%): 682.06 err/s: 0.00 reconn/s: 0.00
[ 3s ] thds: 1 tps: 1.00 qps: 1112.97 (r/w/o: 0.00/1110.97/2.00) lat (ms,95%): 719.92 err/s: 0.00 reconn/s: 0.00
[ 4s ] thds: 1 tps: 1.00 qps: 1074.99 (r/w/o: 0.00/1072.99/2.00) lat (ms,95%): 694.45 err/s: 0.00 reconn/s: 0.00
[ 5s ] thds: 1 tps: 2.00 qps: 1020.04 (r/w/o: 0.00/1016.04/4.00) lat (ms,95%): 816.63 err/s: 0.00 reconn/s: 0.00
[ 6s ] thds: 1 tps: 1.00 qps: 1067.98 (r/w/o: 0.00/1065.98/2.00) lat (ms,95%): 733.00 err/s: 0.00 reconn/s: 0.00
[ 7s ] thds: 1 tps: 2.00 qps: 1337.01 (r/w/o: 0.00/1333.01/4.00) lat (ms,95%): 759.88 err/s: 0.00 reconn/s: 0.00
[ 8s ] thds: 1 tps: 1.00 qps: 1002.01 (r/w/o: 0.00/1000.01/2.00) lat (ms,95%): 773.68 err/s: 0.00 reconn/s: 0.00
SQL statistics:
    queries performed:
        read:                            0
        write:                           9611
        other:                           25
        total:                           9636
    transactions:                        12     (1.40 per sec.)
    queries:                             9636   (1125.56 per sec.)
    ignored errors:                      0      (0.00 per sec.)
    reconnects:                          0      (0.00 per sec.)

General statistics:
    total time:                          8.5607s
    total number of events:              12

Latency (ms):
         min:                                  528.73
         avg:                                  713.34
         max:                                  817.07
         95th percentile:                      816.63
         sum:                                 8560.12

Threads fairness:
    events (avg/stddev):           12.0000/0.00
    execution time (avg/stddev):   8.5601/0.00

