sysbench 1.0.20 (using system LuaJIT 2.1.0-beta3)

Running the test with following options:
Number of threads: 1
Report intermediate results every 1 second(s)
Initializing random number generator from current time


Initializing worker threads...

Threads started!

[ 1s ] thds: 1 tps: 5738.85 qps: 5738.85 (r/w/o: 5738.85/0.00/0.00) lat (ms,95%): 0.21 err/s: 0.00 reconn/s: 0.00
[ 2s ] thds: 1 tps: 5773.99 qps: 5773.99 (r/w/o: 5773.99/0.00/0.00) lat (ms,95%): 0.21 err/s: 0.00 reconn/s: 0.00
[ 3s ] thds: 1 tps: 5824.02 qps: 5824.02 (r/w/o: 5824.02/0.00/0.00) lat (ms,95%): 0.20 err/s: 0.00 reconn/s: 0.00
[ 4s ] thds: 1 tps: 5763.03 qps: 5763.03 (r/w/o: 5763.03/0.00/0.00) lat (ms,95%): 0.21 err/s: 0.00 reconn/s: 0.00
[ 5s ] thds: 1 tps: 5821.17 qps: 5821.17 (r/w/o: 5821.17/0.00/0.00) lat (ms,95%): 0.20 err/s: 0.00 reconn/s: 0.00
[ 6s ] thds: 1 tps: 5740.12 qps: 5740.12 (r/w/o: 5740.12/0.00/0.00) lat (ms,95%): 0.21 err/s: 0.00 reconn/s: 0.00
[ 7s ] thds: 1 tps: 5655.11 qps: 5655.11 (r/w/o: 5655.11/0.00/0.00) lat (ms,95%): 0.21 err/s: 0.00 reconn/s: 0.00
SQL statistics:
    queries performed:
        read:                            46002
        write:                           0
        other:                           0
        total:                           46002
    transactions:                        46002  (5749.52 per sec.)
    queries:                             46002  (5749.52 per sec.)
    ignored errors:                      0      (0.00 per sec.)
    reconnects:                          0      (0.00 per sec.)

General statistics:
    total time:                          8.0007s
    total number of events:              46002

Latency (ms):
         min:                                    0.14
         avg:                                    0.17
         max:                                    7.47
         95th percentile:                        0.21
         sum:                                 7961.12

Threads fairness:
    events (avg/stddev):           46002.0000/0.00
    execution time (avg/stddev):   7.9611/0.00

