sysbench 1.0.20 (using system LuaJIT 2.1.0-beta3)

Running the test with following options:
Number of threads: 4
Report intermediate results every 2 second(s)
Initializing random number generator from current time


Initializing worker threads...

Threads started!

[ 2s ] thds: 4 tps: 51.98 qps: 3313.00 (r/w/o: 0.00/1107.00/2206.00) lat (ms,95%): 116.80 err/s: 64.97 reconn/s: 0.00
[ 4s ] thds: 4 tps: 52.01 qps: 3249.49 (r/w/o: 0.00/957.64/2291.84) lat (ms,95%): 139.85 err/s: 61.51 reconn/s: 0.00
[ 6s ] thds: 4 tps: 53.50 qps: 3398.01 (r/w/o: 0.00/1099.50/2298.51) lat (ms,95%): 127.81 err/s: 66.50 reconn/s: 0.00
[ 8s ] thds: 4 tps: 55.00 qps: 3468.10 (r/w/o: 0.00/1118.03/2350.07) lat (ms,95%): 102.97 err/s: 59.50 reconn/s: 0.00
[ 10s ] thds: 4 tps: 55.50 qps: 3519.43 (r/w/o: 0.00/1126.98/2392.46) lat (ms,95%): 114.72 err/s: 66.50 reconn/s: 0.00
[ 12s ] thds: 4 tps: 55.00 qps: 3477.98 (r/w/o: 0.00/1071.99/2405.99) lat (ms,95%): 121.08 err/s: 71.00 reconn/s: 0.00
[ 14s ] thds: 4 tps: 62.00 qps: 3538.96 (r/w/o: 0.00/995.49/2543.47) lat (ms,95%): 97.55 err/s: 52.50 reconn/s: 0.00
[ 16s ] thds: 4 tps: 58.00 qps: 3495.11 (r/w/o: 0.00/1108.04/2387.08) lat (ms,95%): 106.75 err/s: 66.00 reconn/s: 0.00
[ 18s ] thds: 4 tps: 58.50 qps: 3598.88 (r/w/o: 0.00/1078.96/2519.92) lat (ms,95%): 86.00 err/s: 70.00 reconn/s: 0.00
SQL statistics:
    queries performed:
        read:                            0
        write:                           19331
        other:                           42801
        total:                           62132
    transactions:                        1007   (55.93 per sec.)
    queries:                             62132  (3451.00 per sec.)
    ignored errors:                      1157   (64.26 per sec.)
    reconnects:                          0      (0.00 per sec.)

General statistics:
    total time:                          18.0036s
    total number of events:              1007

Latency (ms):
         min:                                   32.53
         avg:                                   71.51
         max:                                  178.70
         95th percentile:                      116.80
         sum:                                72009.06

Threads fairness:
    events (avg/stddev):           251.7500/2.95
    execution time (avg/stddev):   18.0023/0.00

