sysbench 1.0.20 (using system LuaJIT 2.1.0-beta3)

Running the test with following options:
Number of threads: 4
Report intermediate results every 2 second(s)
Initializing random number generator from current time


Initializing worker threads...

Threads started!

[ 2s ] thds: 4 tps: 3478.42 qps: 10437.27 (r/w/o: 10437.27/0.00/0.00) lat (ms,95%): 1.44 err/s: 0.00 reconn/s: 0.00
[ 4s ] thds: 4 tps: 3492.57 qps: 10477.20 (r/w/o: 10477.20/0.00/0.00) lat (ms,95%): 1.47 err/s: 0.00 reconn/s: 0.00
[ 6s ] thds: 4 tps: 3488.51 qps: 10465.03 (r/w/o: 10465.03/0.00/0.00) lat (ms,95%): 1.50 err/s: 0.00 reconn/s: 0.00
[ 8s ] thds: 4 tps: 3487.01 qps: 10461.02 (r/w/o: 10461.02/0.00/0.00) lat (ms,95%): 1.50 err/s: 0.00 reconn/s: 0.00
[ 10s ] thds: 4 tps: 3481.49 qps: 10446.47 (r/w/o: 10446.47/0.00/0.00) lat (ms,95%): 1.50 err/s: 0.00 reconn/s: 0.00
[ 12s ] thds: 4 tps: 3509.60 qps: 10527.79 (r/w/o: 10527.79/0.00/0.00) lat (ms,95%): 1.44 err/s: 0.00 reconn/s: 0.00
[ 14s ] thds: 4 tps: 3504.88 qps: 10516.15 (r/w/o: 10516.15/0.00/0.00) lat (ms,95%): 1.44 err/s: 0.00 reconn/s: 0.00
[ 16s ] thds: 4 tps: 3491.73 qps: 10474.18 (r/w/o: 10474.18/0.00/0.00) lat (ms,95%): 1.47 err/s: 0.00 reconn/s: 0.00
[ 18s ] thds: 4 tps: 3467.80 qps: 10402.91 (r/w/o: 10402.91/0.00/0.00) lat (ms,95%): 1.50 err/s: 0.00 reconn/s: 0.00
SQL statistics:
    queries performed:
        read:                            188427
        write:                           0
        other:                           0
        total:                           188427
    transactions:                        62809  (3489.02 per sec.)
    queries:                             188427 (10467.07 per sec.)
    ignored errors:                      0      (0.00 per sec.)
    reconnects:                          0      (0.00 per sec.)

General statistics:
    total time:                          18.0015s
    total number of events:              62809

Latency (ms):
         min:                                    0.72
         avg:                                    1.15
         max:                                   19.89
         95th percentile:                        1.47
         sum:                                71924.45

Threads fairness:
    events (avg/stddev):           15702.2500/33.59
    execution time (avg/stddev):   17.9811/0.00

