sysbench 1.0.20 (using system LuaJIT 2.1.0-beta3)

Running the test with following options:
Number of threads: 1
Report intermediate results every 1 second(s)
Initializing random number generator from current time


Initializing worker threads...

Threads started!

[ 1s ] thds: 1 tps: 389.71 qps: 389.71 (r/w/o: 389.71/0.00/0.00) lat (ms,95%): 2.57 err/s: 0.00 reconn/s: 0.00
[ 2s ] thds: 1 tps: 394.12 qps: 394.12 (r/w/o: 394.12/0.00/0.00) lat (ms,95%): 2.57 err/s: 0.00 reconn/s: 0.00
[ 3s ] thds: 1 tps: 393.00 qps: 393.00 (r/w/o: 393.00/0.00/0.00) lat (ms,95%): 2.57 err/s: 0.00 reconn/s: 0.00
[ 4s ] thds: 1 tps: 393.01 qps: 393.01 (r/w/o: 393.01/0.00/0.00) lat (ms,95%): 2.57 err/s: 0.00 reconn/s: 0.00
[ 5s ] thds: 1 tps: 390.95 qps: 390.95 (r/w/o: 390.95/0.00/0.00) lat (ms,95%): 2.61 err/s: 0.00 reconn/s: 0.00
[ 6s ] thds: 1 tps: 394.00 qps: 394.00 (r/w/o: 394.00/0.00/0.00) lat (ms,95%): 2.57 err/s: 0.00 reconn/s: 0.00
[ 7s ] thds: 1 tps: 395.99 qps: 395.99 (r/w/o: 395.99/0.00/0.00) lat (ms,95%): 2.57 err/s: 0.00 reconn/s: 0.00
[ 8s ] thds: 1 tps: 396.06 qps: 396.06 (r/w/o: 396.06/0.00/0.00) lat (ms,95%): 2.57 err/s: 0.00 reconn/s: 0.00
SQL statistics:
    queries performed:
        read:                            3148
        write:                           0
        other:                           0
        total:                           3148
    transactions:                        3148   (393.41 per sec.)
    queries:                             3148   (393.41 per sec.)
    ignored errors:                      0      (0.00 per sec.)
    reconnects:                          0      (0.00 per sec.)

General statistics:
    total time:                          8.0014s
    total number of events:              3148

Latency (ms):
         min:                                    2.47
         avg:                                    2.54
         max:                                   10.83
         95th percentile:                        2.57
         sum:                                 7996.98

Threads fairness:
    events (avg/stddev):           3148.0000/0.00
    execution time (avg/stddev):   7.9970/0.00

