sysbench 1.0.20 (using system LuaJIT 2.1.0-beta3)

Running the test with following options:
Number of threads: 1
Report intermediate results every 1 second(s)
Initializing random number generator from current time


Initializing worker threads...

Threads started!

[ 1s ] thds: 1 tps: 103.92 qps: 1257.00 (r/w/o: 0.00/1046.17/210.83) lat (ms,95%): 11.65 err/s: 0.00 reconn/s: 0.00
[ 2s ] thds: 1 tps: 107.03 qps: 1281.38 (r/w/o: 0.00/1067.32/214.06) lat (ms,95%): 11.65 err/s: 0.00 reconn/s: 0.00
[ 3s ] thds: 1 tps: 101.00 qps: 1214.04 (r/w/o: 0.00/1012.04/202.01) lat (ms,95%): 13.46 err/s: 0.00 reconn/s: 0.00
[ 4s ] thds: 1 tps: 103.00 qps: 1231.98 (r/w/o: 0.00/1025.98/206.00) lat (ms,95%): 11.87 err/s: 0.00 reconn/s: 0.00
[ 5s ] thds: 1 tps: 110.00 qps: 1318.03 (r/w/o: 0.00/1098.03/220.01) lat (ms,95%): 10.27 err/s: 0.00 reconn/s: 0.00
[ 6s ] thds: 1 tps: 99.00 qps: 1189.02 (r/w/o: 0.00/991.02/198.00) lat (ms,95%): 12.52 err/s: 0.00 reconn/s: 0.00
[ 7s ] thds: 1 tps: 93.00 qps: 1119.98 (r/w/o: 0.00/933.98/186.00) lat (ms,95%): 12.98 err/s: 0.00 reconn/s: 0.00
[ 8s ] thds: 1 tps: 95.00 qps: 1135.97 (r/w/o: 0.00/945.97/189.99) lat (ms,95%): 13.70 err/s: 0.00 reconn/s: 0.00
SQL statistics:
    queries performed:
        read:                            0
        write:                           8129
        other:                           1627
        total:                           9756
    transactions:                        813    (101.55 per sec.)
    queries:                             9756   (1218.54 per sec.)
    ignored errors:                      0      (0.00 per sec.)
    reconnects:                          0      (0.00 per sec.)

General statistics:
    total time:                          8.0059s
    total number of events:              813

Latency (ms):
         min:                                    7.56
         avg:                                    9.84
         max:                                   23.03
         95th percentile:                       12.52
         sum:                                 8003.80

Threads fairness:
    events (avg/stddev):           813.0000/0.00
    execution time (avg/stddev):   8.0038/0.00

