sysbench 1.0.20 (using system LuaJIT 2.1.0-beta3)

Running the test with following options:
Number of threads: 1
Report intermediate results every 1 second(s)
Initializing random number generator from current time


Initializing worker threads...

Threads started!

[ 1s ] thds: 1 tps: 1563.86 qps: 4692.59 (r/w/o: 4692.59/0.00/0.00) lat (ms,95%): 0.70 err/s: 0.00 reconn/s: 0.00
[ 2s ] thds: 1 tps: 1606.42 qps: 4818.27 (r/w/o: 4818.27/0.00/0.00) lat (ms,95%): 0.69 err/s: 0.00 reconn/s: 0.00
[ 3s ] thds: 1 tps: 1565.97 qps: 4698.92 (r/w/o: 4698.92/0.00/0.00) lat (ms,95%): 0.72 err/s: 0.00 reconn/s: 0.00
[ 4s ] thds: 1 tps: 1594.01 qps: 4782.03 (r/w/o: 4782.03/0.00/0.00) lat (ms,95%): 0.70 err/s: 0.00 reconn/s: 0.00
[ 5s ] thds: 1 tps: 1594.00 qps: 4780.99 (r/w/o: 4780.99/0.00/0.00) lat (ms,95%): 0.72 err/s: 0.00 reconn/s: 0.00
[ 6s ] thds: 1 tps: 1555.93 qps: 4668.80 (r/w/o: 4668.80/0.00/0.00) lat (ms,95%): 0.73 err/s: 0.00 reconn/s: 0.00
[ 7s ] thds: 1 tps: 1588.09 qps: 4765.28 (r/w/o: 4765.28/0.00/0.00) lat (ms,95%): 0.70 err/s: 0.00 reconn/s: 0.00
[ 8s ] thds: 1 tps: 1571.93 qps: 4715.80 (r/w/o: 4715.80/0.00/0.00) lat (ms,95%): 0.70 err/s: 0.00 reconn/s: 0.00
SQL statistics:
    queries performed:
        read:                            37926
        write:                           0
        other:                           0
        total:                           37926
    transactions:                        12642  (1580.03 per sec.)
    queries:                             37926  (4740.08 per sec.)
    ignored errors:                      0      (0.00 per sec.)
    reconnects:                          0      (0.00 per sec.)

General statistics:
    total time:                          8.0008s
    total number of events:              12642

Latency (ms):
         min:                                    0.56
         avg:                                    0.63
         max:                                    8.13
         95th percentile:                        0.70
         sum:                                 7987.36

Threads fairness:
    events (avg/stddev):           12642.0000/0.00
    execution time (avg/stddev):   7.9874/0.00

