sysbench 1.0.20 (using system LuaJIT 2.1.0-beta3)

Running the test with following options:
Number of threads: 1
Report intermediate results every 1 second(s)
Initializing random number generator from current time


Initializing worker threads...

Threads started!

[ 1s ] thds: 1 tps: 4520.89 qps: 4520.89 (r/w/o: 4520.89/0.00/0.00) lat (ms,95%): 0.25 err/s: 0.00 reconn/s: 0.00
[ 2s ] thds: 1 tps: 4668.11 qps: 4668.11 (r/w/o: 4668.11/0.00/0.00) lat (ms,95%): 0.24 err/s: 0.00 reconn/s: 0.00
[ 3s ] thds: 1 tps: 4642.93 qps: 4642.93 (r/w/o: 4642.93/0.00/0.00) lat (ms,95%): 0.24 err/s: 0.00 reconn/s: 0.00
[ 4s ] thds: 1 tps: 4619.81 qps: 4619.81 (r/w/o: 4619.81/0.00/0.00) lat (ms,95%): 0.24 err/s: 0.00 reconn/s: 0.00
[ 5s ] thds: 1 tps: 4700.06 qps: 4700.06 (r/w/o: 4700.06/0.00/0.00) lat (ms,95%): 0.23 err/s: 0.00 reconn/s: 0.00
[ 6s ] thds: 1 tps: 4687.02 qps: 4687.02 (r/w/o: 4687.02/0.00/0.00) lat (ms,95%): 0.24 err/s: 0.00 reconn/s: 0.00
[ 7s ] thds: 1 tps: 4676.12 qps: 4676.12 (r/w/o: 4676.12/0.00/0.00) lat (ms,95%): 0.24 err/s: 0.00 reconn/s: 0.00
SQL statistics:
    queries performed:
        read:                            37138
        write:                           0
        other:                           0
        total:                           37138
    transactions:                        37138  (4641.66 per sec.)
    queries:                             37138  (4641.66 per sec.)
    ignored errors:                      0      (0.00 per sec.)
    reconnects:                          0      (0.00 per sec.)

General statistics:
    total time:                          8.0007s
    total number of events:              37138

Latency (ms):
         min:                                    0.19
         avg:                                    0.21
         max:                                    7.67
         95th percentile:                        0.24
         sum:                                 7967.35

Threads fairness:
    events (avg/stddev):           37138.0000/0.00
    execution time (avg/stddev):   7.9674/0.00

