sysbench 1.0.20 (using system LuaJIT 2.1.0-beta3)

Running the test with following options:
Number of threads: 4
Report intermediate results every 2 second(s)
Initializing random number generator from current time


Initializing worker threads...

Threads started!

[ 2s ] thds: 4 tps: 1683.31 qps: 5051.42 (r/w/o: 5051.42/0.00/0.00) lat (ms,95%): 2.91 err/s: 0.00 reconn/s: 0.00
[ 4s ] thds: 4 tps: 1699.24 qps: 5097.73 (r/w/o: 5097.73/0.00/0.00) lat (ms,95%): 2.91 err/s: 0.00 reconn/s: 0.00
[ 6s ] thds: 4 tps: 1702.50 qps: 5108.51 (r/w/o: 5108.51/0.00/0.00) lat (ms,95%): 2.91 err/s: 0.00 reconn/s: 0.00
[ 8s ] thds: 4 tps: 1703.50 qps: 5110.00 (r/w/o: 5110.00/0.00/0.00) lat (ms,95%): 2.91 err/s: 0.00 reconn/s: 0.00
[ 10s ] thds: 4 tps: 1703.51 qps: 5110.54 (r/w/o: 5110.54/0.00/0.00) lat (ms,95%): 2.86 err/s: 0.00 reconn/s: 0.00
[ 12s ] thds: 4 tps: 1693.01 qps: 5078.02 (r/w/o: 5078.02/0.00/0.00) lat (ms,95%): 2.91 err/s: 0.00 reconn/s: 0.00
[ 14s ] thds: 4 tps: 1701.54 qps: 5106.12 (r/w/o: 5106.12/0.00/0.00) lat (ms,95%): 2.91 err/s: 0.00 reconn/s: 0.00
[ 16s ] thds: 4 tps: 1699.44 qps: 5097.31 (r/w/o: 5097.31/0.00/0.00) lat (ms,95%): 2.86 err/s: 0.00 reconn/s: 0.00
[ 18s ] thds: 4 tps: 1696.52 qps: 5090.56 (r/w/o: 5090.56/0.00/0.00) lat (ms,95%): 2.86 err/s: 0.00 reconn/s: 0.00
SQL statistics:
    queries performed:
        read:                            91710
        write:                           0
        other:                           0
        total:                           91710
    transactions:                        30570  (1698.08 per sec.)
    queries:                             91710  (5094.23 per sec.)
    ignored errors:                      0      (0.00 per sec.)
    reconnects:                          0      (0.00 per sec.)

General statistics:
    total time:                          18.0024s
    total number of events:              30570

Latency (ms):
         min:                                    1.31
         avg:                                    2.35
         max:                                   19.34
         95th percentile:                        2.91
         sum:                                71964.69

Threads fairness:
    events (avg/stddev):           7642.5000/34.62
    execution time (avg/stddev):   17.9912/0.00

