sysbench 1.0.20 (using system LuaJIT 2.1.0-beta3)

Running the test with following options:
Number of threads: 4
Report intermediate results every 2 second(s)
Initializing random number generator from current time


Initializing worker threads...

Threads started!

[ 2s ] thds: 4 tps: 4.00 qps: 2584.65 (r/w/o: 0.00/651.66/1932.99) lat (ms,95%): 773.68 err/s: 3.00 reconn/s: 0.00
[ 4s ] thds: 4 tps: 6.00 qps: 2852.81 (r/w/o: 0.00/765.72/2087.09) lat (ms,95%): 787.74 err/s: 12.00 reconn/s: 0.00
[ 6s ] thds: 4 tps: 4.00 qps: 2622.97 (r/w/o: 0.00/683.99/1938.98) lat (ms,95%): 816.63 err/s: 9.00 reconn/s: 0.00
[ 8s ] thds: 4 tps: 6.00 qps: 2736.02 (r/w/o: 0.00/714.50/2021.51) lat (ms,95%): 773.68 err/s: 10.00 reconn/s: 0.00
[ 10s ] thds: 4 tps: 6.00 qps: 2848.11 (r/w/o: 0.00/750.40/2097.71) lat (ms,95%): 759.88 err/s: 11.50 reconn/s: 0.00
[ 12s ] thds: 4 tps: 4.00 qps: 2589.39 (r/w/o: 0.00/666.60/1922.79) lat (ms,95%): 816.63 err/s: 8.00 reconn/s: 0.00
[ 14s ] thds: 4 tps: 6.00 qps: 2804.48 (r/w/o: 0.00/731.00/2073.49) lat (ms,95%): 802.05 err/s: 7.00 reconn/s: 0.00
[ 16s ] thds: 4 tps: 6.00 qps: 3017.46 (r/w/o: 0.00/787.99/2229.47) lat (ms,95%): 773.68 err/s: 11.00 reconn/s: 0.00
[ 18s ] thds: 4 tps: 6.00 qps: 2964.41 (r/w/o: 0.00/779.98/2184.44) lat (ms,95%): 746.32 err/s: 12.00 reconn/s: 0.00
SQL statistics:
    queries performed:
        read:                            0
        write:                           13538
        other:                           38400
        total:                           51938
    transactions:                        100    (5.35 per sec.)
    queries:                             51938  (2781.13 per sec.)
    ignored errors:                      167    (8.94 per sec.)
    reconnects:                          0      (0.00 per sec.)

General statistics:
    total time:                          18.6747s
    total number of events:              100

Latency (ms):
         min:                                  623.51
         avg:                                  746.94
         max:                                  819.13
         95th percentile:                      816.63
         sum:                                74694.29

Threads fairness:
    events (avg/stddev):           25.0000/0.00
    execution time (avg/stddev):   18.6736/0.00

