sysbench 1.0.20 (using system LuaJIT 2.1.0-beta3)

Running the test with following options:
Number of threads: 4
Report intermediate results every 2 second(s)
Initializing random number generator from current time


Initializing worker threads...

Threads started!

[ 2s ] thds: 4 tps: 2290.36 qps: 6875.07 (r/w/o: 6875.07/0.00/0.00) lat (ms,95%): 2.26 err/s: 0.00 reconn/s: 0.00
[ 4s ] thds: 4 tps: 2325.98 qps: 6976.94 (r/w/o: 6976.94/0.00/0.00) lat (ms,95%): 2.26 err/s: 0.00 reconn/s: 0.00
[ 6s ] thds: 4 tps: 2335.49 qps: 7003.98 (r/w/o: 7003.98/0.00/0.00) lat (ms,95%): 2.26 err/s: 0.00 reconn/s: 0.00
[ 8s ] thds: 4 tps: 2345.53 qps: 7038.10 (r/w/o: 7038.10/0.00/0.00) lat (ms,95%): 2.26 err/s: 0.00 reconn/s: 0.00
[ 10s ] thds: 4 tps: 2353.01 qps: 7059.02 (r/w/o: 7059.02/0.00/0.00) lat (ms,95%): 2.30 err/s: 0.00 reconn/s: 0.00
[ 12s ] thds: 4 tps: 2329.96 qps: 6990.37 (r/w/o: 6990.37/0.00/0.00) lat (ms,95%): 2.26 err/s: 0.00 reconn/s: 0.00
[ 14s ] thds: 4 tps: 2355.05 qps: 7065.14 (r/w/o: 7065.14/0.00/0.00) lat (ms,95%): 2.22 err/s: 0.00 reconn/s: 0.00
[ 16s ] thds: 4 tps: 2347.49 qps: 7042.96 (r/w/o: 7042.96/0.00/0.00) lat (ms,95%): 2.18 err/s: 0.00 reconn/s: 0.00
[ 18s ] thds: 4 tps: 2363.00 qps: 7089.00 (r/w/o: 7089.00/0.00/0.00) lat (ms,95%): 2.22 err/s: 0.00 reconn/s: 0.00
SQL statistics:
    queries performed:
        read:                            126288
        write:                           0
        other:                           0
        total:                           126288
    transactions:                        42096  (2338.45 per sec.)
    queries:                             126288 (7015.36 per sec.)
    ignored errors:                      0      (0.00 per sec.)
    reconnects:                          0      (0.00 per sec.)

General statistics:
    total time:                          18.0013s
    total number of events:              42096

Latency (ms):
         min:                                    1.00
         avg:                                    1.71
         max:                                   19.99
         95th percentile:                        2.26
         sum:                                71944.08

Threads fairness:
    events (avg/stddev):           10524.0000/77.12
    execution time (avg/stddev):   17.9860/0.00

