sysbench 1.0.20 (using system LuaJIT 2.1.0-beta3)

Running the test with following options:
Number of threads: 1
Report intermediate results every 1 second(s)
Initializing random number generator from current time


Initializing worker threads...

Threads started!

[ 1s ] thds: 1 tps: 171.88 qps: 515.64 (r/w/o: 515.64/0.00/0.00) lat (ms,95%): 5.99 err/s: 0.00 reconn/s: 0.00
[ 2s ] thds: 1 tps: 174.04 qps: 524.12 (r/w/o: 524.12/0.00/0.00) lat (ms,95%): 5.77 err/s: 0.00 reconn/s: 0.00
[ 3s ] thds: 1 tps: 173.99 qps: 521.97 (r/w/o: 521.97/0.00/0.00) lat (ms,95%): 5.99 err/s: 0.00 reconn/s: 0.00
[ 4s ] thds: 1 tps: 173.01 qps: 518.03 (r/w/o: 518.03/0.00/0.00) lat (ms,95%): 5.88 err/s: 0.00 reconn/s: 0.00
[ 5s ] thds: 1 tps: 173.99 qps: 520.97 (r/w/o: 520.97/0.00/0.00) lat (ms,95%): 5.88 err/s: 0.00 reconn/s: 0.00
[ 6s ] thds: 1 tps: 172.02 qps: 518.05 (r/w/o: 518.05/0.00/0.00) lat (ms,95%): 5.88 err/s: 0.00 reconn/s: 0.00
[ 7s ] thds: 1 tps: 174.00 qps: 521.99 (r/w/o: 521.99/0.00/0.00) lat (ms,95%): 5.88 err/s: 0.00 reconn/s: 0.00
[ 8s ] thds: 1 tps: 170.99 qps: 512.96 (r/w/o: 512.96/0.00/0.00) lat (ms,95%): 6.32 err/s: 0.00 reconn/s: 0.00
SQL statistics:
    queries performed:
        read:                            4155
        write:                           0
        other:                           0
        total:                           4155
    transactions:                        1385   (173.08 per sec.)
    queries:                             4155   (519.24 per sec.)
    ignored errors:                      0      (0.00 per sec.)
    reconnects:                          0      (0.00 per sec.)

General statistics:
    total time:                          8.0017s
    total number of events:              1385

Latency (ms):
         min:                                    5.56
         avg:                                    5.78
         max:                                   13.30
         95th percentile:                        5.99
         sum:                                 7998.98

Threads fairness:
    events (avg/stddev):           1385.0000/0.00
    execution time (avg/stddev):   7.9990/0.00

