sysbench 1.0.20 (using system LuaJIT 2.1.0-beta3)

Running the test with following options:
Number of threads: 4
Report intermediate results every 2 second(s)
Initializing random number generator from current time


Initializing worker threads...

Threads started!

[ 2s ] thds: 4 tps: 52.48 qps: 3407.73 (r/w/o: 0.00/1153.07/2254.66) lat (ms,95%): 123.28 err/s: 60.48 reconn/s: 0.00
[ 4s ] thds: 4 tps: 58.51 qps: 3518.99 (r/w/o: 0.00/1045.64/2473.34) lat (ms,95%): 114.72 err/s: 64.51 reconn/s: 0.00
[ 6s ] thds: 4 tps: 52.50 qps: 3438.85 (r/w/o: 0.00/1169.45/2269.40) lat (ms,95%): 132.49 err/s: 65.50 reconn/s: 0.00
[ 8s ] thds: 4 tps: 58.50 qps: 3518.55 (r/w/o: 0.00/1082.51/2436.03) lat (ms,95%): 114.72 err/s: 62.00 reconn/s: 0.00
[ 10s ] thds: 4 tps: 58.00 qps: 3511.02 (r/w/o: 0.00/1066.51/2444.51) lat (ms,95%): 108.68 err/s: 59.00 reconn/s: 0.00
[ 12s ] thds: 4 tps: 55.50 qps: 3519.55 (r/w/o: 0.00/1109.52/2410.04) lat (ms,95%): 114.72 err/s: 63.50 reconn/s: 0.00
[ 14s ] thds: 4 tps: 53.50 qps: 3401.46 (r/w/o: 0.00/1085.49/2315.97) lat (ms,95%): 125.52 err/s: 70.00 reconn/s: 0.00
[ 16s ] thds: 4 tps: 56.00 qps: 3477.91 (r/w/o: 0.00/1099.97/2377.94) lat (ms,95%): 130.13 err/s: 60.00 reconn/s: 0.00
[ 18s ] thds: 4 tps: 52.00 qps: 3376.59 (r/w/o: 0.00/1152.03/2224.56) lat (ms,95%): 127.81 err/s: 64.50 reconn/s: 0.00
SQL statistics:
    queries performed:
        read:                            0
        write:                           20013
        other:                           42612
        total:                           62625
    transactions:                        998    (55.19 per sec.)
    queries:                             62625  (3462.89 per sec.)
    ignored errors:                      1142   (63.15 per sec.)
    reconnects:                          0      (0.00 per sec.)

General statistics:
    total time:                          18.0842s
    total number of events:              998

Latency (ms):
         min:                                   32.90
         avg:                                   72.43
         max:                                  254.23
         95th percentile:                      121.08
         sum:                                72289.57

Threads fairness:
    events (avg/stddev):           249.5000/2.29
    execution time (avg/stddev):   18.0724/0.02

