sysbench 1.0.20 (using system LuaJIT 2.1.0-beta3)

Running the test with following options:
Number of threads: 4
Report intermediate results every 2 second(s)
Initializing random number generator from current time


Initializing worker threads...

Threads started!

[ 2s ] thds: 4 tps: 2328.01 qps: 6986.04 (r/w/o: 6986.04/0.00/0.00) lat (ms,95%): 2.14 err/s: 0.00 reconn/s: 0.00
[ 4s ] thds: 4 tps: 2341.35 qps: 7025.05 (r/w/o: 7025.05/0.00/0.00) lat (ms,95%): 2.18 err/s: 0.00 reconn/s: 0.00
[ 6s ] thds: 4 tps: 2310.43 qps: 6929.78 (r/w/o: 6929.78/0.00/0.00) lat (ms,95%): 2.26 err/s: 0.00 reconn/s: 0.00
[ 8s ] thds: 4 tps: 2351.11 qps: 7054.85 (r/w/o: 7054.85/0.00/0.00) lat (ms,95%): 2.14 err/s: 0.00 reconn/s: 0.00
[ 10s ] thds: 4 tps: 2357.48 qps: 7071.94 (r/w/o: 7071.94/0.00/0.00) lat (ms,95%): 2.14 err/s: 0.00 reconn/s: 0.00
[ 12s ] thds: 4 tps: 2369.62 qps: 7107.85 (r/w/o: 7107.85/0.00/0.00) lat (ms,95%): 2.11 err/s: 0.00 reconn/s: 0.00
[ 14s ] thds: 4 tps: 2360.38 qps: 7083.13 (r/w/o: 7083.13/0.00/0.00) lat (ms,95%): 2.14 err/s: 0.00 reconn/s: 0.00
[ 16s ] thds: 4 tps: 2360.00 qps: 7080.49 (r/w/o: 7080.49/0.00/0.00) lat (ms,95%): 2.14 err/s: 0.00 reconn/s: 0.00
[ 18s ] thds: 4 tps: 2363.53 qps: 7089.08 (r/w/o: 7089.08/0.00/0.00) lat (ms,95%): 2.11 err/s: 0.00 reconn/s: 0.00
SQL statistics:
    queries performed:
        read:                            126867
        write:                           0
        other:                           0
        total:                           126867
    transactions:                        42289  (2349.07 per sec.)
    queries:                             126867 (7047.21 per sec.)
    ignored errors:                      0      (0.00 per sec.)
    reconnects:                          0      (0.00 per sec.)

General statistics:
    total time:                          18.0021s
    total number of events:              42289

Latency (ms):
         min:                                    0.90
         avg:                                    1.70
         max:                                   18.40
         95th percentile:                        2.14
         sum:                                71946.37

Threads fairness:
    events (avg/stddev):           10572.2500/69.54
    execution time (avg/stddev):   17.9866/0.00

