sysbench 1.0.20 (using system LuaJIT 2.1.0-beta3)

Running the test with following options:
Number of threads: 4
Report intermediate results every 2 second(s)
Initializing random number generator from current time


Initializing worker threads...

Threads started!

[ 2s ] thds: 4 tps: 4.00 qps: 2833.18 (r/w/o: 0.00/761.65/2071.54) lat (ms,95%): 773.68 err/s: 10.00 reconn/s: 0.00
[ 4s ] thds: 4 tps: 6.00 qps: 2663.57 (r/w/o: 0.00/680.15/1983.42) lat (ms,95%): 773.68 err/s: 7.50 reconn/s: 0.00
[ 6s ] thds: 4 tps: 6.00 qps: 2905.94 (r/w/o: 0.00/776.48/2129.46) lat (ms,95%): 759.88 err/s: 13.00 reconn/s: 0.00
[ 8s ] thds: 4 tps: 4.00 qps: 2704.02 (r/w/o: 0.00/678.01/2026.02) lat (ms,95%): 773.68 err/s: 4.50 reconn/s: 0.00
[ 10s ] thds: 4 tps: 6.00 qps: 2588.11 (r/w/o: 0.00/680.03/1908.08) lat (ms,95%): 816.63 err/s: 8.50 reconn/s: 0.00
[ 12s ] thds: 4 tps: 4.00 qps: 2624.50 (r/w/o: 0.00/678.50/1946.00) lat (ms,95%): 787.74 err/s: 7.00 reconn/s: 0.00
[ 14s ] thds: 4 tps: 6.00 qps: 2590.47 (r/w/o: 0.00/663.49/1926.98) lat (ms,95%): 802.05 err/s: 7.00 reconn/s: 0.00
[ 16s ] thds: 4 tps: 4.00 qps: 2661.44 (r/w/o: 0.00/685.98/1975.45) lat (ms,95%): 787.74 err/s: 6.00 reconn/s: 0.00
[ 18s ] thds: 4 tps: 6.00 qps: 2847.10 (r/w/o: 0.00/753.03/2094.08) lat (ms,95%): 773.68 err/s: 11.50 reconn/s: 0.00
SQL statistics:
    queries performed:
        read:                            0
        write:                           12886
        other:                           36636
        total:                           49522
    transactions:                        96     (5.26 per sec.)
    queries:                             49522  (2713.48 per sec.)
    ignored errors:                      150    (8.22 per sec.)
    reconnects:                          0      (0.00 per sec.)

General statistics:
    total time:                          18.2500s
    total number of events:              96

Latency (ms):
         min:                                  686.55
         avg:                                  760.37
         max:                                  817.23
         95th percentile:                      802.05
         sum:                                72995.56

Threads fairness:
    events (avg/stddev):           24.0000/0.00
    execution time (avg/stddev):   18.2489/0.00

