sysbench 1.0.20 (using system LuaJIT 2.1.0-beta3)

Running the test with following options:
Number of threads: 4
Report intermediate results every 2 second(s)
Initializing random number generator from current time


Initializing worker threads...

Threads started!

[ 2s ] thds: 4 tps: 45.48 qps: 3358.78 (r/w/o: 0.00/1169.40/2189.38) lat (ms,95%): 118.92 err/s: 77.46 reconn/s: 0.00
[ 4s ] thds: 4 tps: 47.01 qps: 3397.43 (r/w/o: 0.00/1272.35/2125.08) lat (ms,95%): 176.73 err/s: 59.02 reconn/s: 0.00
[ 6s ] thds: 4 tps: 50.50 qps: 3274.88 (r/w/o: 0.00/1010.46/2264.42) lat (ms,95%): 139.85 err/s: 56.50 reconn/s: 0.00
[ 8s ] thds: 4 tps: 46.50 qps: 2958.14 (r/w/o: 0.00/990.05/1968.09) lat (ms,95%): 132.49 err/s: 62.50 reconn/s: 0.00
[ 10s ] thds: 4 tps: 40.50 qps: 2816.42 (r/w/o: 0.00/1018.47/1797.95) lat (ms,95%): 161.51 err/s: 58.00 reconn/s: 0.00
[ 12s ] thds: 4 tps: 43.50 qps: 2753.96 (r/w/o: 0.00/952.98/1800.97) lat (ms,95%): 179.94 err/s: 52.00 reconn/s: 0.00
[ 14s ] thds: 4 tps: 44.00 qps: 3126.64 (r/w/o: 0.00/1047.05/2079.59) lat (ms,95%): 164.45 err/s: 68.00 reconn/s: 0.00
[ 16s ] thds: 4 tps: 41.50 qps: 2885.47 (r/w/o: 0.00/1023.49/1861.98) lat (ms,95%): 147.61 err/s: 58.50 reconn/s: 0.00
[ 18s ] thds: 4 tps: 44.50 qps: 2799.95 (r/w/o: 0.00/967.98/1831.97) lat (ms,95%): 207.82 err/s: 51.50 reconn/s: 0.00
SQL statistics:
    queries performed:
        read:                            0
        write:                           18939
        other:                           35942
        total:                           54881
    transactions:                        811    (44.92 per sec.)
    queries:                             54881  (3039.50 per sec.)
    ignored errors:                      1087   (60.20 per sec.)
    reconnects:                          0      (0.00 per sec.)

General statistics:
    total time:                          18.0555s
    total number of events:              811

Latency (ms):
         min:                                   32.23
         avg:                                   89.04
         max:                                  329.68
         95th percentile:                      155.80
         sum:                                72214.24

Threads fairness:
    events (avg/stddev):           202.7500/1.30
    execution time (avg/stddev):   18.0536/0.00

