sysbench 1.0.20 (using system LuaJIT 2.1.0-beta3)

Running the test with following options:
Number of threads: 4
Report intermediate results every 2 second(s)
Initializing random number generator from current time


Initializing worker threads...

Threads started!

[ 2s ] thds: 4 tps: 0.00 qps: 3623.56 (r/w/o: 0.00/904.52/2719.04) lat (ms,95%): 0.00 err/s: 0.00 reconn/s: 0.00
[ 4s ] thds: 4 tps: 0.00 qps: 3604.98 (r/w/o: 0.00/901.25/2703.74) lat (ms,95%): 0.00 err/s: 0.00 reconn/s: 0.00
[ 6s ] thds: 4 tps: 2.00 qps: 3421.43 (r/w/o: 0.00/856.98/2564.45) lat (ms,95%): 5607.61 err/s: 1.00 reconn/s: 0.00
[ 8s ] thds: 4 tps: 0.00 qps: 3434.10 (r/w/o: 0.00/858.52/2575.57) lat (ms,95%): 0.00 err/s: 0.00 reconn/s: 0.00
[ 10s ] thds: 4 tps: 0.00 qps: 3552.00 (r/w/o: 0.00/888.00/2664.00) lat (ms,95%): 0.00 err/s: 0.00 reconn/s: 0.00
[ 12s ] thds: 4 tps: 2.00 qps: 3372.51 (r/w/o: 0.00/870.50/2502.01) lat (ms,95%): 5709.50 err/s: 4.00 reconn/s: 0.00
[ 14s ] thds: 4 tps: 0.00 qps: 3551.95 (r/w/o: 0.00/887.99/2663.97) lat (ms,95%): 0.00 err/s: 0.00 reconn/s: 0.00
[ 16s ] thds: 4 tps: 0.00 qps: 3434.10 (r/w/o: 0.00/858.52/2575.57) lat (ms,95%): 0.00 err/s: 0.00 reconn/s: 0.00
[ 18s ] thds: 4 tps: 2.00 qps: 3222.42 (r/w/o: 0.00/813.48/2408.94) lat (ms,95%): 5918.87 err/s: 3.50 reconn/s: 0.00
[ 20s ] thds: 4 tps: 0.00 qps: 3622.04 (r/w/o: 0.00/905.51/2716.53) lat (ms,95%): 0.00 err/s: 0.00 reconn/s: 0.00
[ 22s ] thds: 4 tps: 0.00 qps: 3607.55 (r/w/o: 0.00/902.01/2705.54) lat (ms,95%): 0.00 err/s: 0.00 reconn/s: 0.00
SQL statistics:
    queries performed:
        read:                            0
        write:                           20130
        other:                           60106
        total:                           80236
    transactions:                        16     (0.70 per sec.)
    queries:                             80236  (3501.78 per sec.)
    ignored errors:                      17     (0.74 per sec.)
    reconnects:                          0      (0.00 per sec.)

General statistics:
    total time:                          22.9125s
    total number of events:              16

Latency (ms):
         min:                                 5583.59
         avg:                                 5727.86
         max:                                 5925.92
         95th percentile:                     5918.87
         sum:                                91645.76

Threads fairness:
    events (avg/stddev):           4.0000/0.00
    execution time (avg/stddev):   22.9114/0.00

