sysbench 1.0.20 (using system LuaJIT 2.1.0-beta3)

Running the test with following options:
Number of threads: 4
Report intermediate results every 2 second(s)
Initializing random number generator from current time


Initializing worker threads...

Threads started!

[ 2s ] thds: 4 tps: 37.98 qps: 2651.37 (r/w/o: 0.00/987.58/1663.79) lat (ms,95%): 161.51 err/s: 59.97 reconn/s: 0.00
[ 4s ] thds: 4 tps: 42.01 qps: 2767.92 (r/w/o: 0.00/978.15/1789.77) lat (ms,95%): 173.58 err/s: 59.01 reconn/s: 0.00
[ 6s ] thds: 4 tps: 50.00 qps: 3469.39 (r/w/o: 0.00/1275.96/2193.43) lat (ms,95%): 125.52 err/s: 73.00 reconn/s: 0.00
[ 8s ] thds: 4 tps: 52.50 qps: 3508.15 (r/w/o: 0.00/1146.05/2362.10) lat (ms,95%): 123.28 err/s: 73.50 reconn/s: 0.00
[ 10s ] thds: 4 tps: 41.50 qps: 2603.88 (r/w/o: 0.00/830.46/1773.42) lat (ms,95%): 144.97 err/s: 48.00 reconn/s: 0.00
[ 12s ] thds: 4 tps: 47.00 qps: 2844.06 (r/w/o: 0.00/880.52/1963.54) lat (ms,95%): 106.75 err/s: 60.00 reconn/s: 0.00
[ 14s ] thds: 4 tps: 36.00 qps: 2610.54 (r/w/o: 0.00/1048.52/1562.02) lat (ms,95%): 183.21 err/s: 44.50 reconn/s: 0.00
[ 16s ] thds: 4 tps: 39.00 qps: 2577.00 (r/w/o: 0.00/823.50/1753.50) lat (ms,95%): 196.89 err/s: 58.00 reconn/s: 0.00
[ 18s ] thds: 4 tps: 43.50 qps: 3015.01 (r/w/o: 0.00/1115.50/1899.51) lat (ms,95%): 153.02 err/s: 64.50 reconn/s: 0.00
SQL statistics:
    queries performed:
        read:                            0
        write:                           18190
        other:                           33974
        total:                           52164
    transactions:                        783    (43.46 per sec.)
    queries:                             52164  (2895.16 per sec.)
    ignored errors:                      1081   (60.00 per sec.)
    reconnects:                          0      (0.00 per sec.)

General statistics:
    total time:                          18.0173s
    total number of events:              783

Latency (ms):
         min:                                   30.37
         avg:                                   92.03
         max:                                  333.05
         95th percentile:                      155.80
         sum:                                72063.09

Threads fairness:
    events (avg/stddev):           195.7500/3.90
    execution time (avg/stddev):   18.0158/0.00

