sysbench 1.0.20 (using system LuaJIT 2.1.0-beta3)

Running the test with following options:
Number of threads: 1
Report intermediate results every 1 second(s)
Initializing random number generator from current time


Initializing worker threads...

Threads started!

[ 1s ] thds: 1 tps: 3461.55 qps: 3461.55 (r/w/o: 3461.55/0.00/0.00) lat (ms,95%): 0.32 err/s: 0.00 reconn/s: 0.00
[ 2s ] thds: 1 tps: 3529.83 qps: 3529.83 (r/w/o: 3529.83/0.00/0.00) lat (ms,95%): 0.31 err/s: 0.00 reconn/s: 0.00
[ 3s ] thds: 1 tps: 3500.02 qps: 3500.02 (r/w/o: 3500.02/0.00/0.00) lat (ms,95%): 0.31 err/s: 0.00 reconn/s: 0.00
[ 4s ] thds: 1 tps: 3536.85 qps: 3536.85 (r/w/o: 3536.85/0.00/0.00) lat (ms,95%): 0.31 err/s: 0.00 reconn/s: 0.00
[ 5s ] thds: 1 tps: 3648.77 qps: 3648.77 (r/w/o: 3648.77/0.00/0.00) lat (ms,95%): 0.30 err/s: 0.00 reconn/s: 0.00
[ 6s ] thds: 1 tps: 3562.34 qps: 3562.34 (r/w/o: 3562.34/0.00/0.00) lat (ms,95%): 0.31 err/s: 0.00 reconn/s: 0.00
[ 7s ] thds: 1 tps: 3647.91 qps: 3647.91 (r/w/o: 3647.91/0.00/0.00) lat (ms,95%): 0.30 err/s: 0.00 reconn/s: 0.00
[ 8s ] thds: 1 tps: 3514.96 qps: 3514.96 (r/w/o: 3514.96/0.00/0.00) lat (ms,95%): 0.31 err/s: 0.00 reconn/s: 0.00
SQL statistics:
    queries performed:
        read:                            28405
        write:                           0
        other:                           0
        total:                           28405
    transactions:                        28405  (3550.13 per sec.)
    queries:                             28405  (3550.13 per sec.)
    ignored errors:                      0      (0.00 per sec.)
    reconnects:                          0      (0.00 per sec.)

General statistics:
    total time:                          8.0008s
    total number of events:              28405

Latency (ms):
         min:                                    0.25
         avg:                                    0.28
         max:                                    8.95
         95th percentile:                        0.31
         sum:                                 7975.37

Threads fairness:
    events (avg/stddev):           28405.0000/0.00
    execution time (avg/stddev):   7.9754/0.00

