sysbench 1.0.20 (using system LuaJIT 2.1.0-beta3)

Running the test with following options:
Number of threads: 1
Report intermediate results every 1 second(s)
Initializing random number generator from current time


Initializing worker threads...

Threads started!

[ 1s ] thds: 1 tps: 829.29 qps: 829.29 (r/w/o: 829.29/0.00/0.00) lat (ms,95%): 1.25 err/s: 0.00 reconn/s: 0.00
[ 2s ] thds: 1 tps: 847.25 qps: 847.25 (r/w/o: 847.25/0.00/0.00) lat (ms,95%): 1.23 err/s: 0.00 reconn/s: 0.00
[ 3s ] thds: 1 tps: 836.10 qps: 836.10 (r/w/o: 836.10/0.00/0.00) lat (ms,95%): 1.27 err/s: 0.00 reconn/s: 0.00
[ 4s ] thds: 1 tps: 839.91 qps: 839.91 (r/w/o: 839.91/0.00/0.00) lat (ms,95%): 1.25 err/s: 0.00 reconn/s: 0.00
[ 5s ] thds: 1 tps: 836.07 qps: 836.07 (r/w/o: 836.07/0.00/0.00) lat (ms,95%): 1.25 err/s: 0.00 reconn/s: 0.00
[ 6s ] thds: 1 tps: 841.01 qps: 841.01 (r/w/o: 841.01/0.00/0.00) lat (ms,95%): 1.23 err/s: 0.00 reconn/s: 0.00
[ 7s ] thds: 1 tps: 808.92 qps: 808.92 (r/w/o: 808.92/0.00/0.00) lat (ms,95%): 1.32 err/s: 0.00 reconn/s: 0.00
[ 8s ] thds: 1 tps: 714.07 qps: 714.07 (r/w/o: 714.07/0.00/0.00) lat (ms,95%): 1.64 err/s: 0.00 reconn/s: 0.00
SQL statistics:
    queries performed:
        read:                            6554
        write:                           0
        other:                           0
        total:                           6554
    transactions:                        6554   (819.12 per sec.)
    queries:                             6554   (819.12 per sec.)
    ignored errors:                      0      (0.00 per sec.)
    reconnects:                          0      (0.00 per sec.)

General statistics:
    total time:                          8.0009s
    total number of events:              6554

Latency (ms):
         min:                                    1.04
         avg:                                    1.22
         max:                                    9.37
         95th percentile:                        1.47
         sum:                                 7993.66

Threads fairness:
    events (avg/stddev):           6554.0000/0.00
    execution time (avg/stddev):   7.9937/0.00

