sysbench 1.0.20 (using system LuaJIT 2.1.0-beta3)

Running the test with following options:
Number of threads: 1
Report intermediate results every 1 second(s)
Initializing random number generator from current time


Initializing worker threads...

Threads started!

[ 1s ] thds: 1 tps: 2704.20 qps: 2704.20 (r/w/o: 2704.20/0.00/0.00) lat (ms,95%): 0.39 err/s: 0.00 reconn/s: 0.00
[ 2s ] thds: 1 tps: 2729.64 qps: 2729.64 (r/w/o: 2729.64/0.00/0.00) lat (ms,95%): 0.39 err/s: 0.00 reconn/s: 0.00
[ 3s ] thds: 1 tps: 2698.00 qps: 2698.00 (r/w/o: 2698.00/0.00/0.00) lat (ms,95%): 0.39 err/s: 0.00 reconn/s: 0.00
[ 4s ] thds: 1 tps: 2753.99 qps: 2753.99 (r/w/o: 2753.99/0.00/0.00) lat (ms,95%): 0.39 err/s: 0.00 reconn/s: 0.00
[ 5s ] thds: 1 tps: 2763.10 qps: 2763.10 (r/w/o: 2763.10/0.00/0.00) lat (ms,95%): 0.39 err/s: 0.00 reconn/s: 0.00
[ 6s ] thds: 1 tps: 2755.92 qps: 2755.92 (r/w/o: 2755.92/0.00/0.00) lat (ms,95%): 0.39 err/s: 0.00 reconn/s: 0.00
[ 7s ] thds: 1 tps: 2759.69 qps: 2759.69 (r/w/o: 2759.69/0.00/0.00) lat (ms,95%): 0.39 err/s: 0.00 reconn/s: 0.00
[ 8s ] thds: 1 tps: 2719.27 qps: 2719.27 (r/w/o: 2719.27/0.00/0.00) lat (ms,95%): 0.39 err/s: 0.00 reconn/s: 0.00
SQL statistics:
    queries performed:
        read:                            21886
        write:                           0
        other:                           0
        total:                           21886
    transactions:                        21886  (2735.34 per sec.)
    queries:                             21886  (2735.34 per sec.)
    ignored errors:                      0      (0.00 per sec.)
    reconnects:                          0      (0.00 per sec.)

General statistics:
    total time:                          8.0008s
    total number of events:              21886

Latency (ms):
         min:                                    0.33
         avg:                                    0.36
         max:                                    7.87
         95th percentile:                        0.39
         sum:                                 7981.54

Threads fairness:
    events (avg/stddev):           21886.0000/0.00
    execution time (avg/stddev):   7.9815/0.00

