sysbench 1.0.20 (using system LuaJIT 2.1.0-beta3)

Running the test with following options:
Number of threads: 1
Report intermediate results every 1 second(s)
Initializing random number generator from current time


Initializing worker threads...

Threads started!

[ 1s ] thds: 1 tps: 4072.21 qps: 4072.21 (r/w/o: 4072.21/0.00/0.00) lat (ms,95%): 0.27 err/s: 0.00 reconn/s: 0.00
[ 2s ] thds: 1 tps: 4139.98 qps: 4139.98 (r/w/o: 4139.98/0.00/0.00) lat (ms,95%): 0.27 err/s: 0.00 reconn/s: 0.00
[ 3s ] thds: 1 tps: 4235.95 qps: 4235.95 (r/w/o: 4235.95/0.00/0.00) lat (ms,95%): 0.26 err/s: 0.00 reconn/s: 0.00
[ 4s ] thds: 1 tps: 4149.02 qps: 4149.02 (r/w/o: 4149.02/0.00/0.00) lat (ms,95%): 0.27 err/s: 0.00 reconn/s: 0.00
[ 5s ] thds: 1 tps: 4210.90 qps: 4210.90 (r/w/o: 4210.90/0.00/0.00) lat (ms,95%): 0.26 err/s: 0.00 reconn/s: 0.00
[ 6s ] thds: 1 tps: 4247.68 qps: 4247.68 (r/w/o: 4247.68/0.00/0.00) lat (ms,95%): 0.26 err/s: 0.00 reconn/s: 0.00
[ 7s ] thds: 1 tps: 4214.42 qps: 4214.42 (r/w/o: 4214.42/0.00/0.00) lat (ms,95%): 0.26 err/s: 0.00 reconn/s: 0.00
SQL statistics:
    queries performed:
        read:                            33515
        write:                           0
        other:                           0
        total:                           33515
    transactions:                        33515  (4188.83 per sec.)
    queries:                             33515  (4188.83 per sec.)
    ignored errors:                      0      (0.00 per sec.)
    reconnects:                          0      (0.00 per sec.)

General statistics:
    total time:                          8.0007s
    total number of events:              33515

Latency (ms):
         min:                                    0.21
         avg:                                    0.24
         max:                                    7.97
         95th percentile:                        0.26
         sum:                                 7970.00

Threads fairness:
    events (avg/stddev):           33515.0000/0.00
    execution time (avg/stddev):   7.9700/0.00

