sysbench 1.0.20 (using system LuaJIT 2.1.0-beta3)

Running the test with following options:
Number of threads: 1
Report intermediate results every 1 second(s)
Initializing random number generator from current time


Initializing worker threads...

Threads started!

[ 1s ] thds: 1 tps: 320.78 qps: 320.78 (r/w/o: 320.78/0.00/0.00) lat (ms,95%): 3.30 err/s: 0.00 reconn/s: 0.00
[ 2s ] thds: 1 tps: 327.06 qps: 327.06 (r/w/o: 327.06/0.00/0.00) lat (ms,95%): 3.30 err/s: 0.00 reconn/s: 0.00
[ 3s ] thds: 1 tps: 324.01 qps: 324.01 (r/w/o: 324.01/0.00/0.00) lat (ms,95%): 3.30 err/s: 0.00 reconn/s: 0.00
[ 4s ] thds: 1 tps: 331.00 qps: 331.00 (r/w/o: 331.00/0.00/0.00) lat (ms,95%): 3.30 err/s: 0.00 reconn/s: 0.00
[ 5s ] thds: 1 tps: 324.01 qps: 324.01 (r/w/o: 324.01/0.00/0.00) lat (ms,95%): 3.30 err/s: 0.00 reconn/s: 0.00
[ 6s ] thds: 1 tps: 320.98 qps: 320.98 (r/w/o: 320.98/0.00/0.00) lat (ms,95%): 3.36 err/s: 0.00 reconn/s: 0.00
[ 7s ] thds: 1 tps: 323.00 qps: 323.00 (r/w/o: 323.00/0.00/0.00) lat (ms,95%): 3.30 err/s: 0.00 reconn/s: 0.00
[ 8s ] thds: 1 tps: 323.01 qps: 323.01 (r/w/o: 323.01/0.00/0.00) lat (ms,95%): 3.30 err/s: 0.00 reconn/s: 0.00
SQL statistics:
    queries performed:
        read:                            2595
        write:                           0
        other:                           0
        total:                           2595
    transactions:                        2595   (324.32 per sec.)
    queries:                             2595   (324.32 per sec.)
    ignored errors:                      0      (0.00 per sec.)
    reconnects:                          0      (0.00 per sec.)

General statistics:
    total time:                          8.0010s
    total number of events:              2595

Latency (ms):
         min:                                    2.56
         avg:                                    3.08
         max:                                   11.02
         95th percentile:                        3.30
         sum:                                 7997.45

Threads fairness:
    events (avg/stddev):           2595.0000/0.00
    execution time (avg/stddev):   7.9974/0.00

