sysbench 1.0.20 (using system LuaJIT 2.1.0-beta3)

Running the test with following options:
Number of threads: 1
Report intermediate results every 1 second(s)
Initializing random number generator from current time


Initializing worker threads...

Threads started!

[ 1s ] thds: 1 tps: 971.37 qps: 2916.10 (r/w/o: 2916.10/0.00/0.00) lat (ms,95%): 1.08 err/s: 0.00 reconn/s: 0.00
[ 2s ] thds: 1 tps: 975.09 qps: 2925.28 (r/w/o: 2925.28/0.00/0.00) lat (ms,95%): 1.10 err/s: 0.00 reconn/s: 0.00
[ 3s ] thds: 1 tps: 969.03 qps: 2907.08 (r/w/o: 2907.08/0.00/0.00) lat (ms,95%): 1.10 err/s: 0.00 reconn/s: 0.00
[ 4s ] thds: 1 tps: 970.10 qps: 2910.30 (r/w/o: 2910.30/0.00/0.00) lat (ms,95%): 1.10 err/s: 0.00 reconn/s: 0.00
[ 5s ] thds: 1 tps: 980.99 qps: 2942.96 (r/w/o: 2942.96/0.00/0.00) lat (ms,95%): 1.08 err/s: 0.00 reconn/s: 0.00
[ 6s ] thds: 1 tps: 969.96 qps: 2907.89 (r/w/o: 2907.89/0.00/0.00) lat (ms,95%): 1.12 err/s: 0.00 reconn/s: 0.00
[ 7s ] thds: 1 tps: 978.03 qps: 2934.09 (r/w/o: 2934.09/0.00/0.00) lat (ms,95%): 1.08 err/s: 0.00 reconn/s: 0.00
[ 8s ] thds: 1 tps: 975.02 qps: 2927.07 (r/w/o: 2927.07/0.00/0.00) lat (ms,95%): 1.08 err/s: 0.00 reconn/s: 0.00
SQL statistics:
    queries performed:
        read:                            23373
        write:                           0
        other:                           0
        total:                           23373
    transactions:                        7791   (973.71 per sec.)
    queries:                             23373  (2921.14 per sec.)
    ignored errors:                      0      (0.00 per sec.)
    reconnects:                          0      (0.00 per sec.)

General statistics:
    total time:                          8.0010s
    total number of events:              7791

Latency (ms):
         min:                                    0.93
         avg:                                    1.03
         max:                                    8.74
         95th percentile:                        1.10
         sum:                                 7991.02

Threads fairness:
    events (avg/stddev):           7791.0000/0.00
    execution time (avg/stddev):   7.9910/0.00

