sysbench 1.0.20 (using system LuaJIT 2.1.0-beta3)

Running the test with following options:
Number of threads: 4
Report intermediate results every 2 second(s)
Initializing random number generator from current time


Initializing worker threads...

Threads started!

[ 2s ] thds: 4 tps: 8108.00 qps: 8108.00 (r/w/o: 8108.00/0.00/0.00) lat (ms,95%): 0.68 err/s: 0.00 reconn/s: 0.00
[ 4s ] thds: 4 tps: 8063.46 qps: 8063.46 (r/w/o: 8063.46/0.00/0.00) lat (ms,95%): 0.68 err/s: 0.00 reconn/s: 0.00
[ 6s ] thds: 4 tps: 8050.48 qps: 8050.48 (r/w/o: 8050.48/0.00/0.00) lat (ms,95%): 0.69 err/s: 0.00 reconn/s: 0.00
[ 8s ] thds: 4 tps: 8140.84 qps: 8140.84 (r/w/o: 8140.84/0.00/0.00) lat (ms,95%): 0.68 err/s: 0.00 reconn/s: 0.00
[ 10s ] thds: 4 tps: 8144.61 qps: 8144.61 (r/w/o: 8144.61/0.00/0.00) lat (ms,95%): 0.68 err/s: 0.00 reconn/s: 0.00
[ 12s ] thds: 4 tps: 8081.94 qps: 8081.94 (r/w/o: 8081.94/0.00/0.00) lat (ms,95%): 0.69 err/s: 0.00 reconn/s: 0.00
[ 14s ] thds: 4 tps: 8140.45 qps: 8140.45 (r/w/o: 8140.45/0.00/0.00) lat (ms,95%): 0.68 err/s: 0.00 reconn/s: 0.00
[ 16s ] thds: 4 tps: 8106.07 qps: 8106.07 (r/w/o: 8106.07/0.00/0.00) lat (ms,95%): 0.69 err/s: 0.00 reconn/s: 0.00
[ 18s ] thds: 4 tps: 8051.89 qps: 8051.89 (r/w/o: 8051.89/0.00/0.00) lat (ms,95%): 0.69 err/s: 0.00 reconn/s: 0.00
SQL statistics:
    queries performed:
        read:                            145783
        write:                           0
        other:                           0
        total:                           145783
    transactions:                        145783 (8098.40 per sec.)
    queries:                             145783 (8098.40 per sec.)
    ignored errors:                      0      (0.00 per sec.)
    reconnects:                          0      (0.00 per sec.)

General statistics:
    total time:                          18.0011s
    total number of events:              145783

Latency (ms):
         min:                                    0.26
         avg:                                    0.49
         max:                                   17.75
         95th percentile:                        0.68
         sum:                                71835.39

Threads fairness:
    events (avg/stddev):           36445.7500/134.05
    execution time (avg/stddev):   17.9588/0.00

