sysbench 1.0.20 (using system LuaJIT 2.1.0-beta3)

Running the test with following options:
Number of threads: 4
Report intermediate results every 2 second(s)
Initializing random number generator from current time


Initializing worker threads...

Threads started!

[ 2s ] thds: 4 tps: 5477.15 qps: 5477.15 (r/w/o: 5477.15/0.00/0.00) lat (ms,95%): 0.97 err/s: 0.00 reconn/s: 0.00
[ 4s ] thds: 4 tps: 5438.24 qps: 5438.74 (r/w/o: 5438.74/0.00/0.00) lat (ms,95%): 1.01 err/s: 0.00 reconn/s: 0.00
[ 6s ] thds: 4 tps: 5473.49 qps: 5472.99 (r/w/o: 5472.99/0.00/0.00) lat (ms,95%): 0.97 err/s: 0.00 reconn/s: 0.00
[ 8s ] thds: 4 tps: 5533.04 qps: 5533.04 (r/w/o: 5533.04/0.00/0.00) lat (ms,95%): 0.95 err/s: 0.00 reconn/s: 0.00
[ 10s ] thds: 4 tps: 5532.48 qps: 5532.48 (r/w/o: 5532.48/0.00/0.00) lat (ms,95%): 0.97 err/s: 0.00 reconn/s: 0.00
[ 12s ] thds: 4 tps: 5482.54 qps: 5482.54 (r/w/o: 5482.54/0.00/0.00) lat (ms,95%): 0.97 err/s: 0.00 reconn/s: 0.00
[ 14s ] thds: 4 tps: 5477.44 qps: 5477.44 (r/w/o: 5477.44/0.00/0.00) lat (ms,95%): 0.97 err/s: 0.00 reconn/s: 0.00
[ 16s ] thds: 4 tps: 5481.51 qps: 5481.51 (r/w/o: 5481.51/0.00/0.00) lat (ms,95%): 0.97 err/s: 0.00 reconn/s: 0.00
[ 18s ] thds: 4 tps: 5512.02 qps: 5512.02 (r/w/o: 5512.02/0.00/0.00) lat (ms,95%): 0.97 err/s: 0.00 reconn/s: 0.00
SQL statistics:
    queries performed:
        read:                            98819
        write:                           0
        other:                           0
        total:                           98819
    transactions:                        98819  (5489.54 per sec.)
    queries:                             98819  (5489.54 per sec.)
    ignored errors:                      0      (0.00 per sec.)
    reconnects:                          0      (0.00 per sec.)

General statistics:
    total time:                          18.0010s
    total number of events:              98819

Latency (ms):
         min:                                    0.38
         avg:                                    0.73
         max:                                   22.37
         95th percentile:                        0.97
         sum:                                71875.91

Threads fairness:
    events (avg/stddev):           24704.7500/93.59
    execution time (avg/stddev):   17.9690/0.00

