sysbench 1.0.20 (using system LuaJIT 2.1.0-beta3)

Running the test with following options:
Number of threads: 4
Report intermediate results every 2 second(s)
Initializing random number generator from current time


Initializing worker threads...

Threads started!

[ 2s ] thds: 4 tps: 10708.05 qps: 10708.05 (r/w/o: 10708.05/0.00/0.00) lat (ms,95%): 0.53 err/s: 0.00 reconn/s: 0.00
[ 4s ] thds: 4 tps: 10755.27 qps: 10755.27 (r/w/o: 10755.27/0.00/0.00) lat (ms,95%): 0.52 err/s: 0.00 reconn/s: 0.00
[ 6s ] thds: 4 tps: 10640.11 qps: 10640.11 (r/w/o: 10640.11/0.00/0.00) lat (ms,95%): 0.54 err/s: 0.00 reconn/s: 0.00
[ 8s ] thds: 4 tps: 10862.65 qps: 10862.65 (r/w/o: 10862.65/0.00/0.00) lat (ms,95%): 0.52 err/s: 0.00 reconn/s: 0.00
[ 10s ] thds: 4 tps: 10849.29 qps: 10849.29 (r/w/o: 10849.29/0.00/0.00) lat (ms,95%): 0.52 err/s: 0.00 reconn/s: 0.00
[ 12s ] thds: 4 tps: 10712.50 qps: 10713.00 (r/w/o: 10713.00/0.00/0.00) lat (ms,95%): 0.53 err/s: 0.00 reconn/s: 0.00
[ 14s ] thds: 4 tps: 10924.25 qps: 10923.75 (r/w/o: 10923.75/0.00/0.00) lat (ms,95%): 0.51 err/s: 0.00 reconn/s: 0.00
[ 16s ] thds: 4 tps: 10843.22 qps: 10843.22 (r/w/o: 10843.22/0.00/0.00) lat (ms,95%): 0.52 err/s: 0.00 reconn/s: 0.00
[ 18s ] thds: 4 tps: 10881.97 qps: 10881.97 (r/w/o: 10881.97/0.00/0.00) lat (ms,95%): 0.52 err/s: 0.00 reconn/s: 0.00
SQL statistics:
    queries performed:
        read:                            194364
        write:                           0
        other:                           0
        total:                           194364
    transactions:                        194364 (10797.13 per sec.)
    queries:                             194364 (10797.13 per sec.)
    ignored errors:                      0      (0.00 per sec.)
    reconnects:                          0      (0.00 per sec.)

General statistics:
    total time:                          18.0011s
    total number of events:              194364

Latency (ms):
         min:                                    0.20
         avg:                                    0.37
         max:                                   14.33
         95th percentile:                        0.52
         sum:                                71786.50

Threads fairness:
    events (avg/stddev):           48591.0000/66.16
    execution time (avg/stddev):   17.9466/0.00

