sysbench 1.0.20 (using system LuaJIT 2.1.0-beta3)

Running the test with following options:
Number of threads: 4
Report intermediate results every 2 second(s)
Initializing random number generator from current time


Initializing worker threads...

Threads started!

[ 2s ] thds: 4 tps: 70.46 qps: 70.46 (r/w/o: 70.46/0.00/0.00) lat (ms,95%): 63.32 err/s: 0.00 reconn/s: 0.00
[ 4s ] thds: 4 tps: 72.02 qps: 72.02 (r/w/o: 72.02/0.00/0.00) lat (ms,95%): 59.99 err/s: 0.00 reconn/s: 0.00
[ 6s ] thds: 4 tps: 72.50 qps: 72.50 (r/w/o: 72.50/0.00/0.00) lat (ms,95%): 54.83 err/s: 0.00 reconn/s: 0.00
[ 8s ] thds: 4 tps: 73.50 qps: 73.50 (r/w/o: 73.50/0.00/0.00) lat (ms,95%): 55.82 err/s: 0.00 reconn/s: 0.00
[ 10s ] thds: 4 tps: 119.00 qps: 119.00 (r/w/o: 119.00/0.00/0.00) lat (ms,95%): 54.83 err/s: 0.00 reconn/s: 0.00
[ 12s ] thds: 4 tps: 124.00 qps: 124.00 (r/w/o: 124.00/0.00/0.00) lat (ms,95%): 33.12 err/s: 0.00 reconn/s: 0.00
[ 14s ] thds: 4 tps: 125.50 qps: 125.50 (r/w/o: 125.50/0.00/0.00) lat (ms,95%): 32.53 err/s: 0.00 reconn/s: 0.00
[ 16s ] thds: 4 tps: 124.00 qps: 124.00 (r/w/o: 124.00/0.00/0.00) lat (ms,95%): 34.33 err/s: 0.00 reconn/s: 0.00
[ 18s ] thds: 4 tps: 125.50 qps: 125.50 (r/w/o: 125.50/0.00/0.00) lat (ms,95%): 31.94 err/s: 0.00 reconn/s: 0.00
SQL statistics:
    queries performed:
        read:                            1817
        write:                           0
        other:                           0
        total:                           1817
    transactions:                        1817   (100.86 per sec.)
    queries:                             1817   (100.86 per sec.)
    ignored errors:                      0      (0.00 per sec.)
    reconnects:                          0      (0.00 per sec.)

General statistics:
    total time:                          18.0140s
    total number of events:              1817

Latency (ms):
         min:                                   28.24
         avg:                                   39.65
         max:                                   84.79
         95th percentile:                       55.82
         sum:                                72036.00

Threads fairness:
    events (avg/stddev):           454.2500/1.09
    execution time (avg/stddev):   18.0090/0.00

