sysbench 1.0.20 (using system LuaJIT 2.1.0-beta3)

Running the test with following options:
Number of threads: 1
Report intermediate results every 1 second(s)
Initializing random number generator from current time


Initializing worker threads...

Threads started!

[ 1s ] thds: 1 tps: 3499.49 qps: 3499.49 (r/w/o: 3499.49/0.00/0.00) lat (ms,95%): 0.31 err/s: 0.00 reconn/s: 0.00
[ 2s ] thds: 1 tps: 3556.54 qps: 3556.54 (r/w/o: 3556.54/0.00/0.00) lat (ms,95%): 0.31 err/s: 0.00 reconn/s: 0.00
[ 3s ] thds: 1 tps: 3547.40 qps: 3547.40 (r/w/o: 3547.40/0.00/0.00) lat (ms,95%): 0.31 err/s: 0.00 reconn/s: 0.00
[ 4s ] thds: 1 tps: 3530.76 qps: 3530.76 (r/w/o: 3530.76/0.00/0.00) lat (ms,95%): 0.31 err/s: 0.00 reconn/s: 0.00
[ 5s ] thds: 1 tps: 3520.89 qps: 3520.89 (r/w/o: 3520.89/0.00/0.00) lat (ms,95%): 0.31 err/s: 0.00 reconn/s: 0.00
[ 6s ] thds: 1 tps: 3580.34 qps: 3580.34 (r/w/o: 3580.34/0.00/0.00) lat (ms,95%): 0.31 err/s: 0.00 reconn/s: 0.00
[ 7s ] thds: 1 tps: 3564.03 qps: 3564.03 (r/w/o: 3564.03/0.00/0.00) lat (ms,95%): 0.31 err/s: 0.00 reconn/s: 0.00
[ 8s ] thds: 1 tps: 3484.81 qps: 3484.81 (r/w/o: 3484.81/0.00/0.00) lat (ms,95%): 0.31 err/s: 0.00 reconn/s: 0.00
SQL statistics:
    queries performed:
        read:                            28287
        write:                           0
        other:                           0
        total:                           28287
    transactions:                        28287  (3535.38 per sec.)
    queries:                             28287  (3535.38 per sec.)
    ignored errors:                      0      (0.00 per sec.)
    reconnects:                          0      (0.00 per sec.)

General statistics:
    total time:                          8.0008s
    total number of events:              28287

Latency (ms):
         min:                                    0.25
         avg:                                    0.28
         max:                                    8.01
         95th percentile:                        0.31
         sum:                                 7974.55

Threads fairness:
    events (avg/stddev):           28287.0000/0.00
    execution time (avg/stddev):   7.9745/0.00

