sysbench 1.0.20 (using system LuaJIT 2.1.0-beta3)

Running the test with following options:
Number of threads: 4
Report intermediate results every 2 second(s)
Initializing random number generator from current time


Initializing worker threads...

Threads started!

[ 2s ] thds: 4 tps: 3525.53 qps: 10578.60 (r/w/o: 10578.60/0.00/0.00) lat (ms,95%): 1.50 err/s: 0.00 reconn/s: 0.00
[ 4s ] thds: 4 tps: 3599.82 qps: 10798.95 (r/w/o: 10798.95/0.00/0.00) lat (ms,95%): 1.47 err/s: 0.00 reconn/s: 0.00
[ 6s ] thds: 4 tps: 3597.09 qps: 10791.78 (r/w/o: 10791.78/0.00/0.00) lat (ms,95%): 1.47 err/s: 0.00 reconn/s: 0.00
[ 8s ] thds: 4 tps: 3639.49 qps: 10917.98 (r/w/o: 10917.98/0.00/0.00) lat (ms,95%): 1.47 err/s: 0.00 reconn/s: 0.00
[ 10s ] thds: 4 tps: 3568.51 qps: 10707.04 (r/w/o: 10707.04/0.00/0.00) lat (ms,95%): 1.50 err/s: 0.00 reconn/s: 0.00
[ 12s ] thds: 4 tps: 3651.49 qps: 10952.96 (r/w/o: 10952.96/0.00/0.00) lat (ms,95%): 1.44 err/s: 0.00 reconn/s: 0.00
[ 14s ] thds: 4 tps: 3690.00 qps: 11069.99 (r/w/o: 11069.99/0.00/0.00) lat (ms,95%): 1.42 err/s: 0.00 reconn/s: 0.00
[ 16s ] thds: 4 tps: 3637.01 qps: 10911.53 (r/w/o: 10911.53/0.00/0.00) lat (ms,95%): 1.44 err/s: 0.00 reconn/s: 0.00
[ 18s ] thds: 4 tps: 3606.52 qps: 10818.55 (r/w/o: 10818.55/0.00/0.00) lat (ms,95%): 1.50 err/s: 0.00 reconn/s: 0.00
SQL statistics:
    queries performed:
        read:                            195105
        write:                           0
        other:                           0
        total:                           195105
    transactions:                        65035  (3612.65 per sec.)
    queries:                             195105 (10837.95 per sec.)
    ignored errors:                      0      (0.00 per sec.)
    reconnects:                          0      (0.00 per sec.)

General statistics:
    total time:                          18.0016s
    total number of events:              65035

Latency (ms):
         min:                                    0.70
         avg:                                    1.11
         max:                                   18.75
         95th percentile:                        1.47
         sum:                                71919.06

Threads fairness:
    events (avg/stddev):           16258.7500/93.59
    execution time (avg/stddev):   17.9798/0.00

