sysbench 1.0.20 (using system LuaJIT 2.1.0-beta3)

Running the test with following options:
Number of threads: 1
Report intermediate results every 1 second(s)
Initializing random number generator from current time


Initializing worker threads...

Threads started!

[ 1s ] thds: 1 tps: 3515.37 qps: 3515.37 (r/w/o: 3515.37/0.00/0.00) lat (ms,95%): 0.32 err/s: 0.00 reconn/s: 0.00
[ 2s ] thds: 1 tps: 3622.02 qps: 3622.02 (r/w/o: 3622.02/0.00/0.00) lat (ms,95%): 0.31 err/s: 0.00 reconn/s: 0.00
[ 3s ] thds: 1 tps: 3575.65 qps: 3575.65 (r/w/o: 3575.65/0.00/0.00) lat (ms,95%): 0.31 err/s: 0.00 reconn/s: 0.00
[ 4s ] thds: 1 tps: 3582.05 qps: 3582.05 (r/w/o: 3582.05/0.00/0.00) lat (ms,95%): 0.31 err/s: 0.00 reconn/s: 0.00
[ 5s ] thds: 1 tps: 3668.29 qps: 3668.29 (r/w/o: 3668.29/0.00/0.00) lat (ms,95%): 0.30 err/s: 0.00 reconn/s: 0.00
[ 6s ] thds: 1 tps: 3590.93 qps: 3590.93 (r/w/o: 3590.93/0.00/0.00) lat (ms,95%): 0.31 err/s: 0.00 reconn/s: 0.00
[ 7s ] thds: 1 tps: 3476.06 qps: 3476.06 (r/w/o: 3476.06/0.00/0.00) lat (ms,95%): 0.33 err/s: 0.00 reconn/s: 0.00
SQL statistics:
    queries performed:
        read:                            28426
        write:                           0
        other:                           0
        total:                           28426
    transactions:                        28426  (3552.76 per sec.)
    queries:                             28426  (3552.76 per sec.)
    ignored errors:                      0      (0.00 per sec.)
    reconnects:                          0      (0.00 per sec.)

General statistics:
    total time:                          8.0007s
    total number of events:              28426

Latency (ms):
         min:                                    0.24
         avg:                                    0.28
         max:                                    7.99
         95th percentile:                        0.32
         sum:                                 7973.31

Threads fairness:
    events (avg/stddev):           28426.0000/0.00
    execution time (avg/stddev):   7.9733/0.00

