sysbench 1.0.20 (using system LuaJIT 2.1.0-beta3)

Running the test with following options:
Number of threads: 1
Report intermediate results every 1 second(s)
Initializing random number generator from current time


Initializing worker threads...

Threads started!

[ 1s ] thds: 1 tps: 0.00 qps: 1075.76 (r/w/o: 0.00/1071.76/4.00) lat (ms,95%): 0.00 err/s: 0.00 reconn/s: 0.00
[ 2s ] thds: 1 tps: 0.00 qps: 1091.66 (r/w/o: 0.00/1091.66/0.00) lat (ms,95%): 0.00 err/s: 0.00 reconn/s: 0.00
[ 3s ] thds: 1 tps: 0.00 qps: 1094.04 (r/w/o: 0.00/1094.04/0.00) lat (ms,95%): 0.00 err/s: 0.00 reconn/s: 0.00
[ 4s ] thds: 1 tps: 0.00 qps: 1084.92 (r/w/o: 0.00/1084.92/0.00) lat (ms,95%): 0.00 err/s: 0.00 reconn/s: 0.00
[ 5s ] thds: 1 tps: 0.00 qps: 1085.10 (r/w/o: 0.00/1085.10/0.00) lat (ms,95%): 0.00 err/s: 0.00 reconn/s: 0.00
[ 6s ] thds: 1 tps: 0.00 qps: 1127.00 (r/w/o: 0.00/1127.00/0.00) lat (ms,95%): 0.00 err/s: 0.00 reconn/s: 0.00
[ 7s ] thds: 1 tps: 0.00 qps: 1111.00 (r/w/o: 0.00/1111.00/0.00) lat (ms,95%): 0.00 err/s: 0.00 reconn/s: 0.00
[ 8s ] thds: 1 tps: 0.00 qps: 1122.99 (r/w/o: 0.00/1122.99/0.00) lat (ms,95%): 0.00 err/s: 0.00 reconn/s: 0.00
[ 9s ] thds: 1 tps: 0.00 qps: 1124.02 (r/w/o: 0.00/1124.02/0.00) lat (ms,95%): 0.00 err/s: 0.00 reconn/s: 0.00
[ 10s ] thds: 1 tps: 0.00 qps: 1113.98 (r/w/o: 0.00/1113.98/0.00) lat (ms,95%): 0.00 err/s: 0.00 reconn/s: 0.00
[ 11s ] thds: 1 tps: 0.00 qps: 1134.02 (r/w/o: 0.00/1134.02/0.00) lat (ms,95%): 0.00 err/s: 0.00 reconn/s: 0.00
[ 12s ] thds: 1 tps: 0.00 qps: 1122.05 (r/w/o: 0.00/1122.05/0.00) lat (ms,95%): 0.00 err/s: 0.00 reconn/s: 0.00
[ 13s ] thds: 1 tps: 0.00 qps: 1087.00 (r/w/o: 0.00/1087.00/0.00) lat (ms,95%): 0.00 err/s: 0.00 reconn/s: 0.00
[ 14s ] thds: 1 tps: 0.00 qps: 1090.99 (r/w/o: 0.00/1090.99/0.00) lat (ms,95%): 0.00 err/s: 0.00 reconn/s: 0.00
[ 15s ] thds: 1 tps: 0.00 qps: 1072.01 (r/w/o: 0.00/1072.01/0.00) lat (ms,95%): 0.00 err/s: 0.00 reconn/s: 0.00
[ 16s ] thds: 1 tps: 0.00 qps: 1127.00 (r/w/o: 0.00/1127.00/0.00) lat (ms,95%): 0.00 err/s: 0.00 reconn/s: 0.00
[ 17s ] thds: 1 tps: 0.00 qps: 1099.99 (r/w/o: 0.00/1099.99/0.00) lat (ms,95%): 0.00 err/s: 0.00 reconn/s: 0.00
[ 18s ] thds: 1 tps: 0.00 qps: 1078.01 (r/w/o: 0.00/1078.01/0.00) lat (ms,95%): 0.00 err/s: 0.00 reconn/s: 0.00
[ 19s ] thds: 1 tps: 0.00 qps: 1072.01 (r/w/o: 0.00/1072.01/0.00) lat (ms,95%): 0.00 err/s: 0.00 reconn/s: 0.00
[ 20s ] thds: 1 tps: 0.00 qps: 1068.86 (r/w/o: 0.00/1068.86/0.00) lat (ms,95%): 0.00 err/s: 0.00 reconn/s: 0.00
SQL statistics:
    queries performed:
        read:                            0
        write:                           22000
        other:                           4
        total:                           22004
    transactions:                        1      (0.05 per sec.)
    queries:                             22004  (1099.25 per sec.)
    ignored errors:                      0      (0.00 per sec.)
    reconnects:                          0      (0.00 per sec.)

General statistics:
    total time:                          20.0168s
    total number of events:              1

Latency (ms):
         min:                                20016.23
         avg:                                20016.23
         max:                                20016.23
         95th percentile:                    20137.61
         sum:                                20016.23

Threads fairness:
    events (avg/stddev):           1.0000/0.00
    execution time (avg/stddev):   20.0162/0.00

