sysbench 1.0.20 (using system LuaJIT 2.1.0-beta3)

Running the test with following options:
Number of threads: 1
Report intermediate results every 1 second(s)
Initializing random number generator from current time


Initializing worker threads...

Threads started!

[ 1s ] thds: 1 tps: 49.96 qps: 49.96 (r/w/o: 49.96/0.00/0.00) lat (ms,95%): 19.65 err/s: 0.00 reconn/s: 0.00
[ 2s ] thds: 1 tps: 51.01 qps: 51.01 (r/w/o: 51.01/0.00/0.00) lat (ms,95%): 20.37 err/s: 0.00 reconn/s: 0.00
[ 3s ] thds: 1 tps: 51.00 qps: 51.00 (r/w/o: 51.00/0.00/0.00) lat (ms,95%): 20.00 err/s: 0.00 reconn/s: 0.00
[ 4s ] thds: 1 tps: 51.01 qps: 51.01 (r/w/o: 51.01/0.00/0.00) lat (ms,95%): 19.65 err/s: 0.00 reconn/s: 0.00
[ 5s ] thds: 1 tps: 50.00 qps: 50.00 (r/w/o: 50.00/0.00/0.00) lat (ms,95%): 21.11 err/s: 0.00 reconn/s: 0.00
[ 6s ] thds: 1 tps: 50.99 qps: 50.99 (r/w/o: 50.99/0.00/0.00) lat (ms,95%): 19.65 err/s: 0.00 reconn/s: 0.00
[ 7s ] thds: 1 tps: 52.00 qps: 52.00 (r/w/o: 52.00/0.00/0.00) lat (ms,95%): 19.65 err/s: 0.00 reconn/s: 0.00
[ 8s ] thds: 1 tps: 51.00 qps: 51.00 (r/w/o: 51.00/0.00/0.00) lat (ms,95%): 19.65 err/s: 0.00 reconn/s: 0.00
SQL statistics:
    queries performed:
        read:                            408
        write:                           0
        other:                           0
        total:                           408
    transactions:                        408    (50.90 per sec.)
    queries:                             408    (50.90 per sec.)
    ignored errors:                      0      (0.00 per sec.)
    reconnects:                          0      (0.00 per sec.)

General statistics:
    total time:                          8.0147s
    total number of events:              408

Latency (ms):
         min:                                   19.36
         avg:                                   19.64
         max:                                   27.69
         95th percentile:                       19.65
         sum:                                 8013.38

Threads fairness:
    events (avg/stddev):           408.0000/0.00
    execution time (avg/stddev):   8.0134/0.00

