sysbench 1.0.20 (using system LuaJIT 2.1.0-beta3)

Running the test with following options:
Number of threads: 4
Report intermediate results every 2 second(s)
Initializing random number generator from current time


Initializing worker threads...

Threads started!

[ 2s ] thds: 4 tps: 0.00 qps: 2954.04 (r/w/o: 0.00/736.64/2217.41) lat (ms,95%): 0.00 err/s: 0.00 reconn/s: 0.00
[ 4s ] thds: 4 tps: 0.00 qps: 2909.29 (r/w/o: 0.00/727.70/2181.59) lat (ms,95%): 0.00 err/s: 0.00 reconn/s: 0.00
[ 6s ] thds: 4 tps: 0.00 qps: 2849.99 (r/w/o: 0.00/712.50/2137.49) lat (ms,95%): 0.00 err/s: 0.00 reconn/s: 0.00
[ 8s ] thds: 4 tps: 2.00 qps: 3790.90 (r/w/o: 0.00/950.98/2839.93) lat (ms,95%): 6594.16 err/s: 2.00 reconn/s: 0.00
[ 10s ] thds: 4 tps: 0.00 qps: 3378.10 (r/w/o: 0.00/844.53/2533.58) lat (ms,95%): 0.00 err/s: 0.00 reconn/s: 0.00
[ 12s ] thds: 4 tps: 0.00 qps: 3449.94 (r/w/o: 0.00/862.49/2587.46) lat (ms,95%): 0.00 err/s: 0.00 reconn/s: 0.00
[ 14s ] thds: 4 tps: 2.00 qps: 3670.86 (r/w/o: 0.00/919.46/2751.39) lat (ms,95%): 5709.50 err/s: 1.50 reconn/s: 0.00
[ 16s ] thds: 4 tps: 0.00 qps: 3436.03 (r/w/o: 0.00/859.01/2577.02) lat (ms,95%): 0.00 err/s: 0.00 reconn/s: 0.00
[ 18s ] thds: 4 tps: 2.00 qps: 3612.96 (r/w/o: 0.00/908.99/2703.97) lat (ms,95%): 5607.61 err/s: 3.00 reconn/s: 0.00
[ 20s ] thds: 4 tps: 0.00 qps: 3568.57 (r/w/o: 0.00/896.02/2672.55) lat (ms,95%): 0.00 err/s: 0.00 reconn/s: 0.00
[ 22s ] thds: 4 tps: 0.00 qps: 3863.87 (r/w/o: 0.00/965.97/2897.91) lat (ms,95%): 0.00 err/s: 0.00 reconn/s: 0.00
SQL statistics:
    queries performed:
        read:                            0
        write:                           20048
        other:                           60039
        total:                           80087
    transactions:                        16     (0.68 per sec.)
    queries:                             80087  (3423.49 per sec.)
    ignored errors:                      13     (0.56 per sec.)
    reconnects:                          0      (0.00 per sec.)

General statistics:
    total time:                          23.3931s
    total number of events:              16

Latency (ms):
         min:                                 5457.86
         avg:                                 5847.98
         max:                                 6644.05
         95th percentile:                     6594.16
         sum:                                93567.74

Threads fairness:
    events (avg/stddev):           4.0000/0.00
    execution time (avg/stddev):   23.3919/0.00

