sysbench 1.0.20 (using system LuaJIT 2.1.0-beta3)

Running the test with following options:
Number of threads: 4
Report intermediate results every 3 second(s)
Initializing random number generator from current time


Initializing worker threads...

Threads started!

[ 3s ] thds: 4 tps: 53.65 qps: 3191.47 (r/w/o: 0.00/1111.92/2079.55) lat (ms,95%): 123.28 err/s: 73.97 reconn/s: 0.00
[ 6s ] thds: 4 tps: 55.34 qps: 3113.28 (r/w/o: 0.00/1124.55/1988.73) lat (ms,95%): 121.08 err/s: 73.35 reconn/s: 0.00
[ 9s ] thds: 4 tps: 52.67 qps: 3136.24 (r/w/o: 0.00/1140.30/1995.94) lat (ms,95%): 121.08 err/s: 74.33 reconn/s: 0.00
[ 12s ] thds: 4 tps: 54.67 qps: 2998.37 (r/w/o: 0.00/1025.01/1973.36) lat (ms,95%): 118.92 err/s: 73.00 reconn/s: 0.00
[ 15s ] thds: 4 tps: 53.67 qps: 2998.08 (r/w/o: 0.00/1031.70/1966.39) lat (ms,95%): 121.08 err/s: 71.00 reconn/s: 0.00
[ 18s ] thds: 4 tps: 54.00 qps: 3077.62 (r/w/o: 0.00/1095.32/1982.31) lat (ms,95%): 114.72 err/s: 76.00 reconn/s: 0.00
[ 21s ] thds: 4 tps: 57.00 qps: 3247.74 (r/w/o: 0.00/1096.03/2151.72) lat (ms,95%): 112.67 err/s: 80.67 reconn/s: 0.00
[ 24s ] thds: 4 tps: 56.66 qps: 3421.55 (r/w/o: 0.00/1218.62/2202.92) lat (ms,95%): 121.08 err/s: 83.33 reconn/s: 0.00
[ 27s ] thds: 4 tps: 56.33 qps: 3207.32 (r/w/o: 0.00/1155.66/2051.66) lat (ms,95%): 112.67 err/s: 81.00 reconn/s: 0.00
[ 30s ] thds: 4 tps: 55.00 qps: 3158.33 (r/w/o: 0.00/1135.00/2023.33) lat (ms,95%): 121.08 err/s: 75.00 reconn/s: 0.00
[ 33s ] thds: 4 tps: 56.00 qps: 3143.16 (r/w/o: 0.00/1047.72/2095.44) lat (ms,95%): 123.28 err/s: 77.34 reconn/s: 0.00
[ 36s ] thds: 4 tps: 57.00 qps: 3250.24 (r/w/o: 0.00/1118.64/2131.61) lat (ms,95%): 116.80 err/s: 80.66 reconn/s: 0.00
[ 39s ] thds: 4 tps: 60.00 qps: 3444.95 (r/w/o: 0.00/1170.32/2274.63) lat (ms,95%): 112.67 err/s: 82.67 reconn/s: 0.00
[ 42s ] thds: 4 tps: 55.00 qps: 3248.96 (r/w/o: 0.00/1146.65/2102.31) lat (ms,95%): 118.92 err/s: 78.67 reconn/s: 0.00
[ 45s ] thds: 4 tps: 57.00 qps: 3378.03 (r/w/o: 0.00/1209.01/2169.02) lat (ms,95%): 112.67 err/s: 85.00 reconn/s: 0.00
[ 48s ] thds: 4 tps: 52.67 qps: 3124.07 (r/w/o: 0.00/1094.36/2029.71) lat (ms,95%): 125.52 err/s: 77.34 reconn/s: 0.00
[ 51s ] thds: 4 tps: 55.33 qps: 3369.21 (r/w/o: 0.00/1263.95/2105.25) lat (ms,95%): 125.52 err/s: 87.33 reconn/s: 0.00
[ 54s ] thds: 4 tps: 52.33 qps: 3275.02 (r/w/o: 0.00/1211.34/2063.68) lat (ms,95%): 116.80 err/s: 80.33 reconn/s: 0.00
[ 57s ] thds: 4 tps: 57.67 qps: 3353.06 (r/w/o: 0.00/1185.02/2168.04) lat (ms,95%): 116.80 err/s: 80.33 reconn/s: 0.00
[ 60s ] thds: 4 tps: 57.00 qps: 3374.60 (r/w/o: 0.00/1211.98/2162.62) lat (ms,95%): 121.08 err/s: 80.67 reconn/s: 0.00
SQL statistics:
    queries performed:
        read:                            0
        write:                           68454
        other:                           125249
        total:                           193703
    transactions:                        3331   (55.47 per sec.)
    queries:                             193703 (3225.67 per sec.)
    ignored errors:                      4718   (78.57 per sec.)
    reconnects:                          0      (0.00 per sec.)

General statistics:
    total time:                          60.0501s
    total number of events:              3331

Latency (ms):
         min:                                   22.05
         avg:                                   72.10
         max:                                  304.84
         95th percentile:                      121.08
         sum:                               240150.05

Threads fairness:
    events (avg/stddev):           832.7500/10.11
    execution time (avg/stddev):   60.0375/0.02

