sysbench 1.0.20 (using system LuaJIT 2.1.0-beta3)

Running the test with following options:
Number of threads: 1
Report intermediate results every 1 second(s)
Initializing random number generator from current time


Initializing worker threads...

Threads started!

[ 1s ] thds: 1 tps: 3233.82 qps: 3233.82 (r/w/o: 3233.82/0.00/0.00) lat (ms,95%): 0.33 err/s: 0.00 reconn/s: 0.00
[ 2s ] thds: 1 tps: 3184.27 qps: 3184.27 (r/w/o: 3184.27/0.00/0.00) lat (ms,95%): 0.34 err/s: 0.00 reconn/s: 0.00
[ 3s ] thds: 1 tps: 3268.31 qps: 3268.31 (r/w/o: 3268.31/0.00/0.00) lat (ms,95%): 0.32 err/s: 0.00 reconn/s: 0.00
[ 4s ] thds: 1 tps: 3236.20 qps: 3236.20 (r/w/o: 3236.20/0.00/0.00) lat (ms,95%): 0.33 err/s: 0.00 reconn/s: 0.00
[ 5s ] thds: 1 tps: 3256.89 qps: 3256.89 (r/w/o: 3256.89/0.00/0.00) lat (ms,95%): 0.32 err/s: 0.00 reconn/s: 0.00
[ 6s ] thds: 1 tps: 3247.97 qps: 3247.97 (r/w/o: 3247.97/0.00/0.00) lat (ms,95%): 0.33 err/s: 0.00 reconn/s: 0.00
[ 7s ] thds: 1 tps: 3245.07 qps: 3245.07 (r/w/o: 3245.07/0.00/0.00) lat (ms,95%): 0.32 err/s: 0.00 reconn/s: 0.00
SQL statistics:
    queries performed:
        read:                            25919
        write:                           0
        other:                           0
        total:                           25919
    transactions:                        25919  (3239.40 per sec.)
    queries:                             25919  (3239.40 per sec.)
    ignored errors:                      0      (0.00 per sec.)
    reconnects:                          0      (0.00 per sec.)

General statistics:
    total time:                          8.0007s
    total number of events:              25919

Latency (ms):
         min:                                    0.26
         avg:                                    0.31
         max:                                    8.12
         95th percentile:                        0.33
         sum:                                 7973.44

Threads fairness:
    events (avg/stddev):           25919.0000/0.00
    execution time (avg/stddev):   7.9734/0.00

