sysbench 1.0.20 (using system LuaJIT 2.1.0-beta3)

Running the test with following options:
Number of threads: 1
Report intermediate results every 1 second(s)
Initializing random number generator from current time


Initializing worker threads...

Threads started!

[ 1s ] thds: 1 tps: 307.78 qps: 307.78 (r/w/o: 307.78/0.00/0.00) lat (ms,95%): 3.36 err/s: 0.00 reconn/s: 0.00
[ 2s ] thds: 1 tps: 314.06 qps: 314.06 (r/w/o: 314.06/0.00/0.00) lat (ms,95%): 3.43 err/s: 0.00 reconn/s: 0.00
[ 3s ] thds: 1 tps: 308.02 qps: 308.02 (r/w/o: 308.02/0.00/0.00) lat (ms,95%): 3.36 err/s: 0.00 reconn/s: 0.00
[ 4s ] thds: 1 tps: 302.00 qps: 302.00 (r/w/o: 302.00/0.00/0.00) lat (ms,95%): 3.55 err/s: 0.00 reconn/s: 0.00
[ 5s ] thds: 1 tps: 309.00 qps: 309.00 (r/w/o: 309.00/0.00/0.00) lat (ms,95%): 3.43 err/s: 0.00 reconn/s: 0.00
[ 6s ] thds: 1 tps: 305.00 qps: 305.00 (r/w/o: 305.00/0.00/0.00) lat (ms,95%): 3.49 err/s: 0.00 reconn/s: 0.00
[ 7s ] thds: 1 tps: 308.98 qps: 308.98 (r/w/o: 308.98/0.00/0.00) lat (ms,95%): 3.43 err/s: 0.00 reconn/s: 0.00
[ 8s ] thds: 1 tps: 309.00 qps: 309.00 (r/w/o: 309.00/0.00/0.00) lat (ms,95%): 3.43 err/s: 0.00 reconn/s: 0.00
SQL statistics:
    queries performed:
        read:                            2465
        write:                           0
        other:                           0
        total:                           2465
    transactions:                        2465   (308.01 per sec.)
    queries:                             2465   (308.01 per sec.)
    ignored errors:                      0      (0.00 per sec.)
    reconnects:                          0      (0.00 per sec.)

General statistics:
    total time:                          8.0025s
    total number of events:              2465

Latency (ms):
         min:                                    2.85
         avg:                                    3.25
         max:                                   10.88
         95th percentile:                        3.43
         sum:                                 7998.98

Threads fairness:
    events (avg/stddev):           2465.0000/0.00
    execution time (avg/stddev):   7.9990/0.00

