sysbench 1.0.20 (using system LuaJIT 2.1.0-beta3)

Running the test with following options:
Number of threads: 1
Report intermediate results every 1 second(s)
Initializing random number generator from current time


Initializing worker threads...

Threads started!

[ 1s ] thds: 1 tps: 1574.88 qps: 1574.88 (r/w/o: 1574.88/0.00/0.00) lat (ms,95%): 0.67 err/s: 0.00 reconn/s: 0.00
[ 2s ] thds: 1 tps: 1583.35 qps: 1583.35 (r/w/o: 1583.35/0.00/0.00) lat (ms,95%): 0.67 err/s: 0.00 reconn/s: 0.00
[ 3s ] thds: 1 tps: 1589.89 qps: 1589.89 (r/w/o: 1589.89/0.00/0.00) lat (ms,95%): 0.67 err/s: 0.00 reconn/s: 0.00
[ 4s ] thds: 1 tps: 1585.15 qps: 1585.15 (r/w/o: 1585.15/0.00/0.00) lat (ms,95%): 0.67 err/s: 0.00 reconn/s: 0.00
[ 5s ] thds: 1 tps: 1570.99 qps: 1570.99 (r/w/o: 1570.99/0.00/0.00) lat (ms,95%): 0.67 err/s: 0.00 reconn/s: 0.00
[ 6s ] thds: 1 tps: 1585.84 qps: 1585.84 (r/w/o: 1585.84/0.00/0.00) lat (ms,95%): 0.67 err/s: 0.00 reconn/s: 0.00
[ 7s ] thds: 1 tps: 1579.12 qps: 1579.12 (r/w/o: 1579.12/0.00/0.00) lat (ms,95%): 0.67 err/s: 0.00 reconn/s: 0.00
SQL statistics:
    queries performed:
        read:                            12658
        write:                           0
        other:                           0
        total:                           12658
    transactions:                        12658  (1582.03 per sec.)
    queries:                             12658  (1582.03 per sec.)
    ignored errors:                      0      (0.00 per sec.)
    reconnects:                          0      (0.00 per sec.)

General statistics:
    total time:                          8.0007s
    total number of events:              12658

Latency (ms):
         min:                                    0.57
         avg:                                    0.63
         max:                                    8.17
         95th percentile:                        0.67
         sum:                                 7989.27

Threads fairness:
    events (avg/stddev):           12658.0000/0.00
    execution time (avg/stddev):   7.9893/0.00

