sysbench 1.0.20 (using system LuaJIT 2.1.0-beta3)

Running the test with following options:
Number of threads: 1
Report intermediate results every 1 second(s)
Initializing random number generator from current time


Initializing worker threads...

Threads started!

[ 1s ] thds: 1 tps: 261.79 qps: 261.79 (r/w/o: 261.79/0.00/0.00) lat (ms,95%): 4.10 err/s: 0.00 reconn/s: 0.00
[ 2s ] thds: 1 tps: 267.08 qps: 267.08 (r/w/o: 267.08/0.00/0.00) lat (ms,95%): 4.10 err/s: 0.00 reconn/s: 0.00
[ 3s ] thds: 1 tps: 260.99 qps: 260.99 (r/w/o: 260.99/0.00/0.00) lat (ms,95%): 4.10 err/s: 0.00 reconn/s: 0.00
[ 4s ] thds: 1 tps: 265.00 qps: 265.00 (r/w/o: 265.00/0.00/0.00) lat (ms,95%): 4.10 err/s: 0.00 reconn/s: 0.00
[ 5s ] thds: 1 tps: 263.00 qps: 263.00 (r/w/o: 263.00/0.00/0.00) lat (ms,95%): 4.10 err/s: 0.00 reconn/s: 0.00
[ 6s ] thds: 1 tps: 263.99 qps: 263.99 (r/w/o: 263.99/0.00/0.00) lat (ms,95%): 4.10 err/s: 0.00 reconn/s: 0.00
[ 7s ] thds: 1 tps: 267.02 qps: 267.02 (r/w/o: 267.02/0.00/0.00) lat (ms,95%): 4.10 err/s: 0.00 reconn/s: 0.00
[ 8s ] thds: 1 tps: 266.99 qps: 266.99 (r/w/o: 266.99/0.00/0.00) lat (ms,95%): 4.03 err/s: 0.00 reconn/s: 0.00
SQL statistics:
    queries performed:
        read:                            2117
        write:                           0
        other:                           0
        total:                           2117
    transactions:                        2117   (264.54 per sec.)
    queries:                             2117   (264.54 per sec.)
    ignored errors:                      0      (0.00 per sec.)
    reconnects:                          0      (0.00 per sec.)

General statistics:
    total time:                          8.0022s
    total number of events:              2117

Latency (ms):
         min:                                    3.08
         avg:                                    3.78
         max:                                   11.33
         95th percentile:                        4.10
         sum:                                 7999.23

Threads fairness:
    events (avg/stddev):           2117.0000/0.00
    execution time (avg/stddev):   7.9992/0.00

