sysbench 1.0.20 (using system LuaJIT 2.1.0-beta3)

Running the test with following options:
Number of threads: 1
Report intermediate results every 1 second(s)
Initializing random number generator from current time


Initializing worker threads...

Threads started!

[ 1s ] thds: 1 tps: 2816.12 qps: 2816.12 (r/w/o: 2816.12/0.00/0.00) lat (ms,95%): 0.38 err/s: 0.00 reconn/s: 0.00
[ 2s ] thds: 1 tps: 2862.38 qps: 2862.38 (r/w/o: 2862.38/0.00/0.00) lat (ms,95%): 0.38 err/s: 0.00 reconn/s: 0.00
[ 3s ] thds: 1 tps: 2833.00 qps: 2833.00 (r/w/o: 2833.00/0.00/0.00) lat (ms,95%): 0.38 err/s: 0.00 reconn/s: 0.00
[ 4s ] thds: 1 tps: 2853.30 qps: 2853.30 (r/w/o: 2853.30/0.00/0.00) lat (ms,95%): 0.37 err/s: 0.00 reconn/s: 0.00
[ 5s ] thds: 1 tps: 2820.93 qps: 2820.93 (r/w/o: 2820.93/0.00/0.00) lat (ms,95%): 0.38 err/s: 0.00 reconn/s: 0.00
[ 6s ] thds: 1 tps: 2858.72 qps: 2858.72 (r/w/o: 2858.72/0.00/0.00) lat (ms,95%): 0.38 err/s: 0.00 reconn/s: 0.00
[ 7s ] thds: 1 tps: 2840.27 qps: 2840.27 (r/w/o: 2840.27/0.00/0.00) lat (ms,95%): 0.38 err/s: 0.00 reconn/s: 0.00
SQL statistics:
    queries performed:
        read:                            22736
        write:                           0
        other:                           0
        total:                           22736
    transactions:                        22736  (2841.62 per sec.)
    queries:                             22736  (2841.62 per sec.)
    ignored errors:                      0      (0.00 per sec.)
    reconnects:                          0      (0.00 per sec.)

General statistics:
    total time:                          8.0007s
    total number of events:              22736

Latency (ms):
         min:                                    0.32
         avg:                                    0.35
         max:                                    8.00
         95th percentile:                        0.38
         sum:                                 7979.95

Threads fairness:
    events (avg/stddev):           22736.0000/0.00
    execution time (avg/stddev):   7.9800/0.00

