sysbench 1.0.20 (using system LuaJIT 2.1.0-beta3)

Running the test with following options:
Number of threads: 1
Report intermediate results every 1 second(s)
Initializing random number generator from current time


Initializing worker threads...

Threads started!

[ 1s ] thds: 1 tps: 1223.93 qps: 3673.78 (r/w/o: 3673.78/0.00/0.00) lat (ms,95%): 1.06 err/s: 0.00 reconn/s: 0.00
[ 2s ] thds: 1 tps: 1240.55 qps: 3719.64 (r/w/o: 3719.64/0.00/0.00) lat (ms,95%): 0.87 err/s: 0.00 reconn/s: 0.00
[ 3s ] thds: 1 tps: 1243.84 qps: 3733.51 (r/w/o: 3733.51/0.00/0.00) lat (ms,95%): 0.92 err/s: 0.00 reconn/s: 0.00
[ 4s ] thds: 1 tps: 1271.02 qps: 3811.06 (r/w/o: 3811.06/0.00/0.00) lat (ms,95%): 0.83 err/s: 0.00 reconn/s: 0.00
[ 5s ] thds: 1 tps: 1259.12 qps: 3778.36 (r/w/o: 3778.36/0.00/0.00) lat (ms,95%): 0.83 err/s: 0.00 reconn/s: 0.00
[ 6s ] thds: 1 tps: 1256.91 qps: 3770.73 (r/w/o: 3770.73/0.00/0.00) lat (ms,95%): 0.84 err/s: 0.00 reconn/s: 0.00
[ 7s ] thds: 1 tps: 1266.10 qps: 3799.30 (r/w/o: 3799.30/0.00/0.00) lat (ms,95%): 0.83 err/s: 0.00 reconn/s: 0.00
[ 8s ] thds: 1 tps: 1265.01 qps: 3794.03 (r/w/o: 3794.03/0.00/0.00) lat (ms,95%): 0.83 err/s: 0.00 reconn/s: 0.00
SQL statistics:
    queries performed:
        read:                            30084
        write:                           0
        other:                           0
        total:                           30084
    transactions:                        10028  (1253.22 per sec.)
    queries:                             30084  (3759.66 per sec.)
    ignored errors:                      0      (0.00 per sec.)
    reconnects:                          0      (0.00 per sec.)

General statistics:
    total time:                          8.0014s
    total number of events:              10028

Latency (ms):
         min:                                    0.69
         avg:                                    0.80
         max:                                    8.52
         95th percentile:                        0.84
         sum:                                 7989.34

Threads fairness:
    events (avg/stddev):           10028.0000/0.00
    execution time (avg/stddev):   7.9893/0.00

