sysbench 1.0.20 (using system LuaJIT 2.1.0-beta3)

Running the test with following options:
Number of threads: 1
Report intermediate results every 1 second(s)
Initializing random number generator from current time


Initializing worker threads...

Threads started!

[ 1s ] thds: 1 tps: 133.89 qps: 133.89 (r/w/o: 133.89/0.00/0.00) lat (ms,95%): 9.39 err/s: 0.00 reconn/s: 0.00
[ 2s ] thds: 1 tps: 134.04 qps: 134.04 (r/w/o: 134.04/0.00/0.00) lat (ms,95%): 10.27 err/s: 0.00 reconn/s: 0.00
[ 3s ] thds: 1 tps: 141.00 qps: 141.00 (r/w/o: 141.00/0.00/0.00) lat (ms,95%): 7.17 err/s: 0.00 reconn/s: 0.00
[ 4s ] thds: 1 tps: 139.00 qps: 139.00 (r/w/o: 139.00/0.00/0.00) lat (ms,95%): 7.30 err/s: 0.00 reconn/s: 0.00
[ 5s ] thds: 1 tps: 138.01 qps: 138.01 (r/w/o: 138.01/0.00/0.00) lat (ms,95%): 8.13 err/s: 0.00 reconn/s: 0.00
[ 6s ] thds: 1 tps: 140.99 qps: 140.99 (r/w/o: 140.99/0.00/0.00) lat (ms,95%): 7.17 err/s: 0.00 reconn/s: 0.00
[ 7s ] thds: 1 tps: 140.00 qps: 140.00 (r/w/o: 140.00/0.00/0.00) lat (ms,95%): 7.43 err/s: 0.00 reconn/s: 0.00
[ 8s ] thds: 1 tps: 141.00 qps: 141.00 (r/w/o: 141.00/0.00/0.00) lat (ms,95%): 7.17 err/s: 0.00 reconn/s: 0.00
SQL statistics:
    queries performed:
        read:                            1109
        write:                           0
        other:                           0
        total:                           1109
    transactions:                        1109   (138.54 per sec.)
    queries:                             1109   (138.54 per sec.)
    ignored errors:                      0      (0.00 per sec.)
    reconnects:                          0      (0.00 per sec.)

General statistics:
    total time:                          8.0042s
    total number of events:              1109

Latency (ms):
         min:                                    7.00
         avg:                                    7.22
         max:                                   15.89
         95th percentile:                        7.43
         sum:                                 8001.71

Threads fairness:
    events (avg/stddev):           1109.0000/0.00
    execution time (avg/stddev):   8.0017/0.00

