sysbench 1.0.20 (using system LuaJIT 2.1.0-beta3)

Running the test with following options:
Number of threads: 4
Report intermediate results every 2 second(s)
Initializing random number generator from current time


Initializing worker threads...

Threads started!

[ 2s ] thds: 4 tps: 4.00 qps: 4030.08 (r/w/o: 0.00/1004.02/3026.06) lat (ms,95%): 1013.60 err/s: 0.00 reconn/s: 0.00
[ 4s ] thds: 4 tps: 4.00 qps: 4324.96 (r/w/o: 0.00/1079.24/3245.72) lat (ms,95%): 1089.30 err/s: 0.00 reconn/s: 0.00
[ 6s ] thds: 4 tps: 4.00 qps: 5475.98 (r/w/o: 0.00/1366.99/4108.98) lat (ms,95%): 773.68 err/s: 0.00 reconn/s: 0.00
[ 8s ] thds: 4 tps: 6.00 qps: 5324.51 (r/w/o: 0.00/1328.00/3996.51) lat (ms,95%): 746.32 err/s: 0.00 reconn/s: 0.00
[ 10s ] thds: 4 tps: 4.00 qps: 4361.58 (r/w/o: 0.00/1088.52/3273.06) lat (ms,95%): 995.51 err/s: 0.00 reconn/s: 0.00
[ 12s ] thds: 4 tps: 4.00 qps: 3874.02 (r/w/o: 0.00/966.50/2907.51) lat (ms,95%): 1032.01 err/s: 0.00 reconn/s: 0.00
[ 14s ] thds: 4 tps: 4.00 qps: 4252.38 (r/w/o: 0.00/1061.47/3190.91) lat (ms,95%): 1013.60 err/s: 0.00 reconn/s: 0.00
[ 16s ] thds: 4 tps: 4.00 qps: 4115.53 (r/w/o: 0.00/1026.51/3089.02) lat (ms,95%): 1013.60 err/s: 0.00 reconn/s: 0.00
[ 18s ] thds: 4 tps: 6.00 qps: 4400.13 (r/w/o: 0.00/1097.03/3303.10) lat (ms,95%): 943.16 err/s: 0.00 reconn/s: 0.00
SQL statistics:
    queries performed:
        read:                            0
        write:                           21020
        other:                           63232
        total:                           84252
    transactions:                        84     (4.49 per sec.)
    queries:                             84252  (4500.54 per sec.)
    ignored errors:                      0      (0.00 per sec.)
    reconnects:                          0      (0.00 per sec.)

General statistics:
    total time:                          18.7201s
    total number of events:              84

Latency (ms):
         min:                                  699.20
         avg:                                  891.38
         max:                                 1082.14
         95th percentile:                     1032.01
         sum:                                74876.24

Threads fairness:
    events (avg/stddev):           21.0000/0.00
    execution time (avg/stddev):   18.7191/0.00

