sysbench 1.0.20 (using system LuaJIT 2.1.0-beta3)

Running the test with following options:
Number of threads: 4
Report intermediate results every 2 second(s)
Initializing random number generator from current time


Initializing worker threads...

Threads started!

[ 2s ] thds: 4 tps: 4.00 qps: 3013.59 (r/w/o: 0.00/769.64/2243.95) lat (ms,95%): 707.07 err/s: 7.00 reconn/s: 0.00
[ 4s ] thds: 4 tps: 6.00 qps: 3022.22 (r/w/o: 0.00/826.20/2196.03) lat (ms,95%): 719.92 err/s: 16.00 reconn/s: 0.00
[ 6s ] thds: 4 tps: 6.00 qps: 2925.95 (r/w/o: 0.00/786.49/2139.47) lat (ms,95%): 719.92 err/s: 14.50 reconn/s: 0.00
[ 8s ] thds: 4 tps: 6.00 qps: 3073.46 (r/w/o: 0.00/873.49/2199.97) lat (ms,95%): 787.74 err/s: 17.00 reconn/s: 0.00
[ 10s ] thds: 4 tps: 6.00 qps: 3125.98 (r/w/o: 0.00/800.99/2324.98) lat (ms,95%): 694.45 err/s: 6.50 reconn/s: 0.00
[ 12s ] thds: 4 tps: 6.00 qps: 3134.63 (r/w/o: 0.00/834.04/2300.60) lat (ms,95%): 682.06 err/s: 12.00 reconn/s: 0.00
[ 14s ] thds: 4 tps: 6.00 qps: 3163.99 (r/w/o: 0.00/872.00/2291.99) lat (ms,95%): 694.45 err/s: 14.50 reconn/s: 0.00
[ 16s ] thds: 4 tps: 6.00 qps: 3015.00 (r/w/o: 0.00/773.50/2241.50) lat (ms,95%): 694.45 err/s: 9.50 reconn/s: 0.00
[ 18s ] thds: 4 tps: 6.00 qps: 2909.49 (r/w/o: 0.00/752.50/2156.99) lat (ms,95%): 846.57 err/s: 9.50 reconn/s: 0.00
SQL statistics:
    queries performed:
        read:                            0
        write:                           15047
        other:                           41599
        total:                           56646
    transactions:                        108    (5.74 per sec.)
    queries:                             56646  (3009.10 per sec.)
    ignored errors:                      213    (11.31 per sec.)
    reconnects:                          0      (0.00 per sec.)

General statistics:
    total time:                          18.8246s
    total number of events:              108

Latency (ms):
         min:                                  616.51
         avg:                                  697.16
         max:                                  879.30
         95th percentile:                      846.57
         sum:                                75293.80

Threads fairness:
    events (avg/stddev):           27.0000/0.00
    execution time (avg/stddev):   18.8235/0.00

