sysbench 1.0.20 (using system LuaJIT 2.1.0-beta3)

Running the test with following options:
Number of threads: 4
Report intermediate results every 2 second(s)
Initializing random number generator from current time


Initializing worker threads...

Threads started!

[ 2s ] thds: 4 tps: 1655.81 qps: 4969.44 (r/w/o: 4969.44/0.00/0.00) lat (ms,95%): 2.97 err/s: 0.00 reconn/s: 0.00
[ 4s ] thds: 4 tps: 1668.25 qps: 5005.24 (r/w/o: 5005.24/0.00/0.00) lat (ms,95%): 3.02 err/s: 0.00 reconn/s: 0.00
[ 6s ] thds: 4 tps: 1676.03 qps: 5027.60 (r/w/o: 5027.60/0.00/0.00) lat (ms,95%): 3.02 err/s: 0.00 reconn/s: 0.00
[ 8s ] thds: 4 tps: 1683.47 qps: 5049.41 (r/w/o: 5049.41/0.00/0.00) lat (ms,95%): 2.97 err/s: 0.00 reconn/s: 0.00
[ 10s ] thds: 4 tps: 1696.01 qps: 5087.03 (r/w/o: 5087.03/0.00/0.00) lat (ms,95%): 2.91 err/s: 0.00 reconn/s: 0.00
[ 12s ] thds: 4 tps: 1686.98 qps: 5063.95 (r/w/o: 5063.95/0.00/0.00) lat (ms,95%): 2.91 err/s: 0.00 reconn/s: 0.00
[ 14s ] thds: 4 tps: 1685.54 qps: 5056.12 (r/w/o: 5056.12/0.00/0.00) lat (ms,95%): 2.91 err/s: 0.00 reconn/s: 0.00
[ 16s ] thds: 4 tps: 1688.97 qps: 5066.42 (r/w/o: 5066.42/0.00/0.00) lat (ms,95%): 2.91 err/s: 0.00 reconn/s: 0.00
[ 18s ] thds: 4 tps: 1682.98 qps: 5049.93 (r/w/o: 5049.93/0.00/0.00) lat (ms,95%): 2.97 err/s: 0.00 reconn/s: 0.00
SQL statistics:
    queries performed:
        read:                            90759
        write:                           0
        other:                           0
        total:                           90759
    transactions:                        30253  (1680.51 per sec.)
    queries:                             90759  (5041.53 per sec.)
    ignored errors:                      0      (0.00 per sec.)
    reconnects:                          0      (0.00 per sec.)

General statistics:
    total time:                          18.0019s
    total number of events:              30253

Latency (ms):
         min:                                    1.28
         avg:                                    2.38
         max:                                   20.42
         95th percentile:                        2.97
         sum:                                71963.04

Threads fairness:
    events (avg/stddev):           7563.2500/21.82
    execution time (avg/stddev):   17.9908/0.00

