sysbench 1.0.20 (using system LuaJIT 2.1.0-beta3)

Running the test with following options:
Number of threads: 1
Report intermediate results every 1 second(s)
Initializing random number generator from current time


Initializing worker threads...

Threads started!

[ 1s ] thds: 1 tps: 1576.88 qps: 4732.64 (r/w/o: 4732.64/0.00/0.00) lat (ms,95%): 0.70 err/s: 0.00 reconn/s: 0.00
[ 2s ] thds: 1 tps: 1610.24 qps: 4829.72 (r/w/o: 4829.72/0.00/0.00) lat (ms,95%): 0.69 err/s: 0.00 reconn/s: 0.00
[ 3s ] thds: 1 tps: 1591.15 qps: 4774.46 (r/w/o: 4774.46/0.00/0.00) lat (ms,95%): 0.70 err/s: 0.00 reconn/s: 0.00
[ 4s ] thds: 1 tps: 1589.98 qps: 4769.94 (r/w/o: 4769.94/0.00/0.00) lat (ms,95%): 0.69 err/s: 0.00 reconn/s: 0.00
[ 5s ] thds: 1 tps: 1572.01 qps: 4715.04 (r/w/o: 4715.04/0.00/0.00) lat (ms,95%): 0.72 err/s: 0.00 reconn/s: 0.00
[ 6s ] thds: 1 tps: 1590.00 qps: 4771.01 (r/w/o: 4771.01/0.00/0.00) lat (ms,95%): 0.70 err/s: 0.00 reconn/s: 0.00
[ 7s ] thds: 1 tps: 1572.00 qps: 4715.00 (r/w/o: 4715.00/0.00/0.00) lat (ms,95%): 0.72 err/s: 0.00 reconn/s: 0.00
SQL statistics:
    queries performed:
        read:                            38049
        write:                           0
        other:                           0
        total:                           38049
    transactions:                        12683  (1585.17 per sec.)
    queries:                             38049  (4755.51 per sec.)
    ignored errors:                      0      (0.00 per sec.)
    reconnects:                          0      (0.00 per sec.)

General statistics:
    total time:                          8.0007s
    total number of events:              12683

Latency (ms):
         min:                                    0.56
         avg:                                    0.63
         max:                                    8.42
         95th percentile:                        0.70
         sum:                                 7987.68

Threads fairness:
    events (avg/stddev):           12683.0000/0.00
    execution time (avg/stddev):   7.9877/0.00

