sysbench 1.0.20 (using system LuaJIT 2.1.0-beta3)

Running the test with following options:
Number of threads: 1
Report intermediate results every 1 second(s)
Initializing random number generator from current time


Initializing worker threads...

Threads started!

[ 1s ] thds: 1 tps: 72.94 qps: 886.29 (r/w/o: 0.00/737.41/148.88) lat (ms,95%): 17.95 err/s: 0.00 reconn/s: 0.00
[ 2s ] thds: 1 tps: 67.02 qps: 801.29 (r/w/o: 0.00/667.24/134.05) lat (ms,95%): 18.95 err/s: 0.00 reconn/s: 0.00
[ 3s ] thds: 1 tps: 78.99 qps: 945.91 (r/w/o: 0.00/787.93/157.99) lat (ms,95%): 17.63 err/s: 0.00 reconn/s: 0.00
[ 4s ] thds: 1 tps: 80.01 qps: 958.09 (r/w/o: 0.00/798.08/160.02) lat (ms,95%): 16.41 err/s: 0.00 reconn/s: 0.00
[ 5s ] thds: 1 tps: 71.99 qps: 870.92 (r/w/o: 0.00/726.94/143.99) lat (ms,95%): 16.41 err/s: 0.00 reconn/s: 0.00
[ 6s ] thds: 1 tps: 82.01 qps: 984.07 (r/w/o: 0.00/820.06/164.01) lat (ms,95%): 15.83 err/s: 0.00 reconn/s: 0.00
[ 7s ] thds: 1 tps: 77.00 qps: 921.97 (r/w/o: 0.00/767.97/153.99) lat (ms,95%): 17.95 err/s: 0.00 reconn/s: 0.00
[ 8s ] thds: 1 tps: 75.00 qps: 896.01 (r/w/o: 0.00/746.00/150.00) lat (ms,95%): 16.12 err/s: 0.00 reconn/s: 0.00
SQL statistics:
    queries performed:
        read:                            0
        write:                           6059
        other:                           1213
        total:                           7272
    transactions:                        606    (75.65 per sec.)
    queries:                             7272   (907.81 per sec.)
    ignored errors:                      0      (0.00 per sec.)
    reconnects:                          0      (0.00 per sec.)

General statistics:
    total time:                          8.0101s
    total number of events:              606

Latency (ms):
         min:                                    8.38
         avg:                                   13.22
         max:                                   34.31
         95th percentile:                       17.63
         sum:                                 8008.38

Threads fairness:
    events (avg/stddev):           606.0000/0.00
    execution time (avg/stddev):   8.0084/0.00

