sysbench 1.0.20 (using system LuaJIT 2.1.0-beta3)

Running the test with following options:
Number of threads: 1
Report intermediate results every 1 second(s)
Initializing random number generator from current time


Initializing worker threads...

Threads started!

[ 1s ] thds: 1 tps: 65.95 qps: 65.95 (r/w/o: 65.95/0.00/0.00) lat (ms,95%): 15.55 err/s: 0.00 reconn/s: 0.00
[ 2s ] thds: 1 tps: 68.02 qps: 68.02 (r/w/o: 68.02/0.00/0.00) lat (ms,95%): 14.73 err/s: 0.00 reconn/s: 0.00
[ 3s ] thds: 1 tps: 68.01 qps: 68.01 (r/w/o: 68.01/0.00/0.00) lat (ms,95%): 14.73 err/s: 0.00 reconn/s: 0.00
[ 4s ] thds: 1 tps: 67.00 qps: 67.00 (r/w/o: 67.00/0.00/0.00) lat (ms,95%): 15.55 err/s: 0.00 reconn/s: 0.00
[ 5s ] thds: 1 tps: 67.00 qps: 67.00 (r/w/o: 67.00/0.00/0.00) lat (ms,95%): 15.00 err/s: 0.00 reconn/s: 0.00
[ 6s ] thds: 1 tps: 68.00 qps: 68.00 (r/w/o: 68.00/0.00/0.00) lat (ms,95%): 15.00 err/s: 0.00 reconn/s: 0.00
[ 7s ] thds: 1 tps: 68.00 qps: 68.00 (r/w/o: 68.00/0.00/0.00) lat (ms,95%): 15.00 err/s: 0.00 reconn/s: 0.00
[ 8s ] thds: 1 tps: 68.00 qps: 68.00 (r/w/o: 68.00/0.00/0.00) lat (ms,95%): 15.00 err/s: 0.00 reconn/s: 0.00
SQL statistics:
    queries performed:
        read:                            541
        write:                           0
        other:                           0
        total:                           541
    transactions:                        541    (67.54 per sec.)
    queries:                             541    (67.54 per sec.)
    ignored errors:                      0      (0.00 per sec.)
    reconnects:                          0      (0.00 per sec.)

General statistics:
    total time:                          8.0098s
    total number of events:              541

Latency (ms):
         min:                                   14.32
         avg:                                   14.80
         max:                                   23.02
         95th percentile:                       15.00
         sum:                                 8008.39

Threads fairness:
    events (avg/stddev):           541.0000/0.00
    execution time (avg/stddev):   8.0084/0.00

