sysbench 1.0.20 (using system LuaJIT 2.1.0-beta3)

Running the test with following options:
Number of threads: 1
Report intermediate results every 1 second(s)
Initializing random number generator from current time


Initializing worker threads...

Threads started!

[ 1s ] thds: 1 tps: 0.00 qps: 770.24 (r/w/o: 0.00/766.25/4.00) lat (ms,95%): 0.00 err/s: 0.00 reconn/s: 0.00
[ 2s ] thds: 1 tps: 0.00 qps: 1004.50 (r/w/o: 0.00/1004.50/0.00) lat (ms,95%): 0.00 err/s: 0.00 reconn/s: 0.00
[ 3s ] thds: 1 tps: 0.00 qps: 1063.03 (r/w/o: 0.00/1063.03/0.00) lat (ms,95%): 0.00 err/s: 0.00 reconn/s: 0.00
[ 4s ] thds: 1 tps: 0.00 qps: 1223.99 (r/w/o: 0.00/1223.99/0.00) lat (ms,95%): 0.00 err/s: 0.00 reconn/s: 0.00
[ 5s ] thds: 1 tps: 0.00 qps: 1042.00 (r/w/o: 0.00/1042.00/0.00) lat (ms,95%): 0.00 err/s: 0.00 reconn/s: 0.00
[ 6s ] thds: 1 tps: 0.00 qps: 1089.96 (r/w/o: 0.00/1089.96/0.00) lat (ms,95%): 0.00 err/s: 0.00 reconn/s: 0.00
[ 7s ] thds: 1 tps: 0.00 qps: 1153.05 (r/w/o: 0.00/1153.05/0.00) lat (ms,95%): 0.00 err/s: 0.00 reconn/s: 0.00
[ 8s ] thds: 1 tps: 0.00 qps: 1182.92 (r/w/o: 0.00/1182.92/0.00) lat (ms,95%): 0.00 err/s: 0.00 reconn/s: 0.00
[ 9s ] thds: 1 tps: 0.00 qps: 1170.06 (r/w/o: 0.00/1170.06/0.00) lat (ms,95%): 0.00 err/s: 0.00 reconn/s: 0.00
[ 10s ] thds: 1 tps: 0.00 qps: 1100.98 (r/w/o: 0.00/1100.98/0.00) lat (ms,95%): 0.00 err/s: 0.00 reconn/s: 0.00
[ 11s ] thds: 1 tps: 0.00 qps: 967.99 (r/w/o: 0.00/967.99/0.00) lat (ms,95%): 0.00 err/s: 0.00 reconn/s: 0.00
[ 12s ] thds: 1 tps: 0.00 qps: 1061.05 (r/w/o: 0.00/1061.05/0.00) lat (ms,95%): 0.00 err/s: 0.00 reconn/s: 0.00
[ 13s ] thds: 1 tps: 0.00 qps: 1068.98 (r/w/o: 0.00/1068.98/0.00) lat (ms,95%): 0.00 err/s: 0.00 reconn/s: 0.00
[ 14s ] thds: 1 tps: 0.00 qps: 1136.97 (r/w/o: 0.00/1136.97/0.00) lat (ms,95%): 0.00 err/s: 0.00 reconn/s: 0.00
[ 15s ] thds: 1 tps: 0.00 qps: 1200.05 (r/w/o: 0.00/1200.05/0.00) lat (ms,95%): 0.00 err/s: 0.00 reconn/s: 0.00
[ 16s ] thds: 1 tps: 0.00 qps: 1194.01 (r/w/o: 0.00/1194.01/0.00) lat (ms,95%): 0.00 err/s: 0.00 reconn/s: 0.00
[ 17s ] thds: 1 tps: 0.00 qps: 1052.99 (r/w/o: 0.00/1052.99/0.00) lat (ms,95%): 0.00 err/s: 0.00 reconn/s: 0.00
[ 18s ] thds: 1 tps: 0.00 qps: 948.00 (r/w/o: 0.00/948.00/0.00) lat (ms,95%): 0.00 err/s: 0.00 reconn/s: 0.00
[ 19s ] thds: 1 tps: 0.00 qps: 887.93 (r/w/o: 0.00/887.93/0.00) lat (ms,95%): 0.00 err/s: 0.00 reconn/s: 0.00
[ 20s ] thds: 1 tps: 0.00 qps: 833.01 (r/w/o: 0.00/833.01/0.00) lat (ms,95%): 0.00 err/s: 0.00 reconn/s: 0.00
SQL statistics:
    queries performed:
        read:                            0
        write:                           22000
        other:                           4
        total:                           22004
    transactions:                        1      (0.05 per sec.)
    queries:                             22004  (1048.07 per sec.)
    ignored errors:                      0      (0.00 per sec.)
    reconnects:                          0      (0.00 per sec.)

General statistics:
    total time:                          20.9943s
    total number of events:              1

Latency (ms):
         min:                                20993.78
         avg:                                20993.78
         max:                                20993.78
         95th percentile:                    20876.04
         sum:                                20993.78

Threads fairness:
    events (avg/stddev):           1.0000/0.00
    execution time (avg/stddev):   20.9938/0.00

