sysbench 1.0.20 (using system LuaJIT 2.1.0-beta3)

Running the test with following options:
Number of threads: 1
Report intermediate results every 1 second(s)
Initializing random number generator from current time


Initializing worker threads...

Threads started!

[ 1s ] thds: 1 tps: 0.00 qps: 1075.07 (r/w/o: 0.00/1072.08/3.00) lat (ms,95%): 0.00 err/s: 0.00 reconn/s: 0.00
[ 2s ] thds: 1 tps: 0.00 qps: 955.42 (r/w/o: 0.00/955.42/0.00) lat (ms,95%): 0.00 err/s: 0.00 reconn/s: 0.00
[ 3s ] thds: 1 tps: 1.00 qps: 989.99 (r/w/o: 0.00/987.99/2.00) lat (ms,95%): 2985.89 err/s: 0.00 reconn/s: 0.00
[ 4s ] thds: 1 tps: 0.00 qps: 848.00 (r/w/o: 0.00/848.00/0.00) lat (ms,95%): 0.00 err/s: 0.00 reconn/s: 0.00
[ 5s ] thds: 1 tps: 0.00 qps: 841.01 (r/w/o: 0.00/841.01/0.00) lat (ms,95%): 0.00 err/s: 0.00 reconn/s: 0.00
[ 6s ] thds: 1 tps: 0.00 qps: 977.96 (r/w/o: 0.00/977.96/0.00) lat (ms,95%): 0.00 err/s: 0.00 reconn/s: 0.00
[ 7s ] thds: 1 tps: 1.00 qps: 1171.03 (r/w/o: 0.00/1169.03/2.00) lat (ms,95%): 3326.55 err/s: 0.00 reconn/s: 0.00
[ 8s ] thds: 1 tps: 0.00 qps: 1135.98 (r/w/o: 0.00/1135.98/0.00) lat (ms,95%): 0.00 err/s: 0.00 reconn/s: 0.00
SQL statistics:
    queries performed:
        read:                            0
        write:                           9002
        other:                           7
        total:                           9009
    transactions:                        3      (0.34 per sec.)
    queries:                             9009   (1017.65 per sec.)
    ignored errors:                      0      (0.00 per sec.)
    reconnects:                          0      (0.00 per sec.)

General statistics:
    total time:                          8.8524s
    total number of events:              3

Latency (ms):
         min:                                 2531.99
         avg:                                 2950.60
         max:                                 3350.86
         95th percentile:                     3326.55
         sum:                                 8851.81

Threads fairness:
    events (avg/stddev):           3.0000/0.00
    execution time (avg/stddev):   8.8518/0.00

