sysbench 1.0.20 (using system LuaJIT 2.1.0-beta3)

Running the test with following options:
Number of threads: 1
Report intermediate results every 1 second(s)
Initializing random number generator from current time


Initializing worker threads...

Threads started!

[ 1s ] thds: 1 tps: 1434.00 qps: 1434.00 (r/w/o: 1434.00/0.00/0.00) lat (ms,95%): 0.73 err/s: 0.00 reconn/s: 0.00
[ 2s ] thds: 1 tps: 1448.34 qps: 1448.34 (r/w/o: 1448.34/0.00/0.00) lat (ms,95%): 0.73 err/s: 0.00 reconn/s: 0.00
[ 3s ] thds: 1 tps: 1445.03 qps: 1445.03 (r/w/o: 1445.03/0.00/0.00) lat (ms,95%): 0.73 err/s: 0.00 reconn/s: 0.00
[ 4s ] thds: 1 tps: 1455.99 qps: 1455.99 (r/w/o: 1455.99/0.00/0.00) lat (ms,95%): 0.74 err/s: 0.00 reconn/s: 0.00
[ 5s ] thds: 1 tps: 1454.97 qps: 1454.97 (r/w/o: 1454.97/0.00/0.00) lat (ms,95%): 0.73 err/s: 0.00 reconn/s: 0.00
[ 6s ] thds: 1 tps: 1450.03 qps: 1450.03 (r/w/o: 1450.03/0.00/0.00) lat (ms,95%): 0.74 err/s: 0.00 reconn/s: 0.00
[ 7s ] thds: 1 tps: 1462.74 qps: 1462.74 (r/w/o: 1462.74/0.00/0.00) lat (ms,95%): 0.73 err/s: 0.00 reconn/s: 0.00
[ 8s ] thds: 1 tps: 1465.26 qps: 1465.26 (r/w/o: 1465.26/0.00/0.00) lat (ms,95%): 0.73 err/s: 0.00 reconn/s: 0.00
SQL statistics:
    queries performed:
        read:                            11618
        write:                           0
        other:                           0
        total:                           11618
    transactions:                        11618  (1451.99 per sec.)
    queries:                             11618  (1451.99 per sec.)
    ignored errors:                      0      (0.00 per sec.)
    reconnects:                          0      (0.00 per sec.)

General statistics:
    total time:                          8.0011s
    total number of events:              11618

Latency (ms):
         min:                                    0.64
         avg:                                    0.69
         max:                                    9.34
         95th percentile:                        0.73
         sum:                                 7989.50

Threads fairness:
    events (avg/stddev):           11618.0000/0.00
    execution time (avg/stddev):   7.9895/0.00

