sysbench 1.0.20 (using system LuaJIT 2.1.0-beta3)

Running the test with following options:
Number of threads: 1
Report intermediate results every 1 second(s)
Initializing random number generator from current time


Initializing worker threads...

Threads started!

[ 1s ] thds: 1 tps: 5928.80 qps: 5928.80 (r/w/o: 5928.80/0.00/0.00) lat (ms,95%): 0.19 err/s: 0.00 reconn/s: 0.00
[ 2s ] thds: 1 tps: 5836.26 qps: 5836.26 (r/w/o: 5836.26/0.00/0.00) lat (ms,95%): 0.20 err/s: 0.00 reconn/s: 0.00
[ 3s ] thds: 1 tps: 5941.04 qps: 5941.04 (r/w/o: 5941.04/0.00/0.00) lat (ms,95%): 0.19 err/s: 0.00 reconn/s: 0.00
[ 4s ] thds: 1 tps: 5871.61 qps: 5872.61 (r/w/o: 5872.61/0.00/0.00) lat (ms,95%): 0.20 err/s: 0.00 reconn/s: 0.00
[ 5s ] thds: 1 tps: 5911.01 qps: 5910.01 (r/w/o: 5910.01/0.00/0.00) lat (ms,95%): 0.20 err/s: 0.00 reconn/s: 0.00
[ 6s ] thds: 1 tps: 5971.45 qps: 5971.45 (r/w/o: 5971.45/0.00/0.00) lat (ms,95%): 0.19 err/s: 0.00 reconn/s: 0.00
[ 7s ] thds: 1 tps: 5810.89 qps: 5810.89 (r/w/o: 5810.89/0.00/0.00) lat (ms,95%): 0.20 err/s: 0.00 reconn/s: 0.00
SQL statistics:
    queries performed:
        read:                            47130
        write:                           0
        other:                           0
        total:                           47130
    transactions:                        47130  (5890.45 per sec.)
    queries:                             47130  (5890.45 per sec.)
    ignored errors:                      0      (0.00 per sec.)
    reconnects:                          0      (0.00 per sec.)

General statistics:
    total time:                          8.0007s
    total number of events:              47130

Latency (ms):
         min:                                    0.14
         avg:                                    0.17
         max:                                    7.77
         95th percentile:                        0.19
         sum:                                 7961.31

Threads fairness:
    events (avg/stddev):           47130.0000/0.00
    execution time (avg/stddev):   7.9613/0.00

