sysbench 1.0.20 (using system LuaJIT 2.1.0-beta3)

Running the test with following options:
Number of threads: 4
Report intermediate results every 2 second(s)
Initializing random number generator from current time


Initializing worker threads...

Threads started!

[ 2s ] thds: 4 tps: 3595.46 qps: 10789.39 (r/w/o: 10789.39/0.00/0.00) lat (ms,95%): 1.39 err/s: 0.00 reconn/s: 0.00
[ 4s ] thds: 4 tps: 3605.07 qps: 10814.72 (r/w/o: 10814.72/0.00/0.00) lat (ms,95%): 1.42 err/s: 0.00 reconn/s: 0.00
[ 6s ] thds: 4 tps: 3598.48 qps: 10794.45 (r/w/o: 10794.45/0.00/0.00) lat (ms,95%): 1.44 err/s: 0.00 reconn/s: 0.00
[ 8s ] thds: 4 tps: 3639.49 qps: 10919.48 (r/w/o: 10919.48/0.00/0.00) lat (ms,95%): 1.39 err/s: 0.00 reconn/s: 0.00
[ 10s ] thds: 4 tps: 3632.52 qps: 10896.55 (r/w/o: 10896.55/0.00/0.00) lat (ms,95%): 1.39 err/s: 0.00 reconn/s: 0.00
[ 12s ] thds: 4 tps: 3608.97 qps: 10826.40 (r/w/o: 10826.40/0.00/0.00) lat (ms,95%): 1.42 err/s: 0.00 reconn/s: 0.00
[ 14s ] thds: 4 tps: 3634.03 qps: 10902.58 (r/w/o: 10902.58/0.00/0.00) lat (ms,95%): 1.39 err/s: 0.00 reconn/s: 0.00
[ 16s ] thds: 4 tps: 3615.98 qps: 10849.43 (r/w/o: 10849.43/0.00/0.00) lat (ms,95%): 1.42 err/s: 0.00 reconn/s: 0.00
[ 18s ] thds: 4 tps: 3621.50 qps: 10863.01 (r/w/o: 10863.01/0.00/0.00) lat (ms,95%): 1.42 err/s: 0.00 reconn/s: 0.00
SQL statistics:
    queries performed:
        read:                            195327
        write:                           0
        other:                           0
        total:                           195327
    transactions:                        65109  (3616.80 per sec.)
    queries:                             195327 (10850.41 per sec.)
    ignored errors:                      0      (0.00 per sec.)
    reconnects:                          0      (0.00 per sec.)

General statistics:
    total time:                          18.0014s
    total number of events:              65109

Latency (ms):
         min:                                    0.69
         avg:                                    1.10
         max:                                   18.78
         95th percentile:                        1.42
         sum:                                71919.50

Threads fairness:
    events (avg/stddev):           16277.2500/48.38
    execution time (avg/stddev):   17.9799/0.00

