sysbench 1.0.20 (using system LuaJIT 2.1.0-beta3)

Running the test with following options:
Number of threads: 4
Report intermediate results every 2 second(s)
Initializing random number generator from current time


Initializing worker threads...

Threads started!

[ 2s ] thds: 4 tps: 0.00 qps: 3423.18 (r/w/o: 0.00/854.05/2569.13) lat (ms,95%): 0.00 err/s: 0.00 reconn/s: 0.00
[ 4s ] thds: 4 tps: 0.00 qps: 3172.31 (r/w/o: 0.00/792.70/2379.61) lat (ms,95%): 0.00 err/s: 0.00 reconn/s: 0.00
[ 6s ] thds: 4 tps: 0.00 qps: 3241.62 (r/w/o: 0.00/810.53/2431.09) lat (ms,95%): 0.00 err/s: 0.00 reconn/s: 0.00
[ 8s ] thds: 4 tps: 0.00 qps: 3219.99 (r/w/o: 0.00/805.00/2414.99) lat (ms,95%): 0.00 err/s: 0.00 reconn/s: 0.00
[ 10s ] thds: 4 tps: 0.00 qps: 3246.02 (r/w/o: 0.00/811.50/2434.51) lat (ms,95%): 0.00 err/s: 0.00 reconn/s: 0.00
[ 12s ] thds: 4 tps: 0.00 qps: 3339.89 (r/w/o: 0.00/834.97/2504.92) lat (ms,95%): 0.00 err/s: 0.00 reconn/s: 0.00
[ 14s ] thds: 4 tps: 0.00 qps: 3411.88 (r/w/o: 0.00/852.97/2558.91) lat (ms,95%): 0.00 err/s: 0.00 reconn/s: 0.00
[ 16s ] thds: 4 tps: 0.00 qps: 3454.26 (r/w/o: 0.00/863.56/2590.69) lat (ms,95%): 0.00 err/s: 0.00 reconn/s: 0.00
[ 18s ] thds: 4 tps: 0.00 qps: 3323.94 (r/w/o: 0.00/830.98/2492.95) lat (ms,95%): 0.00 err/s: 0.00 reconn/s: 0.00
[ 20s ] thds: 4 tps: 0.00 qps: 3347.84 (r/w/o: 0.00/836.96/2510.88) lat (ms,95%): 0.00 err/s: 0.00 reconn/s: 0.00
[ 22s ] thds: 4 tps: 0.00 qps: 3498.18 (r/w/o: 0.00/874.55/2623.64) lat (ms,95%): 0.00 err/s: 0.00 reconn/s: 0.00
[ 24s ] thds: 4 tps: 0.00 qps: 3476.07 (r/w/o: 0.00/869.02/2607.05) lat (ms,95%): 0.00 err/s: 0.00 reconn/s: 0.00
[ 26s ] thds: 4 tps: 0.00 qps: 3295.31 (r/w/o: 0.00/823.95/2471.36) lat (ms,95%): 0.00 err/s: 0.00 reconn/s: 0.00
SQL statistics:
    queries performed:
        read:                            0
        write:                           22000
        other:                           66016
        total:                           88016
    transactions:                        4      (0.15 per sec.)
    queries:                             88016  (3332.64 per sec.)
    ignored errors:                      0      (0.00 per sec.)
    reconnects:                          0      (0.00 per sec.)

General statistics:
    total time:                          26.4099s
    total number of events:              4

Latency (ms):
         min:                                26408.69
         avg:                                26408.87
         max:                                26409.39
         95th percentile:                    26382.13
         sum:                               105635.50

Threads fairness:
    events (avg/stddev):           1.0000/0.00
    execution time (avg/stddev):   26.4089/0.00

