sysbench 1.0.20 (using system LuaJIT 2.1.0-beta3)

Running the test with following options:
Number of threads: 4
Report intermediate results every 2 second(s)
Initializing random number generator from current time


Initializing worker threads...

Threads started!

[ 2s ] thds: 4 tps: 122.44 qps: 122.44 (r/w/o: 122.44/0.00/0.00) lat (ms,95%): 32.53 err/s: 0.00 reconn/s: 0.00
[ 4s ] thds: 4 tps: 124.52 qps: 124.52 (r/w/o: 124.52/0.00/0.00) lat (ms,95%): 33.12 err/s: 0.00 reconn/s: 0.00
[ 6s ] thds: 4 tps: 125.00 qps: 125.00 (r/w/o: 125.00/0.00/0.00) lat (ms,95%): 32.53 err/s: 0.00 reconn/s: 0.00
[ 8s ] thds: 4 tps: 123.50 qps: 123.50 (r/w/o: 123.50/0.00/0.00) lat (ms,95%): 34.95 err/s: 0.00 reconn/s: 0.00
[ 10s ] thds: 4 tps: 122.50 qps: 122.50 (r/w/o: 122.50/0.00/0.00) lat (ms,95%): 34.95 err/s: 0.00 reconn/s: 0.00
[ 12s ] thds: 4 tps: 125.00 qps: 125.00 (r/w/o: 125.00/0.00/0.00) lat (ms,95%): 32.53 err/s: 0.00 reconn/s: 0.00
[ 14s ] thds: 4 tps: 123.00 qps: 123.00 (r/w/o: 123.00/0.00/0.00) lat (ms,95%): 34.95 err/s: 0.00 reconn/s: 0.00
[ 16s ] thds: 4 tps: 125.00 qps: 125.00 (r/w/o: 125.00/0.00/0.00) lat (ms,95%): 32.53 err/s: 0.00 reconn/s: 0.00
[ 18s ] thds: 4 tps: 124.00 qps: 124.00 (r/w/o: 124.00/0.00/0.00) lat (ms,95%): 32.53 err/s: 0.00 reconn/s: 0.00
SQL statistics:
    queries performed:
        read:                            2234
        write:                           0
        other:                           0
        total:                           2234
    transactions:                        2234   (123.92 per sec.)
    queries:                             2234   (123.92 per sec.)
    ignored errors:                      0      (0.00 per sec.)
    reconnects:                          0      (0.00 per sec.)

General statistics:
    total time:                          18.0269s
    total number of events:              2234

Latency (ms):
         min:                                   27.29
         avg:                                   32.26
         max:                                   80.55
         95th percentile:                       33.12
         sum:                                72061.94

Threads fairness:
    events (avg/stddev):           558.5000/1.12
    execution time (avg/stddev):   18.0155/0.01

