sysbench 1.0.20 (using system LuaJIT 2.1.0-beta3)

Running the test with following options:
Number of threads: 1
Report intermediate results every 1 second(s)
Initializing random number generator from current time


Initializing worker threads...

Threads started!

[ 1s ] thds: 1 tps: 5762.91 qps: 5762.91 (r/w/o: 5762.91/0.00/0.00) lat (ms,95%): 0.20 err/s: 0.00 reconn/s: 0.00
[ 2s ] thds: 1 tps: 5870.47 qps: 5870.47 (r/w/o: 5870.47/0.00/0.00) lat (ms,95%): 0.20 err/s: 0.00 reconn/s: 0.00
[ 3s ] thds: 1 tps: 5883.76 qps: 5883.76 (r/w/o: 5883.76/0.00/0.00) lat (ms,95%): 0.20 err/s: 0.00 reconn/s: 0.00
[ 4s ] thds: 1 tps: 6028.61 qps: 6028.61 (r/w/o: 6028.61/0.00/0.00) lat (ms,95%): 0.19 err/s: 0.00 reconn/s: 0.00
[ 5s ] thds: 1 tps: 5878.56 qps: 5878.56 (r/w/o: 5878.56/0.00/0.00) lat (ms,95%): 0.19 err/s: 0.00 reconn/s: 0.00
[ 6s ] thds: 1 tps: 5902.08 qps: 5902.08 (r/w/o: 5902.08/0.00/0.00) lat (ms,95%): 0.19 err/s: 0.00 reconn/s: 0.00
[ 7s ] thds: 1 tps: 5962.86 qps: 5962.86 (r/w/o: 5962.86/0.00/0.00) lat (ms,95%): 0.19 err/s: 0.00 reconn/s: 0.00
SQL statistics:
    queries performed:
        read:                            47231
        write:                           0
        other:                           0
        total:                           47231
    transactions:                        47231  (5903.09 per sec.)
    queries:                             47231  (5903.09 per sec.)
    ignored errors:                      0      (0.00 per sec.)
    reconnects:                          0      (0.00 per sec.)

General statistics:
    total time:                          8.0007s
    total number of events:              47231

Latency (ms):
         min:                                    0.14
         avg:                                    0.17
         max:                                    7.46
         95th percentile:                        0.19
         sum:                                 7959.33

Threads fairness:
    events (avg/stddev):           47231.0000/0.00
    execution time (avg/stddev):   7.9593/0.00

