sysbench 1.0.20 (using system LuaJIT 2.1.0-beta3)

Running the test with following options:
Number of threads: 4
Report intermediate results every 2 second(s)
Initializing random number generator from current time


Initializing worker threads...

Threads started!

[ 2s ] thds: 4 tps: 0.00 qps: 5545.09 (r/w/o: 0.00/1386.27/4158.82) lat (ms,95%): 0.00 err/s: 0.00 reconn/s: 0.00
[ 4s ] thds: 4 tps: 2.00 qps: 4459.21 (r/w/o: 0.00/1113.80/3345.41) lat (ms,95%): 2198.52 err/s: 0.00 reconn/s: 0.00
[ 6s ] thds: 4 tps: 2.00 qps: 4324.01 (r/w/o: 0.00/1080.00/3244.00) lat (ms,95%): 2728.81 err/s: 0.00 reconn/s: 0.00
[ 8s ] thds: 4 tps: 2.00 qps: 4365.97 (r/w/o: 0.00/1090.49/3275.48) lat (ms,95%): 2728.81 err/s: 0.00 reconn/s: 0.00
[ 10s ] thds: 4 tps: 0.00 qps: 4503.94 (r/w/o: 0.00/1125.99/3377.96) lat (ms,95%): 0.00 err/s: 0.00 reconn/s: 0.00
[ 12s ] thds: 4 tps: 2.00 qps: 4435.04 (r/w/o: 0.00/1108.01/3327.03) lat (ms,95%): 2728.81 err/s: 0.00 reconn/s: 0.00
[ 14s ] thds: 4 tps: 2.00 qps: 4547.15 (r/w/o: 0.00/1135.54/3411.61) lat (ms,95%): 2632.28 err/s: 0.00 reconn/s: 0.00
[ 16s ] thds: 4 tps: 2.00 qps: 4426.02 (r/w/o: 0.00/1105.51/3320.52) lat (ms,95%): 2680.11 err/s: 0.00 reconn/s: 0.00
[ 18s ] thds: 4 tps: 0.00 qps: 4471.85 (r/w/o: 0.00/1117.96/3353.89) lat (ms,95%): 0.00 err/s: 0.00 reconn/s: 0.00
SQL statistics:
    queries performed:
        read:                            0
        write:                           21009
        other:                           63075
        total:                           84084
    transactions:                        28     (1.52 per sec.)
    queries:                             84084  (4565.12 per sec.)
    ignored errors:                      0      (0.00 per sec.)
    reconnects:                          0      (0.00 per sec.)

General statistics:
    total time:                          18.4184s
    total number of events:              28

Latency (ms):
         min:                                 2192.54
         avg:                                 2631.07
         max:                                 2753.31
         95th percentile:                     2728.81
         sum:                                73670.04

Threads fairness:
    events (avg/stddev):           7.0000/0.00
    execution time (avg/stddev):   18.4175/0.00

