sysbench 1.0.20 (using system LuaJIT 2.1.0-beta3)

Running the test with following options:
Number of threads: 4
Report intermediate results every 2 second(s)
Initializing random number generator from current time


Initializing worker threads...

Threads started!

[ 2s ] thds: 4 tps: 3113.46 qps: 3113.46 (r/w/o: 3113.46/0.00/0.00) lat (ms,95%): 1.58 err/s: 0.00 reconn/s: 0.00
[ 4s ] thds: 4 tps: 3122.52 qps: 3122.52 (r/w/o: 3122.52/0.00/0.00) lat (ms,95%): 1.64 err/s: 0.00 reconn/s: 0.00
[ 6s ] thds: 4 tps: 3161.43 qps: 3161.43 (r/w/o: 3161.43/0.00/0.00) lat (ms,95%): 1.55 err/s: 0.00 reconn/s: 0.00
[ 8s ] thds: 4 tps: 3168.99 qps: 3168.99 (r/w/o: 3168.99/0.00/0.00) lat (ms,95%): 1.52 err/s: 0.00 reconn/s: 0.00
[ 10s ] thds: 4 tps: 3167.05 qps: 3167.05 (r/w/o: 3167.05/0.00/0.00) lat (ms,95%): 1.52 err/s: 0.00 reconn/s: 0.00
[ 12s ] thds: 4 tps: 3154.93 qps: 3154.93 (r/w/o: 3154.93/0.00/0.00) lat (ms,95%): 1.55 err/s: 0.00 reconn/s: 0.00
[ 14s ] thds: 4 tps: 3145.11 qps: 3145.11 (r/w/o: 3145.11/0.00/0.00) lat (ms,95%): 1.52 err/s: 0.00 reconn/s: 0.00
[ 16s ] thds: 4 tps: 3176.44 qps: 3176.44 (r/w/o: 3176.44/0.00/0.00) lat (ms,95%): 1.52 err/s: 0.00 reconn/s: 0.00
[ 18s ] thds: 4 tps: 3164.66 qps: 3164.66 (r/w/o: 3164.66/0.00/0.00) lat (ms,95%): 1.55 err/s: 0.00 reconn/s: 0.00
SQL statistics:
    queries performed:
        read:                            56755
        write:                           0
        other:                           0
        total:                           56755
    transactions:                        56755  (3152.69 per sec.)
    queries:                             56755  (3152.69 per sec.)
    ignored errors:                      0      (0.00 per sec.)
    reconnects:                          0      (0.00 per sec.)

General statistics:
    total time:                          18.0017s
    total number of events:              56755

Latency (ms):
         min:                                    0.65
         avg:                                    1.27
         max:                                   20.44
         95th percentile:                        1.55
         sum:                                71916.73

Threads fairness:
    events (avg/stddev):           14188.7500/62.33
    execution time (avg/stddev):   17.9792/0.00

