sysbench 1.0.20 (using system LuaJIT 2.1.0-beta3)

Running the test with following options:
Number of threads: 4
Report intermediate results every 2 second(s)
Initializing random number generator from current time


Initializing worker threads...

Threads started!

[ 2s ] thds: 4 tps: 3266.38 qps: 3266.38 (r/w/o: 3266.38/0.00/0.00) lat (ms,95%): 1.67 err/s: 0.00 reconn/s: 0.00
[ 4s ] thds: 4 tps: 3352.59 qps: 3352.59 (r/w/o: 3352.59/0.00/0.00) lat (ms,95%): 1.44 err/s: 0.00 reconn/s: 0.00
[ 6s ] thds: 4 tps: 3334.97 qps: 3334.97 (r/w/o: 3334.97/0.00/0.00) lat (ms,95%): 1.47 err/s: 0.00 reconn/s: 0.00
[ 8s ] thds: 4 tps: 3340.55 qps: 3340.55 (r/w/o: 3340.55/0.00/0.00) lat (ms,95%): 1.50 err/s: 0.00 reconn/s: 0.00
[ 10s ] thds: 4 tps: 3326.45 qps: 3326.45 (r/w/o: 3326.45/0.00/0.00) lat (ms,95%): 1.47 err/s: 0.00 reconn/s: 0.00
[ 12s ] thds: 4 tps: 3322.02 qps: 3322.02 (r/w/o: 3322.02/0.00/0.00) lat (ms,95%): 1.52 err/s: 0.00 reconn/s: 0.00
[ 14s ] thds: 4 tps: 3358.01 qps: 3358.01 (r/w/o: 3358.01/0.00/0.00) lat (ms,95%): 1.44 err/s: 0.00 reconn/s: 0.00
[ 16s ] thds: 4 tps: 3366.50 qps: 3366.50 (r/w/o: 3366.50/0.00/0.00) lat (ms,95%): 1.42 err/s: 0.00 reconn/s: 0.00
[ 18s ] thds: 4 tps: 3325.96 qps: 3325.96 (r/w/o: 3325.96/0.00/0.00) lat (ms,95%): 1.52 err/s: 0.00 reconn/s: 0.00
SQL statistics:
    queries performed:
        read:                            59993
        write:                           0
        other:                           0
        total:                           59993
    transactions:                        59993  (3332.56 per sec.)
    queries:                             59993  (3332.56 per sec.)
    ignored errors:                      0      (0.00 per sec.)
    reconnects:                          0      (0.00 per sec.)

General statistics:
    total time:                          18.0017s
    total number of events:              59993

Latency (ms):
         min:                                    0.63
         avg:                                    1.20
         max:                                   18.52
         95th percentile:                        1.50
         sum:                                71923.71

Threads fairness:
    events (avg/stddev):           14998.2500/79.38
    execution time (avg/stddev):   17.9809/0.00

