sysbench 1.0.20 (using system LuaJIT 2.1.0-beta3)

Running the test with following options:
Number of threads: 4
Report intermediate results every 2 second(s)
Initializing random number generator from current time


Initializing worker threads...

Threads started!

[ 2s ] thds: 4 tps: 6255.09 qps: 18767.77 (r/w/o: 0.00/0.00/18767.77) lat (ms,95%): 0.84 err/s: 0.00 reconn/s: 0.00
[ 4s ] thds: 4 tps: 5705.62 qps: 17116.86 (r/w/o: 0.00/0.00/17116.86) lat (ms,95%): 0.99 err/s: 0.00 reconn/s: 0.00
[ 6s ] thds: 4 tps: 6159.32 qps: 18476.47 (r/w/o: 0.00/0.00/18476.47) lat (ms,95%): 0.92 err/s: 0.00 reconn/s: 0.00
[ 8s ] thds: 4 tps: 6536.98 qps: 19611.44 (r/w/o: 0.00/0.00/19611.44) lat (ms,95%): 0.80 err/s: 0.00 reconn/s: 0.00
[ 10s ] thds: 4 tps: 6547.72 qps: 19642.65 (r/w/o: 0.00/0.00/19642.65) lat (ms,95%): 0.80 err/s: 0.00 reconn/s: 0.00
[ 12s ] thds: 4 tps: 6754.31 qps: 20262.44 (r/w/o: 0.00/0.00/20262.44) lat (ms,95%): 0.78 err/s: 0.00 reconn/s: 0.00
[ 14s ] thds: 4 tps: 6490.72 qps: 19471.66 (r/w/o: 0.00/0.00/19471.66) lat (ms,95%): 0.81 err/s: 0.00 reconn/s: 0.00
[ 16s ] thds: 4 tps: 6302.82 qps: 18910.47 (r/w/o: 0.00/0.00/18910.47) lat (ms,95%): 0.86 err/s: 0.00 reconn/s: 0.00
[ 18s ] thds: 4 tps: 6436.43 qps: 19311.78 (r/w/o: 0.00/0.00/19311.78) lat (ms,95%): 0.83 err/s: 0.00 reconn/s: 0.00
SQL statistics:
    queries performed:
        read:                            0
        write:                           0
        other:                           343161
        total:                           343161
    transactions:                        114387 (6354.26 per sec.)
    queries:                             343161 (19062.77 per sec.)
    ignored errors:                      0      (0.00 per sec.)
    reconnects:                          0      (0.00 per sec.)

General statistics:
    total time:                          18.0013s
    total number of events:              114387

Latency (ms):
         min:                                    0.30
         avg:                                    0.63
         max:                                   17.75
         95th percentile:                        0.86
         sum:                                71841.85

Threads fairness:
    events (avg/stddev):           28596.7500/34.56
    execution time (avg/stddev):   17.9605/0.00

