sysbench 1.0.20 (using system LuaJIT 2.1.0-beta3)

Running the test with following options:
Number of threads: 1
Report intermediate results every 1 second(s)
Initializing random number generator from current time


Initializing worker threads...

Threads started!

[ 1s ] thds: 1 tps: 0.00 qps: 1372.56 (r/w/o: 0.00/1368.57/4.00) lat (ms,95%): 0.00 err/s: 0.00 reconn/s: 0.00
[ 2s ] thds: 1 tps: 0.00 qps: 1380.71 (r/w/o: 0.00/1380.71/0.00) lat (ms,95%): 0.00 err/s: 0.00 reconn/s: 0.00
[ 3s ] thds: 1 tps: 1.00 qps: 1340.00 (r/w/o: 0.00/1338.00/2.00) lat (ms,95%): 2045.74 err/s: 0.00 reconn/s: 0.00
[ 4s ] thds: 1 tps: 0.00 qps: 1374.06 (r/w/o: 0.00/1374.06/0.00) lat (ms,95%): 0.00 err/s: 0.00 reconn/s: 0.00
[ 5s ] thds: 1 tps: 1.00 qps: 926.99 (r/w/o: 0.00/924.99/2.00) lat (ms,95%): 2082.91 err/s: 0.00 reconn/s: 0.00
[ 6s ] thds: 1 tps: 0.00 qps: 939.02 (r/w/o: 0.00/939.02/0.00) lat (ms,95%): 0.00 err/s: 0.00 reconn/s: 0.00
[ 7s ] thds: 1 tps: 1.00 qps: 1107.98 (r/w/o: 0.00/1105.98/2.00) lat (ms,95%): 2880.27 err/s: 0.00 reconn/s: 0.00
[ 8s ] thds: 1 tps: 0.00 qps: 1304.99 (r/w/o: 0.00/1304.99/0.00) lat (ms,95%): 0.00 err/s: 0.00 reconn/s: 0.00
[ 9s ] thds: 1 tps: 0.00 qps: 1394.97 (r/w/o: 0.00/1394.97/0.00) lat (ms,95%): 0.00 err/s: 0.00 reconn/s: 0.00
SQL statistics:
    queries performed:
        read:                            0
        write:                           11206
        other:                           10
        total:                           11216
    transactions:                        4      (0.44 per sec.)
    queries:                             11216  (1238.88 per sec.)
    ignored errors:                      0      (0.00 per sec.)
    reconnects:                          0      (0.00 per sec.)

General statistics:
    total time:                          9.0530s
    total number of events:              4

Latency (ms):
         min:                                 2036.85
         avg:                                 2263.11
         max:                                 2855.21
         95th percentile:                     2880.27
         sum:                                 9052.42

Threads fairness:
    events (avg/stddev):           4.0000/0.00
    execution time (avg/stddev):   9.0524/0.00

