sysbench 1.0.20 (using system LuaJIT 2.1.0-beta3)

Running the test with following options:
Number of threads: 1
Report intermediate results every 1 second(s)
Initializing random number generator from current time


Initializing worker threads...

Threads started!

[ 1s ] thds: 1 tps: 95.93 qps: 1157.11 (r/w/o: 0.00/962.26/194.85) lat (ms,95%): 11.87 err/s: 0.00 reconn/s: 0.00
[ 2s ] thds: 1 tps: 94.02 qps: 1132.29 (r/w/o: 0.00/944.24/188.05) lat (ms,95%): 12.75 err/s: 0.00 reconn/s: 0.00
[ 3s ] thds: 1 tps: 98.00 qps: 1171.05 (r/w/o: 0.00/975.04/196.01) lat (ms,95%): 12.30 err/s: 0.00 reconn/s: 0.00
[ 4s ] thds: 1 tps: 96.00 qps: 1157.99 (r/w/o: 0.00/965.99/192.00) lat (ms,95%): 12.30 err/s: 0.00 reconn/s: 0.00
[ 5s ] thds: 1 tps: 95.00 qps: 1135.98 (r/w/o: 0.00/945.98/190.00) lat (ms,95%): 13.70 err/s: 0.00 reconn/s: 0.00
[ 6s ] thds: 1 tps: 101.00 qps: 1216.00 (r/w/o: 0.00/1014.00/202.00) lat (ms,95%): 12.08 err/s: 0.00 reconn/s: 0.00
[ 7s ] thds: 1 tps: 98.00 qps: 1171.98 (r/w/o: 0.00/975.98/196.00) lat (ms,95%): 13.22 err/s: 0.00 reconn/s: 0.00
SQL statistics:
    queries performed:
        read:                            0
        write:                           7729
        other:                           1547
        total:                           9276
    transactions:                        773    (96.61 per sec.)
    queries:                             9276   (1159.34 per sec.)
    ignored errors:                      0      (0.00 per sec.)
    reconnects:                          0      (0.00 per sec.)

General statistics:
    total time:                          8.0007s
    total number of events:              773

Latency (ms):
         min:                                    7.96
         avg:                                   10.35
         max:                                   21.22
         95th percentile:                       12.98
         sum:                                 7998.56

Threads fairness:
    events (avg/stddev):           773.0000/0.00
    execution time (avg/stddev):   7.9986/0.00

