sysbench 1.0.20 (using system LuaJIT 2.1.0-beta3)

Running the test with following options:
Number of threads: 1
Report intermediate results every 1 second(s)
Initializing random number generator from current time


Initializing worker threads...

Threads started!

[ 1s ] thds: 1 tps: 1565.77 qps: 4697.30 (r/w/o: 4697.30/0.00/0.00) lat (ms,95%): 0.72 err/s: 0.00 reconn/s: 0.00
[ 2s ] thds: 1 tps: 1590.48 qps: 4771.44 (r/w/o: 4771.44/0.00/0.00) lat (ms,95%): 0.70 err/s: 0.00 reconn/s: 0.00
[ 3s ] thds: 1 tps: 1567.02 qps: 4703.05 (r/w/o: 4703.05/0.00/0.00) lat (ms,95%): 0.72 err/s: 0.00 reconn/s: 0.00
[ 4s ] thds: 1 tps: 1580.87 qps: 4742.62 (r/w/o: 4742.62/0.00/0.00) lat (ms,95%): 0.72 err/s: 0.00 reconn/s: 0.00
[ 5s ] thds: 1 tps: 1618.10 qps: 4853.29 (r/w/o: 4853.29/0.00/0.00) lat (ms,95%): 0.69 err/s: 0.00 reconn/s: 0.00
[ 6s ] thds: 1 tps: 1571.88 qps: 4714.64 (r/w/o: 4714.64/0.00/0.00) lat (ms,95%): 0.70 err/s: 0.00 reconn/s: 0.00
[ 7s ] thds: 1 tps: 1603.08 qps: 4811.23 (r/w/o: 4811.23/0.00/0.00) lat (ms,95%): 0.70 err/s: 0.00 reconn/s: 0.00
[ 8s ] thds: 1 tps: 1589.89 qps: 4768.66 (r/w/o: 4768.66/0.00/0.00) lat (ms,95%): 0.70 err/s: 0.00 reconn/s: 0.00
SQL statistics:
    queries performed:
        read:                            38067
        write:                           0
        other:                           0
        total:                           38067
    transactions:                        12689  (1585.79 per sec.)
    queries:                             38067  (4757.38 per sec.)
    ignored errors:                      0      (0.00 per sec.)
    reconnects:                          0      (0.00 per sec.)

General statistics:
    total time:                          8.0012s
    total number of events:              12689

Latency (ms):
         min:                                    0.56
         avg:                                    0.63
         max:                                    8.13
         95th percentile:                        0.70
         sum:                                 7988.65

Threads fairness:
    events (avg/stddev):           12689.0000/0.00
    execution time (avg/stddev):   7.9886/0.00

