sysbench 1.0.20 (using system LuaJIT 2.1.0-beta3)

Running the test with following options:
Number of threads: 1
Report intermediate results every 1 second(s)
Initializing random number generator from current time


Initializing worker threads...

Threads started!

[ 1s ] thds: 1 tps: 3.00 qps: 1387.67 (r/w/o: 0.00/1378.68/8.99) lat (ms,95%): 292.60 err/s: 0.00 reconn/s: 0.00
[ 2s ] thds: 1 tps: 3.00 qps: 1412.66 (r/w/o: 0.00/1406.66/6.00) lat (ms,95%): 287.38 err/s: 0.00 reconn/s: 0.00
[ 3s ] thds: 1 tps: 4.00 qps: 1391.03 (r/w/o: 0.00/1383.03/8.00) lat (ms,95%): 292.60 err/s: 0.00 reconn/s: 0.00
[ 4s ] thds: 1 tps: 3.00 qps: 1401.99 (r/w/o: 0.00/1395.99/6.00) lat (ms,95%): 287.38 err/s: 0.00 reconn/s: 0.00
[ 5s ] thds: 1 tps: 4.00 qps: 1380.97 (r/w/o: 0.00/1372.97/8.00) lat (ms,95%): 292.60 err/s: 0.00 reconn/s: 0.00
[ 6s ] thds: 1 tps: 3.00 qps: 1396.04 (r/w/o: 0.00/1390.04/6.00) lat (ms,95%): 297.92 err/s: 0.00 reconn/s: 0.00
[ 7s ] thds: 1 tps: 4.00 qps: 1408.99 (r/w/o: 0.00/1400.99/8.00) lat (ms,95%): 287.38 err/s: 0.00 reconn/s: 0.00
[ 8s ] thds: 1 tps: 3.00 qps: 1407.90 (r/w/o: 0.00/1401.90/6.00) lat (ms,95%): 287.38 err/s: 0.00 reconn/s: 0.00
SQL statistics:
    queries performed:
        read:                            0
        write:                           11199
        other:                           57
        total:                           11256
    transactions:                        28     (3.48 per sec.)
    queries:                             11256  (1398.45 per sec.)
    ignored errors:                      0      (0.00 per sec.)
    reconnects:                          0      (0.00 per sec.)

General statistics:
    total time:                          8.0485s
    total number of events:              28

Latency (ms):
         min:                                  282.12
         avg:                                  287.43
         max:                                  297.74
         95th percentile:                      292.60
         sum:                                 8047.95

Threads fairness:
    events (avg/stddev):           28.0000/0.00
    execution time (avg/stddev):   8.0480/0.00

