sysbench 1.0.20 (using system LuaJIT 2.1.0-beta3)

Running the test with following options:
Number of threads: 4
Report intermediate results every 2 second(s)
Initializing random number generator from current time


Initializing worker threads...

Threads started!

[ 2s ] thds: 4 tps: 4108.75 qps: 12328.75 (r/w/o: 12328.75/0.00/0.00) lat (ms,95%): 1.25 err/s: 0.00 reconn/s: 0.00
[ 4s ] thds: 4 tps: 4129.08 qps: 12387.74 (r/w/o: 12387.74/0.00/0.00) lat (ms,95%): 1.23 err/s: 0.00 reconn/s: 0.00
[ 6s ] thds: 4 tps: 4156.02 qps: 12466.07 (r/w/o: 12466.07/0.00/0.00) lat (ms,95%): 1.23 err/s: 0.00 reconn/s: 0.00
[ 8s ] thds: 4 tps: 4131.96 qps: 12396.38 (r/w/o: 12396.38/0.00/0.00) lat (ms,95%): 1.23 err/s: 0.00 reconn/s: 0.00
[ 10s ] thds: 4 tps: 4087.52 qps: 12263.55 (r/w/o: 12263.55/0.00/0.00) lat (ms,95%): 1.30 err/s: 0.00 reconn/s: 0.00
[ 12s ] thds: 4 tps: 4081.00 qps: 12242.50 (r/w/o: 12242.50/0.00/0.00) lat (ms,95%): 1.32 err/s: 0.00 reconn/s: 0.00
[ 14s ] thds: 4 tps: 4083.06 qps: 12248.67 (r/w/o: 12248.67/0.00/0.00) lat (ms,95%): 1.27 err/s: 0.00 reconn/s: 0.00
[ 16s ] thds: 4 tps: 4099.94 qps: 12300.81 (r/w/o: 12300.81/0.00/0.00) lat (ms,95%): 1.27 err/s: 0.00 reconn/s: 0.00
[ 18s ] thds: 4 tps: 4103.04 qps: 12309.63 (r/w/o: 12309.63/0.00/0.00) lat (ms,95%): 1.30 err/s: 0.00 reconn/s: 0.00
SQL statistics:
    queries performed:
        read:                            221901
        write:                           0
        other:                           0
        total:                           221901
    transactions:                        73967  (4108.82 per sec.)
    queries:                             221901 (12326.46 per sec.)
    ignored errors:                      0      (0.00 per sec.)
    reconnects:                          0      (0.00 per sec.)

General statistics:
    total time:                          18.0016s
    total number of events:              73967

Latency (ms):
         min:                                    0.63
         avg:                                    0.97
         max:                                   22.11
         95th percentile:                        1.27
         sum:                                71902.08

Threads fairness:
    events (avg/stddev):           18491.7500/96.01
    execution time (avg/stddev):   17.9755/0.00

