sysbench 1.0.20 (using system LuaJIT 2.1.0-beta3)

Running the test with following options:
Number of threads: 1
Report intermediate results every 1 second(s)
Initializing random number generator from current time


Initializing worker threads...

Threads started!

[ 1s ] thds: 1 tps: 1344.05 qps: 1344.05 (r/w/o: 1344.05/0.00/0.00) lat (ms,95%): 0.77 err/s: 0.00 reconn/s: 0.00
[ 2s ] thds: 1 tps: 1342.04 qps: 1342.04 (r/w/o: 1342.04/0.00/0.00) lat (ms,95%): 0.81 err/s: 0.00 reconn/s: 0.00
[ 3s ] thds: 1 tps: 1358.01 qps: 1358.01 (r/w/o: 1358.01/0.00/0.00) lat (ms,95%): 0.78 err/s: 0.00 reconn/s: 0.00
[ 4s ] thds: 1 tps: 1354.23 qps: 1354.23 (r/w/o: 1354.23/0.00/0.00) lat (ms,95%): 0.80 err/s: 0.00 reconn/s: 0.00
[ 5s ] thds: 1 tps: 1343.02 qps: 1343.02 (r/w/o: 1343.02/0.00/0.00) lat (ms,95%): 0.80 err/s: 0.00 reconn/s: 0.00
[ 6s ] thds: 1 tps: 1363.73 qps: 1363.73 (r/w/o: 1363.73/0.00/0.00) lat (ms,95%): 0.77 err/s: 0.00 reconn/s: 0.00
[ 7s ] thds: 1 tps: 1354.26 qps: 1354.26 (r/w/o: 1354.26/0.00/0.00) lat (ms,95%): 0.78 err/s: 0.00 reconn/s: 0.00
[ 8s ] thds: 1 tps: 1366.01 qps: 1366.01 (r/w/o: 1366.01/0.00/0.00) lat (ms,95%): 0.78 err/s: 0.00 reconn/s: 0.00
SQL statistics:
    queries performed:
        read:                            10827
        write:                           0
        other:                           0
        total:                           10827
    transactions:                        10827  (1353.12 per sec.)
    queries:                             10827  (1353.12 per sec.)
    ignored errors:                      0      (0.00 per sec.)
    reconnects:                          0      (0.00 per sec.)

General statistics:
    total time:                          8.0011s
    total number of events:              10827

Latency (ms):
         min:                                    0.67
         avg:                                    0.74
         max:                                    8.90
         95th percentile:                        0.78
         sum:                                 7991.01

Threads fairness:
    events (avg/stddev):           10827.0000/0.00
    execution time (avg/stddev):   7.9910/0.00

