sysbench 1.0.20 (using system LuaJIT 2.1.0-beta3)

Running the test with following options:
Number of threads: 1
Report intermediate results every 1 second(s)
Initializing random number generator from current time


Initializing worker threads...

Threads started!

[ 1s ] thds: 1 tps: 4574.67 qps: 4574.67 (r/w/o: 4574.67/0.00/0.00) lat (ms,95%): 0.25 err/s: 0.00 reconn/s: 0.00
[ 2s ] thds: 1 tps: 4595.97 qps: 4595.97 (r/w/o: 4595.97/0.00/0.00) lat (ms,95%): 0.24 err/s: 0.00 reconn/s: 0.00
[ 3s ] thds: 1 tps: 4537.73 qps: 4537.73 (r/w/o: 4537.73/0.00/0.00) lat (ms,95%): 0.25 err/s: 0.00 reconn/s: 0.00
[ 4s ] thds: 1 tps: 4527.44 qps: 4527.44 (r/w/o: 4527.44/0.00/0.00) lat (ms,95%): 0.25 err/s: 0.00 reconn/s: 0.00
[ 5s ] thds: 1 tps: 4544.07 qps: 4544.07 (r/w/o: 4544.07/0.00/0.00) lat (ms,95%): 0.25 err/s: 0.00 reconn/s: 0.00
[ 6s ] thds: 1 tps: 4500.86 qps: 4500.86 (r/w/o: 4500.86/0.00/0.00) lat (ms,95%): 0.25 err/s: 0.00 reconn/s: 0.00
[ 7s ] thds: 1 tps: 4561.64 qps: 4561.64 (r/w/o: 4561.64/0.00/0.00) lat (ms,95%): 0.24 err/s: 0.00 reconn/s: 0.00
SQL statistics:
    queries performed:
        read:                            36372
        write:                           0
        other:                           0
        total:                           36372
    transactions:                        36372  (4545.89 per sec.)
    queries:                             36372  (4545.89 per sec.)
    ignored errors:                      0      (0.00 per sec.)
    reconnects:                          0      (0.00 per sec.)

General statistics:
    total time:                          8.0007s
    total number of events:              36372

Latency (ms):
         min:                                    0.19
         avg:                                    0.22
         max:                                    7.86
         95th percentile:                        0.25
         sum:                                 7967.62

Threads fairness:
    events (avg/stddev):           36372.0000/0.00
    execution time (avg/stddev):   7.9676/0.00

