sysbench 1.0.20 (using system LuaJIT 2.1.0-beta3)

Running the test with following options:
Number of threads: 1
Report intermediate results every 1 second(s)
Initializing random number generator from current time


Initializing worker threads...

Threads started!

[ 1s ] thds: 1 tps: 1396.67 qps: 1396.67 (r/w/o: 1396.67/0.00/0.00) lat (ms,95%): 0.75 err/s: 0.00 reconn/s: 0.00
[ 2s ] thds: 1 tps: 1411.75 qps: 1411.75 (r/w/o: 1411.75/0.00/0.00) lat (ms,95%): 0.75 err/s: 0.00 reconn/s: 0.00
[ 3s ] thds: 1 tps: 1403.98 qps: 1403.98 (r/w/o: 1403.98/0.00/0.00) lat (ms,95%): 0.77 err/s: 0.00 reconn/s: 0.00
[ 4s ] thds: 1 tps: 1361.01 qps: 1361.01 (r/w/o: 1361.01/0.00/0.00) lat (ms,95%): 0.80 err/s: 0.00 reconn/s: 0.00
[ 5s ] thds: 1 tps: 1408.75 qps: 1408.75 (r/w/o: 1408.75/0.00/0.00) lat (ms,95%): 0.75 err/s: 0.00 reconn/s: 0.00
[ 6s ] thds: 1 tps: 1425.25 qps: 1425.25 (r/w/o: 1425.25/0.00/0.00) lat (ms,95%): 0.74 err/s: 0.00 reconn/s: 0.00
[ 7s ] thds: 1 tps: 1422.97 qps: 1422.97 (r/w/o: 1422.97/0.00/0.00) lat (ms,95%): 0.75 err/s: 0.00 reconn/s: 0.00
[ 8s ] thds: 1 tps: 1414.99 qps: 1414.99 (r/w/o: 1414.99/0.00/0.00) lat (ms,95%): 0.77 err/s: 0.00 reconn/s: 0.00
SQL statistics:
    queries performed:
        read:                            11247
        write:                           0
        other:                           0
        total:                           11247
    transactions:                        11247  (1405.65 per sec.)
    queries:                             11247  (1405.65 per sec.)
    ignored errors:                      0      (0.00 per sec.)
    reconnects:                          0      (0.00 per sec.)

General statistics:
    total time:                          8.0009s
    total number of events:              11247

Latency (ms):
         min:                                    0.66
         avg:                                    0.71
         max:                                    9.01
         95th percentile:                        0.77
         sum:                                 7989.47

Threads fairness:
    events (avg/stddev):           11247.0000/0.00
    execution time (avg/stddev):   7.9895/0.00

