sysbench 1.0.20 (using system LuaJIT 2.1.0-beta3)

Running the test with following options:
Number of threads: 1
Report intermediate results every 1 second(s)
Initializing random number generator from current time


Initializing worker threads...

Threads started!

[ 1s ] thds: 1 tps: 1466.02 qps: 1466.02 (r/w/o: 1466.02/0.00/0.00) lat (ms,95%): 0.72 err/s: 0.00 reconn/s: 0.00
[ 2s ] thds: 1 tps: 1397.29 qps: 1397.29 (r/w/o: 1397.29/0.00/0.00) lat (ms,95%): 0.90 err/s: 0.00 reconn/s: 0.00
[ 3s ] thds: 1 tps: 1452.05 qps: 1452.05 (r/w/o: 1452.05/0.00/0.00) lat (ms,95%): 0.87 err/s: 0.00 reconn/s: 0.00
[ 4s ] thds: 1 tps: 1511.00 qps: 1511.00 (r/w/o: 1511.00/0.00/0.00) lat (ms,95%): 0.70 err/s: 0.00 reconn/s: 0.00
[ 5s ] thds: 1 tps: 1504.70 qps: 1504.70 (r/w/o: 1504.70/0.00/0.00) lat (ms,95%): 0.70 err/s: 0.00 reconn/s: 0.00
[ 6s ] thds: 1 tps: 1488.29 qps: 1488.29 (r/w/o: 1488.29/0.00/0.00) lat (ms,95%): 0.70 err/s: 0.00 reconn/s: 0.00
[ 7s ] thds: 1 tps: 1493.97 qps: 1493.97 (r/w/o: 1493.97/0.00/0.00) lat (ms,95%): 0.72 err/s: 0.00 reconn/s: 0.00
SQL statistics:
    queries performed:
        read:                            11812
        write:                           0
        other:                           0
        total:                           11812
    transactions:                        11812  (1476.30 per sec.)
    queries:                             11812  (1476.30 per sec.)
    ignored errors:                      0      (0.00 per sec.)
    reconnects:                          0      (0.00 per sec.)

General statistics:
    total time:                          8.0007s
    total number of events:              11812

Latency (ms):
         min:                                    0.62
         avg:                                    0.68
         max:                                    9.13
         95th percentile:                        0.73
         sum:                                 7988.56

Threads fairness:
    events (avg/stddev):           11812.0000/0.00
    execution time (avg/stddev):   7.9886/0.00

