sysbench 1.0.20 (using system LuaJIT 2.1.0-beta3)

Running the test with following options:
Number of threads: 4
Report intermediate results every 2 second(s)
Initializing random number generator from current time


Initializing worker threads...

Threads started!

[ 2s ] thds: 4 tps: 122.44 qps: 122.44 (r/w/o: 122.44/0.00/0.00) lat (ms,95%): 34.95 err/s: 0.00 reconn/s: 0.00
[ 4s ] thds: 4 tps: 125.02 qps: 125.02 (r/w/o: 125.02/0.00/0.00) lat (ms,95%): 32.53 err/s: 0.00 reconn/s: 0.00
[ 6s ] thds: 4 tps: 125.50 qps: 125.50 (r/w/o: 125.50/0.00/0.00) lat (ms,95%): 31.94 err/s: 0.00 reconn/s: 0.00
[ 8s ] thds: 4 tps: 125.50 qps: 125.50 (r/w/o: 125.50/0.00/0.00) lat (ms,95%): 31.94 err/s: 0.00 reconn/s: 0.00
[ 10s ] thds: 4 tps: 125.00 qps: 125.00 (r/w/o: 125.00/0.00/0.00) lat (ms,95%): 32.53 err/s: 0.00 reconn/s: 0.00
[ 12s ] thds: 4 tps: 125.50 qps: 125.50 (r/w/o: 125.50/0.00/0.00) lat (ms,95%): 31.94 err/s: 0.00 reconn/s: 0.00
[ 14s ] thds: 4 tps: 125.50 qps: 125.50 (r/w/o: 125.50/0.00/0.00) lat (ms,95%): 31.94 err/s: 0.00 reconn/s: 0.00
[ 16s ] thds: 4 tps: 126.00 qps: 126.00 (r/w/o: 126.00/0.00/0.00) lat (ms,95%): 32.53 err/s: 0.00 reconn/s: 0.00
[ 18s ] thds: 4 tps: 124.50 qps: 124.50 (r/w/o: 124.50/0.00/0.00) lat (ms,95%): 32.53 err/s: 0.00 reconn/s: 0.00
SQL statistics:
    queries performed:
        read:                            2254
        write:                           0
        other:                           0
        total:                           2254
    transactions:                        2254   (125.12 per sec.)
    queries:                             2254   (125.12 per sec.)
    ignored errors:                      0      (0.00 per sec.)
    reconnects:                          0      (0.00 per sec.)

General statistics:
    total time:                          18.0140s
    total number of events:              2254

Latency (ms):
         min:                                   25.85
         avg:                                   31.96
         max:                                   52.69
         95th percentile:                       32.53
         sum:                                72036.68

Threads fairness:
    events (avg/stddev):           563.5000/1.12
    execution time (avg/stddev):   18.0092/0.00

