sysbench 1.0.20 (using system LuaJIT 2.1.0-beta3)

Running the test with following options:
Number of threads: 1
Report intermediate results every 1 second(s)
Initializing random number generator from current time


Initializing worker threads...

Threads started!

[ 1s ] thds: 1 tps: 976.17 qps: 2928.50 (r/w/o: 2928.50/0.00/0.00) lat (ms,95%): 1.08 err/s: 0.00 reconn/s: 0.00
[ 2s ] thds: 1 tps: 998.40 qps: 2995.21 (r/w/o: 2995.21/0.00/0.00) lat (ms,95%): 1.08 err/s: 0.00 reconn/s: 0.00
[ 3s ] thds: 1 tps: 1006.99 qps: 3021.97 (r/w/o: 3021.97/0.00/0.00) lat (ms,95%): 1.06 err/s: 0.00 reconn/s: 0.00
[ 4s ] thds: 1 tps: 995.99 qps: 2988.98 (r/w/o: 2988.98/0.00/0.00) lat (ms,95%): 1.08 err/s: 0.00 reconn/s: 0.00
[ 5s ] thds: 1 tps: 994.95 qps: 2982.85 (r/w/o: 2982.85/0.00/0.00) lat (ms,95%): 1.08 err/s: 0.00 reconn/s: 0.00
[ 6s ] thds: 1 tps: 989.05 qps: 2968.16 (r/w/o: 2968.16/0.00/0.00) lat (ms,95%): 1.08 err/s: 0.00 reconn/s: 0.00
[ 7s ] thds: 1 tps: 989.01 qps: 2966.02 (r/w/o: 2966.02/0.00/0.00) lat (ms,95%): 1.08 err/s: 0.00 reconn/s: 0.00
[ 8s ] thds: 1 tps: 995.98 qps: 2989.95 (r/w/o: 2989.95/0.00/0.00) lat (ms,95%): 1.06 err/s: 0.00 reconn/s: 0.00
SQL statistics:
    queries performed:
        read:                            23844
        write:                           0
        other:                           0
        total:                           23844
    transactions:                        7948   (993.35 per sec.)
    queries:                             23844  (2980.05 per sec.)
    ignored errors:                      0      (0.00 per sec.)
    reconnects:                          0      (0.00 per sec.)

General statistics:
    total time:                          8.0009s
    total number of events:              7948

Latency (ms):
         min:                                    0.91
         avg:                                    1.01
         max:                                    8.68
         95th percentile:                        1.08
         sum:                                 7991.01

Threads fairness:
    events (avg/stddev):           7948.0000/0.00
    execution time (avg/stddev):   7.9910/0.00

