sysbench 1.0.20 (using system LuaJIT 2.1.0-beta3)

Running the test with following options:
Number of threads: 1
Report intermediate results every 1 second(s)
Initializing random number generator from current time


Initializing worker threads...

Threads started!

[ 1s ] thds: 1 tps: 0.00 qps: 1289.54 (r/w/o: 0.00/1286.55/3.00) lat (ms,95%): 0.00 err/s: 0.00 reconn/s: 0.00
[ 2s ] thds: 1 tps: 0.00 qps: 1226.66 (r/w/o: 0.00/1226.66/0.00) lat (ms,95%): 0.00 err/s: 0.00 reconn/s: 0.00
[ 3s ] thds: 1 tps: 0.00 qps: 1297.05 (r/w/o: 0.00/1297.05/0.00) lat (ms,95%): 0.00 err/s: 0.00 reconn/s: 0.00
[ 4s ] thds: 1 tps: 1.00 qps: 1221.03 (r/w/o: 0.00/1219.03/2.00) lat (ms,95%): 3151.62 err/s: 0.00 reconn/s: 0.00
[ 5s ] thds: 1 tps: 0.00 qps: 1309.99 (r/w/o: 0.00/1309.99/0.00) lat (ms,95%): 0.00 err/s: 0.00 reconn/s: 0.00
[ 6s ] thds: 1 tps: 0.00 qps: 1279.01 (r/w/o: 0.00/1279.01/0.00) lat (ms,95%): 0.00 err/s: 0.00 reconn/s: 0.00
[ 7s ] thds: 1 tps: 1.00 qps: 1231.03 (r/w/o: 0.00/1229.03/2.00) lat (ms,95%): 3151.62 err/s: 0.00 reconn/s: 0.00
[ 8s ] thds: 1 tps: 0.00 qps: 1304.98 (r/w/o: 0.00/1304.98/0.00) lat (ms,95%): 0.00 err/s: 0.00 reconn/s: 0.00
[ 9s ] thds: 1 tps: 0.00 qps: 1288.99 (r/w/o: 0.00/1288.99/0.00) lat (ms,95%): 0.00 err/s: 0.00 reconn/s: 0.00
SQL statistics:
    queries performed:
        read:                            0
        write:                           12002
        other:                           7
        total:                           12009
    transactions:                        3      (0.32 per sec.)
    queries:                             12009  (1272.83 per sec.)
    ignored errors:                      0      (0.00 per sec.)
    reconnects:                          0      (0.00 per sec.)

General statistics:
    total time:                          9.4345s
    total number of events:              3

Latency (ms):
         min:                                 3134.47
         avg:                                 3144.61
         max:                                 3157.89
         95th percentile:                     3151.62
         sum:                                 9433.84

Threads fairness:
    events (avg/stddev):           3.0000/0.00
    execution time (avg/stddev):   9.4338/0.00

