sysbench 1.0.20 (using system LuaJIT 2.1.0-beta3)

Running the test with following options:
Number of threads: 1
Report intermediate results every 1 second(s)
Initializing random number generator from current time


Initializing worker threads...

Threads started!

[ 1s ] thds: 1 tps: 170.88 qps: 514.65 (r/w/o: 514.65/0.00/0.00) lat (ms,95%): 5.99 err/s: 0.00 reconn/s: 0.00
[ 2s ] thds: 1 tps: 173.05 qps: 519.14 (r/w/o: 519.14/0.00/0.00) lat (ms,95%): 5.88 err/s: 0.00 reconn/s: 0.00
[ 3s ] thds: 1 tps: 173.00 qps: 517.00 (r/w/o: 517.00/0.00/0.00) lat (ms,95%): 5.99 err/s: 0.00 reconn/s: 0.00
[ 4s ] thds: 1 tps: 171.98 qps: 517.95 (r/w/o: 517.95/0.00/0.00) lat (ms,95%): 5.99 err/s: 0.00 reconn/s: 0.00
[ 5s ] thds: 1 tps: 172.01 qps: 515.03 (r/w/o: 515.03/0.00/0.00) lat (ms,95%): 6.09 err/s: 0.00 reconn/s: 0.00
[ 6s ] thds: 1 tps: 172.99 qps: 518.98 (r/w/o: 518.98/0.00/0.00) lat (ms,95%): 5.88 err/s: 0.00 reconn/s: 0.00
[ 7s ] thds: 1 tps: 173.01 qps: 519.02 (r/w/o: 519.02/0.00/0.00) lat (ms,95%): 5.88 err/s: 0.00 reconn/s: 0.00
[ 8s ] thds: 1 tps: 171.98 qps: 515.95 (r/w/o: 515.95/0.00/0.00) lat (ms,95%): 5.88 err/s: 0.00 reconn/s: 0.00
SQL statistics:
    queries performed:
        read:                            4140
        write:                           0
        other:                           0
        total:                           4140
    transactions:                        1380   (172.41 per sec.)
    queries:                             4140   (517.22 per sec.)
    ignored errors:                      0      (0.00 per sec.)
    reconnects:                          0      (0.00 per sec.)

General statistics:
    total time:                          8.0040s
    total number of events:              1380

Latency (ms):
         min:                                    5.59
         avg:                                    5.80
         max:                                   13.40
         95th percentile:                        5.99
         sum:                                 8001.45

Threads fairness:
    events (avg/stddev):           1380.0000/0.00
    execution time (avg/stddev):   8.0014/0.00

