sysbench 1.0.20 (using system LuaJIT 2.1.0-beta3)

Running the test with following options:
Number of threads: 4
Report intermediate results every 2 second(s)
Initializing random number generator from current time


Initializing worker threads...

Threads started!

[ 2s ] thds: 4 tps: 0.00 qps: 2680.66 (r/w/o: 0.00/668.67/2011.99) lat (ms,95%): 0.00 err/s: 0.00 reconn/s: 0.00
[ 4s ] thds: 4 tps: 0.00 qps: 2880.76 (r/w/o: 0.00/720.19/2160.57) lat (ms,95%): 0.00 err/s: 0.00 reconn/s: 0.00
[ 6s ] thds: 4 tps: 0.00 qps: 2701.96 (r/w/o: 0.00/675.49/2026.47) lat (ms,95%): 0.00 err/s: 0.00 reconn/s: 0.00
[ 8s ] thds: 4 tps: 2.00 qps: 2719.55 (r/w/o: 0.00/710.51/2009.03) lat (ms,95%): 7215.39 err/s: 5.00 reconn/s: 0.00
[ 10s ] thds: 4 tps: 0.00 qps: 2933.95 (r/w/o: 0.00/733.49/2200.46) lat (ms,95%): 0.00 err/s: 0.00 reconn/s: 0.00
[ 12s ] thds: 4 tps: 0.00 qps: 2869.89 (r/w/o: 0.00/717.47/2152.41) lat (ms,95%): 0.00 err/s: 0.00 reconn/s: 0.00
[ 14s ] thds: 4 tps: 0.00 qps: 2937.56 (r/w/o: 0.00/734.01/2203.54) lat (ms,95%): 0.00 err/s: 0.00 reconn/s: 0.00
[ 16s ] thds: 4 tps: 2.00 qps: 2658.47 (r/w/o: 0.00/689.99/1968.48) lat (ms,95%): 6960.17 err/s: 4.50 reconn/s: 0.00
[ 18s ] thds: 4 tps: 0.00 qps: 2946.08 (r/w/o: 0.00/736.52/2209.56) lat (ms,95%): 0.00 err/s: 0.00 reconn/s: 0.00
[ 20s ] thds: 4 tps: 0.00 qps: 2978.05 (r/w/o: 0.00/744.51/2233.54) lat (ms,95%): 0.00 err/s: 0.00 reconn/s: 0.00
SQL statistics:
    queries performed:
        read:                            0
        write:                           15172
        other:                           45083
        total:                           60255
    transactions:                        12     (0.57 per sec.)
    queries:                             60255  (2847.87 per sec.)
    ignored errors:                      19     (0.90 per sec.)
    reconnects:                          0      (0.00 per sec.)

General statistics:
    total time:                          21.1575s
    total number of events:              12

Latency (ms):
         min:                                 6913.17
         avg:                                 7052.13
         max:                                 7251.85
         95th percentile:                     7215.39
         sum:                                84625.51

Threads fairness:
    events (avg/stddev):           3.0000/0.00
    execution time (avg/stddev):   21.1564/0.00

