sysbench 1.0.20 (using system LuaJIT 2.1.0-beta3)

Running the test with following options:
Number of threads: 1
Report intermediate results every 1 second(s)
Initializing random number generator from current time


Initializing worker threads...

Threads started!

[ 1s ] thds: 1 tps: 119.90 qps: 119.90 (r/w/o: 119.90/0.00/0.00) lat (ms,95%): 8.43 err/s: 0.00 reconn/s: 0.00
[ 2s ] thds: 1 tps: 122.04 qps: 122.04 (r/w/o: 122.04/0.00/0.00) lat (ms,95%): 8.43 err/s: 0.00 reconn/s: 0.00
[ 3s ] thds: 1 tps: 123.00 qps: 123.00 (r/w/o: 123.00/0.00/0.00) lat (ms,95%): 8.28 err/s: 0.00 reconn/s: 0.00
[ 4s ] thds: 1 tps: 124.00 qps: 124.00 (r/w/o: 124.00/0.00/0.00) lat (ms,95%): 8.28 err/s: 0.00 reconn/s: 0.00
[ 5s ] thds: 1 tps: 122.00 qps: 122.00 (r/w/o: 122.00/0.00/0.00) lat (ms,95%): 8.43 err/s: 0.00 reconn/s: 0.00
[ 6s ] thds: 1 tps: 124.00 qps: 124.00 (r/w/o: 124.00/0.00/0.00) lat (ms,95%): 8.28 err/s: 0.00 reconn/s: 0.00
[ 7s ] thds: 1 tps: 122.00 qps: 122.00 (r/w/o: 122.00/0.00/0.00) lat (ms,95%): 8.28 err/s: 0.00 reconn/s: 0.00
[ 8s ] thds: 1 tps: 124.02 qps: 124.02 (r/w/o: 124.02/0.00/0.00) lat (ms,95%): 8.28 err/s: 0.00 reconn/s: 0.00
SQL statistics:
    queries performed:
        read:                            982
        write:                           0
        other:                           0
        total:                           982
    transactions:                        982    (122.62 per sec.)
    queries:                             982    (122.62 per sec.)
    ignored errors:                      0      (0.00 per sec.)
    reconnects:                          0      (0.00 per sec.)

General statistics:
    total time:                          8.0079s
    total number of events:              982

Latency (ms):
         min:                                    7.95
         avg:                                    8.15
         max:                                   17.32
         95th percentile:                        8.28
         sum:                                 8004.62

Threads fairness:
    events (avg/stddev):           982.0000/0.00
    execution time (avg/stddev):   8.0046/0.00

