sysbench 1.0.20 (using system LuaJIT 2.1.0-beta3)

Running the test with following options:
Number of threads: 1
Report intermediate results every 1 second(s)
Initializing random number generator from current time


Initializing worker threads...

Threads started!

[ 1s ] thds: 1 tps: 4921.43 qps: 4921.43 (r/w/o: 4921.43/0.00/0.00) lat (ms,95%): 0.22 err/s: 0.00 reconn/s: 0.00
[ 2s ] thds: 1 tps: 4690.43 qps: 4690.43 (r/w/o: 4690.43/0.00/0.00) lat (ms,95%): 0.23 err/s: 0.00 reconn/s: 0.00
[ 3s ] thds: 1 tps: 5003.72 qps: 5003.72 (r/w/o: 5003.72/0.00/0.00) lat (ms,95%): 0.22 err/s: 0.00 reconn/s: 0.00
[ 4s ] thds: 1 tps: 5019.07 qps: 5019.07 (r/w/o: 5019.07/0.00/0.00) lat (ms,95%): 0.22 err/s: 0.00 reconn/s: 0.00
[ 5s ] thds: 1 tps: 5092.55 qps: 5092.55 (r/w/o: 5092.55/0.00/0.00) lat (ms,95%): 0.22 err/s: 0.00 reconn/s: 0.00
[ 6s ] thds: 1 tps: 5033.40 qps: 5033.40 (r/w/o: 5033.40/0.00/0.00) lat (ms,95%): 0.22 err/s: 0.00 reconn/s: 0.00
[ 7s ] thds: 1 tps: 4964.84 qps: 4964.84 (r/w/o: 4964.84/0.00/0.00) lat (ms,95%): 0.23 err/s: 0.00 reconn/s: 0.00
SQL statistics:
    queries performed:
        read:                            39752
        write:                           0
        other:                           0
        total:                           39752
    transactions:                        39752  (4968.32 per sec.)
    queries:                             39752  (4968.32 per sec.)
    ignored errors:                      0      (0.00 per sec.)
    reconnects:                          0      (0.00 per sec.)

General statistics:
    total time:                          8.0007s
    total number of events:              39752

Latency (ms):
         min:                                    0.17
         avg:                                    0.20
         max:                                    7.49
         95th percentile:                        0.23
         sum:                                 7963.88

Threads fairness:
    events (avg/stddev):           39752.0000/0.00
    execution time (avg/stddev):   7.9639/0.00

