sysbench 1.0.20 (using system LuaJIT 2.1.0-beta3)

Running the test with following options:
Number of threads: 1
Report intermediate results every 1 second(s)
Initializing random number generator from current time


Initializing worker threads...

Threads started!

[ 1s ] thds: 1 tps: 211.82 qps: 211.82 (r/w/o: 211.82/0.00/0.00) lat (ms,95%): 5.18 err/s: 0.00 reconn/s: 0.00
[ 2s ] thds: 1 tps: 219.08 qps: 219.08 (r/w/o: 219.08/0.00/0.00) lat (ms,95%): 5.00 err/s: 0.00 reconn/s: 0.00
[ 3s ] thds: 1 tps: 214.99 qps: 214.99 (r/w/o: 214.99/0.00/0.00) lat (ms,95%): 5.09 err/s: 0.00 reconn/s: 0.00
[ 4s ] thds: 1 tps: 219.01 qps: 219.01 (r/w/o: 219.01/0.00/0.00) lat (ms,95%): 4.74 err/s: 0.00 reconn/s: 0.00
[ 5s ] thds: 1 tps: 212.00 qps: 212.00 (r/w/o: 212.00/0.00/0.00) lat (ms,95%): 5.09 err/s: 0.00 reconn/s: 0.00
[ 6s ] thds: 1 tps: 224.00 qps: 224.00 (r/w/o: 224.00/0.00/0.00) lat (ms,95%): 4.82 err/s: 0.00 reconn/s: 0.00
[ 7s ] thds: 1 tps: 217.00 qps: 217.00 (r/w/o: 217.00/0.00/0.00) lat (ms,95%): 5.09 err/s: 0.00 reconn/s: 0.00
[ 8s ] thds: 1 tps: 218.00 qps: 218.00 (r/w/o: 218.00/0.00/0.00) lat (ms,95%): 4.74 err/s: 0.00 reconn/s: 0.00
SQL statistics:
    queries performed:
        read:                            1737
        write:                           0
        other:                           0
        total:                           1737
    transactions:                        1737   (217.07 per sec.)
    queries:                             1737   (217.07 per sec.)
    ignored errors:                      0      (0.00 per sec.)
    reconnects:                          0      (0.00 per sec.)

General statistics:
    total time:                          8.0017s
    total number of events:              1737

Latency (ms):
         min:                                    3.84
         avg:                                    4.61
         max:                                   12.51
         95th percentile:                        5.09
         sum:                                 7998.96

Threads fairness:
    events (avg/stddev):           1737.0000/0.00
    execution time (avg/stddev):   7.9990/0.00

