sysbench 1.0.20 (using system LuaJIT 2.1.0-beta3)

Running the test with following options:
Number of threads: 1
Report intermediate results every 1 second(s)
Initializing random number generator from current time


Initializing worker threads...

Threads started!

[ 1s ] thds: 1 tps: 252.80 qps: 252.80 (r/w/o: 252.80/0.00/0.00) lat (ms,95%): 4.18 err/s: 0.00 reconn/s: 0.00
[ 2s ] thds: 1 tps: 261.07 qps: 261.07 (r/w/o: 261.07/0.00/0.00) lat (ms,95%): 4.18 err/s: 0.00 reconn/s: 0.00
[ 3s ] thds: 1 tps: 257.99 qps: 257.99 (r/w/o: 257.99/0.00/0.00) lat (ms,95%): 4.18 err/s: 0.00 reconn/s: 0.00
[ 4s ] thds: 1 tps: 257.00 qps: 257.00 (r/w/o: 257.00/0.00/0.00) lat (ms,95%): 4.25 err/s: 0.00 reconn/s: 0.00
[ 5s ] thds: 1 tps: 257.01 qps: 257.01 (r/w/o: 257.01/0.00/0.00) lat (ms,95%): 4.25 err/s: 0.00 reconn/s: 0.00
[ 6s ] thds: 1 tps: 265.00 qps: 265.00 (r/w/o: 265.00/0.00/0.00) lat (ms,95%): 4.18 err/s: 0.00 reconn/s: 0.00
[ 7s ] thds: 1 tps: 260.99 qps: 260.99 (r/w/o: 260.99/0.00/0.00) lat (ms,95%): 4.18 err/s: 0.00 reconn/s: 0.00
[ 8s ] thds: 1 tps: 259.00 qps: 259.00 (r/w/o: 259.00/0.00/0.00) lat (ms,95%): 4.25 err/s: 0.00 reconn/s: 0.00
SQL statistics:
    queries performed:
        read:                            2072
        write:                           0
        other:                           0
        total:                           2072
    transactions:                        2072   (258.94 per sec.)
    queries:                             2072   (258.94 per sec.)
    ignored errors:                      0      (0.00 per sec.)
    reconnects:                          0      (0.00 per sec.)

General statistics:
    total time:                          8.0015s
    total number of events:              2072

Latency (ms):
         min:                                    3.29
         avg:                                    3.86
         max:                                   11.53
         95th percentile:                        4.25
         sum:                                 7998.31

Threads fairness:
    events (avg/stddev):           2072.0000/0.00
    execution time (avg/stddev):   7.9983/0.00

