sysbench 1.0.20 (using system LuaJIT 2.1.0-beta3)

Running the test with following options:
Number of threads: 1
Report intermediate results every 1 second(s)
Initializing random number generator from current time


Initializing worker threads...

Threads started!

[ 1s ] thds: 1 tps: 1049.25 qps: 3147.75 (r/w/o: 3147.75/0.00/0.00) lat (ms,95%): 1.01 err/s: 0.00 reconn/s: 0.00
[ 2s ] thds: 1 tps: 1060.13 qps: 3181.39 (r/w/o: 3181.39/0.00/0.00) lat (ms,95%): 1.03 err/s: 0.00 reconn/s: 0.00
[ 3s ] thds: 1 tps: 1067.15 qps: 3200.45 (r/w/o: 3200.45/0.00/0.00) lat (ms,95%): 1.01 err/s: 0.00 reconn/s: 0.00
[ 4s ] thds: 1 tps: 1046.84 qps: 3142.52 (r/w/o: 3142.52/0.00/0.00) lat (ms,95%): 1.03 err/s: 0.00 reconn/s: 0.00
[ 5s ] thds: 1 tps: 1057.15 qps: 3170.45 (r/w/o: 3170.45/0.00/0.00) lat (ms,95%): 1.03 err/s: 0.00 reconn/s: 0.00
[ 6s ] thds: 1 tps: 1052.00 qps: 3154.99 (r/w/o: 3154.99/0.00/0.00) lat (ms,95%): 1.01 err/s: 0.00 reconn/s: 0.00
[ 7s ] thds: 1 tps: 1055.98 qps: 3168.95 (r/w/o: 3168.95/0.00/0.00) lat (ms,95%): 1.01 err/s: 0.00 reconn/s: 0.00
[ 8s ] thds: 1 tps: 1055.95 qps: 3167.84 (r/w/o: 3167.84/0.00/0.00) lat (ms,95%): 1.01 err/s: 0.00 reconn/s: 0.00
SQL statistics:
    queries performed:
        read:                            25338
        write:                           0
        other:                           0
        total:                           25338
    transactions:                        8446   (1055.55 per sec.)
    queries:                             25338  (3166.64 per sec.)
    ignored errors:                      0      (0.00 per sec.)
    reconnects:                          0      (0.00 per sec.)

General statistics:
    total time:                          8.0012s
    total number of events:              8446

Latency (ms):
         min:                                    0.85
         avg:                                    0.95
         max:                                   10.14
         95th percentile:                        1.03
         sum:                                 7990.72

Threads fairness:
    events (avg/stddev):           8446.0000/0.00
    execution time (avg/stddev):   7.9907/0.00

