sysbench 1.0.20 (using system LuaJIT 2.1.0-beta3)

Running the test with following options:
Number of threads: 1
Report intermediate results every 1 second(s)
Initializing random number generator from current time


Initializing worker threads...

Threads started!

[ 1s ] thds: 1 tps: 2.00 qps: 1066.81 (r/w/o: 0.00/1059.82/6.99) lat (ms,95%): 383.33 err/s: 0.00 reconn/s: 0.00
[ 2s ] thds: 1 tps: 3.00 qps: 1062.68 (r/w/o: 0.00/1056.67/6.00) lat (ms,95%): 390.30 err/s: 0.00 reconn/s: 0.00
[ 3s ] thds: 1 tps: 2.00 qps: 1016.88 (r/w/o: 0.00/1012.88/4.00) lat (ms,95%): 419.45 err/s: 0.00 reconn/s: 0.00
[ 4s ] thds: 1 tps: 3.00 qps: 1132.01 (r/w/o: 0.00/1126.01/6.00) lat (ms,95%): 369.77 err/s: 0.00 reconn/s: 0.00
[ 5s ] thds: 1 tps: 3.00 qps: 1130.09 (r/w/o: 0.00/1124.09/6.00) lat (ms,95%): 369.77 err/s: 0.00 reconn/s: 0.00
[ 6s ] thds: 1 tps: 3.00 qps: 1186.97 (r/w/o: 0.00/1180.97/6.00) lat (ms,95%): 350.33 err/s: 0.00 reconn/s: 0.00
[ 7s ] thds: 1 tps: 3.00 qps: 1159.96 (r/w/o: 0.00/1153.96/6.00) lat (ms,95%): 363.18 err/s: 0.00 reconn/s: 0.00
[ 8s ] thds: 1 tps: 3.00 qps: 1149.97 (r/w/o: 0.00/1143.97/6.00) lat (ms,95%): 356.70 err/s: 0.00 reconn/s: 0.00
SQL statistics:
    queries performed:
        read:                            0
        write:                           9199
        other:                           47
        total:                           9246
    transactions:                        23     (2.77 per sec.)
    queries:                             9246   (1114.92 per sec.)
    ignored errors:                      0      (0.00 per sec.)
    reconnects:                          0      (0.00 per sec.)

General statistics:
    total time:                          8.2925s
    total number of events:              23

Latency (ms):
         min:                                  329.16
         avg:                                  360.50
         max:                                  420.27
         95th percentile:                      397.39
         sum:                                 8291.56

Threads fairness:
    events (avg/stddev):           23.0000/0.00
    execution time (avg/stddev):   8.2916/0.00

