sysbench 1.0.20 (using system LuaJIT 2.1.0-beta3)

Running the test with following options:
Number of threads: 4
Report intermediate results every 2 second(s)
Initializing random number generator from current time


Initializing worker threads...

Threads started!

[ 2s ] thds: 4 tps: 4.00 qps: 3101.38 (r/w/o: 0.00/820.57/2280.81) lat (ms,95%): 733.00 err/s: 9.50 reconn/s: 0.00
[ 4s ] thds: 4 tps: 6.00 qps: 3043.76 (r/w/o: 0.00/795.70/2248.06) lat (ms,95%): 682.06 err/s: 10.00 reconn/s: 0.00
[ 6s ] thds: 4 tps: 8.00 qps: 3689.04 (r/w/o: 0.00/991.01/2698.03) lat (ms,95%): 682.06 err/s: 15.00 reconn/s: 0.00
[ 8s ] thds: 4 tps: 8.00 qps: 3870.78 (r/w/o: 0.00/1063.44/2807.34) lat (ms,95%): 549.52 err/s: 17.50 reconn/s: 0.00
[ 10s ] thds: 4 tps: 6.00 qps: 3427.25 (r/w/o: 0.00/874.06/2553.18) lat (ms,95%): 601.29 err/s: 8.00 reconn/s: 0.00
[ 12s ] thds: 4 tps: 6.00 qps: 3206.84 (r/w/o: 0.00/855.96/2350.88) lat (ms,95%): 719.92 err/s: 14.00 reconn/s: 0.00
[ 14s ] thds: 4 tps: 6.00 qps: 2826.48 (r/w/o: 0.00/723.49/2102.98) lat (ms,95%): 746.32 err/s: 7.00 reconn/s: 0.00
[ 16s ] thds: 4 tps: 6.00 qps: 3198.05 (r/w/o: 0.00/828.01/2370.04) lat (ms,95%): 669.89 err/s: 9.50 reconn/s: 0.00
[ 18s ] thds: 4 tps: 6.00 qps: 3137.06 (r/w/o: 0.00/818.51/2318.54) lat (ms,95%): 682.06 err/s: 9.50 reconn/s: 0.00
SQL statistics:
    queries performed:
        read:                            0
        write:                           15781
        other:                           44178
        total:                           59959
    transactions:                        116    (6.34 per sec.)
    queries:                             59959  (3278.92 per sec.)
    ignored errors:                      200    (10.94 per sec.)
    reconnects:                          0      (0.00 per sec.)

General statistics:
    total time:                          18.2859s
    total number of events:              116

Latency (ms):
         min:                                  520.81
         avg:                                  630.51
         max:                                  752.34
         95th percentile:                      733.00
         sum:                                73138.62

Threads fairness:
    events (avg/stddev):           29.0000/0.00
    execution time (avg/stddev):   18.2847/0.00

