sysbench 1.0.20 (using system LuaJIT 2.1.0-beta3)

Running the test with following options:
Number of threads: 4
Report intermediate results every 2 second(s)
Initializing random number generator from current time


Initializing worker threads...

Threads started!

[ 2s ] thds: 4 tps: 0.00 qps: 2111.11 (r/w/o: 0.00/525.78/1585.33) lat (ms,95%): 0.00 err/s: 0.00 reconn/s: 0.00
[ 4s ] thds: 4 tps: 0.00 qps: 2218.47 (r/w/o: 0.00/554.62/1663.85) lat (ms,95%): 0.00 err/s: 0.00 reconn/s: 0.00
[ 6s ] thds: 4 tps: 0.00 qps: 2103.87 (r/w/o: 0.00/525.97/1577.90) lat (ms,95%): 0.00 err/s: 0.00 reconn/s: 0.00
[ 8s ] thds: 4 tps: 0.00 qps: 2178.04 (r/w/o: 0.00/544.51/1633.53) lat (ms,95%): 0.00 err/s: 0.00 reconn/s: 0.00
[ 10s ] thds: 4 tps: 0.00 qps: 2229.96 (r/w/o: 0.00/557.49/1672.47) lat (ms,95%): 0.00 err/s: 0.00 reconn/s: 0.00
[ 12s ] thds: 4 tps: 0.00 qps: 2334.10 (r/w/o: 0.00/583.52/1750.57) lat (ms,95%): 0.00 err/s: 0.00 reconn/s: 0.00
[ 14s ] thds: 4 tps: 0.00 qps: 2584.00 (r/w/o: 0.00/646.00/1938.00) lat (ms,95%): 0.00 err/s: 0.00 reconn/s: 0.00
[ 16s ] thds: 4 tps: 0.00 qps: 2252.02 (r/w/o: 0.00/563.01/1689.02) lat (ms,95%): 0.00 err/s: 0.00 reconn/s: 0.00
[ 18s ] thds: 4 tps: 0.00 qps: 2268.00 (r/w/o: 0.00/567.00/1701.00) lat (ms,95%): 0.00 err/s: 0.00 reconn/s: 0.00
[ 20s ] thds: 4 tps: 0.00 qps: 2101.99 (r/w/o: 0.00/525.50/1576.50) lat (ms,95%): 0.00 err/s: 0.00 reconn/s: 0.00
[ 22s ] thds: 4 tps: 0.00 qps: 2262.02 (r/w/o: 0.00/565.50/1696.51) lat (ms,95%): 0.00 err/s: 0.00 reconn/s: 0.00
[ 24s ] thds: 4 tps: 0.00 qps: 2165.97 (r/w/o: 0.00/541.49/1624.48) lat (ms,95%): 0.00 err/s: 0.00 reconn/s: 0.00
[ 26s ] thds: 4 tps: 0.00 qps: 2114.02 (r/w/o: 0.00/528.51/1585.52) lat (ms,95%): 0.00 err/s: 0.00 reconn/s: 0.00
[ 28s ] thds: 4 tps: 0.00 qps: 2113.98 (r/w/o: 0.00/528.50/1585.49) lat (ms,95%): 0.00 err/s: 0.00 reconn/s: 0.00
[ 30s ] thds: 4 tps: 0.00 qps: 2645.87 (r/w/o: 0.00/661.47/1984.40) lat (ms,95%): 0.00 err/s: 0.00 reconn/s: 0.00
[ 32s ] thds: 4 tps: 0.00 qps: 2492.09 (r/w/o: 0.00/623.02/1869.07) lat (ms,95%): 0.00 err/s: 0.00 reconn/s: 0.00
[ 34s ] thds: 4 tps: 0.00 qps: 2313.96 (r/w/o: 0.00/578.49/1735.47) lat (ms,95%): 0.00 err/s: 0.00 reconn/s: 0.00
[ 36s ] thds: 4 tps: 0.00 qps: 2346.01 (r/w/o: 0.00/586.50/1759.51) lat (ms,95%): 0.00 err/s: 0.00 reconn/s: 0.00
[ 38s ] thds: 4 tps: 0.00 qps: 2410.05 (r/w/o: 0.00/602.51/1807.54) lat (ms,95%): 0.00 err/s: 0.00 reconn/s: 0.00
SQL statistics:
    queries performed:
        read:                            0
        write:                           22000
        other:                           66016
        total:                           88016
    transactions:                        4      (0.10 per sec.)
    queries:                             88016  (2275.53 per sec.)
    ignored errors:                      0      (0.00 per sec.)
    reconnects:                          0      (0.00 per sec.)

General statistics:
    total time:                          38.6789s
    total number of events:              4

Latency (ms):
         min:                                38677.94
         avg:                                38677.95
         max:                                38677.97
         95th percentile:                    38506.38
         sum:                               154711.80

Threads fairness:
    events (avg/stddev):           1.0000/0.00
    execution time (avg/stddev):   38.6779/0.00

