sysbench 1.0.20 (using system LuaJIT 2.1.0-beta3)

Running the test with following options:
Number of threads: 4
Report intermediate results every 2 second(s)
Initializing random number generator from current time


Initializing worker threads...

Threads started!

[ 2s ] thds: 4 tps: 141.43 qps: 141.43 (r/w/o: 141.43/0.00/0.00) lat (ms,95%): 28.67 err/s: 0.00 reconn/s: 0.00
[ 4s ] thds: 4 tps: 143.03 qps: 143.03 (r/w/o: 143.03/0.00/0.00) lat (ms,95%): 28.16 err/s: 0.00 reconn/s: 0.00
[ 6s ] thds: 4 tps: 144.00 qps: 144.00 (r/w/o: 144.00/0.00/0.00) lat (ms,95%): 28.16 err/s: 0.00 reconn/s: 0.00
[ 8s ] thds: 4 tps: 145.00 qps: 145.00 (r/w/o: 145.00/0.00/0.00) lat (ms,95%): 28.16 err/s: 0.00 reconn/s: 0.00
[ 10s ] thds: 4 tps: 144.50 qps: 144.50 (r/w/o: 144.50/0.00/0.00) lat (ms,95%): 28.16 err/s: 0.00 reconn/s: 0.00
[ 12s ] thds: 4 tps: 143.50 qps: 143.50 (r/w/o: 143.50/0.00/0.00) lat (ms,95%): 28.16 err/s: 0.00 reconn/s: 0.00
[ 14s ] thds: 4 tps: 144.00 qps: 144.00 (r/w/o: 144.00/0.00/0.00) lat (ms,95%): 28.16 err/s: 0.00 reconn/s: 0.00
[ 16s ] thds: 4 tps: 143.00 qps: 143.00 (r/w/o: 143.00/0.00/0.00) lat (ms,95%): 28.67 err/s: 0.00 reconn/s: 0.00
[ 18s ] thds: 4 tps: 143.50 qps: 143.50 (r/w/o: 143.50/0.00/0.00) lat (ms,95%): 28.16 err/s: 0.00 reconn/s: 0.00
SQL statistics:
    queries performed:
        read:                            2588
        write:                           0
        other:                           0
        total:                           2588
    transactions:                        2588   (143.62 per sec.)
    queries:                             2588   (143.62 per sec.)
    ignored errors:                      0      (0.00 per sec.)
    reconnects:                          0      (0.00 per sec.)

General statistics:
    total time:                          18.0193s
    total number of events:              2588

Latency (ms):
         min:                                   24.16
         avg:                                   27.84
         max:                                   48.18
         95th percentile:                       28.16
         sum:                                72041.30

Threads fairness:
    events (avg/stddev):           647.0000/0.71
    execution time (avg/stddev):   18.0103/0.01

