sysbench 1.0.20 (using system LuaJIT 2.1.0-beta3)

Running the test with following options:
Number of threads: 4
Report intermediate results every 2 second(s)
Initializing random number generator from current time


Initializing worker threads...

Threads started!

[ 2s ] thds: 4 tps: 0.00 qps: 3504.05 (r/w/o: 0.00/875.51/2628.54) lat (ms,95%): 0.00 err/s: 0.00 reconn/s: 0.00
[ 4s ] thds: 4 tps: 0.00 qps: 3311.07 (r/w/o: 0.00/827.77/2483.30) lat (ms,95%): 0.00 err/s: 0.00 reconn/s: 0.00
[ 6s ] thds: 4 tps: 2.00 qps: 3264.86 (r/w/o: 0.00/825.96/2438.89) lat (ms,95%): 5918.87 err/s: 4.00 reconn/s: 0.00
[ 8s ] thds: 4 tps: 0.00 qps: 3719.98 (r/w/o: 0.00/941.50/2778.49) lat (ms,95%): 0.00 err/s: 1.00 reconn/s: 0.00
[ 10s ] thds: 4 tps: 0.00 qps: 3748.17 (r/w/o: 0.00/937.04/2811.13) lat (ms,95%): 0.00 err/s: 0.00 reconn/s: 0.00
[ 12s ] thds: 4 tps: 2.00 qps: 3719.34 (r/w/o: 0.00/960.96/2758.38) lat (ms,95%): 5409.26 err/s: 5.00 reconn/s: 0.00
[ 14s ] thds: 4 tps: 0.00 qps: 3690.03 (r/w/o: 0.00/922.51/2767.52) lat (ms,95%): 0.00 err/s: 0.00 reconn/s: 0.00
[ 16s ] thds: 4 tps: 0.00 qps: 3789.95 (r/w/o: 0.00/947.49/2842.46) lat (ms,95%): 0.00 err/s: 0.00 reconn/s: 0.00
[ 18s ] thds: 4 tps: 2.00 qps: 3463.64 (r/w/o: 0.00/871.53/2592.10) lat (ms,95%): 5507.54 err/s: 2.50 reconn/s: 0.00
[ 20s ] thds: 4 tps: 0.00 qps: 3757.86 (r/w/o: 0.00/939.47/2818.40) lat (ms,95%): 0.00 err/s: 0.00 reconn/s: 0.00
[ 22s ] thds: 4 tps: 0.00 qps: 3570.11 (r/w/o: 0.00/892.53/2677.58) lat (ms,95%): 0.00 err/s: 0.00 reconn/s: 0.00
SQL statistics:
    queries performed:
        read:                            0
        write:                           20193
        other:                           60119
        total:                           80312
    transactions:                        16     (0.72 per sec.)
    queries:                             80312  (3595.66 per sec.)
    ignored errors:                      25     (1.12 per sec.)
    reconnects:                          0      (0.00 per sec.)

General statistics:
    total time:                          22.3354s
    total number of events:              16

Latency (ms):
         min:                                 5402.42
         avg:                                 5583.63
         max:                                 5895.83
         95th percentile:                     5918.87
         sum:                                89338.04

Threads fairness:
    events (avg/stddev):           4.0000/0.00
    execution time (avg/stddev):   22.3345/0.00

