sysbench 1.0.20 (using system LuaJIT 2.1.0-beta3)

Running the test with following options:
Number of threads: 1
Report intermediate results every 1 second(s)
Initializing random number generator from current time


Initializing worker threads...

Threads started!

[ 1s ] thds: 1 tps: 360.77 qps: 1084.31 (r/w/o: 1084.31/0.00/0.00) lat (ms,95%): 2.86 err/s: 0.00 reconn/s: 0.00
[ 2s ] thds: 1 tps: 364.04 qps: 1092.12 (r/w/o: 1092.12/0.00/0.00) lat (ms,95%): 2.91 err/s: 0.00 reconn/s: 0.00
[ 3s ] thds: 1 tps: 364.02 qps: 1091.07 (r/w/o: 1091.07/0.00/0.00) lat (ms,95%): 2.91 err/s: 0.00 reconn/s: 0.00
[ 4s ] thds: 1 tps: 362.00 qps: 1085.01 (r/w/o: 1085.01/0.00/0.00) lat (ms,95%): 2.91 err/s: 0.00 reconn/s: 0.00
[ 5s ] thds: 1 tps: 366.01 qps: 1100.04 (r/w/o: 1100.04/0.00/0.00) lat (ms,95%): 2.86 err/s: 0.00 reconn/s: 0.00
[ 6s ] thds: 1 tps: 356.98 qps: 1070.93 (r/w/o: 1070.93/0.00/0.00) lat (ms,95%): 3.02 err/s: 0.00 reconn/s: 0.00
[ 7s ] thds: 1 tps: 366.00 qps: 1097.01 (r/w/o: 1097.01/0.00/0.00) lat (ms,95%): 2.86 err/s: 0.00 reconn/s: 0.00
[ 8s ] thds: 1 tps: 363.02 qps: 1090.05 (r/w/o: 1090.05/0.00/0.00) lat (ms,95%): 2.91 err/s: 0.00 reconn/s: 0.00
SQL statistics:
    queries performed:
        read:                            8712
        write:                           0
        other:                           0
        total:                           8712
    transactions:                        2904   (362.94 per sec.)
    queries:                             8712   (1088.82 per sec.)
    ignored errors:                      0      (0.00 per sec.)
    reconnects:                          0      (0.00 per sec.)

General statistics:
    total time:                          8.0009s
    total number of events:              2904

Latency (ms):
         min:                                    2.64
         avg:                                    2.75
         max:                                   10.79
         95th percentile:                        2.91
         sum:                                 7997.49

Threads fairness:
    events (avg/stddev):           2904.0000/0.00
    execution time (avg/stddev):   7.9975/0.00

