sysbench 1.0.20 (using system LuaJIT 2.1.0-beta3)

Running the test with following options:
Number of threads: 1
Report intermediate results every 1 second(s)
Initializing random number generator from current time


Initializing worker threads...

Threads started!

[ 1s ] thds: 1 tps: 0.00 qps: 1365.61 (r/w/o: 0.00/1362.61/3.00) lat (ms,95%): 0.00 err/s: 0.00 reconn/s: 0.00
[ 2s ] thds: 1 tps: 0.00 qps: 1381.62 (r/w/o: 0.00/1381.62/0.00) lat (ms,95%): 0.00 err/s: 0.00 reconn/s: 0.00
[ 3s ] thds: 1 tps: 1.00 qps: 1293.08 (r/w/o: 0.00/1291.08/2.00) lat (ms,95%): 2932.60 err/s: 0.00 reconn/s: 0.00
[ 4s ] thds: 1 tps: 0.00 qps: 1315.02 (r/w/o: 0.00/1315.02/0.00) lat (ms,95%): 0.00 err/s: 0.00 reconn/s: 0.00
[ 5s ] thds: 1 tps: 0.00 qps: 1377.92 (r/w/o: 0.00/1377.92/0.00) lat (ms,95%): 0.00 err/s: 0.00 reconn/s: 0.00
[ 6s ] thds: 1 tps: 1.00 qps: 1314.06 (r/w/o: 0.00/1312.06/2.00) lat (ms,95%): 2985.89 err/s: 0.00 reconn/s: 0.00
[ 7s ] thds: 1 tps: 0.00 qps: 1307.00 (r/w/o: 0.00/1307.00/0.00) lat (ms,95%): 0.00 err/s: 0.00 reconn/s: 0.00
[ 8s ] thds: 1 tps: 0.00 qps: 1369.01 (r/w/o: 0.00/1369.01/0.00) lat (ms,95%): 0.00 err/s: 0.00 reconn/s: 0.00
SQL statistics:
    queries performed:
        read:                            0
        write:                           11999
        other:                           7
        total:                           12006
    transactions:                        3      (0.34 per sec.)
    queries:                             12006  (1344.82 per sec.)
    ignored errors:                      0      (0.00 per sec.)
    reconnects:                          0      (0.00 per sec.)

General statistics:
    total time:                          8.9273s
    total number of events:              3

Latency (ms):
         min:                                 2929.13
         avg:                                 2975.57
         max:                                 3000.31
         95th percentile:                     2985.89
         sum:                                 8926.70

Threads fairness:
    events (avg/stddev):           3.0000/0.00
    execution time (avg/stddev):   8.9267/0.00

