sysbench 1.0.20 (using system LuaJIT 2.1.0-beta3)

Running the test with following options:
Number of threads: 1
Report intermediate results every 1 second(s)
Initializing random number generator from current time


Initializing worker threads...

Threads started!

[ 1s ] thds: 1 tps: 3.00 qps: 1245.80 (r/w/o: 0.00/1236.80/8.99) lat (ms,95%): 331.91 err/s: 0.00 reconn/s: 0.00
[ 2s ] thds: 1 tps: 3.00 qps: 1269.62 (r/w/o: 0.00/1263.62/6.00) lat (ms,95%): 320.17 err/s: 0.00 reconn/s: 0.00
[ 3s ] thds: 1 tps: 3.00 qps: 1258.89 (r/w/o: 0.00/1252.89/6.00) lat (ms,95%): 325.98 err/s: 0.00 reconn/s: 0.00
[ 4s ] thds: 1 tps: 3.00 qps: 1297.00 (r/w/o: 0.00/1291.00/6.00) lat (ms,95%): 314.45 err/s: 0.00 reconn/s: 0.00
[ 5s ] thds: 1 tps: 3.00 qps: 1303.05 (r/w/o: 0.00/1297.05/6.00) lat (ms,95%): 308.84 err/s: 0.00 reconn/s: 0.00
[ 6s ] thds: 1 tps: 4.00 qps: 1283.00 (r/w/o: 0.00/1276.00/7.00) lat (ms,95%): 320.17 err/s: 0.00 reconn/s: 0.00
[ 7s ] thds: 1 tps: 3.00 qps: 1308.94 (r/w/o: 0.00/1301.94/7.00) lat (ms,95%): 314.45 err/s: 0.00 reconn/s: 0.00
[ 8s ] thds: 1 tps: 3.00 qps: 1295.03 (r/w/o: 0.00/1289.03/6.00) lat (ms,95%): 308.84 err/s: 0.00 reconn/s: 0.00
SQL statistics:
    queries performed:
        read:                            0
        write:                           10425
        other:                           53
        total:                           10478
    transactions:                        26     (3.18 per sec.)
    queries:                             10478  (1283.32 per sec.)
    ignored errors:                      0      (0.00 per sec.)
    reconnects:                          0      (0.00 per sec.)

General statistics:
    total time:                          8.1644s
    total number of events:              26

Latency (ms):
         min:                                  302.87
         avg:                                  313.99
         max:                                  334.53
         95th percentile:                      325.98
         sum:                                 8163.70

Threads fairness:
    events (avg/stddev):           26.0000/0.00
    execution time (avg/stddev):   8.1637/0.00

