sysbench 1.0.20 (using system LuaJIT 2.1.0-beta3)

Running the test with following options:
Number of threads: 4
Report intermediate results every 2 second(s)
Initializing random number generator from current time


Initializing worker threads...

Threads started!

[ 2s ] thds: 4 tps: 3279.45 qps: 3279.45 (r/w/o: 3279.45/0.00/0.00) lat (ms,95%): 1.64 err/s: 0.00 reconn/s: 0.00
[ 4s ] thds: 4 tps: 3355.43 qps: 3355.43 (r/w/o: 3355.43/0.00/0.00) lat (ms,95%): 1.50 err/s: 0.00 reconn/s: 0.00
[ 6s ] thds: 4 tps: 3356.97 qps: 3356.97 (r/w/o: 3356.97/0.00/0.00) lat (ms,95%): 1.44 err/s: 0.00 reconn/s: 0.00
[ 8s ] thds: 4 tps: 3296.97 qps: 3296.97 (r/w/o: 3296.97/0.00/0.00) lat (ms,95%): 1.50 err/s: 0.00 reconn/s: 0.00
[ 10s ] thds: 4 tps: 3372.54 qps: 3372.54 (r/w/o: 3372.54/0.00/0.00) lat (ms,95%): 1.42 err/s: 0.00 reconn/s: 0.00
[ 12s ] thds: 4 tps: 3345.06 qps: 3345.06 (r/w/o: 3345.06/0.00/0.00) lat (ms,95%): 1.47 err/s: 0.00 reconn/s: 0.00
[ 14s ] thds: 4 tps: 3374.92 qps: 3374.92 (r/w/o: 3374.92/0.00/0.00) lat (ms,95%): 1.42 err/s: 0.00 reconn/s: 0.00
[ 16s ] thds: 4 tps: 3368.02 qps: 3368.02 (r/w/o: 3368.02/0.00/0.00) lat (ms,95%): 1.44 err/s: 0.00 reconn/s: 0.00
[ 18s ] thds: 4 tps: 3375.65 qps: 3375.65 (r/w/o: 3375.65/0.00/0.00) lat (ms,95%): 1.42 err/s: 0.00 reconn/s: 0.00
SQL statistics:
    queries performed:
        read:                            60255
        write:                           0
        other:                           0
        total:                           60255
    transactions:                        60255  (3347.02 per sec.)
    queries:                             60255  (3347.02 per sec.)
    ignored errors:                      0      (0.00 per sec.)
    reconnects:                          0      (0.00 per sec.)

General statistics:
    total time:                          18.0022s
    total number of events:              60255

Latency (ms):
         min:                                    0.62
         avg:                                    1.19
         max:                                   20.29
         95th percentile:                        1.47
         sum:                                71923.13

Threads fairness:
    events (avg/stddev):           15063.7500/39.86
    execution time (avg/stddev):   17.9808/0.00

