sysbench 1.0.20 (using system LuaJIT 2.1.0-beta3)

Running the test with following options:
Number of threads: 4
Report intermediate results every 2 second(s)
Initializing random number generator from current time


Initializing worker threads...

Threads started!

[ 2s ] thds: 4 tps: 3087.00 qps: 3087.00 (r/w/o: 3087.00/0.00/0.00) lat (ms,95%): 1.61 err/s: 0.00 reconn/s: 0.00
[ 4s ] thds: 4 tps: 3200.48 qps: 3200.48 (r/w/o: 3200.48/0.00/0.00) lat (ms,95%): 1.52 err/s: 0.00 reconn/s: 0.00
[ 6s ] thds: 4 tps: 3181.59 qps: 3181.59 (r/w/o: 3181.59/0.00/0.00) lat (ms,95%): 1.52 err/s: 0.00 reconn/s: 0.00
[ 8s ] thds: 4 tps: 3199.91 qps: 3199.91 (r/w/o: 3199.91/0.00/0.00) lat (ms,95%): 1.52 err/s: 0.00 reconn/s: 0.00
[ 10s ] thds: 4 tps: 3179.52 qps: 3179.52 (r/w/o: 3179.52/0.00/0.00) lat (ms,95%): 1.55 err/s: 0.00 reconn/s: 0.00
[ 12s ] thds: 4 tps: 3198.56 qps: 3198.56 (r/w/o: 3198.56/0.00/0.00) lat (ms,95%): 1.52 err/s: 0.00 reconn/s: 0.00
[ 14s ] thds: 4 tps: 3192.51 qps: 3192.51 (r/w/o: 3192.51/0.00/0.00) lat (ms,95%): 1.52 err/s: 0.00 reconn/s: 0.00
[ 16s ] thds: 4 tps: 3199.88 qps: 3199.88 (r/w/o: 3199.88/0.00/0.00) lat (ms,95%): 1.50 err/s: 0.00 reconn/s: 0.00
[ 18s ] thds: 4 tps: 3200.60 qps: 3200.60 (r/w/o: 3200.60/0.00/0.00) lat (ms,95%): 1.52 err/s: 0.00 reconn/s: 0.00
SQL statistics:
    queries performed:
        read:                            57286
        write:                           0
        other:                           0
        total:                           57286
    transactions:                        57286  (3182.20 per sec.)
    queries:                             57286  (3182.20 per sec.)
    ignored errors:                      0      (0.00 per sec.)
    reconnects:                          0      (0.00 per sec.)

General statistics:
    total time:                          18.0017s
    total number of events:              57286

Latency (ms):
         min:                                    0.65
         avg:                                    1.26
         max:                                   18.32
         95th percentile:                        1.52
         sum:                                71915.07

Threads fairness:
    events (avg/stddev):           14321.5000/59.71
    execution time (avg/stddev):   17.9788/0.00

