sysbench 1.0.20 (using system LuaJIT 2.1.0-beta3)

Running the test with following options:
Number of threads: 4
Report intermediate results every 2 second(s)
Initializing random number generator from current time


Initializing worker threads...

Threads started!

[ 2s ] thds: 4 tps: 0.00 qps: 3889.97 (r/w/o: 0.00/971.99/2917.97) lat (ms,95%): 0.00 err/s: 0.00 reconn/s: 0.00
[ 4s ] thds: 4 tps: 2.00 qps: 3651.96 (r/w/o: 0.00/912.24/2739.72) lat (ms,95%): 3095.38 err/s: 0.00 reconn/s: 0.00
[ 6s ] thds: 4 tps: 0.00 qps: 3866.96 (r/w/o: 0.00/966.49/2900.47) lat (ms,95%): 0.00 err/s: 0.00 reconn/s: 0.00
[ 8s ] thds: 4 tps: 2.00 qps: 4209.89 (r/w/o: 0.00/1051.47/3158.42) lat (ms,95%): 3151.62 err/s: 0.00 reconn/s: 0.00
[ 10s ] thds: 4 tps: 2.00 qps: 3978.07 (r/w/o: 0.00/993.52/2984.56) lat (ms,95%): 2985.89 err/s: 0.00 reconn/s: 0.00
[ 12s ] thds: 4 tps: 0.00 qps: 4215.84 (r/w/o: 0.00/1053.96/3161.88) lat (ms,95%): 0.00 err/s: 0.00 reconn/s: 0.00
[ 14s ] thds: 4 tps: 2.00 qps: 4002.08 (r/w/o: 0.00/999.52/3002.56) lat (ms,95%): 2880.27 err/s: 0.00 reconn/s: 0.00
[ 16s ] thds: 4 tps: 2.00 qps: 4266.26 (r/w/o: 0.00/1065.56/3200.69) lat (ms,95%): 2932.60 err/s: 0.00 reconn/s: 0.00
[ 18s ] thds: 4 tps: 2.00 qps: 4056.37 (r/w/o: 0.00/1013.47/3042.90) lat (ms,95%): 2932.60 err/s: 0.00 reconn/s: 0.00
[ 20s ] thds: 4 tps: 0.00 qps: 4073.55 (r/w/o: 0.00/1018.01/3055.53) lat (ms,95%): 0.00 err/s: 0.00 reconn/s: 0.00
SQL statistics:
    queries performed:
        read:                            0
        write:                           21008
        other:                           63076
        total:                           84084
    transactions:                        28     (1.34 per sec.)
    queries:                             84084  (4032.78 per sec.)
    ignored errors:                      0      (0.00 per sec.)
    reconnects:                          0      (0.00 per sec.)

General statistics:
    total time:                          20.8498s
    total number of events:              28

Latency (ms):
         min:                                 2876.89
         avg:                                 2978.41
         max:                                 3141.48
         95th percentile:                     3151.62
         sum:                                83395.37

Threads fairness:
    events (avg/stddev):           7.0000/0.00
    execution time (avg/stddev):   20.8488/0.00

