sysbench 1.0.20 (using system LuaJIT 2.1.0-beta3)

Running the test with following options:
Number of threads: 4
Report intermediate results every 2 second(s)
Initializing random number generator from current time


Initializing worker threads...

Threads started!

[ 2s ] thds: 4 tps: 2820.11 qps: 2820.11 (r/w/o: 2820.11/0.00/0.00) lat (ms,95%): 1.76 err/s: 0.00 reconn/s: 0.00
[ 4s ] thds: 4 tps: 2844.37 qps: 2844.37 (r/w/o: 2844.37/0.00/0.00) lat (ms,95%): 1.82 err/s: 0.00 reconn/s: 0.00
[ 6s ] thds: 4 tps: 2852.60 qps: 2852.60 (r/w/o: 2852.60/0.00/0.00) lat (ms,95%): 1.82 err/s: 0.00 reconn/s: 0.00
[ 8s ] thds: 4 tps: 2843.94 qps: 2843.94 (r/w/o: 2843.94/0.00/0.00) lat (ms,95%): 1.82 err/s: 0.00 reconn/s: 0.00
[ 10s ] thds: 4 tps: 2756.58 qps: 2756.58 (r/w/o: 2756.58/0.00/0.00) lat (ms,95%): 1.86 err/s: 0.00 reconn/s: 0.00
[ 12s ] thds: 4 tps: 2791.50 qps: 2791.50 (r/w/o: 2791.50/0.00/0.00) lat (ms,95%): 1.82 err/s: 0.00 reconn/s: 0.00
[ 14s ] thds: 4 tps: 2770.99 qps: 2770.99 (r/w/o: 2770.99/0.00/0.00) lat (ms,95%): 1.82 err/s: 0.00 reconn/s: 0.00
[ 16s ] thds: 4 tps: 2780.94 qps: 2780.94 (r/w/o: 2780.94/0.00/0.00) lat (ms,95%): 1.93 err/s: 0.00 reconn/s: 0.00
[ 18s ] thds: 4 tps: 2712.56 qps: 2712.56 (r/w/o: 2712.56/0.00/0.00) lat (ms,95%): 1.96 err/s: 0.00 reconn/s: 0.00
SQL statistics:
    queries performed:
        read:                            50353
        write:                           0
        other:                           0
        total:                           50353
    transactions:                        50353  (2796.97 per sec.)
    queries:                             50353  (2796.97 per sec.)
    ignored errors:                      0      (0.00 per sec.)
    reconnects:                          0      (0.00 per sec.)

General statistics:
    total time:                          18.0023s
    total number of events:              50353

Latency (ms):
         min:                                    0.70
         avg:                                    1.43
         max:                                   19.87
         95th percentile:                        1.86
         sum:                                71928.46

Threads fairness:
    events (avg/stddev):           12588.2500/57.36
    execution time (avg/stddev):   17.9821/0.00

