sysbench 1.0.20 (using system LuaJIT 2.1.0-beta3)

Running the test with following options:
Number of threads: 4
Report intermediate results every 2 second(s)
Initializing random number generator from current time


Initializing worker threads...

Threads started!

[ 2s ] thds: 4 tps: 3770.30 qps: 11312.89 (r/w/o: 11312.89/0.00/0.00) lat (ms,95%): 1.37 err/s: 0.00 reconn/s: 0.00
[ 4s ] thds: 4 tps: 3821.05 qps: 11462.16 (r/w/o: 11462.16/0.00/0.00) lat (ms,95%): 1.34 err/s: 0.00 reconn/s: 0.00
[ 6s ] thds: 4 tps: 3824.02 qps: 11473.56 (r/w/o: 11473.56/0.00/0.00) lat (ms,95%): 1.34 err/s: 0.00 reconn/s: 0.00
[ 8s ] thds: 4 tps: 3842.00 qps: 11524.50 (r/w/o: 11524.50/0.00/0.00) lat (ms,95%): 1.34 err/s: 0.00 reconn/s: 0.00
[ 10s ] thds: 4 tps: 3867.50 qps: 11604.50 (r/w/o: 11604.50/0.00/0.00) lat (ms,95%): 1.32 err/s: 0.00 reconn/s: 0.00
[ 12s ] thds: 4 tps: 3881.51 qps: 11644.04 (r/w/o: 11644.04/0.00/0.00) lat (ms,95%): 1.32 err/s: 0.00 reconn/s: 0.00
[ 14s ] thds: 4 tps: 3876.48 qps: 11627.95 (r/w/o: 11627.95/0.00/0.00) lat (ms,95%): 1.32 err/s: 0.00 reconn/s: 0.00
[ 16s ] thds: 4 tps: 3876.00 qps: 11628.51 (r/w/o: 11628.51/0.00/0.00) lat (ms,95%): 1.32 err/s: 0.00 reconn/s: 0.00
[ 18s ] thds: 4 tps: 3864.53 qps: 11593.58 (r/w/o: 11593.58/0.00/0.00) lat (ms,95%): 1.30 err/s: 0.00 reconn/s: 0.00
SQL statistics:
    queries performed:
        read:                            207759
        write:                           0
        other:                           0
        total:                           207759
    transactions:                        69253  (3846.91 per sec.)
    queries:                             207759 (11540.73 per sec.)
    ignored errors:                      0      (0.00 per sec.)
    reconnects:                          0      (0.00 per sec.)

General statistics:
    total time:                          18.0019s
    total number of events:              69253

Latency (ms):
         min:                                    0.66
         avg:                                    1.04
         max:                                   19.94
         95th percentile:                        1.32
         sum:                                71915.51

Threads fairness:
    events (avg/stddev):           17313.2500/68.44
    execution time (avg/stddev):   17.9789/0.00

