sysbench 1.0.20 (using system LuaJIT 2.1.0-beta3)

Running the test with following options:
Number of threads: 4
Report intermediate results every 2 second(s)
Initializing random number generator from current time


Initializing worker threads...

Threads started!

[ 2s ] thds: 4 tps: 227.40 qps: 3507.96 (r/w/o: 0.00/1357.40/2150.56) lat (ms,95%): 33.72 err/s: 168.93 reconn/s: 0.00
[ 4s ] thds: 4 tps: 207.03 qps: 3206.97 (r/w/o: 0.00/1253.68/1953.28) lat (ms,95%): 44.17 err/s: 152.52 reconn/s: 0.00
[ 6s ] thds: 4 tps: 223.50 qps: 3518.02 (r/w/o: 0.00/1380.51/2137.52) lat (ms,95%): 36.89 err/s: 176.50 reconn/s: 0.00
[ 8s ] thds: 4 tps: 221.50 qps: 3493.57 (r/w/o: 0.00/1346.53/2147.05) lat (ms,95%): 38.94 err/s: 178.00 reconn/s: 0.00
[ 10s ] thds: 4 tps: 223.00 qps: 3559.95 (r/w/o: 0.00/1401.98/2157.97) lat (ms,95%): 37.56 err/s: 176.50 reconn/s: 0.00
[ 12s ] thds: 4 tps: 241.50 qps: 3685.44 (r/w/o: 0.00/1405.98/2279.46) lat (ms,95%): 33.12 err/s: 169.50 reconn/s: 0.00
[ 14s ] thds: 4 tps: 232.01 qps: 3626.73 (r/w/o: 0.00/1392.09/2234.64) lat (ms,95%): 36.24 err/s: 176.01 reconn/s: 0.00
[ 16s ] thds: 4 tps: 244.00 qps: 3670.49 (r/w/o: 0.00/1376.50/2294.00) lat (ms,95%): 33.72 err/s: 167.00 reconn/s: 0.00
[ 18s ] thds: 4 tps: 240.99 qps: 3693.27 (r/w/o: 0.00/1365.42/2327.86) lat (ms,95%): 33.72 err/s: 172.49 reconn/s: 0.00
SQL statistics:
    queries performed:
        read:                            0
        write:                           24577
        other:                           39396
        total:                           63973
    transactions:                        4126   (229.07 per sec.)
    queries:                             63973  (3551.64 per sec.)
    ignored errors:                      3077   (170.83 per sec.)
    reconnects:                          0      (0.00 per sec.)

General statistics:
    total time:                          18.0119s
    total number of events:              4126

Latency (ms):
         min:                                    5.69
         avg:                                   17.46
         max:                                  119.78
         95th percentile:                       36.24
         sum:                                72036.48

Threads fairness:
    events (avg/stddev):           1031.5000/10.36
    execution time (avg/stddev):   18.0091/0.00

