sysbench 1.0.20 (using system LuaJIT 2.1.0-beta3)

Running the test with following options:
Number of threads: 1
Report intermediate results every 1 second(s)
Initializing random number generator from current time


Initializing worker threads...

Threads started!

[ 1s ] thds: 1 tps: 107.90 qps: 1301.79 (r/w/o: 0.00/1082.99/218.80) lat (ms,95%): 11.65 err/s: 0.00 reconn/s: 0.00
[ 2s ] thds: 1 tps: 108.03 qps: 1291.32 (r/w/o: 0.00/1076.26/215.05) lat (ms,95%): 11.45 err/s: 0.00 reconn/s: 0.00
[ 3s ] thds: 1 tps: 107.00 qps: 1283.97 (r/w/o: 0.00/1069.98/214.00) lat (ms,95%): 11.45 err/s: 0.00 reconn/s: 0.00
[ 4s ] thds: 1 tps: 111.00 qps: 1338.97 (r/w/o: 0.00/1115.98/223.00) lat (ms,95%): 10.09 err/s: 0.00 reconn/s: 0.00
[ 5s ] thds: 1 tps: 107.01 qps: 1281.06 (r/w/o: 0.00/1067.05/214.01) lat (ms,95%): 11.04 err/s: 0.00 reconn/s: 0.00
[ 6s ] thds: 1 tps: 103.99 qps: 1246.91 (r/w/o: 0.00/1038.92/207.98) lat (ms,95%): 12.30 err/s: 0.00 reconn/s: 0.00
[ 7s ] thds: 1 tps: 105.00 qps: 1256.00 (r/w/o: 0.00/1047.00/209.00) lat (ms,95%): 11.24 err/s: 0.00 reconn/s: 0.00
[ 8s ] thds: 1 tps: 109.01 qps: 1314.07 (r/w/o: 0.00/1095.06/219.01) lat (ms,95%): 11.04 err/s: 0.00 reconn/s: 0.00
SQL statistics:
    queries performed:
        read:                            0
        write:                           8599
        other:                           1721
        total:                           10320
    transactions:                        860    (107.43 per sec.)
    queries:                             10320  (1289.12 per sec.)
    ignored errors:                      0      (0.00 per sec.)
    reconnects:                          0      (0.00 per sec.)

General statistics:
    total time:                          8.0051s
    total number of events:              860

Latency (ms):
         min:                                    7.65
         avg:                                    9.31
         max:                                   23.44
         95th percentile:                       11.45
         sum:                                 8002.98

Threads fairness:
    events (avg/stddev):           860.0000/0.00
    execution time (avg/stddev):   8.0030/0.00

