sysbench 1.0.20 (using system LuaJIT 2.1.0-beta3)

Running the test with following options:
Number of threads: 4
Report intermediate results every 2 second(s)
Initializing random number generator from current time


Initializing worker threads...

Threads started!

[ 2s ] thds: 4 tps: 2838.59 qps: 2838.59 (r/w/o: 2838.59/0.00/0.00) lat (ms,95%): 1.79 err/s: 0.00 reconn/s: 0.00
[ 4s ] thds: 4 tps: 2867.96 qps: 2867.96 (r/w/o: 2867.96/0.00/0.00) lat (ms,95%): 1.82 err/s: 0.00 reconn/s: 0.00
[ 6s ] thds: 4 tps: 2875.04 qps: 2875.04 (r/w/o: 2875.04/0.00/0.00) lat (ms,95%): 1.79 err/s: 0.00 reconn/s: 0.00
[ 8s ] thds: 4 tps: 2848.02 qps: 2848.02 (r/w/o: 2848.02/0.00/0.00) lat (ms,95%): 1.79 err/s: 0.00 reconn/s: 0.00
[ 10s ] thds: 4 tps: 2868.43 qps: 2868.43 (r/w/o: 2868.43/0.00/0.00) lat (ms,95%): 1.79 err/s: 0.00 reconn/s: 0.00
[ 12s ] thds: 4 tps: 2868.04 qps: 2868.04 (r/w/o: 2868.04/0.00/0.00) lat (ms,95%): 1.82 err/s: 0.00 reconn/s: 0.00
[ 14s ] thds: 4 tps: 2850.01 qps: 2850.01 (r/w/o: 2850.01/0.00/0.00) lat (ms,95%): 1.82 err/s: 0.00 reconn/s: 0.00
[ 16s ] thds: 4 tps: 2853.05 qps: 2853.05 (r/w/o: 2853.05/0.00/0.00) lat (ms,95%): 1.82 err/s: 0.00 reconn/s: 0.00
[ 18s ] thds: 4 tps: 2871.95 qps: 2871.95 (r/w/o: 2871.95/0.00/0.00) lat (ms,95%): 1.79 err/s: 0.00 reconn/s: 0.00
SQL statistics:
    queries performed:
        read:                            51488
        write:                           0
        other:                           0
        total:                           51488
    transactions:                        51488  (2860.10 per sec.)
    queries:                             51488  (2860.10 per sec.)
    ignored errors:                      0      (0.00 per sec.)
    reconnects:                          0      (0.00 per sec.)

General statistics:
    total time:                          18.0018s
    total number of events:              51488

Latency (ms):
         min:                                    0.71
         avg:                                    1.40
         max:                                   20.69
         95th percentile:                        1.82
         sum:                                71923.32

Threads fairness:
    events (avg/stddev):           12872.0000/66.34
    execution time (avg/stddev):   17.9808/0.00

