sysbench 1.0.20 (using system LuaJIT 2.1.0-beta3)

Running the test with following options:
Number of threads: 4
Report intermediate results every 2 second(s)
Initializing random number generator from current time


Initializing worker threads...

Threads started!

[ 2s ] thds: 4 tps: 0.00 qps: 4339.86 (r/w/o: 0.00/1084.47/3255.40) lat (ms,95%): 0.00 err/s: 0.00 reconn/s: 0.00
[ 4s ] thds: 4 tps: 2.00 qps: 4807.22 (r/w/o: 0.00/1200.80/3606.41) lat (ms,95%): 2728.81 err/s: 0.00 reconn/s: 0.00
[ 6s ] thds: 4 tps: 2.00 qps: 4635.83 (r/w/o: 0.00/1157.96/3477.88) lat (ms,95%): 2493.86 err/s: 0.00 reconn/s: 0.00
[ 8s ] thds: 4 tps: 2.00 qps: 4548.16 (r/w/o: 0.00/1136.04/3412.12) lat (ms,95%): 2680.11 err/s: 0.00 reconn/s: 0.00
[ 10s ] thds: 4 tps: 0.00 qps: 4573.81 (r/w/o: 0.00/1143.45/3430.36) lat (ms,95%): 0.00 err/s: 0.00 reconn/s: 0.00
[ 12s ] thds: 4 tps: 2.00 qps: 4524.01 (r/w/o: 0.00/1130.00/3394.01) lat (ms,95%): 2680.11 err/s: 0.00 reconn/s: 0.00
[ 14s ] thds: 4 tps: 2.00 qps: 4825.42 (r/w/o: 0.00/1205.48/3619.94) lat (ms,95%): 2539.17 err/s: 0.00 reconn/s: 0.00
[ 16s ] thds: 4 tps: 2.00 qps: 4300.62 (r/w/o: 0.00/1074.03/3226.59) lat (ms,95%): 2680.11 err/s: 0.00 reconn/s: 0.00
[ 18s ] thds: 4 tps: 0.00 qps: 4238.16 (r/w/o: 0.00/1059.54/3178.62) lat (ms,95%): 0.00 err/s: 0.00 reconn/s: 0.00
SQL statistics:
    queries performed:
        read:                            0
        write:                           21008
        other:                           63076
        total:                           84084
    transactions:                        28     (1.51 per sec.)
    queries:                             84084  (4531.15 per sec.)
    ignored errors:                      0      (0.00 per sec.)
    reconnects:                          0      (0.00 per sec.)

General statistics:
    total time:                          18.5565s
    total number of events:              28

Latency (ms):
         min:                                 2474.62
         avg:                                 2650.78
         max:                                 2795.32
         95th percentile:                     2778.39
         sum:                                74221.98

Threads fairness:
    events (avg/stddev):           7.0000/0.00
    execution time (avg/stddev):   18.5555/0.00

