sysbench 1.0.20 (using system LuaJIT 2.1.0-beta3)

Running the test with following options:
Number of threads: 4
Report intermediate results every 2 second(s)
Initializing random number generator from current time


Initializing worker threads...

Threads started!

[ 2s ] thds: 4 tps: 3082.04 qps: 3082.54 (r/w/o: 3082.54/0.00/0.00) lat (ms,95%): 1.73 err/s: 0.00 reconn/s: 0.00
[ 4s ] thds: 4 tps: 3145.90 qps: 3145.40 (r/w/o: 3145.40/0.00/0.00) lat (ms,95%): 1.58 err/s: 0.00 reconn/s: 0.00
[ 6s ] thds: 4 tps: 3194.05 qps: 3194.05 (r/w/o: 3194.05/0.00/0.00) lat (ms,95%): 1.50 err/s: 0.00 reconn/s: 0.00
[ 8s ] thds: 4 tps: 3190.35 qps: 3190.35 (r/w/o: 3190.35/0.00/0.00) lat (ms,95%): 1.50 err/s: 0.00 reconn/s: 0.00
[ 10s ] thds: 4 tps: 3088.73 qps: 3088.73 (r/w/o: 3088.73/0.00/0.00) lat (ms,95%): 1.79 err/s: 0.00 reconn/s: 0.00
[ 12s ] thds: 4 tps: 3189.94 qps: 3189.94 (r/w/o: 3189.94/0.00/0.00) lat (ms,95%): 1.52 err/s: 0.00 reconn/s: 0.00
[ 14s ] thds: 4 tps: 3184.05 qps: 3184.05 (r/w/o: 3184.05/0.00/0.00) lat (ms,95%): 1.52 err/s: 0.00 reconn/s: 0.00
[ 16s ] thds: 4 tps: 3172.44 qps: 3172.44 (r/w/o: 3172.44/0.00/0.00) lat (ms,95%): 1.52 err/s: 0.00 reconn/s: 0.00
[ 18s ] thds: 4 tps: 3184.66 qps: 3184.66 (r/w/o: 3184.66/0.00/0.00) lat (ms,95%): 1.50 err/s: 0.00 reconn/s: 0.00
SQL statistics:
    queries performed:
        read:                            56870
        write:                           0
        other:                           0
        total:                           56870
    transactions:                        56870  (3159.15 per sec.)
    queries:                             56870  (3159.15 per sec.)
    ignored errors:                      0      (0.00 per sec.)
    reconnects:                          0      (0.00 per sec.)

General statistics:
    total time:                          18.0013s
    total number of events:              56870

Latency (ms):
         min:                                    0.65
         avg:                                    1.26
         max:                                   19.97
         95th percentile:                        1.55
         sum:                                71916.07

Threads fairness:
    events (avg/stddev):           14217.5000/37.31
    execution time (avg/stddev):   17.9790/0.00

