sysbench 1.0.20 (using system LuaJIT 2.1.0-beta3)

Running the test with following options:
Number of threads: 1
Report intermediate results every 1 second(s)
Initializing random number generator from current time


Initializing worker threads...

Threads started!

[ 1s ] thds: 1 tps: 178.85 qps: 537.54 (r/w/o: 537.54/0.00/0.00) lat (ms,95%): 5.67 err/s: 0.00 reconn/s: 0.00
[ 2s ] thds: 1 tps: 180.08 qps: 539.24 (r/w/o: 539.24/0.00/0.00) lat (ms,95%): 5.77 err/s: 0.00 reconn/s: 0.00
[ 3s ] thds: 1 tps: 179.00 qps: 539.01 (r/w/o: 539.01/0.00/0.00) lat (ms,95%): 5.67 err/s: 0.00 reconn/s: 0.00
[ 4s ] thds: 1 tps: 180.98 qps: 540.94 (r/w/o: 540.94/0.00/0.00) lat (ms,95%): 5.67 err/s: 0.00 reconn/s: 0.00
[ 5s ] thds: 1 tps: 180.00 qps: 540.00 (r/w/o: 540.00/0.00/0.00) lat (ms,95%): 5.88 err/s: 0.00 reconn/s: 0.00
[ 6s ] thds: 1 tps: 180.01 qps: 542.03 (r/w/o: 542.03/0.00/0.00) lat (ms,95%): 5.67 err/s: 0.00 reconn/s: 0.00
[ 7s ] thds: 1 tps: 180.99 qps: 542.97 (r/w/o: 542.97/0.00/0.00) lat (ms,95%): 5.67 err/s: 0.00 reconn/s: 0.00
[ 8s ] thds: 1 tps: 180.00 qps: 538.00 (r/w/o: 538.00/0.00/0.00) lat (ms,95%): 5.88 err/s: 0.00 reconn/s: 0.00
SQL statistics:
    queries performed:
        read:                            4323
        write:                           0
        other:                           0
        total:                           4323
    transactions:                        1441   (180.00 per sec.)
    queries:                             4323   (540.01 per sec.)
    ignored errors:                      0      (0.00 per sec.)
    reconnects:                          0      (0.00 per sec.)

General statistics:
    total time:                          8.0050s
    total number of events:              1441

Latency (ms):
         min:                                    5.35
         avg:                                    5.55
         max:                                   13.99
         95th percentile:                        5.67
         sum:                                 8002.16

Threads fairness:
    events (avg/stddev):           1441.0000/0.00
    execution time (avg/stddev):   8.0022/0.00

