sysbench 1.0.20 (using system LuaJIT 2.1.0-beta3)

Running the test with following options:
Number of threads: 4
Report intermediate results every 2 second(s)
Initializing random number generator from current time


Initializing worker threads...

Threads started!

[ 2s ] thds: 4 tps: 3107.43 qps: 3107.43 (r/w/o: 3107.43/0.00/0.00) lat (ms,95%): 1.73 err/s: 0.00 reconn/s: 0.00
[ 4s ] thds: 4 tps: 3173.05 qps: 3173.05 (r/w/o: 3173.05/0.00/0.00) lat (ms,95%): 1.55 err/s: 0.00 reconn/s: 0.00
[ 6s ] thds: 4 tps: 3152.50 qps: 3152.50 (r/w/o: 3152.50/0.00/0.00) lat (ms,95%): 1.61 err/s: 0.00 reconn/s: 0.00
[ 8s ] thds: 4 tps: 3162.06 qps: 3162.06 (r/w/o: 3162.06/0.00/0.00) lat (ms,95%): 1.67 err/s: 0.00 reconn/s: 0.00
[ 10s ] thds: 4 tps: 3207.48 qps: 3207.48 (r/w/o: 3207.48/0.00/0.00) lat (ms,95%): 1.50 err/s: 0.00 reconn/s: 0.00
[ 12s ] thds: 4 tps: 3204.60 qps: 3204.60 (r/w/o: 3204.60/0.00/0.00) lat (ms,95%): 1.50 err/s: 0.00 reconn/s: 0.00
[ 14s ] thds: 4 tps: 3210.44 qps: 3210.44 (r/w/o: 3210.44/0.00/0.00) lat (ms,95%): 1.52 err/s: 0.00 reconn/s: 0.00
[ 16s ] thds: 4 tps: 3165.50 qps: 3165.50 (r/w/o: 3165.50/0.00/0.00) lat (ms,95%): 1.58 err/s: 0.00 reconn/s: 0.00
[ 18s ] thds: 4 tps: 3212.05 qps: 3212.05 (r/w/o: 3212.05/0.00/0.00) lat (ms,95%): 1.50 err/s: 0.00 reconn/s: 0.00
SQL statistics:
    queries performed:
        read:                            57196
        write:                           0
        other:                           0
        total:                           57196
    transactions:                        57196  (3177.13 per sec.)
    queries:                             57196  (3177.13 per sec.)
    ignored errors:                      0      (0.00 per sec.)
    reconnects:                          0      (0.00 per sec.)

General statistics:
    total time:                          18.0020s
    total number of events:              57196

Latency (ms):
         min:                                    0.65
         avg:                                    1.26
         max:                                   21.73
         95th percentile:                        1.55
         sum:                                71916.37

Threads fairness:
    events (avg/stddev):           14299.0000/28.35
    execution time (avg/stddev):   17.9791/0.00

