sysbench 1.0.20 (using system LuaJIT 2.1.0-beta3)

Running the test with following options:
Number of threads: 4
Report intermediate results every 2 second(s)
Initializing random number generator from current time


Initializing worker threads...

Threads started!

[ 2s ] thds: 4 tps: 11756.34 qps: 11756.34 (r/w/o: 11756.34/0.00/0.00) lat (ms,95%): 0.48 err/s: 0.00 reconn/s: 0.00
[ 4s ] thds: 4 tps: 11853.87 qps: 11853.87 (r/w/o: 11853.87/0.00/0.00) lat (ms,95%): 0.47 err/s: 0.00 reconn/s: 0.00
[ 6s ] thds: 4 tps: 11992.55 qps: 11992.55 (r/w/o: 11992.55/0.00/0.00) lat (ms,95%): 0.46 err/s: 0.00 reconn/s: 0.00
[ 8s ] thds: 4 tps: 11941.47 qps: 11941.47 (r/w/o: 11941.47/0.00/0.00) lat (ms,95%): 0.47 err/s: 0.00 reconn/s: 0.00
[ 10s ] thds: 4 tps: 11932.24 qps: 11932.24 (r/w/o: 11932.24/0.00/0.00) lat (ms,95%): 0.47 err/s: 0.00 reconn/s: 0.00
[ 12s ] thds: 4 tps: 11826.28 qps: 11826.28 (r/w/o: 11826.28/0.00/0.00) lat (ms,95%): 0.48 err/s: 0.00 reconn/s: 0.00
[ 14s ] thds: 4 tps: 11792.69 qps: 11792.69 (r/w/o: 11792.69/0.00/0.00) lat (ms,95%): 0.48 err/s: 0.00 reconn/s: 0.00
[ 16s ] thds: 4 tps: 11823.81 qps: 11823.81 (r/w/o: 11823.81/0.00/0.00) lat (ms,95%): 0.48 err/s: 0.00 reconn/s: 0.00
[ 18s ] thds: 4 tps: 11833.95 qps: 11833.95 (r/w/o: 11833.95/0.00/0.00) lat (ms,95%): 0.48 err/s: 0.00 reconn/s: 0.00
SQL statistics:
    queries performed:
        read:                            213515
        write:                           0
        other:                           0
        total:                           213515
    transactions:                        213515 (11861.05 per sec.)
    queries:                             213515 (11861.05 per sec.)
    ignored errors:                      0      (0.00 per sec.)
    reconnects:                          0      (0.00 per sec.)

General statistics:
    total time:                          18.0010s
    total number of events:              213515

Latency (ms):
         min:                                    0.19
         avg:                                    0.34
         max:                                   17.49
         95th percentile:                        0.48
         sum:                                71772.35

Threads fairness:
    events (avg/stddev):           53378.7500/125.20
    execution time (avg/stddev):   17.9431/0.00

