sysbench 1.0.20 (using system LuaJIT 2.1.0-beta3)

Running the test with following options:
Number of threads: 4
Report intermediate results every 2 second(s)
Initializing random number generator from current time


Initializing worker threads...

Threads started!

[ 2s ] thds: 4 tps: 2.00 qps: 6005.42 (r/w/o: 0.00/1503.35/4502.07) lat (ms,95%): 2009.23 err/s: 0.00 reconn/s: 0.00
[ 4s ] thds: 4 tps: 0.00 qps: 5894.88 (r/w/o: 0.00/1473.22/4421.66) lat (ms,95%): 0.00 err/s: 0.00 reconn/s: 0.00
[ 6s ] thds: 4 tps: 4.00 qps: 6127.97 (r/w/o: 0.00/1529.99/4597.98) lat (ms,95%): 2045.74 err/s: 0.00 reconn/s: 0.00
[ 8s ] thds: 4 tps: 0.00 qps: 5868.20 (r/w/o: 0.00/1467.05/4401.15) lat (ms,95%): 0.00 err/s: 0.00 reconn/s: 0.00
[ 10s ] thds: 4 tps: 2.00 qps: 5829.81 (r/w/o: 0.00/1456.45/4373.36) lat (ms,95%): 2045.74 err/s: 0.00 reconn/s: 0.00
[ 12s ] thds: 4 tps: 2.00 qps: 6063.98 (r/w/o: 0.00/1514.99/4548.98) lat (ms,95%): 2045.74 err/s: 0.00 reconn/s: 0.00
[ 14s ] thds: 4 tps: 2.00 qps: 6084.08 (r/w/o: 0.00/1520.02/4564.06) lat (ms,95%): 1973.38 err/s: 0.00 reconn/s: 0.00
[ 16s ] thds: 4 tps: 2.00 qps: 5977.04 (r/w/o: 0.00/1493.51/4483.53) lat (ms,95%): 1973.38 err/s: 0.00 reconn/s: 0.00
[ 18s ] thds: 4 tps: 2.00 qps: 6050.81 (r/w/o: 0.00/1511.45/4539.36) lat (ms,95%): 2009.23 err/s: 0.00 reconn/s: 0.00
SQL statistics:
    queries performed:
        read:                            0
        write:                           27016
        other:                           81092
        total:                           108108
    transactions:                        36     (1.99 per sec.)
    queries:                             108108 (5989.42 per sec.)
    ignored errors:                      0      (0.00 per sec.)
    reconnects:                          0      (0.00 per sec.)

General statistics:
    total time:                          18.0494s
    total number of events:              36

Latency (ms):
         min:                                 1951.62
         avg:                                 2005.39
         max:                                 2056.89
         95th percentile:                     2045.74
         sum:                                72194.00

Threads fairness:
    events (avg/stddev):           9.0000/0.00
    execution time (avg/stddev):   18.0485/0.00

