sysbench 1.0.20 (using system LuaJIT 2.1.0-beta3)

Running the test with following options:
Number of threads: 1
Report intermediate results every 1 second(s)
Initializing random number generator from current time


Initializing worker threads...

Threads started!

[ 1s ] thds: 1 tps: 4607.97 qps: 4607.97 (r/w/o: 4607.97/0.00/0.00) lat (ms,95%): 0.24 err/s: 0.00 reconn/s: 0.00
[ 2s ] thds: 1 tps: 4402.88 qps: 4402.88 (r/w/o: 4402.88/0.00/0.00) lat (ms,95%): 0.25 err/s: 0.00 reconn/s: 0.00
[ 3s ] thds: 1 tps: 4420.69 qps: 4420.69 (r/w/o: 4420.69/0.00/0.00) lat (ms,95%): 0.25 err/s: 0.00 reconn/s: 0.00
[ 4s ] thds: 1 tps: 4615.41 qps: 4615.41 (r/w/o: 4615.41/0.00/0.00) lat (ms,95%): 0.24 err/s: 0.00 reconn/s: 0.00
[ 5s ] thds: 1 tps: 4726.88 qps: 4726.88 (r/w/o: 4726.88/0.00/0.00) lat (ms,95%): 0.23 err/s: 0.00 reconn/s: 0.00
[ 6s ] thds: 1 tps: 4657.99 qps: 4657.99 (r/w/o: 4657.99/0.00/0.00) lat (ms,95%): 0.24 err/s: 0.00 reconn/s: 0.00
[ 7s ] thds: 1 tps: 4556.88 qps: 4556.88 (r/w/o: 4556.88/0.00/0.00) lat (ms,95%): 0.24 err/s: 0.00 reconn/s: 0.00
SQL statistics:
    queries performed:
        read:                            36551
        write:                           0
        other:                           0
        total:                           36551
    transactions:                        36551  (4568.36 per sec.)
    queries:                             36551  (4568.36 per sec.)
    ignored errors:                      0      (0.00 per sec.)
    reconnects:                          0      (0.00 per sec.)

General statistics:
    total time:                          8.0005s
    total number of events:              36551

Latency (ms):
         min:                                    0.18
         avg:                                    0.22
         max:                                   13.20
         95th percentile:                        0.25
         sum:                                 7967.73

Threads fairness:
    events (avg/stddev):           36551.0000/0.00
    execution time (avg/stddev):   7.9677/0.00

