sysbench 1.0.20 (using system LuaJIT 2.1.0-beta3)

Running the test with following options:
Number of threads: 1
Report intermediate results every 1 second(s)
Initializing random number generator from current time


Initializing worker threads...

Threads started!

[ 1s ] thds: 1 tps: 1470.13 qps: 1470.13 (r/w/o: 1470.13/0.00/0.00) lat (ms,95%): 0.72 err/s: 0.00 reconn/s: 0.00
[ 2s ] thds: 1 tps: 1512.95 qps: 1512.95 (r/w/o: 1512.95/0.00/0.00) lat (ms,95%): 0.72 err/s: 0.00 reconn/s: 0.00
[ 3s ] thds: 1 tps: 1503.30 qps: 1503.30 (r/w/o: 1503.30/0.00/0.00) lat (ms,95%): 0.70 err/s: 0.00 reconn/s: 0.00
[ 4s ] thds: 1 tps: 1518.73 qps: 1518.73 (r/w/o: 1518.73/0.00/0.00) lat (ms,95%): 0.73 err/s: 0.00 reconn/s: 0.00
[ 5s ] thds: 1 tps: 1514.32 qps: 1514.32 (r/w/o: 1514.32/0.00/0.00) lat (ms,95%): 0.70 err/s: 0.00 reconn/s: 0.00
[ 6s ] thds: 1 tps: 1556.99 qps: 1556.99 (r/w/o: 1556.99/0.00/0.00) lat (ms,95%): 0.69 err/s: 0.00 reconn/s: 0.00
[ 7s ] thds: 1 tps: 1494.98 qps: 1494.98 (r/w/o: 1494.98/0.00/0.00) lat (ms,95%): 0.70 err/s: 0.00 reconn/s: 0.00
SQL statistics:
    queries performed:
        read:                            12095
        write:                           0
        other:                           0
        total:                           12095
    transactions:                        12095  (1511.68 per sec.)
    queries:                             12095  (1511.68 per sec.)
    ignored errors:                      0      (0.00 per sec.)
    reconnects:                          0      (0.00 per sec.)

General statistics:
    total time:                          8.0007s
    total number of events:              12095

Latency (ms):
         min:                                    0.58
         avg:                                    0.66
         max:                                    8.54
         95th percentile:                        0.72
         sum:                                 7989.52

Threads fairness:
    events (avg/stddev):           12095.0000/0.00
    execution time (avg/stddev):   7.9895/0.00

