sysbench 1.0.20 (using system LuaJIT 2.1.0-beta3)

Running the test with following options:
Number of threads: 1
Report intermediate results every 1 second(s)
Initializing random number generator from current time


Initializing worker threads...

Threads started!

[ 1s ] thds: 1 tps: 0.00 qps: 1881.05 (r/w/o: 0.00/1878.06/3.00) lat (ms,95%): 0.00 err/s: 0.00 reconn/s: 0.00
[ 2s ] thds: 1 tps: 1.00 qps: 1944.14 (r/w/o: 0.00/1942.14/2.00) lat (ms,95%): 1561.52 err/s: 0.00 reconn/s: 0.00
[ 3s ] thds: 1 tps: 0.00 qps: 1979.86 (r/w/o: 0.00/1979.86/0.00) lat (ms,95%): 0.00 err/s: 0.00 reconn/s: 0.00
[ 4s ] thds: 1 tps: 1.00 qps: 1974.00 (r/w/o: 0.00/1972.00/2.00) lat (ms,95%): 1533.66 err/s: 0.00 reconn/s: 0.00
[ 5s ] thds: 1 tps: 1.00 qps: 1991.04 (r/w/o: 0.00/1989.04/2.00) lat (ms,95%): 1506.29 err/s: 0.00 reconn/s: 0.00
[ 6s ] thds: 1 tps: 0.00 qps: 1991.07 (r/w/o: 0.00/1991.07/0.00) lat (ms,95%): 0.00 err/s: 0.00 reconn/s: 0.00
[ 7s ] thds: 1 tps: 1.00 qps: 1961.03 (r/w/o: 0.00/1959.03/2.00) lat (ms,95%): 1506.29 err/s: 0.00 reconn/s: 0.00
[ 8s ] thds: 1 tps: 1.00 qps: 1992.90 (r/w/o: 0.00/1990.90/2.00) lat (ms,95%): 1506.29 err/s: 0.00 reconn/s: 0.00
[ 9s ] thds: 1 tps: 0.00 qps: 1987.12 (r/w/o: 0.00/1987.12/0.00) lat (ms,95%): 0.00 err/s: 0.00 reconn/s: 0.00
SQL statistics:
    queries performed:
        read:                            0
        write:                           18005
        other:                           13
        total:                           18018
    transactions:                        6      (0.66 per sec.)
    queries:                             18018  (1967.19 per sec.)
    ignored errors:                      0      (0.00 per sec.)
    reconnects:                          0      (0.00 per sec.)

General statistics:
    total time:                          9.1589s
    total number of events:              6

Latency (ms):
         min:                                 1511.45
         avg:                                 1526.39
         max:                                 1573.85
         95th percentile:                     1561.52
         sum:                                 9158.36

Threads fairness:
    events (avg/stddev):           6.0000/0.00
    execution time (avg/stddev):   9.1584/0.00

