sysbench 1.0.20 (using system LuaJIT 2.1.0-beta3)

Running the test with following options:
Number of threads: 1
Report intermediate results every 1 second(s)
Initializing random number generator from current time


Initializing worker threads...

Threads started!

[ 1s ] thds: 1 tps: 699.55 qps: 699.55 (r/w/o: 699.55/0.00/0.00) lat (ms,95%): 1.44 err/s: 0.00 reconn/s: 0.00
[ 2s ] thds: 1 tps: 689.12 qps: 689.12 (r/w/o: 689.12/0.00/0.00) lat (ms,95%): 1.52 err/s: 0.00 reconn/s: 0.00
[ 3s ] thds: 1 tps: 703.03 qps: 703.03 (r/w/o: 703.03/0.00/0.00) lat (ms,95%): 1.47 err/s: 0.00 reconn/s: 0.00
[ 4s ] thds: 1 tps: 701.99 qps: 701.99 (r/w/o: 701.99/0.00/0.00) lat (ms,95%): 1.47 err/s: 0.00 reconn/s: 0.00
[ 5s ] thds: 1 tps: 701.01 qps: 701.01 (r/w/o: 701.01/0.00/0.00) lat (ms,95%): 1.47 err/s: 0.00 reconn/s: 0.00
[ 6s ] thds: 1 tps: 709.01 qps: 709.01 (r/w/o: 709.01/0.00/0.00) lat (ms,95%): 1.44 err/s: 0.00 reconn/s: 0.00
[ 7s ] thds: 1 tps: 699.00 qps: 699.00 (r/w/o: 699.00/0.00/0.00) lat (ms,95%): 1.47 err/s: 0.00 reconn/s: 0.00
[ 8s ] thds: 1 tps: 702.93 qps: 702.93 (r/w/o: 702.93/0.00/0.00) lat (ms,95%): 1.47 err/s: 0.00 reconn/s: 0.00
SQL statistics:
    queries performed:
        read:                            5607
        write:                           0
        other:                           0
        total:                           5607
    transactions:                        5607   (700.71 per sec.)
    queries:                             5607   (700.71 per sec.)
    ignored errors:                      0      (0.00 per sec.)
    reconnects:                          0      (0.00 per sec.)

General statistics:
    total time:                          8.0015s
    total number of events:              5607

Latency (ms):
         min:                                    1.38
         avg:                                    1.43
         max:                                    9.11
         95th percentile:                        1.47
         sum:                                 7995.14

Threads fairness:
    events (avg/stddev):           5607.0000/0.00
    execution time (avg/stddev):   7.9951/0.00

