sysbench 1.0.20 (using system LuaJIT 2.1.0-beta3)

Running the test with following options:
Number of threads: 1
Report intermediate results every 1 second(s)
Initializing random number generator from current time


Initializing worker threads...

Threads started!

[ 1s ] thds: 1 tps: 968.19 qps: 2906.56 (r/w/o: 2906.56/0.00/0.00) lat (ms,95%): 1.10 err/s: 0.00 reconn/s: 0.00
[ 2s ] thds: 1 tps: 961.39 qps: 2884.16 (r/w/o: 2884.16/0.00/0.00) lat (ms,95%): 1.12 err/s: 0.00 reconn/s: 0.00
[ 3s ] thds: 1 tps: 976.93 qps: 2929.78 (r/w/o: 2929.78/0.00/0.00) lat (ms,95%): 1.10 err/s: 0.00 reconn/s: 0.00
[ 4s ] thds: 1 tps: 987.07 qps: 2960.22 (r/w/o: 2960.22/0.00/0.00) lat (ms,95%): 1.08 err/s: 0.00 reconn/s: 0.00
[ 5s ] thds: 1 tps: 960.01 qps: 2880.02 (r/w/o: 2880.02/0.00/0.00) lat (ms,95%): 1.14 err/s: 0.00 reconn/s: 0.00
[ 6s ] thds: 1 tps: 950.00 qps: 2850.01 (r/w/o: 2850.01/0.00/0.00) lat (ms,95%): 1.12 err/s: 0.00 reconn/s: 0.00
[ 7s ] thds: 1 tps: 976.99 qps: 2930.98 (r/w/o: 2930.98/0.00/0.00) lat (ms,95%): 1.10 err/s: 0.00 reconn/s: 0.00
[ 8s ] thds: 1 tps: 978.98 qps: 2938.93 (r/w/o: 2938.93/0.00/0.00) lat (ms,95%): 1.08 err/s: 0.00 reconn/s: 0.00
SQL statistics:
    queries performed:
        read:                            23283
        write:                           0
        other:                           0
        total:                           23283
    transactions:                        7761   (969.99 per sec.)
    queries:                             23283  (2909.96 per sec.)
    ignored errors:                      0      (0.00 per sec.)
    reconnects:                          0      (0.00 per sec.)

General statistics:
    total time:                          8.0008s
    total number of events:              7761

Latency (ms):
         min:                                    0.93
         avg:                                    1.03
         max:                                    8.59
         95th percentile:                        1.10
         sum:                                 7991.44

Threads fairness:
    events (avg/stddev):           7761.0000/0.00
    execution time (avg/stddev):   7.9914/0.00

