sysbench 1.0.20 (using system LuaJIT 2.1.0-beta3)

Running the test with following options:
Number of threads: 4
Report intermediate results every 2 second(s)
Initializing random number generator from current time


Initializing worker threads...

Threads started!

[ 2s ] thds: 4 tps: 165.93 qps: 2606.85 (r/w/o: 0.00/926.59/1680.26) lat (ms,95%): 42.61 err/s: 131.44 reconn/s: 0.00
[ 4s ] thds: 4 tps: 193.53 qps: 3024.50 (r/w/o: 0.00/1156.69/1867.81) lat (ms,95%): 41.85 err/s: 154.53 reconn/s: 0.00
[ 6s ] thds: 4 tps: 183.50 qps: 2867.99 (r/w/o: 0.00/1076.00/1792.00) lat (ms,95%): 44.98 err/s: 142.00 reconn/s: 0.00
[ 8s ] thds: 4 tps: 172.50 qps: 2752.52 (r/w/o: 0.00/1058.01/1694.51) lat (ms,95%): 51.02 err/s: 143.00 reconn/s: 0.00
[ 10s ] thds: 4 tps: 174.51 qps: 2799.12 (r/w/o: 0.00/1097.05/1702.08) lat (ms,95%): 49.21 err/s: 146.01 reconn/s: 0.00
[ 12s ] thds: 4 tps: 156.49 qps: 2401.90 (r/w/o: 0.00/832.97/1568.93) lat (ms,95%): 44.98 err/s: 120.99 reconn/s: 0.00
[ 14s ] thds: 4 tps: 184.50 qps: 2857.98 (r/w/o: 0.00/1040.49/1817.49) lat (ms,95%): 45.79 err/s: 145.50 reconn/s: 0.00
[ 16s ] thds: 4 tps: 226.00 qps: 3472.08 (r/w/o: 0.00/1339.53/2132.55) lat (ms,95%): 34.95 err/s: 159.00 reconn/s: 0.00
[ 18s ] thds: 4 tps: 214.00 qps: 3394.06 (r/w/o: 0.00/1305.02/2089.04) lat (ms,95%): 38.94 err/s: 173.50 reconn/s: 0.00
SQL statistics:
    queries performed:
        read:                            0
        write:                           19676
        other:                           32709
        total:                           52385
    transactions:                        3346   (185.80 per sec.)
    queries:                             52385  (2908.91 per sec.)
    ignored errors:                      2632   (146.15 per sec.)
    reconnects:                          0      (0.00 per sec.)

General statistics:
    total time:                          18.0081s
    total number of events:              3346

Latency (ms):
         min:                                    5.88
         avg:                                   21.52
         max:                                  123.86
         95th percentile:                       43.39
         sum:                                72021.70

Threads fairness:
    events (avg/stddev):           836.5000/12.93
    execution time (avg/stddev):   18.0054/0.00

