sysbench 1.0.20 (using system LuaJIT 2.1.0-beta3)

Running the test with following options:
Number of threads: 1
Report intermediate results every 1 second(s)
Initializing random number generator from current time


Initializing worker threads...

Threads started!

[ 1s ] thds: 1 tps: 87.93 qps: 1058.20 (r/w/o: 0.00/879.34/178.87) lat (ms,95%): 17.32 err/s: 0.00 reconn/s: 0.00
[ 2s ] thds: 1 tps: 87.02 qps: 1044.29 (r/w/o: 0.00/870.24/174.05) lat (ms,95%): 15.83 err/s: 0.00 reconn/s: 0.00
[ 3s ] thds: 1 tps: 88.00 qps: 1058.06 (r/w/o: 0.00/882.05/176.01) lat (ms,95%): 14.73 err/s: 0.00 reconn/s: 0.00
[ 4s ] thds: 1 tps: 87.00 qps: 1047.95 (r/w/o: 0.00/873.96/173.99) lat (ms,95%): 15.27 err/s: 0.00 reconn/s: 0.00
[ 5s ] thds: 1 tps: 87.00 qps: 1044.99 (r/w/o: 0.00/870.99/174.00) lat (ms,95%): 14.73 err/s: 0.00 reconn/s: 0.00
[ 6s ] thds: 1 tps: 88.00 qps: 1051.04 (r/w/o: 0.00/875.03/176.01) lat (ms,95%): 14.21 err/s: 0.00 reconn/s: 0.00
[ 7s ] thds: 1 tps: 87.00 qps: 1045.97 (r/w/o: 0.00/871.98/174.00) lat (ms,95%): 15.27 err/s: 0.00 reconn/s: 0.00
[ 8s ] thds: 1 tps: 91.00 qps: 1087.05 (r/w/o: 0.00/906.04/181.01) lat (ms,95%): 14.73 err/s: 0.00 reconn/s: 0.00
SQL statistics:
    queries performed:
        read:                            0
        write:                           7039
        other:                           1409
        total:                           8448
    transactions:                        704    (87.87 per sec.)
    queries:                             8448   (1054.44 per sec.)
    ignored errors:                      0      (0.00 per sec.)
    reconnects:                          0      (0.00 per sec.)

General statistics:
    total time:                          8.0115s
    total number of events:              704

Latency (ms):
         min:                                    8.42
         avg:                                   11.38
         max:                                   49.79
         95th percentile:                       15.27
         sum:                                 8008.88

Threads fairness:
    events (avg/stddev):           704.0000/0.00
    execution time (avg/stddev):   8.0089/0.00

