sysbench 1.0.20 (using system LuaJIT 2.1.0-beta3)

Running the test with following options:
Number of threads: 1
Report intermediate results every 1 second(s)
Initializing random number generator from current time


Initializing worker threads...

Threads started!

[ 1s ] thds: 1 tps: 64.94 qps: 64.94 (r/w/o: 64.94/0.00/0.00) lat (ms,95%): 15.55 err/s: 0.00 reconn/s: 0.00
[ 2s ] thds: 1 tps: 67.03 qps: 67.03 (r/w/o: 67.03/0.00/0.00) lat (ms,95%): 15.27 err/s: 0.00 reconn/s: 0.00
[ 3s ] thds: 1 tps: 64.99 qps: 64.99 (r/w/o: 64.99/0.00/0.00) lat (ms,95%): 15.83 err/s: 0.00 reconn/s: 0.00
[ 4s ] thds: 1 tps: 67.00 qps: 67.00 (r/w/o: 67.00/0.00/0.00) lat (ms,95%): 15.27 err/s: 0.00 reconn/s: 0.00
[ 5s ] thds: 1 tps: 67.00 qps: 67.00 (r/w/o: 67.00/0.00/0.00) lat (ms,95%): 15.55 err/s: 0.00 reconn/s: 0.00
[ 6s ] thds: 1 tps: 66.00 qps: 66.00 (r/w/o: 66.00/0.00/0.00) lat (ms,95%): 15.27 err/s: 0.00 reconn/s: 0.00
[ 7s ] thds: 1 tps: 67.00 qps: 67.00 (r/w/o: 67.00/0.00/0.00) lat (ms,95%): 15.00 err/s: 0.00 reconn/s: 0.00
[ 8s ] thds: 1 tps: 68.00 qps: 68.00 (r/w/o: 68.00/0.00/0.00) lat (ms,95%): 15.00 err/s: 0.00 reconn/s: 0.00
SQL statistics:
    queries performed:
        read:                            533
        write:                           0
        other:                           0
        total:                           533
    transactions:                        533    (66.51 per sec.)
    queries:                             533    (66.51 per sec.)
    ignored errors:                      0      (0.00 per sec.)
    reconnects:                          0      (0.00 per sec.)

General statistics:
    total time:                          8.0129s
    total number of events:              533

Latency (ms):
         min:                                   14.69
         avg:                                   15.03
         max:                                   23.13
         95th percentile:                       15.27
         sum:                                 8010.95

Threads fairness:
    events (avg/stddev):           533.0000/0.00
    execution time (avg/stddev):   8.0109/0.00

