sysbench 1.0.20 (using system LuaJIT 2.1.0-beta3)

Running the test with following options:
Number of threads: 4
Report intermediate results every 2 second(s)
Initializing random number generator from current time


Initializing worker threads...

Threads started!

[ 2s ] thds: 4 tps: 0.00 qps: 3402.16 (r/w/o: 0.00/848.54/2553.62) lat (ms,95%): 0.00 err/s: 0.00 reconn/s: 0.00
[ 4s ] thds: 4 tps: 0.00 qps: 3371.09 (r/w/o: 0.00/842.77/2528.32) lat (ms,95%): 0.00 err/s: 0.00 reconn/s: 0.00
[ 6s ] thds: 4 tps: 0.00 qps: 3329.88 (r/w/o: 0.00/832.47/2497.41) lat (ms,95%): 0.00 err/s: 0.00 reconn/s: 0.00
[ 8s ] thds: 4 tps: 0.00 qps: 3447.99 (r/w/o: 0.00/862.00/2585.99) lat (ms,95%): 0.00 err/s: 0.00 reconn/s: 0.00
[ 10s ] thds: 4 tps: 0.00 qps: 3445.97 (r/w/o: 0.00/861.49/2584.48) lat (ms,95%): 0.00 err/s: 0.00 reconn/s: 0.00
[ 12s ] thds: 4 tps: 0.00 qps: 3346.06 (r/w/o: 0.00/836.51/2509.54) lat (ms,95%): 0.00 err/s: 0.00 reconn/s: 0.00
[ 14s ] thds: 4 tps: 0.00 qps: 3412.04 (r/w/o: 0.00/853.01/2559.03) lat (ms,95%): 0.00 err/s: 0.00 reconn/s: 0.00
[ 16s ] thds: 4 tps: 0.00 qps: 3445.90 (r/w/o: 0.00/861.48/2584.43) lat (ms,95%): 0.00 err/s: 0.00 reconn/s: 0.00
[ 18s ] thds: 4 tps: 0.00 qps: 3402.14 (r/w/o: 0.00/850.53/2551.60) lat (ms,95%): 0.00 err/s: 0.00 reconn/s: 0.00
[ 20s ] thds: 4 tps: 0.00 qps: 3311.80 (r/w/o: 0.00/827.95/2483.85) lat (ms,95%): 0.00 err/s: 0.00 reconn/s: 0.00
[ 22s ] thds: 4 tps: 0.00 qps: 3317.58 (r/w/o: 0.00/829.52/2488.06) lat (ms,95%): 0.00 err/s: 0.00 reconn/s: 0.00
[ 24s ] thds: 4 tps: 0.00 qps: 3410.47 (r/w/o: 0.00/852.49/2557.98) lat (ms,95%): 0.00 err/s: 0.00 reconn/s: 0.00
[ 26s ] thds: 4 tps: 0.00 qps: 3292.11 (r/w/o: 0.00/823.03/2469.08) lat (ms,95%): 0.00 err/s: 0.00 reconn/s: 0.00
SQL statistics:
    queries performed:
        read:                            0
        write:                           22000
        other:                           66016
        total:                           88016
    transactions:                        4      (0.15 per sec.)
    queries:                             88016  (3379.22 per sec.)
    ignored errors:                      0      (0.00 per sec.)
    reconnects:                          0      (0.00 per sec.)

General statistics:
    total time:                          26.0458s
    total number of events:              4

Latency (ms):
         min:                                26044.65
         avg:                                26044.87
         max:                                26045.26
         95th percentile:                    25911.33
         sum:                               104179.48

Threads fairness:
    events (avg/stddev):           1.0000/0.00
    execution time (avg/stddev):   26.0449/0.00

