sysbench 1.0.20 (using system LuaJIT 2.1.0-beta3)

Running the test with following options:
Number of threads: 4
Report intermediate results every 2 second(s)
Initializing random number generator from current time


Initializing worker threads...

Threads started!

[ 2s ] thds: 4 tps: 103.45 qps: 103.45 (r/w/o: 103.45/0.00/0.00) lat (ms,95%): 39.65 err/s: 0.00 reconn/s: 0.00
[ 4s ] thds: 4 tps: 103.52 qps: 103.52 (r/w/o: 103.52/0.00/0.00) lat (ms,95%): 40.37 err/s: 0.00 reconn/s: 0.00
[ 6s ] thds: 4 tps: 105.50 qps: 105.50 (r/w/o: 105.50/0.00/0.00) lat (ms,95%): 38.25 err/s: 0.00 reconn/s: 0.00
[ 8s ] thds: 4 tps: 105.50 qps: 105.50 (r/w/o: 105.50/0.00/0.00) lat (ms,95%): 38.25 err/s: 0.00 reconn/s: 0.00
[ 10s ] thds: 4 tps: 103.00 qps: 103.00 (r/w/o: 103.00/0.00/0.00) lat (ms,95%): 40.37 err/s: 0.00 reconn/s: 0.00
[ 12s ] thds: 4 tps: 103.50 qps: 103.50 (r/w/o: 103.50/0.00/0.00) lat (ms,95%): 41.85 err/s: 0.00 reconn/s: 0.00
[ 14s ] thds: 4 tps: 105.00 qps: 105.00 (r/w/o: 105.00/0.00/0.00) lat (ms,95%): 38.25 err/s: 0.00 reconn/s: 0.00
[ 16s ] thds: 4 tps: 106.00 qps: 106.00 (r/w/o: 106.00/0.00/0.00) lat (ms,95%): 38.25 err/s: 0.00 reconn/s: 0.00
[ 18s ] thds: 4 tps: 105.00 qps: 105.00 (r/w/o: 105.00/0.00/0.00) lat (ms,95%): 38.25 err/s: 0.00 reconn/s: 0.00
SQL statistics:
    queries performed:
        read:                            1885
        write:                           0
        other:                           0
        total:                           1885
    transactions:                        1885   (104.56 per sec.)
    queries:                             1885   (104.56 per sec.)
    ignored errors:                      0      (0.00 per sec.)
    reconnects:                          0      (0.00 per sec.)

General statistics:
    total time:                          18.0278s
    total number of events:              1885

Latency (ms):
         min:                                   29.17
         avg:                                   38.23
         max:                                   88.36
         95th percentile:                       38.94
         sum:                                72057.36

Threads fairness:
    events (avg/stddev):           471.2500/1.30
    execution time (avg/stddev):   18.0143/0.01

