sysbench 1.0.20 (using system LuaJIT 2.1.0-beta3)

Running the test with following options:
Number of threads: 1
Report intermediate results every 1 second(s)
Initializing random number generator from current time


Initializing worker threads...

Threads started!

[ 1s ] thds: 1 tps: 986.03 qps: 986.03 (r/w/o: 986.03/0.00/0.00) lat (ms,95%): 1.25 err/s: 0.00 reconn/s: 0.00
[ 2s ] thds: 1 tps: 1100.35 qps: 1100.35 (r/w/o: 1100.35/0.00/0.00) lat (ms,95%): 1.12 err/s: 0.00 reconn/s: 0.00
[ 3s ] thds: 1 tps: 1106.99 qps: 1106.99 (r/w/o: 1106.99/0.00/0.00) lat (ms,95%): 1.10 err/s: 0.00 reconn/s: 0.00
[ 4s ] thds: 1 tps: 1035.03 qps: 1035.03 (r/w/o: 1035.03/0.00/0.00) lat (ms,95%): 1.21 err/s: 0.00 reconn/s: 0.00
[ 5s ] thds: 1 tps: 1114.97 qps: 1114.97 (r/w/o: 1114.97/0.00/0.00) lat (ms,95%): 1.10 err/s: 0.00 reconn/s: 0.00
[ 6s ] thds: 1 tps: 1102.03 qps: 1102.03 (r/w/o: 1102.03/0.00/0.00) lat (ms,95%): 1.21 err/s: 0.00 reconn/s: 0.00
[ 7s ] thds: 1 tps: 1100.97 qps: 1100.97 (r/w/o: 1100.97/0.00/0.00) lat (ms,95%): 1.12 err/s: 0.00 reconn/s: 0.00
[ 8s ] thds: 1 tps: 1079.00 qps: 1079.00 (r/w/o: 1079.00/0.00/0.00) lat (ms,95%): 1.14 err/s: 0.00 reconn/s: 0.00
SQL statistics:
    queries performed:
        read:                            8627
        write:                           0
        other:                           0
        total:                           8627
    transactions:                        8627   (1078.13 per sec.)
    queries:                             8627   (1078.13 per sec.)
    ignored errors:                      0      (0.00 per sec.)
    reconnects:                          0      (0.00 per sec.)

General statistics:
    total time:                          8.0014s
    total number of events:              8627

Latency (ms):
         min:                                    0.70
         avg:                                    0.93
         max:                                    9.94
         95th percentile:                        1.16
         sum:                                 7988.18

Threads fairness:
    events (avg/stddev):           8627.0000/0.00
    execution time (avg/stddev):   7.9882/0.00

