sysbench 1.0.20 (using system LuaJIT 2.1.0-beta3)

Running the test with following options:
Number of threads: 1
Report intermediate results every 1 second(s)
Initializing random number generator from current time


Initializing worker threads...

Threads started!

[ 1s ] thds: 1 tps: 3.00 qps: 892.14 (r/w/o: 0.00/883.14/8.99) lat (ms,95%): 314.45 err/s: 0.00 reconn/s: 0.00
[ 2s ] thds: 1 tps: 4.00 qps: 940.46 (r/w/o: 0.00/932.46/8.00) lat (ms,95%): 314.45 err/s: 0.00 reconn/s: 0.00
[ 3s ] thds: 1 tps: 3.00 qps: 907.03 (r/w/o: 0.00/901.03/6.00) lat (ms,95%): 308.84 err/s: 0.00 reconn/s: 0.00
[ 4s ] thds: 1 tps: 4.00 qps: 971.94 (r/w/o: 0.00/963.94/8.00) lat (ms,95%): 282.25 err/s: 0.00 reconn/s: 0.00
[ 5s ] thds: 1 tps: 4.00 qps: 1010.02 (r/w/o: 0.00/1002.02/8.00) lat (ms,95%): 262.64 err/s: 0.00 reconn/s: 0.00
[ 6s ] thds: 1 tps: 4.00 qps: 969.99 (r/w/o: 0.00/961.99/8.00) lat (ms,95%): 272.27 err/s: 0.00 reconn/s: 0.00
[ 7s ] thds: 1 tps: 3.00 qps: 982.05 (r/w/o: 0.00/976.05/6.00) lat (ms,95%): 267.41 err/s: 0.00 reconn/s: 0.00
[ 8s ] thds: 1 tps: 4.00 qps: 980.97 (r/w/o: 0.00/972.97/8.00) lat (ms,95%): 277.21 err/s: 0.00 reconn/s: 0.00
SQL statistics:
    queries performed:
        read:                            0
        write:                           7649
        other:                           61
        total:                           7710
    transactions:                        30     (3.72 per sec.)
    queries:                             7710   (957.15 per sec.)
    ignored errors:                      0      (0.00 per sec.)
    reconnects:                          0      (0.00 per sec.)

General statistics:
    total time:                          8.0547s
    total number of events:              30

Latency (ms):
         min:                                  242.61
         avg:                                  268.47
         max:                                  315.71
         95th percentile:                      314.45
         sum:                                 8054.02

Threads fairness:
    events (avg/stddev):           30.0000/0.00
    execution time (avg/stddev):   8.0540/0.00

