sysbench 1.0.20 (using system LuaJIT 2.1.0-beta3)

Running the test with following options:
Number of threads: 1
Report intermediate results every 1 second(s)
Initializing random number generator from current time


Initializing worker threads...

Threads started!

[ 1s ] thds: 1 tps: 975.31 qps: 2926.94 (r/w/o: 2926.94/0.00/0.00) lat (ms,95%): 1.08 err/s: 0.00 reconn/s: 0.00
[ 2s ] thds: 1 tps: 989.24 qps: 2967.72 (r/w/o: 2967.72/0.00/0.00) lat (ms,95%): 1.08 err/s: 0.00 reconn/s: 0.00
[ 3s ] thds: 1 tps: 929.92 qps: 2789.76 (r/w/o: 2789.76/0.00/0.00) lat (ms,95%): 1.30 err/s: 0.00 reconn/s: 0.00
[ 4s ] thds: 1 tps: 996.08 qps: 2987.25 (r/w/o: 2987.25/0.00/0.00) lat (ms,95%): 1.06 err/s: 0.00 reconn/s: 0.00
[ 5s ] thds: 1 tps: 993.00 qps: 2981.01 (r/w/o: 2981.01/0.00/0.00) lat (ms,95%): 1.08 err/s: 0.00 reconn/s: 0.00
[ 6s ] thds: 1 tps: 977.91 qps: 2931.72 (r/w/o: 2931.72/0.00/0.00) lat (ms,95%): 1.10 err/s: 0.00 reconn/s: 0.00
[ 7s ] thds: 1 tps: 994.05 qps: 2983.14 (r/w/o: 2983.14/0.00/0.00) lat (ms,95%): 1.06 err/s: 0.00 reconn/s: 0.00
[ 8s ] thds: 1 tps: 990.04 qps: 2969.12 (r/w/o: 2969.12/0.00/0.00) lat (ms,95%): 1.08 err/s: 0.00 reconn/s: 0.00
SQL statistics:
    queries performed:
        read:                            23541
        write:                           0
        other:                           0
        total:                           23541
    transactions:                        7847   (980.66 per sec.)
    queries:                             23541  (2941.99 per sec.)
    ignored errors:                      0      (0.00 per sec.)
    reconnects:                          0      (0.00 per sec.)

General statistics:
    total time:                          8.0014s
    total number of events:              7847

Latency (ms):
         min:                                    0.92
         avg:                                    1.02
         max:                                    8.61
         95th percentile:                        1.08
         sum:                                 7992.40

Threads fairness:
    events (avg/stddev):           7847.0000/0.00
    execution time (avg/stddev):   7.9924/0.00

