sysbench 1.0.20 (using system LuaJIT 2.1.0-beta3)

Running the test with following options:
Number of threads: 4
Report intermediate results every 2 second(s)
Initializing random number generator from current time


Initializing worker threads...

Threads started!

[ 2s ] thds: 4 tps: 119.94 qps: 119.94 (r/w/o: 119.94/0.00/0.00) lat (ms,95%): 36.89 err/s: 0.00 reconn/s: 0.00
[ 4s ] thds: 4 tps: 125.02 qps: 125.02 (r/w/o: 125.02/0.00/0.00) lat (ms,95%): 32.53 err/s: 0.00 reconn/s: 0.00
[ 6s ] thds: 4 tps: 123.00 qps: 123.00 (r/w/o: 123.00/0.00/0.00) lat (ms,95%): 34.95 err/s: 0.00 reconn/s: 0.00
[ 8s ] thds: 4 tps: 125.00 qps: 125.00 (r/w/o: 125.00/0.00/0.00) lat (ms,95%): 33.12 err/s: 0.00 reconn/s: 0.00
[ 10s ] thds: 4 tps: 124.00 qps: 124.00 (r/w/o: 124.00/0.00/0.00) lat (ms,95%): 32.53 err/s: 0.00 reconn/s: 0.00
[ 12s ] thds: 4 tps: 125.00 qps: 125.00 (r/w/o: 125.00/0.00/0.00) lat (ms,95%): 32.53 err/s: 0.00 reconn/s: 0.00
[ 14s ] thds: 4 tps: 125.00 qps: 125.00 (r/w/o: 125.00/0.00/0.00) lat (ms,95%): 32.53 err/s: 0.00 reconn/s: 0.00
[ 16s ] thds: 4 tps: 123.00 qps: 123.00 (r/w/o: 123.00/0.00/0.00) lat (ms,95%): 32.53 err/s: 0.00 reconn/s: 0.00
[ 18s ] thds: 4 tps: 125.00 qps: 125.00 (r/w/o: 125.00/0.00/0.00) lat (ms,95%): 32.53 err/s: 0.00 reconn/s: 0.00
SQL statistics:
    queries performed:
        read:                            2233
        write:                           0
        other:                           0
        total:                           2233
    transactions:                        2233   (123.92 per sec.)
    queries:                             2233   (123.92 per sec.)
    ignored errors:                      0      (0.00 per sec.)
    reconnects:                          0      (0.00 per sec.)

General statistics:
    total time:                          18.0190s
    total number of events:              2233

Latency (ms):
         min:                                   26.00
         avg:                                   32.26
         max:                                   63.45
         95th percentile:                       32.53
         sum:                                72029.20

Threads fairness:
    events (avg/stddev):           558.2500/0.83
    execution time (avg/stddev):   18.0073/0.01

