sysbench 1.0.20 (using system LuaJIT 2.1.0-beta3)

Running the test with following options:
Number of threads: 4
Report intermediate results every 2 second(s)
Initializing random number generator from current time


Initializing worker threads...

Threads started!

[ 2s ] thds: 4 tps: 0.00 qps: 3320.19 (r/w/o: 0.00/828.05/2492.14) lat (ms,95%): 0.00 err/s: 0.00 reconn/s: 0.00
[ 4s ] thds: 4 tps: 0.00 qps: 3224.41 (r/w/o: 0.00/806.23/2418.18) lat (ms,95%): 0.00 err/s: 0.00 reconn/s: 0.00
[ 6s ] thds: 4 tps: 0.00 qps: 3260.51 (r/w/o: 0.00/815.00/2445.51) lat (ms,95%): 0.00 err/s: 0.00 reconn/s: 0.00
[ 8s ] thds: 4 tps: 0.00 qps: 3273.93 (r/w/o: 0.00/818.48/2455.45) lat (ms,95%): 0.00 err/s: 0.00 reconn/s: 0.00
[ 10s ] thds: 4 tps: 0.00 qps: 3295.56 (r/w/o: 0.00/824.01/2471.54) lat (ms,95%): 0.00 err/s: 0.00 reconn/s: 0.00
[ 12s ] thds: 4 tps: 0.00 qps: 3408.51 (r/w/o: 0.00/852.00/2556.51) lat (ms,95%): 0.00 err/s: 0.00 reconn/s: 0.00
[ 14s ] thds: 4 tps: 0.00 qps: 3293.92 (r/w/o: 0.00/823.48/2470.44) lat (ms,95%): 0.00 err/s: 0.00 reconn/s: 0.00
[ 16s ] thds: 4 tps: 0.00 qps: 3248.09 (r/w/o: 0.00/812.02/2436.07) lat (ms,95%): 0.00 err/s: 0.00 reconn/s: 0.00
[ 18s ] thds: 4 tps: 0.00 qps: 3324.04 (r/w/o: 0.00/831.01/2493.03) lat (ms,95%): 0.00 err/s: 0.00 reconn/s: 0.00
[ 20s ] thds: 4 tps: 0.00 qps: 3715.93 (r/w/o: 0.00/928.98/2786.95) lat (ms,95%): 0.00 err/s: 0.00 reconn/s: 0.00
[ 22s ] thds: 4 tps: 0.00 qps: 3570.09 (r/w/o: 0.00/892.52/2677.57) lat (ms,95%): 0.00 err/s: 0.00 reconn/s: 0.00
[ 24s ] thds: 4 tps: 0.00 qps: 3559.83 (r/w/o: 0.00/889.96/2669.87) lat (ms,95%): 0.00 err/s: 0.00 reconn/s: 0.00
SQL statistics:
    queries performed:
        read:                            0
        write:                           22000
        other:                           66016
        total:                           88016
    transactions:                        4      (0.15 per sec.)
    queries:                             88016  (3396.34 per sec.)
    ignored errors:                      0      (0.00 per sec.)
    reconnects:                          0      (0.00 per sec.)

General statistics:
    total time:                          25.9146s
    total number of events:              4

Latency (ms):
         min:                                25913.72
         avg:                                25913.74
         max:                                25913.76
         95th percentile:                    25911.33
         sum:                               103654.96

Threads fairness:
    events (avg/stddev):           1.0000/0.00
    execution time (avg/stddev):   25.9137/0.00

