sysbench 1.0.20 (using system LuaJIT 2.1.0-beta3)

Running the test with following options:
Number of threads: 4
Report intermediate results every 2 second(s)
Initializing random number generator from current time


Initializing worker threads...

Threads started!

[ 2s ] thds: 4 tps: 1685.24 qps: 5059.23 (r/w/o: 5059.23/0.00/0.00) lat (ms,95%): 2.91 err/s: 0.00 reconn/s: 0.00
[ 4s ] thds: 4 tps: 1695.76 qps: 5086.29 (r/w/o: 5086.29/0.00/0.00) lat (ms,95%): 2.91 err/s: 0.00 reconn/s: 0.00
[ 6s ] thds: 4 tps: 1672.02 qps: 5017.06 (r/w/o: 5017.06/0.00/0.00) lat (ms,95%): 3.13 err/s: 0.00 reconn/s: 0.00
[ 8s ] thds: 4 tps: 1703.49 qps: 5109.98 (r/w/o: 5109.98/0.00/0.00) lat (ms,95%): 2.91 err/s: 0.00 reconn/s: 0.00
[ 10s ] thds: 4 tps: 1705.00 qps: 5114.49 (r/w/o: 5114.49/0.00/0.00) lat (ms,95%): 2.86 err/s: 0.00 reconn/s: 0.00
[ 12s ] thds: 4 tps: 1699.51 qps: 5097.54 (r/w/o: 5097.54/0.00/0.00) lat (ms,95%): 2.91 err/s: 0.00 reconn/s: 0.00
[ 14s ] thds: 4 tps: 1678.49 qps: 5035.46 (r/w/o: 5035.46/0.00/0.00) lat (ms,95%): 3.02 err/s: 0.00 reconn/s: 0.00
[ 16s ] thds: 4 tps: 1631.01 qps: 4892.53 (r/w/o: 4892.53/0.00/0.00) lat (ms,95%): 3.36 err/s: 0.00 reconn/s: 0.00
[ 18s ] thds: 4 tps: 1704.49 qps: 5115.96 (r/w/o: 5115.96/0.00/0.00) lat (ms,95%): 2.86 err/s: 0.00 reconn/s: 0.00
SQL statistics:
    queries performed:
        read:                            91065
        write:                           0
        other:                           0
        total:                           91065
    transactions:                        30355  (1686.18 per sec.)
    queries:                             91065  (5058.53 per sec.)
    ignored errors:                      0      (0.00 per sec.)
    reconnects:                          0      (0.00 per sec.)

General statistics:
    total time:                          18.0019s
    total number of events:              30355

Latency (ms):
         min:                                    1.30
         avg:                                    2.37
         max:                                   18.58
         95th percentile:                        2.97
         sum:                                71964.72

Threads fairness:
    events (avg/stddev):           7588.7500/30.75
    execution time (avg/stddev):   17.9912/0.00

