sysbench 1.0.20 (using system LuaJIT 2.1.0-beta3)

Running the test with following options:
Number of threads: 1
Report intermediate results every 1 second(s)
Initializing random number generator from current time


Initializing worker threads...

Threads started!

[ 1s ] thds: 1 tps: 255.79 qps: 255.79 (r/w/o: 255.79/0.00/0.00) lat (ms,95%): 4.25 err/s: 0.00 reconn/s: 0.00
[ 2s ] thds: 1 tps: 258.08 qps: 258.08 (r/w/o: 258.08/0.00/0.00) lat (ms,95%): 4.25 err/s: 0.00 reconn/s: 0.00
[ 3s ] thds: 1 tps: 259.00 qps: 259.00 (r/w/o: 259.00/0.00/0.00) lat (ms,95%): 4.25 err/s: 0.00 reconn/s: 0.00
[ 4s ] thds: 1 tps: 260.00 qps: 260.00 (r/w/o: 260.00/0.00/0.00) lat (ms,95%): 4.25 err/s: 0.00 reconn/s: 0.00
[ 5s ] thds: 1 tps: 259.00 qps: 259.00 (r/w/o: 259.00/0.00/0.00) lat (ms,95%): 4.25 err/s: 0.00 reconn/s: 0.00
[ 6s ] thds: 1 tps: 255.99 qps: 255.99 (r/w/o: 255.99/0.00/0.00) lat (ms,95%): 4.25 err/s: 0.00 reconn/s: 0.00
[ 7s ] thds: 1 tps: 258.01 qps: 258.01 (r/w/o: 258.01/0.00/0.00) lat (ms,95%): 4.25 err/s: 0.00 reconn/s: 0.00
[ 8s ] thds: 1 tps: 256.00 qps: 256.00 (r/w/o: 256.00/0.00/0.00) lat (ms,95%): 4.25 err/s: 0.00 reconn/s: 0.00
SQL statistics:
    queries performed:
        read:                            2063
        write:                           0
        other:                           0
        total:                           2063
    transactions:                        2063   (257.81 per sec.)
    queries:                             2063   (257.81 per sec.)
    ignored errors:                      0      (0.00 per sec.)
    reconnects:                          0      (0.00 per sec.)

General statistics:
    total time:                          8.0016s
    total number of events:              2063

Latency (ms):
         min:                                    3.13
         avg:                                    3.88
         max:                                   11.84
         95th percentile:                        4.25
         sum:                                 7997.95

Threads fairness:
    events (avg/stddev):           2063.0000/0.00
    execution time (avg/stddev):   7.9980/0.00

