sysbench 1.0.20 (using system LuaJIT 2.1.0-beta3)

Running the test with following options:
Number of threads: 4
Report intermediate results every 3 second(s)
Initializing random number generator from current time


Initializing worker threads...

Threads started!

[ 3s ] thds: 4 tps: 356.23 qps: 1070.36 (r/w/o: 1070.36/0.00/0.00) lat (ms,95%): 12.52 err/s: 0.00 reconn/s: 0.00
[ 6s ] thds: 4 tps: 358.37 qps: 1074.45 (r/w/o: 1074.45/0.00/0.00) lat (ms,95%): 12.30 err/s: 0.00 reconn/s: 0.00
[ 9s ] thds: 4 tps: 360.00 qps: 1080.67 (r/w/o: 1080.67/0.00/0.00) lat (ms,95%): 12.08 err/s: 0.00 reconn/s: 0.00
[ 12s ] thds: 4 tps: 360.34 qps: 1080.68 (r/w/o: 1080.68/0.00/0.00) lat (ms,95%): 12.08 err/s: 0.00 reconn/s: 0.00
[ 15s ] thds: 4 tps: 360.00 qps: 1080.32 (r/w/o: 1080.32/0.00/0.00) lat (ms,95%): 12.08 err/s: 0.00 reconn/s: 0.00
[ 18s ] thds: 4 tps: 360.33 qps: 1080.00 (r/w/o: 1080.00/0.00/0.00) lat (ms,95%): 12.08 err/s: 0.00 reconn/s: 0.00
[ 21s ] thds: 4 tps: 358.33 qps: 1076.00 (r/w/o: 1076.00/0.00/0.00) lat (ms,95%): 12.30 err/s: 0.00 reconn/s: 0.00
[ 24s ] thds: 4 tps: 360.33 qps: 1080.98 (r/w/o: 1080.98/0.00/0.00) lat (ms,95%): 12.08 err/s: 0.00 reconn/s: 0.00
[ 27s ] thds: 4 tps: 360.32 qps: 1080.97 (r/w/o: 1080.97/0.00/0.00) lat (ms,95%): 12.30 err/s: 0.00 reconn/s: 0.00
[ 30s ] thds: 4 tps: 360.02 qps: 1079.39 (r/w/o: 1079.39/0.00/0.00) lat (ms,95%): 12.08 err/s: 0.00 reconn/s: 0.00
[ 33s ] thds: 4 tps: 360.64 qps: 1081.92 (r/w/o: 1081.92/0.00/0.00) lat (ms,95%): 12.08 err/s: 0.00 reconn/s: 0.00
[ 36s ] thds: 4 tps: 360.37 qps: 1081.10 (r/w/o: 1081.10/0.00/0.00) lat (ms,95%): 12.08 err/s: 0.00 reconn/s: 0.00
[ 39s ] thds: 4 tps: 359.99 qps: 1080.31 (r/w/o: 1080.31/0.00/0.00) lat (ms,95%): 12.08 err/s: 0.00 reconn/s: 0.00
[ 42s ] thds: 4 tps: 359.67 qps: 1079.00 (r/w/o: 1079.00/0.00/0.00) lat (ms,95%): 12.08 err/s: 0.00 reconn/s: 0.00
[ 45s ] thds: 4 tps: 358.33 qps: 1074.99 (r/w/o: 1074.99/0.00/0.00) lat (ms,95%): 12.52 err/s: 0.00 reconn/s: 0.00
[ 48s ] thds: 4 tps: 359.34 qps: 1078.01 (r/w/o: 1078.01/0.00/0.00) lat (ms,95%): 12.30 err/s: 0.00 reconn/s: 0.00
[ 51s ] thds: 4 tps: 358.67 qps: 1076.00 (r/w/o: 1076.00/0.00/0.00) lat (ms,95%): 12.30 err/s: 0.00 reconn/s: 0.00
[ 54s ] thds: 4 tps: 356.33 qps: 1070.00 (r/w/o: 1070.00/0.00/0.00) lat (ms,95%): 12.52 err/s: 0.00 reconn/s: 0.00
[ 57s ] thds: 4 tps: 360.33 qps: 1080.34 (r/w/o: 1080.34/0.00/0.00) lat (ms,95%): 12.08 err/s: 0.00 reconn/s: 0.00
[ 60s ] thds: 4 tps: 358.99 qps: 1076.31 (r/w/o: 1076.31/0.00/0.00) lat (ms,95%): 12.30 err/s: 0.00 reconn/s: 0.00
SQL statistics:
    queries performed:
        read:                            64695
        write:                           0
        other:                           0
        total:                           64695
    transactions:                        21565  (359.36 per sec.)
    queries:                             64695  (1078.09 per sec.)
    ignored errors:                      0      (0.00 per sec.)
    reconnects:                          0      (0.00 per sec.)

General statistics:
    total time:                          60.0087s
    total number of events:              21565

Latency (ms):
         min:                                    6.58
         avg:                                   11.13
         max:                                   35.65
         95th percentile:                       12.30
         sum:                               239985.07

Threads fairness:
    events (avg/stddev):           5391.2500/14.70
    execution time (avg/stddev):   59.9963/0.00

