sysbench 1.0.20 (using system LuaJIT 2.1.0-beta3)

Running the test with following options:
Number of threads: 4
Report intermediate results every 3 second(s)
Initializing random number generator from current time


Initializing worker threads...

Threads started!

[ 3s ] thds: 4 tps: 0.00 qps: 3202.80 (r/w/o: 0.00/799.70/2403.10) lat (ms,95%): 0.00 err/s: 0.00 reconn/s: 0.00
[ 6s ] thds: 4 tps: 1.33 qps: 3172.58 (r/w/o: 0.00/797.48/2375.10) lat (ms,95%): 5033.35 err/s: 1.67 reconn/s: 0.00
[ 9s ] thds: 4 tps: 0.00 qps: 3374.76 (r/w/o: 0.00/843.69/2531.07) lat (ms,95%): 0.00 err/s: 0.00 reconn/s: 0.00
[ 12s ] thds: 4 tps: 1.33 qps: 3442.55 (r/w/o: 0.00/871.30/2571.25) lat (ms,95%): 4768.67 err/s: 2.33 reconn/s: 0.00
[ 15s ] thds: 4 tps: 1.33 qps: 3374.00 (r/w/o: 0.00/862.67/2511.33) lat (ms,95%): 4683.57 err/s: 4.00 reconn/s: 0.00
[ 18s ] thds: 4 tps: 0.00 qps: 3366.68 (r/w/o: 0.00/841.67/2525.01) lat (ms,95%): 0.00 err/s: 0.00 reconn/s: 0.00
[ 21s ] thds: 4 tps: 1.33 qps: 3272.08 (r/w/o: 0.00/853.69/2418.39) lat (ms,95%): 4855.31 err/s: 5.00 reconn/s: 0.00
[ 24s ] thds: 4 tps: 0.00 qps: 3246.66 (r/w/o: 0.00/811.67/2435.00) lat (ms,95%): 0.00 err/s: 0.00 reconn/s: 0.00
[ 27s ] thds: 4 tps: 1.33 qps: 3161.90 (r/w/o: 0.00/792.31/2369.59) lat (ms,95%): 5033.35 err/s: 1.00 reconn/s: 0.00
[ 30s ] thds: 4 tps: 1.33 qps: 3223.74 (r/w/o: 0.00/822.02/2401.72) lat (ms,95%): 5033.35 err/s: 3.67 reconn/s: 0.00
[ 33s ] thds: 4 tps: 0.00 qps: 3315.29 (r/w/o: 0.00/828.99/2486.30) lat (ms,95%): 0.00 err/s: 0.00 reconn/s: 0.00
[ 36s ] thds: 4 tps: 1.33 qps: 3948.00 (r/w/o: 0.00/989.33/2958.67) lat (ms,95%): 4768.67 err/s: 1.33 reconn/s: 0.00
[ 39s ] thds: 4 tps: 1.33 qps: 3886.03 (r/w/o: 0.00/992.67/2893.36) lat (ms,95%): 3911.79 err/s: 4.00 reconn/s: 0.00
[ 42s ] thds: 4 tps: 0.00 qps: 3406.59 (r/w/o: 0.00/851.65/2554.94) lat (ms,95%): 0.00 err/s: 0.00 reconn/s: 0.00
[ 45s ] thds: 4 tps: 1.33 qps: 3617.76 (r/w/o: 0.00/921.02/2696.74) lat (ms,95%): 4683.57 err/s: 3.67 reconn/s: 0.00
[ 48s ] thds: 4 tps: 1.33 qps: 3546.06 (r/w/o: 0.00/918.01/2628.04) lat (ms,95%): 4437.27 err/s: 5.00 reconn/s: 0.00
[ 51s ] thds: 4 tps: 0.00 qps: 3264.01 (r/w/o: 0.00/816.00/2448.00) lat (ms,95%): 0.00 err/s: 0.00 reconn/s: 0.00
[ 54s ] thds: 4 tps: 1.33 qps: 3295.35 (r/w/o: 0.00/826.00/2469.35) lat (ms,95%): 4943.53 err/s: 1.33 reconn/s: 0.00
[ 57s ] thds: 4 tps: 0.00 qps: 3303.98 (r/w/o: 0.00/826.00/2477.99) lat (ms,95%): 0.00 err/s: 0.00 reconn/s: 0.00
[ 60s ] thds: 4 tps: 1.33 qps: 3256.56 (r/w/o: 0.00/834.30/2422.25) lat (ms,95%): 4855.31 err/s: 4.00 reconn/s: 0.00
SQL statistics:
    queries performed:
        read:                            0
        write:                           52920
        other:                           156590
        total:                           209510
    transactions:                        52     (0.84 per sec.)
    queries:                             209510 (3383.48 per sec.)
    ignored errors:                      111    (1.79 per sec.)
    reconnects:                          0      (0.00 per sec.)

General statistics:
    total time:                          61.9211s
    total number of events:              52

Latency (ms):
         min:                                 3942.09
         avg:                                 4763.08
         max:                                 5032.60
         95th percentile:                     5033.35
         sum:                               247680.26

Threads fairness:
    events (avg/stddev):           13.0000/0.00
    execution time (avg/stddev):   61.9201/0.00

