sysbench 1.0.20 (using system LuaJIT 2.1.0-beta3)

Running the test with following options:
Number of threads: 4
Report intermediate results every 2 second(s)
Initializing random number generator from current time


Initializing worker threads...

Threads started!

[ 2s ] thds: 4 tps: 470.85 qps: 470.85 (r/w/o: 470.85/0.00/0.00) lat (ms,95%): 11.24 err/s: 0.00 reconn/s: 0.00
[ 4s ] thds: 4 tps: 472.02 qps: 472.02 (r/w/o: 472.02/0.00/0.00) lat (ms,95%): 11.87 err/s: 0.00 reconn/s: 0.00
[ 6s ] thds: 4 tps: 473.50 qps: 473.50 (r/w/o: 473.50/0.00/0.00) lat (ms,95%): 12.30 err/s: 0.00 reconn/s: 0.00
[ 8s ] thds: 4 tps: 474.00 qps: 474.00 (r/w/o: 474.00/0.00/0.00) lat (ms,95%): 11.45 err/s: 0.00 reconn/s: 0.00
[ 10s ] thds: 4 tps: 471.98 qps: 472.48 (r/w/o: 472.48/0.00/0.00) lat (ms,95%): 11.87 err/s: 0.00 reconn/s: 0.00
[ 12s ] thds: 4 tps: 474.00 qps: 473.50 (r/w/o: 473.50/0.00/0.00) lat (ms,95%): 11.45 err/s: 0.00 reconn/s: 0.00
[ 14s ] thds: 4 tps: 470.52 qps: 470.52 (r/w/o: 470.52/0.00/0.00) lat (ms,95%): 12.30 err/s: 0.00 reconn/s: 0.00
[ 16s ] thds: 4 tps: 465.50 qps: 465.50 (r/w/o: 465.50/0.00/0.00) lat (ms,95%): 11.87 err/s: 0.00 reconn/s: 0.00
[ 18s ] thds: 4 tps: 473.50 qps: 473.50 (r/w/o: 473.50/0.00/0.00) lat (ms,95%): 11.87 err/s: 0.00 reconn/s: 0.00
SQL statistics:
    queries performed:
        read:                            8496
        write:                           0
        other:                           0
        total:                           8496
    transactions:                        8496   (471.84 per sec.)
    queries:                             8496   (471.84 per sec.)
    ignored errors:                      0      (0.00 per sec.)
    reconnects:                          0      (0.00 per sec.)

General statistics:
    total time:                          18.0059s
    total number of events:              8496

Latency (ms):
         min:                                    3.47
         avg:                                    8.47
         max:                                   31.16
         95th percentile:                       11.87
         sum:                                71997.17

Threads fairness:
    events (avg/stddev):           2124.0000/25.71
    execution time (avg/stddev):   17.9993/0.00

