sysbench 1.0.20 (using system LuaJIT 2.1.0-beta3)

Running the test with following options:
Number of threads: 4
Report intermediate results every 2 second(s)
Initializing random number generator from current time


Initializing worker threads...

Threads started!

[ 2s ] thds: 4 tps: 5385.12 qps: 5385.12 (r/w/o: 5385.12/0.00/0.00) lat (ms,95%): 1.01 err/s: 0.00 reconn/s: 0.00
[ 4s ] thds: 4 tps: 5451.94 qps: 5451.94 (r/w/o: 5451.94/0.00/0.00) lat (ms,95%): 0.97 err/s: 0.00 reconn/s: 0.00
[ 6s ] thds: 4 tps: 5461.49 qps: 5461.49 (r/w/o: 5461.49/0.00/0.00) lat (ms,95%): 0.99 err/s: 0.00 reconn/s: 0.00
[ 8s ] thds: 4 tps: 5473.99 qps: 5473.99 (r/w/o: 5473.99/0.00/0.00) lat (ms,95%): 0.99 err/s: 0.00 reconn/s: 0.00
[ 10s ] thds: 4 tps: 5395.99 qps: 5395.99 (r/w/o: 5395.99/0.00/0.00) lat (ms,95%): 1.01 err/s: 0.00 reconn/s: 0.00
[ 12s ] thds: 4 tps: 5357.00 qps: 5357.00 (r/w/o: 5357.00/0.00/0.00) lat (ms,95%): 1.03 err/s: 0.00 reconn/s: 0.00
[ 14s ] thds: 4 tps: 5465.02 qps: 5465.02 (r/w/o: 5465.02/0.00/0.00) lat (ms,95%): 0.99 err/s: 0.00 reconn/s: 0.00
[ 16s ] thds: 4 tps: 5456.49 qps: 5456.49 (r/w/o: 5456.49/0.00/0.00) lat (ms,95%): 0.97 err/s: 0.00 reconn/s: 0.00
[ 18s ] thds: 4 tps: 5471.99 qps: 5471.99 (r/w/o: 5471.99/0.00/0.00) lat (ms,95%): 0.97 err/s: 0.00 reconn/s: 0.00
SQL statistics:
    queries performed:
        read:                            97845
        write:                           0
        other:                           0
        total:                           97845
    transactions:                        97845  (5435.26 per sec.)
    queries:                             97845  (5435.26 per sec.)
    ignored errors:                      0      (0.00 per sec.)
    reconnects:                          0      (0.00 per sec.)

General statistics:
    total time:                          18.0015s
    total number of events:              97845

Latency (ms):
         min:                                    0.39
         avg:                                    0.73
         max:                                   19.12
         95th percentile:                        0.99
         sum:                                71874.18

Threads fairness:
    events (avg/stddev):           24461.2500/83.10
    execution time (avg/stddev):   17.9685/0.00

