sysbench 1.0.20 (using system LuaJIT 2.1.0-beta3)

Running the test with following options:
Number of threads: 4
Report intermediate results every 2 second(s)
Initializing random number generator from current time


Initializing worker threads...

Threads started!

[ 2s ] thds: 4 tps: 10464.56 qps: 10464.56 (r/w/o: 10464.56/0.00/0.00) lat (ms,95%): 0.54 err/s: 0.00 reconn/s: 0.00
[ 4s ] thds: 4 tps: 10495.80 qps: 10495.80 (r/w/o: 10495.80/0.00/0.00) lat (ms,95%): 0.54 err/s: 0.00 reconn/s: 0.00
[ 6s ] thds: 4 tps: 10594.48 qps: 10594.48 (r/w/o: 10594.48/0.00/0.00) lat (ms,95%): 0.53 err/s: 0.00 reconn/s: 0.00
[ 8s ] thds: 4 tps: 10800.04 qps: 10800.04 (r/w/o: 10800.04/0.00/0.00) lat (ms,95%): 0.51 err/s: 0.00 reconn/s: 0.00
[ 10s ] thds: 4 tps: 10566.02 qps: 10566.02 (r/w/o: 10566.02/0.00/0.00) lat (ms,95%): 0.54 err/s: 0.00 reconn/s: 0.00
[ 12s ] thds: 4 tps: 10566.02 qps: 10566.02 (r/w/o: 10566.02/0.00/0.00) lat (ms,95%): 0.53 err/s: 0.00 reconn/s: 0.00
[ 14s ] thds: 4 tps: 10645.47 qps: 10645.47 (r/w/o: 10645.47/0.00/0.00) lat (ms,95%): 0.53 err/s: 0.00 reconn/s: 0.00
[ 16s ] thds: 4 tps: 10507.96 qps: 10507.96 (r/w/o: 10507.96/0.00/0.00) lat (ms,95%): 0.54 err/s: 0.00 reconn/s: 0.00
[ 18s ] thds: 4 tps: 10572.37 qps: 10572.37 (r/w/o: 10572.37/0.00/0.00) lat (ms,95%): 0.53 err/s: 0.00 reconn/s: 0.00
SQL statistics:
    queries performed:
        read:                            190434
        write:                           0
        other:                           0
        total:                           190434
    transactions:                        190434 (10578.82 per sec.)
    queries:                             190434 (10578.82 per sec.)
    ignored errors:                      0      (0.00 per sec.)
    reconnects:                          0      (0.00 per sec.)

General statistics:
    total time:                          18.0011s
    total number of events:              190434

Latency (ms):
         min:                                    0.21
         avg:                                    0.38
         max:                                   18.47
         95th percentile:                        0.53
         sum:                                71788.25

Threads fairness:
    events (avg/stddev):           47608.5000/144.90
    execution time (avg/stddev):   17.9471/0.00

