sysbench 1.0.20 (using system LuaJIT 2.1.0-beta3)

Running the test with following options:
Number of threads: 4
Report intermediate results every 2 second(s)
Initializing random number generator from current time


Initializing worker threads...

Threads started!

[ 2s ] thds: 4 tps: 8060.84 qps: 8060.84 (r/w/o: 8060.84/0.00/0.00) lat (ms,95%): 0.67 err/s: 0.00 reconn/s: 0.00
[ 4s ] thds: 4 tps: 8137.37 qps: 8137.37 (r/w/o: 8137.37/0.00/0.00) lat (ms,95%): 0.68 err/s: 0.00 reconn/s: 0.00
[ 6s ] thds: 4 tps: 8156.60 qps: 8156.60 (r/w/o: 8156.60/0.00/0.00) lat (ms,95%): 0.68 err/s: 0.00 reconn/s: 0.00
[ 8s ] thds: 4 tps: 8060.44 qps: 8060.44 (r/w/o: 8060.44/0.00/0.00) lat (ms,95%): 0.70 err/s: 0.00 reconn/s: 0.00
[ 10s ] thds: 4 tps: 8164.80 qps: 8164.80 (r/w/o: 8164.80/0.00/0.00) lat (ms,95%): 0.67 err/s: 0.00 reconn/s: 0.00
[ 12s ] thds: 4 tps: 8174.74 qps: 8174.74 (r/w/o: 8174.74/0.00/0.00) lat (ms,95%): 0.68 err/s: 0.00 reconn/s: 0.00
[ 14s ] thds: 4 tps: 8150.94 qps: 8150.94 (r/w/o: 8150.94/0.00/0.00) lat (ms,95%): 0.67 err/s: 0.00 reconn/s: 0.00
[ 16s ] thds: 4 tps: 8145.45 qps: 8145.45 (r/w/o: 8145.45/0.00/0.00) lat (ms,95%): 0.68 err/s: 0.00 reconn/s: 0.00
[ 18s ] thds: 4 tps: 8103.50 qps: 8103.50 (r/w/o: 8103.50/0.00/0.00) lat (ms,95%): 0.68 err/s: 0.00 reconn/s: 0.00
SQL statistics:
    queries performed:
        read:                            146317
        write:                           0
        other:                           0
        total:                           146317
    transactions:                        146317 (8128.06 per sec.)
    queries:                             146317 (8128.06 per sec.)
    ignored errors:                      0      (0.00 per sec.)
    reconnects:                          0      (0.00 per sec.)

General statistics:
    total time:                          18.0011s
    total number of events:              146317

Latency (ms):
         min:                                    0.26
         avg:                                    0.49
         max:                                   19.34
         95th percentile:                        0.68
         sum:                                71829.83

Threads fairness:
    events (avg/stddev):           36579.2500/90.54
    execution time (avg/stddev):   17.9575/0.00

