sysbench 1.0.20 (using system LuaJIT 2.1.0-beta3)

Running the test with following options:
Number of threads: 4
Report intermediate results every 2 second(s)
Initializing random number generator from current time


Initializing worker threads...

Threads started!

[ 2s ] thds: 4 tps: 565.78 qps: 565.78 (r/w/o: 565.78/0.00/0.00) lat (ms,95%): 9.06 err/s: 0.00 reconn/s: 0.00
[ 4s ] thds: 4 tps: 572.07 qps: 572.07 (r/w/o: 572.07/0.00/0.00) lat (ms,95%): 8.74 err/s: 0.00 reconn/s: 0.00
[ 6s ] thds: 4 tps: 571.50 qps: 571.50 (r/w/o: 571.50/0.00/0.00) lat (ms,95%): 8.90 err/s: 0.00 reconn/s: 0.00
[ 8s ] thds: 4 tps: 566.97 qps: 566.97 (r/w/o: 566.97/0.00/0.00) lat (ms,95%): 8.90 err/s: 0.00 reconn/s: 0.00
[ 10s ] thds: 4 tps: 570.50 qps: 571.00 (r/w/o: 571.00/0.00/0.00) lat (ms,95%): 9.06 err/s: 0.00 reconn/s: 0.00
[ 12s ] thds: 4 tps: 572.01 qps: 571.51 (r/w/o: 571.51/0.00/0.00) lat (ms,95%): 8.90 err/s: 0.00 reconn/s: 0.00
[ 14s ] thds: 4 tps: 572.01 qps: 572.01 (r/w/o: 572.01/0.00/0.00) lat (ms,95%): 8.90 err/s: 0.00 reconn/s: 0.00
[ 16s ] thds: 4 tps: 571.50 qps: 571.50 (r/w/o: 571.50/0.00/0.00) lat (ms,95%): 8.90 err/s: 0.00 reconn/s: 0.00
[ 18s ] thds: 4 tps: 557.50 qps: 557.50 (r/w/o: 557.50/0.00/0.00) lat (ms,95%): 9.39 err/s: 0.00 reconn/s: 0.00
SQL statistics:
    queries performed:
        read:                            10244
        write:                           0
        other:                           0
        total:                           10244
    transactions:                        10244  (568.95 per sec.)
    queries:                             10244  (568.95 per sec.)
    ignored errors:                      0      (0.00 per sec.)
    reconnects:                          0      (0.00 per sec.)

General statistics:
    total time:                          18.0047s
    total number of events:              10244

Latency (ms):
         min:                                    3.08
         avg:                                    7.03
         max:                                   28.25
         95th percentile:                        8.90
         sum:                                71995.25

Threads fairness:
    events (avg/stddev):           2561.0000/25.42
    execution time (avg/stddev):   17.9988/0.00

