sysbench 1.0.20 (using system LuaJIT 2.1.0-beta3)

Running the test with following options:
Number of threads: 4
Report intermediate results every 2 second(s)
Initializing random number generator from current time


Initializing worker threads...

Threads started!

[ 2s ] thds: 4 tps: 2918.18 qps: 2918.18 (r/w/o: 2918.18/0.00/0.00) lat (ms,95%): 1.76 err/s: 0.00 reconn/s: 0.00
[ 4s ] thds: 4 tps: 2944.00 qps: 2944.00 (r/w/o: 2944.00/0.00/0.00) lat (ms,95%): 1.76 err/s: 0.00 reconn/s: 0.00
[ 6s ] thds: 4 tps: 2948.53 qps: 2948.53 (r/w/o: 2948.53/0.00/0.00) lat (ms,95%): 1.76 err/s: 0.00 reconn/s: 0.00
[ 8s ] thds: 4 tps: 2926.44 qps: 2926.44 (r/w/o: 2926.44/0.00/0.00) lat (ms,95%): 1.82 err/s: 0.00 reconn/s: 0.00
[ 10s ] thds: 4 tps: 2943.04 qps: 2943.04 (r/w/o: 2943.04/0.00/0.00) lat (ms,95%): 1.79 err/s: 0.00 reconn/s: 0.00
[ 12s ] thds: 4 tps: 2938.96 qps: 2938.96 (r/w/o: 2938.96/0.00/0.00) lat (ms,95%): 1.76 err/s: 0.00 reconn/s: 0.00
[ 14s ] thds: 4 tps: 2930.00 qps: 2930.00 (r/w/o: 2930.00/0.00/0.00) lat (ms,95%): 1.79 err/s: 0.00 reconn/s: 0.00
[ 16s ] thds: 4 tps: 2939.03 qps: 2939.03 (r/w/o: 2939.03/0.00/0.00) lat (ms,95%): 1.79 err/s: 0.00 reconn/s: 0.00
[ 18s ] thds: 4 tps: 2935.50 qps: 2935.50 (r/w/o: 2935.50/0.00/0.00) lat (ms,95%): 1.79 err/s: 0.00 reconn/s: 0.00
SQL statistics:
    queries performed:
        read:                            52853
        write:                           0
        other:                           0
        total:                           52853
    transactions:                        52853  (2935.90 per sec.)
    queries:                             52853  (2935.90 per sec.)
    ignored errors:                      0      (0.00 per sec.)
    reconnects:                          0      (0.00 per sec.)

General statistics:
    total time:                          18.0019s
    total number of events:              52853

Latency (ms):
         min:                                    0.66
         avg:                                    1.36
         max:                                   18.88
         95th percentile:                        1.79
         sum:                                71929.25

Threads fairness:
    events (avg/stddev):           13213.2500/77.48
    execution time (avg/stddev):   17.9823/0.00

