sysbench 1.0.20 (using system LuaJIT 2.1.0-beta3)

Running the test with following options:
Number of threads: 1
Report intermediate results every 1 second(s)
Initializing random number generator from current time


Initializing worker threads...

Threads started!

[ 1s ] thds: 1 tps: 4479.82 qps: 4479.82 (r/w/o: 4479.82/0.00/0.00) lat (ms,95%): 0.25 err/s: 0.00 reconn/s: 0.00
[ 2s ] thds: 1 tps: 4495.13 qps: 4495.13 (r/w/o: 4495.13/0.00/0.00) lat (ms,95%): 0.25 err/s: 0.00 reconn/s: 0.00
[ 3s ] thds: 1 tps: 4488.88 qps: 4488.88 (r/w/o: 4488.88/0.00/0.00) lat (ms,95%): 0.25 err/s: 0.00 reconn/s: 0.00
[ 4s ] thds: 1 tps: 4552.03 qps: 4552.03 (r/w/o: 4552.03/0.00/0.00) lat (ms,95%): 0.24 err/s: 0.00 reconn/s: 0.00
[ 5s ] thds: 1 tps: 4532.94 qps: 4532.94 (r/w/o: 4532.94/0.00/0.00) lat (ms,95%): 0.25 err/s: 0.00 reconn/s: 0.00
[ 6s ] thds: 1 tps: 4555.94 qps: 4555.94 (r/w/o: 4555.94/0.00/0.00) lat (ms,95%): 0.24 err/s: 0.00 reconn/s: 0.00
[ 7s ] thds: 1 tps: 4572.15 qps: 4572.15 (r/w/o: 4572.15/0.00/0.00) lat (ms,95%): 0.24 err/s: 0.00 reconn/s: 0.00
SQL statistics:
    queries performed:
        read:                            36171
        write:                           0
        other:                           0
        total:                           36171
    transactions:                        36171  (4520.77 per sec.)
    queries:                             36171  (4520.77 per sec.)
    ignored errors:                      0      (0.00 per sec.)
    reconnects:                          0      (0.00 per sec.)

General statistics:
    total time:                          8.0007s
    total number of events:              36171

Latency (ms):
         min:                                    0.19
         avg:                                    0.22
         max:                                    8.06
         95th percentile:                        0.25
         sum:                                 7968.10

Threads fairness:
    events (avg/stddev):           36171.0000/0.00
    execution time (avg/stddev):   7.9681/0.00

