sysbench 1.0.20 (using system LuaJIT 2.1.0-beta3)

Running the test with following options:
Number of threads: 4
Report intermediate results every 2 second(s)
Initializing random number generator from current time


Initializing worker threads...

Threads started!

[ 2s ] thds: 4 tps: 74.96 qps: 74.96 (r/w/o: 74.96/0.00/0.00) lat (ms,95%): 57.87 err/s: 0.00 reconn/s: 0.00
[ 4s ] thds: 4 tps: 78.52 qps: 78.52 (r/w/o: 78.52/0.00/0.00) lat (ms,95%): 53.85 err/s: 0.00 reconn/s: 0.00
[ 6s ] thds: 4 tps: 80.50 qps: 80.50 (r/w/o: 80.50/0.00/0.00) lat (ms,95%): 52.89 err/s: 0.00 reconn/s: 0.00
[ 8s ] thds: 4 tps: 78.00 qps: 78.00 (r/w/o: 78.00/0.00/0.00) lat (ms,95%): 54.83 err/s: 0.00 reconn/s: 0.00
[ 10s ] thds: 4 tps: 79.00 qps: 79.00 (r/w/o: 79.00/0.00/0.00) lat (ms,95%): 55.82 err/s: 0.00 reconn/s: 0.00
[ 12s ] thds: 4 tps: 83.00 qps: 83.00 (r/w/o: 83.00/0.00/0.00) lat (ms,95%): 49.21 err/s: 0.00 reconn/s: 0.00
[ 14s ] thds: 4 tps: 79.00 qps: 79.00 (r/w/o: 79.00/0.00/0.00) lat (ms,95%): 55.82 err/s: 0.00 reconn/s: 0.00
[ 16s ] thds: 4 tps: 81.00 qps: 81.00 (r/w/o: 81.00/0.00/0.00) lat (ms,95%): 51.02 err/s: 0.00 reconn/s: 0.00
[ 18s ] thds: 4 tps: 78.50 qps: 78.50 (r/w/o: 78.50/0.00/0.00) lat (ms,95%): 54.83 err/s: 0.00 reconn/s: 0.00
SQL statistics:
    queries performed:
        read:                            1429
        write:                           0
        other:                           0
        total:                           1429
    transactions:                        1429   (79.28 per sec.)
    queries:                             1429   (79.28 per sec.)
    ignored errors:                      0      (0.00 per sec.)
    reconnects:                          0      (0.00 per sec.)

General statistics:
    total time:                          18.0236s
    total number of events:              1429

Latency (ms):
         min:                                   44.40
         avg:                                   50.42
         max:                                   80.53
         95th percentile:                       55.82
         sum:                                72052.37

Threads fairness:
    events (avg/stddev):           357.2500/1.30
    execution time (avg/stddev):   18.0131/0.01

