sysbench 1.0.20 (using system LuaJIT 2.1.0-beta3)

Running the test with following options:
Number of threads: 4
Report intermediate results every 2 second(s)
Initializing random number generator from current time


Initializing worker threads...

Threads started!

[ 2s ] thds: 4 tps: 290.88 qps: 875.64 (r/w/o: 875.64/0.00/0.00) lat (ms,95%): 15.27 err/s: 0.00 reconn/s: 0.00
[ 4s ] thds: 4 tps: 294.04 qps: 881.13 (r/w/o: 881.13/0.00/0.00) lat (ms,95%): 15.00 err/s: 0.00 reconn/s: 0.00
[ 6s ] thds: 4 tps: 294.50 qps: 883.50 (r/w/o: 883.50/0.00/0.00) lat (ms,95%): 15.00 err/s: 0.00 reconn/s: 0.00
[ 8s ] thds: 4 tps: 294.50 qps: 882.99 (r/w/o: 882.99/0.00/0.00) lat (ms,95%): 14.73 err/s: 0.00 reconn/s: 0.00
[ 10s ] thds: 4 tps: 293.50 qps: 881.50 (r/w/o: 881.50/0.00/0.00) lat (ms,95%): 14.73 err/s: 0.00 reconn/s: 0.00
[ 12s ] thds: 4 tps: 294.50 qps: 884.00 (r/w/o: 884.00/0.00/0.00) lat (ms,95%): 14.46 err/s: 0.00 reconn/s: 0.00
[ 14s ] thds: 4 tps: 295.00 qps: 885.00 (r/w/o: 885.00/0.00/0.00) lat (ms,95%): 14.73 err/s: 0.00 reconn/s: 0.00
[ 16s ] thds: 4 tps: 294.49 qps: 883.48 (r/w/o: 883.48/0.00/0.00) lat (ms,95%): 14.73 err/s: 0.00 reconn/s: 0.00
[ 18s ] thds: 4 tps: 293.01 qps: 877.52 (r/w/o: 877.52/0.00/0.00) lat (ms,95%): 15.00 err/s: 0.00 reconn/s: 0.00
SQL statistics:
    queries performed:
        read:                            15879
        write:                           0
        other:                           0
        total:                           15879
    transactions:                        5293   (293.88 per sec.)
    queries:                             15879  (881.63 per sec.)
    ignored errors:                      0      (0.00 per sec.)
    reconnects:                          0      (0.00 per sec.)

General statistics:
    total time:                          18.0106s
    total number of events:              5293

Latency (ms):
         min:                                    7.71
         avg:                                   13.61
         max:                                   33.62
         95th percentile:                       15.00
         sum:                                72016.91

Threads fairness:
    events (avg/stddev):           1323.2500/2.05
    execution time (avg/stddev):   18.0042/0.00

