sysbench 1.0.20 (using system LuaJIT 2.1.0-beta3)

Running the test with following options:
Number of threads: 1
Report intermediate results every 1 second(s)
Initializing random number generator from current time


Initializing worker threads...

Threads started!

[ 1s ] thds: 1 tps: 1.00 qps: 1306.82 (r/w/o: 0.00/1301.83/5.00) lat (ms,95%): 759.88 err/s: 0.00 reconn/s: 0.00
[ 2s ] thds: 1 tps: 1.00 qps: 1184.53 (r/w/o: 0.00/1182.53/2.00) lat (ms,95%): 831.46 err/s: 0.00 reconn/s: 0.00
[ 3s ] thds: 1 tps: 1.00 qps: 1152.99 (r/w/o: 0.00/1150.99/2.00) lat (ms,95%): 831.46 err/s: 0.00 reconn/s: 0.00
[ 4s ] thds: 1 tps: 1.00 qps: 1175.98 (r/w/o: 0.00/1173.98/2.00) lat (ms,95%): 909.80 err/s: 0.00 reconn/s: 0.00
[ 5s ] thds: 1 tps: 2.00 qps: 1267.02 (r/w/o: 0.00/1263.02/4.00) lat (ms,95%): 816.63 err/s: 0.00 reconn/s: 0.00
[ 6s ] thds: 1 tps: 1.00 qps: 1260.92 (r/w/o: 0.00/1258.92/2.00) lat (ms,95%): 802.05 err/s: 0.00 reconn/s: 0.00
[ 7s ] thds: 1 tps: 1.00 qps: 1266.09 (r/w/o: 0.00/1264.09/2.00) lat (ms,95%): 773.68 err/s: 0.00 reconn/s: 0.00
[ 8s ] thds: 1 tps: 1.00 qps: 1165.95 (r/w/o: 0.00/1163.95/2.00) lat (ms,95%): 846.57 err/s: 0.00 reconn/s: 0.00
SQL statistics:
    queries performed:
        read:                            0
        write:                           10009
        other:                           21
        total:                           10030
    transactions:                        10     (1.22 per sec.)
    queries:                             10030  (1228.22 per sec.)
    ignored errors:                      0      (0.00 per sec.)
    reconnects:                          0      (0.00 per sec.)

General statistics:
    total time:                          8.1659s
    total number of events:              10

Latency (ms):
         min:                                  762.16
         avg:                                  816.54
         max:                                  914.08
         95th percentile:                      909.80
         sum:                                 8165.37

Threads fairness:
    events (avg/stddev):           10.0000/0.00
    execution time (avg/stddev):   8.1654/0.00

