sysbench 1.0.20 (using system LuaJIT 2.1.0-beta3)

Running the test with following options:
Number of threads: 1
Report intermediate results every 1 second(s)
Initializing random number generator from current time


Initializing worker threads...

Threads started!

[ 1s ] thds: 1 tps: 1522.94 qps: 4570.83 (r/w/o: 4570.83/0.00/0.00) lat (ms,95%): 0.74 err/s: 0.00 reconn/s: 0.00
[ 2s ] thds: 1 tps: 1526.38 qps: 4578.14 (r/w/o: 4578.14/0.00/0.00) lat (ms,95%): 0.77 err/s: 0.00 reconn/s: 0.00
[ 3s ] thds: 1 tps: 1519.98 qps: 4560.94 (r/w/o: 4560.94/0.00/0.00) lat (ms,95%): 0.73 err/s: 0.00 reconn/s: 0.00
[ 4s ] thds: 1 tps: 1548.00 qps: 4641.99 (r/w/o: 4641.99/0.00/0.00) lat (ms,95%): 0.72 err/s: 0.00 reconn/s: 0.00
[ 5s ] thds: 1 tps: 1499.86 qps: 4501.58 (r/w/o: 4501.58/0.00/0.00) lat (ms,95%): 0.73 err/s: 0.00 reconn/s: 0.00
[ 6s ] thds: 1 tps: 1486.12 qps: 4456.35 (r/w/o: 4456.35/0.00/0.00) lat (ms,95%): 0.73 err/s: 0.00 reconn/s: 0.00
[ 7s ] thds: 1 tps: 1531.98 qps: 4595.94 (r/w/o: 4595.94/0.00/0.00) lat (ms,95%): 0.74 err/s: 0.00 reconn/s: 0.00
SQL statistics:
    queries performed:
        read:                            36648
        write:                           0
        other:                           0
        total:                           36648
    transactions:                        12216  (1526.80 per sec.)
    queries:                             36648  (4580.40 per sec.)
    ignored errors:                      0      (0.00 per sec.)
    reconnects:                          0      (0.00 per sec.)

General statistics:
    total time:                          8.0007s
    total number of events:              12216

Latency (ms):
         min:                                    0.57
         avg:                                    0.65
         max:                                    8.10
         95th percentile:                        0.73
         sum:                                 7987.89

Threads fairness:
    events (avg/stddev):           12216.0000/0.00
    execution time (avg/stddev):   7.9879/0.00

