sysbench 1.0.20 (using system LuaJIT 2.1.0-beta3)

Running the test with following options:
Number of threads: 1
Report intermediate results every 1 second(s)
Initializing random number generator from current time


Initializing worker threads...

Threads started!

[ 1s ] thds: 1 tps: 1412.99 qps: 4240.96 (r/w/o: 4240.96/0.00/0.00) lat (ms,95%): 0.77 err/s: 0.00 reconn/s: 0.00
[ 2s ] thds: 1 tps: 1409.40 qps: 4228.20 (r/w/o: 4228.20/0.00/0.00) lat (ms,95%): 0.78 err/s: 0.00 reconn/s: 0.00
[ 3s ] thds: 1 tps: 1430.97 qps: 4292.90 (r/w/o: 4292.90/0.00/0.00) lat (ms,95%): 0.78 err/s: 0.00 reconn/s: 0.00
[ 4s ] thds: 1 tps: 1445.02 qps: 4335.05 (r/w/o: 4335.05/0.00/0.00) lat (ms,95%): 0.73 err/s: 0.00 reconn/s: 0.00
[ 5s ] thds: 1 tps: 1403.98 qps: 4211.95 (r/w/o: 4211.95/0.00/0.00) lat (ms,95%): 0.80 err/s: 0.00 reconn/s: 0.00
[ 6s ] thds: 1 tps: 1426.03 qps: 4277.10 (r/w/o: 4277.10/0.00/0.00) lat (ms,95%): 0.78 err/s: 0.00 reconn/s: 0.00
[ 7s ] thds: 1 tps: 1418.01 qps: 4254.03 (r/w/o: 4254.03/0.00/0.00) lat (ms,95%): 0.78 err/s: 0.00 reconn/s: 0.00
[ 8s ] thds: 1 tps: 1418.97 qps: 4255.91 (r/w/o: 4255.91/0.00/0.00) lat (ms,95%): 0.78 err/s: 0.00 reconn/s: 0.00
SQL statistics:
    queries performed:
        read:                            34101
        write:                           0
        other:                           0
        total:                           34101
    transactions:                        11367  (1420.62 per sec.)
    queries:                             34101  (4261.87 per sec.)
    ignored errors:                      0      (0.00 per sec.)
    reconnects:                          0      (0.00 per sec.)

General statistics:
    total time:                          8.0011s
    total number of events:              11367

Latency (ms):
         min:                                    0.63
         avg:                                    0.70
         max:                                    8.20
         95th percentile:                        0.78
         sum:                                 7989.08

Threads fairness:
    events (avg/stddev):           11367.0000/0.00
    execution time (avg/stddev):   7.9891/0.00

