sysbench 1.0.20 (using system LuaJIT 2.1.0-beta3)

Running the test with following options:
Number of threads: 1
Report intermediate results every 1 second(s)
Initializing random number generator from current time


Initializing worker threads...

Threads started!

[ 1s ] thds: 1 tps: 15.99 qps: 880.24 (r/w/o: 0.00/845.27/34.97) lat (ms,95%): 69.29 err/s: 0.00 reconn/s: 0.00
[ 2s ] thds: 1 tps: 18.01 qps: 915.31 (r/w/o: 0.00/879.30/36.01) lat (ms,95%): 68.05 err/s: 0.00 reconn/s: 0.00
[ 3s ] thds: 1 tps: 17.00 qps: 899.05 (r/w/o: 0.00/865.05/34.00) lat (ms,95%): 65.65 err/s: 0.00 reconn/s: 0.00
[ 4s ] thds: 1 tps: 16.00 qps: 797.03 (r/w/o: 0.00/765.03/32.00) lat (ms,95%): 69.29 err/s: 0.00 reconn/s: 0.00
[ 5s ] thds: 1 tps: 15.00 qps: 775.98 (r/w/o: 0.00/745.98/30.00) lat (ms,95%): 74.46 err/s: 0.00 reconn/s: 0.00
[ 6s ] thds: 1 tps: 16.00 qps: 852.97 (r/w/o: 0.00/820.98/32.00) lat (ms,95%): 64.47 err/s: 0.00 reconn/s: 0.00
[ 7s ] thds: 1 tps: 15.00 qps: 804.01 (r/w/o: 0.00/774.01/30.00) lat (ms,95%): 69.29 err/s: 0.00 reconn/s: 0.00
[ 8s ] thds: 1 tps: 16.00 qps: 830.99 (r/w/o: 0.00/798.99/32.00) lat (ms,95%): 69.29 err/s: 0.00 reconn/s: 0.00
SQL statistics:
    queries performed:
        read:                            0
        write:                           6499
        other:                           261
        total:                           6760
    transactions:                        130    (16.24 per sec.)
    queries:                             6760   (844.28 per sec.)
    ignored errors:                      0      (0.00 per sec.)
    reconnects:                          0      (0.00 per sec.)

General statistics:
    total time:                          8.0065s
    total number of events:              130

Latency (ms):
         min:                                   44.63
         avg:                                   61.58
         max:                                   78.84
         95th percentile:                       70.55
         sum:                                 8005.58

Threads fairness:
    events (avg/stddev):           130.0000/0.00
    execution time (avg/stddev):   8.0056/0.00

