sysbench 1.0.20 (using system LuaJIT 2.1.0-beta3)

Running the test with following options:
Number of threads: 1
Report intermediate results every 1 second(s)
Initializing random number generator from current time


Initializing worker threads...

Threads started!

[ 1s ] thds: 1 tps: 0.00 qps: 840.26 (r/w/o: 0.00/836.26/4.00) lat (ms,95%): 0.00 err/s: 0.00 reconn/s: 0.00
[ 2s ] thds: 1 tps: 0.00 qps: 845.37 (r/w/o: 0.00/845.37/0.00) lat (ms,95%): 0.00 err/s: 0.00 reconn/s: 0.00
[ 3s ] thds: 1 tps: 0.00 qps: 929.01 (r/w/o: 0.00/929.01/0.00) lat (ms,95%): 0.00 err/s: 0.00 reconn/s: 0.00
[ 4s ] thds: 1 tps: 1.00 qps: 857.01 (r/w/o: 0.00/855.01/2.00) lat (ms,95%): 3208.88 err/s: 0.00 reconn/s: 0.00
[ 5s ] thds: 1 tps: 0.00 qps: 836.01 (r/w/o: 0.00/836.01/0.00) lat (ms,95%): 0.00 err/s: 0.00 reconn/s: 0.00
[ 6s ] thds: 1 tps: 0.00 qps: 858.99 (r/w/o: 0.00/858.99/0.00) lat (ms,95%): 0.00 err/s: 0.00 reconn/s: 0.00
[ 7s ] thds: 1 tps: 1.00 qps: 799.99 (r/w/o: 0.00/797.99/2.00) lat (ms,95%): 3386.99 err/s: 0.00 reconn/s: 0.00
[ 8s ] thds: 1 tps: 0.00 qps: 903.00 (r/w/o: 0.00/903.00/0.00) lat (ms,95%): 0.00 err/s: 0.00 reconn/s: 0.00
[ 9s ] thds: 1 tps: 0.00 qps: 911.97 (r/w/o: 0.00/911.97/0.00) lat (ms,95%): 0.00 err/s: 0.00 reconn/s: 0.00
SQL statistics:
    queries performed:
        read:                            0
        write:                           8404
        other:                           8
        total:                           8412
    transactions:                        3      (0.31 per sec.)
    queries:                             8412   (862.33 per sec.)
    ignored errors:                      0      (0.00 per sec.)
    reconnects:                          0      (0.00 per sec.)

General statistics:
    total time:                          9.7546s
    total number of events:              3

Latency (ms):
         min:                                 3189.11
         avg:                                 3251.36
         max:                                 3360.50
         95th percentile:                     3386.99
         sum:                                 9754.08

Threads fairness:
    events (avg/stddev):           3.0000/0.00
    execution time (avg/stddev):   9.7541/0.00

