sysbench 1.0.20 (using system LuaJIT 2.1.0-beta3)

Running the test with following options:
Number of threads: 1
Report intermediate results every 1 second(s)
Initializing random number generator from current time


Initializing worker threads...

Threads started!

[ 1s ] thds: 1 tps: 80.94 qps: 982.23 (r/w/o: 0.00/817.36/164.87) lat (ms,95%): 14.73 err/s: 0.00 reconn/s: 0.00
[ 2s ] thds: 1 tps: 87.03 qps: 1035.34 (r/w/o: 0.00/862.28/173.06) lat (ms,95%): 14.21 err/s: 0.00 reconn/s: 0.00
[ 3s ] thds: 1 tps: 84.00 qps: 1009.97 (r/w/o: 0.00/840.98/169.00) lat (ms,95%): 14.46 err/s: 0.00 reconn/s: 0.00
[ 4s ] thds: 1 tps: 81.00 qps: 975.00 (r/w/o: 0.00/813.00/162.00) lat (ms,95%): 16.12 err/s: 0.00 reconn/s: 0.00
[ 5s ] thds: 1 tps: 85.00 qps: 1022.02 (r/w/o: 0.00/852.01/170.00) lat (ms,95%): 15.27 err/s: 0.00 reconn/s: 0.00
[ 6s ] thds: 1 tps: 86.00 qps: 1028.95 (r/w/o: 0.00/856.96/171.99) lat (ms,95%): 14.46 err/s: 0.00 reconn/s: 0.00
[ 7s ] thds: 1 tps: 90.00 qps: 1085.03 (r/w/o: 0.00/905.02/180.00) lat (ms,95%): 12.98 err/s: 0.00 reconn/s: 0.00
[ 8s ] thds: 1 tps: 87.00 qps: 1038.03 (r/w/o: 0.00/864.03/174.01) lat (ms,95%): 13.95 err/s: 0.00 reconn/s: 0.00
SQL statistics:
    queries performed:
        read:                            0
        write:                           6819
        other:                           1365
        total:                           8184
    transactions:                        682    (85.15 per sec.)
    queries:                             8184   (1021.77 per sec.)
    ignored errors:                      0      (0.00 per sec.)
    reconnects:                          0      (0.00 per sec.)

General statistics:
    total time:                          8.0092s
    total number of events:              682

Latency (ms):
         min:                                    8.98
         avg:                                   11.74
         max:                                   19.69
         95th percentile:                       14.73
         sum:                                 8007.48

Threads fairness:
    events (avg/stddev):           682.0000/0.00
    execution time (avg/stddev):   8.0075/0.00

