sysbench 1.0.20 (using system LuaJIT 2.1.0-beta3)

Running the test with following options:
Number of threads: 1
Report intermediate results every 1 second(s)
Initializing random number generator from current time


Initializing worker threads...

Threads started!

[ 1s ] thds: 1 tps: 1507.93 qps: 4523.80 (r/w/o: 4523.80/0.00/0.00) lat (ms,95%): 0.73 err/s: 0.00 reconn/s: 0.00
[ 2s ] thds: 1 tps: 1534.19 qps: 4604.57 (r/w/o: 4604.57/0.00/0.00) lat (ms,95%): 0.73 err/s: 0.00 reconn/s: 0.00
[ 3s ] thds: 1 tps: 1535.15 qps: 4604.45 (r/w/o: 4604.45/0.00/0.00) lat (ms,95%): 0.73 err/s: 0.00 reconn/s: 0.00
[ 4s ] thds: 1 tps: 1428.99 qps: 4285.98 (r/w/o: 4285.98/0.00/0.00) lat (ms,95%): 0.75 err/s: 0.00 reconn/s: 0.00
[ 5s ] thds: 1 tps: 1414.85 qps: 4245.56 (r/w/o: 4245.56/0.00/0.00) lat (ms,95%): 0.75 err/s: 0.00 reconn/s: 0.00
[ 6s ] thds: 1 tps: 1517.06 qps: 4552.19 (r/w/o: 4552.19/0.00/0.00) lat (ms,95%): 0.73 err/s: 0.00 reconn/s: 0.00
[ 7s ] thds: 1 tps: 1543.13 qps: 4629.40 (r/w/o: 4629.40/0.00/0.00) lat (ms,95%): 0.70 err/s: 0.00 reconn/s: 0.00
[ 8s ] thds: 1 tps: 1494.82 qps: 4482.47 (r/w/o: 4482.47/0.00/0.00) lat (ms,95%): 0.74 err/s: 0.00 reconn/s: 0.00
SQL statistics:
    queries performed:
        read:                            35934
        write:                           0
        other:                           0
        total:                           35934
    transactions:                        11978  (1496.96 per sec.)
    queries:                             35934  (4490.89 per sec.)
    ignored errors:                      0      (0.00 per sec.)
    reconnects:                          0      (0.00 per sec.)

General statistics:
    total time:                          8.0012s
    total number of events:              11978

Latency (ms):
         min:                                    0.59
         avg:                                    0.67
         max:                                    8.29
         95th percentile:                        0.74
         sum:                                 7988.82

Threads fairness:
    events (avg/stddev):           11978.0000/0.00
    execution time (avg/stddev):   7.9888/0.00

