sysbench 1.0.20 (using system LuaJIT 2.1.0-beta3)

Running the test with following options:
Number of threads: 4
Report intermediate results every 3 second(s)
Initializing random number generator from current time


Initializing worker threads...

Threads started!

[ 3s ] thds: 4 tps: 0.00 qps: 3957.36 (r/w/o: 0.00/988.34/2969.02) lat (ms,95%): 0.00 err/s: 0.00 reconn/s: 0.00
[ 6s ] thds: 4 tps: 1.33 qps: 4004.59 (r/w/o: 0.00/1006.48/2998.11) lat (ms,95%): 4055.23 err/s: 2.33 reconn/s: 0.00
[ 9s ] thds: 4 tps: 1.33 qps: 3910.04 (r/w/o: 0.00/991.01/2919.03) lat (ms,95%): 4055.23 err/s: 3.00 reconn/s: 0.00
[ 12s ] thds: 4 tps: 0.00 qps: 4081.24 (r/w/o: 0.00/1020.31/3060.93) lat (ms,95%): 0.00 err/s: 0.00 reconn/s: 0.00
[ 15s ] thds: 4 tps: 1.33 qps: 3838.34 (r/w/o: 0.00/958.67/2879.68) lat (ms,95%): 3982.86 err/s: 0.33 reconn/s: 0.00
[ 18s ] thds: 4 tps: 1.33 qps: 3955.06 (r/w/o: 0.00/1007.02/2948.05) lat (ms,95%): 4128.91 err/s: 4.00 reconn/s: 0.00
[ 21s ] thds: 4 tps: 1.33 qps: 4156.00 (r/w/o: 0.00/1038.33/3117.66) lat (ms,95%): 3982.86 err/s: 0.00 reconn/s: 0.00
[ 24s ] thds: 4 tps: 0.00 qps: 4075.96 (r/w/o: 0.00/1018.99/3056.97) lat (ms,95%): 0.00 err/s: 0.00 reconn/s: 0.00
[ 27s ] thds: 4 tps: 1.33 qps: 4078.44 (r/w/o: 0.00/1057.03/3021.41) lat (ms,95%): 3911.79 err/s: 4.67 reconn/s: 0.00
[ 30s ] thds: 4 tps: 1.33 qps: 4192.91 (r/w/o: 0.00/1054.98/3137.93) lat (ms,95%): 3911.79 err/s: 2.67 reconn/s: 0.00
[ 33s ] thds: 4 tps: 1.33 qps: 4226.40 (r/w/o: 0.00/1062.02/3164.38) lat (ms,95%): 3773.42 err/s: 2.33 reconn/s: 0.00
[ 36s ] thds: 4 tps: 1.33 qps: 4216.29 (r/w/o: 0.00/1066.32/3149.97) lat (ms,95%): 3773.42 err/s: 3.33 reconn/s: 0.00
[ 39s ] thds: 4 tps: 0.00 qps: 4180.63 (r/w/o: 0.00/1045.32/3135.31) lat (ms,95%): 0.00 err/s: 0.00 reconn/s: 0.00
[ 42s ] thds: 4 tps: 1.33 qps: 4142.71 (r/w/o: 0.00/1067.68/3075.04) lat (ms,95%): 3911.79 err/s: 4.33 reconn/s: 0.00
[ 45s ] thds: 4 tps: 1.33 qps: 3998.24 (r/w/o: 0.00/1002.31/2995.93) lat (ms,95%): 3982.86 err/s: 1.33 reconn/s: 0.00
[ 48s ] thds: 4 tps: 1.33 qps: 4114.03 (r/w/o: 0.00/1029.67/3084.36) lat (ms,95%): 3911.79 err/s: 1.00 reconn/s: 0.00
[ 51s ] thds: 4 tps: 0.00 qps: 4166.65 (r/w/o: 0.00/1041.66/3124.99) lat (ms,95%): 0.00 err/s: 0.00 reconn/s: 0.00
[ 54s ] thds: 4 tps: 1.33 qps: 4077.75 (r/w/o: 0.00/1033.02/3044.73) lat (ms,95%): 3911.79 err/s: 3.67 reconn/s: 0.00
[ 57s ] thds: 4 tps: 1.33 qps: 4069.29 (r/w/o: 0.00/1038.32/3030.97) lat (ms,95%): 3911.79 err/s: 4.00 reconn/s: 0.00
[ 60s ] thds: 4 tps: 1.33 qps: 4038.65 (r/w/o: 0.00/1012.66/3025.99) lat (ms,95%): 3982.86 err/s: 1.33 reconn/s: 0.00
[ 63s ] thds: 4 tps: 0.00 qps: 4088.04 (r/w/o: 0.00/1022.01/3066.03) lat (ms,95%): 0.00 err/s: 0.00 reconn/s: 0.00
SQL statistics:
    queries performed:
        read:                            0
        write:                           64861
        other:                           192543
        total:                           257404
    transactions:                        64     (1.01 per sec.)
    queries:                             257404 (4074.89 per sec.)
    ignored errors:                      115    (1.82 per sec.)
    reconnects:                          0      (0.00 per sec.)

General statistics:
    total time:                          63.1680s
    total number of events:              64

Latency (ms):
         min:                                 3794.25
         avg:                                 3947.94
         max:                                 4148.83
         95th percentile:                     4128.91
         sum:                               252667.88

Threads fairness:
    events (avg/stddev):           16.0000/0.00
    execution time (avg/stddev):   63.1670/0.00

