sysbench 1.0.20 (using system LuaJIT 2.1.0-beta3)

Running the test with following options:
Number of threads: 1
Report intermediate results every 1 second(s)
Initializing random number generator from current time


Initializing worker threads...

Threads started!

[ 1s ] thds: 1 tps: 103.92 qps: 1253.03 (r/w/o: 0.00/1042.20/210.84) lat (ms,95%): 11.65 err/s: 0.00 reconn/s: 0.00
[ 2s ] thds: 1 tps: 111.03 qps: 1329.41 (r/w/o: 0.00/1107.34/222.07) lat (ms,95%): 10.09 err/s: 0.00 reconn/s: 0.00
[ 3s ] thds: 1 tps: 113.00 qps: 1362.00 (r/w/o: 0.00/1136.00/226.00) lat (ms,95%): 9.73 err/s: 0.00 reconn/s: 0.00
[ 4s ] thds: 1 tps: 112.00 qps: 1345.97 (r/w/o: 0.00/1121.98/224.00) lat (ms,95%): 9.91 err/s: 0.00 reconn/s: 0.00
[ 5s ] thds: 1 tps: 115.00 qps: 1372.05 (r/w/o: 0.00/1142.04/230.01) lat (ms,95%): 9.91 err/s: 0.00 reconn/s: 0.00
[ 6s ] thds: 1 tps: 112.00 qps: 1352.00 (r/w/o: 0.00/1128.00/224.00) lat (ms,95%): 9.73 err/s: 0.00 reconn/s: 0.00
[ 7s ] thds: 1 tps: 115.00 qps: 1371.06 (r/w/o: 0.00/1142.05/229.01) lat (ms,95%): 9.56 err/s: 0.00 reconn/s: 0.00
[ 8s ] thds: 1 tps: 109.99 qps: 1322.93 (r/w/o: 0.00/1101.94/220.99) lat (ms,95%): 9.91 err/s: 0.00 reconn/s: 0.00
SQL statistics:
    queries performed:
        read:                            0
        write:                           8929
        other:                           1787
        total:                           10716
    transactions:                        893    (111.55 per sec.)
    queries:                             10716  (1338.59 per sec.)
    ignored errors:                      0      (0.00 per sec.)
    reconnects:                          0      (0.00 per sec.)

General statistics:
    total time:                          8.0051s
    total number of events:              893

Latency (ms):
         min:                                    7.58
         avg:                                    8.96
         max:                                   24.97
         95th percentile:                       10.09
         sum:                                 8003.07

Threads fairness:
    events (avg/stddev):           893.0000/0.00
    execution time (avg/stddev):   8.0031/0.00

