sysbench 1.0.20 (using system LuaJIT 2.1.0-beta3)

Running the test with following options:
Number of threads: 4
Report intermediate results every 2 second(s)
Initializing random number generator from current time


Initializing worker threads...

Threads started!

[ 2s ] thds: 4 tps: 570.27 qps: 1713.81 (r/w/o: 1713.81/0.00/0.00) lat (ms,95%): 8.28 err/s: 0.00 reconn/s: 0.00
[ 4s ] thds: 4 tps: 577.08 qps: 1730.73 (r/w/o: 1730.73/0.00/0.00) lat (ms,95%): 8.13 err/s: 0.00 reconn/s: 0.00
[ 6s ] thds: 4 tps: 577.01 qps: 1731.52 (r/w/o: 1731.52/0.00/0.00) lat (ms,95%): 7.98 err/s: 0.00 reconn/s: 0.00
[ 8s ] thds: 4 tps: 578.98 qps: 1736.45 (r/w/o: 1736.45/0.00/0.00) lat (ms,95%): 8.13 err/s: 0.00 reconn/s: 0.00
[ 10s ] thds: 4 tps: 577.01 qps: 1730.54 (r/w/o: 1730.54/0.00/0.00) lat (ms,95%): 8.13 err/s: 0.00 reconn/s: 0.00
[ 12s ] thds: 4 tps: 576.99 qps: 1730.96 (r/w/o: 1730.96/0.00/0.00) lat (ms,95%): 8.13 err/s: 0.00 reconn/s: 0.00
[ 14s ] thds: 4 tps: 579.02 qps: 1737.05 (r/w/o: 1737.05/0.00/0.00) lat (ms,95%): 8.13 err/s: 0.00 reconn/s: 0.00
[ 16s ] thds: 4 tps: 576.48 qps: 1729.43 (r/w/o: 1729.43/0.00/0.00) lat (ms,95%): 8.13 err/s: 0.00 reconn/s: 0.00
[ 18s ] thds: 4 tps: 573.48 qps: 1721.94 (r/w/o: 1721.94/0.00/0.00) lat (ms,95%): 8.28 err/s: 0.00 reconn/s: 0.00
SQL statistics:
    queries performed:
        read:                            31131
        write:                           0
        other:                           0
        total:                           31131
    transactions:                        10377  (576.40 per sec.)
    queries:                             31131  (1729.19 per sec.)
    ignored errors:                      0      (0.00 per sec.)
    reconnects:                          0      (0.00 per sec.)

General statistics:
    total time:                          18.0029s
    total number of events:              10377

Latency (ms):
         min:                                    3.57
         avg:                                    6.94
         max:                                   25.97
         95th percentile:                        8.13
         sum:                                71991.71

Threads fairness:
    events (avg/stddev):           2594.2500/5.36
    execution time (avg/stddev):   17.9979/0.00

