sysbench 1.0.20 (using system LuaJIT 2.1.0-beta3)

Running the test with following options:
Number of threads: 4
Report intermediate results every 2 second(s)
Initializing random number generator from current time


Initializing worker threads...

Threads started!

[ 2s ] thds: 4 tps: 0.00 qps: 3089.97 (r/w/o: 0.00/777.61/2312.35) lat (ms,95%): 0.00 err/s: 1.00 reconn/s: 0.00
[ 4s ] thds: 4 tps: 0.00 qps: 3116.91 (r/w/o: 0.00/779.23/2337.68) lat (ms,95%): 0.00 err/s: 0.00 reconn/s: 0.00
[ 6s ] thds: 4 tps: 0.00 qps: 3011.90 (r/w/o: 0.00/752.98/2258.93) lat (ms,95%): 0.00 err/s: 0.00 reconn/s: 0.00
[ 8s ] thds: 4 tps: 2.00 qps: 2974.96 (r/w/o: 0.00/761.49/2213.47) lat (ms,95%): 6594.16 err/s: 4.50 reconn/s: 0.00
[ 10s ] thds: 4 tps: 0.00 qps: 3106.61 (r/w/o: 0.00/776.53/2330.09) lat (ms,95%): 0.00 err/s: 0.00 reconn/s: 0.00
[ 12s ] thds: 4 tps: 0.00 qps: 3413.92 (r/w/o: 0.00/853.48/2560.44) lat (ms,95%): 0.00 err/s: 0.00 reconn/s: 0.00
[ 14s ] thds: 4 tps: 2.00 qps: 3015.03 (r/w/o: 0.00/757.51/2257.52) lat (ms,95%): 6360.91 err/s: 2.00 reconn/s: 0.00
[ 16s ] thds: 4 tps: 0.00 qps: 3031.97 (r/w/o: 0.00/757.99/2273.98) lat (ms,95%): 0.00 err/s: 0.00 reconn/s: 0.00
[ 18s ] thds: 4 tps: 0.00 qps: 3240.02 (r/w/o: 0.00/810.01/2430.02) lat (ms,95%): 0.00 err/s: 0.00 reconn/s: 0.00
SQL statistics:
    queries performed:
        read:                            0
        write:                           15085
        other:                           45043
        total:                           60128
    transactions:                        12     (0.62 per sec.)
    queries:                             60128  (3109.96 per sec.)
    ignored errors:                      15     (0.78 per sec.)
    reconnects:                          0      (0.00 per sec.)

General statistics:
    total time:                          19.3337s
    total number of events:              12

Latency (ms):
         min:                                 6312.67
         avg:                                 6444.24
         max:                                 6536.48
         95th percentile:                     6594.16
         sum:                                77330.86

Threads fairness:
    events (avg/stddev):           3.0000/0.00
    execution time (avg/stddev):   19.3327/0.00

