sysbench 1.0.20 (using system LuaJIT 2.1.0-beta3)

Running the test with following options:
Number of threads: 4
Report intermediate results every 2 second(s)
Initializing random number generator from current time


Initializing worker threads...

Threads started!

[ 2s ] thds: 4 tps: 3532.42 qps: 10600.26 (r/w/o: 10600.26/0.00/0.00) lat (ms,95%): 1.47 err/s: 0.00 reconn/s: 0.00
[ 4s ] thds: 4 tps: 3582.32 qps: 10745.95 (r/w/o: 10745.95/0.00/0.00) lat (ms,95%): 1.47 err/s: 0.00 reconn/s: 0.00
[ 6s ] thds: 4 tps: 3556.24 qps: 10668.23 (r/w/o: 10668.23/0.00/0.00) lat (ms,95%): 1.47 err/s: 0.00 reconn/s: 0.00
[ 8s ] thds: 4 tps: 3617.00 qps: 10851.00 (r/w/o: 10851.00/0.00/0.00) lat (ms,95%): 1.47 err/s: 0.00 reconn/s: 0.00
[ 10s ] thds: 4 tps: 3586.07 qps: 10759.72 (r/w/o: 10759.72/0.00/0.00) lat (ms,95%): 1.50 err/s: 0.00 reconn/s: 0.00
[ 12s ] thds: 4 tps: 3580.06 qps: 10739.67 (r/w/o: 10739.67/0.00/0.00) lat (ms,95%): 1.52 err/s: 0.00 reconn/s: 0.00
[ 14s ] thds: 4 tps: 3552.56 qps: 10657.68 (r/w/o: 10657.68/0.00/0.00) lat (ms,95%): 1.52 err/s: 0.00 reconn/s: 0.00
[ 16s ] thds: 4 tps: 3596.30 qps: 10787.91 (r/w/o: 10787.91/0.00/0.00) lat (ms,95%): 1.50 err/s: 0.00 reconn/s: 0.00
[ 18s ] thds: 4 tps: 3625.22 qps: 10878.17 (r/w/o: 10878.17/0.00/0.00) lat (ms,95%): 1.47 err/s: 0.00 reconn/s: 0.00
SQL statistics:
    queries performed:
        read:                            193386
        write:                           0
        other:                           0
        total:                           193386
    transactions:                        64462  (3580.87 per sec.)
    queries:                             193386 (10742.62 per sec.)
    ignored errors:                      0      (0.00 per sec.)
    reconnects:                          0      (0.00 per sec.)

General statistics:
    total time:                          18.0014s
    total number of events:              64462

Latency (ms):
         min:                                    0.70
         avg:                                    1.12
         max:                                   17.77
         95th percentile:                        1.50
         sum:                                71919.33

Threads fairness:
    events (avg/stddev):           16115.5000/87.68
    execution time (avg/stddev):   17.9798/0.00

