sysbench 1.0.20 (using system LuaJIT 2.1.0-beta3)

Running the test with following options:
Number of threads: 1
Report intermediate results every 1 second(s)
Initializing random number generator from current time


Initializing worker threads...

Threads started!

[ 1s ] thds: 1 tps: 0.00 qps: 1071.06 (r/w/o: 0.00/1068.07/3.00) lat (ms,95%): 0.00 err/s: 0.00 reconn/s: 0.00
[ 2s ] thds: 1 tps: 0.00 qps: 1121.52 (r/w/o: 0.00/1121.52/0.00) lat (ms,95%): 0.00 err/s: 0.00 reconn/s: 0.00
[ 3s ] thds: 1 tps: 0.00 qps: 1084.94 (r/w/o: 0.00/1084.94/0.00) lat (ms,95%): 0.00 err/s: 0.00 reconn/s: 0.00
[ 4s ] thds: 1 tps: 0.00 qps: 1081.04 (r/w/o: 0.00/1081.04/0.00) lat (ms,95%): 0.00 err/s: 0.00 reconn/s: 0.00
[ 5s ] thds: 1 tps: 1.00 qps: 946.96 (r/w/o: 0.00/944.96/2.00) lat (ms,95%): 4599.99 err/s: 0.00 reconn/s: 0.00
[ 6s ] thds: 1 tps: 0.00 qps: 1002.03 (r/w/o: 0.00/1002.03/0.00) lat (ms,95%): 0.00 err/s: 0.00 reconn/s: 0.00
[ 7s ] thds: 1 tps: 0.00 qps: 1029.98 (r/w/o: 0.00/1029.98/0.00) lat (ms,95%): 0.00 err/s: 0.00 reconn/s: 0.00
[ 8s ] thds: 1 tps: 0.00 qps: 1025.02 (r/w/o: 0.00/1025.02/0.00) lat (ms,95%): 0.00 err/s: 0.00 reconn/s: 0.00
[ 9s ] thds: 1 tps: 0.00 qps: 979.95 (r/w/o: 0.00/979.95/0.00) lat (ms,95%): 0.00 err/s: 0.00 reconn/s: 0.00
SQL statistics:
    queries performed:
        read:                            0
        write:                           9999
        other:                           5
        total:                           10004
    transactions:                        2      (0.21 per sec.)
    queries:                             10004  (1035.88 per sec.)
    ignored errors:                      0      (0.00 per sec.)
    reconnects:                          0      (0.00 per sec.)

General statistics:
    total time:                          9.6571s
    total number of events:              2

Latency (ms):
         min:                                 4622.59
         avg:                                 4828.26
         max:                                 5033.93
         95th percentile:                     5033.35
         sum:                                 9656.52

Threads fairness:
    events (avg/stddev):           2.0000/0.00
    execution time (avg/stddev):   9.6565/0.00

