sysbench 1.0.20 (using system LuaJIT 2.1.0-beta3)

Running the test with following options:
Number of threads: 4
Report intermediate results every 2 second(s)
Initializing random number generator from current time


Initializing worker threads...

Threads started!

[ 2s ] thds: 4 tps: 6.00 qps: 6163.00 (r/w/o: 0.00/1536.25/4626.75) lat (ms,95%): 669.89 err/s: 0.00 reconn/s: 0.00
[ 4s ] thds: 4 tps: 6.00 qps: 6192.34 (r/w/o: 0.00/1545.33/4647.00) lat (ms,95%): 657.93 err/s: 0.00 reconn/s: 0.00
[ 6s ] thds: 4 tps: 6.00 qps: 6337.28 (r/w/o: 0.00/1581.07/4756.21) lat (ms,95%): 634.66 err/s: 0.00 reconn/s: 0.00
[ 8s ] thds: 4 tps: 6.00 qps: 6305.78 (r/w/o: 0.00/1573.45/4732.34) lat (ms,95%): 646.19 err/s: 0.00 reconn/s: 0.00
[ 10s ] thds: 4 tps: 6.00 qps: 6207.85 (r/w/o: 0.00/1548.96/4658.89) lat (ms,95%): 682.06 err/s: 0.00 reconn/s: 0.00
[ 12s ] thds: 4 tps: 6.00 qps: 6131.99 (r/w/o: 0.00/1530.00/4602.00) lat (ms,95%): 657.93 err/s: 0.00 reconn/s: 0.00
[ 14s ] thds: 4 tps: 6.00 qps: 6279.69 (r/w/o: 0.00/1567.05/4712.64) lat (ms,95%): 646.19 err/s: 0.00 reconn/s: 0.00
[ 16s ] thds: 4 tps: 6.00 qps: 6214.46 (r/w/o: 0.00/1550.49/4663.97) lat (ms,95%): 646.19 err/s: 0.00 reconn/s: 0.00
[ 18s ] thds: 4 tps: 6.00 qps: 6238.09 (r/w/o: 0.00/1556.52/4681.57) lat (ms,95%): 657.93 err/s: 0.00 reconn/s: 0.00
SQL statistics:
    queries performed:
        read:                            0
        write:                           28027
        other:                           84309
        total:                           112336
    transactions:                        112    (6.21 per sec.)
    queries:                             112336 (6230.35 per sec.)
    ignored errors:                      0      (0.00 per sec.)
    reconnects:                          0      (0.00 per sec.)

General statistics:
    total time:                          18.0301s
    total number of events:              112

Latency (ms):
         min:                                  624.73
         avg:                                  643.89
         max:                                  677.26
         95th percentile:                      669.89
         sum:                                72116.06

Threads fairness:
    events (avg/stddev):           28.0000/0.00
    execution time (avg/stddev):   18.0290/0.00

