sysbench 1.0.20 (using system LuaJIT 2.1.0-beta3)

Running the test with following options:
Number of threads: 1
Report intermediate results every 1 second(s)
Initializing random number generator from current time


Initializing worker threads...

Threads started!

[ 1s ] thds: 1 tps: 700.44 qps: 700.44 (r/w/o: 700.44/0.00/0.00) lat (ms,95%): 1.52 err/s: 0.00 reconn/s: 0.00
[ 2s ] thds: 1 tps: 723.18 qps: 723.18 (r/w/o: 723.18/0.00/0.00) lat (ms,95%): 1.42 err/s: 0.00 reconn/s: 0.00
[ 3s ] thds: 1 tps: 718.07 qps: 718.07 (r/w/o: 718.07/0.00/0.00) lat (ms,95%): 1.42 err/s: 0.00 reconn/s: 0.00
[ 4s ] thds: 1 tps: 722.00 qps: 722.00 (r/w/o: 722.00/0.00/0.00) lat (ms,95%): 1.42 err/s: 0.00 reconn/s: 0.00
[ 5s ] thds: 1 tps: 725.96 qps: 725.96 (r/w/o: 725.96/0.00/0.00) lat (ms,95%): 1.42 err/s: 0.00 reconn/s: 0.00
[ 6s ] thds: 1 tps: 722.04 qps: 722.04 (r/w/o: 722.04/0.00/0.00) lat (ms,95%): 1.42 err/s: 0.00 reconn/s: 0.00
[ 7s ] thds: 1 tps: 727.99 qps: 727.99 (r/w/o: 727.99/0.00/0.00) lat (ms,95%): 1.42 err/s: 0.00 reconn/s: 0.00
[ 8s ] thds: 1 tps: 719.97 qps: 719.97 (r/w/o: 719.97/0.00/0.00) lat (ms,95%): 1.42 err/s: 0.00 reconn/s: 0.00
SQL statistics:
    queries performed:
        read:                            5761
        write:                           0
        other:                           0
        total:                           5761
    transactions:                        5761   (719.98 per sec.)
    queries:                             5761   (719.98 per sec.)
    ignored errors:                      0      (0.00 per sec.)
    reconnects:                          0      (0.00 per sec.)

General statistics:
    total time:                          8.0012s
    total number of events:              5761

Latency (ms):
         min:                                    1.34
         avg:                                    1.39
         max:                                    8.92
         95th percentile:                        1.42
         sum:                                 7995.31

Threads fairness:
    events (avg/stddev):           5761.0000/0.00
    execution time (avg/stddev):   7.9953/0.00

