sysbench 1.0.20 (using system LuaJIT 2.1.0-beta3)

Running the test with following options:
Number of threads: 1
Report intermediate results every 1 second(s)
Initializing random number generator from current time


Initializing worker threads...

Threads started!

[ 1s ] thds: 1 tps: 88.93 qps: 1072.13 (r/w/o: 0.00/891.28/180.85) lat (ms,95%): 14.21 err/s: 0.00 reconn/s: 0.00
[ 2s ] thds: 1 tps: 89.03 qps: 1072.34 (r/w/o: 0.00/894.29/178.06) lat (ms,95%): 13.70 err/s: 0.00 reconn/s: 0.00
[ 3s ] thds: 1 tps: 90.00 qps: 1078.03 (r/w/o: 0.00/898.03/180.01) lat (ms,95%): 14.46 err/s: 0.00 reconn/s: 0.00
[ 4s ] thds: 1 tps: 87.00 qps: 1045.00 (r/w/o: 0.00/871.00/174.00) lat (ms,95%): 15.83 err/s: 0.00 reconn/s: 0.00
[ 5s ] thds: 1 tps: 91.00 qps: 1088.98 (r/w/o: 0.00/906.98/182.00) lat (ms,95%): 14.21 err/s: 0.00 reconn/s: 0.00
[ 6s ] thds: 1 tps: 89.00 qps: 1066.04 (r/w/o: 0.00/888.03/178.01) lat (ms,95%): 15.00 err/s: 0.00 reconn/s: 0.00
[ 7s ] thds: 1 tps: 89.00 qps: 1070.98 (r/w/o: 0.00/892.98/178.00) lat (ms,95%): 15.55 err/s: 0.00 reconn/s: 0.00
[ 8s ] thds: 1 tps: 93.00 qps: 1112.03 (r/w/o: 0.00/927.03/185.01) lat (ms,95%): 14.46 err/s: 0.00 reconn/s: 0.00
SQL statistics:
    queries performed:
        read:                            0
        write:                           7179
        other:                           1437
        total:                           8616
    transactions:                        718    (89.58 per sec.)
    queries:                             8616   (1075.01 per sec.)
    ignored errors:                      0      (0.00 per sec.)
    reconnects:                          0      (0.00 per sec.)

General statistics:
    total time:                          8.0144s
    total number of events:              718

Latency (ms):
         min:                                    8.18
         avg:                                   11.16
         max:                                   25.46
         95th percentile:                       15.00
         sum:                                 8012.04

Threads fairness:
    events (avg/stddev):           718.0000/0.00
    execution time (avg/stddev):   8.0120/0.00

