sysbench 1.0.20 (using system LuaJIT 2.1.0-beta3)

Running the test with following options:
Number of threads: 4
Report intermediate results every 2 second(s)
Initializing random number generator from current time


Initializing worker threads...

Threads started!

[ 2s ] thds: 4 tps: 44.98 qps: 3223.90 (r/w/o: 0.00/1101.95/2121.94) lat (ms,95%): 144.97 err/s: 72.46 reconn/s: 0.00
[ 4s ] thds: 4 tps: 48.51 qps: 3312.33 (r/w/o: 0.00/1109.28/2203.05) lat (ms,95%): 130.13 err/s: 70.02 reconn/s: 0.00
[ 6s ] thds: 4 tps: 45.00 qps: 3278.47 (r/w/o: 0.00/1188.49/2089.98) lat (ms,95%): 147.61 err/s: 70.50 reconn/s: 0.00
[ 8s ] thds: 4 tps: 51.50 qps: 3518.98 (r/w/o: 0.00/1220.99/2297.99) lat (ms,95%): 123.28 err/s: 75.00 reconn/s: 0.00
[ 10s ] thds: 4 tps: 49.50 qps: 3452.08 (r/w/o: 0.00/1341.03/2111.05) lat (ms,95%): 134.90 err/s: 72.00 reconn/s: 0.00
[ 12s ] thds: 4 tps: 47.50 qps: 3038.51 (r/w/o: 0.00/968.50/2070.01) lat (ms,95%): 137.35 err/s: 61.00 reconn/s: 0.00
[ 14s ] thds: 4 tps: 47.50 qps: 3271.83 (r/w/o: 0.00/1173.94/2097.89) lat (ms,95%): 121.08 err/s: 67.00 reconn/s: 0.00
[ 16s ] thds: 4 tps: 45.50 qps: 3293.05 (r/w/o: 0.00/1240.02/2053.03) lat (ms,95%): 158.63 err/s: 75.00 reconn/s: 0.00
[ 18s ] thds: 4 tps: 52.50 qps: 3459.03 (r/w/o: 0.00/1114.51/2344.52) lat (ms,95%): 123.28 err/s: 59.50 reconn/s: 0.00
SQL statistics:
    queries performed:
        read:                            0
        write:                           20956
        other:                           38894
        total:                           59850
    transactions:                        869    (48.15 per sec.)
    queries:                             59850  (3316.05 per sec.)
    ignored errors:                      1245   (68.98 per sec.)
    reconnects:                          0      (0.00 per sec.)

General statistics:
    total time:                          18.0482s
    total number of events:              869

Latency (ms):
         min:                                   30.75
         avg:                                   83.07
         max:                                  221.17
         95th percentile:                      139.85
         sum:                                72185.60

Threads fairness:
    events (avg/stddev):           217.2500/3.70
    execution time (avg/stddev):   18.0464/0.00

