sysbench 1.0.20 (using system LuaJIT 2.1.0-beta3)

Running the test with following options:
Number of threads: 1
Report intermediate results every 1 second(s)
Initializing random number generator from current time


Initializing worker threads...

Threads started!

[ 1s ] thds: 1 tps: 998.32 qps: 2996.96 (r/w/o: 2996.96/0.00/0.00) lat (ms,95%): 1.14 err/s: 0.00 reconn/s: 0.00
[ 2s ] thds: 1 tps: 1024.22 qps: 3071.66 (r/w/o: 3071.66/0.00/0.00) lat (ms,95%): 1.04 err/s: 0.00 reconn/s: 0.00
[ 3s ] thds: 1 tps: 1003.01 qps: 3010.02 (r/w/o: 3010.02/0.00/0.00) lat (ms,95%): 1.06 err/s: 0.00 reconn/s: 0.00
[ 4s ] thds: 1 tps: 1003.98 qps: 3009.94 (r/w/o: 3009.94/0.00/0.00) lat (ms,95%): 1.10 err/s: 0.00 reconn/s: 0.00
[ 5s ] thds: 1 tps: 1017.01 qps: 3053.04 (r/w/o: 3053.04/0.00/0.00) lat (ms,95%): 1.06 err/s: 0.00 reconn/s: 0.00
[ 6s ] thds: 1 tps: 1036.95 qps: 3109.86 (r/w/o: 3109.86/0.00/0.00) lat (ms,95%): 1.03 err/s: 0.00 reconn/s: 0.00
[ 7s ] thds: 1 tps: 1037.94 qps: 3114.83 (r/w/o: 3114.83/0.00/0.00) lat (ms,95%): 1.04 err/s: 0.00 reconn/s: 0.00
[ 8s ] thds: 1 tps: 1036.12 qps: 3106.36 (r/w/o: 3106.36/0.00/0.00) lat (ms,95%): 1.03 err/s: 0.00 reconn/s: 0.00
SQL statistics:
    queries performed:
        read:                            24477
        write:                           0
        other:                           0
        total:                           24477
    transactions:                        8159   (1019.65 per sec.)
    queries:                             24477  (3058.96 per sec.)
    ignored errors:                      0      (0.00 per sec.)
    reconnects:                          0      (0.00 per sec.)

General statistics:
    total time:                          8.0014s
    total number of events:              8159

Latency (ms):
         min:                                    0.88
         avg:                                    0.98
         max:                                    8.69
         95th percentile:                        1.06
         sum:                                 7992.66

Threads fairness:
    events (avg/stddev):           8159.0000/0.00
    execution time (avg/stddev):   7.9927/0.00

