sysbench 1.0.20 (using system LuaJIT 2.1.0-beta3)

Running the test with following options:
Number of threads: 4
Report intermediate results every 2 second(s)
Initializing random number generator from current time


Initializing worker threads...

Threads started!

[ 2s ] thds: 4 tps: 3031.53 qps: 3031.53 (r/w/o: 3031.53/0.00/0.00) lat (ms,95%): 1.82 err/s: 0.00 reconn/s: 0.00
[ 4s ] thds: 4 tps: 3188.51 qps: 3188.51 (r/w/o: 3188.51/0.00/0.00) lat (ms,95%): 1.50 err/s: 0.00 reconn/s: 0.00
[ 6s ] thds: 4 tps: 3144.56 qps: 3144.56 (r/w/o: 3144.56/0.00/0.00) lat (ms,95%): 1.58 err/s: 0.00 reconn/s: 0.00
[ 8s ] thds: 4 tps: 3199.66 qps: 3199.66 (r/w/o: 3199.66/0.00/0.00) lat (ms,95%): 1.52 err/s: 0.00 reconn/s: 0.00
[ 10s ] thds: 4 tps: 3179.73 qps: 3179.73 (r/w/o: 3179.73/0.00/0.00) lat (ms,95%): 1.52 err/s: 0.00 reconn/s: 0.00
[ 12s ] thds: 4 tps: 3161.59 qps: 3161.59 (r/w/o: 3161.59/0.00/0.00) lat (ms,95%): 1.55 err/s: 0.00 reconn/s: 0.00
[ 14s ] thds: 4 tps: 3192.51 qps: 3192.51 (r/w/o: 3192.51/0.00/0.00) lat (ms,95%): 1.52 err/s: 0.00 reconn/s: 0.00
[ 16s ] thds: 4 tps: 3196.42 qps: 3196.42 (r/w/o: 3196.42/0.00/0.00) lat (ms,95%): 1.52 err/s: 0.00 reconn/s: 0.00
[ 18s ] thds: 4 tps: 3193.19 qps: 3193.19 (r/w/o: 3193.19/0.00/0.00) lat (ms,95%): 1.52 err/s: 0.00 reconn/s: 0.00
SQL statistics:
    queries performed:
        read:                            56980
        write:                           0
        other:                           0
        total:                           56980
    transactions:                        56980  (3165.21 per sec.)
    queries:                             56980  (3165.21 per sec.)
    ignored errors:                      0      (0.00 per sec.)
    reconnects:                          0      (0.00 per sec.)

General statistics:
    total time:                          18.0016s
    total number of events:              56980

Latency (ms):
         min:                                    0.64
         avg:                                    1.26
         max:                                   19.90
         95th percentile:                        1.55
         sum:                                71912.62

Threads fairness:
    events (avg/stddev):           14245.0000/81.02
    execution time (avg/stddev):   17.9782/0.00

