sysbench 1.0.20 (using system LuaJIT 2.1.0-beta3)

Running the test with following options:
Number of threads: 4
Report intermediate results every 2 second(s)
Initializing random number generator from current time


Initializing worker threads...

Threads started!

[ 2s ] thds: 4 tps: 2835.68 qps: 2835.68 (r/w/o: 2835.68/0.00/0.00) lat (ms,95%): 1.79 err/s: 0.00 reconn/s: 0.00
[ 4s ] thds: 4 tps: 2869.84 qps: 2869.84 (r/w/o: 2869.84/0.00/0.00) lat (ms,95%): 1.82 err/s: 0.00 reconn/s: 0.00
[ 6s ] thds: 4 tps: 2848.03 qps: 2848.03 (r/w/o: 2848.03/0.00/0.00) lat (ms,95%): 1.86 err/s: 0.00 reconn/s: 0.00
[ 8s ] thds: 4 tps: 2765.57 qps: 2765.57 (r/w/o: 2765.57/0.00/0.00) lat (ms,95%): 2.00 err/s: 0.00 reconn/s: 0.00
[ 10s ] thds: 4 tps: 2842.91 qps: 2842.91 (r/w/o: 2842.91/0.00/0.00) lat (ms,95%): 1.89 err/s: 0.00 reconn/s: 0.00
[ 12s ] thds: 4 tps: 2875.01 qps: 2875.01 (r/w/o: 2875.01/0.00/0.00) lat (ms,95%): 1.79 err/s: 0.00 reconn/s: 0.00
[ 14s ] thds: 4 tps: 2870.57 qps: 2870.57 (r/w/o: 2870.57/0.00/0.00) lat (ms,95%): 1.79 err/s: 0.00 reconn/s: 0.00
[ 16s ] thds: 4 tps: 2854.43 qps: 2854.43 (r/w/o: 2854.43/0.00/0.00) lat (ms,95%): 1.86 err/s: 0.00 reconn/s: 0.00
[ 18s ] thds: 4 tps: 2897.07 qps: 2897.07 (r/w/o: 2897.07/0.00/0.00) lat (ms,95%): 1.79 err/s: 0.00 reconn/s: 0.00
SQL statistics:
    queries performed:
        read:                            51323
        write:                           0
        other:                           0
        total:                           51323
    transactions:                        51323  (2850.91 per sec.)
    queries:                             51323  (2850.91 per sec.)
    ignored errors:                      0      (0.00 per sec.)
    reconnects:                          0      (0.00 per sec.)

General statistics:
    total time:                          18.0019s
    total number of events:              51323

Latency (ms):
         min:                                    0.67
         avg:                                    1.40
         max:                                   19.85
         95th percentile:                        1.86
         sum:                                71922.68

Threads fairness:
    events (avg/stddev):           12830.7500/39.22
    execution time (avg/stddev):   17.9807/0.00

