sysbench 1.0.20 (using system LuaJIT 2.1.0-beta3)

Running the test with following options:
Number of threads: 4
Report intermediate results every 2 second(s)
Initializing random number generator from current time


Initializing worker threads...

Threads started!

[ 2s ] thds: 4 tps: 2.00 qps: 3492.28 (r/w/o: 0.00/872.07/2620.21) lat (ms,95%): 1129.24 err/s: 0.00 reconn/s: 0.00
[ 4s ] thds: 4 tps: 4.00 qps: 3694.73 (r/w/o: 0.00/921.68/2773.05) lat (ms,95%): 1191.92 err/s: 0.00 reconn/s: 0.00
[ 6s ] thds: 4 tps: 4.00 qps: 4554.12 (r/w/o: 0.00/1136.53/3417.59) lat (ms,95%): 1032.01 err/s: 0.00 reconn/s: 0.00
[ 8s ] thds: 4 tps: 6.00 qps: 4308.05 (r/w/o: 0.00/1074.51/3233.54) lat (ms,95%): 960.30 err/s: 0.00 reconn/s: 0.00
[ 10s ] thds: 4 tps: 4.00 qps: 4194.02 (r/w/o: 0.00/1046.01/3148.02) lat (ms,95%): 1013.60 err/s: 0.00 reconn/s: 0.00
[ 12s ] thds: 4 tps: 2.00 qps: 3609.48 (r/w/o: 0.00/901.49/2707.98) lat (ms,95%): 1013.60 err/s: 0.00 reconn/s: 0.00
[ 14s ] thds: 4 tps: 4.00 qps: 3250.60 (r/w/o: 0.00/810.52/2440.07) lat (ms,95%): 1258.08 err/s: 0.00 reconn/s: 0.00
[ 16s ] thds: 4 tps: 4.00 qps: 3214.02 (r/w/o: 0.00/801.50/2412.51) lat (ms,95%): 1352.03 err/s: 0.00 reconn/s: 0.00
[ 18s ] thds: 4 tps: 2.00 qps: 2995.98 (r/w/o: 0.00/748.00/2247.99) lat (ms,95%): 1327.91 err/s: 0.00 reconn/s: 0.00
SQL statistics:
    queries performed:
        read:                            0
        write:                           17019
        other:                           51185
        total:                           68204
    transactions:                        68     (3.67 per sec.)
    queries:                             68204  (3680.43 per sec.)
    ignored errors:                      0      (0.00 per sec.)
    reconnects:                          0      (0.00 per sec.)

General statistics:
    total time:                          18.5312s
    total number of events:              68

Latency (ms):
         min:                                  857.61
         avg:                                 1090.01
         max:                                 1361.77
         95th percentile:                     1352.03
         sum:                                74120.98

Threads fairness:
    events (avg/stddev):           17.0000/0.00
    execution time (avg/stddev):   18.5302/0.00

