sysbench 1.0.20 (using system LuaJIT 2.1.0-beta3)

Running the test with following options:
Number of threads: 1
Report intermediate results every 1 second(s)
Initializing random number generator from current time


Initializing worker threads...

Threads started!

[ 1s ] thds: 1 tps: 323.74 qps: 323.74 (r/w/o: 323.74/0.00/0.00) lat (ms,95%): 3.13 err/s: 0.00 reconn/s: 0.00
[ 2s ] thds: 1 tps: 322.09 qps: 322.09 (r/w/o: 322.09/0.00/0.00) lat (ms,95%): 3.36 err/s: 0.00 reconn/s: 0.00
[ 3s ] thds: 1 tps: 322.99 qps: 322.99 (r/w/o: 322.99/0.00/0.00) lat (ms,95%): 3.13 err/s: 0.00 reconn/s: 0.00
[ 4s ] thds: 1 tps: 326.01 qps: 326.01 (r/w/o: 326.01/0.00/0.00) lat (ms,95%): 3.13 err/s: 0.00 reconn/s: 0.00
[ 5s ] thds: 1 tps: 323.03 qps: 323.03 (r/w/o: 323.03/0.00/0.00) lat (ms,95%): 3.13 err/s: 0.00 reconn/s: 0.00
[ 6s ] thds: 1 tps: 324.98 qps: 324.98 (r/w/o: 324.98/0.00/0.00) lat (ms,95%): 3.13 err/s: 0.00 reconn/s: 0.00
[ 7s ] thds: 1 tps: 327.00 qps: 327.00 (r/w/o: 327.00/0.00/0.00) lat (ms,95%): 3.13 err/s: 0.00 reconn/s: 0.00
[ 8s ] thds: 1 tps: 327.99 qps: 327.99 (r/w/o: 327.99/0.00/0.00) lat (ms,95%): 3.07 err/s: 0.00 reconn/s: 0.00
SQL statistics:
    queries performed:
        read:                            2599
        write:                           0
        other:                           0
        total:                           2599
    transactions:                        2599   (324.80 per sec.)
    queries:                             2599   (324.80 per sec.)
    ignored errors:                      0      (0.00 per sec.)
    reconnects:                          0      (0.00 per sec.)

General statistics:
    total time:                          8.0015s
    total number of events:              2599

Latency (ms):
         min:                                    2.97
         avg:                                    3.08
         max:                                   11.31
         95th percentile:                        3.13
         sum:                                 7996.97

Threads fairness:
    events (avg/stddev):           2599.0000/0.00
    execution time (avg/stddev):   7.9970/0.00

