sysbench 1.0.20 (using system LuaJIT 2.1.0-beta3)

Running the test with following options:
Number of threads: 1
Report intermediate results every 1 second(s)
Initializing random number generator from current time


Initializing worker threads...

Threads started!

[ 1s ] thds: 1 tps: 0.00 qps: 909.18 (r/w/o: 0.00/906.18/3.00) lat (ms,95%): 0.00 err/s: 0.00 reconn/s: 0.00
[ 2s ] thds: 1 tps: 0.00 qps: 899.43 (r/w/o: 0.00/899.43/0.00) lat (ms,95%): 0.00 err/s: 0.00 reconn/s: 0.00
[ 3s ] thds: 1 tps: 0.00 qps: 938.98 (r/w/o: 0.00/938.98/0.00) lat (ms,95%): 0.00 err/s: 0.00 reconn/s: 0.00
[ 4s ] thds: 1 tps: 0.00 qps: 1153.96 (r/w/o: 0.00/1153.96/0.00) lat (ms,95%): 0.00 err/s: 0.00 reconn/s: 0.00
[ 5s ] thds: 1 tps: 1.00 qps: 1156.96 (r/w/o: 0.00/1154.96/2.00) lat (ms,95%): 4055.23 err/s: 0.00 reconn/s: 0.00
[ 6s ] thds: 1 tps: 0.00 qps: 1168.02 (r/w/o: 0.00/1168.02/0.00) lat (ms,95%): 0.00 err/s: 0.00 reconn/s: 0.00
[ 7s ] thds: 1 tps: 0.00 qps: 1068.03 (r/w/o: 0.00/1068.03/0.00) lat (ms,95%): 0.00 err/s: 0.00 reconn/s: 0.00
[ 8s ] thds: 1 tps: 1.00 qps: 1068.98 (r/w/o: 0.00/1066.98/2.00) lat (ms,95%): 3574.99 err/s: 0.00 reconn/s: 0.00
[ 9s ] thds: 1 tps: 0.00 qps: 1147.08 (r/w/o: 0.00/1147.08/0.00) lat (ms,95%): 0.00 err/s: 0.00 reconn/s: 0.00
[ 10s ] thds: 1 tps: 0.00 qps: 1119.94 (r/w/o: 0.00/1119.94/0.00) lat (ms,95%): 0.00 err/s: 0.00 reconn/s: 0.00
[ 11s ] thds: 1 tps: 0.00 qps: 967.05 (r/w/o: 0.00/967.05/0.00) lat (ms,95%): 0.00 err/s: 0.00 reconn/s: 0.00
SQL statistics:
    queries performed:
        read:                            0
        write:                           12002
        other:                           7
        total:                           12009
    transactions:                        3      (0.26 per sec.)
    queries:                             12009  (1054.67 per sec.)
    ignored errors:                      0      (0.00 per sec.)
    reconnects:                          0      (0.00 per sec.)

General statistics:
    total time:                          11.3862s
    total number of events:              3

Latency (ms):
         min:                                 3557.07
         avg:                                 3795.19
         max:                                 4083.68
         95th percentile:                     4055.23
         sum:                                11385.56

Threads fairness:
    events (avg/stddev):           3.0000/0.00
    execution time (avg/stddev):   11.3856/0.00

