sysbench 1.0.20 (using system LuaJIT 2.1.0-beta3)

Running the test with following options:
Number of threads: 1
Report intermediate results every 1 second(s)
Initializing random number generator from current time


Initializing worker threads...

Threads started!

[ 1s ] thds: 1 tps: 4400.00 qps: 4400.00 (r/w/o: 4400.00/0.00/0.00) lat (ms,95%): 0.25 err/s: 0.00 reconn/s: 0.00
[ 2s ] thds: 1 tps: 4423.61 qps: 4423.61 (r/w/o: 4423.61/0.00/0.00) lat (ms,95%): 0.25 err/s: 0.00 reconn/s: 0.00
[ 3s ] thds: 1 tps: 4452.92 qps: 4452.92 (r/w/o: 4452.92/0.00/0.00) lat (ms,95%): 0.25 err/s: 0.00 reconn/s: 0.00
[ 4s ] thds: 1 tps: 4465.35 qps: 4465.35 (r/w/o: 4465.35/0.00/0.00) lat (ms,95%): 0.25 err/s: 0.00 reconn/s: 0.00
[ 5s ] thds: 1 tps: 4357.64 qps: 4357.64 (r/w/o: 4357.64/0.00/0.00) lat (ms,95%): 0.26 err/s: 0.00 reconn/s: 0.00
[ 6s ] thds: 1 tps: 4483.24 qps: 4483.24 (r/w/o: 4483.24/0.00/0.00) lat (ms,95%): 0.25 err/s: 0.00 reconn/s: 0.00
[ 7s ] thds: 1 tps: 4361.14 qps: 4361.14 (r/w/o: 4361.14/0.00/0.00) lat (ms,95%): 0.26 err/s: 0.00 reconn/s: 0.00
SQL statistics:
    queries performed:
        read:                            35342
        write:                           0
        other:                           0
        total:                           35342
    transactions:                        35342  (4417.17 per sec.)
    queries:                             35342  (4417.17 per sec.)
    ignored errors:                      0      (0.00 per sec.)
    reconnects:                          0      (0.00 per sec.)

General statistics:
    total time:                          8.0007s
    total number of events:              35342

Latency (ms):
         min:                                    0.19
         avg:                                    0.23
         max:                                    8.07
         95th percentile:                        0.25
         sum:                                 7965.79

Threads fairness:
    events (avg/stddev):           35342.0000/0.00
    execution time (avg/stddev):   7.9658/0.00

