sysbench 1.0.20 (using system LuaJIT 2.1.0-beta3)

Running the test with following options:
Number of threads: 4
Report intermediate results every 3 second(s)
Initializing random number generator from current time


Initializing worker threads...

Threads started!

[ 3s ] thds: 4 tps: 369.84 qps: 1112.20 (r/w/o: 1112.20/0.00/0.00) lat (ms,95%): 12.08 err/s: 0.00 reconn/s: 0.00
[ 6s ] thds: 4 tps: 362.76 qps: 1086.60 (r/w/o: 1086.60/0.00/0.00) lat (ms,95%): 13.22 err/s: 0.00 reconn/s: 0.00
[ 9s ] thds: 4 tps: 370.00 qps: 1109.00 (r/w/o: 1109.00/0.00/0.00) lat (ms,95%): 11.87 err/s: 0.00 reconn/s: 0.00
[ 12s ] thds: 4 tps: 371.33 qps: 1115.67 (r/w/o: 1115.67/0.00/0.00) lat (ms,95%): 11.87 err/s: 0.00 reconn/s: 0.00
[ 15s ] thds: 4 tps: 373.00 qps: 1118.66 (r/w/o: 1118.66/0.00/0.00) lat (ms,95%): 11.87 err/s: 0.00 reconn/s: 0.00
[ 18s ] thds: 4 tps: 370.01 qps: 1109.35 (r/w/o: 1109.35/0.00/0.00) lat (ms,95%): 11.87 err/s: 0.00 reconn/s: 0.00
[ 21s ] thds: 4 tps: 375.33 qps: 1126.66 (r/w/o: 1126.66/0.00/0.00) lat (ms,95%): 11.65 err/s: 0.00 reconn/s: 0.00
[ 24s ] thds: 4 tps: 371.00 qps: 1113.34 (r/w/o: 1113.34/0.00/0.00) lat (ms,95%): 12.08 err/s: 0.00 reconn/s: 0.00
[ 27s ] thds: 4 tps: 369.66 qps: 1108.65 (r/w/o: 1108.65/0.00/0.00) lat (ms,95%): 12.08 err/s: 0.00 reconn/s: 0.00
[ 30s ] thds: 4 tps: 372.34 qps: 1116.34 (r/w/o: 1116.34/0.00/0.00) lat (ms,95%): 11.87 err/s: 0.00 reconn/s: 0.00
[ 33s ] thds: 4 tps: 369.34 qps: 1108.01 (r/w/o: 1108.01/0.00/0.00) lat (ms,95%): 11.87 err/s: 0.00 reconn/s: 0.00
[ 36s ] thds: 4 tps: 372.66 qps: 1119.31 (r/w/o: 1119.31/0.00/0.00) lat (ms,95%): 11.87 err/s: 0.00 reconn/s: 0.00
[ 39s ] thds: 4 tps: 370.67 qps: 1111.69 (r/w/o: 1111.69/0.00/0.00) lat (ms,95%): 11.87 err/s: 0.00 reconn/s: 0.00
[ 42s ] thds: 4 tps: 374.00 qps: 1122.33 (r/w/o: 1122.33/0.00/0.00) lat (ms,95%): 11.87 err/s: 0.00 reconn/s: 0.00
[ 45s ] thds: 4 tps: 372.00 qps: 1115.34 (r/w/o: 1115.34/0.00/0.00) lat (ms,95%): 11.87 err/s: 0.00 reconn/s: 0.00
[ 48s ] thds: 4 tps: 373.66 qps: 1121.99 (r/w/o: 1121.99/0.00/0.00) lat (ms,95%): 11.87 err/s: 0.00 reconn/s: 0.00
[ 51s ] thds: 4 tps: 372.67 qps: 1117.34 (r/w/o: 1117.34/0.00/0.00) lat (ms,95%): 11.87 err/s: 0.00 reconn/s: 0.00
[ 54s ] thds: 4 tps: 363.66 qps: 1090.65 (r/w/o: 1090.65/0.00/0.00) lat (ms,95%): 12.08 err/s: 0.00 reconn/s: 0.00
[ 57s ] thds: 4 tps: 359.34 qps: 1078.01 (r/w/o: 1078.01/0.00/0.00) lat (ms,95%): 12.30 err/s: 0.00 reconn/s: 0.00
[ 60s ] thds: 4 tps: 365.33 qps: 1095.66 (r/w/o: 1095.66/0.00/0.00) lat (ms,95%): 12.08 err/s: 0.00 reconn/s: 0.00
SQL statistics:
    queries performed:
        read:                            66600
        write:                           0
        other:                           0
        total:                           66600
    transactions:                        22200  (369.94 per sec.)
    queries:                             66600  (1109.81 per sec.)
    ignored errors:                      0      (0.00 per sec.)
    reconnects:                          0      (0.00 per sec.)

General statistics:
    total time:                          60.0097s
    total number of events:              22200

Latency (ms):
         min:                                    5.66
         avg:                                   10.81
         max:                                   26.88
         95th percentile:                       12.08
         sum:                               239994.24

Threads fairness:
    events (avg/stddev):           5550.0000/10.32
    execution time (avg/stddev):   59.9986/0.00

