sysbench 1.0.20 (using system LuaJIT 2.1.0-beta3)

Running the test with following options:
Number of threads: 1
Report intermediate results every 1 second(s)
Initializing random number generator from current time


Initializing worker threads...

Threads started!

[ 1s ] thds: 1 tps: 1.00 qps: 1339.73 (r/w/o: 0.00/1334.73/5.00) lat (ms,95%): 733.00 err/s: 0.00 reconn/s: 0.00
[ 2s ] thds: 1 tps: 1.00 qps: 1343.54 (r/w/o: 0.00/1341.54/2.00) lat (ms,95%): 759.88 err/s: 0.00 reconn/s: 0.00
[ 3s ] thds: 1 tps: 2.00 qps: 1338.08 (r/w/o: 0.00/1334.08/4.00) lat (ms,95%): 746.32 err/s: 0.00 reconn/s: 0.00
[ 4s ] thds: 1 tps: 1.00 qps: 1294.01 (r/w/o: 0.00/1292.01/2.00) lat (ms,95%): 773.68 err/s: 0.00 reconn/s: 0.00
[ 5s ] thds: 1 tps: 1.00 qps: 1192.02 (r/w/o: 0.00/1190.02/2.00) lat (ms,95%): 831.46 err/s: 0.00 reconn/s: 0.00
[ 6s ] thds: 1 tps: 1.00 qps: 1333.96 (r/w/o: 0.00/1331.96/2.00) lat (ms,95%): 802.05 err/s: 0.00 reconn/s: 0.00
[ 7s ] thds: 1 tps: 2.00 qps: 1306.04 (r/w/o: 0.00/1302.04/4.00) lat (ms,95%): 759.88 err/s: 0.00 reconn/s: 0.00
[ 8s ] thds: 1 tps: 1.00 qps: 1210.98 (r/w/o: 0.00/1208.98/2.00) lat (ms,95%): 816.63 err/s: 0.00 reconn/s: 0.00
SQL statistics:
    queries performed:
        read:                            0
        write:                           11010
        other:                           23
        total:                           11033
    transactions:                        11     (1.28 per sec.)
    queries:                             11033  (1286.10 per sec.)
    ignored errors:                      0      (0.00 per sec.)
    reconnects:                          0      (0.00 per sec.)

General statistics:
    total time:                          8.5783s
    total number of events:              11

Latency (ms):
         min:                                  734.16
         avg:                                  779.79
         max:                                  862.54
         95th percentile:                      831.46
         sum:                                 8577.67

Threads fairness:
    events (avg/stddev):           11.0000/0.00
    execution time (avg/stddev):   8.5777/0.00

