sysbench 1.0.20 (using system LuaJIT 2.1.0-beta3)

Running the test with following options:
Number of threads: 1
Report intermediate results every 1 second(s)
Initializing random number generator from current time


Initializing worker threads...

Threads started!

[ 1s ] thds: 1 tps: 5985.61 qps: 5985.61 (r/w/o: 5985.61/0.00/0.00) lat (ms,95%): 0.19 err/s: 0.00 reconn/s: 0.00
[ 2s ] thds: 1 tps: 5913.17 qps: 5913.17 (r/w/o: 5913.17/0.00/0.00) lat (ms,95%): 0.19 err/s: 0.00 reconn/s: 0.00
[ 3s ] thds: 1 tps: 5987.43 qps: 5987.43 (r/w/o: 5987.43/0.00/0.00) lat (ms,95%): 0.19 err/s: 0.00 reconn/s: 0.00
[ 4s ] thds: 1 tps: 5972.77 qps: 5972.77 (r/w/o: 5972.77/0.00/0.00) lat (ms,95%): 0.19 err/s: 0.00 reconn/s: 0.00
[ 5s ] thds: 1 tps: 6003.76 qps: 6003.76 (r/w/o: 6003.76/0.00/0.00) lat (ms,95%): 0.19 err/s: 0.00 reconn/s: 0.00
[ 6s ] thds: 1 tps: 6006.37 qps: 6006.37 (r/w/o: 6006.37/0.00/0.00) lat (ms,95%): 0.19 err/s: 0.00 reconn/s: 0.00
[ 7s ] thds: 1 tps: 5804.83 qps: 5804.83 (r/w/o: 5804.83/0.00/0.00) lat (ms,95%): 0.20 err/s: 0.00 reconn/s: 0.00
SQL statistics:
    queries performed:
        read:                            47608
        write:                           0
        other:                           0
        total:                           47608
    transactions:                        47608  (5950.24 per sec.)
    queries:                             47608  (5950.24 per sec.)
    ignored errors:                      0      (0.00 per sec.)
    reconnects:                          0      (0.00 per sec.)

General statistics:
    total time:                          8.0007s
    total number of events:              47608

Latency (ms):
         min:                                    0.14
         avg:                                    0.17
         max:                                    7.48
         95th percentile:                        0.19
         sum:                                 7959.13

Threads fairness:
    events (avg/stddev):           47608.0000/0.00
    execution time (avg/stddev):   7.9591/0.00

