sysbench 1.0.20 (using system LuaJIT 2.1.0-beta3)

Running the test with following options:
Number of threads: 1
Report intermediate results every 1 second(s)
Initializing random number generator from current time


Initializing worker threads...

Threads started!

[ 1s ] thds: 1 tps: 0.00 qps: 715.36 (r/w/o: 0.00/712.37/3.00) lat (ms,95%): 0.00 err/s: 0.00 reconn/s: 0.00
[ 2s ] thds: 1 tps: 0.00 qps: 692.28 (r/w/o: 0.00/692.28/0.00) lat (ms,95%): 0.00 err/s: 0.00 reconn/s: 0.00
[ 3s ] thds: 1 tps: 0.00 qps: 603.02 (r/w/o: 0.00/603.02/0.00) lat (ms,95%): 0.00 err/s: 0.00 reconn/s: 0.00
[ 4s ] thds: 1 tps: 0.00 qps: 690.95 (r/w/o: 0.00/690.95/0.00) lat (ms,95%): 0.00 err/s: 0.00 reconn/s: 0.00
[ 5s ] thds: 1 tps: 0.00 qps: 657.04 (r/w/o: 0.00/657.04/0.00) lat (ms,95%): 0.00 err/s: 0.00 reconn/s: 0.00
[ 6s ] thds: 1 tps: 0.00 qps: 631.97 (r/w/o: 0.00/631.97/0.00) lat (ms,95%): 0.00 err/s: 0.00 reconn/s: 0.00
[ 7s ] thds: 1 tps: 1.00 qps: 592.04 (r/w/o: 0.00/590.04/2.00) lat (ms,95%): 6026.41 err/s: 0.00 reconn/s: 0.00
[ 8s ] thds: 1 tps: 0.00 qps: 569.96 (r/w/o: 0.00/569.96/0.00) lat (ms,95%): 0.00 err/s: 0.00 reconn/s: 0.00
[ 9s ] thds: 1 tps: 0.00 qps: 644.04 (r/w/o: 0.00/644.04/0.00) lat (ms,95%): 0.00 err/s: 0.00 reconn/s: 0.00
[ 10s ] thds: 1 tps: 0.00 qps: 739.02 (r/w/o: 0.00/739.02/0.00) lat (ms,95%): 0.00 err/s: 0.00 reconn/s: 0.00
[ 11s ] thds: 1 tps: 0.00 qps: 736.96 (r/w/o: 0.00/736.96/0.00) lat (ms,95%): 0.00 err/s: 0.00 reconn/s: 0.00
SQL statistics:
    queries performed:
        read:                            0
        write:                           8001
        other:                           5
        total:                           8006
    transactions:                        2      (0.17 per sec.)
    queries:                             8006   (668.30 per sec.)
    ignored errors:                      0      (0.00 per sec.)
    reconnects:                          0      (0.00 per sec.)

General statistics:
    total time:                          11.9793s
    total number of events:              2

Latency (ms):
         min:                                 5963.82
         avg:                                 5989.39
         max:                                 6014.96
         95th percentile:                     6026.41
         sum:                                11978.77

Threads fairness:
    events (avg/stddev):           2.0000/0.00
    execution time (avg/stddev):   11.9788/0.00

