sysbench 1.0.20 (using system LuaJIT 2.1.0-beta3)

Running the test with following options:
Number of threads: 1
Report intermediate results every 1 second(s)
Initializing random number generator from current time


Initializing worker threads...

Threads started!

[ 1s ] thds: 1 tps: 1.00 qps: 1487.67 (r/w/o: 0.00/1482.68/5.00) lat (ms,95%): 539.71 err/s: 0.00 reconn/s: 0.00
[ 2s ] thds: 1 tps: 2.00 qps: 1415.61 (r/w/o: 0.00/1411.61/4.00) lat (ms,95%): 549.52 err/s: 0.00 reconn/s: 0.00
[ 3s ] thds: 1 tps: 2.00 qps: 1264.00 (r/w/o: 0.00/1260.00/4.00) lat (ms,95%): 623.33 err/s: 0.00 reconn/s: 0.00
[ 4s ] thds: 1 tps: 1.00 qps: 1448.04 (r/w/o: 0.00/1446.04/2.00) lat (ms,95%): 580.02 err/s: 0.00 reconn/s: 0.00
[ 5s ] thds: 1 tps: 2.00 qps: 1523.92 (r/w/o: 0.00/1519.92/4.00) lat (ms,95%): 559.50 err/s: 0.00 reconn/s: 0.00
[ 6s ] thds: 1 tps: 2.00 qps: 1560.00 (r/w/o: 0.00/1556.00/4.00) lat (ms,95%): 520.62 err/s: 0.00 reconn/s: 0.00
[ 7s ] thds: 1 tps: 2.00 qps: 1569.07 (r/w/o: 0.00/1565.07/4.00) lat (ms,95%): 511.33 err/s: 0.00 reconn/s: 0.00
[ 8s ] thds: 1 tps: 2.00 qps: 1484.01 (r/w/o: 0.00/1480.01/4.00) lat (ms,95%): 549.52 err/s: 0.00 reconn/s: 0.00
SQL statistics:
    queries performed:
        read:                            0
        write:                           12014
        other:                           31
        total:                           12045
    transactions:                        15     (1.83 per sec.)
    queries:                             12045  (1471.71 per sec.)
    ignored errors:                      0      (0.00 per sec.)
    reconnects:                          0      (0.00 per sec.)

General statistics:
    total time:                          8.1840s
    total number of events:              15

Latency (ms):
         min:                                  498.60
         avg:                                  545.56
         max:                                  622.64
         95th percentile:                      612.21
         sum:                                 8183.35

Threads fairness:
    events (avg/stddev):           15.0000/0.00
    execution time (avg/stddev):   8.1833/0.00

