sysbench 1.0.20 (using system LuaJIT 2.1.0-beta3)

Running the test with following options:
Number of threads: 4
Report intermediate results every 2 second(s)
Initializing random number generator from current time


Initializing worker threads...

Threads started!

[ 2s ] thds: 4 tps: 0.00 qps: 3306.32 (r/w/o: 0.00/824.58/2481.74) lat (ms,95%): 0.00 err/s: 0.00 reconn/s: 0.00
[ 4s ] thds: 4 tps: 0.00 qps: 3324.83 (r/w/o: 0.00/831.21/2493.62) lat (ms,95%): 0.00 err/s: 0.00 reconn/s: 0.00
[ 6s ] thds: 4 tps: 0.00 qps: 3351.91 (r/w/o: 0.00/837.98/2513.93) lat (ms,95%): 0.00 err/s: 0.00 reconn/s: 0.00
[ 8s ] thds: 4 tps: 0.00 qps: 3499.99 (r/w/o: 0.00/875.00/2624.99) lat (ms,95%): 0.00 err/s: 0.00 reconn/s: 0.00
[ 10s ] thds: 4 tps: 0.00 qps: 3632.11 (r/w/o: 0.00/908.03/2724.08) lat (ms,95%): 0.00 err/s: 0.00 reconn/s: 0.00
[ 12s ] thds: 4 tps: 0.00 qps: 3288.02 (r/w/o: 0.00/822.01/2466.02) lat (ms,95%): 0.00 err/s: 0.00 reconn/s: 0.00
[ 14s ] thds: 4 tps: 0.00 qps: 3393.87 (r/w/o: 0.00/848.47/2545.41) lat (ms,95%): 0.00 err/s: 0.00 reconn/s: 0.00
[ 16s ] thds: 4 tps: 0.00 qps: 3254.12 (r/w/o: 0.00/813.53/2440.59) lat (ms,95%): 0.00 err/s: 0.00 reconn/s: 0.00
[ 18s ] thds: 4 tps: 0.00 qps: 3375.93 (r/w/o: 0.00/843.98/2531.95) lat (ms,95%): 0.00 err/s: 0.00 reconn/s: 0.00
[ 20s ] thds: 4 tps: 0.00 qps: 3159.93 (r/w/o: 0.00/789.98/2369.95) lat (ms,95%): 0.00 err/s: 0.00 reconn/s: 0.00
[ 22s ] thds: 4 tps: 0.00 qps: 3348.15 (r/w/o: 0.00/837.04/2511.11) lat (ms,95%): 0.00 err/s: 0.00 reconn/s: 0.00
[ 24s ] thds: 4 tps: 0.00 qps: 3367.89 (r/w/o: 0.00/841.97/2525.92) lat (ms,95%): 0.00 err/s: 0.00 reconn/s: 0.00
[ 26s ] thds: 4 tps: 0.00 qps: 3256.12 (r/w/o: 0.00/814.03/2442.09) lat (ms,95%): 0.00 err/s: 0.00 reconn/s: 0.00
SQL statistics:
    queries performed:
        read:                            0
        write:                           22000
        other:                           66016
        total:                           88016
    transactions:                        4      (0.15 per sec.)
    queries:                             88016  (3346.26 per sec.)
    ignored errors:                      0      (0.00 per sec.)
    reconnects:                          0      (0.00 per sec.)

General statistics:
    total time:                          26.3024s
    total number of events:              4

Latency (ms):
         min:                                26301.31
         avg:                                26301.41
         max:                                26301.61
         95th percentile:                    26382.13
         sum:                               105205.63

Threads fairness:
    events (avg/stddev):           1.0000/0.00
    execution time (avg/stddev):   26.3014/0.00

