sysbench 1.0.20 (using system LuaJIT 2.1.0-beta3)

Running the test with following options:
Number of threads: 4
Report intermediate results every 2 second(s)
Initializing random number generator from current time


Initializing worker threads...

Threads started!

[ 2s ] thds: 4 tps: 138.94 qps: 138.94 (r/w/o: 138.94/0.00/0.00) lat (ms,95%): 28.67 err/s: 0.00 reconn/s: 0.00
[ 4s ] thds: 4 tps: 143.02 qps: 143.02 (r/w/o: 143.02/0.00/0.00) lat (ms,95%): 29.19 err/s: 0.00 reconn/s: 0.00
[ 6s ] thds: 4 tps: 142.50 qps: 142.50 (r/w/o: 142.50/0.00/0.00) lat (ms,95%): 28.67 err/s: 0.00 reconn/s: 0.00
[ 8s ] thds: 4 tps: 142.00 qps: 142.00 (r/w/o: 142.00/0.00/0.00) lat (ms,95%): 28.16 err/s: 0.00 reconn/s: 0.00
[ 10s ] thds: 4 tps: 142.00 qps: 142.00 (r/w/o: 142.00/0.00/0.00) lat (ms,95%): 29.19 err/s: 0.00 reconn/s: 0.00
[ 12s ] thds: 4 tps: 143.00 qps: 143.00 (r/w/o: 143.00/0.00/0.00) lat (ms,95%): 28.67 err/s: 0.00 reconn/s: 0.00
[ 14s ] thds: 4 tps: 141.50 qps: 141.50 (r/w/o: 141.50/0.00/0.00) lat (ms,95%): 28.67 err/s: 0.00 reconn/s: 0.00
[ 16s ] thds: 4 tps: 142.00 qps: 142.00 (r/w/o: 142.00/0.00/0.00) lat (ms,95%): 28.67 err/s: 0.00 reconn/s: 0.00
[ 18s ] thds: 4 tps: 143.00 qps: 143.00 (r/w/o: 143.00/0.00/0.00) lat (ms,95%): 28.67 err/s: 0.00 reconn/s: 0.00
SQL statistics:
    queries performed:
        read:                            2560
        write:                           0
        other:                           0
        total:                           2560
    transactions:                        2560   (142.07 per sec.)
    queries:                             2560   (142.07 per sec.)
    ignored errors:                      0      (0.00 per sec.)
    reconnects:                          0      (0.00 per sec.)

General statistics:
    total time:                          18.0189s
    total number of events:              2560

Latency (ms):
         min:                                   21.93
         avg:                                   28.15
         max:                                   50.81
         95th percentile:                       28.67
         sum:                                72056.79

Threads fairness:
    events (avg/stddev):           640.0000/1.73
    execution time (avg/stddev):   18.0142/0.00

