sysbench 1.0.20 (using system LuaJIT 2.1.0-beta3)

Running the test with following options:
Number of threads: 4
Report intermediate results every 3 second(s)
Initializing random number generator from current time


Initializing worker threads...

Threads started!

[ 3s ] thds: 4 tps: 484.90 qps: 484.90 (r/w/o: 484.90/0.00/0.00) lat (ms,95%): 11.65 err/s: 0.00 reconn/s: 0.00
[ 6s ] thds: 4 tps: 494.63 qps: 494.63 (r/w/o: 494.63/0.00/0.00) lat (ms,95%): 11.45 err/s: 0.00 reconn/s: 0.00
[ 9s ] thds: 4 tps: 501.70 qps: 501.70 (r/w/o: 501.70/0.00/0.00) lat (ms,95%): 11.45 err/s: 0.00 reconn/s: 0.00
[ 12s ] thds: 4 tps: 513.31 qps: 513.64 (r/w/o: 513.64/0.00/0.00) lat (ms,95%): 11.04 err/s: 0.00 reconn/s: 0.00
[ 15s ] thds: 4 tps: 520.34 qps: 520.01 (r/w/o: 520.01/0.00/0.00) lat (ms,95%): 10.84 err/s: 0.00 reconn/s: 0.00
[ 18s ] thds: 4 tps: 518.82 qps: 518.82 (r/w/o: 518.82/0.00/0.00) lat (ms,95%): 10.84 err/s: 0.00 reconn/s: 0.00
[ 21s ] thds: 4 tps: 504.08 qps: 504.08 (r/w/o: 504.08/0.00/0.00) lat (ms,95%): 11.04 err/s: 0.00 reconn/s: 0.00
[ 24s ] thds: 4 tps: 509.45 qps: 509.45 (r/w/o: 509.45/0.00/0.00) lat (ms,95%): 11.04 err/s: 0.00 reconn/s: 0.00
[ 27s ] thds: 4 tps: 513.98 qps: 513.98 (r/w/o: 513.98/0.00/0.00) lat (ms,95%): 10.65 err/s: 0.00 reconn/s: 0.00
[ 30s ] thds: 4 tps: 504.02 qps: 504.02 (r/w/o: 504.02/0.00/0.00) lat (ms,95%): 11.04 err/s: 0.00 reconn/s: 0.00
[ 33s ] thds: 4 tps: 503.00 qps: 503.00 (r/w/o: 503.00/0.00/0.00) lat (ms,95%): 11.24 err/s: 0.00 reconn/s: 0.00
[ 36s ] thds: 4 tps: 511.67 qps: 511.67 (r/w/o: 511.67/0.00/0.00) lat (ms,95%): 11.24 err/s: 0.00 reconn/s: 0.00
[ 39s ] thds: 4 tps: 498.99 qps: 498.99 (r/w/o: 498.99/0.00/0.00) lat (ms,95%): 11.24 err/s: 0.00 reconn/s: 0.00
[ 42s ] thds: 4 tps: 518.67 qps: 518.67 (r/w/o: 518.67/0.00/0.00) lat (ms,95%): 10.84 err/s: 0.00 reconn/s: 0.00
[ 45s ] thds: 4 tps: 511.13 qps: 511.13 (r/w/o: 511.13/0.00/0.00) lat (ms,95%): 11.04 err/s: 0.00 reconn/s: 0.00
[ 48s ] thds: 4 tps: 507.82 qps: 507.82 (r/w/o: 507.82/0.00/0.00) lat (ms,95%): 11.04 err/s: 0.00 reconn/s: 0.00
[ 51s ] thds: 4 tps: 523.65 qps: 523.98 (r/w/o: 523.98/0.00/0.00) lat (ms,95%): 10.65 err/s: 0.00 reconn/s: 0.00
[ 54s ] thds: 4 tps: 520.72 qps: 520.39 (r/w/o: 520.39/0.00/0.00) lat (ms,95%): 10.46 err/s: 0.00 reconn/s: 0.00
[ 57s ] thds: 4 tps: 496.68 qps: 496.68 (r/w/o: 496.68/0.00/0.00) lat (ms,95%): 11.45 err/s: 0.00 reconn/s: 0.00
[ 60s ] thds: 4 tps: 494.32 qps: 494.32 (r/w/o: 494.32/0.00/0.00) lat (ms,95%): 11.45 err/s: 0.00 reconn/s: 0.00
SQL statistics:
    queries performed:
        read:                            30460
        write:                           0
        other:                           0
        total:                           30460
    transactions:                        30460  (507.62 per sec.)
    queries:                             30460  (507.62 per sec.)
    ignored errors:                      0      (0.00 per sec.)
    reconnects:                          0      (0.00 per sec.)

General statistics:
    total time:                          60.0057s
    total number of events:              30460

Latency (ms):
         min:                                    2.89
         avg:                                    7.88
         max:                                   27.86
         95th percentile:                       11.04
         sum:                               239963.13

Threads fairness:
    events (avg/stddev):           7615.0000/51.21
    execution time (avg/stddev):   59.9908/0.00

