sysbench 1.0.20 (using system LuaJIT 2.1.0-beta3)

Running the test with following options:
Number of threads: 1
Report intermediate results every 1 second(s)
Initializing random number generator from current time


Initializing worker threads...

Threads started!

[ 1s ] thds: 1 tps: 5835.46 qps: 5835.46 (r/w/o: 5835.46/0.00/0.00) lat (ms,95%): 0.20 err/s: 0.00 reconn/s: 0.00
[ 2s ] thds: 1 tps: 5821.63 qps: 5821.63 (r/w/o: 5821.63/0.00/0.00) lat (ms,95%): 0.20 err/s: 0.00 reconn/s: 0.00
[ 3s ] thds: 1 tps: 5875.86 qps: 5875.86 (r/w/o: 5875.86/0.00/0.00) lat (ms,95%): 0.20 err/s: 0.00 reconn/s: 0.00
[ 4s ] thds: 1 tps: 5791.81 qps: 5791.81 (r/w/o: 5791.81/0.00/0.00) lat (ms,95%): 0.20 err/s: 0.00 reconn/s: 0.00
[ 5s ] thds: 1 tps: 5921.13 qps: 5921.13 (r/w/o: 5921.13/0.00/0.00) lat (ms,95%): 0.19 err/s: 0.00 reconn/s: 0.00
[ 6s ] thds: 1 tps: 5952.09 qps: 5952.09 (r/w/o: 5952.09/0.00/0.00) lat (ms,95%): 0.19 err/s: 0.00 reconn/s: 0.00
[ 7s ] thds: 1 tps: 5925.13 qps: 5926.13 (r/w/o: 5926.13/0.00/0.00) lat (ms,95%): 0.19 err/s: 0.00 reconn/s: 0.00
[ 8s ] thds: 1 tps: 5544.55 qps: 5543.55 (r/w/o: 5543.55/0.00/0.00) lat (ms,95%): 0.20 err/s: 0.00 reconn/s: 0.00
SQL statistics:
    queries performed:
        read:                            46672
        write:                           0
        other:                           0
        total:                           46672
    transactions:                        46672  (5833.09 per sec.)
    queries:                             46672  (5833.09 per sec.)
    ignored errors:                      0      (0.00 per sec.)
    reconnects:                          0      (0.00 per sec.)

General statistics:
    total time:                          8.0009s
    total number of events:              46672

Latency (ms):
         min:                                    0.14
         avg:                                    0.17
         max:                                    7.99
         95th percentile:                        0.20
         sum:                                 7959.79

Threads fairness:
    events (avg/stddev):           46672.0000/0.00
    execution time (avg/stddev):   7.9598/0.00

