sysbench 1.0.20 (using system LuaJIT 2.1.0-beta3)

Running the test with following options:
Number of threads: 1
Report intermediate results every 1 second(s)
Initializing random number generator from current time


Initializing worker threads...

Threads started!

[ 1s ] thds: 1 tps: 1.00 qps: 1319.75 (r/w/o: 0.00/1314.75/5.00) lat (ms,95%): 773.68 err/s: 0.00 reconn/s: 0.00
[ 2s ] thds: 1 tps: 1.00 qps: 1323.65 (r/w/o: 0.00/1321.65/2.00) lat (ms,95%): 733.00 err/s: 0.00 reconn/s: 0.00
[ 3s ] thds: 1 tps: 2.00 qps: 1381.01 (r/w/o: 0.00/1377.01/4.00) lat (ms,95%): 802.05 err/s: 0.00 reconn/s: 0.00
[ 4s ] thds: 1 tps: 1.00 qps: 1344.97 (r/w/o: 0.00/1342.97/2.00) lat (ms,95%): 719.92 err/s: 0.00 reconn/s: 0.00
[ 5s ] thds: 1 tps: 1.00 qps: 1342.02 (r/w/o: 0.00/1340.02/2.00) lat (ms,95%): 773.68 err/s: 0.00 reconn/s: 0.00
[ 6s ] thds: 1 tps: 1.00 qps: 1186.99 (r/w/o: 0.00/1184.99/2.00) lat (ms,95%): 773.68 err/s: 0.00 reconn/s: 0.00
[ 7s ] thds: 1 tps: 2.00 qps: 1130.94 (r/w/o: 0.00/1126.94/4.00) lat (ms,95%): 877.61 err/s: 0.00 reconn/s: 0.00
[ 8s ] thds: 1 tps: 1.00 qps: 1452.07 (r/w/o: 0.00/1450.07/2.00) lat (ms,95%): 733.00 err/s: 0.00 reconn/s: 0.00
SQL statistics:
    queries performed:
        read:                            0
        write:                           11010
        other:                           23
        total:                           11033
    transactions:                        11     (1.32 per sec.)
    queries:                             11033  (1322.10 per sec.)
    ignored errors:                      0      (0.00 per sec.)
    reconnects:                          0      (0.00 per sec.)

General statistics:
    total time:                          8.3447s
    total number of events:              11

Latency (ms):
         min:                                  624.63
         avg:                                  758.55
         max:                                  873.20
         95th percentile:                      861.95
         sum:                                 8344.08

Threads fairness:
    events (avg/stddev):           11.0000/0.00
    execution time (avg/stddev):   8.3441/0.00

