sysbench 1.0.20 (using system LuaJIT 2.1.0-beta3)

Running the test with following options:
Number of threads: 1
Report intermediate results every 1 second(s)
Initializing random number generator from current time


Initializing worker threads...

Threads started!

[ 1s ] thds: 1 tps: 0.00 qps: 679.32 (r/w/o: 0.00/676.32/3.00) lat (ms,95%): 0.00 err/s: 0.00 reconn/s: 0.00
[ 2s ] thds: 1 tps: 0.00 qps: 737.38 (r/w/o: 0.00/737.38/0.00) lat (ms,95%): 0.00 err/s: 0.00 reconn/s: 0.00
[ 3s ] thds: 1 tps: 0.00 qps: 701.98 (r/w/o: 0.00/701.98/0.00) lat (ms,95%): 0.00 err/s: 0.00 reconn/s: 0.00
[ 4s ] thds: 1 tps: 0.00 qps: 660.02 (r/w/o: 0.00/660.02/0.00) lat (ms,95%): 0.00 err/s: 0.00 reconn/s: 0.00
[ 5s ] thds: 1 tps: 0.00 qps: 612.02 (r/w/o: 0.00/612.02/0.00) lat (ms,95%): 0.00 err/s: 0.00 reconn/s: 0.00
[ 6s ] thds: 1 tps: 1.00 qps: 630.94 (r/w/o: 0.00/628.94/2.00) lat (ms,95%): 5918.87 err/s: 0.00 reconn/s: 0.00
[ 7s ] thds: 1 tps: 0.00 qps: 794.06 (r/w/o: 0.00/794.06/0.00) lat (ms,95%): 0.00 err/s: 0.00 reconn/s: 0.00
[ 8s ] thds: 1 tps: 0.00 qps: 606.99 (r/w/o: 0.00/606.99/0.00) lat (ms,95%): 0.00 err/s: 0.00 reconn/s: 0.00
[ 9s ] thds: 1 tps: 0.00 qps: 687.00 (r/w/o: 0.00/687.00/0.00) lat (ms,95%): 0.00 err/s: 0.00 reconn/s: 0.00
[ 10s ] thds: 1 tps: 0.00 qps: 650.99 (r/w/o: 0.00/650.99/0.00) lat (ms,95%): 0.00 err/s: 0.00 reconn/s: 0.00
[ 11s ] thds: 1 tps: 0.00 qps: 653.03 (r/w/o: 0.00/653.03/0.00) lat (ms,95%): 0.00 err/s: 0.00 reconn/s: 0.00
SQL statistics:
    queries performed:
        read:                            0
        write:                           8001
        other:                           5
        total:                           8006
    transactions:                        2      (0.17 per sec.)
    queries:                             8006   (675.67 per sec.)
    ignored errors:                      0      (0.00 per sec.)
    reconnects:                          0      (0.00 per sec.)

General statistics:
    total time:                          11.8485s
    total number of events:              2

Latency (ms):
         min:                                 5910.07
         avg:                                 5923.98
         max:                                 5937.90
         95th percentile:                     5918.87
         sum:                                11847.97

Threads fairness:
    events (avg/stddev):           2.0000/0.00
    execution time (avg/stddev):   11.8480/0.00

