sysbench 1.0.20 (using system LuaJIT 2.1.0-beta3)

Running the test with following options:
Number of threads: 1
Report intermediate results every 1 second(s)
Initializing random number generator from current time


Initializing worker threads...

Threads started!

[ 1s ] thds: 1 tps: 4972.18 qps: 4972.18 (r/w/o: 4972.18/0.00/0.00) lat (ms,95%): 0.23 err/s: 0.00 reconn/s: 0.00
[ 2s ] thds: 1 tps: 4867.17 qps: 4867.17 (r/w/o: 4867.17/0.00/0.00) lat (ms,95%): 0.23 err/s: 0.00 reconn/s: 0.00
[ 3s ] thds: 1 tps: 4634.98 qps: 4634.98 (r/w/o: 4634.98/0.00/0.00) lat (ms,95%): 0.23 err/s: 0.00 reconn/s: 0.00
[ 4s ] thds: 1 tps: 4925.10 qps: 4925.10 (r/w/o: 4925.10/0.00/0.00) lat (ms,95%): 0.23 err/s: 0.00 reconn/s: 0.00
[ 5s ] thds: 1 tps: 5038.10 qps: 5038.10 (r/w/o: 5038.10/0.00/0.00) lat (ms,95%): 0.22 err/s: 0.00 reconn/s: 0.00
[ 6s ] thds: 1 tps: 5104.01 qps: 5104.01 (r/w/o: 5104.01/0.00/0.00) lat (ms,95%): 0.21 err/s: 0.00 reconn/s: 0.00
[ 7s ] thds: 1 tps: 4698.95 qps: 4698.95 (r/w/o: 4698.95/0.00/0.00) lat (ms,95%): 0.23 err/s: 0.00 reconn/s: 0.00
SQL statistics:
    queries performed:
        read:                            39147
        write:                           0
        other:                           0
        total:                           39147
    transactions:                        39147  (4892.71 per sec.)
    queries:                             39147  (4892.71 per sec.)
    ignored errors:                      0      (0.00 per sec.)
    reconnects:                          0      (0.00 per sec.)

General statistics:
    total time:                          8.0007s
    total number of events:              39147

Latency (ms):
         min:                                    0.18
         avg:                                    0.20
         max:                                    7.73
         95th percentile:                        0.23
         sum:                                 7963.82

Threads fairness:
    events (avg/stddev):           39147.0000/0.00
    execution time (avg/stddev):   7.9638/0.00

