sysbench 1.0.20 (using system LuaJIT 2.1.0-beta3)

Running the test with following options:
Number of threads: 1
Report intermediate results every 1 second(s)
Initializing random number generator from current time


Initializing worker threads...

Threads started!

[ 1s ] thds: 1 tps: 0.00 qps: 1015.03 (r/w/o: 0.00/1012.03/3.00) lat (ms,95%): 0.00 err/s: 0.00 reconn/s: 0.00
[ 2s ] thds: 1 tps: 0.00 qps: 1023.47 (r/w/o: 0.00/1023.47/0.00) lat (ms,95%): 0.00 err/s: 0.00 reconn/s: 0.00
[ 3s ] thds: 1 tps: 0.00 qps: 1063.99 (r/w/o: 0.00/1063.99/0.00) lat (ms,95%): 0.00 err/s: 0.00 reconn/s: 0.00
[ 4s ] thds: 1 tps: 0.00 qps: 1062.01 (r/w/o: 0.00/1062.01/0.00) lat (ms,95%): 0.00 err/s: 0.00 reconn/s: 0.00
[ 5s ] thds: 1 tps: 1.00 qps: 964.04 (r/w/o: 0.00/962.04/2.00) lat (ms,95%): 4855.31 err/s: 0.00 reconn/s: 0.00
[ 6s ] thds: 1 tps: 0.00 qps: 1040.97 (r/w/o: 0.00/1040.97/0.00) lat (ms,95%): 0.00 err/s: 0.00 reconn/s: 0.00
[ 7s ] thds: 1 tps: 0.00 qps: 1044.02 (r/w/o: 0.00/1044.02/0.00) lat (ms,95%): 0.00 err/s: 0.00 reconn/s: 0.00
[ 8s ] thds: 1 tps: 0.00 qps: 1033.02 (r/w/o: 0.00/1033.02/0.00) lat (ms,95%): 0.00 err/s: 0.00 reconn/s: 0.00
[ 9s ] thds: 1 tps: 0.00 qps: 1027.02 (r/w/o: 0.00/1027.02/0.00) lat (ms,95%): 0.00 err/s: 0.00 reconn/s: 0.00
SQL statistics:
    queries performed:
        read:                            0
        write:                           9999
        other:                           5
        total:                           10004
    transactions:                        2      (0.21 per sec.)
    queries:                             10004  (1031.36 per sec.)
    ignored errors:                      0      (0.00 per sec.)
    reconnects:                          0      (0.00 per sec.)

General statistics:
    total time:                          9.6995s
    total number of events:              2

Latency (ms):
         min:                                 4823.57
         avg:                                 4849.45
         max:                                 4875.33
         95th percentile:                     4855.31
         sum:                                 9698.90

Threads fairness:
    events (avg/stddev):           2.0000/0.00
    execution time (avg/stddev):   9.6989/0.00

