sysbench 1.0.20 (using system LuaJIT 2.1.0-beta3)

Running the test with following options:
Number of threads: 1
Report intermediate results every 1 second(s)
Initializing random number generator from current time


Initializing worker threads...

Threads started!

[ 1s ] thds: 1 tps: 5.00 qps: 1405.66 (r/w/o: 0.00/1392.67/12.99) lat (ms,95%): 189.93 err/s: 0.00 reconn/s: 0.00
[ 2s ] thds: 1 tps: 6.00 qps: 1425.64 (r/w/o: 0.00/1413.63/12.01) lat (ms,95%): 183.21 err/s: 0.00 reconn/s: 0.00
[ 3s ] thds: 1 tps: 5.00 qps: 1415.02 (r/w/o: 0.00/1405.02/10.00) lat (ms,95%): 183.21 err/s: 0.00 reconn/s: 0.00
[ 4s ] thds: 1 tps: 6.00 qps: 1426.00 (r/w/o: 0.00/1414.00/12.00) lat (ms,95%): 183.21 err/s: 0.00 reconn/s: 0.00
[ 5s ] thds: 1 tps: 5.00 qps: 1413.99 (r/w/o: 0.00/1403.99/10.00) lat (ms,95%): 189.93 err/s: 0.00 reconn/s: 0.00
[ 6s ] thds: 1 tps: 6.00 qps: 1417.96 (r/w/o: 0.00/1405.96/12.00) lat (ms,95%): 186.54 err/s: 0.00 reconn/s: 0.00
[ 7s ] thds: 1 tps: 5.00 qps: 1423.05 (r/w/o: 0.00/1413.05/10.00) lat (ms,95%): 183.21 err/s: 0.00 reconn/s: 0.00
[ 8s ] thds: 1 tps: 6.00 qps: 1392.93 (r/w/o: 0.00/1380.93/12.00) lat (ms,95%): 193.38 err/s: 0.00 reconn/s: 0.00
SQL statistics:
    queries performed:
        read:                            0
        write:                           11474
        other:                           91
        total:                           11565
    transactions:                        45     (5.51 per sec.)
    queries:                             11565  (1415.09 per sec.)
    ignored errors:                      0      (0.00 per sec.)
    reconnects:                          0      (0.00 per sec.)

General statistics:
    total time:                          8.1723s
    total number of events:              45

Latency (ms):
         min:                                  175.96
         avg:                                  181.59
         max:                                  193.21
         95th percentile:                      189.93
         sum:                                 8171.62

Threads fairness:
    events (avg/stddev):           45.0000/0.00
    execution time (avg/stddev):   8.1716/0.00

