sysbench 1.0.20 (using system LuaJIT 2.1.1725453128)

Running the test with following options:
Number of threads: 8
Report intermediate results every 4 second(s)
Initializing random number generator from current time


Initializing worker threads...

Threads started!

[ 4s ] thds: 8 tps: 35450.63 qps: 35450.63 (r/w/o: 35450.63/0.00/0.00) lat (ms,95%): 0.00 err/s: 0.00 reconn/s: 0.00
[ 8s ] thds: 8 tps: 35210.29 qps: 35210.29 (r/w/o: 35210.29/0.00/0.00) lat (ms,95%): 0.00 err/s: 0.00 reconn/s: 0.00
[ 12s ] thds: 8 tps: 32324.49 qps: 32324.49 (r/w/o: 32324.49/0.00/0.00) lat (ms,95%): 0.00 err/s: 0.00 reconn/s: 0.00
[ 16s ] thds: 8 tps: 32599.29 qps: 32599.29 (r/w/o: 32599.29/0.00/0.00) lat (ms,95%): 0.00 err/s: 0.00 reconn/s: 0.00
[ 20s ] thds: 8 tps: 32492.45 qps: 32492.45 (r/w/o: 32492.45/0.00/0.00) lat (ms,95%): 0.00 err/s: 0.00 reconn/s: 0.00
[ 24s ] thds: 8 tps: 31778.62 qps: 31778.62 (r/w/o: 31778.62/0.00/0.00) lat (ms,95%): 0.00 err/s: 0.00 reconn/s: 0.00
[ 28s ] thds: 8 tps: 32591.29 qps: 32591.29 (r/w/o: 32591.29/0.00/0.00) lat (ms,95%): 0.00 err/s: 0.00 reconn/s: 0.00
SQL statistics:
    queries performed:
        read:                            1067003
        write:                           0
        other:                           0
        total:                           1067003
    transactions:                        1067003 (33341.41 per sec.)
    queries:                             1067003 (33341.41 per sec.)
    ignored errors:                      0      (0.00 per sec.)
    reconnects:                          0      (0.00 per sec.)

General statistics:
    total time:                          32.0021s
    total number of events:              1067003

Latency (ms):
         min:                                    0.13
         avg:                                    0.24
         max:                                   44.62
         95th percentile:                        0.00
         sum:                               255634.58

Threads fairness:
    events (avg/stddev):           133375.3750/155.91
    execution time (avg/stddev):   31.9543/0.00

