sysbench 1.0.20 (using system LuaJIT 2.1.0-beta3)

Running the test with following options:
Number of threads: 4
Report intermediate results every 2 second(s)
Initializing random number generator from current time


Initializing worker threads...

Threads started!

[ 2s ] thds: 4 tps: 4031.68 qps: 12096.03 (r/w/o: 12096.03/0.00/0.00) lat (ms,95%): 1.25 err/s: 0.00 reconn/s: 0.00
[ 4s ] thds: 4 tps: 4024.19 qps: 12074.59 (r/w/o: 12074.59/0.00/0.00) lat (ms,95%): 1.27 err/s: 0.00 reconn/s: 0.00
[ 6s ] thds: 4 tps: 4059.00 qps: 12175.50 (r/w/o: 12175.50/0.00/0.00) lat (ms,95%): 1.27 err/s: 0.00 reconn/s: 0.00
[ 8s ] thds: 4 tps: 4080.48 qps: 12241.93 (r/w/o: 12241.93/0.00/0.00) lat (ms,95%): 1.25 err/s: 0.00 reconn/s: 0.00
[ 10s ] thds: 4 tps: 4086.49 qps: 12259.96 (r/w/o: 12259.96/0.00/0.00) lat (ms,95%): 1.27 err/s: 0.00 reconn/s: 0.00
[ 12s ] thds: 4 tps: 4049.03 qps: 12146.60 (r/w/o: 12146.60/0.00/0.00) lat (ms,95%): 1.25 err/s: 0.00 reconn/s: 0.00
[ 14s ] thds: 4 tps: 4088.98 qps: 12266.93 (r/w/o: 12266.93/0.00/0.00) lat (ms,95%): 1.25 err/s: 0.00 reconn/s: 0.00
[ 16s ] thds: 4 tps: 4071.50 qps: 12214.01 (r/w/o: 12214.01/0.00/0.00) lat (ms,95%): 1.25 err/s: 0.00 reconn/s: 0.00
[ 18s ] thds: 4 tps: 4072.00 qps: 12217.49 (r/w/o: 12217.49/0.00/0.00) lat (ms,95%): 1.25 err/s: 0.00 reconn/s: 0.00
SQL statistics:
    queries performed:
        read:                            219399
        write:                           0
        other:                           0
        total:                           219399
    transactions:                        73133  (4062.51 per sec.)
    queries:                             219399 (12187.53 per sec.)
    ignored errors:                      0      (0.00 per sec.)
    reconnects:                          0      (0.00 per sec.)

General statistics:
    total time:                          18.0016s
    total number of events:              73133

Latency (ms):
         min:                                    0.61
         avg:                                    0.98
         max:                                   18.97
         95th percentile:                        1.25
         sum:                                71911.24

Threads fairness:
    events (avg/stddev):           18283.2500/46.55
    execution time (avg/stddev):   17.9778/0.00

