sysbench 1.0.20 (using system LuaJIT 2.1.0-beta3)

Running the test with following options:
Number of threads: 1
Report intermediate results every 1 second(s)
Initializing random number generator from current time


Initializing worker threads...

Threads started!

[ 1s ] thds: 1 tps: 0.00 qps: 670.41 (r/w/o: 0.00/667.41/3.00) lat (ms,95%): 0.00 err/s: 0.00 reconn/s: 0.00
[ 2s ] thds: 1 tps: 0.00 qps: 723.28 (r/w/o: 0.00/723.28/0.00) lat (ms,95%): 0.00 err/s: 0.00 reconn/s: 0.00
[ 3s ] thds: 1 tps: 0.00 qps: 680.03 (r/w/o: 0.00/680.03/0.00) lat (ms,95%): 0.00 err/s: 0.00 reconn/s: 0.00
[ 4s ] thds: 1 tps: 0.00 qps: 737.95 (r/w/o: 0.00/737.95/0.00) lat (ms,95%): 0.00 err/s: 0.00 reconn/s: 0.00
[ 5s ] thds: 1 tps: 0.00 qps: 852.05 (r/w/o: 0.00/852.05/0.00) lat (ms,95%): 0.00 err/s: 0.00 reconn/s: 0.00
[ 6s ] thds: 1 tps: 1.00 qps: 777.00 (r/w/o: 0.00/775.00/2.00) lat (ms,95%): 5409.26 err/s: 0.00 reconn/s: 0.00
[ 7s ] thds: 1 tps: 0.00 qps: 980.99 (r/w/o: 0.00/980.99/0.00) lat (ms,95%): 0.00 err/s: 0.00 reconn/s: 0.00
[ 8s ] thds: 1 tps: 0.00 qps: 947.97 (r/w/o: 0.00/947.97/0.00) lat (ms,95%): 0.00 err/s: 0.00 reconn/s: 0.00
[ 9s ] thds: 1 tps: 0.00 qps: 958.98 (r/w/o: 0.00/958.98/0.00) lat (ms,95%): 0.00 err/s: 0.00 reconn/s: 0.00
SQL statistics:
    queries performed:
        read:                            0
        write:                           8001
        other:                           5
        total:                           8006
    transactions:                        2      (0.21 per sec.)
    queries:                             8006   (824.44 per sec.)
    ignored errors:                      0      (0.00 per sec.)
    reconnects:                          0      (0.00 per sec.)

General statistics:
    total time:                          9.7105s
    total number of events:              2

Latency (ms):
         min:                                 4307.19
         avg:                                 4854.97
         max:                                 5402.76
         95th percentile:                     5409.26
         sum:                                 9709.95

Threads fairness:
    events (avg/stddev):           2.0000/0.00
    execution time (avg/stddev):   9.7099/0.00

