sysbench 1.0.20 (using system LuaJIT 2.1.0-beta3)

Running the test with following options:
Number of threads: 4
Report intermediate results every 2 second(s)
Initializing random number generator from current time


Initializing worker threads...

Threads started!

[ 2s ] thds: 4 tps: 139.94 qps: 139.94 (r/w/o: 139.94/0.00/0.00) lat (ms,95%): 29.19 err/s: 0.00 reconn/s: 0.00
[ 4s ] thds: 4 tps: 142.02 qps: 142.02 (r/w/o: 142.02/0.00/0.00) lat (ms,95%): 28.67 err/s: 0.00 reconn/s: 0.00
[ 6s ] thds: 4 tps: 144.00 qps: 144.00 (r/w/o: 144.00/0.00/0.00) lat (ms,95%): 28.16 err/s: 0.00 reconn/s: 0.00
[ 8s ] thds: 4 tps: 142.50 qps: 142.50 (r/w/o: 142.50/0.00/0.00) lat (ms,95%): 28.67 err/s: 0.00 reconn/s: 0.00
[ 10s ] thds: 4 tps: 143.00 qps: 143.00 (r/w/o: 143.00/0.00/0.00) lat (ms,95%): 28.16 err/s: 0.00 reconn/s: 0.00
[ 12s ] thds: 4 tps: 143.50 qps: 143.50 (r/w/o: 143.50/0.00/0.00) lat (ms,95%): 28.16 err/s: 0.00 reconn/s: 0.00
[ 14s ] thds: 4 tps: 143.00 qps: 143.00 (r/w/o: 143.00/0.00/0.00) lat (ms,95%): 28.16 err/s: 0.00 reconn/s: 0.00
[ 16s ] thds: 4 tps: 142.50 qps: 142.50 (r/w/o: 142.50/0.00/0.00) lat (ms,95%): 28.16 err/s: 0.00 reconn/s: 0.00
[ 18s ] thds: 4 tps: 142.50 qps: 142.50 (r/w/o: 142.50/0.00/0.00) lat (ms,95%): 28.16 err/s: 0.00 reconn/s: 0.00
SQL statistics:
    queries performed:
        read:                            2570
        write:                           0
        other:                           0
        total:                           2570
    transactions:                        2570   (142.67 per sec.)
    queries:                             2570   (142.67 per sec.)
    ignored errors:                      0      (0.00 per sec.)
    reconnects:                          0      (0.00 per sec.)

General statistics:
    total time:                          18.0137s
    total number of events:              2570

Latency (ms):
         min:                                   25.39
         avg:                                   28.03
         max:                                   51.87
         95th percentile:                       28.16
         sum:                                72034.41

Threads fairness:
    events (avg/stddev):           642.5000/1.12
    execution time (avg/stddev):   18.0086/0.00

