sysbench 1.0.20 (using system LuaJIT 2.1.0-beta3)

Running the test with following options:
Number of threads: 1
Report intermediate results every 1 second(s)
Initializing random number generator from current time


Initializing worker threads...

Threads started!

[ 1s ] thds: 1 tps: 144.90 qps: 434.71 (r/w/o: 434.71/0.00/0.00) lat (ms,95%): 7.56 err/s: 0.00 reconn/s: 0.00
[ 2s ] thds: 1 tps: 148.04 qps: 446.12 (r/w/o: 446.12/0.00/0.00) lat (ms,95%): 6.91 err/s: 0.00 reconn/s: 0.00
[ 3s ] thds: 1 tps: 148.00 qps: 444.00 (r/w/o: 444.00/0.00/0.00) lat (ms,95%): 6.91 err/s: 0.00 reconn/s: 0.00
[ 4s ] thds: 1 tps: 146.99 qps: 439.98 (r/w/o: 439.98/0.00/0.00) lat (ms,95%): 7.04 err/s: 0.00 reconn/s: 0.00
[ 5s ] thds: 1 tps: 145.01 qps: 436.02 (r/w/o: 436.02/0.00/0.00) lat (ms,95%): 7.30 err/s: 0.00 reconn/s: 0.00
[ 6s ] thds: 1 tps: 149.00 qps: 447.00 (r/w/o: 447.00/0.00/0.00) lat (ms,95%): 6.79 err/s: 0.00 reconn/s: 0.00
[ 7s ] thds: 1 tps: 148.99 qps: 445.97 (r/w/o: 445.97/0.00/0.00) lat (ms,95%): 6.91 err/s: 0.00 reconn/s: 0.00
[ 8s ] thds: 1 tps: 148.00 qps: 444.99 (r/w/o: 444.99/0.00/0.00) lat (ms,95%): 6.91 err/s: 0.00 reconn/s: 0.00
SQL statistics:
    queries performed:
        read:                            3540
        write:                           0
        other:                           0
        total:                           3540
    transactions:                        1180   (147.47 per sec.)
    queries:                             3540   (442.42 per sec.)
    ignored errors:                      0      (0.00 per sec.)
    reconnects:                          0      (0.00 per sec.)

General statistics:
    total time:                          8.0010s
    total number of events:              1180

Latency (ms):
         min:                                    6.53
         avg:                                    6.78
         max:                                   15.34
         95th percentile:                        6.91
         sum:                                 7998.66

Threads fairness:
    events (avg/stddev):           1180.0000/0.00
    execution time (avg/stddev):   7.9987/0.00

