sysbench 1.0.20 (using system LuaJIT 2.1.0-beta3)

Running the test with following options:
Number of threads: 1
Report intermediate results every 1 second(s)
Initializing random number generator from current time


Initializing worker threads...

Threads started!

[ 1s ] thds: 1 tps: 453.64 qps: 453.64 (r/w/o: 453.64/0.00/0.00) lat (ms,95%): 2.22 err/s: 0.00 reconn/s: 0.00
[ 2s ] thds: 1 tps: 464.14 qps: 464.14 (r/w/o: 464.14/0.00/0.00) lat (ms,95%): 2.18 err/s: 0.00 reconn/s: 0.00
[ 3s ] thds: 1 tps: 464.01 qps: 464.01 (r/w/o: 464.01/0.00/0.00) lat (ms,95%): 2.18 err/s: 0.00 reconn/s: 0.00
[ 4s ] thds: 1 tps: 464.01 qps: 464.01 (r/w/o: 464.01/0.00/0.00) lat (ms,95%): 2.18 err/s: 0.00 reconn/s: 0.00
[ 5s ] thds: 1 tps: 465.01 qps: 465.01 (r/w/o: 465.01/0.00/0.00) lat (ms,95%): 2.18 err/s: 0.00 reconn/s: 0.00
[ 6s ] thds: 1 tps: 458.01 qps: 458.01 (r/w/o: 458.01/0.00/0.00) lat (ms,95%): 2.18 err/s: 0.00 reconn/s: 0.00
[ 7s ] thds: 1 tps: 463.00 qps: 463.00 (r/w/o: 463.00/0.00/0.00) lat (ms,95%): 2.18 err/s: 0.00 reconn/s: 0.00
[ 8s ] thds: 1 tps: 462.00 qps: 462.00 (r/w/o: 462.00/0.00/0.00) lat (ms,95%): 2.18 err/s: 0.00 reconn/s: 0.00
SQL statistics:
    queries performed:
        read:                            3695
        write:                           0
        other:                           0
        total:                           3695
    transactions:                        3695   (461.74 per sec.)
    queries:                             3695   (461.74 per sec.)
    ignored errors:                      0      (0.00 per sec.)
    reconnects:                          0      (0.00 per sec.)

General statistics:
    total time:                          8.0021s
    total number of events:              3695

Latency (ms):
         min:                                    2.11
         avg:                                    2.16
         max:                                    9.68
         95th percentile:                        2.18
         sum:                                 7997.73

Threads fairness:
    events (avg/stddev):           3695.0000/0.00
    execution time (avg/stddev):   7.9977/0.00

