sysbench 1.0.20 (using system LuaJIT 2.1.0-beta3)

Running the test with following options:
Number of threads: 1
Report intermediate results every 1 second(s)
Initializing random number generator from current time


Initializing worker threads...

Threads started!

[ 1s ] thds: 1 tps: 0.00 qps: 1179.91 (r/w/o: 0.00/1176.91/3.00) lat (ms,95%): 0.00 err/s: 0.00 reconn/s: 0.00
[ 2s ] thds: 1 tps: 0.00 qps: 1147.51 (r/w/o: 0.00/1147.51/0.00) lat (ms,95%): 0.00 err/s: 0.00 reconn/s: 0.00
[ 3s ] thds: 1 tps: 0.00 qps: 1132.98 (r/w/o: 0.00/1132.98/0.00) lat (ms,95%): 0.00 err/s: 0.00 reconn/s: 0.00
[ 4s ] thds: 1 tps: 0.00 qps: 1117.03 (r/w/o: 0.00/1117.03/0.00) lat (ms,95%): 0.00 err/s: 0.00 reconn/s: 0.00
[ 5s ] thds: 1 tps: 1.00 qps: 1078.05 (r/w/o: 0.00/1076.05/2.00) lat (ms,95%): 4358.09 err/s: 0.00 reconn/s: 0.00
[ 6s ] thds: 1 tps: 0.00 qps: 1131.98 (r/w/o: 0.00/1131.98/0.00) lat (ms,95%): 0.00 err/s: 0.00 reconn/s: 0.00
[ 7s ] thds: 1 tps: 0.00 qps: 995.96 (r/w/o: 0.00/995.96/0.00) lat (ms,95%): 0.00 err/s: 0.00 reconn/s: 0.00
[ 8s ] thds: 1 tps: 0.00 qps: 1027.05 (r/w/o: 0.00/1027.05/0.00) lat (ms,95%): 0.00 err/s: 0.00 reconn/s: 0.00
[ 9s ] thds: 1 tps: 0.00 qps: 1138.98 (r/w/o: 0.00/1138.98/0.00) lat (ms,95%): 0.00 err/s: 0.00 reconn/s: 0.00
SQL statistics:
    queries performed:
        read:                            0
        write:                           10001
        other:                           5
        total:                           10006
    transactions:                        2      (0.22 per sec.)
    queries:                             10006  (1106.72 per sec.)
    ignored errors:                      0      (0.00 per sec.)
    reconnects:                          0      (0.00 per sec.)

General statistics:
    total time:                          9.0408s
    total number of events:              2

Latency (ms):
         min:                                 4379.48
         avg:                                 4520.09
         max:                                 4660.71
         95th percentile:                     4683.57
         sum:                                 9040.18

Threads fairness:
    events (avg/stddev):           2.0000/0.00
    execution time (avg/stddev):   9.0402/0.00

