sysbench 1.0.20 (using system LuaJIT 2.1.1725453128)

Running the test with following options:
Number of threads: 8
Report intermediate results every 4 second(s)
Initializing random number generator from current time


Initializing worker threads...

Threads started!

[ 4s ] thds: 8 tps: 58381.71 qps: 58381.71 (r/w/o: 58381.71/0.00/0.00) lat (ms,95%): 0.00 err/s: 0.00 reconn/s: 0.00
[ 8s ] thds: 8 tps: 59006.30 qps: 59006.30 (r/w/o: 59006.30/0.00/0.00) lat (ms,95%): 0.00 err/s: 0.00 reconn/s: 0.00
[ 12s ] thds: 8 tps: 58950.65 qps: 58950.65 (r/w/o: 58950.65/0.00/0.00) lat (ms,95%): 0.00 err/s: 0.00 reconn/s: 0.00
[ 16s ] thds: 8 tps: 58960.43 qps: 58960.43 (r/w/o: 58960.43/0.00/0.00) lat (ms,95%): 0.00 err/s: 0.00 reconn/s: 0.00
[ 20s ] thds: 8 tps: 59046.65 qps: 59046.65 (r/w/o: 59046.65/0.00/0.00) lat (ms,95%): 0.00 err/s: 0.00 reconn/s: 0.00
[ 24s ] thds: 8 tps: 59028.65 qps: 59028.65 (r/w/o: 59028.65/0.00/0.00) lat (ms,95%): 0.00 err/s: 0.00 reconn/s: 0.00
[ 28s ] thds: 8 tps: 58915.71 qps: 58915.71 (r/w/o: 58915.71/0.00/0.00) lat (ms,95%): 0.00 err/s: 0.00 reconn/s: 0.00
SQL statistics:
    queries performed:
        read:                            1885295
        write:                           0
        other:                           0
        total:                           1885295
    transactions:                        1885295 (58911.54 per sec.)
    queries:                             1885295 (58911.54 per sec.)
    ignored errors:                      0      (0.00 per sec.)
    reconnects:                          0      (0.00 per sec.)

General statistics:
    total time:                          32.0019s
    total number of events:              1885295

Latency (ms):
         min:                                    0.07
         avg:                                    0.14
         max:                       18446744073707.13
         95th percentile:                        0.00
         sum:                               255298.54

Threads fairness:
    events (avg/stddev):           235661.8750/324.56
    execution time (avg/stddev):   31.9123/0.00

