sysbench 1.0.20 (using system LuaJIT 2.1.0-beta3)

Running the test with following options:
Number of threads: 1
Report intermediate results every 1 second(s)
Initializing random number generator from current time


Initializing worker threads...

Threads started!

[ 1s ] thds: 1 tps: 264.79 qps: 264.79 (r/w/o: 264.79/0.00/0.00) lat (ms,95%): 4.18 err/s: 0.00 reconn/s: 0.00
[ 2s ] thds: 1 tps: 270.08 qps: 270.08 (r/w/o: 270.08/0.00/0.00) lat (ms,95%): 3.96 err/s: 0.00 reconn/s: 0.00
[ 3s ] thds: 1 tps: 265.01 qps: 265.01 (r/w/o: 265.01/0.00/0.00) lat (ms,95%): 4.10 err/s: 0.00 reconn/s: 0.00
[ 4s ] thds: 1 tps: 265.99 qps: 265.99 (r/w/o: 265.99/0.00/0.00) lat (ms,95%): 4.10 err/s: 0.00 reconn/s: 0.00
[ 5s ] thds: 1 tps: 268.01 qps: 268.01 (r/w/o: 268.01/0.00/0.00) lat (ms,95%): 4.10 err/s: 0.00 reconn/s: 0.00
[ 6s ] thds: 1 tps: 266.00 qps: 266.00 (r/w/o: 266.00/0.00/0.00) lat (ms,95%): 4.10 err/s: 0.00 reconn/s: 0.00
[ 7s ] thds: 1 tps: 269.99 qps: 269.99 (r/w/o: 269.99/0.00/0.00) lat (ms,95%): 3.82 err/s: 0.00 reconn/s: 0.00
[ 8s ] thds: 1 tps: 272.01 qps: 272.01 (r/w/o: 272.01/0.00/0.00) lat (ms,95%): 4.03 err/s: 0.00 reconn/s: 0.00
SQL statistics:
    queries performed:
        read:                            2143
        write:                           0
        other:                           0
        total:                           2143
    transactions:                        2143   (267.73 per sec.)
    queries:                             2143   (267.73 per sec.)
    ignored errors:                      0      (0.00 per sec.)
    reconnects:                          0      (0.00 per sec.)

General statistics:
    total time:                          8.0040s
    total number of events:              2143

Latency (ms):
         min:                                    3.16
         avg:                                    3.73
         max:                                   11.63
         95th percentile:                        4.10
         sum:                                 8000.57

Threads fairness:
    events (avg/stddev):           2143.0000/0.00
    execution time (avg/stddev):   8.0006/0.00

