sysbench 1.0.20 (using system LuaJIT 2.1.0-beta3)

Running the test with following options:
Number of threads: 1
Report intermediate results every 1 second(s)
Initializing random number generator from current time


Initializing worker threads...

Threads started!

[ 1s ] thds: 1 tps: 1545.91 qps: 4638.74 (r/w/o: 4638.74/0.00/0.00) lat (ms,95%): 0.74 err/s: 0.00 reconn/s: 0.00
[ 2s ] thds: 1 tps: 1553.33 qps: 4659.98 (r/w/o: 4659.98/0.00/0.00) lat (ms,95%): 0.74 err/s: 0.00 reconn/s: 0.00
[ 3s ] thds: 1 tps: 1580.05 qps: 4739.14 (r/w/o: 4739.14/0.00/0.00) lat (ms,95%): 0.70 err/s: 0.00 reconn/s: 0.00
[ 4s ] thds: 1 tps: 1587.84 qps: 4765.52 (r/w/o: 4765.52/0.00/0.00) lat (ms,95%): 0.69 err/s: 0.00 reconn/s: 0.00
[ 5s ] thds: 1 tps: 1600.03 qps: 4798.08 (r/w/o: 4798.08/0.00/0.00) lat (ms,95%): 0.67 err/s: 0.00 reconn/s: 0.00
[ 6s ] thds: 1 tps: 1588.11 qps: 4766.33 (r/w/o: 4766.33/0.00/0.00) lat (ms,95%): 0.72 err/s: 0.00 reconn/s: 0.00
[ 7s ] thds: 1 tps: 1606.02 qps: 4816.07 (r/w/o: 4816.07/0.00/0.00) lat (ms,95%): 0.69 err/s: 0.00 reconn/s: 0.00
[ 8s ] thds: 1 tps: 1583.98 qps: 4752.95 (r/w/o: 4752.95/0.00/0.00) lat (ms,95%): 0.70 err/s: 0.00 reconn/s: 0.00
SQL statistics:
    queries performed:
        read:                            37941
        write:                           0
        other:                           0
        total:                           37941
    transactions:                        12647  (1580.60 per sec.)
    queries:                             37941  (4741.80 per sec.)
    ignored errors:                      0      (0.00 per sec.)
    reconnects:                          0      (0.00 per sec.)

General statistics:
    total time:                          8.0010s
    total number of events:              12647

Latency (ms):
         min:                                    0.56
         avg:                                    0.63
         max:                                    8.19
         95th percentile:                        0.72
         sum:                                 7987.84

Threads fairness:
    events (avg/stddev):           12647.0000/0.00
    execution time (avg/stddev):   7.9878/0.00

