sysbench 1.0.20 (using system LuaJIT 2.1.0-beta3)

Running the test with following options:
Number of threads: 4
Report intermediate results every 2 second(s)
Initializing random number generator from current time


Initializing worker threads...

Threads started!

[ 2s ] thds: 4 tps: 141.44 qps: 141.44 (r/w/o: 141.44/0.00/0.00) lat (ms,95%): 28.67 err/s: 0.00 reconn/s: 0.00
[ 4s ] thds: 4 tps: 142.52 qps: 142.52 (r/w/o: 142.52/0.00/0.00) lat (ms,95%): 28.67 err/s: 0.00 reconn/s: 0.00
[ 6s ] thds: 4 tps: 144.00 qps: 144.00 (r/w/o: 144.00/0.00/0.00) lat (ms,95%): 28.16 err/s: 0.00 reconn/s: 0.00
[ 8s ] thds: 4 tps: 143.00 qps: 143.00 (r/w/o: 143.00/0.00/0.00) lat (ms,95%): 28.16 err/s: 0.00 reconn/s: 0.00
[ 10s ] thds: 4 tps: 144.00 qps: 144.00 (r/w/o: 144.00/0.00/0.00) lat (ms,95%): 28.16 err/s: 0.00 reconn/s: 0.00
[ 12s ] thds: 4 tps: 144.00 qps: 144.00 (r/w/o: 144.00/0.00/0.00) lat (ms,95%): 28.16 err/s: 0.00 reconn/s: 0.00
[ 14s ] thds: 4 tps: 144.00 qps: 144.00 (r/w/o: 144.00/0.00/0.00) lat (ms,95%): 28.16 err/s: 0.00 reconn/s: 0.00
[ 16s ] thds: 4 tps: 142.50 qps: 142.50 (r/w/o: 142.50/0.00/0.00) lat (ms,95%): 28.67 err/s: 0.00 reconn/s: 0.00
[ 18s ] thds: 4 tps: 143.50 qps: 143.50 (r/w/o: 143.50/0.00/0.00) lat (ms,95%): 28.16 err/s: 0.00 reconn/s: 0.00
SQL statistics:
    queries performed:
        read:                            2582
        write:                           0
        other:                           0
        total:                           2582
    transactions:                        2582   (143.30 per sec.)
    queries:                             2582   (143.30 per sec.)
    ignored errors:                      0      (0.00 per sec.)
    reconnects:                          0      (0.00 per sec.)

General statistics:
    total time:                          18.0175s
    total number of events:              2582

Latency (ms):
         min:                                   22.77
         avg:                                   27.90
         max:                                   51.66
         95th percentile:                       28.16
         sum:                                72049.88

Threads fairness:
    events (avg/stddev):           645.5000/0.50
    execution time (avg/stddev):   18.0125/0.00

