sysbench 1.0.20 (using system LuaJIT 2.1.0-beta3)

Running the test with following options:
Number of threads: 4
Report intermediate results every 2 second(s)
Initializing random number generator from current time


Initializing worker threads...

Threads started!

[ 2s ] thds: 4 tps: 8826.34 qps: 8826.34 (r/w/o: 8826.34/0.00/0.00) lat (ms,95%): 0.63 err/s: 0.00 reconn/s: 0.00
[ 4s ] thds: 4 tps: 8911.58 qps: 8911.58 (r/w/o: 8911.58/0.00/0.00) lat (ms,95%): 0.62 err/s: 0.00 reconn/s: 0.00
[ 6s ] thds: 4 tps: 8920.47 qps: 8920.97 (r/w/o: 8920.97/0.00/0.00) lat (ms,95%): 0.61 err/s: 0.00 reconn/s: 0.00
[ 8s ] thds: 4 tps: 8984.00 qps: 8983.50 (r/w/o: 8983.50/0.00/0.00) lat (ms,95%): 0.61 err/s: 0.00 reconn/s: 0.00
[ 10s ] thds: 4 tps: 8917.35 qps: 8917.35 (r/w/o: 8917.35/0.00/0.00) lat (ms,95%): 0.62 err/s: 0.00 reconn/s: 0.00
[ 12s ] thds: 4 tps: 8937.20 qps: 8937.20 (r/w/o: 8937.20/0.00/0.00) lat (ms,95%): 0.61 err/s: 0.00 reconn/s: 0.00
[ 14s ] thds: 4 tps: 8914.92 qps: 8914.92 (r/w/o: 8914.92/0.00/0.00) lat (ms,95%): 0.62 err/s: 0.00 reconn/s: 0.00
[ 16s ] thds: 4 tps: 8917.57 qps: 8917.57 (r/w/o: 8917.57/0.00/0.00) lat (ms,95%): 0.62 err/s: 0.00 reconn/s: 0.00
[ 18s ] thds: 4 tps: 8885.95 qps: 8885.95 (r/w/o: 8885.95/0.00/0.00) lat (ms,95%): 0.63 err/s: 0.00 reconn/s: 0.00
SQL statistics:
    queries performed:
        read:                            160439
        write:                           0
        other:                           0
        total:                           160439
    transactions:                        160439 (8912.54 per sec.)
    queries:                             160439 (8912.54 per sec.)
    ignored errors:                      0      (0.00 per sec.)
    reconnects:                          0      (0.00 per sec.)

General statistics:
    total time:                          18.0011s
    total number of events:              160439

Latency (ms):
         min:                                    0.23
         avg:                                    0.45
         max:                                   18.38
         95th percentile:                        0.62
         sum:                                71803.61

Threads fairness:
    events (avg/stddev):           40109.7500/192.77
    execution time (avg/stddev):   17.9509/0.00

