sysbench 1.0.20 (using system LuaJIT 2.1.0-beta3)

Running the test with following options:
Number of threads: 4
Report intermediate results every 2 second(s)
Initializing random number generator from current time


Initializing worker threads...

Threads started!

[ 2s ] thds: 4 tps: 0.00 qps: 2628.37 (r/w/o: 0.00/660.22/1968.15) lat (ms,95%): 0.00 err/s: 1.00 reconn/s: 0.00
[ 4s ] thds: 4 tps: 0.00 qps: 2700.41 (r/w/o: 0.00/675.10/2025.31) lat (ms,95%): 0.00 err/s: 0.00 reconn/s: 0.00
[ 6s ] thds: 4 tps: 0.00 qps: 2696.15 (r/w/o: 0.00/674.04/2022.11) lat (ms,95%): 0.00 err/s: 0.00 reconn/s: 0.00
[ 8s ] thds: 4 tps: 2.00 qps: 2552.91 (r/w/o: 0.00/718.48/1834.44) lat (ms,95%): 7479.98 err/s: 7.00 reconn/s: 0.00
[ 10s ] thds: 4 tps: 0.00 qps: 2753.94 (r/w/o: 0.00/688.49/2065.46) lat (ms,95%): 0.00 err/s: 0.00 reconn/s: 0.00
[ 12s ] thds: 4 tps: 0.00 qps: 2588.18 (r/w/o: 0.00/647.04/1941.13) lat (ms,95%): 0.00 err/s: 0.00 reconn/s: 0.00
[ 14s ] thds: 4 tps: 0.00 qps: 2651.81 (r/w/o: 0.00/662.95/1988.86) lat (ms,95%): 0.00 err/s: 0.00 reconn/s: 0.00
[ 16s ] thds: 4 tps: 2.00 qps: 2591.09 (r/w/o: 0.00/651.02/1940.07) lat (ms,95%): 7615.89 err/s: 2.00 reconn/s: 0.00
[ 18s ] thds: 4 tps: 0.00 qps: 2630.04 (r/w/o: 0.00/657.51/1972.53) lat (ms,95%): 0.00 err/s: 0.00 reconn/s: 0.00
[ 20s ] thds: 4 tps: 0.00 qps: 2596.00 (r/w/o: 0.00/649.00/1947.00) lat (ms,95%): 0.00 err/s: 0.00 reconn/s: 0.00
[ 22s ] thds: 4 tps: 0.00 qps: 2622.00 (r/w/o: 0.00/655.50/1966.50) lat (ms,95%): 0.00 err/s: 0.00 reconn/s: 0.00
SQL statistics:
    queries performed:
        read:                            0
        write:                           15232
        other:                           45003
        total:                           60235
    transactions:                        12     (0.53 per sec.)
    queries:                             60235  (2637.09 per sec.)
    ignored errors:                      20     (0.88 per sec.)
    reconnects:                          0      (0.00 per sec.)

General statistics:
    total time:                          22.8411s
    total number of events:              12

Latency (ms):
         min:                                 7534.46
         avg:                                 7613.39
         max:                                 7688.31
         95th percentile:                     7754.26
         sum:                                91360.66

Threads fairness:
    events (avg/stddev):           3.0000/0.00
    execution time (avg/stddev):   22.8402/0.00

