sysbench 1.0.20 (using system LuaJIT 2.1.0-beta3)

Running the test with following options:
Number of threads: 4
Report intermediate results every 2 second(s)
Initializing random number generator from current time


Initializing worker threads...

Threads started!

[ 2s ] thds: 4 tps: 10374.01 qps: 10374.01 (r/w/o: 10374.01/0.00/0.00) lat (ms,95%): 0.54 err/s: 0.00 reconn/s: 0.00
[ 4s ] thds: 4 tps: 10415.12 qps: 10415.12 (r/w/o: 10415.12/0.00/0.00) lat (ms,95%): 0.54 err/s: 0.00 reconn/s: 0.00
[ 6s ] thds: 4 tps: 10161.99 qps: 10161.99 (r/w/o: 10161.99/0.00/0.00) lat (ms,95%): 0.59 err/s: 0.00 reconn/s: 0.00
[ 8s ] thds: 4 tps: 10512.95 qps: 10512.95 (r/w/o: 10512.95/0.00/0.00) lat (ms,95%): 0.53 err/s: 0.00 reconn/s: 0.00
[ 10s ] thds: 4 tps: 10478.02 qps: 10478.02 (r/w/o: 10478.02/0.00/0.00) lat (ms,95%): 0.53 err/s: 0.00 reconn/s: 0.00
[ 12s ] thds: 4 tps: 10476.77 qps: 10476.77 (r/w/o: 10476.77/0.00/0.00) lat (ms,95%): 0.54 err/s: 0.00 reconn/s: 0.00
[ 14s ] thds: 4 tps: 10487.52 qps: 10487.52 (r/w/o: 10487.52/0.00/0.00) lat (ms,95%): 0.53 err/s: 0.00 reconn/s: 0.00
[ 16s ] thds: 4 tps: 10486.80 qps: 10486.80 (r/w/o: 10486.80/0.00/0.00) lat (ms,95%): 0.54 err/s: 0.00 reconn/s: 0.00
[ 18s ] thds: 4 tps: 10536.38 qps: 10536.38 (r/w/o: 10536.38/0.00/0.00) lat (ms,95%): 0.53 err/s: 0.00 reconn/s: 0.00
SQL statistics:
    queries performed:
        read:                            187869
        write:                           0
        other:                           0
        total:                           187869
    transactions:                        187869 (10436.26 per sec.)
    queries:                             187869 (10436.26 per sec.)
    ignored errors:                      0      (0.00 per sec.)
    reconnects:                          0      (0.00 per sec.)

General statistics:
    total time:                          18.0012s
    total number of events:              187869

Latency (ms):
         min:                                    0.21
         avg:                                    0.38
         max:                                   16.53
         95th percentile:                        0.54
         sum:                                71775.36

Threads fairness:
    events (avg/stddev):           46967.2500/85.21
    execution time (avg/stddev):   17.9438/0.00

