sysbench 1.0.20 (using system LuaJIT 2.1.0-beta3)

Running the test with following options:
Number of threads: 4
Report intermediate results every 2 second(s)
Initializing random number generator from current time


Initializing worker threads...

Threads started!

[ 2s ] thds: 4 tps: 3867.18 qps: 11603.05 (r/w/o: 11603.05/0.00/0.00) lat (ms,95%): 1.30 err/s: 0.00 reconn/s: 0.00
[ 4s ] thds: 4 tps: 3980.17 qps: 11942.02 (r/w/o: 11942.02/0.00/0.00) lat (ms,95%): 1.30 err/s: 0.00 reconn/s: 0.00
[ 6s ] thds: 4 tps: 3892.03 qps: 11675.08 (r/w/o: 11675.08/0.00/0.00) lat (ms,95%): 1.34 err/s: 0.00 reconn/s: 0.00
[ 8s ] thds: 4 tps: 3965.97 qps: 11897.41 (r/w/o: 11897.41/0.00/0.00) lat (ms,95%): 1.27 err/s: 0.00 reconn/s: 0.00
[ 10s ] thds: 4 tps: 3955.44 qps: 11867.81 (r/w/o: 11867.81/0.00/0.00) lat (ms,95%): 1.32 err/s: 0.00 reconn/s: 0.00
[ 12s ] thds: 4 tps: 3990.55 qps: 11970.65 (r/w/o: 11970.65/0.00/0.00) lat (ms,95%): 1.27 err/s: 0.00 reconn/s: 0.00
[ 14s ] thds: 4 tps: 3973.02 qps: 11917.05 (r/w/o: 11917.05/0.00/0.00) lat (ms,95%): 1.30 err/s: 0.00 reconn/s: 0.00
[ 16s ] thds: 4 tps: 3946.49 qps: 11841.48 (r/w/o: 11841.48/0.00/0.00) lat (ms,95%): 1.30 err/s: 0.00 reconn/s: 0.00
[ 18s ] thds: 4 tps: 3952.46 qps: 11858.39 (r/w/o: 11858.39/0.00/0.00) lat (ms,95%): 1.27 err/s: 0.00 reconn/s: 0.00
SQL statistics:
    queries performed:
        read:                            213159
        write:                           0
        other:                           0
        total:                           213159
    transactions:                        71053  (3947.02 per sec.)
    queries:                             213159 (11841.05 per sec.)
    ignored errors:                      0      (0.00 per sec.)
    reconnects:                          0      (0.00 per sec.)

General statistics:
    total time:                          18.0013s
    total number of events:              71053

Latency (ms):
         min:                                    0.63
         avg:                                    1.01
         max:                                   18.67
         95th percentile:                        1.30
         sum:                                71913.35

Threads fairness:
    events (avg/stddev):           17763.2500/37.27
    execution time (avg/stddev):   17.9783/0.00

