sysbench 1.0.20 (using system LuaJIT 2.1.0-beta3)

Running the test with following options:
Number of threads: 1
Report intermediate results every 1 second(s)
Initializing random number generator from current time


Initializing worker threads...

Threads started!

[ 1s ] thds: 1 tps: 59.95 qps: 725.44 (r/w/o: 0.00/602.54/122.91) lat (ms,95%): 23.10 err/s: 0.00 reconn/s: 0.00
[ 2s ] thds: 1 tps: 71.02 qps: 857.30 (r/w/o: 0.00/715.25/142.05) lat (ms,95%): 18.61 err/s: 0.00 reconn/s: 0.00
[ 3s ] thds: 1 tps: 84.99 qps: 1008.87 (r/w/o: 0.00/840.89/167.98) lat (ms,95%): 16.71 err/s: 0.00 reconn/s: 0.00
[ 4s ] thds: 1 tps: 71.01 qps: 860.13 (r/w/o: 0.00/716.11/144.02) lat (ms,95%): 18.28 err/s: 0.00 reconn/s: 0.00
[ 5s ] thds: 1 tps: 70.99 qps: 846.94 (r/w/o: 0.00/704.95/141.99) lat (ms,95%): 18.28 err/s: 0.00 reconn/s: 0.00
[ 6s ] thds: 1 tps: 70.00 qps: 843.04 (r/w/o: 0.00/703.03/140.01) lat (ms,95%): 20.00 err/s: 0.00 reconn/s: 0.00
[ 7s ] thds: 1 tps: 60.00 qps: 717.00 (r/w/o: 0.00/597.00/120.00) lat (ms,95%): 21.89 err/s: 0.00 reconn/s: 0.00
[ 8s ] thds: 1 tps: 69.00 qps: 827.01 (r/w/o: 0.00/690.01/137.00) lat (ms,95%): 20.37 err/s: 0.00 reconn/s: 0.00
SQL statistics:
    queries performed:
        read:                            0
        write:                           5579
        other:                           1117
        total:                           6696
    transactions:                        558    (69.60 per sec.)
    queries:                             6696   (835.20 per sec.)
    ignored errors:                      0      (0.00 per sec.)
    reconnects:                          0      (0.00 per sec.)

General statistics:
    total time:                          8.0168s
    total number of events:              558

Latency (ms):
         min:                                    8.15
         avg:                                   14.36
         max:                                   26.16
         95th percentile:                       20.00
         sum:                                 8015.36

Threads fairness:
    events (avg/stddev):           558.0000/0.00
    execution time (avg/stddev):   8.0154/0.00

