sysbench 1.0.20 (using system LuaJIT 2.1.0-beta3)

Running the test with following options:
Number of threads: 4
Report intermediate results every 3 second(s)
Initializing random number generator from current time


Initializing worker threads...

Threads started!

[ 3s ] thds: 4 tps: 0.00 qps: 2940.35 (r/w/o: 0.00/733.75/2206.59) lat (ms,95%): 0.00 err/s: 0.00 reconn/s: 0.00
[ 6s ] thds: 4 tps: 1.33 qps: 3717.18 (r/w/o: 0.00/1270.17/2447.00) lat (ms,95%): 3773.42 err/s: 5.00 reconn/s: 0.00
[ 9s ] thds: 4 tps: 0.67 qps: 3563.17 (r/w/o: 0.00/1193.39/2369.78) lat (ms,95%): 3773.42 err/s: 1.33 reconn/s: 0.00
[ 12s ] thds: 4 tps: 0.67 qps: 2711.54 (r/w/o: 0.00/1325.61/1385.94) lat (ms,95%): 2985.89 err/s: 1.00 reconn/s: 0.00
[ 15s ] thds: 4 tps: 0.67 qps: 3766.01 (r/w/o: 0.00/1019.00/2747.00) lat (ms,95%): 9624.59 err/s: 1.33 reconn/s: 0.00
[ 18s ] thds: 4 tps: 0.67 qps: 2847.70 (r/w/o: 0.00/1467.68/1380.02) lat (ms,95%): 3841.98 err/s: 3.00 reconn/s: 0.00
[ 21s ] thds: 4 tps: 0.33 qps: 3111.70 (r/w/o: 0.00/1703.02/1408.68) lat (ms,95%): 15650.42 err/s: 0.33 reconn/s: 0.00
[ 24s ] thds: 4 tps: 1.33 qps: 2816.63 (r/w/o: 0.00/1342.65/1473.98) lat (ms,95%): 11946.04 err/s: 0.00 reconn/s: 0.00
[ 27s ] thds: 4 tps: 0.67 qps: 3654.59 (r/w/o: 0.00/1035.65/2618.95) lat (ms,95%): 4203.93 err/s: 2.00 reconn/s: 0.00
[ 30s ] thds: 4 tps: 0.67 qps: 2789.34 (r/w/o: 0.00/1298.34/1491.00) lat (ms,95%): 6713.97 err/s: 1.00 reconn/s: 0.00
[ 33s ] thds: 4 tps: 0.67 qps: 2820.45 (r/w/o: 0.00/1369.39/1451.06) lat (ms,95%): 8795.93 err/s: 0.00 reconn/s: 0.00
[ 36s ] thds: 4 tps: 1.33 qps: 2787.27 (r/w/o: 0.00/1267.97/1519.30) lat (ms,95%): 4280.32 err/s: 2.00 reconn/s: 0.00
[ 39s ] thds: 4 tps: 0.33 qps: 3112.41 (r/w/o: 0.00/1396.37/1716.04) lat (ms,95%): 3982.86 err/s: 0.67 reconn/s: 0.00
[ 42s ] thds: 4 tps: 0.67 qps: 3071.28 (r/w/o: 0.00/1146.98/1924.30) lat (ms,95%): 4517.90 err/s: 1.67 reconn/s: 0.00
[ 45s ] thds: 4 tps: 0.67 qps: 2712.69 (r/w/o: 0.00/1298.34/1414.34) lat (ms,95%): 6360.91 err/s: 0.33 reconn/s: 0.00
[ 48s ] thds: 4 tps: 1.33 qps: 3122.64 (r/w/o: 0.00/1147.66/1974.98) lat (ms,95%): 12163.09 err/s: 0.00 reconn/s: 0.00
[ 51s ] thds: 4 tps: 0.67 qps: 3325.04 (r/w/o: 0.00/1177.68/2147.36) lat (ms,95%): 2985.89 err/s: 0.67 reconn/s: 0.00
[ 54s ] thds: 4 tps: 0.67 qps: 3082.24 (r/w/o: 0.00/1144.63/1937.61) lat (ms,95%): 4358.09 err/s: 1.67 reconn/s: 0.00
[ 57s ] thds: 4 tps: 0.67 qps: 2698.76 (r/w/o: 0.00/1348.38/1350.38) lat (ms,95%): 3326.55 err/s: 0.00 reconn/s: 0.00
[ 60s ] thds: 4 tps: 1.33 qps: 3367.99 (r/w/o: 0.00/1092.66/2275.33) lat (ms,95%): 9977.52 err/s: 1.00 reconn/s: 0.00
[ 63s ] thds: 2 tps: 0.67 qps: 3063.00 (r/w/o: 0.00/978.33/2084.67) lat (ms,95%): 4437.27 err/s: 0.67 reconn/s: 0.00
SQL statistics:
    queries performed:
        read:                            0
        write:                           79536
        other:                           120245
        total:                           199781
    transactions:                        50     (0.76 per sec.)
    queries:                             199781 (3036.26 per sec.)
    ignored errors:                      71     (1.08 per sec.)
    reconnects:                          0      (0.00 per sec.)

General statistics:
    total time:                          65.7980s
    total number of events:              50

Latency (ms):
         min:                                 2800.04
         avg:                                 5125.26
         max:                                15552.53
         95th percentile:                    11946.04
         sum:                               256263.17

Threads fairness:
    events (avg/stddev):           12.5000/2.06
    execution time (avg/stddev):   64.0658/1.73

