sysbench 1.0.20 (using system LuaJIT 2.1.0-beta3)

Running the test with following options:
Number of threads: 4
Report intermediate results every 2 second(s)
Initializing random number generator from current time


Initializing worker threads...

Threads started!

[ 2s ] thds: 4 tps: 1672.27 qps: 5017.31 (r/w/o: 5017.31/0.00/0.00) lat (ms,95%): 2.91 err/s: 0.00 reconn/s: 0.00
[ 4s ] thds: 4 tps: 1684.77 qps: 5054.82 (r/w/o: 5054.82/0.00/0.00) lat (ms,95%): 2.91 err/s: 0.00 reconn/s: 0.00
[ 6s ] thds: 4 tps: 1683.99 qps: 5051.47 (r/w/o: 5051.47/0.00/0.00) lat (ms,95%): 2.97 err/s: 0.00 reconn/s: 0.00
[ 8s ] thds: 4 tps: 1693.49 qps: 5081.96 (r/w/o: 5081.96/0.00/0.00) lat (ms,95%): 2.91 err/s: 0.00 reconn/s: 0.00
[ 10s ] thds: 4 tps: 1697.51 qps: 5093.02 (r/w/o: 5093.02/0.00/0.00) lat (ms,95%): 2.91 err/s: 0.00 reconn/s: 0.00
[ 12s ] thds: 4 tps: 1692.05 qps: 5075.66 (r/w/o: 5075.66/0.00/0.00) lat (ms,95%): 2.91 err/s: 0.00 reconn/s: 0.00
[ 14s ] thds: 4 tps: 1684.87 qps: 5053.61 (r/w/o: 5053.61/0.00/0.00) lat (ms,95%): 2.97 err/s: 0.00 reconn/s: 0.00
[ 16s ] thds: 4 tps: 1697.59 qps: 5095.28 (r/w/o: 5095.28/0.00/0.00) lat (ms,95%): 2.91 err/s: 0.00 reconn/s: 0.00
[ 18s ] thds: 4 tps: 1694.50 qps: 5082.99 (r/w/o: 5082.99/0.00/0.00) lat (ms,95%): 2.91 err/s: 0.00 reconn/s: 0.00
SQL statistics:
    queries performed:
        read:                            91221
        write:                           0
        other:                           0
        total:                           91221
    transactions:                        30407  (1689.03 per sec.)
    queries:                             91221  (5067.09 per sec.)
    ignored errors:                      0      (0.00 per sec.)
    reconnects:                          0      (0.00 per sec.)

General statistics:
    total time:                          18.0023s
    total number of events:              30407

Latency (ms):
         min:                                    1.20
         avg:                                    2.37
         max:                                   19.32
         95th percentile:                        2.91
         sum:                                71964.84

Threads fairness:
    events (avg/stddev):           7601.7500/25.94
    execution time (avg/stddev):   17.9912/0.00

