sysbench 1.0.20 (using system LuaJIT 2.1.0-beta3)

Running the test with following options:
Number of threads: 4
Report intermediate results every 2 second(s)
Initializing random number generator from current time


Initializing worker threads...

Threads started!

[ 2s ] thds: 4 tps: 4.00 qps: 2414.74 (r/w/o: 0.00/632.67/1782.07) lat (ms,95%): 877.61 err/s: 8.00 reconn/s: 0.00
[ 4s ] thds: 4 tps: 4.00 qps: 2483.21 (r/w/o: 0.00/632.18/1851.03) lat (ms,95%): 846.57 err/s: 5.50 reconn/s: 0.00
[ 6s ] thds: 4 tps: 6.00 qps: 2594.43 (r/w/o: 0.00/674.48/1919.95) lat (ms,95%): 846.57 err/s: 8.50 reconn/s: 0.00
[ 8s ] thds: 4 tps: 4.00 qps: 2608.04 (r/w/o: 0.00/678.51/1929.53) lat (ms,95%): 787.74 err/s: 7.00 reconn/s: 0.00
[ 10s ] thds: 4 tps: 6.00 qps: 2607.85 (r/w/o: 0.00/675.96/1931.89) lat (ms,95%): 831.46 err/s: 8.50 reconn/s: 0.00
[ 12s ] thds: 4 tps: 4.00 qps: 2507.04 (r/w/o: 0.00/645.01/1862.03) lat (ms,95%): 846.57 err/s: 7.50 reconn/s: 0.00
[ 14s ] thds: 4 tps: 6.00 qps: 2655.05 (r/w/o: 0.00/698.01/1957.04) lat (ms,95%): 831.46 err/s: 9.00 reconn/s: 0.00
[ 16s ] thds: 4 tps: 6.00 qps: 3742.44 (r/w/o: 0.00/961.48/2780.96) lat (ms,95%): 601.29 err/s: 9.00 reconn/s: 0.00
[ 18s ] thds: 4 tps: 8.00 qps: 3798.67 (r/w/o: 0.00/1003.54/2795.12) lat (ms,95%): 559.50 err/s: 16.00 reconn/s: 0.00
SQL statistics:
    queries performed:
        read:                            0
        write:                           13409
        other:                           38235
        total:                           51644
    transactions:                        100    (5.49 per sec.)
    queries:                             51644  (2835.10 per sec.)
    ignored errors:                      158    (8.67 per sec.)
    reconnects:                          0      (0.00 per sec.)

General statistics:
    total time:                          18.2156s
    total number of events:              100

Latency (ms):
         min:                                  516.22
         avg:                                  728.58
         max:                                  879.20
         95th percentile:                      846.57
         sum:                                72857.63

Threads fairness:
    events (avg/stddev):           25.0000/0.00
    execution time (avg/stddev):   18.2144/0.00

