sysbench 1.0.20 (using system LuaJIT 2.1.0-beta3)

Running the test with following options:
Number of threads: 1
Report intermediate results every 1 second(s)
Initializing random number generator from current time


Initializing worker threads...

Threads started!

[ 1s ] thds: 1 tps: 1523.89 qps: 4572.67 (r/w/o: 4572.67/0.00/0.00) lat (ms,95%): 0.72 err/s: 0.00 reconn/s: 0.00
[ 2s ] thds: 1 tps: 1583.33 qps: 4750.00 (r/w/o: 4750.00/0.00/0.00) lat (ms,95%): 0.70 err/s: 0.00 reconn/s: 0.00
[ 3s ] thds: 1 tps: 1585.06 qps: 4756.18 (r/w/o: 4756.18/0.00/0.00) lat (ms,95%): 0.72 err/s: 0.00 reconn/s: 0.00
[ 4s ] thds: 1 tps: 1567.99 qps: 4701.97 (r/w/o: 4701.97/0.00/0.00) lat (ms,95%): 0.72 err/s: 0.00 reconn/s: 0.00
[ 5s ] thds: 1 tps: 1579.01 qps: 4737.03 (r/w/o: 4737.03/0.00/0.00) lat (ms,95%): 0.70 err/s: 0.00 reconn/s: 0.00
[ 6s ] thds: 1 tps: 1540.86 qps: 4623.59 (r/w/o: 4623.59/0.00/0.00) lat (ms,95%): 0.73 err/s: 0.00 reconn/s: 0.00
[ 7s ] thds: 1 tps: 1552.12 qps: 4655.37 (r/w/o: 4655.37/0.00/0.00) lat (ms,95%): 0.73 err/s: 0.00 reconn/s: 0.00
[ 8s ] thds: 1 tps: 1531.98 qps: 4596.94 (r/w/o: 4596.94/0.00/0.00) lat (ms,95%): 0.73 err/s: 0.00 reconn/s: 0.00
SQL statistics:
    queries performed:
        read:                            37398
        write:                           0
        other:                           0
        total:                           37398
    transactions:                        12466  (1558.02 per sec.)
    queries:                             37398  (4674.05 per sec.)
    ignored errors:                      0      (0.00 per sec.)
    reconnects:                          0      (0.00 per sec.)

General statistics:
    total time:                          8.0008s
    total number of events:              12466

Latency (ms):
         min:                                    0.57
         avg:                                    0.64
         max:                                    9.07
         95th percentile:                        0.72
         sum:                                 7987.75

Threads fairness:
    events (avg/stddev):           12466.0000/0.00
    execution time (avg/stddev):   7.9878/0.00

