sysbench 1.0.20 (using system LuaJIT 2.1.0-beta3)

Running the test with following options:
Number of threads: 1
Report intermediate results every 1 second(s)
Initializing random number generator from current time


Initializing worker threads...

Threads started!

[ 1s ] thds: 1 tps: 75.94 qps: 922.28 (r/w/o: 0.00/767.40/154.88) lat (ms,95%): 16.41 err/s: 0.00 reconn/s: 0.00
[ 2s ] thds: 1 tps: 77.02 qps: 920.27 (r/w/o: 0.00/766.23/154.05) lat (ms,95%): 16.41 err/s: 0.00 reconn/s: 0.00
[ 3s ] thds: 1 tps: 72.01 qps: 868.06 (r/w/o: 0.00/724.05/144.01) lat (ms,95%): 16.71 err/s: 0.00 reconn/s: 0.00
[ 4s ] thds: 1 tps: 76.00 qps: 912.00 (r/w/o: 0.00/760.00/152.00) lat (ms,95%): 15.27 err/s: 0.00 reconn/s: 0.00
[ 5s ] thds: 1 tps: 71.00 qps: 846.00 (r/w/o: 0.00/704.00/142.00) lat (ms,95%): 17.01 err/s: 0.00 reconn/s: 0.00
[ 6s ] thds: 1 tps: 69.00 qps: 828.95 (r/w/o: 0.00/690.96/137.99) lat (ms,95%): 18.28 err/s: 0.00 reconn/s: 0.00
[ 7s ] thds: 1 tps: 75.00 qps: 904.00 (r/w/o: 0.00/754.00/150.00) lat (ms,95%): 17.63 err/s: 0.00 reconn/s: 0.00
[ 8s ] thds: 1 tps: 74.00 qps: 888.01 (r/w/o: 0.00/740.01/148.00) lat (ms,95%): 17.01 err/s: 0.00 reconn/s: 0.00
SQL statistics:
    queries performed:
        read:                            0
        write:                           5909
        other:                           1183
        total:                           7092
    transactions:                        591    (73.86 per sec.)
    queries:                             7092   (886.27 per sec.)
    ignored errors:                      0      (0.00 per sec.)
    reconnects:                          0      (0.00 per sec.)

General statistics:
    total time:                          8.0017s
    total number of events:              591

Latency (ms):
         min:                                    8.75
         avg:                                   13.54
         max:                                   31.06
         95th percentile:                       17.01
         sum:                                 8000.05

Threads fairness:
    events (avg/stddev):           591.0000/0.00
    execution time (avg/stddev):   8.0000/0.00

