sysbench 1.0.20 (using system LuaJIT 2.1.0-beta3)

Running the test with following options:
Number of threads: 4
Report intermediate results every 2 second(s)
Initializing random number generator from current time


Initializing worker threads...

Threads started!

[ 2s ] thds: 4 tps: 0.00 qps: 2740.55 (r/w/o: 0.00/683.14/2057.41) lat (ms,95%): 0.00 err/s: 0.00 reconn/s: 0.00
[ 4s ] thds: 4 tps: 0.00 qps: 2592.74 (r/w/o: 0.00/648.18/1944.55) lat (ms,95%): 0.00 err/s: 0.00 reconn/s: 0.00
[ 6s ] thds: 4 tps: 0.00 qps: 2693.89 (r/w/o: 0.00/673.47/2020.42) lat (ms,95%): 0.00 err/s: 0.00 reconn/s: 0.00
[ 8s ] thds: 4 tps: 0.00 qps: 2840.02 (r/w/o: 0.00/710.00/2130.01) lat (ms,95%): 0.00 err/s: 0.00 reconn/s: 0.00
[ 10s ] thds: 4 tps: 0.00 qps: 2768.11 (r/w/o: 0.00/692.03/2076.08) lat (ms,95%): 0.00 err/s: 0.00 reconn/s: 0.00
[ 12s ] thds: 4 tps: 0.00 qps: 2590.04 (r/w/o: 0.00/647.51/1942.53) lat (ms,95%): 0.00 err/s: 0.00 reconn/s: 0.00
[ 14s ] thds: 4 tps: 0.00 qps: 2581.92 (r/w/o: 0.00/645.48/1936.44) lat (ms,95%): 0.00 err/s: 0.00 reconn/s: 0.00
[ 16s ] thds: 4 tps: 0.00 qps: 2653.98 (r/w/o: 0.00/663.49/1990.48) lat (ms,95%): 0.00 err/s: 0.00 reconn/s: 0.00
[ 18s ] thds: 4 tps: 0.00 qps: 2607.97 (r/w/o: 0.00/651.99/1955.98) lat (ms,95%): 0.00 err/s: 0.00 reconn/s: 0.00
[ 20s ] thds: 4 tps: 0.00 qps: 2628.00 (r/w/o: 0.00/657.00/1971.00) lat (ms,95%): 0.00 err/s: 0.00 reconn/s: 0.00
[ 22s ] thds: 4 tps: 0.00 qps: 2687.96 (r/w/o: 0.00/671.99/2015.97) lat (ms,95%): 0.00 err/s: 0.00 reconn/s: 0.00
[ 24s ] thds: 4 tps: 0.00 qps: 2674.03 (r/w/o: 0.00/668.51/2005.52) lat (ms,95%): 0.00 err/s: 0.00 reconn/s: 0.00
[ 26s ] thds: 4 tps: 0.00 qps: 2702.09 (r/w/o: 0.00/675.52/2026.56) lat (ms,95%): 0.00 err/s: 0.00 reconn/s: 0.00
[ 28s ] thds: 4 tps: 0.00 qps: 3006.02 (r/w/o: 0.00/751.51/2254.52) lat (ms,95%): 0.00 err/s: 0.00 reconn/s: 0.00
[ 30s ] thds: 4 tps: 0.00 qps: 2599.96 (r/w/o: 0.00/649.99/1949.97) lat (ms,95%): 0.00 err/s: 0.00 reconn/s: 0.00
[ 32s ] thds: 4 tps: 0.00 qps: 2575.94 (r/w/o: 0.00/643.99/1931.96) lat (ms,95%): 0.00 err/s: 0.00 reconn/s: 0.00
SQL statistics:
    queries performed:
        read:                            0
        write:                           22000
        other:                           66016
        total:                           88016
    transactions:                        4      (0.12 per sec.)
    queries:                             88016  (2676.53 per sec.)
    ignored errors:                      0      (0.00 per sec.)
    reconnects:                          0      (0.00 per sec.)

General statistics:
    total time:                          32.8840s
    total number of events:              4

Latency (ms):
         min:                                32882.98
         avg:                                32883.06
         max:                                32883.27
         95th percentile:                    32745.49
         sum:                               131532.26

Threads fairness:
    events (avg/stddev):           1.0000/0.00
    execution time (avg/stddev):   32.8831/0.00

