sysbench 1.0.20 (using system LuaJIT 2.1.0-beta3)

Running the test with following options:
Number of threads: 4
Report intermediate results every 2 second(s)
Initializing random number generator from current time


Initializing worker threads...

Threads started!

[ 2s ] thds: 4 tps: 8658.15 qps: 8658.15 (r/w/o: 8658.15/0.00/0.00) lat (ms,95%): 0.64 err/s: 0.00 reconn/s: 0.00
[ 4s ] thds: 4 tps: 8767.83 qps: 8767.83 (r/w/o: 8767.83/0.00/0.00) lat (ms,95%): 0.63 err/s: 0.00 reconn/s: 0.00
[ 6s ] thds: 4 tps: 8807.55 qps: 8808.05 (r/w/o: 8808.05/0.00/0.00) lat (ms,95%): 0.63 err/s: 0.00 reconn/s: 0.00
[ 8s ] thds: 4 tps: 8795.96 qps: 8795.46 (r/w/o: 8795.46/0.00/0.00) lat (ms,95%): 0.63 err/s: 0.00 reconn/s: 0.00
[ 10s ] thds: 4 tps: 8788.56 qps: 8788.56 (r/w/o: 8788.56/0.00/0.00) lat (ms,95%): 0.63 err/s: 0.00 reconn/s: 0.00
[ 12s ] thds: 4 tps: 8771.96 qps: 8771.96 (r/w/o: 8771.96/0.00/0.00) lat (ms,95%): 0.63 err/s: 0.00 reconn/s: 0.00
[ 14s ] thds: 4 tps: 8756.91 qps: 8756.91 (r/w/o: 8756.91/0.00/0.00) lat (ms,95%): 0.63 err/s: 0.00 reconn/s: 0.00
[ 16s ] thds: 4 tps: 8817.58 qps: 8817.58 (r/w/o: 8817.58/0.00/0.00) lat (ms,95%): 0.62 err/s: 0.00 reconn/s: 0.00
[ 18s ] thds: 4 tps: 8821.82 qps: 8821.82 (r/w/o: 8821.82/0.00/0.00) lat (ms,95%): 0.63 err/s: 0.00 reconn/s: 0.00
SQL statistics:
    queries performed:
        read:                            157981
        write:                           0
        other:                           0
        total:                           157981
    transactions:                        157981 (8775.91 per sec.)
    queries:                             157981 (8775.91 per sec.)
    ignored errors:                      0      (0.00 per sec.)
    reconnects:                          0      (0.00 per sec.)

General statistics:
    total time:                          18.0013s
    total number of events:              157981

Latency (ms):
         min:                                    0.25
         avg:                                    0.45
         max:                                   18.41
         95th percentile:                        0.63
         sum:                                71818.13

Threads fairness:
    events (avg/stddev):           39495.2500/172.70
    execution time (avg/stddev):   17.9545/0.00

