sysbench 1.0.20 (using system LuaJIT 2.1.0-beta3)

Running the test with following options:
Number of threads: 4
Report intermediate results every 2 second(s)
Initializing random number generator from current time


Initializing worker threads...

Threads started!

[ 2s ] thds: 4 tps: 3891.23 qps: 11674.70 (r/w/o: 11674.70/0.00/0.00) lat (ms,95%): 1.30 err/s: 0.00 reconn/s: 0.00
[ 4s ] thds: 4 tps: 3957.13 qps: 11872.90 (r/w/o: 11872.90/0.00/0.00) lat (ms,95%): 1.30 err/s: 0.00 reconn/s: 0.00
[ 6s ] thds: 4 tps: 3885.05 qps: 11654.15 (r/w/o: 11654.15/0.00/0.00) lat (ms,95%): 1.34 err/s: 0.00 reconn/s: 0.00
[ 8s ] thds: 4 tps: 3945.10 qps: 11834.79 (r/w/o: 11834.79/0.00/0.00) lat (ms,95%): 1.30 err/s: 0.00 reconn/s: 0.00
[ 10s ] thds: 4 tps: 3953.89 qps: 11862.66 (r/w/o: 11862.66/0.00/0.00) lat (ms,95%): 1.30 err/s: 0.00 reconn/s: 0.00
[ 12s ] thds: 4 tps: 3981.03 qps: 11942.09 (r/w/o: 11942.09/0.00/0.00) lat (ms,95%): 1.27 err/s: 0.00 reconn/s: 0.00
[ 14s ] thds: 4 tps: 4015.00 qps: 12045.50 (r/w/o: 12045.50/0.00/0.00) lat (ms,95%): 1.27 err/s: 0.00 reconn/s: 0.00
[ 16s ] thds: 4 tps: 3930.99 qps: 11792.96 (r/w/o: 11792.96/0.00/0.00) lat (ms,95%): 1.30 err/s: 0.00 reconn/s: 0.00
[ 18s ] thds: 4 tps: 4001.55 qps: 12004.64 (r/w/o: 12004.64/0.00/0.00) lat (ms,95%): 1.30 err/s: 0.00 reconn/s: 0.00
SQL statistics:
    queries performed:
        read:                            213384
        write:                           0
        other:                           0
        total:                           213384
    transactions:                        71128  (3951.16 per sec.)
    queries:                             213384 (11853.49 per sec.)
    ignored errors:                      0      (0.00 per sec.)
    reconnects:                          0      (0.00 per sec.)

General statistics:
    total time:                          18.0014s
    total number of events:              71128

Latency (ms):
         min:                                    0.66
         avg:                                    1.01
         max:                                   18.40
         95th percentile:                        1.30
         sum:                                71915.37

Threads fairness:
    events (avg/stddev):           17782.0000/41.70
    execution time (avg/stddev):   17.9788/0.00

