sysbench 1.0.20 (using system LuaJIT 2.1.0-beta3)

Running the test with following options:
Number of threads: 4
Report intermediate results every 2 second(s)
Initializing random number generator from current time


Initializing worker threads...

Threads started!

[ 2s ] thds: 4 tps: 0.00 qps: 3266.40 (r/w/o: 0.00/814.60/2451.80) lat (ms,95%): 0.00 err/s: 0.00 reconn/s: 0.00
[ 4s ] thds: 4 tps: 0.00 qps: 3213.05 (r/w/o: 0.00/803.64/2409.41) lat (ms,95%): 0.00 err/s: 0.00 reconn/s: 0.00
[ 6s ] thds: 4 tps: 0.00 qps: 3579.75 (r/w/o: 0.00/894.56/2685.19) lat (ms,95%): 0.00 err/s: 0.00 reconn/s: 0.00
[ 8s ] thds: 4 tps: 0.00 qps: 3598.00 (r/w/o: 0.00/899.50/2698.50) lat (ms,95%): 0.00 err/s: 0.00 reconn/s: 0.00
[ 10s ] thds: 4 tps: 0.00 qps: 3127.93 (r/w/o: 0.00/781.98/2345.94) lat (ms,95%): 0.00 err/s: 0.00 reconn/s: 0.00
[ 12s ] thds: 4 tps: 0.00 qps: 3220.15 (r/w/o: 0.00/805.04/2415.11) lat (ms,95%): 0.00 err/s: 0.00 reconn/s: 0.00
[ 14s ] thds: 4 tps: 0.00 qps: 3183.98 (r/w/o: 0.00/796.00/2387.99) lat (ms,95%): 0.00 err/s: 0.00 reconn/s: 0.00
[ 16s ] thds: 4 tps: 0.00 qps: 3183.91 (r/w/o: 0.00/795.98/2387.93) lat (ms,95%): 0.00 err/s: 0.00 reconn/s: 0.00
[ 18s ] thds: 4 tps: 0.00 qps: 3278.43 (r/w/o: 0.00/819.98/2458.45) lat (ms,95%): 0.00 err/s: 0.00 reconn/s: 0.00
[ 20s ] thds: 4 tps: 0.00 qps: 3275.57 (r/w/o: 0.00/818.52/2457.05) lat (ms,95%): 0.00 err/s: 0.00 reconn/s: 0.00
[ 22s ] thds: 4 tps: 0.00 qps: 3169.97 (r/w/o: 0.00/792.49/2377.48) lat (ms,95%): 0.00 err/s: 0.00 reconn/s: 0.00
[ 24s ] thds: 4 tps: 0.00 qps: 3696.19 (r/w/o: 0.00/924.05/2772.14) lat (ms,95%): 0.00 err/s: 0.00 reconn/s: 0.00
[ 26s ] thds: 4 tps: 0.00 qps: 3235.81 (r/w/o: 0.00/808.95/2426.86) lat (ms,95%): 0.00 err/s: 0.00 reconn/s: 0.00
SQL statistics:
    queries performed:
        read:                            0
        write:                           22000
        other:                           66016
        total:                           88016
    transactions:                        4      (0.15 per sec.)
    queries:                             88016  (3307.17 per sec.)
    ignored errors:                      0      (0.00 per sec.)
    reconnects:                          0      (0.00 per sec.)

General statistics:
    total time:                          26.6133s
    total number of events:              4

Latency (ms):
         min:                                26612.23
         avg:                                26612.34
         max:                                26612.54
         95th percentile:                    26382.13
         sum:                               106449.37

Threads fairness:
    events (avg/stddev):           1.0000/0.00
    execution time (avg/stddev):   26.6123/0.00

