sysbench 1.0.20 (using system LuaJIT 2.1.0-beta3)

Running the test with following options:
Number of threads: 4
Report intermediate results every 2 second(s)
Initializing random number generator from current time


Initializing worker threads...

Threads started!

[ 2s ] thds: 4 tps: 3900.20 qps: 11702.10 (r/w/o: 11702.10/0.00/0.00) lat (ms,95%): 1.32 err/s: 0.00 reconn/s: 0.00
[ 4s ] thds: 4 tps: 3940.72 qps: 11822.17 (r/w/o: 11822.17/0.00/0.00) lat (ms,95%): 1.30 err/s: 0.00 reconn/s: 0.00
[ 6s ] thds: 4 tps: 3984.50 qps: 11954.99 (r/w/o: 11954.99/0.00/0.00) lat (ms,95%): 1.30 err/s: 0.00 reconn/s: 0.00
[ 8s ] thds: 4 tps: 3985.50 qps: 11955.49 (r/w/o: 11955.49/0.00/0.00) lat (ms,95%): 1.30 err/s: 0.00 reconn/s: 0.00
[ 10s ] thds: 4 tps: 3972.59 qps: 11918.77 (r/w/o: 11918.77/0.00/0.00) lat (ms,95%): 1.30 err/s: 0.00 reconn/s: 0.00
[ 12s ] thds: 4 tps: 4053.90 qps: 12161.70 (r/w/o: 12161.70/0.00/0.00) lat (ms,95%): 1.27 err/s: 0.00 reconn/s: 0.00
[ 14s ] thds: 4 tps: 4010.99 qps: 12032.47 (r/w/o: 12032.47/0.00/0.00) lat (ms,95%): 1.27 err/s: 0.00 reconn/s: 0.00
[ 16s ] thds: 4 tps: 3989.52 qps: 11968.06 (r/w/o: 11968.06/0.00/0.00) lat (ms,95%): 1.27 err/s: 0.00 reconn/s: 0.00
[ 18s ] thds: 4 tps: 3990.51 qps: 11971.03 (r/w/o: 11971.03/0.00/0.00) lat (ms,95%): 1.30 err/s: 0.00 reconn/s: 0.00
SQL statistics:
    queries performed:
        read:                            214986
        write:                           0
        other:                           0
        total:                           214986
    transactions:                        71662  (3980.80 per sec.)
    queries:                             214986 (11942.39 per sec.)
    ignored errors:                      0      (0.00 per sec.)
    reconnects:                          0      (0.00 per sec.)

General statistics:
    total time:                          18.0016s
    total number of events:              71662

Latency (ms):
         min:                                    0.65
         avg:                                    1.00
         max:                                   19.33
         95th percentile:                        1.30
         sum:                                71915.09

Threads fairness:
    events (avg/stddev):           17915.5000/71.32
    execution time (avg/stddev):   17.9788/0.00

