sysbench 1.0.20 (using system LuaJIT 2.1.0-beta3)

Running the test with following options:
Number of threads: 4
Report intermediate results every 2 second(s)
Initializing random number generator from current time


Initializing worker threads...

Threads started!

[ 2s ] thds: 4 tps: 0.00 qps: 4209.79 (r/w/o: 0.00/1050.45/3159.34) lat (ms,95%): 0.00 err/s: 0.00 reconn/s: 0.00
[ 4s ] thds: 4 tps: 0.00 qps: 4134.93 (r/w/o: 0.00/1033.73/3101.20) lat (ms,95%): 0.00 err/s: 0.00 reconn/s: 0.00
[ 6s ] thds: 4 tps: 0.00 qps: 4443.95 (r/w/o: 0.00/1110.99/3332.97) lat (ms,95%): 0.00 err/s: 0.00 reconn/s: 0.00
[ 8s ] thds: 4 tps: 0.00 qps: 4570.20 (r/w/o: 0.00/1142.55/3427.65) lat (ms,95%): 0.00 err/s: 0.00 reconn/s: 0.00
[ 10s ] thds: 4 tps: 0.00 qps: 4519.94 (r/w/o: 0.00/1129.98/3389.95) lat (ms,95%): 0.00 err/s: 0.00 reconn/s: 0.00
[ 12s ] thds: 4 tps: 0.00 qps: 4431.88 (r/w/o: 0.00/1107.97/3323.91) lat (ms,95%): 0.00 err/s: 0.00 reconn/s: 0.00
[ 14s ] thds: 4 tps: 0.00 qps: 4266.12 (r/w/o: 0.00/1066.53/3199.59) lat (ms,95%): 0.00 err/s: 0.00 reconn/s: 0.00
[ 16s ] thds: 4 tps: 0.00 qps: 4559.92 (r/w/o: 0.00/1139.98/3419.94) lat (ms,95%): 0.00 err/s: 0.00 reconn/s: 0.00
[ 18s ] thds: 4 tps: 0.00 qps: 4394.11 (r/w/o: 0.00/1098.53/3295.58) lat (ms,95%): 0.00 err/s: 0.00 reconn/s: 0.00
SQL statistics:
    queries performed:
        read:                            0
        write:                           22000
        other:                           66016
        total:                           88016
    transactions:                        4      (0.20 per sec.)
    queries:                             88016  (4402.22 per sec.)
    ignored errors:                      0      (0.00 per sec.)
    reconnects:                          0      (0.00 per sec.)

General statistics:
    total time:                          19.9932s
    total number of events:              4

Latency (ms):
         min:                                19991.99
         avg:                                19992.02
         max:                                19992.05
         95th percentile:                    20137.61
         sum:                                79968.07

Threads fairness:
    events (avg/stddev):           1.0000/0.00
    execution time (avg/stddev):   19.9920/0.00

