sysbench 1.0.20 (using system LuaJIT 2.1.0-beta3)

Running the test with following options:
Number of threads: 1
Report intermediate results every 1 second(s)
Initializing random number generator from current time


Initializing worker threads...

Threads started!

[ 1s ] thds: 1 tps: 1097.18 qps: 3292.53 (r/w/o: 3292.53/0.00/0.00) lat (ms,95%): 0.97 err/s: 0.00 reconn/s: 0.00
[ 2s ] thds: 1 tps: 1093.32 qps: 3280.96 (r/w/o: 3280.96/0.00/0.00) lat (ms,95%): 0.99 err/s: 0.00 reconn/s: 0.00
[ 3s ] thds: 1 tps: 1114.98 qps: 3342.94 (r/w/o: 3342.94/0.00/0.00) lat (ms,95%): 0.97 err/s: 0.00 reconn/s: 0.00
[ 4s ] thds: 1 tps: 1106.01 qps: 3319.02 (r/w/o: 3319.02/0.00/0.00) lat (ms,95%): 0.99 err/s: 0.00 reconn/s: 0.00
[ 5s ] thds: 1 tps: 1099.96 qps: 3300.87 (r/w/o: 3300.87/0.00/0.00) lat (ms,95%): 0.99 err/s: 0.00 reconn/s: 0.00
[ 6s ] thds: 1 tps: 1096.06 qps: 3287.19 (r/w/o: 3287.19/0.00/0.00) lat (ms,95%): 0.99 err/s: 0.00 reconn/s: 0.00
[ 7s ] thds: 1 tps: 1092.00 qps: 3277.00 (r/w/o: 3277.00/0.00/0.00) lat (ms,95%): 0.99 err/s: 0.00 reconn/s: 0.00
[ 8s ] thds: 1 tps: 1113.00 qps: 3337.01 (r/w/o: 3337.01/0.00/0.00) lat (ms,95%): 0.97 err/s: 0.00 reconn/s: 0.00
SQL statistics:
    queries performed:
        read:                            26442
        write:                           0
        other:                           0
        total:                           26442
    transactions:                        8814   (1101.53 per sec.)
    queries:                             26442  (3304.58 per sec.)
    ignored errors:                      0      (0.00 per sec.)
    reconnects:                          0      (0.00 per sec.)

General statistics:
    total time:                          8.0013s
    total number of events:              8814

Latency (ms):
         min:                                    0.82
         avg:                                    0.91
         max:                                    8.68
         95th percentile:                        0.99
         sum:                                 7991.95

Threads fairness:
    events (avg/stddev):           8814.0000/0.00
    execution time (avg/stddev):   7.9919/0.00

