sysbench 1.0.20 (using system LuaJIT 2.1.0-beta3)

Running the test with following options:
Number of threads: 4
Report intermediate results every 2 second(s)
Initializing random number generator from current time


Initializing worker threads...

Threads started!

[ 2s ] thds: 4 tps: 8292.40 qps: 8292.40 (r/w/o: 8292.40/0.00/0.00) lat (ms,95%): 0.68 err/s: 0.00 reconn/s: 0.00
[ 4s ] thds: 4 tps: 8441.96 qps: 8441.96 (r/w/o: 8441.96/0.00/0.00) lat (ms,95%): 0.65 err/s: 0.00 reconn/s: 0.00
[ 6s ] thds: 4 tps: 8453.85 qps: 8453.85 (r/w/o: 8453.85/0.00/0.00) lat (ms,95%): 0.65 err/s: 0.00 reconn/s: 0.00
[ 8s ] thds: 4 tps: 8411.54 qps: 8411.54 (r/w/o: 8411.54/0.00/0.00) lat (ms,95%): 0.67 err/s: 0.00 reconn/s: 0.00
[ 10s ] thds: 4 tps: 8473.06 qps: 8473.06 (r/w/o: 8473.06/0.00/0.00) lat (ms,95%): 0.65 err/s: 0.00 reconn/s: 0.00
[ 12s ] thds: 4 tps: 8329.42 qps: 8329.42 (r/w/o: 8329.42/0.00/0.00) lat (ms,95%): 0.68 err/s: 0.00 reconn/s: 0.00
[ 14s ] thds: 4 tps: 8387.56 qps: 8387.56 (r/w/o: 8387.56/0.00/0.00) lat (ms,95%): 0.67 err/s: 0.00 reconn/s: 0.00
[ 16s ] thds: 4 tps: 8563.82 qps: 8563.82 (r/w/o: 8563.82/0.00/0.00) lat (ms,95%): 0.63 err/s: 0.00 reconn/s: 0.00
[ 18s ] thds: 4 tps: 8481.61 qps: 8481.61 (r/w/o: 8481.61/0.00/0.00) lat (ms,95%): 0.65 err/s: 0.00 reconn/s: 0.00
SQL statistics:
    queries performed:
        read:                            151678
        write:                           0
        other:                           0
        total:                           151678
    transactions:                        151678 (8425.92 per sec.)
    queries:                             151678 (8425.92 per sec.)
    ignored errors:                      0      (0.00 per sec.)
    reconnects:                          0      (0.00 per sec.)

General statistics:
    total time:                          18.0010s
    total number of events:              151678

Latency (ms):
         min:                                    0.25
         avg:                                    0.47
         max:                                   18.75
         95th percentile:                        0.65
         sum:                                71821.63

Threads fairness:
    events (avg/stddev):           37919.5000/157.72
    execution time (avg/stddev):   17.9554/0.00

