sysbench 1.0.20 (using system LuaJIT 2.1.0-beta3)

Running the test with following options:
Number of threads: 1
Report intermediate results every 1 second(s)
Initializing random number generator from current time


Initializing worker threads...

Threads started!

[ 1s ] thds: 1 tps: 1354.74 qps: 1354.74 (r/w/o: 1354.74/0.00/0.00) lat (ms,95%): 0.77 err/s: 0.00 reconn/s: 0.00
[ 2s ] thds: 1 tps: 1375.40 qps: 1375.40 (r/w/o: 1375.40/0.00/0.00) lat (ms,95%): 0.75 err/s: 0.00 reconn/s: 0.00
[ 3s ] thds: 1 tps: 1373.06 qps: 1373.06 (r/w/o: 1373.06/0.00/0.00) lat (ms,95%): 0.75 err/s: 0.00 reconn/s: 0.00
[ 4s ] thds: 1 tps: 1380.93 qps: 1380.93 (r/w/o: 1380.93/0.00/0.00) lat (ms,95%): 0.75 err/s: 0.00 reconn/s: 0.00
[ 5s ] thds: 1 tps: 1351.00 qps: 1351.00 (r/w/o: 1351.00/0.00/0.00) lat (ms,95%): 0.94 err/s: 0.00 reconn/s: 0.00
[ 6s ] thds: 1 tps: 1373.09 qps: 1373.09 (r/w/o: 1373.09/0.00/0.00) lat (ms,95%): 0.77 err/s: 0.00 reconn/s: 0.00
[ 7s ] thds: 1 tps: 1377.95 qps: 1377.95 (r/w/o: 1377.95/0.00/0.00) lat (ms,95%): 0.75 err/s: 0.00 reconn/s: 0.00
[ 8s ] thds: 1 tps: 1376.05 qps: 1376.05 (r/w/o: 1376.05/0.00/0.00) lat (ms,95%): 0.75 err/s: 0.00 reconn/s: 0.00
SQL statistics:
    queries performed:
        read:                            10964
        write:                           0
        other:                           0
        total:                           10964
    transactions:                        10964  (1370.26 per sec.)
    queries:                             10964  (1370.26 per sec.)
    ignored errors:                      0      (0.00 per sec.)
    reconnects:                          0      (0.00 per sec.)

General statistics:
    total time:                          8.0009s
    total number of events:              10964

Latency (ms):
         min:                                    0.68
         avg:                                    0.73
         max:                                    9.42
         95th percentile:                        0.77
         sum:                                 7988.39

Threads fairness:
    events (avg/stddev):           10964.0000/0.00
    execution time (avg/stddev):   7.9884/0.00

