sysbench 1.0.20 (using system LuaJIT 2.1.0-beta3)

Running the test with following options:
Number of threads: 1
Report intermediate results every 1 second(s)
Initializing random number generator from current time


Initializing worker threads...

Threads started!

[ 1s ] thds: 1 tps: 0.00 qps: 1367.50 (r/w/o: 0.00/1364.50/3.00) lat (ms,95%): 0.00 err/s: 0.00 reconn/s: 0.00
[ 2s ] thds: 1 tps: 0.00 qps: 1322.68 (r/w/o: 0.00/1322.68/0.00) lat (ms,95%): 0.00 err/s: 0.00 reconn/s: 0.00
[ 3s ] thds: 1 tps: 1.00 qps: 1351.16 (r/w/o: 0.00/1349.16/2.00) lat (ms,95%): 2238.47 err/s: 0.00 reconn/s: 0.00
[ 4s ] thds: 1 tps: 0.00 qps: 1559.84 (r/w/o: 0.00/1559.84/0.00) lat (ms,95%): 0.00 err/s: 0.00 reconn/s: 0.00
[ 5s ] thds: 1 tps: 1.00 qps: 1477.05 (r/w/o: 0.00/1475.05/2.00) lat (ms,95%): 2045.74 err/s: 0.00 reconn/s: 0.00
[ 6s ] thds: 1 tps: 0.00 qps: 1407.01 (r/w/o: 0.00/1407.01/0.00) lat (ms,95%): 0.00 err/s: 0.00 reconn/s: 0.00
[ 7s ] thds: 1 tps: 1.00 qps: 1372.03 (r/w/o: 0.00/1370.03/2.00) lat (ms,95%): 2120.76 err/s: 0.00 reconn/s: 0.00
[ 8s ] thds: 1 tps: 0.00 qps: 1436.99 (r/w/o: 0.00/1436.99/0.00) lat (ms,95%): 0.00 err/s: 0.00 reconn/s: 0.00
SQL statistics:
    queries performed:
        read:                            0
        write:                           12003
        other:                           9
        total:                           12012
    transactions:                        4      (0.47 per sec.)
    queries:                             12012  (1410.34 per sec.)
    ignored errors:                      0      (0.00 per sec.)
    reconnects:                          0      (0.00 per sec.)

General statistics:
    total time:                          8.5167s
    total number of events:              4

Latency (ms):
         min:                                 2030.66
         avg:                                 2129.02
         max:                                 2235.04
         95th percentile:                     2238.47
         sum:                                 8516.09

Threads fairness:
    events (avg/stddev):           4.0000/0.00
    execution time (avg/stddev):   8.5161/0.00

