sysbench 1.0.20 (using system LuaJIT 2.1.0-beta3)

Running the test with following options:
Number of threads: 1
Report intermediate results every 1 second(s)
Initializing random number generator from current time


Initializing worker threads...

Threads started!

[ 1s ] thds: 1 tps: 1436.63 qps: 1436.63 (r/w/o: 1436.63/0.00/0.00) lat (ms,95%): 0.73 err/s: 0.00 reconn/s: 0.00
[ 2s ] thds: 1 tps: 1458.43 qps: 1458.43 (r/w/o: 1458.43/0.00/0.00) lat (ms,95%): 0.73 err/s: 0.00 reconn/s: 0.00
[ 3s ] thds: 1 tps: 1454.01 qps: 1454.01 (r/w/o: 1454.01/0.00/0.00) lat (ms,95%): 0.73 err/s: 0.00 reconn/s: 0.00
[ 4s ] thds: 1 tps: 1453.99 qps: 1453.99 (r/w/o: 1453.99/0.00/0.00) lat (ms,95%): 0.73 err/s: 0.00 reconn/s: 0.00
[ 5s ] thds: 1 tps: 1460.00 qps: 1460.00 (r/w/o: 1460.00/0.00/0.00) lat (ms,95%): 0.72 err/s: 0.00 reconn/s: 0.00
[ 6s ] thds: 1 tps: 1458.98 qps: 1458.98 (r/w/o: 1458.98/0.00/0.00) lat (ms,95%): 0.72 err/s: 0.00 reconn/s: 0.00
[ 7s ] thds: 1 tps: 1407.02 qps: 1407.02 (r/w/o: 1407.02/0.00/0.00) lat (ms,95%): 0.92 err/s: 0.00 reconn/s: 0.00
[ 8s ] thds: 1 tps: 1456.02 qps: 1456.02 (r/w/o: 1456.02/0.00/0.00) lat (ms,95%): 0.73 err/s: 0.00 reconn/s: 0.00
SQL statistics:
    queries performed:
        read:                            11587
        write:                           0
        other:                           0
        total:                           11587
    transactions:                        11587  (1448.06 per sec.)
    queries:                             11587  (1448.06 per sec.)
    ignored errors:                      0      (0.00 per sec.)
    reconnects:                          0      (0.00 per sec.)

General statistics:
    total time:                          8.0014s
    total number of events:              11587

Latency (ms):
         min:                                    0.64
         avg:                                    0.69
         max:                                    9.12
         95th percentile:                        0.73
         sum:                                 7988.08

Threads fairness:
    events (avg/stddev):           11587.0000/0.00
    execution time (avg/stddev):   7.9881/0.00

