sysbench 1.0.20 (using system LuaJIT 2.1.0-beta3)

Running the test with following options:
Number of threads: 1
Report intermediate results every 1 second(s)
Initializing random number generator from current time


Initializing worker threads...

Threads started!

[ 1s ] thds: 1 tps: 0.00 qps: 1237.91 (r/w/o: 0.00/1234.91/3.00) lat (ms,95%): 0.00 err/s: 0.00 reconn/s: 0.00
[ 2s ] thds: 1 tps: 0.00 qps: 1223.51 (r/w/o: 0.00/1223.51/0.00) lat (ms,95%): 0.00 err/s: 0.00 reconn/s: 0.00
[ 3s ] thds: 1 tps: 1.00 qps: 1326.03 (r/w/o: 0.00/1324.03/2.00) lat (ms,95%): 2362.72 err/s: 0.00 reconn/s: 0.00
[ 4s ] thds: 1 tps: 0.00 qps: 1250.98 (r/w/o: 0.00/1250.98/0.00) lat (ms,95%): 0.00 err/s: 0.00 reconn/s: 0.00
[ 5s ] thds: 1 tps: 1.00 qps: 1181.93 (r/w/o: 0.00/1179.93/2.00) lat (ms,95%): 2493.86 err/s: 0.00 reconn/s: 0.00
[ 6s ] thds: 1 tps: 0.00 qps: 1248.09 (r/w/o: 0.00/1248.09/0.00) lat (ms,95%): 0.00 err/s: 0.00 reconn/s: 0.00
[ 7s ] thds: 1 tps: 0.00 qps: 1144.96 (r/w/o: 0.00/1144.96/0.00) lat (ms,95%): 0.00 err/s: 0.00 reconn/s: 0.00
[ 8s ] thds: 1 tps: 1.00 qps: 1177.04 (r/w/o: 0.00/1175.04/2.00) lat (ms,95%): 2493.86 err/s: 0.00 reconn/s: 0.00
[ 9s ] thds: 1 tps: 0.00 qps: 1313.03 (r/w/o: 0.00/1313.03/0.00) lat (ms,95%): 0.00 err/s: 0.00 reconn/s: 0.00
SQL statistics:
    queries performed:
        read:                            0
        write:                           12003
        other:                           9
        total:                           12012
    transactions:                        4      (0.41 per sec.)
    queries:                             12012  (1235.39 per sec.)
    ignored errors:                      0      (0.00 per sec.)
    reconnects:                          0      (0.00 per sec.)

General statistics:
    total time:                          9.7229s
    total number of events:              4

Latency (ms):
         min:                                 2349.75
         avg:                                 2430.57
         max:                                 2514.11
         95th percentile:                     2493.86
         sum:                                 9722.27

Threads fairness:
    events (avg/stddev):           4.0000/0.00
    execution time (avg/stddev):   9.7223/0.00

