sysbench 1.0.20 (using system LuaJIT 2.1.0-beta3)

Running the test with following options:
Number of threads: 1
Report intermediate results every 1 second(s)
Initializing random number generator from current time


Initializing worker threads...

Threads started!

[ 1s ] thds: 1 tps: 4547.37 qps: 4547.37 (r/w/o: 4547.37/0.00/0.00) lat (ms,95%): 0.24 err/s: 0.00 reconn/s: 0.00
[ 2s ] thds: 1 tps: 4601.09 qps: 4602.09 (r/w/o: 4602.09/0.00/0.00) lat (ms,95%): 0.24 err/s: 0.00 reconn/s: 0.00
[ 3s ] thds: 1 tps: 4512.23 qps: 4511.23 (r/w/o: 4511.23/0.00/0.00) lat (ms,95%): 0.25 err/s: 0.00 reconn/s: 0.00
[ 4s ] thds: 1 tps: 4590.11 qps: 4590.11 (r/w/o: 4590.11/0.00/0.00) lat (ms,95%): 0.24 err/s: 0.00 reconn/s: 0.00
[ 5s ] thds: 1 tps: 4521.08 qps: 4521.08 (r/w/o: 4521.08/0.00/0.00) lat (ms,95%): 0.24 err/s: 0.00 reconn/s: 0.00
[ 6s ] thds: 1 tps: 4559.93 qps: 4559.93 (r/w/o: 4559.93/0.00/0.00) lat (ms,95%): 0.24 err/s: 0.00 reconn/s: 0.00
[ 7s ] thds: 1 tps: 4560.01 qps: 4560.01 (r/w/o: 4560.01/0.00/0.00) lat (ms,95%): 0.24 err/s: 0.00 reconn/s: 0.00
SQL statistics:
    queries performed:
        read:                            36542
        write:                           0
        other:                           0
        total:                           36542
    transactions:                        36542  (4567.13 per sec.)
    queries:                             36542  (4567.13 per sec.)
    ignored errors:                      0      (0.00 per sec.)
    reconnects:                          0      (0.00 per sec.)

General statistics:
    total time:                          8.0007s
    total number of events:              36542

Latency (ms):
         min:                                    0.19
         avg:                                    0.22
         max:                                    7.70
         95th percentile:                        0.24
         sum:                                 7966.22

Threads fairness:
    events (avg/stddev):           36542.0000/0.00
    execution time (avg/stddev):   7.9662/0.00

