sysbench 1.0.20 (using system LuaJIT 2.1.0-beta3)

Running the test with following options:
Number of threads: 1
Report intermediate results every 1 second(s)
Initializing random number generator from current time


Initializing worker threads...

Threads started!

[ 1s ] thds: 1 tps: 1502.03 qps: 1502.03 (r/w/o: 1502.03/0.00/0.00) lat (ms,95%): 0.72 err/s: 0.00 reconn/s: 0.00
[ 2s ] thds: 1 tps: 1489.34 qps: 1489.34 (r/w/o: 1489.34/0.00/0.00) lat (ms,95%): 0.84 err/s: 0.00 reconn/s: 0.00
[ 3s ] thds: 1 tps: 1526.01 qps: 1526.01 (r/w/o: 1526.01/0.00/0.00) lat (ms,95%): 0.69 err/s: 0.00 reconn/s: 0.00
[ 4s ] thds: 1 tps: 1502.96 qps: 1502.96 (r/w/o: 1502.96/0.00/0.00) lat (ms,95%): 0.70 err/s: 0.00 reconn/s: 0.00
[ 5s ] thds: 1 tps: 1524.02 qps: 1524.02 (r/w/o: 1524.02/0.00/0.00) lat (ms,95%): 0.70 err/s: 0.00 reconn/s: 0.00
[ 6s ] thds: 1 tps: 1492.02 qps: 1492.02 (r/w/o: 1492.02/0.00/0.00) lat (ms,95%): 0.72 err/s: 0.00 reconn/s: 0.00
[ 7s ] thds: 1 tps: 1492.99 qps: 1492.99 (r/w/o: 1492.99/0.00/0.00) lat (ms,95%): 0.72 err/s: 0.00 reconn/s: 0.00
[ 8s ] thds: 1 tps: 1490.01 qps: 1490.01 (r/w/o: 1490.01/0.00/0.00) lat (ms,95%): 0.72 err/s: 0.00 reconn/s: 0.00
SQL statistics:
    queries performed:
        read:                            12021
        write:                           0
        other:                           0
        total:                           12021
    transactions:                        12021  (1502.37 per sec.)
    queries:                             12021  (1502.37 per sec.)
    ignored errors:                      0      (0.00 per sec.)
    reconnects:                          0      (0.00 per sec.)

General statistics:
    total time:                          8.0010s
    total number of events:              12021

Latency (ms):
         min:                                    0.61
         avg:                                    0.66
         max:                                    8.76
         95th percentile:                        0.72
         sum:                                 7988.27

Threads fairness:
    events (avg/stddev):           12021.0000/0.00
    execution time (avg/stddev):   7.9883/0.00

