sysbench 1.0.20 (using system LuaJIT 2.1.0-beta3)

Running the test with following options:
Number of threads: 1
Report intermediate results every 1 second(s)
Initializing random number generator from current time


Initializing worker threads...

Threads started!

[ 1s ] thds: 1 tps: 1444.02 qps: 1444.02 (r/w/o: 1444.02/0.00/0.00) lat (ms,95%): 0.73 err/s: 0.00 reconn/s: 0.00
[ 2s ] thds: 1 tps: 1475.05 qps: 1475.05 (r/w/o: 1475.05/0.00/0.00) lat (ms,95%): 0.72 err/s: 0.00 reconn/s: 0.00
[ 3s ] thds: 1 tps: 1442.31 qps: 1442.31 (r/w/o: 1442.31/0.00/0.00) lat (ms,95%): 0.73 err/s: 0.00 reconn/s: 0.00
[ 4s ] thds: 1 tps: 1465.00 qps: 1465.00 (r/w/o: 1465.00/0.00/0.00) lat (ms,95%): 0.73 err/s: 0.00 reconn/s: 0.00
[ 5s ] thds: 1 tps: 1473.99 qps: 1473.99 (r/w/o: 1473.99/0.00/0.00) lat (ms,95%): 0.70 err/s: 0.00 reconn/s: 0.00
[ 6s ] thds: 1 tps: 1480.01 qps: 1480.01 (r/w/o: 1480.01/0.00/0.00) lat (ms,95%): 0.72 err/s: 0.00 reconn/s: 0.00
[ 7s ] thds: 1 tps: 1443.73 qps: 1443.73 (r/w/o: 1443.73/0.00/0.00) lat (ms,95%): 0.75 err/s: 0.00 reconn/s: 0.00
[ 8s ] thds: 1 tps: 1471.27 qps: 1471.27 (r/w/o: 1471.27/0.00/0.00) lat (ms,95%): 0.72 err/s: 0.00 reconn/s: 0.00
SQL statistics:
    queries performed:
        read:                            11697
        write:                           0
        other:                           0
        total:                           11697
    transactions:                        11697  (1461.86 per sec.)
    queries:                             11697  (1461.86 per sec.)
    ignored errors:                      0      (0.00 per sec.)
    reconnects:                          0      (0.00 per sec.)

General statistics:
    total time:                          8.0011s
    total number of events:              11697

Latency (ms):
         min:                                    0.63
         avg:                                    0.68
         max:                                    8.66
         95th percentile:                        0.73
         sum:                                 7989.29

Threads fairness:
    events (avg/stddev):           11697.0000/0.00
    execution time (avg/stddev):   7.9893/0.00

