sysbench 1.0.20 (using system LuaJIT 2.1.0-beta3)

Running the test with following options:
Number of threads: 1
Report intermediate results every 1 second(s)
Initializing random number generator from current time


Initializing worker threads...

Threads started!

[ 1s ] thds: 1 tps: 65.94 qps: 65.94 (r/w/o: 65.94/0.00/0.00) lat (ms,95%): 15.27 err/s: 0.00 reconn/s: 0.00
[ 2s ] thds: 1 tps: 67.02 qps: 67.02 (r/w/o: 67.02/0.00/0.00) lat (ms,95%): 15.27 err/s: 0.00 reconn/s: 0.00
[ 3s ] thds: 1 tps: 67.00 qps: 67.00 (r/w/o: 67.00/0.00/0.00) lat (ms,95%): 15.83 err/s: 0.00 reconn/s: 0.00
[ 4s ] thds: 1 tps: 67.00 qps: 67.00 (r/w/o: 67.00/0.00/0.00) lat (ms,95%): 15.00 err/s: 0.00 reconn/s: 0.00
[ 5s ] thds: 1 tps: 66.00 qps: 66.00 (r/w/o: 66.00/0.00/0.00) lat (ms,95%): 15.00 err/s: 0.00 reconn/s: 0.00
[ 6s ] thds: 1 tps: 67.00 qps: 67.00 (r/w/o: 67.00/0.00/0.00) lat (ms,95%): 15.27 err/s: 0.00 reconn/s: 0.00
[ 7s ] thds: 1 tps: 67.00 qps: 67.00 (r/w/o: 67.00/0.00/0.00) lat (ms,95%): 15.27 err/s: 0.00 reconn/s: 0.00
[ 8s ] thds: 1 tps: 67.00 qps: 67.00 (r/w/o: 67.00/0.00/0.00) lat (ms,95%): 15.00 err/s: 0.00 reconn/s: 0.00
SQL statistics:
    queries performed:
        read:                            535
        write:                           0
        other:                           0
        total:                           535
    transactions:                        535    (66.85 per sec.)
    queries:                             535    (66.85 per sec.)
    ignored errors:                      0      (0.00 per sec.)
    reconnects:                          0      (0.00 per sec.)

General statistics:
    total time:                          8.0028s
    total number of events:              535

Latency (ms):
         min:                                   14.70
         avg:                                   14.96
         max:                                   22.99
         95th percentile:                       15.27
         sum:                                 8001.33

Threads fairness:
    events (avg/stddev):           535.0000/0.00
    execution time (avg/stddev):   8.0013/0.00

