sysbench 1.0.20 (using system LuaJIT 2.1.0-beta3)

Running the test with following options:
Number of threads: 1
Report intermediate results every 1 second(s)
Initializing random number generator from current time


Initializing worker threads...

Threads started!

[ 1s ] thds: 1 tps: 4502.31 qps: 4502.31 (r/w/o: 4502.31/0.00/0.00) lat (ms,95%): 0.25 err/s: 0.00 reconn/s: 0.00
[ 2s ] thds: 1 tps: 4567.56 qps: 4567.56 (r/w/o: 4567.56/0.00/0.00) lat (ms,95%): 0.24 err/s: 0.00 reconn/s: 0.00
[ 3s ] thds: 1 tps: 4556.78 qps: 4556.78 (r/w/o: 4556.78/0.00/0.00) lat (ms,95%): 0.24 err/s: 0.00 reconn/s: 0.00
[ 4s ] thds: 1 tps: 4552.20 qps: 4552.20 (r/w/o: 4552.20/0.00/0.00) lat (ms,95%): 0.24 err/s: 0.00 reconn/s: 0.00
[ 5s ] thds: 1 tps: 4448.57 qps: 4448.57 (r/w/o: 4448.57/0.00/0.00) lat (ms,95%): 0.25 err/s: 0.00 reconn/s: 0.00
[ 6s ] thds: 1 tps: 4542.22 qps: 4542.22 (r/w/o: 4542.22/0.00/0.00) lat (ms,95%): 0.24 err/s: 0.00 reconn/s: 0.00
[ 7s ] thds: 1 tps: 4583.89 qps: 4583.89 (r/w/o: 4583.89/0.00/0.00) lat (ms,95%): 0.24 err/s: 0.00 reconn/s: 0.00
[ 8s ] thds: 1 tps: 4576.99 qps: 4576.99 (r/w/o: 4576.99/0.00/0.00) lat (ms,95%): 0.24 err/s: 0.00 reconn/s: 0.00
SQL statistics:
    queries performed:
        read:                            36333
        write:                           0
        other:                           0
        total:                           36333
    transactions:                        36333  (4540.96 per sec.)
    queries:                             36333  (4540.96 per sec.)
    ignored errors:                      0      (0.00 per sec.)
    reconnects:                          0      (0.00 per sec.)

General statistics:
    total time:                          8.0008s
    total number of events:              36333

Latency (ms):
         min:                                    0.19
         avg:                                    0.22
         max:                                    7.61
         95th percentile:                        0.24
         sum:                                 7966.43

Threads fairness:
    events (avg/stddev):           36333.0000/0.00
    execution time (avg/stddev):   7.9664/0.00

