sysbench 1.0.20 (using system LuaJIT 2.1.0-beta3)

Running the test with following options:
Number of threads: 1
Report intermediate results every 1 second(s)
Initializing random number generator from current time


Initializing worker threads...

Threads started!

[ 1s ] thds: 1 tps: 0.00 qps: 1299.74 (r/w/o: 0.00/1296.74/3.00) lat (ms,95%): 0.00 err/s: 0.00 reconn/s: 0.00
[ 2s ] thds: 1 tps: 0.00 qps: 1389.70 (r/w/o: 0.00/1389.70/0.00) lat (ms,95%): 0.00 err/s: 0.00 reconn/s: 0.00
[ 3s ] thds: 1 tps: 1.00 qps: 1369.97 (r/w/o: 0.00/1367.97/2.00) lat (ms,95%): 2198.52 err/s: 0.00 reconn/s: 0.00
[ 4s ] thds: 1 tps: 0.00 qps: 1299.06 (r/w/o: 0.00/1299.06/0.00) lat (ms,95%): 0.00 err/s: 0.00 reconn/s: 0.00
[ 5s ] thds: 1 tps: 1.00 qps: 1322.94 (r/w/o: 0.00/1320.94/2.00) lat (ms,95%): 2279.14 err/s: 0.00 reconn/s: 0.00
[ 6s ] thds: 1 tps: 0.00 qps: 1448.06 (r/w/o: 0.00/1448.06/0.00) lat (ms,95%): 0.00 err/s: 0.00 reconn/s: 0.00
[ 7s ] thds: 1 tps: 1.00 qps: 1399.01 (r/w/o: 0.00/1397.01/2.00) lat (ms,95%): 2120.76 err/s: 0.00 reconn/s: 0.00
[ 8s ] thds: 1 tps: 0.00 qps: 1392.92 (r/w/o: 0.00/1392.92/0.00) lat (ms,95%): 0.00 err/s: 0.00 reconn/s: 0.00
SQL statistics:
    queries performed:
        read:                            0
        write:                           12003
        other:                           9
        total:                           12012
    transactions:                        4      (0.45 per sec.)
    queries:                             12012  (1366.08 per sec.)
    ignored errors:                      0      (0.00 per sec.)
    reconnects:                          0      (0.00 per sec.)

General statistics:
    total time:                          8.7926s
    total number of events:              4

Latency (ms):
         min:                                 2135.26
         avg:                                 2198.02
         max:                                 2269.83
         95th percentile:                     2279.14
         sum:                                 8792.07

Threads fairness:
    events (avg/stddev):           4.0000/0.00
    execution time (avg/stddev):   8.7921/0.00

