sysbench 1.0.20 (using system LuaJIT 2.1.0-beta3)

Running the test with following options:
Number of threads: 4
Report intermediate results every 2 second(s)
Initializing random number generator from current time


Initializing worker threads...

Threads started!

[ 2s ] thds: 4 tps: 574.28 qps: 1726.35 (r/w/o: 1726.35/0.00/0.00) lat (ms,95%): 8.74 err/s: 0.00 reconn/s: 0.00
[ 4s ] thds: 4 tps: 581.57 qps: 1744.20 (r/w/o: 1744.20/0.00/0.00) lat (ms,95%): 8.43 err/s: 0.00 reconn/s: 0.00
[ 6s ] thds: 4 tps: 581.49 qps: 1744.46 (r/w/o: 1744.46/0.00/0.00) lat (ms,95%): 8.28 err/s: 0.00 reconn/s: 0.00
[ 8s ] thds: 4 tps: 583.52 qps: 1750.05 (r/w/o: 1750.05/0.00/0.00) lat (ms,95%): 8.28 err/s: 0.00 reconn/s: 0.00
[ 10s ] thds: 4 tps: 581.40 qps: 1743.70 (r/w/o: 1743.70/0.00/0.00) lat (ms,95%): 7.98 err/s: 0.00 reconn/s: 0.00
[ 12s ] thds: 4 tps: 584.10 qps: 1751.81 (r/w/o: 1751.81/0.00/0.00) lat (ms,95%): 8.28 err/s: 0.00 reconn/s: 0.00
[ 14s ] thds: 4 tps: 578.50 qps: 1737.01 (r/w/o: 1737.01/0.00/0.00) lat (ms,95%): 8.28 err/s: 0.00 reconn/s: 0.00
[ 16s ] thds: 4 tps: 585.49 qps: 1755.47 (r/w/o: 1755.47/0.00/0.00) lat (ms,95%): 8.13 err/s: 0.00 reconn/s: 0.00
[ 18s ] thds: 4 tps: 575.00 qps: 1726.51 (r/w/o: 1726.51/0.00/0.00) lat (ms,95%): 8.58 err/s: 0.00 reconn/s: 0.00
SQL statistics:
    queries performed:
        read:                            31365
        write:                           0
        other:                           0
        total:                           31365
    transactions:                        10455  (580.71 per sec.)
    queries:                             31365  (1742.14 per sec.)
    ignored errors:                      0      (0.00 per sec.)
    reconnects:                          0      (0.00 per sec.)

General statistics:
    total time:                          18.0034s
    total number of events:              10455

Latency (ms):
         min:                                    3.53
         avg:                                    6.89
         max:                                   26.15
         95th percentile:                        8.28
         sum:                                71990.97

Threads fairness:
    events (avg/stddev):           2613.7500/9.50
    execution time (avg/stddev):   17.9977/0.00

