sysbench 1.0.20 (using system LuaJIT 2.1.0-beta3)

Running the test with following options:
Number of threads: 4
Report intermediate results every 2 second(s)
Initializing random number generator from current time


Initializing worker threads...

Threads started!

[ 2s ] thds: 4 tps: 0.00 qps: 3200.32 (r/w/o: 0.00/799.58/2400.74) lat (ms,95%): 0.00 err/s: 0.00 reconn/s: 0.00
[ 4s ] thds: 4 tps: 0.00 qps: 3386.89 (r/w/o: 0.00/846.72/2540.17) lat (ms,95%): 0.00 err/s: 0.00 reconn/s: 0.00
[ 6s ] thds: 4 tps: 0.00 qps: 2959.96 (r/w/o: 0.00/739.99/2219.97) lat (ms,95%): 0.00 err/s: 0.00 reconn/s: 0.00
[ 8s ] thds: 4 tps: 2.00 qps: 2884.04 (r/w/o: 0.00/749.51/2134.53) lat (ms,95%): 6360.91 err/s: 5.00 reconn/s: 0.00
[ 10s ] thds: 4 tps: 0.00 qps: 3119.99 (r/w/o: 0.00/780.00/2339.99) lat (ms,95%): 0.00 err/s: 0.00 reconn/s: 0.00
[ 12s ] thds: 4 tps: 0.00 qps: 3112.04 (r/w/o: 0.00/778.01/2334.03) lat (ms,95%): 0.00 err/s: 0.00 reconn/s: 0.00
[ 14s ] thds: 4 tps: 2.00 qps: 2760.59 (r/w/o: 0.00/701.02/2059.57) lat (ms,95%): 6594.16 err/s: 4.00 reconn/s: 0.00
[ 16s ] thds: 4 tps: 0.00 qps: 2979.94 (r/w/o: 0.00/744.99/2234.96) lat (ms,95%): 0.00 err/s: 0.00 reconn/s: 0.00
[ 18s ] thds: 4 tps: 0.00 qps: 3734.00 (r/w/o: 0.00/933.50/2800.50) lat (ms,95%): 0.00 err/s: 0.00 reconn/s: 0.00
SQL statistics:
    queries performed:
        read:                            0
        write:                           15132
        other:                           45085
        total:                           60217
    transactions:                        12     (0.63 per sec.)
    queries:                             60217  (3159.13 per sec.)
    ignored errors:                      18     (0.94 per sec.)
    reconnects:                          0      (0.00 per sec.)

General statistics:
    total time:                          19.0609s
    total number of events:              12

Latency (ms):
         min:                                 6090.19
         avg:                                 6353.26
         max:                                 6637.42
         95th percentile:                     6594.16
         sum:                                76239.13

Threads fairness:
    events (avg/stddev):           3.0000/0.00
    execution time (avg/stddev):   19.0598/0.00

