sysbench 1.0.20 (using system LuaJIT 2.1.0-beta3)

Running the test with following options:
Number of threads: 1
Report intermediate results every 1 second(s)
Initializing random number generator from current time


Initializing worker threads...

Threads started!

[ 1s ] thds: 1 tps: 176.88 qps: 532.64 (r/w/o: 532.64/0.00/0.00) lat (ms,95%): 5.67 err/s: 0.00 reconn/s: 0.00
[ 2s ] thds: 1 tps: 181.03 qps: 541.10 (r/w/o: 541.10/0.00/0.00) lat (ms,95%): 5.67 err/s: 0.00 reconn/s: 0.00
[ 3s ] thds: 1 tps: 179.00 qps: 538.00 (r/w/o: 538.00/0.00/0.00) lat (ms,95%): 5.67 err/s: 0.00 reconn/s: 0.00
[ 4s ] thds: 1 tps: 179.01 qps: 538.03 (r/w/o: 538.03/0.00/0.00) lat (ms,95%): 5.67 err/s: 0.00 reconn/s: 0.00
[ 5s ] thds: 1 tps: 180.00 qps: 538.99 (r/w/o: 538.99/0.00/0.00) lat (ms,95%): 5.67 err/s: 0.00 reconn/s: 0.00
[ 6s ] thds: 1 tps: 179.00 qps: 538.01 (r/w/o: 538.01/0.00/0.00) lat (ms,95%): 5.67 err/s: 0.00 reconn/s: 0.00
[ 7s ] thds: 1 tps: 178.99 qps: 534.96 (r/w/o: 534.96/0.00/0.00) lat (ms,95%): 5.77 err/s: 0.00 reconn/s: 0.00
[ 8s ] thds: 1 tps: 179.00 qps: 538.00 (r/w/o: 538.00/0.00/0.00) lat (ms,95%): 5.67 err/s: 0.00 reconn/s: 0.00
SQL statistics:
    queries performed:
        read:                            4302
        write:                           0
        other:                           0
        total:                           4302
    transactions:                        1434   (179.18 per sec.)
    queries:                             4302   (537.53 per sec.)
    ignored errors:                      0      (0.00 per sec.)
    reconnects:                          0      (0.00 per sec.)

General statistics:
    total time:                          8.0029s
    total number of events:              1434

Latency (ms):
         min:                                    5.40
         avg:                                    5.58
         max:                                   13.15
         95th percentile:                        5.67
         sum:                                 8000.33

Threads fairness:
    events (avg/stddev):           1434.0000/0.00
    execution time (avg/stddev):   8.0003/0.00

