sysbench 1.0.20 (using system LuaJIT 2.1.0-beta3)

Running the test with following options:
Number of threads: 1
Report intermediate results every 1 second(s)
Initializing random number generator from current time


Initializing worker threads...

Threads started!

[ 1s ] thds: 1 tps: 1501.96 qps: 4507.88 (r/w/o: 4507.88/0.00/0.00) lat (ms,95%): 0.73 err/s: 0.00 reconn/s: 0.00
[ 2s ] thds: 1 tps: 1576.34 qps: 4727.03 (r/w/o: 4727.03/0.00/0.00) lat (ms,95%): 0.70 err/s: 0.00 reconn/s: 0.00
[ 3s ] thds: 1 tps: 1531.95 qps: 4596.86 (r/w/o: 4596.86/0.00/0.00) lat (ms,95%): 0.73 err/s: 0.00 reconn/s: 0.00
[ 4s ] thds: 1 tps: 1540.06 qps: 4620.17 (r/w/o: 4620.17/0.00/0.00) lat (ms,95%): 0.72 err/s: 0.00 reconn/s: 0.00
[ 5s ] thds: 1 tps: 1526.03 qps: 4579.10 (r/w/o: 4579.10/0.00/0.00) lat (ms,95%): 0.77 err/s: 0.00 reconn/s: 0.00
[ 6s ] thds: 1 tps: 1506.89 qps: 4520.68 (r/w/o: 4520.68/0.00/0.00) lat (ms,95%): 0.74 err/s: 0.00 reconn/s: 0.00
[ 7s ] thds: 1 tps: 1526.94 qps: 4579.81 (r/w/o: 4579.81/0.00/0.00) lat (ms,95%): 0.78 err/s: 0.00 reconn/s: 0.00
[ 8s ] thds: 1 tps: 1510.02 qps: 4530.06 (r/w/o: 4530.06/0.00/0.00) lat (ms,95%): 0.73 err/s: 0.00 reconn/s: 0.00
SQL statistics:
    queries performed:
        read:                            36666
        write:                           0
        other:                           0
        total:                           36666
    transactions:                        12222  (1527.51 per sec.)
    queries:                             36666  (4582.54 per sec.)
    ignored errors:                      0      (0.00 per sec.)
    reconnects:                          0      (0.00 per sec.)

General statistics:
    total time:                          8.0009s
    total number of events:              12222

Latency (ms):
         min:                                    0.57
         avg:                                    0.65
         max:                                    8.30
         95th percentile:                        0.73
         sum:                                 7987.31

Threads fairness:
    events (avg/stddev):           12222.0000/0.00
    execution time (avg/stddev):   7.9873/0.00

