sysbench 1.0.20 (using system LuaJIT 2.1.0-beta3)

Running the test with following options:
Number of threads: 1
Report intermediate results every 1 second(s)
Initializing random number generator from current time


Initializing worker threads...

Threads started!

[ 1s ] thds: 1 tps: 76.94 qps: 1007.16 (r/w/o: 0.00/850.29/156.87) lat (ms,95%): 15.27 err/s: 0.00 reconn/s: 0.00
[ 2s ] thds: 1 tps: 76.03 qps: 984.35 (r/w/o: 0.00/832.30/152.05) lat (ms,95%): 15.27 err/s: 0.00 reconn/s: 0.00
[ 3s ] thds: 1 tps: 80.00 qps: 1043.01 (r/w/o: 0.00/883.01/160.00) lat (ms,95%): 14.46 err/s: 0.00 reconn/s: 0.00
[ 4s ] thds: 1 tps: 83.00 qps: 1079.00 (r/w/o: 0.00/913.00/166.00) lat (ms,95%): 14.21 err/s: 0.00 reconn/s: 0.00
[ 5s ] thds: 1 tps: 79.00 qps: 1029.94 (r/w/o: 0.00/871.95/157.99) lat (ms,95%): 14.46 err/s: 0.00 reconn/s: 0.00
[ 6s ] thds: 1 tps: 84.00 qps: 1087.03 (r/w/o: 0.00/919.02/168.00) lat (ms,95%): 14.73 err/s: 0.00 reconn/s: 0.00
[ 7s ] thds: 1 tps: 83.00 qps: 1076.97 (r/w/o: 0.00/911.97/164.99) lat (ms,95%): 14.46 err/s: 0.00 reconn/s: 0.00
[ 8s ] thds: 1 tps: 92.00 qps: 1200.03 (r/w/o: 0.00/1015.02/185.00) lat (ms,95%): 12.75 err/s: 0.00 reconn/s: 0.00
SQL statistics:
    queries performed:
        read:                            0
        write:                           7204
        other:                           1311
        total:                           8515
    transactions:                        655    (81.80 per sec.)
    queries:                             8515   (1063.35 per sec.)
    ignored errors:                      0      (0.00 per sec.)
    reconnects:                          0      (0.00 per sec.)

General statistics:
    total time:                          8.0073s
    total number of events:              655

Latency (ms):
         min:                                    9.35
         avg:                                   12.22
         max:                                   20.63
         95th percentile:                       14.73
         sum:                                 8005.57

Threads fairness:
    events (avg/stddev):           655.0000/0.00
    execution time (avg/stddev):   8.0056/0.00

