sysbench 1.0.20 (using system LuaJIT 2.1.0-beta3)

Running the test with following options:
Number of threads: 1
Report intermediate results every 1 second(s)
Initializing random number generator from current time


Initializing worker threads...

Threads started!

[ 1s ] thds: 1 tps: 176.88 qps: 532.64 (r/w/o: 532.64/0.00/0.00) lat (ms,95%): 5.67 err/s: 0.00 reconn/s: 0.00
[ 2s ] thds: 1 tps: 177.05 qps: 531.14 (r/w/o: 531.14/0.00/0.00) lat (ms,95%): 5.88 err/s: 0.00 reconn/s: 0.00
[ 3s ] thds: 1 tps: 177.98 qps: 531.94 (r/w/o: 531.94/0.00/0.00) lat (ms,95%): 5.77 err/s: 0.00 reconn/s: 0.00
[ 4s ] thds: 1 tps: 179.99 qps: 539.98 (r/w/o: 539.98/0.00/0.00) lat (ms,95%): 5.67 err/s: 0.00 reconn/s: 0.00
[ 5s ] thds: 1 tps: 179.03 qps: 539.08 (r/w/o: 539.08/0.00/0.00) lat (ms,95%): 5.67 err/s: 0.00 reconn/s: 0.00
[ 6s ] thds: 1 tps: 177.98 qps: 533.93 (r/w/o: 533.93/0.00/0.00) lat (ms,95%): 5.67 err/s: 0.00 reconn/s: 0.00
[ 7s ] thds: 1 tps: 180.02 qps: 538.07 (r/w/o: 538.07/0.00/0.00) lat (ms,95%): 5.67 err/s: 0.00 reconn/s: 0.00
[ 8s ] thds: 1 tps: 177.98 qps: 535.95 (r/w/o: 535.95/0.00/0.00) lat (ms,95%): 5.77 err/s: 0.00 reconn/s: 0.00
SQL statistics:
    queries performed:
        read:                            4284
        write:                           0
        other:                           0
        total:                           4284
    transactions:                        1428   (178.44 per sec.)
    queries:                             4284   (535.32 per sec.)
    ignored errors:                      0      (0.00 per sec.)
    reconnects:                          0      (0.00 per sec.)

General statistics:
    total time:                          8.0022s
    total number of events:              1428

Latency (ms):
         min:                                    5.41
         avg:                                    5.60
         max:                                   13.43
         95th percentile:                        5.77
         sum:                                 7999.57

Threads fairness:
    events (avg/stddev):           1428.0000/0.00
    execution time (avg/stddev):   7.9996/0.00

