sysbench 1.0.20 (using system LuaJIT 2.1.0-beta3)

Running the test with following options:
Number of threads: 1
Report intermediate results every 1 second(s)
Initializing random number generator from current time


Initializing worker threads...

Threads started!

[ 1s ] thds: 1 tps: 0.00 qps: 967.09 (r/w/o: 0.00/964.09/3.00) lat (ms,95%): 0.00 err/s: 0.00 reconn/s: 0.00
[ 2s ] thds: 1 tps: 0.00 qps: 954.46 (r/w/o: 0.00/954.46/0.00) lat (ms,95%): 0.00 err/s: 0.00 reconn/s: 0.00
[ 3s ] thds: 1 tps: 0.00 qps: 986.98 (r/w/o: 0.00/986.98/0.00) lat (ms,95%): 0.00 err/s: 0.00 reconn/s: 0.00
[ 4s ] thds: 1 tps: 0.00 qps: 1040.00 (r/w/o: 0.00/1040.00/0.00) lat (ms,95%): 0.00 err/s: 0.00 reconn/s: 0.00
[ 5s ] thds: 1 tps: 1.00 qps: 972.04 (r/w/o: 0.00/970.04/2.00) lat (ms,95%): 4055.23 err/s: 0.00 reconn/s: 0.00
[ 6s ] thds: 1 tps: 0.00 qps: 1040.96 (r/w/o: 0.00/1040.96/0.00) lat (ms,95%): 0.00 err/s: 0.00 reconn/s: 0.00
[ 7s ] thds: 1 tps: 0.00 qps: 967.98 (r/w/o: 0.00/967.98/0.00) lat (ms,95%): 0.00 err/s: 0.00 reconn/s: 0.00
[ 8s ] thds: 1 tps: 0.00 qps: 983.03 (r/w/o: 0.00/983.03/0.00) lat (ms,95%): 0.00 err/s: 0.00 reconn/s: 0.00
SQL statistics:
    queries performed:
        read:                            0
        write:                           8001
        other:                           5
        total:                           8006
    transactions:                        2      (0.25 per sec.)
    queries:                             8006   (989.46 per sec.)
    ignored errors:                      0      (0.00 per sec.)
    reconnects:                          0      (0.00 per sec.)

General statistics:
    total time:                          8.0909s
    total number of events:              2

Latency (ms):
         min:                                 4040.03
         avg:                                 4045.15
         max:                                 4050.27
         95th percentile:                     4055.23
         sum:                                 8090.30

Threads fairness:
    events (avg/stddev):           2.0000/0.00
    execution time (avg/stddev):   8.0903/0.00

