sysbench 1.0.20 (using system LuaJIT 2.1.0-beta3)

Running the test with following options:
Number of threads: 1
Report intermediate results every 1 second(s)
Initializing random number generator from current time


Initializing worker threads...

Threads started!

[ 1s ] thds: 1 tps: 1269.80 qps: 1269.80 (r/w/o: 1269.80/0.00/0.00) lat (ms,95%): 0.86 err/s: 0.00 reconn/s: 0.00
[ 2s ] thds: 1 tps: 1259.59 qps: 1259.59 (r/w/o: 1259.59/0.00/0.00) lat (ms,95%): 0.89 err/s: 0.00 reconn/s: 0.00
[ 3s ] thds: 1 tps: 1299.05 qps: 1299.05 (r/w/o: 1299.05/0.00/0.00) lat (ms,95%): 0.83 err/s: 0.00 reconn/s: 0.00
[ 4s ] thds: 1 tps: 1280.76 qps: 1280.76 (r/w/o: 1280.76/0.00/0.00) lat (ms,95%): 0.86 err/s: 0.00 reconn/s: 0.00
[ 5s ] thds: 1 tps: 1298.22 qps: 1298.22 (r/w/o: 1298.22/0.00/0.00) lat (ms,95%): 0.83 err/s: 0.00 reconn/s: 0.00
[ 6s ] thds: 1 tps: 1292.09 qps: 1292.09 (r/w/o: 1292.09/0.00/0.00) lat (ms,95%): 0.83 err/s: 0.00 reconn/s: 0.00
[ 7s ] thds: 1 tps: 1285.72 qps: 1285.72 (r/w/o: 1285.72/0.00/0.00) lat (ms,95%): 0.84 err/s: 0.00 reconn/s: 0.00
[ 8s ] thds: 1 tps: 1282.21 qps: 1282.21 (r/w/o: 1282.21/0.00/0.00) lat (ms,95%): 0.86 err/s: 0.00 reconn/s: 0.00
SQL statistics:
    queries performed:
        read:                            10269
        write:                           0
        other:                           0
        total:                           10269
    transactions:                        10269  (1283.41 per sec.)
    queries:                             10269  (1283.41 per sec.)
    ignored errors:                      0      (0.00 per sec.)
    reconnects:                          0      (0.00 per sec.)

General statistics:
    total time:                          8.0010s
    total number of events:              10269

Latency (ms):
         min:                                    0.70
         avg:                                    0.78
         max:                                    8.97
         95th percentile:                        0.86
         sum:                                 7990.68

Threads fairness:
    events (avg/stddev):           10269.0000/0.00
    execution time (avg/stddev):   7.9907/0.00

