sysbench 1.0.20 (using system LuaJIT 2.1.0-beta3)

Running the test with following options:
Number of threads: 1
Report intermediate results every 1 second(s)
Initializing random number generator from current time


Initializing worker threads...

Threads started!

[ 1s ] thds: 1 tps: 1410.04 qps: 1410.04 (r/w/o: 1410.04/0.00/0.00) lat (ms,95%): 0.75 err/s: 0.00 reconn/s: 0.00
[ 2s ] thds: 1 tps: 1465.07 qps: 1465.07 (r/w/o: 1465.07/0.00/0.00) lat (ms,95%): 0.73 err/s: 0.00 reconn/s: 0.00
[ 3s ] thds: 1 tps: 1458.25 qps: 1458.25 (r/w/o: 1458.25/0.00/0.00) lat (ms,95%): 0.73 err/s: 0.00 reconn/s: 0.00
[ 4s ] thds: 1 tps: 1449.01 qps: 1449.01 (r/w/o: 1449.01/0.00/0.00) lat (ms,95%): 0.73 err/s: 0.00 reconn/s: 0.00
[ 5s ] thds: 1 tps: 1436.98 qps: 1436.98 (r/w/o: 1436.98/0.00/0.00) lat (ms,95%): 0.75 err/s: 0.00 reconn/s: 0.00
[ 6s ] thds: 1 tps: 1442.05 qps: 1442.05 (r/w/o: 1442.05/0.00/0.00) lat (ms,95%): 0.73 err/s: 0.00 reconn/s: 0.00
[ 7s ] thds: 1 tps: 1424.71 qps: 1424.71 (r/w/o: 1424.71/0.00/0.00) lat (ms,95%): 0.78 err/s: 0.00 reconn/s: 0.00
[ 8s ] thds: 1 tps: 1434.17 qps: 1434.17 (r/w/o: 1434.17/0.00/0.00) lat (ms,95%): 0.75 err/s: 0.00 reconn/s: 0.00
SQL statistics:
    queries performed:
        read:                            11522
        write:                           0
        other:                           0
        total:                           11522
    transactions:                        11522  (1440.05 per sec.)
    queries:                             11522  (1440.05 per sec.)
    ignored errors:                      0      (0.00 per sec.)
    reconnects:                          0      (0.00 per sec.)

General statistics:
    total time:                          8.0008s
    total number of events:              11522

Latency (ms):
         min:                                    0.65
         avg:                                    0.69
         max:                                    8.87
         95th percentile:                        0.74
         sum:                                 7989.21

Threads fairness:
    events (avg/stddev):           11522.0000/0.00
    execution time (avg/stddev):   7.9892/0.00

