sysbench 1.0.20 (using system LuaJIT 2.1.0-beta3)

Running the test with following options:
Number of threads: 1
Report intermediate results every 1 second(s)
Initializing random number generator from current time


Initializing worker threads...

Threads started!

[ 1s ] thds: 1 tps: 4497.87 qps: 4497.87 (r/w/o: 4497.87/0.00/0.00) lat (ms,95%): 0.24 err/s: 0.00 reconn/s: 0.00
[ 2s ] thds: 1 tps: 4606.09 qps: 4606.09 (r/w/o: 4606.09/0.00/0.00) lat (ms,95%): 0.25 err/s: 0.00 reconn/s: 0.00
[ 3s ] thds: 1 tps: 4593.02 qps: 4593.02 (r/w/o: 4593.02/0.00/0.00) lat (ms,95%): 0.24 err/s: 0.00 reconn/s: 0.00
[ 4s ] thds: 1 tps: 4646.41 qps: 4646.41 (r/w/o: 4646.41/0.00/0.00) lat (ms,95%): 0.24 err/s: 0.00 reconn/s: 0.00
[ 5s ] thds: 1 tps: 4664.12 qps: 4664.12 (r/w/o: 4664.12/0.00/0.00) lat (ms,95%): 0.24 err/s: 0.00 reconn/s: 0.00
[ 6s ] thds: 1 tps: 4672.91 qps: 4672.91 (r/w/o: 4672.91/0.00/0.00) lat (ms,95%): 0.23 err/s: 0.00 reconn/s: 0.00
[ 7s ] thds: 1 tps: 4642.99 qps: 4642.99 (r/w/o: 4642.99/0.00/0.00) lat (ms,95%): 0.24 err/s: 0.00 reconn/s: 0.00
SQL statistics:
    queries performed:
        read:                            36857
        write:                           0
        other:                           0
        total:                           36857
    transactions:                        36857  (4606.50 per sec.)
    queries:                             36857  (4606.50 per sec.)
    ignored errors:                      0      (0.00 per sec.)
    reconnects:                          0      (0.00 per sec.)

General statistics:
    total time:                          8.0007s
    total number of events:              36857

Latency (ms):
         min:                                    0.19
         avg:                                    0.22
         max:                                    7.84
         95th percentile:                        0.24
         sum:                                 7967.16

Threads fairness:
    events (avg/stddev):           36857.0000/0.00
    execution time (avg/stddev):   7.9672/0.00

