sysbench 1.0.20 (using system LuaJIT 2.1.0-beta3)

Running the test with following options:
Number of threads: 4
Report intermediate results every 2 second(s)
Initializing random number generator from current time


Initializing worker threads...

Threads started!

[ 2s ] thds: 4 tps: 11753.30 qps: 11753.30 (r/w/o: 11753.30/0.00/0.00) lat (ms,95%): 0.49 err/s: 0.00 reconn/s: 0.00
[ 4s ] thds: 4 tps: 11927.43 qps: 11927.43 (r/w/o: 11927.43/0.00/0.00) lat (ms,95%): 0.49 err/s: 0.00 reconn/s: 0.00
[ 6s ] thds: 4 tps: 11897.54 qps: 11897.54 (r/w/o: 11897.54/0.00/0.00) lat (ms,95%): 0.49 err/s: 0.00 reconn/s: 0.00
[ 8s ] thds: 4 tps: 12055.95 qps: 12055.95 (r/w/o: 12055.95/0.00/0.00) lat (ms,95%): 0.48 err/s: 0.00 reconn/s: 0.00
[ 10s ] thds: 4 tps: 11983.03 qps: 11983.03 (r/w/o: 11983.03/0.00/0.00) lat (ms,95%): 0.48 err/s: 0.00 reconn/s: 0.00
[ 12s ] thds: 4 tps: 12013.50 qps: 12014.00 (r/w/o: 12014.00/0.00/0.00) lat (ms,95%): 0.48 err/s: 0.00 reconn/s: 0.00
[ 14s ] thds: 4 tps: 11987.96 qps: 11987.46 (r/w/o: 11987.46/0.00/0.00) lat (ms,95%): 0.49 err/s: 0.00 reconn/s: 0.00
[ 16s ] thds: 4 tps: 12020.35 qps: 12020.35 (r/w/o: 12020.35/0.00/0.00) lat (ms,95%): 0.47 err/s: 0.00 reconn/s: 0.00
[ 18s ] thds: 4 tps: 12041.13 qps: 12041.13 (r/w/o: 12041.13/0.00/0.00) lat (ms,95%): 0.48 err/s: 0.00 reconn/s: 0.00
SQL statistics:
    queries performed:
        read:                            215371
        write:                           0
        other:                           0
        total:                           215371
    transactions:                        215371 (11964.06 per sec.)
    queries:                             215371 (11964.06 per sec.)
    ignored errors:                      0      (0.00 per sec.)
    reconnects:                          0      (0.00 per sec.)

General statistics:
    total time:                          18.0011s
    total number of events:              215371

Latency (ms):
         min:                                    0.18
         avg:                                    0.33
         max:                                   17.80
         95th percentile:                        0.48
         sum:                                71759.39

Threads fairness:
    events (avg/stddev):           53842.7500/62.65
    execution time (avg/stddev):   17.9398/0.00

