sysbench 1.0.20 (using system LuaJIT 2.1.0-beta3)

Running the test with following options:
Number of threads: 4
Report intermediate results every 2 second(s)
Initializing random number generator from current time


Initializing worker threads...

Threads started!

[ 2s ] thds: 4 tps: 4.00 qps: 4549.75 (r/w/o: 0.00/1136.44/3413.31) lat (ms,95%): 943.16 err/s: 0.00 reconn/s: 0.00
[ 4s ] thds: 4 tps: 4.00 qps: 4851.25 (r/w/o: 0.00/1210.81/3640.44) lat (ms,95%): 831.46 err/s: 0.00 reconn/s: 0.00
[ 6s ] thds: 4 tps: 4.00 qps: 4598.00 (r/w/o: 0.00/1147.50/3450.50) lat (ms,95%): 877.61 err/s: 0.00 reconn/s: 0.00
[ 8s ] thds: 4 tps: 6.00 qps: 4777.74 (r/w/o: 0.00/1191.44/3586.31) lat (ms,95%): 861.95 err/s: 0.00 reconn/s: 0.00
[ 10s ] thds: 4 tps: 4.00 qps: 4316.08 (r/w/o: 0.00/1077.02/3239.06) lat (ms,95%): 977.74 err/s: 0.00 reconn/s: 0.00
[ 12s ] thds: 4 tps: 4.00 qps: 4534.11 (r/w/o: 0.00/1131.53/3402.58) lat (ms,95%): 943.16 err/s: 0.00 reconn/s: 0.00
[ 14s ] thds: 4 tps: 6.00 qps: 4752.05 (r/w/o: 0.00/1185.01/3567.04) lat (ms,95%): 877.61 err/s: 0.00 reconn/s: 0.00
[ 16s ] thds: 4 tps: 4.00 qps: 4537.80 (r/w/o: 0.00/1132.45/3405.35) lat (ms,95%): 909.80 err/s: 0.00 reconn/s: 0.00
[ 18s ] thds: 4 tps: 4.00 qps: 5028.28 (r/w/o: 0.00/1255.07/3773.21) lat (ms,95%): 846.57 err/s: 0.00 reconn/s: 0.00
SQL statistics:
    queries performed:
        read:                            0
        write:                           21025
        other:                           63227
        total:                           84252
    transactions:                        84     (4.65 per sec.)
    queries:                             84252  (4660.36 per sec.)
    ignored errors:                      0      (0.00 per sec.)
    reconnects:                          0      (0.00 per sec.)

General statistics:
    total time:                          18.0781s
    total number of events:              84

Latency (ms):
         min:                                  777.40
         avg:                                  860.81
         max:                                  969.03
         95th percentile:                      943.16
         sum:                                72308.03

Threads fairness:
    events (avg/stddev):           21.0000/0.00
    execution time (avg/stddev):   18.0770/0.00

