sysbench 1.0.20 (using system LuaJIT 2.1.0-beta3)

Running the test with following options:
Number of threads: 1
Report intermediate results every 1 second(s)
Initializing random number generator from current time


Initializing worker threads...

Threads started!

[ 1s ] thds: 1 tps: 308.75 qps: 308.75 (r/w/o: 308.75/0.00/0.00) lat (ms,95%): 3.36 err/s: 0.00 reconn/s: 0.00
[ 2s ] thds: 1 tps: 312.11 qps: 312.11 (r/w/o: 312.11/0.00/0.00) lat (ms,95%): 3.36 err/s: 0.00 reconn/s: 0.00
[ 3s ] thds: 1 tps: 313.98 qps: 313.98 (r/w/o: 313.98/0.00/0.00) lat (ms,95%): 3.36 err/s: 0.00 reconn/s: 0.00
[ 4s ] thds: 1 tps: 316.03 qps: 316.03 (r/w/o: 316.03/0.00/0.00) lat (ms,95%): 3.30 err/s: 0.00 reconn/s: 0.00
[ 5s ] thds: 1 tps: 310.00 qps: 310.00 (r/w/o: 310.00/0.00/0.00) lat (ms,95%): 3.36 err/s: 0.00 reconn/s: 0.00
[ 6s ] thds: 1 tps: 316.00 qps: 316.00 (r/w/o: 316.00/0.00/0.00) lat (ms,95%): 3.30 err/s: 0.00 reconn/s: 0.00
[ 7s ] thds: 1 tps: 315.00 qps: 315.00 (r/w/o: 315.00/0.00/0.00) lat (ms,95%): 3.30 err/s: 0.00 reconn/s: 0.00
[ 8s ] thds: 1 tps: 316.00 qps: 316.00 (r/w/o: 316.00/0.00/0.00) lat (ms,95%): 3.30 err/s: 0.00 reconn/s: 0.00
SQL statistics:
    queries performed:
        read:                            2509
        write:                           0
        other:                           0
        total:                           2509
    transactions:                        2509   (313.51 per sec.)
    queries:                             2509   (313.51 per sec.)
    ignored errors:                      0      (0.00 per sec.)
    reconnects:                          0      (0.00 per sec.)

General statistics:
    total time:                          8.0027s
    total number of events:              2509

Latency (ms):
         min:                                    2.79
         avg:                                    3.19
         max:                                   11.04
         95th percentile:                        3.36
         sum:                                 7999.38

Threads fairness:
    events (avg/stddev):           2509.0000/0.00
    execution time (avg/stddev):   7.9994/0.00

