sysbench 1.0.20 (using system LuaJIT 2.1.0-beta3)

Running the test with following options:
Number of threads: 1
Report intermediate results every 1 second(s)
Initializing random number generator from current time


Initializing worker threads...

Threads started!

[ 1s ] thds: 1 tps: 2461.31 qps: 2461.31 (r/w/o: 2461.31/0.00/0.00) lat (ms,95%): 0.42 err/s: 0.00 reconn/s: 0.00
[ 2s ] thds: 1 tps: 2456.62 qps: 2456.62 (r/w/o: 2456.62/0.00/0.00) lat (ms,95%): 0.43 err/s: 0.00 reconn/s: 0.00
[ 3s ] thds: 1 tps: 2429.08 qps: 2429.08 (r/w/o: 2429.08/0.00/0.00) lat (ms,95%): 0.44 err/s: 0.00 reconn/s: 0.00
[ 4s ] thds: 1 tps: 2439.77 qps: 2439.77 (r/w/o: 2439.77/0.00/0.00) lat (ms,95%): 0.44 err/s: 0.00 reconn/s: 0.00
[ 5s ] thds: 1 tps: 2438.92 qps: 2438.92 (r/w/o: 2438.92/0.00/0.00) lat (ms,95%): 0.44 err/s: 0.00 reconn/s: 0.00
[ 6s ] thds: 1 tps: 2445.22 qps: 2445.22 (r/w/o: 2445.22/0.00/0.00) lat (ms,95%): 0.43 err/s: 0.00 reconn/s: 0.00
[ 7s ] thds: 1 tps: 2467.03 qps: 2467.03 (r/w/o: 2467.03/0.00/0.00) lat (ms,95%): 0.43 err/s: 0.00 reconn/s: 0.00
[ 8s ] thds: 1 tps: 2448.90 qps: 2448.90 (r/w/o: 2448.90/0.00/0.00) lat (ms,95%): 0.44 err/s: 0.00 reconn/s: 0.00
SQL statistics:
    queries performed:
        read:                            19589
        write:                           0
        other:                           0
        total:                           19589
    transactions:                        19589  (2448.31 per sec.)
    queries:                             19589  (2448.31 per sec.)
    ignored errors:                      0      (0.00 per sec.)
    reconnects:                          0      (0.00 per sec.)

General statistics:
    total time:                          8.0007s
    total number of events:              19589

Latency (ms):
         min:                                    0.37
         avg:                                    0.41
         max:                                    7.94
         95th percentile:                        0.43
         sum:                                 7983.56

Threads fairness:
    events (avg/stddev):           19589.0000/0.00
    execution time (avg/stddev):   7.9836/0.00

