sysbench 1.0.20 (using system LuaJIT 2.1.0-beta3)

Running the test with following options:
Number of threads: 1
Report intermediate results every 1 second(s)
Initializing random number generator from current time


Initializing worker threads...

Threads started!

[ 1s ] thds: 1 tps: 723.34 qps: 723.34 (r/w/o: 723.34/0.00/0.00) lat (ms,95%): 1.42 err/s: 0.00 reconn/s: 0.00
[ 2s ] thds: 1 tps: 731.25 qps: 731.25 (r/w/o: 731.25/0.00/0.00) lat (ms,95%): 1.42 err/s: 0.00 reconn/s: 0.00
[ 3s ] thds: 1 tps: 736.07 qps: 736.07 (r/w/o: 736.07/0.00/0.00) lat (ms,95%): 1.42 err/s: 0.00 reconn/s: 0.00
[ 4s ] thds: 1 tps: 737.93 qps: 737.93 (r/w/o: 737.93/0.00/0.00) lat (ms,95%): 1.39 err/s: 0.00 reconn/s: 0.00
[ 5s ] thds: 1 tps: 735.08 qps: 735.08 (r/w/o: 735.08/0.00/0.00) lat (ms,95%): 1.42 err/s: 0.00 reconn/s: 0.00
[ 6s ] thds: 1 tps: 735.91 qps: 735.91 (r/w/o: 735.91/0.00/0.00) lat (ms,95%): 1.39 err/s: 0.00 reconn/s: 0.00
[ 7s ] thds: 1 tps: 739.09 qps: 739.09 (r/w/o: 739.09/0.00/0.00) lat (ms,95%): 1.39 err/s: 0.00 reconn/s: 0.00
[ 8s ] thds: 1 tps: 734.94 qps: 734.94 (r/w/o: 734.94/0.00/0.00) lat (ms,95%): 1.39 err/s: 0.00 reconn/s: 0.00
SQL statistics:
    queries performed:
        read:                            5875
        write:                           0
        other:                           0
        total:                           5875
    transactions:                        5875   (734.23 per sec.)
    queries:                             5875   (734.23 per sec.)
    ignored errors:                      0      (0.00 per sec.)
    reconnects:                          0      (0.00 per sec.)

General statistics:
    total time:                          8.0012s
    total number of events:              5875

Latency (ms):
         min:                                    1.20
         avg:                                    1.36
         max:                                    9.76
         95th percentile:                        1.39
         sum:                                 7995.07

Threads fairness:
    events (avg/stddev):           5875.0000/0.00
    execution time (avg/stddev):   7.9951/0.00

