sysbench 1.0.20 (using system LuaJIT 2.1.0-beta3)

Running the test with following options:
Number of threads: 1
Report intermediate results every 1 second(s)
Initializing random number generator from current time


Initializing worker threads...

Threads started!

[ 1s ] thds: 1 tps: 1603.62 qps: 1603.62 (r/w/o: 1603.62/0.00/0.00) lat (ms,95%): 0.64 err/s: 0.00 reconn/s: 0.00
[ 2s ] thds: 1 tps: 1619.67 qps: 1619.67 (r/w/o: 1619.67/0.00/0.00) lat (ms,95%): 0.64 err/s: 0.00 reconn/s: 0.00
[ 3s ] thds: 1 tps: 1608.02 qps: 1608.02 (r/w/o: 1608.02/0.00/0.00) lat (ms,95%): 0.64 err/s: 0.00 reconn/s: 0.00
[ 4s ] thds: 1 tps: 1609.85 qps: 1609.85 (r/w/o: 1609.85/0.00/0.00) lat (ms,95%): 0.65 err/s: 0.00 reconn/s: 0.00
[ 5s ] thds: 1 tps: 1601.98 qps: 1601.98 (r/w/o: 1601.98/0.00/0.00) lat (ms,95%): 0.65 err/s: 0.00 reconn/s: 0.00
[ 6s ] thds: 1 tps: 1613.13 qps: 1613.13 (r/w/o: 1613.13/0.00/0.00) lat (ms,95%): 0.64 err/s: 0.00 reconn/s: 0.00
[ 7s ] thds: 1 tps: 1609.99 qps: 1609.99 (r/w/o: 1609.99/0.00/0.00) lat (ms,95%): 0.64 err/s: 0.00 reconn/s: 0.00
[ 8s ] thds: 1 tps: 1610.89 qps: 1610.89 (r/w/o: 1610.89/0.00/0.00) lat (ms,95%): 0.64 err/s: 0.00 reconn/s: 0.00
SQL statistics:
    queries performed:
        read:                            12879
        write:                           0
        other:                           0
        total:                           12879
    transactions:                        12879  (1609.63 per sec.)
    queries:                             12879  (1609.63 per sec.)
    ignored errors:                      0      (0.00 per sec.)
    reconnects:                          0      (0.00 per sec.)

General statistics:
    total time:                          8.0008s
    total number of events:              12879

Latency (ms):
         min:                                    0.56
         avg:                                    0.62
         max:                                    8.32
         95th percentile:                        0.65
         sum:                                 7988.90

Threads fairness:
    events (avg/stddev):           12879.0000/0.00
    execution time (avg/stddev):   7.9889/0.00

