sysbench 1.0.20 (using system LuaJIT 2.1.0-beta3)

Running the test with following options:
Number of threads: 1
Report intermediate results every 1 second(s)
Initializing random number generator from current time


Initializing worker threads...

Threads started!

[ 1s ] thds: 1 tps: 0.00 qps: 1291.81 (r/w/o: 0.00/1288.82/3.00) lat (ms,95%): 0.00 err/s: 0.00 reconn/s: 0.00
[ 2s ] thds: 1 tps: 0.00 qps: 1333.57 (r/w/o: 0.00/1333.57/0.00) lat (ms,95%): 0.00 err/s: 0.00 reconn/s: 0.00
[ 3s ] thds: 1 tps: 0.00 qps: 1323.04 (r/w/o: 0.00/1323.04/0.00) lat (ms,95%): 0.00 err/s: 0.00 reconn/s: 0.00
[ 4s ] thds: 1 tps: 1.00 qps: 1200.06 (r/w/o: 0.00/1198.06/2.00) lat (ms,95%): 3841.98 err/s: 0.00 reconn/s: 0.00
[ 5s ] thds: 1 tps: 0.00 qps: 1343.98 (r/w/o: 0.00/1343.98/0.00) lat (ms,95%): 0.00 err/s: 0.00 reconn/s: 0.00
[ 6s ] thds: 1 tps: 0.00 qps: 1330.00 (r/w/o: 0.00/1330.00/0.00) lat (ms,95%): 0.00 err/s: 0.00 reconn/s: 0.00
[ 7s ] thds: 1 tps: 0.00 qps: 1342.95 (r/w/o: 0.00/1342.95/0.00) lat (ms,95%): 0.00 err/s: 0.00 reconn/s: 0.00
[ 8s ] thds: 1 tps: 1.00 qps: 1242.93 (r/w/o: 0.00/1240.93/2.00) lat (ms,95%): 3841.98 err/s: 0.00 reconn/s: 0.00
[ 9s ] thds: 1 tps: 0.00 qps: 1342.11 (r/w/o: 0.00/1342.11/0.00) lat (ms,95%): 0.00 err/s: 0.00 reconn/s: 0.00
[ 10s ] thds: 1 tps: 0.00 qps: 1336.94 (r/w/o: 0.00/1336.94/0.00) lat (ms,95%): 0.00 err/s: 0.00 reconn/s: 0.00
[ 11s ] thds: 1 tps: 0.00 qps: 1329.05 (r/w/o: 0.00/1329.05/0.00) lat (ms,95%): 0.00 err/s: 0.00 reconn/s: 0.00
SQL statistics:
    queries performed:
        read:                            0
        write:                           15002
        other:                           7
        total:                           15009
    transactions:                        3      (0.26 per sec.)
    queries:                             15009  (1312.09 per sec.)
    ignored errors:                      0      (0.00 per sec.)
    reconnects:                          0      (0.00 per sec.)

General statistics:
    total time:                          11.4386s
    total number of events:              3

Latency (ms):
         min:                                 3811.29
         avg:                                 3812.69
         max:                                 3813.62
         95th percentile:                     3841.98
         sum:                                11438.06

Threads fairness:
    events (avg/stddev):           3.0000/0.00
    execution time (avg/stddev):   11.4381/0.00

