sysbench 1.0.20 (using system LuaJIT 2.1.0-beta3)

Running the test with following options:
Number of threads: 4
Report intermediate results every 2 second(s)
Initializing random number generator from current time


Initializing worker threads...

Threads started!

[ 2s ] thds: 4 tps: 69.47 qps: 69.47 (r/w/o: 69.47/0.00/0.00) lat (ms,95%): 64.47 err/s: 0.00 reconn/s: 0.00
[ 4s ] thds: 4 tps: 72.01 qps: 72.01 (r/w/o: 72.01/0.00/0.00) lat (ms,95%): 56.84 err/s: 0.00 reconn/s: 0.00
[ 6s ] thds: 4 tps: 73.50 qps: 73.50 (r/w/o: 73.50/0.00/0.00) lat (ms,95%): 56.84 err/s: 0.00 reconn/s: 0.00
[ 8s ] thds: 4 tps: 71.00 qps: 71.00 (r/w/o: 71.00/0.00/0.00) lat (ms,95%): 58.92 err/s: 0.00 reconn/s: 0.00
[ 10s ] thds: 4 tps: 119.00 qps: 119.00 (r/w/o: 119.00/0.00/0.00) lat (ms,95%): 54.83 err/s: 0.00 reconn/s: 0.00
[ 12s ] thds: 4 tps: 123.50 qps: 123.50 (r/w/o: 123.50/0.00/0.00) lat (ms,95%): 34.95 err/s: 0.00 reconn/s: 0.00
[ 14s ] thds: 4 tps: 122.50 qps: 122.50 (r/w/o: 122.50/0.00/0.00) lat (ms,95%): 37.56 err/s: 0.00 reconn/s: 0.00
[ 16s ] thds: 4 tps: 125.50 qps: 125.50 (r/w/o: 125.50/0.00/0.00) lat (ms,95%): 32.53 err/s: 0.00 reconn/s: 0.00
[ 18s ] thds: 4 tps: 125.00 qps: 125.00 (r/w/o: 125.00/0.00/0.00) lat (ms,95%): 31.94 err/s: 0.00 reconn/s: 0.00
SQL statistics:
    queries performed:
        read:                            1807
        write:                           0
        other:                           0
        total:                           1807
    transactions:                        1807   (100.28 per sec.)
    queries:                             1807   (100.28 per sec.)
    ignored errors:                      0      (0.00 per sec.)
    reconnects:                          0      (0.00 per sec.)

General statistics:
    total time:                          18.0191s
    total number of events:              1807

Latency (ms):
         min:                                   20.26
         avg:                                   39.87
         max:                                   87.34
         95th percentile:                       56.84
         sum:                                72041.91

Threads fairness:
    events (avg/stddev):           451.7500/1.09
    execution time (avg/stddev):   18.0105/0.01

