sysbench 1.0.20 (using system LuaJIT 2.1.0-beta3)

Running the test with following options:
Number of threads: 4
Report intermediate results every 2 second(s)
Initializing random number generator from current time


Initializing worker threads...

Threads started!

[ 2s ] thds: 4 tps: 0.00 qps: 3852.08 (r/w/o: 0.00/961.02/2891.06) lat (ms,95%): 0.00 err/s: 0.00 reconn/s: 0.00
[ 4s ] thds: 4 tps: 0.00 qps: 3782.93 (r/w/o: 0.00/945.73/2837.20) lat (ms,95%): 0.00 err/s: 0.00 reconn/s: 0.00
[ 6s ] thds: 4 tps: 0.00 qps: 3615.99 (r/w/o: 0.00/904.00/2711.99) lat (ms,95%): 0.00 err/s: 0.00 reconn/s: 0.00
[ 8s ] thds: 4 tps: 0.00 qps: 3719.94 (r/w/o: 0.00/929.99/2789.96) lat (ms,95%): 0.00 err/s: 0.00 reconn/s: 0.00
[ 10s ] thds: 4 tps: 0.00 qps: 3702.16 (r/w/o: 0.00/925.54/2776.62) lat (ms,95%): 0.00 err/s: 0.00 reconn/s: 0.00
[ 12s ] thds: 4 tps: 0.00 qps: 3627.83 (r/w/o: 0.00/906.96/2720.87) lat (ms,95%): 0.00 err/s: 0.00 reconn/s: 0.00
[ 14s ] thds: 4 tps: 0.00 qps: 3662.06 (r/w/o: 0.00/915.51/2746.54) lat (ms,95%): 0.00 err/s: 0.00 reconn/s: 0.00
[ 16s ] thds: 4 tps: 0.00 qps: 3513.63 (r/w/o: 0.00/878.41/2635.22) lat (ms,95%): 0.00 err/s: 0.00 reconn/s: 0.00
[ 18s ] thds: 4 tps: 0.00 qps: 3660.28 (r/w/o: 0.00/915.07/2745.21) lat (ms,95%): 0.00 err/s: 0.00 reconn/s: 0.00
[ 20s ] thds: 4 tps: 0.00 qps: 3696.12 (r/w/o: 0.00/924.03/2772.09) lat (ms,95%): 0.00 err/s: 0.00 reconn/s: 0.00
[ 22s ] thds: 4 tps: 0.00 qps: 3689.65 (r/w/o: 0.00/922.54/2767.11) lat (ms,95%): 0.00 err/s: 0.00 reconn/s: 0.00
SQL statistics:
    queries performed:
        read:                            0
        write:                           22000
        other:                           66016
        total:                           88016
    transactions:                        4      (0.17 per sec.)
    queries:                             88016  (3681.35 per sec.)
    ignored errors:                      0      (0.00 per sec.)
    reconnects:                          0      (0.00 per sec.)

General statistics:
    total time:                          23.9082s
    total number of events:              4

Latency (ms):
         min:                                23907.17
         avg:                                23907.44
         max:                                23907.76
         95th percentile:                    24110.66
         sum:                                95629.75

Threads fairness:
    events (avg/stddev):           1.0000/0.00
    execution time (avg/stddev):   23.9074/0.00

