sysbench 1.0.20 (using system LuaJIT 2.1.0-beta3)

Running the test with following options:
Number of threads: 4
Report intermediate results every 2 second(s)
Initializing random number generator from current time


Initializing worker threads...

Threads started!

[ 2s ] thds: 4 tps: 3246.40 qps: 3246.40 (r/w/o: 3246.40/0.00/0.00) lat (ms,95%): 1.58 err/s: 0.00 reconn/s: 0.00
[ 4s ] thds: 4 tps: 3321.13 qps: 3321.13 (r/w/o: 3321.13/0.00/0.00) lat (ms,95%): 1.47 err/s: 0.00 reconn/s: 0.00
[ 6s ] thds: 4 tps: 3309.37 qps: 3309.37 (r/w/o: 3309.37/0.00/0.00) lat (ms,95%): 1.44 err/s: 0.00 reconn/s: 0.00
[ 8s ] thds: 4 tps: 3266.54 qps: 3266.54 (r/w/o: 3266.54/0.00/0.00) lat (ms,95%): 1.55 err/s: 0.00 reconn/s: 0.00
[ 10s ] thds: 4 tps: 3315.96 qps: 3315.96 (r/w/o: 3315.96/0.00/0.00) lat (ms,95%): 1.47 err/s: 0.00 reconn/s: 0.00
[ 12s ] thds: 4 tps: 3339.54 qps: 3339.54 (r/w/o: 3339.54/0.00/0.00) lat (ms,95%): 1.44 err/s: 0.00 reconn/s: 0.00
[ 14s ] thds: 4 tps: 3337.48 qps: 3337.48 (r/w/o: 3337.48/0.00/0.00) lat (ms,95%): 1.47 err/s: 0.00 reconn/s: 0.00
[ 16s ] thds: 4 tps: 3347.00 qps: 3347.00 (r/w/o: 3347.00/0.00/0.00) lat (ms,95%): 1.44 err/s: 0.00 reconn/s: 0.00
[ 18s ] thds: 4 tps: 3326.63 qps: 3326.63 (r/w/o: 3326.63/0.00/0.00) lat (ms,95%): 1.50 err/s: 0.00 reconn/s: 0.00
SQL statistics:
    queries performed:
        read:                            59626
        write:                           0
        other:                           0
        total:                           59626
    transactions:                        59626  (3312.18 per sec.)
    queries:                             59626  (3312.18 per sec.)
    ignored errors:                      0      (0.00 per sec.)
    reconnects:                          0      (0.00 per sec.)

General statistics:
    total time:                          18.0017s
    total number of events:              59626

Latency (ms):
         min:                                    0.62
         avg:                                    1.21
         max:                                   19.39
         95th percentile:                        1.47
         sum:                                71922.99

Threads fairness:
    events (avg/stddev):           14906.5000/108.58
    execution time (avg/stddev):   17.9807/0.00

