sysbench 1.0.20 (using system LuaJIT 2.1.0-beta3)

Running the test with following options:
Number of threads: 4
Report intermediate results every 2 second(s)
Initializing random number generator from current time


Initializing worker threads...

Threads started!

[ 2s ] thds: 4 tps: 2798.13 qps: 2798.13 (r/w/o: 2798.13/0.00/0.00) lat (ms,95%): 1.82 err/s: 0.00 reconn/s: 0.00
[ 4s ] thds: 4 tps: 2801.40 qps: 2801.40 (r/w/o: 2801.40/0.00/0.00) lat (ms,95%): 1.86 err/s: 0.00 reconn/s: 0.00
[ 6s ] thds: 4 tps: 2801.90 qps: 2801.90 (r/w/o: 2801.90/0.00/0.00) lat (ms,95%): 1.82 err/s: 0.00 reconn/s: 0.00
[ 8s ] thds: 4 tps: 2849.91 qps: 2849.91 (r/w/o: 2849.91/0.00/0.00) lat (ms,95%): 1.79 err/s: 0.00 reconn/s: 0.00
[ 10s ] thds: 4 tps: 2851.75 qps: 2851.75 (r/w/o: 2851.75/0.00/0.00) lat (ms,95%): 1.82 err/s: 0.00 reconn/s: 0.00
[ 12s ] thds: 4 tps: 2842.67 qps: 2842.67 (r/w/o: 2842.67/0.00/0.00) lat (ms,95%): 1.79 err/s: 0.00 reconn/s: 0.00
[ 14s ] thds: 4 tps: 2824.73 qps: 2824.73 (r/w/o: 2824.73/0.00/0.00) lat (ms,95%): 1.82 err/s: 0.00 reconn/s: 0.00
[ 16s ] thds: 4 tps: 2821.00 qps: 2821.00 (r/w/o: 2821.00/0.00/0.00) lat (ms,95%): 1.82 err/s: 0.00 reconn/s: 0.00
[ 18s ] thds: 4 tps: 2819.18 qps: 2819.18 (r/w/o: 2819.18/0.00/0.00) lat (ms,95%): 1.86 err/s: 0.00 reconn/s: 0.00
SQL statistics:
    queries performed:
        read:                            50827
        write:                           0
        other:                           0
        total:                           50827
    transactions:                        50827  (2823.29 per sec.)
    queries:                             50827  (2823.29 per sec.)
    ignored errors:                      0      (0.00 per sec.)
    reconnects:                          0      (0.00 per sec.)

General statistics:
    total time:                          18.0024s
    total number of events:              50827

Latency (ms):
         min:                                    0.69
         avg:                                    1.42
         max:                                   19.99
         95th percentile:                        1.82
         sum:                                71926.44

Threads fairness:
    events (avg/stddev):           12706.7500/198.20
    execution time (avg/stddev):   17.9816/0.00

