sysbench 1.0.20 (using system LuaJIT 2.1.0-beta3)

Running the test with following options:
Number of threads: 1
Report intermediate results every 1 second(s)
Initializing random number generator from current time


Initializing worker threads...

Threads started!

[ 1s ] thds: 1 tps: 393.65 qps: 393.65 (r/w/o: 393.65/0.00/0.00) lat (ms,95%): 2.57 err/s: 0.00 reconn/s: 0.00
[ 2s ] thds: 1 tps: 399.19 qps: 399.19 (r/w/o: 399.19/0.00/0.00) lat (ms,95%): 2.57 err/s: 0.00 reconn/s: 0.00
[ 3s ] thds: 1 tps: 399.00 qps: 399.00 (r/w/o: 399.00/0.00/0.00) lat (ms,95%): 2.57 err/s: 0.00 reconn/s: 0.00
[ 4s ] thds: 1 tps: 398.95 qps: 398.95 (r/w/o: 398.95/0.00/0.00) lat (ms,95%): 2.52 err/s: 0.00 reconn/s: 0.00
[ 5s ] thds: 1 tps: 397.02 qps: 397.02 (r/w/o: 397.02/0.00/0.00) lat (ms,95%): 2.57 err/s: 0.00 reconn/s: 0.00
[ 6s ] thds: 1 tps: 400.98 qps: 400.98 (r/w/o: 400.98/0.00/0.00) lat (ms,95%): 2.57 err/s: 0.00 reconn/s: 0.00
[ 7s ] thds: 1 tps: 399.00 qps: 399.00 (r/w/o: 399.00/0.00/0.00) lat (ms,95%): 2.57 err/s: 0.00 reconn/s: 0.00
[ 8s ] thds: 1 tps: 401.99 qps: 401.99 (r/w/o: 401.99/0.00/0.00) lat (ms,95%): 2.52 err/s: 0.00 reconn/s: 0.00
SQL statistics:
    queries performed:
        read:                            3191
        write:                           0
        other:                           0
        total:                           3191
    transactions:                        3191   (398.76 per sec.)
    queries:                             3191   (398.76 per sec.)
    ignored errors:                      0      (0.00 per sec.)
    reconnects:                          0      (0.00 per sec.)

General statistics:
    total time:                          8.0018s
    total number of events:              3191

Latency (ms):
         min:                                    2.44
         avg:                                    2.51
         max:                                   10.38
         95th percentile:                        2.57
         sum:                                 7997.47

Threads fairness:
    events (avg/stddev):           3191.0000/0.00
    execution time (avg/stddev):   7.9975/0.00

