sysbench 1.0.20 (using system LuaJIT 2.1.0-beta3)

Running the test with following options:
Number of threads: 1
Report intermediate results every 1 second(s)
Initializing random number generator from current time


Initializing worker threads...

Threads started!

[ 1s ] thds: 1 tps: 0.00 qps: 1034.01 (r/w/o: 0.00/1030.02/4.00) lat (ms,95%): 0.00 err/s: 0.00 reconn/s: 0.00
[ 2s ] thds: 1 tps: 0.00 qps: 982.49 (r/w/o: 0.00/982.49/0.00) lat (ms,95%): 0.00 err/s: 0.00 reconn/s: 0.00
[ 3s ] thds: 1 tps: 1.00 qps: 930.97 (r/w/o: 0.00/928.97/2.00) lat (ms,95%): 2828.87 err/s: 0.00 reconn/s: 0.00
[ 4s ] thds: 1 tps: 0.00 qps: 984.98 (r/w/o: 0.00/984.98/0.00) lat (ms,95%): 0.00 err/s: 0.00 reconn/s: 0.00
[ 5s ] thds: 1 tps: 0.00 qps: 953.96 (r/w/o: 0.00/953.96/0.00) lat (ms,95%): 0.00 err/s: 0.00 reconn/s: 0.00
[ 6s ] thds: 1 tps: 1.00 qps: 928.03 (r/w/o: 0.00/926.03/2.00) lat (ms,95%): 2932.60 err/s: 0.00 reconn/s: 0.00
[ 7s ] thds: 1 tps: 0.00 qps: 995.02 (r/w/o: 0.00/995.02/0.00) lat (ms,95%): 0.00 err/s: 0.00 reconn/s: 0.00
[ 8s ] thds: 1 tps: 0.00 qps: 989.98 (r/w/o: 0.00/989.98/0.00) lat (ms,95%): 0.00 err/s: 0.00 reconn/s: 0.00
SQL statistics:
    queries performed:
        read:                            0
        write:                           8404
        other:                           8
        total:                           8412
    transactions:                        3      (0.35 per sec.)
    queries:                             8412   (975.59 per sec.)
    ignored errors:                      0      (0.00 per sec.)
    reconnects:                          0      (0.00 per sec.)

General statistics:
    total time:                          8.6221s
    total number of events:              3

Latency (ms):
         min:                                 2806.16
         avg:                                 2873.86
         max:                                 2952.99
         95th percentile:                     2932.60
         sum:                                 8621.58

Threads fairness:
    events (avg/stddev):           3.0000/0.00
    execution time (avg/stddev):   8.6216/0.00

