sysbench 1.0.20 (using system LuaJIT 2.1.0-beta3)

Running the test with following options:
Number of threads: 1
Report intermediate results every 1 second(s)
Initializing random number generator from current time


Initializing worker threads...

Threads started!

[ 1s ] thds: 1 tps: 1554.65 qps: 4663.94 (r/w/o: 4663.94/0.00/0.00) lat (ms,95%): 0.72 err/s: 0.00 reconn/s: 0.00
[ 2s ] thds: 1 tps: 1616.56 qps: 4849.69 (r/w/o: 4849.69/0.00/0.00) lat (ms,95%): 0.68 err/s: 0.00 reconn/s: 0.00
[ 3s ] thds: 1 tps: 1575.12 qps: 4726.36 (r/w/o: 4726.36/0.00/0.00) lat (ms,95%): 0.72 err/s: 0.00 reconn/s: 0.00
[ 4s ] thds: 1 tps: 1593.99 qps: 4781.98 (r/w/o: 4781.98/0.00/0.00) lat (ms,95%): 0.70 err/s: 0.00 reconn/s: 0.00
[ 5s ] thds: 1 tps: 1602.90 qps: 4809.71 (r/w/o: 4809.71/0.00/0.00) lat (ms,95%): 0.70 err/s: 0.00 reconn/s: 0.00
[ 6s ] thds: 1 tps: 1578.96 qps: 4736.89 (r/w/o: 4736.89/0.00/0.00) lat (ms,95%): 0.70 err/s: 0.00 reconn/s: 0.00
[ 7s ] thds: 1 tps: 1588.16 qps: 4764.49 (r/w/o: 4764.49/0.00/0.00) lat (ms,95%): 0.70 err/s: 0.00 reconn/s: 0.00
SQL statistics:
    queries performed:
        read:                            38073
        write:                           0
        other:                           0
        total:                           38073
    transactions:                        12691  (1586.17 per sec.)
    queries:                             38073  (4758.51 per sec.)
    ignored errors:                      0      (0.00 per sec.)
    reconnects:                          0      (0.00 per sec.)

General statistics:
    total time:                          8.0007s
    total number of events:              12691

Latency (ms):
         min:                                    0.56
         avg:                                    0.63
         max:                                    8.15
         95th percentile:                        0.70
         sum:                                 7987.95

Threads fairness:
    events (avg/stddev):           12691.0000/0.00
    execution time (avg/stddev):   7.9879/0.00

