sysbench 1.0.20 (using system LuaJIT 2.1.0-beta3)

Running the test with following options:
Number of threads: 1
Report intermediate results every 1 second(s)
Initializing random number generator from current time


Initializing worker threads...

Threads started!

[ 1s ] thds: 1 tps: 167.85 qps: 503.55 (r/w/o: 503.55/0.00/0.00) lat (ms,95%): 6.32 err/s: 0.00 reconn/s: 0.00
[ 2s ] thds: 1 tps: 171.06 qps: 513.18 (r/w/o: 513.18/0.00/0.00) lat (ms,95%): 5.99 err/s: 0.00 reconn/s: 0.00
[ 3s ] thds: 1 tps: 170.00 qps: 512.01 (r/w/o: 512.01/0.00/0.00) lat (ms,95%): 5.99 err/s: 0.00 reconn/s: 0.00
[ 4s ] thds: 1 tps: 171.99 qps: 514.97 (r/w/o: 514.97/0.00/0.00) lat (ms,95%): 5.99 err/s: 0.00 reconn/s: 0.00
[ 5s ] thds: 1 tps: 172.01 qps: 517.02 (r/w/o: 517.02/0.00/0.00) lat (ms,95%): 5.99 err/s: 0.00 reconn/s: 0.00
[ 6s ] thds: 1 tps: 173.00 qps: 517.01 (r/w/o: 517.01/0.00/0.00) lat (ms,95%): 5.88 err/s: 0.00 reconn/s: 0.00
[ 7s ] thds: 1 tps: 173.00 qps: 519.01 (r/w/o: 519.01/0.00/0.00) lat (ms,95%): 5.88 err/s: 0.00 reconn/s: 0.00
[ 8s ] thds: 1 tps: 171.98 qps: 516.93 (r/w/o: 516.93/0.00/0.00) lat (ms,95%): 5.88 err/s: 0.00 reconn/s: 0.00
SQL statistics:
    queries performed:
        read:                            4116
        write:                           0
        other:                           0
        total:                           4116
    transactions:                        1372   (171.41 per sec.)
    queries:                             4116   (514.22 per sec.)
    ignored errors:                      0      (0.00 per sec.)
    reconnects:                          0      (0.00 per sec.)

General statistics:
    total time:                          8.0040s
    total number of events:              1372

Latency (ms):
         min:                                    5.65
         avg:                                    5.83
         max:                                   13.79
         95th percentile:                        5.99
         sum:                                 8001.40

Threads fairness:
    events (avg/stddev):           1372.0000/0.00
    execution time (avg/stddev):   8.0014/0.00

