sysbench 1.0.20 (using system LuaJIT 2.1.0-beta3)

Running the test with following options:
Number of threads: 1
Report intermediate results every 1 second(s)
Initializing random number generator from current time


Initializing worker threads...

Threads started!

[ 1s ] thds: 1 tps: 0.00 qps: 1194.86 (r/w/o: 0.00/1191.86/3.00) lat (ms,95%): 0.00 err/s: 0.00 reconn/s: 0.00
[ 2s ] thds: 1 tps: 0.00 qps: 1181.51 (r/w/o: 0.00/1181.51/0.00) lat (ms,95%): 0.00 err/s: 0.00 reconn/s: 0.00
[ 3s ] thds: 1 tps: 0.00 qps: 1158.07 (r/w/o: 0.00/1158.07/0.00) lat (ms,95%): 0.00 err/s: 0.00 reconn/s: 0.00
[ 4s ] thds: 1 tps: 1.00 qps: 1146.98 (r/w/o: 0.00/1144.98/2.00) lat (ms,95%): 3386.99 err/s: 0.00 reconn/s: 0.00
[ 5s ] thds: 1 tps: 0.00 qps: 1187.03 (r/w/o: 0.00/1187.03/0.00) lat (ms,95%): 0.00 err/s: 0.00 reconn/s: 0.00
[ 6s ] thds: 1 tps: 0.00 qps: 1200.99 (r/w/o: 0.00/1200.99/0.00) lat (ms,95%): 0.00 err/s: 0.00 reconn/s: 0.00
[ 7s ] thds: 1 tps: 1.00 qps: 1136.03 (r/w/o: 0.00/1134.03/2.00) lat (ms,95%): 3386.99 err/s: 0.00 reconn/s: 0.00
[ 8s ] thds: 1 tps: 0.00 qps: 1248.94 (r/w/o: 0.00/1248.94/0.00) lat (ms,95%): 0.00 err/s: 0.00 reconn/s: 0.00
[ 9s ] thds: 1 tps: 0.00 qps: 1299.98 (r/w/o: 0.00/1299.98/0.00) lat (ms,95%): 0.00 err/s: 0.00 reconn/s: 0.00
SQL statistics:
    queries performed:
        read:                            0
        write:                           12002
        other:                           7
        total:                           12009
    transactions:                        3      (0.30 per sec.)
    queries:                             12009  (1203.86 per sec.)
    ignored errors:                      0      (0.00 per sec.)
    reconnects:                          0      (0.00 per sec.)

General statistics:
    total time:                          9.9751s
    total number of events:              3

Latency (ms):
         min:                                 3186.83
         avg:                                 3324.83
         max:                                 3394.88
         95th percentile:                     3386.99
         sum:                                 9974.49

Threads fairness:
    events (avg/stddev):           3.0000/0.00
    execution time (avg/stddev):   9.9745/0.00

