sysbench 1.0.20 (using system LuaJIT 2.1.0-beta3)

Running the test with following options:
Number of threads: 1
Report intermediate results every 1 second(s)
Initializing random number generator from current time


Initializing worker threads...

Threads started!

[ 1s ] thds: 1 tps: 144.88 qps: 434.64 (r/w/o: 434.64/0.00/0.00) lat (ms,95%): 7.17 err/s: 0.00 reconn/s: 0.00
[ 2s ] thds: 1 tps: 146.03 qps: 440.09 (r/w/o: 440.09/0.00/0.00) lat (ms,95%): 7.04 err/s: 0.00 reconn/s: 0.00
[ 3s ] thds: 1 tps: 146.01 qps: 436.03 (r/w/o: 436.03/0.00/0.00) lat (ms,95%): 7.17 err/s: 0.00 reconn/s: 0.00
[ 4s ] thds: 1 tps: 145.00 qps: 435.00 (r/w/o: 435.00/0.00/0.00) lat (ms,95%): 7.43 err/s: 0.00 reconn/s: 0.00
[ 5s ] thds: 1 tps: 145.99 qps: 439.97 (r/w/o: 439.97/0.00/0.00) lat (ms,95%): 7.04 err/s: 0.00 reconn/s: 0.00
[ 6s ] thds: 1 tps: 147.02 qps: 439.07 (r/w/o: 439.07/0.00/0.00) lat (ms,95%): 7.04 err/s: 0.00 reconn/s: 0.00
[ 7s ] thds: 1 tps: 143.99 qps: 431.97 (r/w/o: 431.97/0.00/0.00) lat (ms,95%): 7.98 err/s: 0.00 reconn/s: 0.00
[ 8s ] thds: 1 tps: 147.01 qps: 442.02 (r/w/o: 442.02/0.00/0.00) lat (ms,95%): 6.91 err/s: 0.00 reconn/s: 0.00
SQL statistics:
    queries performed:
        read:                            3501
        write:                           0
        other:                           0
        total:                           3501
    transactions:                        1167   (145.79 per sec.)
    queries:                             3501   (437.38 per sec.)
    ignored errors:                      0      (0.00 per sec.)
    reconnects:                          0      (0.00 per sec.)

General statistics:
    total time:                          8.0041s
    total number of events:              1167

Latency (ms):
         min:                                    6.60
         avg:                                    6.86
         max:                                   15.20
         95th percentile:                        7.17
         sum:                                 8001.82

Threads fairness:
    events (avg/stddev):           1167.0000/0.00
    execution time (avg/stddev):   8.0018/0.00

