sysbench 1.0.20 (using system LuaJIT 2.1.0-beta3)

Running the test with following options:
Number of threads: 1
Report intermediate results every 1 second(s)
Initializing random number generator from current time


Initializing worker threads...

Threads started!

[ 1s ] thds: 1 tps: 0.00 qps: 893.12 (r/w/o: 0.00/890.12/3.00) lat (ms,95%): 0.00 err/s: 0.00 reconn/s: 0.00
[ 2s ] thds: 1 tps: 0.00 qps: 893.45 (r/w/o: 0.00/893.45/0.00) lat (ms,95%): 0.00 err/s: 0.00 reconn/s: 0.00
[ 3s ] thds: 1 tps: 0.00 qps: 931.02 (r/w/o: 0.00/931.02/0.00) lat (ms,95%): 0.00 err/s: 0.00 reconn/s: 0.00
[ 4s ] thds: 1 tps: 0.00 qps: 921.93 (r/w/o: 0.00/921.93/0.00) lat (ms,95%): 0.00 err/s: 0.00 reconn/s: 0.00
[ 5s ] thds: 1 tps: 0.00 qps: 928.02 (r/w/o: 0.00/928.02/0.00) lat (ms,95%): 0.00 err/s: 0.00 reconn/s: 0.00
[ 6s ] thds: 1 tps: 1.00 qps: 888.01 (r/w/o: 0.00/886.01/2.00) lat (ms,95%): 5507.54 err/s: 0.00 reconn/s: 0.00
[ 7s ] thds: 1 tps: 0.00 qps: 947.01 (r/w/o: 0.00/947.01/0.00) lat (ms,95%): 0.00 err/s: 0.00 reconn/s: 0.00
[ 8s ] thds: 1 tps: 0.00 qps: 965.97 (r/w/o: 0.00/965.97/0.00) lat (ms,95%): 0.00 err/s: 0.00 reconn/s: 0.00
[ 9s ] thds: 1 tps: 0.00 qps: 952.00 (r/w/o: 0.00/952.00/0.00) lat (ms,95%): 0.00 err/s: 0.00 reconn/s: 0.00
[ 10s ] thds: 1 tps: 0.00 qps: 887.01 (r/w/o: 0.00/887.01/0.00) lat (ms,95%): 0.00 err/s: 0.00 reconn/s: 0.00
SQL statistics:
    queries performed:
        read:                            0
        write:                           9999
        other:                           5
        total:                           10004
    transactions:                        2      (0.18 per sec.)
    queries:                             10004  (917.96 per sec.)
    ignored errors:                      0      (0.00 per sec.)
    reconnects:                          0      (0.00 per sec.)

General statistics:
    total time:                          10.8977s
    total number of events:              2

Latency (ms):
         min:                                 5427.33
         avg:                                 5448.56
         max:                                 5469.79
         95th percentile:                     5507.54
         sum:                                10897.12

Threads fairness:
    events (avg/stddev):           2.0000/0.00
    execution time (avg/stddev):   10.8971/0.00

