sysbench 1.0.20 (using system LuaJIT 2.1.0-beta3)

Running the test with following options:
Number of threads: 1
Report intermediate results every 1 second(s)
Initializing random number generator from current time


Initializing worker threads...

Threads started!

[ 1s ] thds: 1 tps: 1424.63 qps: 1424.63 (r/w/o: 1424.63/0.00/0.00) lat (ms,95%): 0.75 err/s: 0.00 reconn/s: 0.00
[ 2s ] thds: 1 tps: 1415.43 qps: 1415.43 (r/w/o: 1415.43/0.00/0.00) lat (ms,95%): 0.78 err/s: 0.00 reconn/s: 0.00
[ 3s ] thds: 1 tps: 1372.34 qps: 1372.34 (r/w/o: 1372.34/0.00/0.00) lat (ms,95%): 0.80 err/s: 0.00 reconn/s: 0.00
[ 4s ] thds: 1 tps: 1363.98 qps: 1363.98 (r/w/o: 1363.98/0.00/0.00) lat (ms,95%): 0.86 err/s: 0.00 reconn/s: 0.00
[ 5s ] thds: 1 tps: 1389.02 qps: 1389.02 (r/w/o: 1389.02/0.00/0.00) lat (ms,95%): 0.77 err/s: 0.00 reconn/s: 0.00
[ 6s ] thds: 1 tps: 1412.01 qps: 1412.01 (r/w/o: 1412.01/0.00/0.00) lat (ms,95%): 0.75 err/s: 0.00 reconn/s: 0.00
[ 7s ] thds: 1 tps: 1412.95 qps: 1412.95 (r/w/o: 1412.95/0.00/0.00) lat (ms,95%): 0.75 err/s: 0.00 reconn/s: 0.00
SQL statistics:
    queries performed:
        read:                            11169
        write:                           0
        other:                           0
        total:                           11169
    transactions:                        11169  (1395.93 per sec.)
    queries:                             11169  (1395.93 per sec.)
    ignored errors:                      0      (0.00 per sec.)
    reconnects:                          0      (0.00 per sec.)

General statistics:
    total time:                          8.0007s
    total number of events:              11169

Latency (ms):
         min:                                    0.64
         avg:                                    0.72
         max:                                    9.32
         95th percentile:                        0.78
         sum:                                 7989.58

Threads fairness:
    events (avg/stddev):           11169.0000/0.00
    execution time (avg/stddev):   7.9896/0.00

