sysbench 1.0.20 (using system LuaJIT 2.1.0-beta3)

Running the test with following options:
Number of threads: 1
Report intermediate results every 1 second(s)
Initializing random number generator from current time


Initializing worker threads...

Threads started!

[ 1s ] thds: 1 tps: 0.00 qps: 1555.51 (r/w/o: 0.00/1552.51/3.00) lat (ms,95%): 0.00 err/s: 0.00 reconn/s: 0.00
[ 2s ] thds: 1 tps: 1.00 qps: 1548.67 (r/w/o: 0.00/1546.66/2.00) lat (ms,95%): 1938.16 err/s: 0.00 reconn/s: 0.00
[ 3s ] thds: 1 tps: 0.00 qps: 1515.94 (r/w/o: 0.00/1515.94/0.00) lat (ms,95%): 0.00 err/s: 0.00 reconn/s: 0.00
[ 4s ] thds: 1 tps: 1.00 qps: 1501.12 (r/w/o: 0.00/1499.12/2.00) lat (ms,95%): 2009.23 err/s: 0.00 reconn/s: 0.00
[ 5s ] thds: 1 tps: 0.00 qps: 1599.10 (r/w/o: 0.00/1599.10/0.00) lat (ms,95%): 0.00 err/s: 0.00 reconn/s: 0.00
[ 6s ] thds: 1 tps: 1.00 qps: 1500.91 (r/w/o: 0.00/1498.91/2.00) lat (ms,95%): 1938.16 err/s: 0.00 reconn/s: 0.00
[ 7s ] thds: 1 tps: 0.00 qps: 1557.01 (r/w/o: 0.00/1557.01/0.00) lat (ms,95%): 0.00 err/s: 0.00 reconn/s: 0.00
[ 8s ] thds: 1 tps: 1.00 qps: 1579.94 (r/w/o: 0.00/1577.94/2.00) lat (ms,95%): 1938.16 err/s: 0.00 reconn/s: 0.00
[ 9s ] thds: 1 tps: 0.00 qps: 1574.09 (r/w/o: 0.00/1574.09/0.00) lat (ms,95%): 0.00 err/s: 0.00 reconn/s: 0.00
SQL statistics:
    queries performed:
        read:                            0
        write:                           15004
        other:                           11
        total:                           15015
    transactions:                        5      (0.52 per sec.)
    queries:                             15015  (1555.17 per sec.)
    ignored errors:                      0      (0.00 per sec.)
    reconnects:                          0      (0.00 per sec.)

General statistics:
    total time:                          9.6545s
    total number of events:              5

Latency (ms):
         min:                                 1875.81
         avg:                                 1930.79
         max:                                 1994.46
         95th percentile:                     2009.23
         sum:                                 9653.97

Threads fairness:
    events (avg/stddev):           5.0000/0.00
    execution time (avg/stddev):   9.6540/0.00

