sysbench 1.0.20 (using system LuaJIT 2.1.0-beta3)

Running the test with following options:
Number of threads: 1
Report intermediate results every 1 second(s)
Initializing random number generator from current time


Initializing worker threads...

Threads started!

[ 1s ] thds: 1 tps: 1462.02 qps: 1462.02 (r/w/o: 1462.02/0.00/0.00) lat (ms,95%): 0.73 err/s: 0.00 reconn/s: 0.00
[ 2s ] thds: 1 tps: 1421.08 qps: 1421.08 (r/w/o: 1421.08/0.00/0.00) lat (ms,95%): 0.89 err/s: 0.00 reconn/s: 0.00
[ 3s ] thds: 1 tps: 1470.22 qps: 1470.22 (r/w/o: 1470.22/0.00/0.00) lat (ms,95%): 0.75 err/s: 0.00 reconn/s: 0.00
[ 4s ] thds: 1 tps: 1516.02 qps: 1516.02 (r/w/o: 1516.02/0.00/0.00) lat (ms,95%): 0.70 err/s: 0.00 reconn/s: 0.00
[ 5s ] thds: 1 tps: 1501.02 qps: 1501.02 (r/w/o: 1501.02/0.00/0.00) lat (ms,95%): 0.73 err/s: 0.00 reconn/s: 0.00
[ 6s ] thds: 1 tps: 1473.97 qps: 1473.97 (r/w/o: 1473.97/0.00/0.00) lat (ms,95%): 0.73 err/s: 0.00 reconn/s: 0.00
[ 7s ] thds: 1 tps: 1453.99 qps: 1453.99 (r/w/o: 1453.99/0.00/0.00) lat (ms,95%): 0.75 err/s: 0.00 reconn/s: 0.00
[ 8s ] thds: 1 tps: 1498.03 qps: 1498.03 (r/w/o: 1498.03/0.00/0.00) lat (ms,95%): 0.70 err/s: 0.00 reconn/s: 0.00
SQL statistics:
    queries performed:
        read:                            11798
        write:                           0
        other:                           0
        total:                           11798
    transactions:                        11798  (1474.47 per sec.)
    queries:                             11798  (1474.47 per sec.)
    ignored errors:                      0      (0.00 per sec.)
    reconnects:                          0      (0.00 per sec.)

General statistics:
    total time:                          8.0012s
    total number of events:              11798

Latency (ms):
         min:                                    0.61
         avg:                                    0.68
         max:                                    9.07
         95th percentile:                        0.74
         sum:                                 7988.82

Threads fairness:
    events (avg/stddev):           11798.0000/0.00
    execution time (avg/stddev):   7.9888/0.00

