sysbench 1.0.20 (using system LuaJIT 2.1.0-beta3)

Running the test with following options:
Number of threads: 1
Report intermediate results every 1 second(s)
Initializing random number generator from current time


Initializing worker threads...

Threads started!

[ 1s ] thds: 1 tps: 147.90 qps: 443.69 (r/w/o: 443.69/0.00/0.00) lat (ms,95%): 9.73 err/s: 0.00 reconn/s: 0.00
[ 2s ] thds: 1 tps: 157.03 qps: 472.08 (r/w/o: 472.08/0.00/0.00) lat (ms,95%): 9.73 err/s: 0.00 reconn/s: 0.00
[ 3s ] thds: 1 tps: 175.00 qps: 525.01 (r/w/o: 525.01/0.00/0.00) lat (ms,95%): 5.88 err/s: 0.00 reconn/s: 0.00
[ 4s ] thds: 1 tps: 167.00 qps: 501.99 (r/w/o: 501.99/0.00/0.00) lat (ms,95%): 7.17 err/s: 0.00 reconn/s: 0.00
[ 5s ] thds: 1 tps: 174.00 qps: 522.00 (r/w/o: 522.00/0.00/0.00) lat (ms,95%): 5.88 err/s: 0.00 reconn/s: 0.00
[ 6s ] thds: 1 tps: 175.00 qps: 523.00 (r/w/o: 523.00/0.00/0.00) lat (ms,95%): 5.88 err/s: 0.00 reconn/s: 0.00
[ 7s ] thds: 1 tps: 174.00 qps: 524.00 (r/w/o: 524.00/0.00/0.00) lat (ms,95%): 5.88 err/s: 0.00 reconn/s: 0.00
SQL statistics:
    queries performed:
        read:                            4035
        write:                           0
        other:                           0
        total:                           4035
    transactions:                        1345   (168.10 per sec.)
    queries:                             4035   (504.30 per sec.)
    ignored errors:                      0      (0.00 per sec.)
    reconnects:                          0      (0.00 per sec.)

General statistics:
    total time:                          8.0007s
    total number of events:              1345

Latency (ms):
         min:                                    5.60
         avg:                                    5.95
         max:                                   16.04
         95th percentile:                        7.70
         sum:                                 7997.92

Threads fairness:
    events (avg/stddev):           1345.0000/0.00
    execution time (avg/stddev):   7.9979/0.00

