sysbench 1.0.20 (using system LuaJIT 2.1.1725453128)

Running the test with following options:
Number of threads: 8
Report intermediate results every 4 second(s)
Initializing random number generator from current time


Initializing worker threads...

Threads started!

[ 4s ] thds: 8 tps: 0.00 qps: 33925.25 (r/w/o: 0.00/4244.40/29680.84) lat (ms,95%): 0.00 err/s: 1.00 reconn/s: 0.00
[ 8s ] thds: 8 tps: 0.00 qps: 34197.66 (r/w/o: 0.00/4274.71/29922.96) lat (ms,95%): 0.00 err/s: 0.00 reconn/s: 0.00
[ 12s ] thds: 8 tps: 2.00 qps: 31875.19 (r/w/o: 0.00/3984.34/27890.85) lat (ms,95%): 0.00 err/s: 0.00 reconn/s: 0.00
[ 16s ] thds: 8 tps: 0.00 qps: 32644.25 (r/w/o: 0.00/4079.53/28564.72) lat (ms,95%): 0.00 err/s: 1.50 reconn/s: 0.00
[ 20s ] thds: 8 tps: 0.00 qps: 34734.18 (r/w/o: 0.00/4341.77/30392.41) lat (ms,95%): 0.00 err/s: 0.00 reconn/s: 0.00
[ 24s ] thds: 8 tps: 2.00 qps: 32598.06 (r/w/o: 0.00/4074.63/28523.43) lat (ms,95%): 0.00 err/s: 0.00 reconn/s: 0.00
[ 28s ] thds: 8 tps: 0.00 qps: 32175.02 (r/w/o: 0.00/4044.90/28130.11) lat (ms,95%): 0.00 err/s: 5.76 reconn/s: 0.00
[ 32s ] thds: 8 tps: 0.00 qps: 35155.72 (r/w/o: 0.00/4394.46/30761.25) lat (ms,95%): 0.00 err/s: 0.00 reconn/s: 0.00
SQL statistics:
    queries performed:
        read:                            0
        write:                           150122
        other:                           1050036
        total:                           1200158
    transactions:                        24     (0.67 per sec.)
    queries:                             1200158 (33566.46 per sec.)
    ignored errors:                      33     (0.92 per sec.)
    reconnects:                          0      (0.00 per sec.)

General statistics:
    total time:                          35.7545s
    total number of events:              24

Latency (ms):
         min:                                11741.22
         avg:                                11917.56
         max:                                12007.52
         95th percentile:                        0.00
         sum:                               286021.43

Threads fairness:
    events (avg/stddev):           3.0000/0.00
    execution time (avg/stddev):   35.7527/0.00

