sysbench 1.0.20 (using system LuaJIT 2.1.0-beta3)

Running the test with following options:
Number of threads: 1
Report intermediate results every 1 second(s)
Initializing random number generator from current time


Initializing worker threads...

Threads started!

[ 1s ] thds: 1 tps: 3890.16 qps: 3890.16 (r/w/o: 3890.16/0.00/0.00) lat (ms,95%): 0.28 err/s: 0.00 reconn/s: 0.00
[ 2s ] thds: 1 tps: 3924.18 qps: 3924.18 (r/w/o: 3924.18/0.00/0.00) lat (ms,95%): 0.28 err/s: 0.00 reconn/s: 0.00
[ 3s ] thds: 1 tps: 3942.83 qps: 3942.83 (r/w/o: 3942.83/0.00/0.00) lat (ms,95%): 0.28 err/s: 0.00 reconn/s: 0.00
[ 4s ] thds: 1 tps: 3968.84 qps: 3968.84 (r/w/o: 3968.84/0.00/0.00) lat (ms,95%): 0.28 err/s: 0.00 reconn/s: 0.00
[ 5s ] thds: 1 tps: 3854.93 qps: 3854.93 (r/w/o: 3854.93/0.00/0.00) lat (ms,95%): 0.29 err/s: 0.00 reconn/s: 0.00
[ 6s ] thds: 1 tps: 3887.23 qps: 3887.23 (r/w/o: 3887.23/0.00/0.00) lat (ms,95%): 0.29 err/s: 0.00 reconn/s: 0.00
[ 7s ] thds: 1 tps: 3888.00 qps: 3888.00 (r/w/o: 3888.00/0.00/0.00) lat (ms,95%): 0.29 err/s: 0.00 reconn/s: 0.00
[ 8s ] thds: 1 tps: 3832.86 qps: 3832.86 (r/w/o: 3832.86/0.00/0.00) lat (ms,95%): 0.30 err/s: 0.00 reconn/s: 0.00
SQL statistics:
    queries performed:
        read:                            31192
        write:                           0
        other:                           0
        total:                           31192
    transactions:                        31192  (3898.48 per sec.)
    queries:                             31192  (3898.48 per sec.)
    ignored errors:                      0      (0.00 per sec.)
    reconnects:                          0      (0.00 per sec.)

General statistics:
    total time:                          8.0007s
    total number of events:              31192

Latency (ms):
         min:                                    0.22
         avg:                                    0.26
         max:                                    8.06
         95th percentile:                        0.29
         sum:                                 7972.13

Threads fairness:
    events (avg/stddev):           31192.0000/0.00
    execution time (avg/stddev):   7.9721/0.00

