sysbench 1.0.20 (using system LuaJIT 2.1.0-beta3)

Running the test with following options:
Number of threads: 4
Report intermediate results every 2 second(s)
Initializing random number generator from current time


Initializing worker threads...

Threads started!

[ 2s ] thds: 4 tps: 3255.90 qps: 3255.90 (r/w/o: 3255.90/0.00/0.00) lat (ms,95%): 1.52 err/s: 0.00 reconn/s: 0.00
[ 4s ] thds: 4 tps: 3293.05 qps: 3293.05 (r/w/o: 3293.05/0.00/0.00) lat (ms,95%): 1.52 err/s: 0.00 reconn/s: 0.00
[ 6s ] thds: 4 tps: 3284.93 qps: 3284.93 (r/w/o: 3284.93/0.00/0.00) lat (ms,95%): 1.50 err/s: 0.00 reconn/s: 0.00
[ 8s ] thds: 4 tps: 3286.57 qps: 3286.57 (r/w/o: 3286.57/0.00/0.00) lat (ms,95%): 1.50 err/s: 0.00 reconn/s: 0.00
[ 10s ] thds: 4 tps: 3287.95 qps: 3287.95 (r/w/o: 3287.95/0.00/0.00) lat (ms,95%): 1.47 err/s: 0.00 reconn/s: 0.00
[ 12s ] thds: 4 tps: 3289.11 qps: 3289.11 (r/w/o: 3289.11/0.00/0.00) lat (ms,95%): 1.47 err/s: 0.00 reconn/s: 0.00
[ 14s ] thds: 4 tps: 3263.47 qps: 3263.47 (r/w/o: 3263.47/0.00/0.00) lat (ms,95%): 1.47 err/s: 0.00 reconn/s: 0.00
[ 16s ] thds: 4 tps: 3251.44 qps: 3251.44 (r/w/o: 3251.44/0.00/0.00) lat (ms,95%): 1.52 err/s: 0.00 reconn/s: 0.00
[ 18s ] thds: 4 tps: 3285.49 qps: 3285.49 (r/w/o: 3285.49/0.00/0.00) lat (ms,95%): 1.50 err/s: 0.00 reconn/s: 0.00
SQL statistics:
    queries performed:
        read:                            59002
        write:                           0
        other:                           0
        total:                           59002
    transactions:                        59002  (3277.49 per sec.)
    queries:                             59002  (3277.49 per sec.)
    ignored errors:                      0      (0.00 per sec.)
    reconnects:                          0      (0.00 per sec.)

General statistics:
    total time:                          18.0018s
    total number of events:              59002

Latency (ms):
         min:                                    0.65
         avg:                                    1.22
         max:                                   26.22
         95th percentile:                        1.50
         sum:                                71923.68

Threads fairness:
    events (avg/stddev):           14750.5000/63.79
    execution time (avg/stddev):   17.9809/0.00

