sysbench 1.0.20 (using system LuaJIT 2.1.0-beta3)

Running the test with following options:
Number of threads: 4
Report intermediate results every 2 second(s)
Initializing random number generator from current time


Initializing worker threads...

Threads started!

[ 2s ] thds: 4 tps: 3106.42 qps: 3106.42 (r/w/o: 3106.42/0.00/0.00) lat (ms,95%): 1.58 err/s: 0.00 reconn/s: 0.00
[ 4s ] thds: 4 tps: 3089.02 qps: 3089.02 (r/w/o: 3089.02/0.00/0.00) lat (ms,95%): 1.73 err/s: 0.00 reconn/s: 0.00
[ 6s ] thds: 4 tps: 3187.05 qps: 3187.05 (r/w/o: 3187.05/0.00/0.00) lat (ms,95%): 1.55 err/s: 0.00 reconn/s: 0.00
[ 8s ] thds: 4 tps: 3179.41 qps: 3179.41 (r/w/o: 3179.41/0.00/0.00) lat (ms,95%): 1.58 err/s: 0.00 reconn/s: 0.00
[ 10s ] thds: 4 tps: 3183.50 qps: 3183.50 (r/w/o: 3183.50/0.00/0.00) lat (ms,95%): 1.55 err/s: 0.00 reconn/s: 0.00
[ 12s ] thds: 4 tps: 3184.52 qps: 3184.52 (r/w/o: 3184.52/0.00/0.00) lat (ms,95%): 1.52 err/s: 0.00 reconn/s: 0.00
[ 14s ] thds: 4 tps: 3171.52 qps: 3171.52 (r/w/o: 3171.52/0.00/0.00) lat (ms,95%): 1.52 err/s: 0.00 reconn/s: 0.00
[ 16s ] thds: 4 tps: 3197.59 qps: 3197.59 (r/w/o: 3197.59/0.00/0.00) lat (ms,95%): 1.52 err/s: 0.00 reconn/s: 0.00
[ 18s ] thds: 4 tps: 3189.41 qps: 3189.41 (r/w/o: 3189.41/0.00/0.00) lat (ms,95%): 1.52 err/s: 0.00 reconn/s: 0.00
SQL statistics:
    queries performed:
        read:                            56983
        write:                           0
        other:                           0
        total:                           56983
    transactions:                        56983  (3165.33 per sec.)
    queries:                             56983  (3165.33 per sec.)
    ignored errors:                      0      (0.00 per sec.)
    reconnects:                          0      (0.00 per sec.)

General statistics:
    total time:                          18.0019s
    total number of events:              56983

Latency (ms):
         min:                                    0.66
         avg:                                    1.26
         max:                                   20.52
         95th percentile:                        1.55
         sum:                                71927.81

Threads fairness:
    events (avg/stddev):           14245.7500/76.39
    execution time (avg/stddev):   17.9820/0.00

