sysbench 1.0.20 (using system LuaJIT 2.1.0-beta3)

Running the test with following options:
Number of threads: 4
Report intermediate results every 2 second(s)
Initializing random number generator from current time


Initializing worker threads...

Threads started!

[ 2s ] thds: 4 tps: 0.00 qps: 4707.45 (r/w/o: 0.00/1177.36/3530.09) lat (ms,95%): 0.00 err/s: 0.00 reconn/s: 0.00
[ 4s ] thds: 4 tps: 2.00 qps: 5286.93 (r/w/o: 0.00/1320.86/3966.07) lat (ms,95%): 2493.86 err/s: 0.00 reconn/s: 0.00
[ 6s ] thds: 4 tps: 2.00 qps: 5472.43 (r/w/o: 0.00/1366.98/4105.45) lat (ms,95%): 2198.52 err/s: 0.00 reconn/s: 0.00
[ 8s ] thds: 4 tps: 2.00 qps: 5311.56 (r/w/o: 0.00/1327.02/3984.55) lat (ms,95%): 2198.52 err/s: 0.00 reconn/s: 0.00
[ 10s ] thds: 4 tps: 2.00 qps: 4806.68 (r/w/o: 0.00/1200.55/3606.14) lat (ms,95%): 2449.36 err/s: 0.00 reconn/s: 0.00
[ 12s ] thds: 4 tps: 2.00 qps: 4784.84 (r/w/o: 0.00/1195.46/3589.38) lat (ms,95%): 2493.86 err/s: 0.00 reconn/s: 0.00
[ 14s ] thds: 4 tps: 0.00 qps: 4962.96 (r/w/o: 0.00/1240.49/3722.47) lat (ms,95%): 0.00 err/s: 0.00 reconn/s: 0.00
[ 16s ] thds: 4 tps: 2.00 qps: 4616.16 (r/w/o: 0.00/1153.04/3463.12) lat (ms,95%): 2449.36 err/s: 0.00 reconn/s: 0.00
[ 18s ] thds: 4 tps: 2.00 qps: 4285.89 (r/w/o: 0.00/1070.47/3215.42) lat (ms,95%): 2680.11 err/s: 0.00 reconn/s: 0.00
SQL statistics:
    queries performed:
        read:                            0
        write:                           24011
        other:                           72085
        total:                           96096
    transactions:                        32     (1.62 per sec.)
    queries:                             96096  (4878.23 per sec.)
    ignored errors:                      0      (0.00 per sec.)
    reconnects:                          0      (0.00 per sec.)

General statistics:
    total time:                          19.6986s
    total number of events:              32

Latency (ms):
         min:                                 2198.84
         avg:                                 2462.20
         max:                                 2724.17
         95th percentile:                     2728.81
         sum:                                78790.26

Threads fairness:
    events (avg/stddev):           8.0000/0.00
    execution time (avg/stddev):   19.6976/0.00

