sysbench 1.0.20 (using system LuaJIT 2.1.0-beta3)

Running the test with following options:
Number of threads: 4
Report intermediate results every 2 second(s)
Initializing random number generator from current time


Initializing worker threads...

Threads started!

[ 2s ] thds: 4 tps: 2815.14 qps: 2815.14 (r/w/o: 2815.14/0.00/0.00) lat (ms,95%): 1.79 err/s: 0.00 reconn/s: 0.00
[ 4s ] thds: 4 tps: 2858.93 qps: 2858.93 (r/w/o: 2858.93/0.00/0.00) lat (ms,95%): 1.79 err/s: 0.00 reconn/s: 0.00
[ 6s ] thds: 4 tps: 2851.06 qps: 2851.06 (r/w/o: 2851.06/0.00/0.00) lat (ms,95%): 1.82 err/s: 0.00 reconn/s: 0.00
[ 8s ] thds: 4 tps: 2855.97 qps: 2855.97 (r/w/o: 2855.97/0.00/0.00) lat (ms,95%): 1.82 err/s: 0.00 reconn/s: 0.00
[ 10s ] thds: 4 tps: 2854.50 qps: 2854.50 (r/w/o: 2854.50/0.00/0.00) lat (ms,95%): 1.86 err/s: 0.00 reconn/s: 0.00
[ 12s ] thds: 4 tps: 2860.97 qps: 2860.97 (r/w/o: 2860.97/0.00/0.00) lat (ms,95%): 1.79 err/s: 0.00 reconn/s: 0.00
[ 14s ] thds: 4 tps: 2858.04 qps: 2858.04 (r/w/o: 2858.04/0.00/0.00) lat (ms,95%): 1.79 err/s: 0.00 reconn/s: 0.00
[ 16s ] thds: 4 tps: 2855.46 qps: 2855.46 (r/w/o: 2855.46/0.00/0.00) lat (ms,95%): 1.82 err/s: 0.00 reconn/s: 0.00
[ 18s ] thds: 4 tps: 2800.46 qps: 2800.46 (r/w/o: 2800.46/0.00/0.00) lat (ms,95%): 1.89 err/s: 0.00 reconn/s: 0.00
SQL statistics:
    queries performed:
        read:                            51227
        write:                           0
        other:                           0
        total:                           51227
    transactions:                        51227  (2845.55 per sec.)
    queries:                             51227  (2845.55 per sec.)
    ignored errors:                      0      (0.00 per sec.)
    reconnects:                          0      (0.00 per sec.)

General statistics:
    total time:                          18.0021s
    total number of events:              51227

Latency (ms):
         min:                                    0.71
         avg:                                    1.40
         max:                                   20.76
         95th percentile:                        1.82
         sum:                                71933.40

Threads fairness:
    events (avg/stddev):           12806.7500/33.84
    execution time (avg/stddev):   17.9834/0.00

