sysbench 1.0.20 (using system LuaJIT 2.1.0-beta3)

Running the test with following options:
Number of threads: 4
Report intermediate results every 2 second(s)
Initializing random number generator from current time


Initializing worker threads...

Threads started!

[ 2s ] thds: 4 tps: 4.00 qps: 4683.48 (r/w/o: 0.00/1168.37/3515.11) lat (ms,95%): 861.95 err/s: 0.00 reconn/s: 0.00
[ 4s ] thds: 4 tps: 4.00 qps: 4705.17 (r/w/o: 0.00/1174.29/3530.88) lat (ms,95%): 846.57 err/s: 0.00 reconn/s: 0.00
[ 6s ] thds: 4 tps: 6.00 qps: 4896.05 (r/w/o: 0.00/1221.01/3675.04) lat (ms,95%): 877.61 err/s: 0.00 reconn/s: 0.00
[ 8s ] thds: 4 tps: 4.00 qps: 4490.19 (r/w/o: 0.00/1120.55/3369.64) lat (ms,95%): 893.56 err/s: 0.00 reconn/s: 0.00
[ 10s ] thds: 4 tps: 4.00 qps: 4535.82 (r/w/o: 0.00/1131.96/3403.87) lat (ms,95%): 960.30 err/s: 0.00 reconn/s: 0.00
[ 12s ] thds: 4 tps: 6.00 qps: 4782.16 (r/w/o: 0.00/1192.54/3589.62) lat (ms,95%): 861.95 err/s: 0.00 reconn/s: 0.00
[ 14s ] thds: 4 tps: 4.00 qps: 4546.03 (r/w/o: 0.00/1134.51/3411.52) lat (ms,95%): 877.61 err/s: 0.00 reconn/s: 0.00
[ 16s ] thds: 4 tps: 4.00 qps: 4439.86 (r/w/o: 0.00/1107.97/3331.89) lat (ms,95%): 943.16 err/s: 0.00 reconn/s: 0.00
[ 18s ] thds: 4 tps: 4.00 qps: 4725.90 (r/w/o: 0.00/1179.47/3546.42) lat (ms,95%): 861.95 err/s: 0.00 reconn/s: 0.00
SQL statistics:
    queries performed:
        read:                            0
        write:                           21022
        other:                           63230
        total:                           84252
    transactions:                        84     (4.63 per sec.)
    queries:                             84252  (4641.27 per sec.)
    ignored errors:                      0      (0.00 per sec.)
    reconnects:                          0      (0.00 per sec.)

General statistics:
    total time:                          18.1524s
    total number of events:              84

Latency (ms):
         min:                                  805.76
         avg:                                  864.35
         max:                                  962.44
         95th percentile:                      943.16
         sum:                                72605.82

Threads fairness:
    events (avg/stddev):           21.0000/0.00
    execution time (avg/stddev):   18.1515/0.00

