sysbench 1.0.20 (using system LuaJIT 2.1.0-beta3)

Running the test with following options:
Number of threads: 4
Report intermediate results every 2 second(s)
Initializing random number generator from current time


Initializing worker threads...

Threads started!

[ 2s ] thds: 4 tps: 11745.95 qps: 11745.95 (r/w/o: 11745.95/0.00/0.00) lat (ms,95%): 0.51 err/s: 0.00 reconn/s: 0.00
[ 4s ] thds: 4 tps: 11743.10 qps: 11743.10 (r/w/o: 11743.10/0.00/0.00) lat (ms,95%): 0.50 err/s: 0.00 reconn/s: 0.00
[ 6s ] thds: 4 tps: 11475.35 qps: 11475.35 (r/w/o: 11475.35/0.00/0.00) lat (ms,95%): 0.54 err/s: 0.00 reconn/s: 0.00
[ 8s ] thds: 4 tps: 11924.75 qps: 11924.75 (r/w/o: 11924.75/0.00/0.00) lat (ms,95%): 0.49 err/s: 0.00 reconn/s: 0.00
[ 10s ] thds: 4 tps: 12068.66 qps: 12068.66 (r/w/o: 12068.66/0.00/0.00) lat (ms,95%): 0.48 err/s: 0.00 reconn/s: 0.00
[ 12s ] thds: 4 tps: 11964.45 qps: 11964.45 (r/w/o: 11964.45/0.00/0.00) lat (ms,95%): 0.50 err/s: 0.00 reconn/s: 0.00
[ 14s ] thds: 4 tps: 11944.25 qps: 11944.25 (r/w/o: 11944.25/0.00/0.00) lat (ms,95%): 0.49 err/s: 0.00 reconn/s: 0.00
[ 16s ] thds: 4 tps: 11943.29 qps: 11943.29 (r/w/o: 11943.29/0.00/0.00) lat (ms,95%): 0.50 err/s: 0.00 reconn/s: 0.00
[ 18s ] thds: 4 tps: 12108.80 qps: 12108.80 (r/w/o: 12108.80/0.00/0.00) lat (ms,95%): 0.47 err/s: 0.00 reconn/s: 0.00
SQL statistics:
    queries performed:
        read:                            213848
        write:                           0
        other:                           0
        total:                           213848
    transactions:                        213848 (11879.44 per sec.)
    queries:                             213848 (11879.44 per sec.)
    ignored errors:                      0      (0.00 per sec.)
    reconnects:                          0      (0.00 per sec.)

General statistics:
    total time:                          18.0012s
    total number of events:              213848

Latency (ms):
         min:                                    0.18
         avg:                                    0.34
         max:                                   18.29
         95th percentile:                        0.50
         sum:                                71763.24

Threads fairness:
    events (avg/stddev):           53462.0000/254.86
    execution time (avg/stddev):   17.9408/0.00

