sysbench 1.0.20 (using system LuaJIT 2.1.0-beta3)

Running the test with following options:
Number of threads: 4
Report intermediate results every 2 second(s)
Initializing random number generator from current time


Initializing worker threads...

Threads started!

[ 2s ] thds: 4 tps: 52.98 qps: 3242.00 (r/w/o: 0.00/959.06/2282.94) lat (ms,95%): 121.08 err/s: 49.98 reconn/s: 0.00
[ 4s ] thds: 4 tps: 48.51 qps: 2972.01 (r/w/o: 0.00/899.15/2072.85) lat (ms,95%): 123.28 err/s: 54.51 reconn/s: 0.00
[ 6s ] thds: 4 tps: 46.00 qps: 2866.13 (r/w/o: 0.00/927.04/1939.09) lat (ms,95%): 142.39 err/s: 47.50 reconn/s: 0.00
[ 8s ] thds: 4 tps: 50.50 qps: 3007.00 (r/w/o: 0.00/869.50/2137.50) lat (ms,95%): 127.81 err/s: 51.50 reconn/s: 0.00
[ 10s ] thds: 4 tps: 45.00 qps: 2850.00 (r/w/o: 0.00/953.50/1896.50) lat (ms,95%): 125.52 err/s: 51.50 reconn/s: 0.00
[ 12s ] thds: 4 tps: 50.00 qps: 3020.87 (r/w/o: 0.00/938.96/2081.91) lat (ms,95%): 127.81 err/s: 57.00 reconn/s: 0.00
[ 14s ] thds: 4 tps: 47.00 qps: 2981.59 (r/w/o: 0.00/939.03/2042.56) lat (ms,95%): 130.13 err/s: 60.50 reconn/s: 0.00
[ 16s ] thds: 4 tps: 46.50 qps: 2715.94 (r/w/o: 0.00/779.98/1935.95) lat (ms,95%): 97.55 err/s: 51.00 reconn/s: 0.00
[ 18s ] thds: 4 tps: 46.00 qps: 2682.02 (r/w/o: 0.00/802.01/1880.01) lat (ms,95%): 101.13 err/s: 45.50 reconn/s: 0.00
SQL statistics:
    queries performed:
        read:                            0
        write:                           16186
        other:                           36622
        total:                           52808
    transactions:                        869    (48.17 per sec.)
    queries:                             52808  (2927.49 per sec.)
    ignored errors:                      938    (52.00 per sec.)
    reconnects:                          0      (0.00 per sec.)

General statistics:
    total time:                          18.0382s
    total number of events:              869

Latency (ms):
         min:                                   37.57
         avg:                                   83.02
         max:                                  223.48
         95th percentile:                      127.81
         sum:                                72145.94

Threads fairness:
    events (avg/stddev):           217.2500/3.19
    execution time (avg/stddev):   18.0365/0.00

