sysbench 1.0.20 (using system LuaJIT 2.1.0-beta3)

Running the test with following options:
Number of threads: 4
Report intermediate results every 2 second(s)
Initializing random number generator from current time


Initializing worker threads...

Threads started!

[ 2s ] thds: 4 tps: 1616.80 qps: 4853.41 (r/w/o: 4853.41/0.00/0.00) lat (ms,95%): 3.25 err/s: 0.00 reconn/s: 0.00
[ 4s ] thds: 4 tps: 1660.78 qps: 4981.34 (r/w/o: 4981.34/0.00/0.00) lat (ms,95%): 3.13 err/s: 0.00 reconn/s: 0.00
[ 6s ] thds: 4 tps: 1653.98 qps: 4961.94 (r/w/o: 4961.94/0.00/0.00) lat (ms,95%): 3.13 err/s: 0.00 reconn/s: 0.00
[ 8s ] thds: 4 tps: 1653.49 qps: 4960.48 (r/w/o: 4960.48/0.00/0.00) lat (ms,95%): 3.25 err/s: 0.00 reconn/s: 0.00
[ 10s ] thds: 4 tps: 1654.49 qps: 4963.47 (r/w/o: 4963.47/0.00/0.00) lat (ms,95%): 3.19 err/s: 0.00 reconn/s: 0.00
[ 12s ] thds: 4 tps: 1663.52 qps: 4990.07 (r/w/o: 4990.07/0.00/0.00) lat (ms,95%): 3.02 err/s: 0.00 reconn/s: 0.00
[ 14s ] thds: 4 tps: 1661.48 qps: 4983.94 (r/w/o: 4983.94/0.00/0.00) lat (ms,95%): 3.07 err/s: 0.00 reconn/s: 0.00
[ 16s ] thds: 4 tps: 1662.55 qps: 4987.15 (r/w/o: 4987.15/0.00/0.00) lat (ms,95%): 3.13 err/s: 0.00 reconn/s: 0.00
[ 18s ] thds: 4 tps: 1649.46 qps: 4949.87 (r/w/o: 4949.87/0.00/0.00) lat (ms,95%): 3.13 err/s: 0.00 reconn/s: 0.00
SQL statistics:
    queries performed:
        read:                            89274
        write:                           0
        other:                           0
        total:                           89274
    transactions:                        29758  (1653.00 per sec.)
    queries:                             89274  (4959.00 per sec.)
    ignored errors:                      0      (0.00 per sec.)
    reconnects:                          0      (0.00 per sec.)

General statistics:
    total time:                          18.0021s
    total number of events:              29758

Latency (ms):
         min:                                    1.35
         avg:                                    2.42
         max:                                   21.10
         95th percentile:                        3.13
         sum:                                71965.30

Threads fairness:
    events (avg/stddev):           7439.5000/69.83
    execution time (avg/stddev):   17.9913/0.00

