sysbench 1.0.20 (using system LuaJIT 2.1.0-beta3)

Running the test with following options:
Number of threads: 1
Report intermediate results every 1 second(s)
Initializing random number generator from current time


Initializing worker threads...

Threads started!

[ 1s ] thds: 1 tps: 4457.22 qps: 4457.22 (r/w/o: 4457.22/0.00/0.00) lat (ms,95%): 0.25 err/s: 0.00 reconn/s: 0.00
[ 2s ] thds: 1 tps: 4605.53 qps: 4605.53 (r/w/o: 4605.53/0.00/0.00) lat (ms,95%): 0.24 err/s: 0.00 reconn/s: 0.00
[ 3s ] thds: 1 tps: 4533.77 qps: 4533.77 (r/w/o: 4533.77/0.00/0.00) lat (ms,95%): 0.25 err/s: 0.00 reconn/s: 0.00
[ 4s ] thds: 1 tps: 4486.24 qps: 4486.24 (r/w/o: 4486.24/0.00/0.00) lat (ms,95%): 0.25 err/s: 0.00 reconn/s: 0.00
[ 5s ] thds: 1 tps: 4539.13 qps: 4539.13 (r/w/o: 4539.13/0.00/0.00) lat (ms,95%): 0.24 err/s: 0.00 reconn/s: 0.00
[ 6s ] thds: 1 tps: 4575.81 qps: 4575.81 (r/w/o: 4575.81/0.00/0.00) lat (ms,95%): 0.24 err/s: 0.00 reconn/s: 0.00
[ 7s ] thds: 1 tps: 4587.18 qps: 4587.18 (r/w/o: 4587.18/0.00/0.00) lat (ms,95%): 0.24 err/s: 0.00 reconn/s: 0.00
SQL statistics:
    queries performed:
        read:                            36272
        write:                           0
        other:                           0
        total:                           36272
    transactions:                        36272  (4533.40 per sec.)
    queries:                             36272  (4533.40 per sec.)
    ignored errors:                      0      (0.00 per sec.)
    reconnects:                          0      (0.00 per sec.)

General statistics:
    total time:                          8.0007s
    total number of events:              36272

Latency (ms):
         min:                                    0.19
         avg:                                    0.22
         max:                                    8.30
         95th percentile:                        0.25
         sum:                                 7964.06

Threads fairness:
    events (avg/stddev):           36272.0000/0.00
    execution time (avg/stddev):   7.9641/0.00

