sysbench 1.0.20 (using system LuaJIT 2.1.0-beta3)

Running the test with following options:
Number of threads: 1
Report intermediate results every 1 second(s)
Initializing random number generator from current time


Initializing worker threads...

Threads started!

[ 1s ] thds: 1 tps: 984.26 qps: 2952.78 (r/w/o: 2952.78/0.00/0.00) lat (ms,95%): 1.23 err/s: 0.00 reconn/s: 0.00
[ 2s ] thds: 1 tps: 1010.21 qps: 3031.63 (r/w/o: 3031.63/0.00/0.00) lat (ms,95%): 1.06 err/s: 0.00 reconn/s: 0.00
[ 3s ] thds: 1 tps: 1001.06 qps: 3002.17 (r/w/o: 3002.17/0.00/0.00) lat (ms,95%): 1.08 err/s: 0.00 reconn/s: 0.00
[ 4s ] thds: 1 tps: 1007.02 qps: 3023.06 (r/w/o: 3023.06/0.00/0.00) lat (ms,95%): 1.06 err/s: 0.00 reconn/s: 0.00
[ 5s ] thds: 1 tps: 1016.99 qps: 3049.98 (r/w/o: 3049.98/0.00/0.00) lat (ms,95%): 1.06 err/s: 0.00 reconn/s: 0.00
[ 6s ] thds: 1 tps: 1014.01 qps: 3041.03 (r/w/o: 3041.03/0.00/0.00) lat (ms,95%): 1.06 err/s: 0.00 reconn/s: 0.00
[ 7s ] thds: 1 tps: 1013.99 qps: 3041.98 (r/w/o: 3041.98/0.00/0.00) lat (ms,95%): 1.06 err/s: 0.00 reconn/s: 0.00
[ 8s ] thds: 1 tps: 1022.96 qps: 3069.87 (r/w/o: 3069.87/0.00/0.00) lat (ms,95%): 1.04 err/s: 0.00 reconn/s: 0.00
SQL statistics:
    queries performed:
        read:                            24216
        write:                           0
        other:                           0
        total:                           24216
    transactions:                        8072   (1008.79 per sec.)
    queries:                             24216  (3026.38 per sec.)
    ignored errors:                      0      (0.00 per sec.)
    reconnects:                          0      (0.00 per sec.)

General statistics:
    total time:                          8.0013s
    total number of events:              8072

Latency (ms):
         min:                                    0.90
         avg:                                    0.99
         max:                                    8.57
         95th percentile:                        1.06
         sum:                                 7992.40

Threads fairness:
    events (avg/stddev):           8072.0000/0.00
    execution time (avg/stddev):   7.9924/0.00

