sysbench 1.0.20 (using system LuaJIT 2.1.0-beta3)

Running the test with following options:
Number of threads: 1
Report intermediate results every 1 second(s)
Initializing random number generator from current time


Initializing worker threads...

Threads started!

[ 1s ] thds: 1 tps: 4.00 qps: 1083.05 (r/w/o: 0.00/1072.06/10.99) lat (ms,95%): 248.83 err/s: 0.00 reconn/s: 0.00
[ 2s ] thds: 1 tps: 4.00 qps: 1063.48 (r/w/o: 0.00/1055.48/8.00) lat (ms,95%): 248.83 err/s: 0.00 reconn/s: 0.00
[ 3s ] thds: 1 tps: 4.00 qps: 1048.96 (r/w/o: 0.00/1040.96/8.00) lat (ms,95%): 248.83 err/s: 0.00 reconn/s: 0.00
[ 4s ] thds: 1 tps: 4.00 qps: 1085.98 (r/w/o: 0.00/1077.98/8.00) lat (ms,95%): 253.35 err/s: 0.00 reconn/s: 0.00
[ 5s ] thds: 1 tps: 4.00 qps: 1039.94 (r/w/o: 0.00/1031.94/8.00) lat (ms,95%): 267.41 err/s: 0.00 reconn/s: 0.00
[ 6s ] thds: 1 tps: 4.00 qps: 975.99 (r/w/o: 0.00/967.99/8.00) lat (ms,95%): 282.25 err/s: 0.00 reconn/s: 0.00
[ 7s ] thds: 1 tps: 4.00 qps: 1001.02 (r/w/o: 0.00/993.02/8.00) lat (ms,95%): 267.41 err/s: 0.00 reconn/s: 0.00
[ 8s ] thds: 1 tps: 4.00 qps: 1061.02 (r/w/o: 0.00/1053.02/8.00) lat (ms,95%): 248.83 err/s: 0.00 reconn/s: 0.00
SQL statistics:
    queries performed:
        read:                            0
        write:                           8414
        other:                           67
        total:                           8481
    transactions:                        33     (4.06 per sec.)
    queries:                             8481   (1044.32 per sec.)
    ignored errors:                      0      (0.00 per sec.)
    reconnects:                          0      (0.00 per sec.)

General statistics:
    total time:                          8.1207s
    total number of events:              33

Latency (ms):
         min:                                  223.69
         avg:                                  246.06
         max:                                  281.10
         95th percentile:                      267.41
         sum:                                 8120.01

Threads fairness:
    events (avg/stddev):           33.0000/0.00
    execution time (avg/stddev):   8.1200/0.00

