sysbench 1.0.20 (using system LuaJIT 2.1.0-beta3)

Running the test with following options:
Number of threads: 4
Report intermediate results every 2 second(s)
Initializing random number generator from current time


Initializing worker threads...

Threads started!

[ 2s ] thds: 4 tps: 0.00 qps: 3438.29 (r/w/o: 0.00/857.57/2580.71) lat (ms,95%): 0.00 err/s: 0.00 reconn/s: 0.00
[ 4s ] thds: 4 tps: 0.00 qps: 3516.85 (r/w/o: 0.00/879.21/2637.64) lat (ms,95%): 0.00 err/s: 0.00 reconn/s: 0.00
[ 6s ] thds: 4 tps: 0.00 qps: 3381.94 (r/w/o: 0.00/845.48/2536.45) lat (ms,95%): 0.00 err/s: 0.00 reconn/s: 0.00
[ 8s ] thds: 4 tps: 0.00 qps: 3372.06 (r/w/o: 0.00/843.02/2529.05) lat (ms,95%): 0.00 err/s: 0.00 reconn/s: 0.00
[ 10s ] thds: 4 tps: 0.00 qps: 3312.97 (r/w/o: 0.00/827.99/2484.98) lat (ms,95%): 0.00 err/s: 0.00 reconn/s: 0.00
[ 12s ] thds: 4 tps: 0.00 qps: 3294.44 (r/w/o: 0.00/823.99/2470.46) lat (ms,95%): 0.00 err/s: 0.00 reconn/s: 0.00
[ 14s ] thds: 4 tps: 0.00 qps: 3312.64 (r/w/o: 0.00/828.04/2484.61) lat (ms,95%): 0.00 err/s: 0.00 reconn/s: 0.00
[ 16s ] thds: 4 tps: 0.00 qps: 3447.35 (r/w/o: 0.00/861.96/2585.39) lat (ms,95%): 0.00 err/s: 0.00 reconn/s: 0.00
[ 18s ] thds: 4 tps: 0.00 qps: 3516.53 (r/w/o: 0.00/879.01/2637.53) lat (ms,95%): 0.00 err/s: 0.00 reconn/s: 0.00
[ 20s ] thds: 4 tps: 0.00 qps: 3512.50 (r/w/o: 0.00/878.50/2634.00) lat (ms,95%): 0.00 err/s: 0.00 reconn/s: 0.00
[ 22s ] thds: 4 tps: 0.00 qps: 3445.48 (r/w/o: 0.00/861.00/2584.49) lat (ms,95%): 0.00 err/s: 0.00 reconn/s: 0.00
[ 24s ] thds: 4 tps: 0.00 qps: 3433.96 (r/w/o: 0.00/858.49/2575.47) lat (ms,95%): 0.00 err/s: 0.00 reconn/s: 0.00
SQL statistics:
    queries performed:
        read:                            0
        write:                           22000
        other:                           66016
        total:                           88016
    transactions:                        4      (0.16 per sec.)
    queries:                             88016  (3411.15 per sec.)
    ignored errors:                      0      (0.00 per sec.)
    reconnects:                          0      (0.00 per sec.)

General statistics:
    total time:                          25.8020s
    total number of events:              4

Latency (ms):
         min:                                25800.97
         avg:                                25801.13
         max:                                25801.40
         95th percentile:                    25911.33
         sum:                               103204.53

Threads fairness:
    events (avg/stddev):           1.0000/0.00
    execution time (avg/stddev):   25.8011/0.00

