sysbench 1.0.20 (using system LuaJIT 2.1.0-beta3)

Running the test with following options:
Number of threads: 1
Report intermediate results every 1 second(s)
Initializing random number generator from current time


Initializing worker threads...

Threads started!

[ 1s ] thds: 1 tps: 18.98 qps: 1020.07 (r/w/o: 0.00/979.11/40.96) lat (ms,95%): 55.82 err/s: 0.00 reconn/s: 0.00
[ 2s ] thds: 1 tps: 20.01 qps: 1015.46 (r/w/o: 0.00/975.44/40.02) lat (ms,95%): 58.92 err/s: 0.00 reconn/s: 0.00
[ 3s ] thds: 1 tps: 18.00 qps: 966.01 (r/w/o: 0.00/930.01/36.00) lat (ms,95%): 63.32 err/s: 0.00 reconn/s: 0.00
[ 4s ] thds: 1 tps: 19.00 qps: 952.07 (r/w/o: 0.00/915.07/37.00) lat (ms,95%): 62.19 err/s: 0.00 reconn/s: 0.00
[ 5s ] thds: 1 tps: 19.00 qps: 1030.96 (r/w/o: 0.00/991.96/39.00) lat (ms,95%): 57.87 err/s: 0.00 reconn/s: 0.00
[ 6s ] thds: 1 tps: 20.00 qps: 1034.92 (r/w/o: 0.00/994.93/40.00) lat (ms,95%): 54.83 err/s: 0.00 reconn/s: 0.00
[ 7s ] thds: 1 tps: 20.00 qps: 1049.03 (r/w/o: 0.00/1009.03/40.00) lat (ms,95%): 55.82 err/s: 0.00 reconn/s: 0.00
[ 8s ] thds: 1 tps: 24.00 qps: 1228.96 (r/w/o: 0.00/1180.96/48.00) lat (ms,95%): 46.63 err/s: 0.00 reconn/s: 0.00
SQL statistics:
    queries performed:
        read:                            0
        write:                           7999
        other:                           321
        total:                           8320
    transactions:                        160    (19.95 per sec.)
    queries:                             8320   (1037.34 per sec.)
    ignored errors:                      0      (0.00 per sec.)
    reconnects:                          0      (0.00 per sec.)

General statistics:
    total time:                          8.0202s
    total number of events:              160

Latency (ms):
         min:                                   39.69
         avg:                                   50.12
         max:                                   94.67
         95th percentile:                       61.08
         sum:                                 8019.22

Threads fairness:
    events (avg/stddev):           160.0000/0.00
    execution time (avg/stddev):   8.0192/0.00

