sysbench 1.0.20 (using system LuaJIT 2.1.0-beta3)

Running the test with following options:
Number of threads: 4
Report intermediate results every 2 second(s)
Initializing random number generator from current time


Initializing worker threads...

Threads started!

[ 2s ] thds: 4 tps: 11304.98 qps: 11304.98 (r/w/o: 11304.98/0.00/0.00) lat (ms,95%): 0.52 err/s: 0.00 reconn/s: 0.00
[ 4s ] thds: 4 tps: 11478.00 qps: 11478.00 (r/w/o: 11478.00/0.00/0.00) lat (ms,95%): 0.52 err/s: 0.00 reconn/s: 0.00
[ 6s ] thds: 4 tps: 11637.11 qps: 11637.11 (r/w/o: 11637.11/0.00/0.00) lat (ms,95%): 0.50 err/s: 0.00 reconn/s: 0.00
[ 8s ] thds: 4 tps: 11457.28 qps: 11457.28 (r/w/o: 11457.28/0.00/0.00) lat (ms,95%): 0.52 err/s: 0.00 reconn/s: 0.00
[ 10s ] thds: 4 tps: 11353.08 qps: 11353.08 (r/w/o: 11353.08/0.00/0.00) lat (ms,95%): 0.53 err/s: 0.00 reconn/s: 0.00
[ 12s ] thds: 4 tps: 11572.01 qps: 11572.01 (r/w/o: 11572.01/0.00/0.00) lat (ms,95%): 0.51 err/s: 0.00 reconn/s: 0.00
[ 14s ] thds: 4 tps: 11541.45 qps: 11541.45 (r/w/o: 11541.45/0.00/0.00) lat (ms,95%): 0.50 err/s: 0.00 reconn/s: 0.00
[ 16s ] thds: 4 tps: 11615.00 qps: 11615.00 (r/w/o: 11615.00/0.00/0.00) lat (ms,95%): 0.50 err/s: 0.00 reconn/s: 0.00
[ 18s ] thds: 4 tps: 11610.16 qps: 11610.16 (r/w/o: 11610.16/0.00/0.00) lat (ms,95%): 0.51 err/s: 0.00 reconn/s: 0.00
SQL statistics:
    queries performed:
        read:                            207148
        write:                           0
        other:                           0
        total:                           207148
    transactions:                        207148 (11507.15 per sec.)
    queries:                             207148 (11507.15 per sec.)
    ignored errors:                      0      (0.00 per sec.)
    reconnects:                          0      (0.00 per sec.)

General statistics:
    total time:                          18.0013s
    total number of events:              207148

Latency (ms):
         min:                                    0.19
         avg:                                    0.35
         max:                                   16.71
         95th percentile:                        0.51
         sum:                                71766.76

Threads fairness:
    events (avg/stddev):           51787.0000/203.63
    execution time (avg/stddev):   17.9417/0.00

