sysbench 1.0.20 (using system LuaJIT 2.1.0-beta3)

Running the test with following options:
Number of threads: 1
Report intermediate results every 1 second(s)
Initializing random number generator from current time


Initializing worker threads...

Threads started!

[ 1s ] thds: 1 tps: 0.00 qps: 1405.65 (r/w/o: 0.00/1402.65/3.00) lat (ms,95%): 0.00 err/s: 0.00 reconn/s: 0.00
[ 2s ] thds: 1 tps: 0.00 qps: 1403.58 (r/w/o: 0.00/1403.58/0.00) lat (ms,95%): 0.00 err/s: 0.00 reconn/s: 0.00
[ 3s ] thds: 1 tps: 1.00 qps: 1369.99 (r/w/o: 0.00/1367.99/2.00) lat (ms,95%): 2828.87 err/s: 0.00 reconn/s: 0.00
[ 4s ] thds: 1 tps: 0.00 qps: 1419.01 (r/w/o: 0.00/1419.01/0.00) lat (ms,95%): 0.00 err/s: 0.00 reconn/s: 0.00
[ 5s ] thds: 1 tps: 0.00 qps: 1424.09 (r/w/o: 0.00/1424.09/0.00) lat (ms,95%): 0.00 err/s: 0.00 reconn/s: 0.00
[ 6s ] thds: 1 tps: 1.00 qps: 1304.96 (r/w/o: 0.00/1302.96/2.00) lat (ms,95%): 2880.27 err/s: 0.00 reconn/s: 0.00
[ 7s ] thds: 1 tps: 0.00 qps: 1418.92 (r/w/o: 0.00/1418.92/0.00) lat (ms,95%): 0.00 err/s: 0.00 reconn/s: 0.00
[ 8s ] thds: 1 tps: 0.00 qps: 1415.11 (r/w/o: 0.00/1415.11/0.00) lat (ms,95%): 0.00 err/s: 0.00 reconn/s: 0.00
SQL statistics:
    queries performed:
        read:                            0
        write:                           12002
        other:                           7
        total:                           12009
    transactions:                        3      (0.35 per sec.)
    queries:                             12009  (1395.43 per sec.)
    ignored errors:                      0      (0.00 per sec.)
    reconnects:                          0      (0.00 per sec.)

General statistics:
    total time:                          8.6056s
    total number of events:              3

Latency (ms):
         min:                                 2833.10
         avg:                                 2868.33
         max:                                 2901.98
         95th percentile:                     2880.27
         sum:                                 8605.00

Threads fairness:
    events (avg/stddev):           3.0000/0.00
    execution time (avg/stddev):   8.6050/0.00

