sysbench 1.0.20 (using system LuaJIT 2.1.0-beta3)

Running the test with following options:
Number of threads: 1
Report intermediate results every 1 second(s)
Initializing random number generator from current time


Initializing worker threads...

Threads started!

[ 1s ] thds: 1 tps: 1469.65 qps: 4410.96 (r/w/o: 4410.96/0.00/0.00) lat (ms,95%): 0.75 err/s: 0.00 reconn/s: 0.00
[ 2s ] thds: 1 tps: 1486.65 qps: 4457.93 (r/w/o: 4457.93/0.00/0.00) lat (ms,95%): 0.75 err/s: 0.00 reconn/s: 0.00
[ 3s ] thds: 1 tps: 1475.04 qps: 4425.12 (r/w/o: 4425.12/0.00/0.00) lat (ms,95%): 0.74 err/s: 0.00 reconn/s: 0.00
[ 4s ] thds: 1 tps: 1495.89 qps: 4487.68 (r/w/o: 4487.68/0.00/0.00) lat (ms,95%): 0.74 err/s: 0.00 reconn/s: 0.00
[ 5s ] thds: 1 tps: 1484.09 qps: 4453.27 (r/w/o: 4453.27/0.00/0.00) lat (ms,95%): 0.75 err/s: 0.00 reconn/s: 0.00
[ 6s ] thds: 1 tps: 1467.98 qps: 4404.94 (r/w/o: 4404.94/0.00/0.00) lat (ms,95%): 0.75 err/s: 0.00 reconn/s: 0.00
[ 7s ] thds: 1 tps: 1501.02 qps: 4501.07 (r/w/o: 4501.07/0.00/0.00) lat (ms,95%): 0.74 err/s: 0.00 reconn/s: 0.00
[ 8s ] thds: 1 tps: 1502.85 qps: 4508.56 (r/w/o: 4508.56/0.00/0.00) lat (ms,95%): 0.74 err/s: 0.00 reconn/s: 0.00
SQL statistics:
    queries performed:
        read:                            35655
        write:                           0
        other:                           0
        total:                           35655
    transactions:                        11885  (1485.33 per sec.)
    queries:                             35655  (4456.00 per sec.)
    ignored errors:                      0      (0.00 per sec.)
    reconnects:                          0      (0.00 per sec.)

General statistics:
    total time:                          8.0012s
    total number of events:              11885

Latency (ms):
         min:                                    0.60
         avg:                                    0.67
         max:                                    8.46
         95th percentile:                        0.75
         sum:                                 7988.69

Threads fairness:
    events (avg/stddev):           11885.0000/0.00
    execution time (avg/stddev):   7.9887/0.00

