sysbench 1.0.20 (using system LuaJIT 2.1.0-beta3)

Running the test with following options:
Number of threads: 4
Report intermediate results every 2 second(s)
Initializing random number generator from current time


Initializing worker threads...

Threads started!

[ 2s ] thds: 4 tps: 0.00 qps: 2860.73 (r/w/o: 0.00/713.18/2147.55) lat (ms,95%): 0.00 err/s: 0.00 reconn/s: 0.00
[ 4s ] thds: 4 tps: 0.00 qps: 2746.46 (r/w/o: 0.00/686.62/2059.85) lat (ms,95%): 0.00 err/s: 0.00 reconn/s: 0.00
[ 6s ] thds: 4 tps: 0.00 qps: 2949.97 (r/w/o: 0.00/737.49/2212.48) lat (ms,95%): 0.00 err/s: 0.00 reconn/s: 0.00
[ 8s ] thds: 4 tps: 0.00 qps: 2904.15 (r/w/o: 0.00/726.04/2178.12) lat (ms,95%): 0.00 err/s: 0.00 reconn/s: 0.00
[ 10s ] thds: 4 tps: 0.00 qps: 3083.92 (r/w/o: 0.00/770.98/2312.94) lat (ms,95%): 0.00 err/s: 0.00 reconn/s: 0.00
[ 12s ] thds: 4 tps: 0.00 qps: 2888.12 (r/w/o: 0.00/722.03/2166.09) lat (ms,95%): 0.00 err/s: 0.00 reconn/s: 0.00
[ 14s ] thds: 4 tps: 0.00 qps: 2903.97 (r/w/o: 0.00/725.99/2177.98) lat (ms,95%): 0.00 err/s: 0.00 reconn/s: 0.00
[ 16s ] thds: 4 tps: 0.00 qps: 2902.02 (r/w/o: 0.00/725.51/2176.52) lat (ms,95%): 0.00 err/s: 0.00 reconn/s: 0.00
[ 18s ] thds: 4 tps: 0.00 qps: 3071.94 (r/w/o: 0.00/767.99/2303.96) lat (ms,95%): 0.00 err/s: 0.00 reconn/s: 0.00
[ 20s ] thds: 4 tps: 0.00 qps: 2953.89 (r/w/o: 0.00/738.47/2215.42) lat (ms,95%): 0.00 err/s: 0.00 reconn/s: 0.00
[ 22s ] thds: 4 tps: 0.00 qps: 2928.06 (r/w/o: 0.00/732.01/2196.04) lat (ms,95%): 0.00 err/s: 0.00 reconn/s: 0.00
[ 24s ] thds: 4 tps: 0.00 qps: 2779.97 (r/w/o: 0.00/694.99/2084.98) lat (ms,95%): 0.00 err/s: 0.00 reconn/s: 0.00
[ 26s ] thds: 4 tps: 0.00 qps: 2721.95 (r/w/o: 0.00/680.49/2041.47) lat (ms,95%): 0.00 err/s: 0.00 reconn/s: 0.00
[ 28s ] thds: 4 tps: 0.00 qps: 2988.07 (r/w/o: 0.00/747.02/2241.05) lat (ms,95%): 0.00 err/s: 0.00 reconn/s: 0.00
[ 30s ] thds: 4 tps: 0.00 qps: 2726.11 (r/w/o: 0.00/681.53/2044.58) lat (ms,95%): 0.00 err/s: 0.00 reconn/s: 0.00
SQL statistics:
    queries performed:
        read:                            0
        write:                           22000
        other:                           66016
        total:                           88016
    transactions:                        4      (0.13 per sec.)
    queries:                             88016  (2892.81 per sec.)
    ignored errors:                      0      (0.00 per sec.)
    reconnects:                          0      (0.00 per sec.)

General statistics:
    total time:                          30.4254s
    total number of events:              4

Latency (ms):
         min:                                30424.49
         avg:                                30424.59
         max:                                30424.78
         95th percentile:                    30469.90
         sum:                               121698.36

Threads fairness:
    events (avg/stddev):           1.0000/0.00
    execution time (avg/stddev):   30.4246/0.00

