sysbench 1.0.20 (using system LuaJIT 2.1.0-beta3)

Running the test with following options:
Number of threads: 4
Report intermediate results every 2 second(s)
Initializing random number generator from current time


Initializing worker threads...

Threads started!

[ 2s ] thds: 4 tps: 41.98 qps: 2891.42 (r/w/o: 0.00/1137.38/1754.04) lat (ms,95%): 176.73 err/s: 48.47 reconn/s: 0.00
[ 4s ] thds: 4 tps: 52.51 qps: 3027.36 (r/w/o: 0.00/911.76/2115.60) lat (ms,95%): 123.28 err/s: 55.52 reconn/s: 0.00
[ 6s ] thds: 4 tps: 48.00 qps: 3015.03 (r/w/o: 0.00/940.01/2075.02) lat (ms,95%): 125.52 err/s: 52.00 reconn/s: 0.00
[ 8s ] thds: 4 tps: 51.00 qps: 3111.99 (r/w/o: 0.00/1018.50/2093.50) lat (ms,95%): 139.85 err/s: 55.50 reconn/s: 0.00
[ 10s ] thds: 4 tps: 49.50 qps: 2873.50 (r/w/o: 0.00/874.50/1999.00) lat (ms,95%): 114.72 err/s: 52.50 reconn/s: 0.00
[ 12s ] thds: 4 tps: 39.50 qps: 2567.46 (r/w/o: 0.00/916.48/1650.97) lat (ms,95%): 164.45 err/s: 50.00 reconn/s: 0.00
[ 14s ] thds: 4 tps: 45.00 qps: 2752.52 (r/w/o: 0.00/871.01/1881.51) lat (ms,95%): 118.92 err/s: 52.00 reconn/s: 0.00
[ 16s ] thds: 4 tps: 41.50 qps: 2648.52 (r/w/o: 0.00/912.01/1736.51) lat (ms,95%): 134.90 err/s: 47.50 reconn/s: 0.00
[ 18s ] thds: 4 tps: 46.50 qps: 2828.88 (r/w/o: 0.00/943.46/1885.42) lat (ms,95%): 114.72 err/s: 54.00 reconn/s: 0.00
SQL statistics:
    queries performed:
        read:                            0
        write:                           17078
        other:                           34476
        total:                           51554
    transactions:                        835    (46.30 per sec.)
    queries:                             51554  (2858.53 per sec.)
    ignored errors:                      935    (51.84 per sec.)
    reconnects:                          0      (0.00 per sec.)

General statistics:
    total time:                          18.0348s
    total number of events:              835

Latency (ms):
         min:                                   36.02
         avg:                                   86.36
         max:                                  245.07
         95th percentile:                      134.90
         sum:                                72108.24

Threads fairness:
    events (avg/stddev):           208.7500/3.27
    execution time (avg/stddev):   18.0271/0.01

