sysbench 1.0.20 (using system LuaJIT 2.1.0-beta3)

Running the test with following options:
Number of threads: 1
Report intermediate results every 1 second(s)
Initializing random number generator from current time


Initializing worker threads...

Threads started!

[ 1s ] thds: 1 tps: 0.00 qps: 706.41 (r/w/o: 0.00/703.41/3.00) lat (ms,95%): 0.00 err/s: 0.00 reconn/s: 0.00
[ 2s ] thds: 1 tps: 0.00 qps: 702.29 (r/w/o: 0.00/702.29/0.00) lat (ms,95%): 0.00 err/s: 0.00 reconn/s: 0.00
[ 3s ] thds: 1 tps: 0.00 qps: 659.02 (r/w/o: 0.00/659.02/0.00) lat (ms,95%): 0.00 err/s: 0.00 reconn/s: 0.00
[ 4s ] thds: 1 tps: 0.00 qps: 664.00 (r/w/o: 0.00/664.00/0.00) lat (ms,95%): 0.00 err/s: 0.00 reconn/s: 0.00
[ 5s ] thds: 1 tps: 0.00 qps: 768.99 (r/w/o: 0.00/768.99/0.00) lat (ms,95%): 0.00 err/s: 0.00 reconn/s: 0.00
[ 6s ] thds: 1 tps: 0.00 qps: 721.03 (r/w/o: 0.00/721.03/0.00) lat (ms,95%): 0.00 err/s: 0.00 reconn/s: 0.00
[ 7s ] thds: 1 tps: 1.00 qps: 820.94 (r/w/o: 0.00/818.94/2.00) lat (ms,95%): 6835.96 err/s: 0.00 reconn/s: 0.00
[ 8s ] thds: 1 tps: 0.00 qps: 640.02 (r/w/o: 0.00/640.02/0.00) lat (ms,95%): 0.00 err/s: 0.00 reconn/s: 0.00
[ 9s ] thds: 1 tps: 0.00 qps: 652.99 (r/w/o: 0.00/652.99/0.00) lat (ms,95%): 0.00 err/s: 0.00 reconn/s: 0.00
[ 10s ] thds: 1 tps: 0.00 qps: 654.00 (r/w/o: 0.00/654.00/0.00) lat (ms,95%): 0.00 err/s: 0.00 reconn/s: 0.00
[ 11s ] thds: 1 tps: 0.00 qps: 651.02 (r/w/o: 0.00/651.02/0.00) lat (ms,95%): 0.00 err/s: 0.00 reconn/s: 0.00
[ 12s ] thds: 1 tps: 0.00 qps: 661.98 (r/w/o: 0.00/661.98/0.00) lat (ms,95%): 0.00 err/s: 0.00 reconn/s: 0.00
[ 13s ] thds: 1 tps: 0.00 qps: 719.02 (r/w/o: 0.00/719.02/0.00) lat (ms,95%): 0.00 err/s: 0.00 reconn/s: 0.00
[ 14s ] thds: 1 tps: 0.00 qps: 700.99 (r/w/o: 0.00/700.99/0.00) lat (ms,95%): 0.00 err/s: 0.00 reconn/s: 0.00
SQL statistics:
    queries performed:
        read:                            0
        write:                           10001
        other:                           5
        total:                           10006
    transactions:                        2      (0.14 per sec.)
    queries:                             10006  (693.67 per sec.)
    ignored errors:                      0      (0.00 per sec.)
    reconnects:                          0      (0.00 per sec.)

General statistics:
    total time:                          14.4244s
    total number of events:              2

Latency (ms):
         min:                                 6888.52
         avg:                                 7211.87
         max:                                 7535.21
         95th percentile:                     7479.98
         sum:                                14423.73

Threads fairness:
    events (avg/stddev):           2.0000/0.00
    execution time (avg/stddev):   14.4237/0.00

