sysbench 1.0.20 (using system LuaJIT 2.1.0-beta3)

Running the test with following options:
Number of threads: 1
Report intermediate results every 1 second(s)
Initializing random number generator from current time


Initializing worker threads...

Threads started!

[ 1s ] thds: 1 tps: 1570.87 qps: 1570.87 (r/w/o: 1570.87/0.00/0.00) lat (ms,95%): 0.67 err/s: 0.00 reconn/s: 0.00
[ 2s ] thds: 1 tps: 1609.38 qps: 1609.38 (r/w/o: 1609.38/0.00/0.00) lat (ms,95%): 0.67 err/s: 0.00 reconn/s: 0.00
[ 3s ] thds: 1 tps: 1596.02 qps: 1596.02 (r/w/o: 1596.02/0.00/0.00) lat (ms,95%): 0.65 err/s: 0.00 reconn/s: 0.00
[ 4s ] thds: 1 tps: 1599.00 qps: 1599.00 (r/w/o: 1599.00/0.00/0.00) lat (ms,95%): 0.65 err/s: 0.00 reconn/s: 0.00
[ 5s ] thds: 1 tps: 1591.96 qps: 1591.96 (r/w/o: 1591.96/0.00/0.00) lat (ms,95%): 0.65 err/s: 0.00 reconn/s: 0.00
[ 6s ] thds: 1 tps: 1608.00 qps: 1608.00 (r/w/o: 1608.00/0.00/0.00) lat (ms,95%): 0.65 err/s: 0.00 reconn/s: 0.00
[ 7s ] thds: 1 tps: 1590.98 qps: 1590.98 (r/w/o: 1590.98/0.00/0.00) lat (ms,95%): 0.67 err/s: 0.00 reconn/s: 0.00
[ 8s ] thds: 1 tps: 1595.90 qps: 1595.90 (r/w/o: 1595.90/0.00/0.00) lat (ms,95%): 0.65 err/s: 0.00 reconn/s: 0.00
SQL statistics:
    queries performed:
        read:                            12764
        write:                           0
        other:                           0
        total:                           12764
    transactions:                        12764  (1595.18 per sec.)
    queries:                             12764  (1595.18 per sec.)
    ignored errors:                      0      (0.00 per sec.)
    reconnects:                          0      (0.00 per sec.)

General statistics:
    total time:                          8.0012s
    total number of events:              12764

Latency (ms):
         min:                                    0.57
         avg:                                    0.63
         max:                                    8.21
         95th percentile:                        0.65
         sum:                                 7989.91

Threads fairness:
    events (avg/stddev):           12764.0000/0.00
    execution time (avg/stddev):   7.9899/0.00

