sysbench 1.0.20 (using system LuaJIT 2.1.0-beta3)

Running the test with following options:
Number of threads: 1
Report intermediate results every 1 second(s)
Initializing random number generator from current time


Initializing worker threads...

Threads started!

[ 1s ] thds: 1 tps: 1299.89 qps: 1299.89 (r/w/o: 1299.89/0.00/0.00) lat (ms,95%): 0.81 err/s: 0.00 reconn/s: 0.00
[ 2s ] thds: 1 tps: 1333.51 qps: 1333.51 (r/w/o: 1333.51/0.00/0.00) lat (ms,95%): 0.78 err/s: 0.00 reconn/s: 0.00
[ 3s ] thds: 1 tps: 1323.00 qps: 1323.00 (r/w/o: 1323.00/0.00/0.00) lat (ms,95%): 0.78 err/s: 0.00 reconn/s: 0.00
[ 4s ] thds: 1 tps: 1329.00 qps: 1329.00 (r/w/o: 1329.00/0.00/0.00) lat (ms,95%): 0.78 err/s: 0.00 reconn/s: 0.00
[ 5s ] thds: 1 tps: 1329.95 qps: 1329.95 (r/w/o: 1329.95/0.00/0.00) lat (ms,95%): 0.78 err/s: 0.00 reconn/s: 0.00
[ 6s ] thds: 1 tps: 1310.06 qps: 1310.06 (r/w/o: 1310.06/0.00/0.00) lat (ms,95%): 0.92 err/s: 0.00 reconn/s: 0.00
[ 7s ] thds: 1 tps: 1342.01 qps: 1342.01 (r/w/o: 1342.01/0.00/0.00) lat (ms,95%): 0.77 err/s: 0.00 reconn/s: 0.00
[ 8s ] thds: 1 tps: 1321.99 qps: 1321.99 (r/w/o: 1321.99/0.00/0.00) lat (ms,95%): 0.78 err/s: 0.00 reconn/s: 0.00
SQL statistics:
    queries performed:
        read:                            10591
        write:                           0
        other:                           0
        total:                           10591
    transactions:                        10591  (1323.63 per sec.)
    queries:                             10591  (1323.63 per sec.)
    ignored errors:                      0      (0.00 per sec.)
    reconnects:                          0      (0.00 per sec.)

General statistics:
    total time:                          8.0011s
    total number of events:              10591

Latency (ms):
         min:                                    0.68
         avg:                                    0.75
         max:                                    8.39
         95th percentile:                        0.78
         sum:                                 7990.46

Threads fairness:
    events (avg/stddev):           10591.0000/0.00
    execution time (avg/stddev):   7.9905/0.00

