sysbench 1.0.20 (using system LuaJIT 2.1.0-beta3)

Running the test with following options:
Number of threads: 1
Report intermediate results every 1 second(s)
Initializing random number generator from current time


Initializing worker threads...

Threads started!

[ 1s ] thds: 1 tps: 2461.26 qps: 2461.26 (r/w/o: 2461.26/0.00/0.00) lat (ms,95%): 0.43 err/s: 0.00 reconn/s: 0.00
[ 2s ] thds: 1 tps: 2493.57 qps: 2493.57 (r/w/o: 2493.57/0.00/0.00) lat (ms,95%): 0.43 err/s: 0.00 reconn/s: 0.00
[ 3s ] thds: 1 tps: 2460.04 qps: 2460.04 (r/w/o: 2460.04/0.00/0.00) lat (ms,95%): 0.44 err/s: 0.00 reconn/s: 0.00
[ 4s ] thds: 1 tps: 2472.00 qps: 2472.00 (r/w/o: 2472.00/0.00/0.00) lat (ms,95%): 0.43 err/s: 0.00 reconn/s: 0.00
[ 5s ] thds: 1 tps: 2465.79 qps: 2465.79 (r/w/o: 2465.79/0.00/0.00) lat (ms,95%): 0.44 err/s: 0.00 reconn/s: 0.00
[ 6s ] thds: 1 tps: 2449.20 qps: 2449.20 (r/w/o: 2449.20/0.00/0.00) lat (ms,95%): 0.44 err/s: 0.00 reconn/s: 0.00
[ 7s ] thds: 1 tps: 2465.99 qps: 2465.99 (r/w/o: 2465.99/0.00/0.00) lat (ms,95%): 0.43 err/s: 0.00 reconn/s: 0.00
[ 8s ] thds: 1 tps: 2410.76 qps: 2410.76 (r/w/o: 2410.76/0.00/0.00) lat (ms,95%): 0.45 err/s: 0.00 reconn/s: 0.00
SQL statistics:
    queries performed:
        read:                            19681
        write:                           0
        other:                           0
        total:                           19681
    transactions:                        19681  (2459.76 per sec.)
    queries:                             19681  (2459.76 per sec.)
    ignored errors:                      0      (0.00 per sec.)
    reconnects:                          0      (0.00 per sec.)

General statistics:
    total time:                          8.0008s
    total number of events:              19681

Latency (ms):
         min:                                    0.37
         avg:                                    0.41
         max:                                    8.10
         95th percentile:                        0.44
         sum:                                 7983.73

Threads fairness:
    events (avg/stddev):           19681.0000/0.00
    execution time (avg/stddev):   7.9837/0.00

