sysbench 1.0.20 (using system LuaJIT 2.1.0-beta3)

Running the test with following options:
Number of threads: 1
Report intermediate results every 1 second(s)
Initializing random number generator from current time


Initializing worker threads...

Threads started!

[ 1s ] thds: 1 tps: 36.96 qps: 36.96 (r/w/o: 36.96/0.00/0.00) lat (ms,95%): 34.33 err/s: 0.00 reconn/s: 0.00
[ 2s ] thds: 1 tps: 38.02 qps: 38.02 (r/w/o: 38.02/0.00/0.00) lat (ms,95%): 26.20 err/s: 0.00 reconn/s: 0.00
[ 3s ] thds: 1 tps: 38.00 qps: 38.00 (r/w/o: 38.00/0.00/0.00) lat (ms,95%): 27.17 err/s: 0.00 reconn/s: 0.00
[ 4s ] thds: 1 tps: 39.00 qps: 39.00 (r/w/o: 39.00/0.00/0.00) lat (ms,95%): 26.20 err/s: 0.00 reconn/s: 0.00
[ 5s ] thds: 1 tps: 38.00 qps: 38.00 (r/w/o: 38.00/0.00/0.00) lat (ms,95%): 26.20 err/s: 0.00 reconn/s: 0.00
[ 6s ] thds: 1 tps: 39.00 qps: 39.00 (r/w/o: 39.00/0.00/0.00) lat (ms,95%): 26.68 err/s: 0.00 reconn/s: 0.00
[ 7s ] thds: 1 tps: 38.00 qps: 38.00 (r/w/o: 38.00/0.00/0.00) lat (ms,95%): 26.68 err/s: 0.00 reconn/s: 0.00
[ 8s ] thds: 1 tps: 39.00 qps: 39.00 (r/w/o: 39.00/0.00/0.00) lat (ms,95%): 26.68 err/s: 0.00 reconn/s: 0.00
SQL statistics:
    queries performed:
        read:                            307
        write:                           0
        other:                           0
        total:                           307
    transactions:                        307    (38.27 per sec.)
    queries:                             307    (38.27 per sec.)
    ignored errors:                      0      (0.00 per sec.)
    reconnects:                          0      (0.00 per sec.)

General statistics:
    total time:                          8.0206s
    total number of events:              307

Latency (ms):
         min:                                   25.40
         avg:                                   26.12
         max:                                   38.88
         95th percentile:                       27.17
         sum:                                 8018.84

Threads fairness:
    events (avg/stddev):           307.0000/0.00
    execution time (avg/stddev):   8.0188/0.00

