sysbench 1.0.20 (using system LuaJIT 2.1.0-beta3)

Running the test with following options:
Number of threads: 4
Report intermediate results every 3 second(s)
Initializing random number generator from current time


Initializing worker threads...

Threads started!

[ 3s ] thds: 4 tps: 13029.72 qps: 13029.72 (r/w/o: 13029.72/0.00/0.00) lat (ms,95%): 0.45 err/s: 0.00 reconn/s: 0.00
[ 6s ] thds: 4 tps: 13222.86 qps: 13222.86 (r/w/o: 13222.86/0.00/0.00) lat (ms,95%): 0.44 err/s: 0.00 reconn/s: 0.00
[ 9s ] thds: 4 tps: 12970.59 qps: 12970.59 (r/w/o: 12970.59/0.00/0.00) lat (ms,95%): 0.45 err/s: 0.00 reconn/s: 0.00
[ 12s ] thds: 4 tps: 13056.34 qps: 13056.34 (r/w/o: 13056.34/0.00/0.00) lat (ms,95%): 0.45 err/s: 0.00 reconn/s: 0.00
[ 15s ] thds: 4 tps: 13036.15 qps: 13036.15 (r/w/o: 13036.15/0.00/0.00) lat (ms,95%): 0.45 err/s: 0.00 reconn/s: 0.00
[ 18s ] thds: 4 tps: 13111.47 qps: 13111.47 (r/w/o: 13111.47/0.00/0.00) lat (ms,95%): 0.44 err/s: 0.00 reconn/s: 0.00
[ 21s ] thds: 4 tps: 13130.51 qps: 13130.51 (r/w/o: 13130.51/0.00/0.00) lat (ms,95%): 0.44 err/s: 0.00 reconn/s: 0.00
[ 24s ] thds: 4 tps: 13130.59 qps: 13130.59 (r/w/o: 13130.59/0.00/0.00) lat (ms,95%): 0.43 err/s: 0.00 reconn/s: 0.00
[ 27s ] thds: 4 tps: 13084.98 qps: 13084.98 (r/w/o: 13084.98/0.00/0.00) lat (ms,95%): 0.44 err/s: 0.00 reconn/s: 0.00
[ 30s ] thds: 4 tps: 13083.52 qps: 13083.52 (r/w/o: 13083.52/0.00/0.00) lat (ms,95%): 0.45 err/s: 0.00 reconn/s: 0.00
[ 33s ] thds: 4 tps: 13063.58 qps: 13063.58 (r/w/o: 13063.58/0.00/0.00) lat (ms,95%): 0.44 err/s: 0.00 reconn/s: 0.00
[ 36s ] thds: 4 tps: 13211.28 qps: 13211.28 (r/w/o: 13211.28/0.00/0.00) lat (ms,95%): 0.44 err/s: 0.00 reconn/s: 0.00
[ 39s ] thds: 4 tps: 13152.03 qps: 13152.03 (r/w/o: 13152.03/0.00/0.00) lat (ms,95%): 0.44 err/s: 0.00 reconn/s: 0.00
[ 42s ] thds: 4 tps: 13174.63 qps: 13174.63 (r/w/o: 13174.63/0.00/0.00) lat (ms,95%): 0.44 err/s: 0.00 reconn/s: 0.00
[ 45s ] thds: 4 tps: 13644.66 qps: 13644.66 (r/w/o: 13644.66/0.00/0.00) lat (ms,95%): 0.43 err/s: 0.00 reconn/s: 0.00
[ 48s ] thds: 4 tps: 13538.00 qps: 13538.00 (r/w/o: 13538.00/0.00/0.00) lat (ms,95%): 0.43 err/s: 0.00 reconn/s: 0.00
[ 51s ] thds: 4 tps: 13054.67 qps: 13054.67 (r/w/o: 13054.67/0.00/0.00) lat (ms,95%): 0.44 err/s: 0.00 reconn/s: 0.00
[ 54s ] thds: 4 tps: 13724.94 qps: 13724.94 (r/w/o: 13724.94/0.00/0.00) lat (ms,95%): 0.42 err/s: 0.00 reconn/s: 0.00
[ 57s ] thds: 4 tps: 14367.85 qps: 14367.85 (r/w/o: 14367.85/0.00/0.00) lat (ms,95%): 0.41 err/s: 0.00 reconn/s: 0.00
[ 60s ] thds: 4 tps: 13417.80 qps: 13417.80 (r/w/o: 13417.80/0.00/0.00) lat (ms,95%): 0.44 err/s: 0.00 reconn/s: 0.00
SQL statistics:
    queries performed:
        read:                            795630
        write:                           0
        other:                           0
        total:                           795630
    transactions:                        795630 (13260.12 per sec.)
    queries:                             795630 (13260.12 per sec.)
    ignored errors:                      0      (0.00 per sec.)
    reconnects:                          0      (0.00 per sec.)

General statistics:
    total time:                          60.0014s
    total number of events:              795630

Latency (ms):
         min:                                    0.16
         avg:                                    0.30
         max:                                   18.36
         95th percentile:                        0.44
         sum:                               239112.07

Threads fairness:
    events (avg/stddev):           198907.5000/424.31
    execution time (avg/stddev):   59.7780/0.00

