sysbench 1.0.20 (using system LuaJIT 2.1.0-beta3)

Running the test with following options:
Number of threads: 4
Report intermediate results every 3 second(s)
Initializing random number generator from current time


Initializing worker threads...

Threads started!

[ 3s ] thds: 4 tps: 0.00 qps: 2657.66 (r/w/o: 0.00/664.42/1993.25) lat (ms,95%): 0.00 err/s: 0.00 reconn/s: 0.00
[ 6s ] thds: 4 tps: 0.00 qps: 2276.49 (r/w/o: 0.00/569.12/1707.37) lat (ms,95%): 0.00 err/s: 0.00 reconn/s: 0.00
[ 9s ] thds: 4 tps: 1.33 qps: 2462.55 (r/w/o: 0.00/622.64/1839.91) lat (ms,95%): 6476.48 err/s: 1.33 reconn/s: 0.00
[ 12s ] thds: 4 tps: 1.33 qps: 3340.05 (r/w/o: 0.00/838.68/2501.37) lat (ms,95%): 5507.54 err/s: 1.00 reconn/s: 0.00
[ 15s ] thds: 4 tps: 0.00 qps: 2589.72 (r/w/o: 0.00/647.35/1942.38) lat (ms,95%): 0.00 err/s: 0.00 reconn/s: 0.00
[ 18s ] thds: 4 tps: 0.00 qps: 2480.02 (r/w/o: 0.00/620.00/1860.01) lat (ms,95%): 0.00 err/s: 0.00 reconn/s: 0.00
[ 21s ] thds: 4 tps: 1.33 qps: 2722.64 (r/w/o: 0.00/687.33/2035.32) lat (ms,95%): 6360.91 err/s: 1.33 reconn/s: 0.00
[ 24s ] thds: 4 tps: 0.00 qps: 2833.33 (r/w/o: 0.00/708.33/2125.00) lat (ms,95%): 0.00 err/s: 0.00 reconn/s: 0.00
[ 27s ] thds: 4 tps: 1.33 qps: 2283.97 (r/w/o: 0.00/577.66/1706.31) lat (ms,95%): 5813.24 err/s: 1.33 reconn/s: 0.00
[ 30s ] thds: 4 tps: 0.00 qps: 2525.38 (r/w/o: 0.00/631.34/1894.03) lat (ms,95%): 0.00 err/s: 0.00 reconn/s: 0.00
[ 33s ] thds: 4 tps: 1.33 qps: 2492.34 (r/w/o: 0.00/624.67/1867.67) lat (ms,95%): 6713.97 err/s: 1.00 reconn/s: 0.00
[ 36s ] thds: 4 tps: 0.00 qps: 2386.63 (r/w/o: 0.00/596.66/1789.97) lat (ms,95%): 0.00 err/s: 0.00 reconn/s: 0.00
[ 39s ] thds: 4 tps: 1.33 qps: 2653.63 (r/w/o: 0.00/666.99/1986.64) lat (ms,95%): 6594.16 err/s: 1.00 reconn/s: 0.00
[ 42s ] thds: 4 tps: 1.33 qps: 3876.04 (r/w/o: 0.00/974.34/2901.70) lat (ms,95%): 4517.90 err/s: 1.33 reconn/s: 0.00
[ 45s ] thds: 4 tps: 0.00 qps: 3124.05 (r/w/o: 0.00/781.01/2343.04) lat (ms,95%): 0.00 err/s: 0.00 reconn/s: 0.00
[ 48s ] thds: 4 tps: 1.33 qps: 2200.29 (r/w/o: 0.00/553.66/1646.64) lat (ms,95%): 5918.87 err/s: 1.00 reconn/s: 0.00
[ 51s ] thds: 4 tps: 0.00 qps: 2780.06 (r/w/o: 0.00/695.01/2085.04) lat (ms,95%): 0.00 err/s: 0.00 reconn/s: 0.00
[ 54s ] thds: 4 tps: 1.33 qps: 2593.67 (r/w/o: 0.00/651.67/1942.00) lat (ms,95%): 6026.41 err/s: 1.00 reconn/s: 0.00
[ 57s ] thds: 4 tps: 0.00 qps: 2517.30 (r/w/o: 0.00/629.32/1887.97) lat (ms,95%): 0.00 err/s: 0.00 reconn/s: 0.00
[ 60s ] thds: 4 tps: 0.00 qps: 2472.02 (r/w/o: 0.00/618.01/1854.02) lat (ms,95%): 0.00 err/s: 0.00 reconn/s: 0.00
SQL statistics:
    queries performed:
        read:                            0
        write:                           40190
        other:                           120075
        total:                           160265
    transactions:                        40     (0.66 per sec.)
    queries:                             160265 (2662.79 per sec.)
    ignored errors:                      31     (0.52 per sec.)
    reconnects:                          0      (0.00 per sec.)

General statistics:
    total time:                          60.1865s
    total number of events:              40

Latency (ms):
         min:                                 4480.76
         avg:                                 6018.54
         max:                                 6768.92
         95th percentile:                     6713.97
         sum:                               240741.55

Threads fairness:
    events (avg/stddev):           10.0000/0.00
    execution time (avg/stddev):   60.1854/0.00

