sysbench 1.0.20 (using system LuaJIT 2.1.0-beta3)

Running the test with following options:
Number of threads: 1
Report intermediate results every 1 second(s)
Initializing random number generator from current time


Initializing worker threads...

Threads started!

[ 1s ] thds: 1 tps: 2.00 qps: 854.20 (r/w/o: 0.00/847.21/6.99) lat (ms,95%): 467.30 err/s: 0.00 reconn/s: 0.00
[ 2s ] thds: 1 tps: 1.00 qps: 666.31 (r/w/o: 0.00/664.31/2.00) lat (ms,95%): 580.02 err/s: 0.00 reconn/s: 0.00
[ 3s ] thds: 1 tps: 2.00 qps: 730.00 (r/w/o: 0.00/726.00/4.00) lat (ms,95%): 634.66 err/s: 0.00 reconn/s: 0.00
[ 4s ] thds: 1 tps: 2.00 qps: 611.00 (r/w/o: 0.00/607.00/4.00) lat (ms,95%): 694.45 err/s: 0.00 reconn/s: 0.00
[ 5s ] thds: 1 tps: 1.00 qps: 663.01 (r/w/o: 0.00/661.01/2.00) lat (ms,95%): 646.19 err/s: 0.00 reconn/s: 0.00
[ 6s ] thds: 1 tps: 2.00 qps: 653.99 (r/w/o: 0.00/649.99/4.00) lat (ms,95%): 580.02 err/s: 0.00 reconn/s: 0.00
[ 7s ] thds: 1 tps: 1.00 qps: 572.00 (r/w/o: 0.00/570.00/2.00) lat (ms,95%): 707.07 err/s: 0.00 reconn/s: 0.00
[ 8s ] thds: 1 tps: 2.00 qps: 704.95 (r/w/o: 0.00/700.95/4.00) lat (ms,95%): 694.45 err/s: 0.00 reconn/s: 0.00
SQL statistics:
    queries performed:
        read:                            0
        write:                           5613
        other:                           29
        total:                           5642
    transactions:                        14     (1.70 per sec.)
    queries:                             5642   (685.08 per sec.)
    ignored errors:                      0      (0.00 per sec.)
    reconnects:                          0      (0.00 per sec.)

General statistics:
    total time:                          8.2351s
    total number of events:              14

Latency (ms):
         min:                                  466.00
         avg:                                  588.18
         max:                                  703.64
         95th percentile:                      694.45
         sum:                                 8234.56

Threads fairness:
    events (avg/stddev):           14.0000/0.00
    execution time (avg/stddev):   8.2346/0.00

