sysbench 1.0.20 (using system LuaJIT 2.1.0-beta3)

Running the test with following options:
Number of threads: 4
Report intermediate results every 2 second(s)
Initializing random number generator from current time


Initializing worker threads...

Threads started!

[ 2s ] thds: 4 tps: 0.00 qps: 3803.50 (r/w/o: 0.00/949.00/2854.50) lat (ms,95%): 0.00 err/s: 0.00 reconn/s: 0.00
[ 4s ] thds: 4 tps: 0.00 qps: 3757.39 (r/w/o: 0.00/939.22/2818.17) lat (ms,95%): 0.00 err/s: 0.00 reconn/s: 0.00
[ 6s ] thds: 4 tps: 0.00 qps: 2836.13 (r/w/o: 0.00/709.03/2127.10) lat (ms,95%): 0.00 err/s: 0.00 reconn/s: 0.00
[ 8s ] thds: 4 tps: 0.00 qps: 2653.92 (r/w/o: 0.00/663.48/1990.44) lat (ms,95%): 0.00 err/s: 0.00 reconn/s: 0.00
[ 10s ] thds: 4 tps: 0.00 qps: 2756.08 (r/w/o: 0.00/689.02/2067.06) lat (ms,95%): 0.00 err/s: 0.00 reconn/s: 0.00
[ 12s ] thds: 4 tps: 0.00 qps: 2815.90 (r/w/o: 0.00/703.97/2111.92) lat (ms,95%): 0.00 err/s: 0.00 reconn/s: 0.00
[ 14s ] thds: 4 tps: 0.00 qps: 2626.14 (r/w/o: 0.00/656.53/1969.60) lat (ms,95%): 0.00 err/s: 0.00 reconn/s: 0.00
[ 16s ] thds: 4 tps: 0.00 qps: 2711.92 (r/w/o: 0.00/677.98/2033.94) lat (ms,95%): 0.00 err/s: 0.00 reconn/s: 0.00
[ 18s ] thds: 4 tps: 0.00 qps: 2730.03 (r/w/o: 0.00/682.51/2047.52) lat (ms,95%): 0.00 err/s: 0.00 reconn/s: 0.00
[ 20s ] thds: 4 tps: 0.00 qps: 2638.03 (r/w/o: 0.00/659.51/1978.53) lat (ms,95%): 0.00 err/s: 0.00 reconn/s: 0.00
[ 22s ] thds: 4 tps: 0.00 qps: 2637.99 (r/w/o: 0.00/659.50/1978.49) lat (ms,95%): 0.00 err/s: 0.00 reconn/s: 0.00
[ 24s ] thds: 4 tps: 0.00 qps: 2607.97 (r/w/o: 0.00/651.99/1955.98) lat (ms,95%): 0.00 err/s: 0.00 reconn/s: 0.00
[ 26s ] thds: 4 tps: 0.00 qps: 2623.90 (r/w/o: 0.00/655.97/1967.92) lat (ms,95%): 0.00 err/s: 0.00 reconn/s: 0.00
[ 28s ] thds: 4 tps: 0.00 qps: 2952.13 (r/w/o: 0.00/738.03/2214.09) lat (ms,95%): 0.00 err/s: 0.00 reconn/s: 0.00
[ 30s ] thds: 4 tps: 0.00 qps: 3137.91 (r/w/o: 0.00/784.48/2353.43) lat (ms,95%): 0.00 err/s: 0.00 reconn/s: 0.00
SQL statistics:
    queries performed:
        read:                            0
        write:                           22000
        other:                           66016
        total:                           88016
    transactions:                        4      (0.13 per sec.)
    queries:                             88016  (2888.74 per sec.)
    ignored errors:                      0      (0.00 per sec.)
    reconnects:                          0      (0.00 per sec.)

General statistics:
    total time:                          30.4682s
    total number of events:              4

Latency (ms):
         min:                                30467.20
         avg:                                30467.24
         max:                                30467.28
         95th percentile:                    30469.90
         sum:                               121868.96

Threads fairness:
    events (avg/stddev):           1.0000/0.00
    execution time (avg/stddev):   30.4672/0.00

