sysbench 1.0.20 (using system LuaJIT 2.1.0-beta3)

Running the test with following options:
Number of threads: 4
Report intermediate results every 2 second(s)
Initializing random number generator from current time


Initializing worker threads...

Threads started!

[ 2s ] thds: 4 tps: 2336.97 qps: 7010.91 (r/w/o: 7010.91/0.00/0.00) lat (ms,95%): 2.11 err/s: 0.00 reconn/s: 0.00
[ 4s ] thds: 4 tps: 2354.89 qps: 7066.16 (r/w/o: 7066.16/0.00/0.00) lat (ms,95%): 2.14 err/s: 0.00 reconn/s: 0.00
[ 6s ] thds: 4 tps: 2347.50 qps: 7043.49 (r/w/o: 7043.49/0.00/0.00) lat (ms,95%): 2.14 err/s: 0.00 reconn/s: 0.00
[ 8s ] thds: 4 tps: 2359.08 qps: 7078.23 (r/w/o: 7078.23/0.00/0.00) lat (ms,95%): 2.14 err/s: 0.00 reconn/s: 0.00
[ 10s ] thds: 4 tps: 2359.49 qps: 7077.98 (r/w/o: 7077.98/0.00/0.00) lat (ms,95%): 2.14 err/s: 0.00 reconn/s: 0.00
[ 12s ] thds: 4 tps: 2353.44 qps: 7059.81 (r/w/o: 7059.81/0.00/0.00) lat (ms,95%): 2.14 err/s: 0.00 reconn/s: 0.00
[ 14s ] thds: 4 tps: 2370.46 qps: 7111.37 (r/w/o: 7111.37/0.00/0.00) lat (ms,95%): 2.11 err/s: 0.00 reconn/s: 0.00
[ 16s ] thds: 4 tps: 2365.53 qps: 7095.58 (r/w/o: 7095.58/0.00/0.00) lat (ms,95%): 2.11 err/s: 0.00 reconn/s: 0.00
[ 18s ] thds: 4 tps: 2359.00 qps: 7077.50 (r/w/o: 7077.50/0.00/0.00) lat (ms,95%): 2.14 err/s: 0.00 reconn/s: 0.00
SQL statistics:
    queries performed:
        read:                            127254
        write:                           0
        other:                           0
        total:                           127254
    transactions:                        42418  (2356.24 per sec.)
    queries:                             127254 (7068.71 per sec.)
    ignored errors:                      0      (0.00 per sec.)
    reconnects:                          0      (0.00 per sec.)

General statistics:
    total time:                          18.0021s
    total number of events:              42418

Latency (ms):
         min:                                    0.97
         avg:                                    1.70
         max:                                   20.98
         95th percentile:                        2.14
         sum:                                71948.40

Threads fairness:
    events (avg/stddev):           10604.5000/58.84
    execution time (avg/stddev):   17.9871/0.00

