sysbench 1.0.20 (using system LuaJIT 2.1.1725453128)

Running the test with following options:
Number of threads: 8
Report intermediate results every 4 second(s)
Initializing random number generator from current time


Initializing worker threads...

Threads started!

[ 4s ] thds: 8 tps: 267.38 qps: 804.38 (r/w/o: 804.38/0.00/0.00) lat (ms,95%): 0.00 err/s: 0.00 reconn/s: 0.00
[ 8s ] thds: 8 tps: 271.02 qps: 813.81 (r/w/o: 813.81/0.00/0.00) lat (ms,95%): 0.00 err/s: 0.00 reconn/s: 0.00
[ 12s ] thds: 8 tps: 271.75 qps: 814.00 (r/w/o: 814.00/0.00/0.00) lat (ms,95%): 0.00 err/s: 0.00 reconn/s: 0.00
[ 16s ] thds: 8 tps: 270.50 qps: 812.49 (r/w/o: 812.49/0.00/0.00) lat (ms,95%): 0.00 err/s: 0.00 reconn/s: 0.00
[ 20s ] thds: 8 tps: 271.32 qps: 813.71 (r/w/o: 813.71/0.00/0.00) lat (ms,95%): 0.00 err/s: 0.00 reconn/s: 0.00
[ 24s ] thds: 8 tps: 270.21 qps: 811.39 (r/w/o: 811.39/0.00/0.00) lat (ms,95%): 0.00 err/s: 0.00 reconn/s: 0.00
[ 28s ] thds: 8 tps: 270.42 qps: 810.76 (r/w/o: 810.76/0.00/0.00) lat (ms,95%): 0.00 err/s: 0.00 reconn/s: 0.00
[ 32s ] thds: 8 tps: 269.94 qps: 808.83 (r/w/o: 808.83/0.00/0.00) lat (ms,95%): 0.00 err/s: 0.00 reconn/s: 0.00
SQL statistics:
    queries performed:
        read:                            25977
        write:                           0
        other:                           0
        total:                           25977
    transactions:                        8659   (270.35 per sec.)
    queries:                             25977  (811.06 per sec.)
    ignored errors:                      0      (0.00 per sec.)
    reconnects:                          0      (0.00 per sec.)

General statistics:
    total time:                          32.0283s
    total number of events:              8659

Latency (ms):
         min:                                   20.07
         avg:                                   29.58
         max:                                   67.36
         95th percentile:                        0.00
         sum:                               256151.16

Threads fairness:
    events (avg/stddev):           1082.3750/8.26
    execution time (avg/stddev):   32.0189/0.01

