sysbench 1.0.20 (using system LuaJIT 2.1.0-beta3)

Running the test with following options:
Number of threads: 4
Report intermediate results every 2 second(s)
Initializing random number generator from current time


Initializing worker threads...

Threads started!

[ 2s ] thds: 4 tps: 48.48 qps: 3227.98 (r/w/o: 0.00/1167.45/2060.53) lat (ms,95%): 121.08 err/s: 59.97 reconn/s: 0.00
[ 4s ] thds: 4 tps: 56.01 qps: 3349.57 (r/w/o: 0.00/1048.18/2301.39) lat (ms,95%): 108.68 err/s: 59.01 reconn/s: 0.00
[ 6s ] thds: 4 tps: 58.50 qps: 3407.62 (r/w/o: 0.00/1003.54/2404.09) lat (ms,95%): 80.03 err/s: 65.00 reconn/s: 0.00
[ 8s ] thds: 4 tps: 52.50 qps: 3291.56 (r/w/o: 0.00/1220.52/2071.04) lat (ms,95%): 144.97 err/s: 51.50 reconn/s: 0.00
[ 10s ] thds: 4 tps: 56.50 qps: 3380.34 (r/w/o: 0.00/1012.45/2367.88) lat (ms,95%): 116.80 err/s: 66.00 reconn/s: 0.00
[ 12s ] thds: 4 tps: 56.50 qps: 3425.27 (r/w/o: 0.00/1029.43/2395.84) lat (ms,95%): 110.66 err/s: 60.50 reconn/s: 0.00
[ 14s ] thds: 4 tps: 55.01 qps: 3295.88 (r/w/o: 0.00/995.62/2300.27) lat (ms,95%): 110.66 err/s: 56.51 reconn/s: 0.00
[ 16s ] thds: 4 tps: 52.50 qps: 3260.34 (r/w/o: 0.00/1078.95/2181.40) lat (ms,95%): 118.92 err/s: 63.50 reconn/s: 0.00
[ 18s ] thds: 4 tps: 52.50 qps: 3337.78 (r/w/o: 0.00/1114.59/2223.18) lat (ms,95%): 118.92 err/s: 60.51 reconn/s: 0.00
SQL statistics:
    queries performed:
        read:                            0
        write:                           19354
        other:                           40648
        total:                           60002
    transactions:                        981    (54.46 per sec.)
    queries:                             60002  (3330.85 per sec.)
    ignored errors:                      1085   (60.23 per sec.)
    reconnects:                          0      (0.00 per sec.)

General statistics:
    total time:                          18.0136s
    total number of events:              981

Latency (ms):
         min:                                   35.75
         avg:                                   73.44
         max:                                  288.15
         95th percentile:                      116.80
         sum:                                72048.00

Threads fairness:
    events (avg/stddev):           245.2500/1.92
    execution time (avg/stddev):   18.0120/0.00

