sysbench 1.0.20 (using system LuaJIT 2.1.0-beta3)

Running the test with following options:
Number of threads: 4
Report intermediate results every 2 second(s)
Initializing random number generator from current time


Initializing worker threads...

Threads started!

[ 2s ] thds: 4 tps: 3447.99 qps: 10346.96 (r/w/o: 10346.96/0.00/0.00) lat (ms,95%): 1.44 err/s: 0.00 reconn/s: 0.00
[ 4s ] thds: 4 tps: 3437.05 qps: 10310.16 (r/w/o: 10310.16/0.00/0.00) lat (ms,95%): 1.50 err/s: 0.00 reconn/s: 0.00
[ 6s ] thds: 4 tps: 3455.00 qps: 10365.01 (r/w/o: 10365.01/0.00/0.00) lat (ms,95%): 1.50 err/s: 0.00 reconn/s: 0.00
[ 8s ] thds: 4 tps: 3505.50 qps: 10516.49 (r/w/o: 10516.49/0.00/0.00) lat (ms,95%): 1.47 err/s: 0.00 reconn/s: 0.00
[ 10s ] thds: 4 tps: 3469.06 qps: 10407.18 (r/w/o: 10407.18/0.00/0.00) lat (ms,95%): 1.47 err/s: 0.00 reconn/s: 0.00
[ 12s ] thds: 4 tps: 3455.95 qps: 10366.84 (r/w/o: 10366.84/0.00/0.00) lat (ms,95%): 1.47 err/s: 0.00 reconn/s: 0.00
[ 14s ] thds: 4 tps: 3523.47 qps: 10569.42 (r/w/o: 10569.42/0.00/0.00) lat (ms,95%): 1.44 err/s: 0.00 reconn/s: 0.00
[ 16s ] thds: 4 tps: 3445.97 qps: 10340.90 (r/w/o: 10340.90/0.00/0.00) lat (ms,95%): 1.50 err/s: 0.00 reconn/s: 0.00
[ 18s ] thds: 4 tps: 3470.06 qps: 10409.67 (r/w/o: 10409.67/0.00/0.00) lat (ms,95%): 1.47 err/s: 0.00 reconn/s: 0.00
SQL statistics:
    queries performed:
        read:                            187278
        write:                           0
        other:                           0
        total:                           187278
    transactions:                        62426  (3467.70 per sec.)
    queries:                             187278 (10403.10 per sec.)
    ignored errors:                      0      (0.00 per sec.)
    reconnects:                          0      (0.00 per sec.)

General statistics:
    total time:                          18.0018s
    total number of events:              62426

Latency (ms):
         min:                                    0.71
         avg:                                    1.15
         max:                                   20.34
         95th percentile:                        1.47
         sum:                                71925.40

Threads fairness:
    events (avg/stddev):           15606.5000/39.13
    execution time (avg/stddev):   17.9813/0.00

