sysbench 1.0.20 (using system LuaJIT 2.1.1725453128)

Running the test with following options:
Number of threads: 8
Report intermediate results every 4 second(s)
Initializing random number generator from current time


Initializing worker threads...

Threads started!

[ 4s ] thds: 8 tps: 1230.24 qps: 3692.96 (r/w/o: 3692.96/0.00/0.00) lat (ms,95%): 0.00 err/s: 0.00 reconn/s: 0.00
[ 8s ] thds: 8 tps: 1245.12 qps: 3735.86 (r/w/o: 3735.86/0.00/0.00) lat (ms,95%): 0.00 err/s: 0.00 reconn/s: 0.00
[ 12s ] thds: 8 tps: 1242.28 qps: 3725.83 (r/w/o: 3725.83/0.00/0.00) lat (ms,95%): 0.00 err/s: 0.00 reconn/s: 0.00
[ 16s ] thds: 8 tps: 1243.82 qps: 3731.70 (r/w/o: 3731.70/0.00/0.00) lat (ms,95%): 0.00 err/s: 0.00 reconn/s: 0.00
[ 20s ] thds: 8 tps: 1243.39 qps: 3728.92 (r/w/o: 3728.92/0.00/0.00) lat (ms,95%): 0.00 err/s: 0.00 reconn/s: 0.00
[ 24s ] thds: 8 tps: 1243.32 qps: 3730.46 (r/w/o: 3730.46/0.00/0.00) lat (ms,95%): 0.00 err/s: 0.00 reconn/s: 0.00
[ 28s ] thds: 8 tps: 1242.85 qps: 3730.30 (r/w/o: 3730.30/0.00/0.00) lat (ms,95%): 0.00 err/s: 0.00 reconn/s: 0.00
[ 32s ] thds: 8 tps: 1242.33 qps: 3724.49 (r/w/o: 3724.49/0.00/0.00) lat (ms,95%): 0.00 err/s: 0.00 reconn/s: 0.00
SQL statistics:
    queries performed:
        read:                            119220
        write:                           0
        other:                           0
        total:                           119220
    transactions:                        39740  (1241.66 per sec.)
    queries:                             119220 (3724.99 per sec.)
    ignored errors:                      0      (0.00 per sec.)
    reconnects:                          0      (0.00 per sec.)

General statistics:
    total time:                          32.0052s
    total number of events:              39740

Latency (ms):
         min:                                    4.82
         avg:                                    6.44
         max:                                   41.09
         95th percentile:                        0.00
         sum:                               256000.07

Threads fairness:
    events (avg/stddev):           4967.5000/21.25
    execution time (avg/stddev):   32.0000/0.00

