sysbench 1.0.20 (using system LuaJIT 2.1.0-beta3)

Running the test with following options:
Number of threads: 1
Report intermediate results every 1 second(s)
Initializing random number generator from current time


Initializing worker threads...

Threads started!

[ 1s ] thds: 1 tps: 0.00 qps: 725.33 (r/w/o: 0.00/722.33/3.00) lat (ms,95%): 0.00 err/s: 0.00 reconn/s: 0.00
[ 2s ] thds: 1 tps: 0.00 qps: 630.27 (r/w/o: 0.00/630.27/0.00) lat (ms,95%): 0.00 err/s: 0.00 reconn/s: 0.00
[ 3s ] thds: 1 tps: 0.00 qps: 677.05 (r/w/o: 0.00/677.05/0.00) lat (ms,95%): 0.00 err/s: 0.00 reconn/s: 0.00
[ 4s ] thds: 1 tps: 0.00 qps: 646.99 (r/w/o: 0.00/646.99/0.00) lat (ms,95%): 0.00 err/s: 0.00 reconn/s: 0.00
[ 5s ] thds: 1 tps: 0.00 qps: 641.95 (r/w/o: 0.00/641.95/0.00) lat (ms,95%): 0.00 err/s: 0.00 reconn/s: 0.00
[ 6s ] thds: 1 tps: 0.00 qps: 697.04 (r/w/o: 0.00/697.04/0.00) lat (ms,95%): 0.00 err/s: 0.00 reconn/s: 0.00
[ 7s ] thds: 1 tps: 0.00 qps: 632.00 (r/w/o: 0.00/632.00/0.00) lat (ms,95%): 0.00 err/s: 0.00 reconn/s: 0.00
[ 8s ] thds: 1 tps: 1.00 qps: 585.98 (r/w/o: 0.00/583.98/2.00) lat (ms,95%): 7615.89 err/s: 0.00 reconn/s: 0.00
[ 9s ] thds: 1 tps: 0.00 qps: 659.00 (r/w/o: 0.00/659.00/0.00) lat (ms,95%): 0.00 err/s: 0.00 reconn/s: 0.00
[ 10s ] thds: 1 tps: 0.00 qps: 864.05 (r/w/o: 0.00/864.05/0.00) lat (ms,95%): 0.00 err/s: 0.00 reconn/s: 0.00
[ 11s ] thds: 1 tps: 0.00 qps: 786.97 (r/w/o: 0.00/786.97/0.00) lat (ms,95%): 0.00 err/s: 0.00 reconn/s: 0.00
[ 12s ] thds: 1 tps: 0.00 qps: 945.03 (r/w/o: 0.00/945.03/0.00) lat (ms,95%): 0.00 err/s: 0.00 reconn/s: 0.00
[ 13s ] thds: 1 tps: 0.00 qps: 760.97 (r/w/o: 0.00/760.97/0.00) lat (ms,95%): 0.00 err/s: 0.00 reconn/s: 0.00
SQL statistics:
    queries performed:
        read:                            0
        write:                           10001
        other:                           5
        total:                           10006
    transactions:                        2      (0.14 per sec.)
    queries:                             10006  (717.57 per sec.)
    ignored errors:                      0      (0.00 per sec.)
    reconnects:                          0      (0.00 per sec.)

General statistics:
    total time:                          13.9439s
    total number of events:              2

Latency (ms):
         min:                                 6372.32
         avg:                                 6971.64
         max:                                 7570.95
         95th percentile:                     7615.89
         sum:                                13943.27

Threads fairness:
    events (avg/stddev):           2.0000/0.00
    execution time (avg/stddev):   13.9433/0.00

