sysbench 1.0.20 (using system LuaJIT 2.1.0-beta3)

Running the test with following options:
Number of threads: 1
Report intermediate results every 1 second(s)
Initializing random number generator from current time


Initializing worker threads...

Threads started!

[ 1s ] thds: 1 tps: 298.79 qps: 298.79 (r/w/o: 298.79/0.00/0.00) lat (ms,95%): 3.49 err/s: 0.00 reconn/s: 0.00
[ 2s ] thds: 1 tps: 301.09 qps: 301.09 (r/w/o: 301.09/0.00/0.00) lat (ms,95%): 3.68 err/s: 0.00 reconn/s: 0.00
[ 3s ] thds: 1 tps: 305.97 qps: 305.97 (r/w/o: 305.97/0.00/0.00) lat (ms,95%): 3.49 err/s: 0.00 reconn/s: 0.00
[ 4s ] thds: 1 tps: 308.03 qps: 308.03 (r/w/o: 308.03/0.00/0.00) lat (ms,95%): 3.43 err/s: 0.00 reconn/s: 0.00
[ 5s ] thds: 1 tps: 306.99 qps: 306.99 (r/w/o: 306.99/0.00/0.00) lat (ms,95%): 3.43 err/s: 0.00 reconn/s: 0.00
[ 6s ] thds: 1 tps: 308.98 qps: 308.98 (r/w/o: 308.98/0.00/0.00) lat (ms,95%): 3.36 err/s: 0.00 reconn/s: 0.00
[ 7s ] thds: 1 tps: 305.01 qps: 305.01 (r/w/o: 305.01/0.00/0.00) lat (ms,95%): 3.49 err/s: 0.00 reconn/s: 0.00
[ 8s ] thds: 1 tps: 305.01 qps: 305.01 (r/w/o: 305.01/0.00/0.00) lat (ms,95%): 3.43 err/s: 0.00 reconn/s: 0.00
SQL statistics:
    queries performed:
        read:                            2441
        write:                           0
        other:                           0
        total:                           2441
    transactions:                        2441   (304.98 per sec.)
    queries:                             2441   (304.98 per sec.)
    ignored errors:                      0      (0.00 per sec.)
    reconnects:                          0      (0.00 per sec.)

General statistics:
    total time:                          8.0036s
    total number of events:              2441

Latency (ms):
         min:                                    2.88
         avg:                                    3.28
         max:                                   11.09
         95th percentile:                        3.49
         sum:                                 7999.86

Threads fairness:
    events (avg/stddev):           2441.0000/0.00
    execution time (avg/stddev):   7.9999/0.00

