sysbench 1.0.20 (using system LuaJIT 2.1.0-beta3)

Running the test with following options:
Number of threads: 1
Report intermediate results every 1 second(s)
Initializing random number generator from current time


Initializing worker threads...

Threads started!

[ 1s ] thds: 1 tps: 2419.43 qps: 2419.43 (r/w/o: 2419.43/0.00/0.00) lat (ms,95%): 0.44 err/s: 0.00 reconn/s: 0.00
[ 2s ] thds: 1 tps: 2475.29 qps: 2475.29 (r/w/o: 2475.29/0.00/0.00) lat (ms,95%): 0.43 err/s: 0.00 reconn/s: 0.00
[ 3s ] thds: 1 tps: 2428.00 qps: 2428.00 (r/w/o: 2428.00/0.00/0.00) lat (ms,95%): 0.44 err/s: 0.00 reconn/s: 0.00
[ 4s ] thds: 1 tps: 2464.25 qps: 2464.25 (r/w/o: 2464.25/0.00/0.00) lat (ms,95%): 0.43 err/s: 0.00 reconn/s: 0.00
[ 5s ] thds: 1 tps: 2494.92 qps: 2494.92 (r/w/o: 2494.92/0.00/0.00) lat (ms,95%): 0.42 err/s: 0.00 reconn/s: 0.00
[ 6s ] thds: 1 tps: 2478.08 qps: 2478.08 (r/w/o: 2478.08/0.00/0.00) lat (ms,95%): 0.43 err/s: 0.00 reconn/s: 0.00
[ 7s ] thds: 1 tps: 2467.98 qps: 2467.98 (r/w/o: 2467.98/0.00/0.00) lat (ms,95%): 0.43 err/s: 0.00 reconn/s: 0.00
[ 8s ] thds: 1 tps: 2456.94 qps: 2456.94 (r/w/o: 2456.94/0.00/0.00) lat (ms,95%): 0.43 err/s: 0.00 reconn/s: 0.00
SQL statistics:
    queries performed:
        read:                            19687
        write:                           0
        other:                           0
        total:                           19687
    transactions:                        19687  (2460.51 per sec.)
    queries:                             19687  (2460.51 per sec.)
    ignored errors:                      0      (0.00 per sec.)
    reconnects:                          0      (0.00 per sec.)

General statistics:
    total time:                          8.0008s
    total number of events:              19687

Latency (ms):
         min:                                    0.37
         avg:                                    0.41
         max:                                    8.24
         95th percentile:                        0.43
         sum:                                 7983.22

Threads fairness:
    events (avg/stddev):           19687.0000/0.00
    execution time (avg/stddev):   7.9832/0.00

