sysbench 1.0.20 (using system LuaJIT 2.1.0-beta3)

Running the test with following options:
Number of threads: 1
Report intermediate results every 1 second(s)
Initializing random number generator from current time


Initializing worker threads...

Threads started!

[ 1s ] thds: 1 tps: 1576.72 qps: 1576.72 (r/w/o: 1576.72/0.00/0.00) lat (ms,95%): 0.65 err/s: 0.00 reconn/s: 0.00
[ 2s ] thds: 1 tps: 1603.56 qps: 1603.56 (r/w/o: 1603.56/0.00/0.00) lat (ms,95%): 0.65 err/s: 0.00 reconn/s: 0.00
[ 3s ] thds: 1 tps: 1591.96 qps: 1591.96 (r/w/o: 1591.96/0.00/0.00) lat (ms,95%): 0.65 err/s: 0.00 reconn/s: 0.00
[ 4s ] thds: 1 tps: 1591.85 qps: 1591.85 (r/w/o: 1591.85/0.00/0.00) lat (ms,95%): 0.65 err/s: 0.00 reconn/s: 0.00
[ 5s ] thds: 1 tps: 1566.23 qps: 1566.23 (r/w/o: 1566.23/0.00/0.00) lat (ms,95%): 0.81 err/s: 0.00 reconn/s: 0.00
[ 6s ] thds: 1 tps: 1596.87 qps: 1596.87 (r/w/o: 1596.87/0.00/0.00) lat (ms,95%): 0.65 err/s: 0.00 reconn/s: 0.00
[ 7s ] thds: 1 tps: 1587.03 qps: 1587.03 (r/w/o: 1587.03/0.00/0.00) lat (ms,95%): 0.65 err/s: 0.00 reconn/s: 0.00
SQL statistics:
    queries performed:
        read:                            12701
        write:                           0
        other:                           0
        total:                           12701
    transactions:                        12701  (1587.41 per sec.)
    queries:                             12701  (1587.41 per sec.)
    ignored errors:                      0      (0.00 per sec.)
    reconnects:                          0      (0.00 per sec.)

General statistics:
    total time:                          8.0007s
    total number of events:              12701

Latency (ms):
         min:                                    0.57
         avg:                                    0.63
         max:                                    8.09
         95th percentile:                        0.67
         sum:                                 7989.24

Threads fairness:
    events (avg/stddev):           12701.0000/0.00
    execution time (avg/stddev):   7.9892/0.00

