sysbench 1.0.20 (using system LuaJIT 2.1.0-beta3)

Running the test with following options:
Number of threads: 1
Report intermediate results every 1 second(s)
Initializing random number generator from current time


Initializing worker threads...

Threads started!

[ 1s ] thds: 1 tps: 4156.02 qps: 4156.02 (r/w/o: 4156.02/0.00/0.00) lat (ms,95%): 0.26 err/s: 0.00 reconn/s: 0.00
[ 2s ] thds: 1 tps: 4134.70 qps: 4134.70 (r/w/o: 4134.70/0.00/0.00) lat (ms,95%): 0.27 err/s: 0.00 reconn/s: 0.00
[ 3s ] thds: 1 tps: 4244.24 qps: 4244.24 (r/w/o: 4244.24/0.00/0.00) lat (ms,95%): 0.26 err/s: 0.00 reconn/s: 0.00
[ 4s ] thds: 1 tps: 4156.11 qps: 4156.11 (r/w/o: 4156.11/0.00/0.00) lat (ms,95%): 0.27 err/s: 0.00 reconn/s: 0.00
[ 5s ] thds: 1 tps: 4170.03 qps: 4170.03 (r/w/o: 4170.03/0.00/0.00) lat (ms,95%): 0.26 err/s: 0.00 reconn/s: 0.00
[ 6s ] thds: 1 tps: 4114.03 qps: 4114.03 (r/w/o: 4114.03/0.00/0.00) lat (ms,95%): 0.27 err/s: 0.00 reconn/s: 0.00
[ 7s ] thds: 1 tps: 4245.91 qps: 4245.91 (r/w/o: 4245.91/0.00/0.00) lat (ms,95%): 0.26 err/s: 0.00 reconn/s: 0.00
SQL statistics:
    queries performed:
        read:                            33472
        write:                           0
        other:                           0
        total:                           33472
    transactions:                        33472  (4183.44 per sec.)
    queries:                             33472  (4183.44 per sec.)
    ignored errors:                      0      (0.00 per sec.)
    reconnects:                          0      (0.00 per sec.)

General statistics:
    total time:                          8.0007s
    total number of events:              33472

Latency (ms):
         min:                                    0.21
         avg:                                    0.24
         max:                                    7.78
         95th percentile:                        0.26
         sum:                                 7971.28

Threads fairness:
    events (avg/stddev):           33472.0000/0.00
    execution time (avg/stddev):   7.9713/0.00

