sysbench 1.0.20 (using system LuaJIT 2.1.0-beta3)

Running the test with following options:
Number of threads: 1
Report intermediate results every 1 second(s)
Initializing random number generator from current time


Initializing worker threads...

Threads started!

[ 1s ] thds: 1 tps: 2824.02 qps: 2824.02 (r/w/o: 2824.02/0.00/0.00) lat (ms,95%): 0.37 err/s: 0.00 reconn/s: 0.00
[ 2s ] thds: 1 tps: 2846.71 qps: 2846.71 (r/w/o: 2846.71/0.00/0.00) lat (ms,95%): 0.38 err/s: 0.00 reconn/s: 0.00
[ 3s ] thds: 1 tps: 2840.01 qps: 2840.01 (r/w/o: 2840.01/0.00/0.00) lat (ms,95%): 0.38 err/s: 0.00 reconn/s: 0.00
[ 4s ] thds: 1 tps: 2864.99 qps: 2864.99 (r/w/o: 2864.99/0.00/0.00) lat (ms,95%): 0.37 err/s: 0.00 reconn/s: 0.00
[ 5s ] thds: 1 tps: 2827.95 qps: 2827.95 (r/w/o: 2827.95/0.00/0.00) lat (ms,95%): 0.38 err/s: 0.00 reconn/s: 0.00
[ 6s ] thds: 1 tps: 2884.03 qps: 2884.03 (r/w/o: 2884.03/0.00/0.00) lat (ms,95%): 0.37 err/s: 0.00 reconn/s: 0.00
[ 7s ] thds: 1 tps: 2874.74 qps: 2874.74 (r/w/o: 2874.74/0.00/0.00) lat (ms,95%): 0.37 err/s: 0.00 reconn/s: 0.00
SQL statistics:
    queries performed:
        read:                            22838
        write:                           0
        other:                           0
        total:                           22838
    transactions:                        22838  (2854.37 per sec.)
    queries:                             22838  (2854.37 per sec.)
    ignored errors:                      0      (0.00 per sec.)
    reconnects:                          0      (0.00 per sec.)

General statistics:
    total time:                          8.0007s
    total number of events:              22838

Latency (ms):
         min:                                    0.32
         avg:                                    0.35
         max:                                    7.75
         95th percentile:                        0.37
         sum:                                 7979.57

Threads fairness:
    events (avg/stddev):           22838.0000/0.00
    execution time (avg/stddev):   7.9796/0.00

