sysbench 1.0.20 (using system LuaJIT 2.1.0-beta3)

Running the test with following options:
Number of threads: 1
Report intermediate results every 1 second(s)
Initializing random number generator from current time


Initializing worker threads...

Threads started!

[ 1s ] thds: 1 tps: 695.53 qps: 695.53 (r/w/o: 695.53/0.00/0.00) lat (ms,95%): 1.50 err/s: 0.00 reconn/s: 0.00
[ 2s ] thds: 1 tps: 710.17 qps: 710.17 (r/w/o: 710.17/0.00/0.00) lat (ms,95%): 1.47 err/s: 0.00 reconn/s: 0.00
[ 3s ] thds: 1 tps: 708.01 qps: 708.01 (r/w/o: 708.01/0.00/0.00) lat (ms,95%): 1.50 err/s: 0.00 reconn/s: 0.00
[ 4s ] thds: 1 tps: 697.98 qps: 697.98 (r/w/o: 697.98/0.00/0.00) lat (ms,95%): 1.50 err/s: 0.00 reconn/s: 0.00
[ 5s ] thds: 1 tps: 698.93 qps: 698.93 (r/w/o: 698.93/0.00/0.00) lat (ms,95%): 1.50 err/s: 0.00 reconn/s: 0.00
[ 6s ] thds: 1 tps: 690.07 qps: 690.07 (r/w/o: 690.07/0.00/0.00) lat (ms,95%): 1.96 err/s: 0.00 reconn/s: 0.00
[ 7s ] thds: 1 tps: 584.95 qps: 584.95 (r/w/o: 584.95/0.00/0.00) lat (ms,95%): 2.00 err/s: 0.00 reconn/s: 0.00
[ 8s ] thds: 1 tps: 658.06 qps: 658.06 (r/w/o: 658.06/0.00/0.00) lat (ms,95%): 1.96 err/s: 0.00 reconn/s: 0.00
SQL statistics:
    queries performed:
        read:                            5445
        write:                           0
        other:                           0
        total:                           5445
    transactions:                        5445   (680.45 per sec.)
    queries:                             5445   (680.45 per sec.)
    ignored errors:                      0      (0.00 per sec.)
    reconnects:                          0      (0.00 per sec.)

General statistics:
    total time:                          8.0017s
    total number of events:              5445

Latency (ms):
         min:                                    1.23
         avg:                                    1.47
         max:                                    9.70
         95th percentile:                        1.96
         sum:                                 7995.50

Threads fairness:
    events (avg/stddev):           5445.0000/0.00
    execution time (avg/stddev):   7.9955/0.00

