sysbench 1.0.20 (using system LuaJIT 2.1.0-beta3)

Running the test with following options:
Number of threads: 1
Report intermediate results every 1 second(s)
Initializing random number generator from current time


Initializing worker threads...

Threads started!

[ 1s ] thds: 1 tps: 2.00 qps: 1887.21 (r/w/o: 0.00/1880.21/6.99) lat (ms,95%): 434.83 err/s: 0.00 reconn/s: 0.00
[ 2s ] thds: 1 tps: 2.00 qps: 1923.96 (r/w/o: 0.00/1919.96/4.00) lat (ms,95%): 419.45 err/s: 0.00 reconn/s: 0.00
[ 3s ] thds: 1 tps: 3.00 qps: 1909.04 (r/w/o: 0.00/1903.04/6.00) lat (ms,95%): 427.07 err/s: 0.00 reconn/s: 0.00
[ 4s ] thds: 1 tps: 2.00 qps: 1957.01 (r/w/o: 0.00/1953.01/4.00) lat (ms,95%): 411.96 err/s: 0.00 reconn/s: 0.00
[ 5s ] thds: 1 tps: 2.00 qps: 1918.94 (r/w/o: 0.00/1914.94/4.00) lat (ms,95%): 419.45 err/s: 0.00 reconn/s: 0.00
[ 6s ] thds: 1 tps: 3.00 qps: 1855.97 (r/w/o: 0.00/1849.97/6.00) lat (ms,95%): 419.45 err/s: 0.00 reconn/s: 0.00
[ 7s ] thds: 1 tps: 2.00 qps: 1789.02 (r/w/o: 0.00/1785.02/4.00) lat (ms,95%): 493.24 err/s: 0.00 reconn/s: 0.00
[ 8s ] thds: 1 tps: 2.00 qps: 1895.02 (r/w/o: 0.00/1891.02/4.00) lat (ms,95%): 450.77 err/s: 0.00 reconn/s: 0.00
SQL statistics:
    queries performed:
        read:                            0
        write:                           15218
        other:                           39
        total:                           15257
    transactions:                        19     (2.36 per sec.)
    queries:                             15257  (1892.72 per sec.)
    ignored errors:                      0      (0.00 per sec.)
    reconnects:                          0      (0.00 per sec.)

General statistics:
    total time:                          8.0605s
    total number of events:              19

Latency (ms):
         min:                                  409.50
         avg:                                  424.21
         max:                                  491.79
         95th percentile:                      450.77
         sum:                                 8059.93

Threads fairness:
    events (avg/stddev):           19.0000/0.00
    execution time (avg/stddev):   8.0599/0.00

