sysbench 1.0.20 (using system LuaJIT 2.1.0-beta3)

Running the test with following options:
Number of threads: 1
Report intermediate results every 1 second(s)
Initializing random number generator from current time


Initializing worker threads...

Threads started!

[ 1s ] thds: 1 tps: 91.92 qps: 1202.92 (r/w/o: 0.00/1016.09/186.83) lat (ms,95%): 13.70 err/s: 0.00 reconn/s: 0.00
[ 2s ] thds: 1 tps: 97.04 qps: 1255.53 (r/w/o: 0.00/1062.45/193.08) lat (ms,95%): 12.98 err/s: 0.00 reconn/s: 0.00
[ 3s ] thds: 1 tps: 95.00 qps: 1239.95 (r/w/o: 0.00/1048.96/190.99) lat (ms,95%): 13.70 err/s: 0.00 reconn/s: 0.00
[ 4s ] thds: 1 tps: 96.00 qps: 1244.04 (r/w/o: 0.00/1052.04/192.01) lat (ms,95%): 12.52 err/s: 0.00 reconn/s: 0.00
[ 5s ] thds: 1 tps: 90.00 qps: 1178.00 (r/w/o: 0.00/998.00/180.00) lat (ms,95%): 15.00 err/s: 0.00 reconn/s: 0.00
[ 6s ] thds: 1 tps: 95.00 qps: 1235.00 (r/w/o: 0.00/1045.00/190.00) lat (ms,95%): 12.52 err/s: 0.00 reconn/s: 0.00
[ 7s ] thds: 1 tps: 91.00 qps: 1177.03 (r/w/o: 0.00/995.02/182.00) lat (ms,95%): 13.46 err/s: 0.00 reconn/s: 0.00
[ 8s ] thds: 1 tps: 97.00 qps: 1258.98 (r/w/o: 0.00/1064.98/194.00) lat (ms,95%): 12.75 err/s: 0.00 reconn/s: 0.00
SQL statistics:
    queries performed:
        read:                            0
        write:                           8293
        other:                           1509
        total:                           9802
    transactions:                        754    (94.13 per sec.)
    queries:                             9802   (1223.72 per sec.)
    ignored errors:                      0      (0.00 per sec.)
    reconnects:                          0      (0.00 per sec.)

General statistics:
    total time:                          8.0096s
    total number of events:              754

Latency (ms):
         min:                                    8.51
         avg:                                   10.62
         max:                                   40.76
         95th percentile:                       13.22
         sum:                                 8007.33

Threads fairness:
    events (avg/stddev):           754.0000/0.00
    execution time (avg/stddev):   8.0073/0.00

