sysbench 1.0.20 (using system LuaJIT 2.1.0-beta3)

Running the test with following options:
Number of threads: 1
Report intermediate results every 1 second(s)
Initializing random number generator from current time


Initializing worker threads...

Threads started!

[ 1s ] thds: 1 tps: 0.00 qps: 1001.11 (r/w/o: 0.00/998.11/3.00) lat (ms,95%): 0.00 err/s: 0.00 reconn/s: 0.00
[ 2s ] thds: 1 tps: 0.00 qps: 988.42 (r/w/o: 0.00/988.42/0.00) lat (ms,95%): 0.00 err/s: 0.00 reconn/s: 0.00
[ 3s ] thds: 1 tps: 0.00 qps: 946.00 (r/w/o: 0.00/946.00/0.00) lat (ms,95%): 0.00 err/s: 0.00 reconn/s: 0.00
[ 4s ] thds: 1 tps: 0.00 qps: 940.00 (r/w/o: 0.00/940.00/0.00) lat (ms,95%): 0.00 err/s: 0.00 reconn/s: 0.00
[ 5s ] thds: 1 tps: 1.00 qps: 873.96 (r/w/o: 0.00/871.96/2.00) lat (ms,95%): 4128.91 err/s: 0.00 reconn/s: 0.00
[ 6s ] thds: 1 tps: 0.00 qps: 913.03 (r/w/o: 0.00/913.03/0.00) lat (ms,95%): 0.00 err/s: 0.00 reconn/s: 0.00
[ 7s ] thds: 1 tps: 0.00 qps: 973.96 (r/w/o: 0.00/973.96/0.00) lat (ms,95%): 0.00 err/s: 0.00 reconn/s: 0.00
[ 8s ] thds: 1 tps: 0.00 qps: 920.03 (r/w/o: 0.00/920.03/0.00) lat (ms,95%): 0.00 err/s: 0.00 reconn/s: 0.00
SQL statistics:
    queries performed:
        read:                            0
        write:                           8001
        other:                           5
        total:                           8006
    transactions:                        2      (0.24 per sec.)
    queries:                             8006   (942.04 per sec.)
    ignored errors:                      0      (0.00 per sec.)
    reconnects:                          0      (0.00 per sec.)

General statistics:
    total time:                          8.4982s
    total number of events:              2

Latency (ms):
         min:                                 4135.36
         avg:                                 4248.85
         max:                                 4362.35
         95th percentile:                     4358.09
         sum:                                 8497.70

Threads fairness:
    events (avg/stddev):           2.0000/0.00
    execution time (avg/stddev):   8.4977/0.00

