sysbench 1.0.20 (using system LuaJIT 2.1.0-beta3)

Running the test with following options:
Number of threads: 4
Report intermediate results every 2 second(s)
Initializing random number generator from current time


Initializing worker threads...

Threads started!

[ 2s ] thds: 4 tps: 2.00 qps: 6502.56 (r/w/o: 0.00/1623.14/4879.42) lat (ms,95%): 1836.24 err/s: 0.00 reconn/s: 0.00
[ 4s ] thds: 4 tps: 2.00 qps: 6543.61 (r/w/o: 0.00/1634.90/4908.71) lat (ms,95%): 1836.24 err/s: 0.00 reconn/s: 0.00
[ 6s ] thds: 4 tps: 2.00 qps: 6660.08 (r/w/o: 0.00/1664.02/4996.06) lat (ms,95%): 1803.47 err/s: 0.00 reconn/s: 0.00
[ 8s ] thds: 4 tps: 2.00 qps: 6550.15 (r/w/o: 0.00/1636.54/4913.61) lat (ms,95%): 1836.24 err/s: 0.00 reconn/s: 0.00
[ 10s ] thds: 4 tps: 2.00 qps: 6641.61 (r/w/o: 0.00/1659.40/4982.21) lat (ms,95%): 1836.24 err/s: 0.00 reconn/s: 0.00
[ 12s ] thds: 4 tps: 2.00 qps: 6618.26 (r/w/o: 0.00/1653.56/4964.69) lat (ms,95%): 1803.47 err/s: 0.00 reconn/s: 0.00
[ 14s ] thds: 4 tps: 2.00 qps: 6603.95 (r/w/o: 0.00/1649.99/4953.96) lat (ms,95%): 1803.47 err/s: 0.00 reconn/s: 0.00
[ 16s ] thds: 4 tps: 2.00 qps: 6607.66 (r/w/o: 0.00/1651.04/4956.62) lat (ms,95%): 1836.24 err/s: 0.00 reconn/s: 0.00
[ 18s ] thds: 4 tps: 2.00 qps: 6682.39 (r/w/o: 0.00/1669.47/5012.92) lat (ms,95%): 1803.47 err/s: 0.00 reconn/s: 0.00
SQL statistics:
    queries performed:
        read:                            0
        write:                           30009
        other:                           90111
        total:                           120120
    transactions:                        40     (2.20 per sec.)
    queries:                             120120 (6601.02 per sec.)
    ignored errors:                      0      (0.00 per sec.)
    reconnects:                          0      (0.00 per sec.)

General statistics:
    total time:                          18.1968s
    total number of events:              40

Latency (ms):
         min:                                 1800.23
         avg:                                 1819.59
         max:                                 1842.66
         95th percentile:                     1836.24
         sum:                                72783.40

Threads fairness:
    events (avg/stddev):           10.0000/0.00
    execution time (avg/stddev):   18.1959/0.00

