sysbench 1.0.20 (using system LuaJIT 2.1.0-beta3)

Running the test with following options:
Number of threads: 4
Report intermediate results every 2 second(s)
Initializing random number generator from current time


Initializing worker threads...

Threads started!

[ 2s ] thds: 4 tps: 11739.65 qps: 11739.65 (r/w/o: 11739.65/0.00/0.00) lat (ms,95%): 0.47 err/s: 0.00 reconn/s: 0.00
[ 4s ] thds: 4 tps: 11839.42 qps: 11839.42 (r/w/o: 11839.42/0.00/0.00) lat (ms,95%): 0.48 err/s: 0.00 reconn/s: 0.00
[ 6s ] thds: 4 tps: 11810.98 qps: 11810.98 (r/w/o: 11810.98/0.00/0.00) lat (ms,95%): 0.48 err/s: 0.00 reconn/s: 0.00
[ 8s ] thds: 4 tps: 11889.03 qps: 11889.03 (r/w/o: 11889.03/0.00/0.00) lat (ms,95%): 0.47 err/s: 0.00 reconn/s: 0.00
[ 10s ] thds: 4 tps: 11826.97 qps: 11826.97 (r/w/o: 11826.97/0.00/0.00) lat (ms,95%): 0.48 err/s: 0.00 reconn/s: 0.00
[ 12s ] thds: 4 tps: 11896.04 qps: 11896.04 (r/w/o: 11896.04/0.00/0.00) lat (ms,95%): 0.48 err/s: 0.00 reconn/s: 0.00
[ 14s ] thds: 4 tps: 11847.91 qps: 11847.91 (r/w/o: 11847.91/0.00/0.00) lat (ms,95%): 0.48 err/s: 0.00 reconn/s: 0.00
[ 16s ] thds: 4 tps: 11824.59 qps: 11824.59 (r/w/o: 11824.59/0.00/0.00) lat (ms,95%): 0.47 err/s: 0.00 reconn/s: 0.00
[ 18s ] thds: 4 tps: 11834.97 qps: 11834.97 (r/w/o: 11834.97/0.00/0.00) lat (ms,95%): 0.48 err/s: 0.00 reconn/s: 0.00
SQL statistics:
    queries performed:
        read:                            213029
        write:                           0
        other:                           0
        total:                           213029
    transactions:                        213029 (11833.97 per sec.)
    queries:                             213029 (11833.97 per sec.)
    ignored errors:                      0      (0.00 per sec.)
    reconnects:                          0      (0.00 per sec.)

General statistics:
    total time:                          18.0011s
    total number of events:              213029

Latency (ms):
         min:                                    0.19
         avg:                                    0.34
         max:                                   18.55
         95th percentile:                        0.48
         sum:                                71769.22

Threads fairness:
    events (avg/stddev):           53257.2500/93.40
    execution time (avg/stddev):   17.9423/0.00

