sysbench 1.0.20 (using system LuaJIT 2.1.0-beta3)

Running the test with following options:
Number of threads: 1
Report intermediate results every 1 second(s)
Initializing random number generator from current time


Initializing worker threads...

Threads started!

[ 1s ] thds: 1 tps: 394.63 qps: 394.63 (r/w/o: 394.63/0.00/0.00) lat (ms,95%): 2.57 err/s: 0.00 reconn/s: 0.00
[ 2s ] thds: 1 tps: 400.16 qps: 400.16 (r/w/o: 400.16/0.00/0.00) lat (ms,95%): 2.57 err/s: 0.00 reconn/s: 0.00
[ 3s ] thds: 1 tps: 399.02 qps: 399.02 (r/w/o: 399.02/0.00/0.00) lat (ms,95%): 2.52 err/s: 0.00 reconn/s: 0.00
[ 4s ] thds: 1 tps: 400.01 qps: 400.01 (r/w/o: 400.01/0.00/0.00) lat (ms,95%): 2.57 err/s: 0.00 reconn/s: 0.00
[ 5s ] thds: 1 tps: 399.97 qps: 399.97 (r/w/o: 399.97/0.00/0.00) lat (ms,95%): 2.52 err/s: 0.00 reconn/s: 0.00
[ 6s ] thds: 1 tps: 402.04 qps: 402.04 (r/w/o: 402.04/0.00/0.00) lat (ms,95%): 2.52 err/s: 0.00 reconn/s: 0.00
[ 7s ] thds: 1 tps: 399.95 qps: 399.95 (r/w/o: 399.95/0.00/0.00) lat (ms,95%): 2.52 err/s: 0.00 reconn/s: 0.00
[ 8s ] thds: 1 tps: 402.05 qps: 402.05 (r/w/o: 402.05/0.00/0.00) lat (ms,95%): 2.52 err/s: 0.00 reconn/s: 0.00
SQL statistics:
    queries performed:
        read:                            3199
        write:                           0
        other:                           0
        total:                           3199
    transactions:                        3199   (399.74 per sec.)
    queries:                             3199   (399.74 per sec.)
    ignored errors:                      0      (0.00 per sec.)
    reconnects:                          0      (0.00 per sec.)

General statistics:
    total time:                          8.0022s
    total number of events:              3199

Latency (ms):
         min:                                    2.44
         avg:                                    2.50
         max:                                   10.58
         95th percentile:                        2.52
         sum:                                 7998.11

Threads fairness:
    events (avg/stddev):           3199.0000/0.00
    execution time (avg/stddev):   7.9981/0.00

