sysbench 1.0.20 (using system LuaJIT 2.1.0-beta3)

Running the test with following options:
Number of threads: 4
Report intermediate results every 2 second(s)
Initializing random number generator from current time


Initializing worker threads...

Threads started!

[ 2s ] thds: 4 tps: 0.00 qps: 4183.87 (r/w/o: 0.00/1043.97/3139.90) lat (ms,95%): 0.00 err/s: 0.00 reconn/s: 0.00
[ 4s ] thds: 4 tps: 0.00 qps: 3918.31 (r/w/o: 0.00/979.20/2939.11) lat (ms,95%): 0.00 err/s: 0.00 reconn/s: 0.00
[ 6s ] thds: 4 tps: 0.00 qps: 3914.48 (r/w/o: 0.00/978.99/2935.48) lat (ms,95%): 0.00 err/s: 0.00 reconn/s: 0.00
[ 8s ] thds: 4 tps: 0.00 qps: 3720.05 (r/w/o: 0.00/930.01/2790.04) lat (ms,95%): 0.00 err/s: 0.00 reconn/s: 0.00
[ 10s ] thds: 4 tps: 0.00 qps: 4152.00 (r/w/o: 0.00/1038.00/3114.00) lat (ms,95%): 0.00 err/s: 0.00 reconn/s: 0.00
[ 12s ] thds: 4 tps: 0.00 qps: 4257.96 (r/w/o: 0.00/1064.49/3193.47) lat (ms,95%): 0.00 err/s: 0.00 reconn/s: 0.00
[ 14s ] thds: 4 tps: 0.00 qps: 3822.03 (r/w/o: 0.00/955.51/2866.52) lat (ms,95%): 0.00 err/s: 0.00 reconn/s: 0.00
[ 16s ] thds: 4 tps: 0.00 qps: 4050.04 (r/w/o: 0.00/1012.51/3037.53) lat (ms,95%): 0.00 err/s: 0.00 reconn/s: 0.00
[ 18s ] thds: 4 tps: 0.00 qps: 3780.37 (r/w/o: 0.00/945.47/2834.90) lat (ms,95%): 0.00 err/s: 0.00 reconn/s: 0.00
[ 20s ] thds: 4 tps: 0.00 qps: 3781.72 (r/w/o: 0.00/945.06/2836.67) lat (ms,95%): 0.00 err/s: 0.00 reconn/s: 0.00
[ 22s ] thds: 4 tps: 0.00 qps: 3881.98 (r/w/o: 0.00/970.50/2911.49) lat (ms,95%): 0.00 err/s: 0.00 reconn/s: 0.00
SQL statistics:
    queries performed:
        read:                            0
        write:                           22000
        other:                           66016
        total:                           88016
    transactions:                        4      (0.18 per sec.)
    queries:                             88016  (3948.92 per sec.)
    ignored errors:                      0      (0.00 per sec.)
    reconnects:                          0      (0.00 per sec.)

General statistics:
    total time:                          22.2883s
    total number of events:              4

Latency (ms):
         min:                                22287.33
         avg:                                22287.35
         max:                                22287.36
         95th percentile:                    22435.13
         sum:                                89149.42

Threads fairness:
    events (avg/stddev):           1.0000/0.00
    execution time (avg/stddev):   22.2874/0.00

