sysbench 1.0.20 (using system LuaJIT 2.1.0-beta3)

Running the test with following options:
Number of threads: 1
Report intermediate results every 1 second(s)
Initializing random number generator from current time


Initializing worker threads...

Threads started!

[ 1s ] thds: 1 tps: 771.38 qps: 2314.15 (r/w/o: 2314.15/0.00/0.00) lat (ms,95%): 1.32 err/s: 0.00 reconn/s: 0.00
[ 2s ] thds: 1 tps: 764.20 qps: 2292.61 (r/w/o: 2292.61/0.00/0.00) lat (ms,95%): 1.34 err/s: 0.00 reconn/s: 0.00
[ 3s ] thds: 1 tps: 764.94 qps: 2294.82 (r/w/o: 2294.82/0.00/0.00) lat (ms,95%): 1.34 err/s: 0.00 reconn/s: 0.00
[ 4s ] thds: 1 tps: 769.08 qps: 2309.25 (r/w/o: 2309.25/0.00/0.00) lat (ms,95%): 1.34 err/s: 0.00 reconn/s: 0.00
[ 5s ] thds: 1 tps: 772.00 qps: 2316.00 (r/w/o: 2316.00/0.00/0.00) lat (ms,95%): 1.37 err/s: 0.00 reconn/s: 0.00
[ 6s ] thds: 1 tps: 776.04 qps: 2326.12 (r/w/o: 2326.12/0.00/0.00) lat (ms,95%): 1.34 err/s: 0.00 reconn/s: 0.00
[ 7s ] thds: 1 tps: 776.96 qps: 2332.88 (r/w/o: 2332.88/0.00/0.00) lat (ms,95%): 1.32 err/s: 0.00 reconn/s: 0.00
[ 8s ] thds: 1 tps: 775.97 qps: 2327.90 (r/w/o: 2327.90/0.00/0.00) lat (ms,95%): 1.32 err/s: 0.00 reconn/s: 0.00
SQL statistics:
    queries performed:
        read:                            18516
        write:                           0
        other:                           0
        total:                           18516
    transactions:                        6172   (771.35 per sec.)
    queries:                             18516  (2314.04 per sec.)
    ignored errors:                      0      (0.00 per sec.)
    reconnects:                          0      (0.00 per sec.)

General statistics:
    total time:                          8.0012s
    total number of events:              6172

Latency (ms):
         min:                                    1.21
         avg:                                    1.30
         max:                                    9.03
         95th percentile:                        1.34
         sum:                                 7993.16

Threads fairness:
    events (avg/stddev):           6172.0000/0.00
    execution time (avg/stddev):   7.9932/0.00

