sysbench 1.0.20 (using system LuaJIT 2.1.0-beta3)

Running the test with following options:
Number of threads: 4
Report intermediate results every 2 second(s)
Initializing random number generator from current time


Initializing worker threads...

Threads started!

[ 2s ] thds: 4 tps: 0.00 qps: 3252.72 (r/w/o: 0.00/814.05/2438.66) lat (ms,95%): 0.00 err/s: 0.50 reconn/s: 0.00
[ 4s ] thds: 4 tps: 0.00 qps: 3285.04 (r/w/o: 0.00/821.26/2463.78) lat (ms,95%): 0.00 err/s: 0.00 reconn/s: 0.00
[ 6s ] thds: 4 tps: 0.00 qps: 3720.32 (r/w/o: 0.00/930.45/2789.86) lat (ms,95%): 0.00 err/s: 0.00 reconn/s: 0.00
[ 8s ] thds: 4 tps: 0.00 qps: 3482.02 (r/w/o: 0.00/870.51/2611.52) lat (ms,95%): 0.00 err/s: 0.00 reconn/s: 0.00
[ 10s ] thds: 4 tps: 0.00 qps: 3299.49 (r/w/o: 0.00/824.50/2474.99) lat (ms,95%): 0.00 err/s: 0.00 reconn/s: 0.00
[ 12s ] thds: 4 tps: 0.00 qps: 3116.11 (r/w/o: 0.00/779.03/2337.08) lat (ms,95%): 0.00 err/s: 0.00 reconn/s: 0.00
[ 14s ] thds: 4 tps: 0.00 qps: 3217.96 (r/w/o: 0.00/804.49/2413.47) lat (ms,95%): 0.00 err/s: 0.00 reconn/s: 0.00
[ 16s ] thds: 4 tps: 0.00 qps: 3345.96 (r/w/o: 0.00/836.49/2509.47) lat (ms,95%): 0.00 err/s: 0.00 reconn/s: 0.00
[ 18s ] thds: 4 tps: 0.00 qps: 3304.10 (r/w/o: 0.00/826.03/2478.08) lat (ms,95%): 0.00 err/s: 0.00 reconn/s: 0.00
[ 20s ] thds: 4 tps: 0.00 qps: 3370.03 (r/w/o: 0.00/842.51/2527.52) lat (ms,95%): 0.00 err/s: 0.00 reconn/s: 0.00
[ 22s ] thds: 4 tps: 0.00 qps: 3293.86 (r/w/o: 0.00/823.47/2470.40) lat (ms,95%): 0.00 err/s: 0.00 reconn/s: 0.00
[ 24s ] thds: 4 tps: 0.00 qps: 3357.51 (r/w/o: 0.00/839.50/2518.01) lat (ms,95%): 0.00 err/s: 0.00 reconn/s: 0.00
[ 26s ] thds: 4 tps: 0.00 qps: 3256.56 (r/w/o: 0.00/814.02/2442.55) lat (ms,95%): 0.00 err/s: 0.00 reconn/s: 0.00
SQL statistics:
    queries performed:
        read:                            0
        write:                           22007
        other:                           66014
        total:                           88021
    transactions:                        4      (0.15 per sec.)
    queries:                             88021  (3328.69 per sec.)
    ignored errors:                      1      (0.04 per sec.)
    reconnects:                          0      (0.00 per sec.)

General statistics:
    total time:                          26.4428s
    total number of events:              4

Latency (ms):
         min:                                26441.82
         avg:                                26441.85
         max:                                26441.86
         95th percentile:                    26382.13
         sum:                               105767.39

Threads fairness:
    events (avg/stddev):           1.0000/0.00
    execution time (avg/stddev):   26.4418/0.00

