sysbench 1.0.20 (using system LuaJIT 2.1.0-beta3)

Running the test with following options:
Number of threads: 1
Report intermediate results every 1 second(s)
Initializing random number generator from current time


Initializing worker threads...

Threads started!

[ 1s ] thds: 1 tps: 259.80 qps: 259.80 (r/w/o: 259.80/0.00/0.00) lat (ms,95%): 4.18 err/s: 0.00 reconn/s: 0.00
[ 2s ] thds: 1 tps: 265.08 qps: 265.08 (r/w/o: 265.08/0.00/0.00) lat (ms,95%): 3.96 err/s: 0.00 reconn/s: 0.00
[ 3s ] thds: 1 tps: 259.00 qps: 259.00 (r/w/o: 259.00/0.00/0.00) lat (ms,95%): 4.18 err/s: 0.00 reconn/s: 0.00
[ 4s ] thds: 1 tps: 259.01 qps: 259.01 (r/w/o: 259.01/0.00/0.00) lat (ms,95%): 4.41 err/s: 0.00 reconn/s: 0.00
[ 5s ] thds: 1 tps: 254.99 qps: 254.99 (r/w/o: 254.99/0.00/0.00) lat (ms,95%): 4.25 err/s: 0.00 reconn/s: 0.00
[ 6s ] thds: 1 tps: 260.00 qps: 260.00 (r/w/o: 260.00/0.00/0.00) lat (ms,95%): 4.18 err/s: 0.00 reconn/s: 0.00
[ 7s ] thds: 1 tps: 262.00 qps: 262.00 (r/w/o: 262.00/0.00/0.00) lat (ms,95%): 4.18 err/s: 0.00 reconn/s: 0.00
SQL statistics:
    queries performed:
        read:                            2084
        write:                           0
        other:                           0
        total:                           2084
    transactions:                        2084   (260.47 per sec.)
    queries:                             2084   (260.47 per sec.)
    ignored errors:                      0      (0.00 per sec.)
    reconnects:                          0      (0.00 per sec.)

General statistics:
    total time:                          8.0007s
    total number of events:              2084

Latency (ms):
         min:                                    3.28
         avg:                                    3.84
         max:                                   11.35
         95th percentile:                        4.18
         sum:                                 7997.09

Threads fairness:
    events (avg/stddev):           2084.0000/0.00
    execution time (avg/stddev):   7.9971/0.00

