sysbench 1.0.20 (using system LuaJIT 2.1.0-beta3)

Running the test with following options:
Number of threads: 4
Report intermediate results every 2 second(s)
Initializing random number generator from current time


Initializing worker threads...

Threads started!

[ 2s ] thds: 4 tps: 11772.75 qps: 11772.75 (r/w/o: 11772.75/0.00/0.00) lat (ms,95%): 0.48 err/s: 0.00 reconn/s: 0.00
[ 4s ] thds: 4 tps: 11946.38 qps: 11946.38 (r/w/o: 11946.38/0.00/0.00) lat (ms,95%): 0.48 err/s: 0.00 reconn/s: 0.00
[ 6s ] thds: 4 tps: 11953.82 qps: 11953.82 (r/w/o: 11953.82/0.00/0.00) lat (ms,95%): 0.47 err/s: 0.00 reconn/s: 0.00
[ 8s ] thds: 4 tps: 11834.73 qps: 11834.73 (r/w/o: 11834.73/0.00/0.00) lat (ms,95%): 0.49 err/s: 0.00 reconn/s: 0.00
[ 10s ] thds: 4 tps: 11655.95 qps: 11655.95 (r/w/o: 11655.95/0.00/0.00) lat (ms,95%): 0.51 err/s: 0.00 reconn/s: 0.00
[ 12s ] thds: 4 tps: 11896.03 qps: 11896.03 (r/w/o: 11896.03/0.00/0.00) lat (ms,95%): 0.48 err/s: 0.00 reconn/s: 0.00
[ 14s ] thds: 4 tps: 11936.67 qps: 11936.67 (r/w/o: 11936.67/0.00/0.00) lat (ms,95%): 0.48 err/s: 0.00 reconn/s: 0.00
[ 16s ] thds: 4 tps: 11946.74 qps: 11946.74 (r/w/o: 11946.74/0.00/0.00) lat (ms,95%): 0.47 err/s: 0.00 reconn/s: 0.00
[ 18s ] thds: 4 tps: 11953.38 qps: 11953.38 (r/w/o: 11953.38/0.00/0.00) lat (ms,95%): 0.47 err/s: 0.00 reconn/s: 0.00
SQL statistics:
    queries performed:
        read:                            213801
        write:                           0
        other:                           0
        total:                           213801
    transactions:                        213801 (11876.84 per sec.)
    queries:                             213801 (11876.84 per sec.)
    ignored errors:                      0      (0.00 per sec.)
    reconnects:                          0      (0.00 per sec.)

General statistics:
    total time:                          18.0011s
    total number of events:              213801

Latency (ms):
         min:                                    0.18
         avg:                                    0.34
         max:                                   18.20
         95th percentile:                        0.48
         sum:                                71765.37

Threads fairness:
    events (avg/stddev):           53450.2500/141.89
    execution time (avg/stddev):   17.9413/0.00

