sysbench 1.0.20 (using system LuaJIT 2.1.0-beta3)

Running the test with following options:
Number of threads: 1
Report intermediate results every 1 second(s)
Initializing random number generator from current time


Initializing worker threads...

Threads started!

[ 1s ] thds: 1 tps: 864.44 qps: 864.44 (r/w/o: 864.44/0.00/0.00) lat (ms,95%): 1.18 err/s: 0.00 reconn/s: 0.00
[ 2s ] thds: 1 tps: 875.16 qps: 875.16 (r/w/o: 875.16/0.00/0.00) lat (ms,95%): 1.16 err/s: 0.00 reconn/s: 0.00
[ 3s ] thds: 1 tps: 876.00 qps: 876.00 (r/w/o: 876.00/0.00/0.00) lat (ms,95%): 1.18 err/s: 0.00 reconn/s: 0.00
[ 4s ] thds: 1 tps: 885.02 qps: 885.02 (r/w/o: 885.02/0.00/0.00) lat (ms,95%): 1.16 err/s: 0.00 reconn/s: 0.00
[ 5s ] thds: 1 tps: 880.94 qps: 880.94 (r/w/o: 880.94/0.00/0.00) lat (ms,95%): 1.16 err/s: 0.00 reconn/s: 0.00
[ 6s ] thds: 1 tps: 882.06 qps: 882.06 (r/w/o: 882.06/0.00/0.00) lat (ms,95%): 1.16 err/s: 0.00 reconn/s: 0.00
[ 7s ] thds: 1 tps: 877.98 qps: 877.98 (r/w/o: 877.98/0.00/0.00) lat (ms,95%): 1.16 err/s: 0.00 reconn/s: 0.00
[ 8s ] thds: 1 tps: 884.02 qps: 884.02 (r/w/o: 884.02/0.00/0.00) lat (ms,95%): 1.16 err/s: 0.00 reconn/s: 0.00
SQL statistics:
    queries performed:
        read:                            7027
        write:                           0
        other:                           0
        total:                           7027
    transactions:                        7027   (878.21 per sec.)
    queries:                             7027   (878.21 per sec.)
    ignored errors:                      0      (0.00 per sec.)
    reconnects:                          0      (0.00 per sec.)

General statistics:
    total time:                          8.0011s
    total number of events:              7027

Latency (ms):
         min:                                    1.10
         avg:                                    1.14
         max:                                    9.02
         95th percentile:                        1.16
         sum:                                 7993.87

Threads fairness:
    events (avg/stddev):           7027.0000/0.00
    execution time (avg/stddev):   7.9939/0.00

