sysbench 1.0.20 (using system LuaJIT 2.1.0-beta3)

Running the test with following options:
Number of threads: 1
Report intermediate results every 1 second(s)
Initializing random number generator from current time


Initializing worker threads...

Threads started!

[ 1s ] thds: 1 tps: 48.96 qps: 48.96 (r/w/o: 48.96/0.00/0.00) lat (ms,95%): 21.50 err/s: 0.00 reconn/s: 0.00
[ 2s ] thds: 1 tps: 50.02 qps: 50.02 (r/w/o: 50.02/0.00/0.00) lat (ms,95%): 20.37 err/s: 0.00 reconn/s: 0.00
[ 3s ] thds: 1 tps: 52.00 qps: 52.00 (r/w/o: 52.00/0.00/0.00) lat (ms,95%): 19.65 err/s: 0.00 reconn/s: 0.00
[ 4s ] thds: 1 tps: 51.00 qps: 51.00 (r/w/o: 51.00/0.00/0.00) lat (ms,95%): 19.65 err/s: 0.00 reconn/s: 0.00
[ 5s ] thds: 1 tps: 51.00 qps: 51.00 (r/w/o: 51.00/0.00/0.00) lat (ms,95%): 19.65 err/s: 0.00 reconn/s: 0.00
[ 6s ] thds: 1 tps: 51.00 qps: 51.00 (r/w/o: 51.00/0.00/0.00) lat (ms,95%): 19.65 err/s: 0.00 reconn/s: 0.00
[ 7s ] thds: 1 tps: 51.00 qps: 51.00 (r/w/o: 51.00/0.00/0.00) lat (ms,95%): 19.65 err/s: 0.00 reconn/s: 0.00
[ 8s ] thds: 1 tps: 52.00 qps: 52.00 (r/w/o: 52.00/0.00/0.00) lat (ms,95%): 19.65 err/s: 0.00 reconn/s: 0.00
SQL statistics:
    queries performed:
        read:                            408
        write:                           0
        other:                           0
        total:                           408
    transactions:                        408    (50.87 per sec.)
    queries:                             408    (50.87 per sec.)
    ignored errors:                      0      (0.00 per sec.)
    reconnects:                          0      (0.00 per sec.)

General statistics:
    total time:                          8.0192s
    total number of events:              408

Latency (ms):
         min:                                   19.21
         avg:                                   19.65
         max:                                   28.10
         95th percentile:                       20.37
         sum:                                 8017.41

Threads fairness:
    events (avg/stddev):           408.0000/0.00
    execution time (avg/stddev):   8.0174/0.00

