sysbench 1.0.20 (using system LuaJIT 2.1.1725453128)

Running the test with following options:
Number of threads: 8
Report intermediate results every 4 second(s)
Initializing random number generator from current time


Initializing worker threads...

Threads started!

[ 4s ] thds: 8 tps: 9604.73 qps: 9604.73 (r/w/o: 9604.73/0.00/0.00) lat (ms,95%): 0.00 err/s: 0.00 reconn/s: 0.00
[ 8s ] thds: 8 tps: 9721.62 qps: 9721.62 (r/w/o: 9721.62/0.00/0.00) lat (ms,95%): 0.00 err/s: 0.00 reconn/s: 0.00
[ 12s ] thds: 8 tps: 9698.88 qps: 9698.88 (r/w/o: 9698.88/0.00/0.00) lat (ms,95%): 0.00 err/s: 0.00 reconn/s: 0.00
[ 16s ] thds: 8 tps: 9717.21 qps: 9717.21 (r/w/o: 9717.21/0.00/0.00) lat (ms,95%): 0.00 err/s: 0.00 reconn/s: 0.00
[ 20s ] thds: 8 tps: 9709.79 qps: 9709.79 (r/w/o: 9709.79/0.00/0.00) lat (ms,95%): 0.00 err/s: 0.00 reconn/s: 0.00
[ 24s ] thds: 8 tps: 9716.10 qps: 9716.10 (r/w/o: 9716.10/0.00/0.00) lat (ms,95%): 0.00 err/s: 0.00 reconn/s: 0.00
[ 28s ] thds: 8 tps: 9718.91 qps: 9718.91 (r/w/o: 9718.91/0.00/0.00) lat (ms,95%): 0.00 err/s: 0.00 reconn/s: 0.00
SQL statistics:
    queries performed:
        read:                            310404
        write:                           0
        other:                           0
        total:                           310404
    transactions:                        310404 (9699.38 per sec.)
    queries:                             310404 (9699.38 per sec.)
    ignored errors:                      0      (0.00 per sec.)
    reconnects:                          0      (0.00 per sec.)

General statistics:
    total time:                          32.0022s
    total number of events:              310404

Latency (ms):
         min:                                    0.59
         avg:                                    0.82
         max:                                   40.48
         95th percentile:                        0.00
         sum:                               255851.36

Threads fairness:
    events (avg/stddev):           38800.5000/103.15
    execution time (avg/stddev):   31.9814/0.00

