sysbench 1.0.20 (using system LuaJIT 2.1.1725453128)

Running the test with following options:
Number of threads: 8
Report intermediate results every 4 second(s)
Initializing random number generator from current time


Initializing worker threads...

Threads started!

[ 4s ] thds: 8 tps: 58866.09 qps: 58866.09 (r/w/o: 58866.09/0.00/0.00) lat (ms,95%): 0.00 err/s: 0.00 reconn/s: 0.00
[ 8s ] thds: 8 tps: 59426.08 qps: 59426.08 (r/w/o: 59426.08/0.00/0.00) lat (ms,95%): 0.00 err/s: 0.00 reconn/s: 0.00
[ 12s ] thds: 8 tps: 59436.19 qps: 59436.19 (r/w/o: 59436.19/0.00/0.00) lat (ms,95%): 0.00 err/s: 0.00 reconn/s: 0.00
[ 16s ] thds: 8 tps: 59512.94 qps: 59512.94 (r/w/o: 59512.94/0.00/0.00) lat (ms,95%): 0.00 err/s: 0.00 reconn/s: 0.00
[ 20s ] thds: 8 tps: 59545.12 qps: 59545.37 (r/w/o: 59545.37/0.00/0.00) lat (ms,95%): 0.00 err/s: 0.00 reconn/s: 0.00
[ 24s ] thds: 8 tps: 59507.62 qps: 59507.37 (r/w/o: 59507.37/0.00/0.00) lat (ms,95%): 0.00 err/s: 0.00 reconn/s: 0.00
[ 28s ] thds: 8 tps: 59421.62 qps: 59421.62 (r/w/o: 59421.62/0.00/0.00) lat (ms,95%): 0.00 err/s: 0.00 reconn/s: 0.00
SQL statistics:
    queries performed:
        read:                            1900984
        write:                           0
        other:                           0
        total:                           1900984
    transactions:                        1900984 (59401.84 per sec.)
    queries:                             1900984 (59401.84 per sec.)
    ignored errors:                      0      (0.00 per sec.)
    reconnects:                          0      (0.00 per sec.)

General statistics:
    total time:                          32.0018s
    total number of events:              1900984

Latency (ms):
         min:                                    0.06
         avg:                                    0.13
         max:                                   38.26
         95th percentile:                        0.00
         sum:                               255275.57

Threads fairness:
    events (avg/stddev):           237623.0000/293.00
    execution time (avg/stddev):   31.9094/0.00

