sysbench 1.0.20 (using system LuaJIT 2.1.1725453128)

Running the test with following options:
Number of threads: 8
Report intermediate results every 4 second(s)
Initializing random number generator from current time


Initializing worker threads...

Threads started!

[ 4s ] thds: 8 tps: 9204.84 qps: 9204.84 (r/w/o: 9204.84/0.00/0.00) lat (ms,95%): 0.00 err/s: 0.00 reconn/s: 0.00
[ 8s ] thds: 8 tps: 9328.18 qps: 9328.18 (r/w/o: 9328.18/0.00/0.00) lat (ms,95%): 0.00 err/s: 0.00 reconn/s: 0.00
[ 12s ] thds: 8 tps: 9327.87 qps: 9327.87 (r/w/o: 9327.87/0.00/0.00) lat (ms,95%): 0.00 err/s: 0.00 reconn/s: 0.00
[ 16s ] thds: 8 tps: 9332.57 qps: 9332.57 (r/w/o: 9332.57/0.00/0.00) lat (ms,95%): 0.00 err/s: 0.00 reconn/s: 0.00
[ 20s ] thds: 8 tps: 9335.04 qps: 9335.04 (r/w/o: 9335.04/0.00/0.00) lat (ms,95%): 0.00 err/s: 0.00 reconn/s: 0.00
[ 24s ] thds: 8 tps: 9255.76 qps: 9255.76 (r/w/o: 9255.76/0.00/0.00) lat (ms,95%): 0.00 err/s: 0.00 reconn/s: 0.00
[ 28s ] thds: 8 tps: 9272.34 qps: 9272.34 (r/w/o: 9272.34/0.00/0.00) lat (ms,95%): 0.00 err/s: 0.00 reconn/s: 0.00
SQL statistics:
    queries performed:
        read:                            297309
        write:                           0
        other:                           0
        total:                           297309
    transactions:                        297309 (9290.26 per sec.)
    queries:                             297309 (9290.26 per sec.)
    ignored errors:                      0      (0.00 per sec.)
    reconnects:                          0      (0.00 per sec.)

General statistics:
    total time:                          32.0020s
    total number of events:              297309

Latency (ms):
         min:                                    0.62
         avg:                                    0.86
         max:                                   44.54
         95th percentile:                        0.00
         sum:                               255839.07

Threads fairness:
    events (avg/stddev):           37163.6250/64.49
    execution time (avg/stddev):   31.9799/0.00

