sysbench 1.0.20 (using system LuaJIT 2.1.1725453128)

Running the test with following options:
Number of threads: 8
Report intermediate results every 4 second(s)
Initializing random number generator from current time


Initializing worker threads...

Threads started!

[ 4s ] thds: 8 tps: 7590.22 qps: 7590.22 (r/w/o: 7590.22/0.00/0.00) lat (ms,95%): 0.00 err/s: 0.00 reconn/s: 0.00
[ 8s ] thds: 8 tps: 8315.30 qps: 8315.30 (r/w/o: 8315.30/0.00/0.00) lat (ms,95%): 0.00 err/s: 0.00 reconn/s: 0.00
[ 12s ] thds: 8 tps: 8600.53 qps: 8600.53 (r/w/o: 8600.53/0.00/0.00) lat (ms,95%): 0.00 err/s: 0.00 reconn/s: 0.00
[ 16s ] thds: 8 tps: 8597.51 qps: 8597.51 (r/w/o: 8597.51/0.00/0.00) lat (ms,95%): 0.00 err/s: 0.00 reconn/s: 0.00
[ 20s ] thds: 8 tps: 8599.47 qps: 8599.47 (r/w/o: 8599.47/0.00/0.00) lat (ms,95%): 0.00 err/s: 0.00 reconn/s: 0.00
[ 24s ] thds: 8 tps: 8592.98 qps: 8592.98 (r/w/o: 8592.98/0.00/0.00) lat (ms,95%): 0.00 err/s: 0.00 reconn/s: 0.00
[ 28s ] thds: 8 tps: 8594.82 qps: 8594.82 (r/w/o: 8594.82/0.00/0.00) lat (ms,95%): 0.00 err/s: 0.00 reconn/s: 0.00
SQL statistics:
    queries performed:
        read:                            269931
        write:                           0
        other:                           0
        total:                           269931
    transactions:                        269931 (8434.72 per sec.)
    queries:                             269931 (8434.72 per sec.)
    ignored errors:                      0      (0.00 per sec.)
    reconnects:                          0      (0.00 per sec.)

General statistics:
    total time:                          32.0021s
    total number of events:              269931

Latency (ms):
         min:                                    0.65
         avg:                                    0.95
         max:                                   42.10
         95th percentile:                        0.00
         sum:                               255861.85

Threads fairness:
    events (avg/stddev):           33741.3750/96.60
    execution time (avg/stddev):   31.9827/0.00

