sysbench 1.0.20 (using system LuaJIT 2.1.0-beta3)

Running the test with following options:
Number of threads: 4
Report intermediate results every 3 second(s)
Initializing random number generator from current time


Initializing worker threads...

Threads started!

[ 3s ] thds: 4 tps: 0.00 qps: 4822.34 (r/w/o: 0.00/1205.25/3617.08) lat (ms,95%): 0.00 err/s: 0.00 reconn/s: 0.00
[ 6s ] thds: 4 tps: 1.33 qps: 4818.79 (r/w/o: 0.00/1204.86/3613.93) lat (ms,95%): 3326.55 err/s: 0.67 reconn/s: 0.00
[ 9s ] thds: 4 tps: 1.33 qps: 4143.75 (r/w/o: 0.00/1065.02/3078.73) lat (ms,95%): 3326.55 err/s: 3.67 reconn/s: 0.00
[ 12s ] thds: 4 tps: 1.33 qps: 3699.25 (r/w/o: 0.00/951.31/2747.94) lat (ms,95%): 4203.93 err/s: 3.67 reconn/s: 0.00
[ 15s ] thds: 4 tps: 0.00 qps: 3756.09 (r/w/o: 0.00/939.02/2817.06) lat (ms,95%): 0.00 err/s: 0.00 reconn/s: 0.00
[ 18s ] thds: 4 tps: 1.33 qps: 3731.30 (r/w/o: 0.00/935.32/2795.97) lat (ms,95%): 4358.09 err/s: 1.33 reconn/s: 0.00
[ 21s ] thds: 4 tps: 1.33 qps: 3667.35 (r/w/o: 0.00/918.34/2749.01) lat (ms,95%): 4280.32 err/s: 1.00 reconn/s: 0.00
[ 24s ] thds: 4 tps: 1.33 qps: 3688.95 (r/w/o: 0.00/925.32/2763.63) lat (ms,95%): 4280.32 err/s: 1.33 reconn/s: 0.00
[ 27s ] thds: 4 tps: 0.00 qps: 3830.66 (r/w/o: 0.00/957.66/2872.99) lat (ms,95%): 0.00 err/s: 0.00 reconn/s: 0.00
[ 30s ] thds: 4 tps: 1.33 qps: 3761.08 (r/w/o: 0.00/949.69/2811.39) lat (ms,95%): 4280.32 err/s: 3.00 reconn/s: 0.00
[ 33s ] thds: 4 tps: 1.33 qps: 3758.36 (r/w/o: 0.00/943.34/2815.02) lat (ms,95%): 4280.32 err/s: 1.67 reconn/s: 0.00
[ 36s ] thds: 4 tps: 0.00 qps: 3890.63 (r/w/o: 0.00/972.66/2917.98) lat (ms,95%): 0.00 err/s: 0.00 reconn/s: 0.00
[ 39s ] thds: 4 tps: 1.33 qps: 3796.33 (r/w/o: 0.00/951.33/2844.99) lat (ms,95%): 4203.93 err/s: 1.33 reconn/s: 0.00
[ 42s ] thds: 4 tps: 1.33 qps: 3758.56 (r/w/o: 0.00/940.64/2817.92) lat (ms,95%): 4203.93 err/s: 1.00 reconn/s: 0.00
[ 45s ] thds: 4 tps: 1.33 qps: 3795.02 (r/w/o: 0.00/948.67/2846.35) lat (ms,95%): 4203.93 err/s: 1.67 reconn/s: 0.00
[ 48s ] thds: 4 tps: 0.00 qps: 3776.35 (r/w/o: 0.00/950.67/2825.68) lat (ms,95%): 0.00 err/s: 0.67 reconn/s: 0.00
[ 51s ] thds: 4 tps: 1.33 qps: 3670.69 (r/w/o: 0.00/936.01/2734.68) lat (ms,95%): 4280.32 err/s: 3.33 reconn/s: 0.00
[ 54s ] thds: 4 tps: 1.33 qps: 3780.72 (r/w/o: 0.00/947.68/2833.04) lat (ms,95%): 4358.09 err/s: 1.33 reconn/s: 0.00
[ 57s ] thds: 4 tps: 0.00 qps: 3804.90 (r/w/o: 0.00/951.31/2853.59) lat (ms,95%): 0.00 err/s: 0.00 reconn/s: 0.00
[ 60s ] thds: 4 tps: 1.33 qps: 3746.38 (r/w/o: 0.00/938.68/2807.70) lat (ms,95%): 4203.93 err/s: 1.33 reconn/s: 0.00
SQL statistics:
    queries performed:
        read:                            0
        write:                           60582
        other:                           180445
        total:                           241027
    transactions:                        60     (0.97 per sec.)
    queries:                             241027 (3882.26 per sec.)
    ignored errors:                      81     (1.30 per sec.)
    reconnects:                          0      (0.00 per sec.)

General statistics:
    total time:                          62.0838s
    total number of events:              60

Latency (ms):
         min:                                 3308.00
         avg:                                 4138.86
         max:                                 4387.96
         95th percentile:                     4358.09
         sum:                               248331.65

Threads fairness:
    events (avg/stddev):           15.0000/0.00
    execution time (avg/stddev):   62.0829/0.00

