sysbench 1.0.20 (using system LuaJIT 2.1.0-beta3)

Running the test with following options:
Number of threads: 1
Report intermediate results every 1 second(s)
Initializing random number generator from current time


Initializing worker threads...

Threads started!

[ 1s ] thds: 1 tps: 867.45 qps: 867.45 (r/w/o: 867.45/0.00/0.00) lat (ms,95%): 1.18 err/s: 0.00 reconn/s: 0.00
[ 2s ] thds: 1 tps: 851.19 qps: 851.19 (r/w/o: 851.19/0.00/0.00) lat (ms,95%): 1.25 err/s: 0.00 reconn/s: 0.00
[ 3s ] thds: 1 tps: 866.98 qps: 866.98 (r/w/o: 866.98/0.00/0.00) lat (ms,95%): 1.18 err/s: 0.00 reconn/s: 0.00
[ 4s ] thds: 1 tps: 879.93 qps: 879.93 (r/w/o: 879.93/0.00/0.00) lat (ms,95%): 1.16 err/s: 0.00 reconn/s: 0.00
[ 5s ] thds: 1 tps: 871.04 qps: 871.04 (r/w/o: 871.04/0.00/0.00) lat (ms,95%): 1.18 err/s: 0.00 reconn/s: 0.00
[ 6s ] thds: 1 tps: 869.04 qps: 869.04 (r/w/o: 869.04/0.00/0.00) lat (ms,95%): 1.18 err/s: 0.00 reconn/s: 0.00
[ 7s ] thds: 1 tps: 870.01 qps: 870.01 (r/w/o: 870.01/0.00/0.00) lat (ms,95%): 1.18 err/s: 0.00 reconn/s: 0.00
[ 8s ] thds: 1 tps: 865.95 qps: 865.95 (r/w/o: 865.95/0.00/0.00) lat (ms,95%): 1.21 err/s: 0.00 reconn/s: 0.00
SQL statistics:
    queries performed:
        read:                            6943
        write:                           0
        other:                           0
        total:                           6943
    transactions:                        6943   (867.64 per sec.)
    queries:                             6943   (867.64 per sec.)
    ignored errors:                      0      (0.00 per sec.)
    reconnects:                          0      (0.00 per sec.)

General statistics:
    total time:                          8.0017s
    total number of events:              6943

Latency (ms):
         min:                                    1.10
         avg:                                    1.15
         max:                                    8.59
         95th percentile:                        1.18
         sum:                                 7994.78

Threads fairness:
    events (avg/stddev):           6943.0000/0.00
    execution time (avg/stddev):   7.9948/0.00

