sysbench 1.0.20 (using system LuaJIT 2.1.0-beta3)

Running the test with following options:
Number of threads: 1
Report intermediate results every 1 second(s)
Initializing random number generator from current time


Initializing worker threads...

Threads started!

[ 1s ] thds: 1 tps: 5922.57 qps: 5922.57 (r/w/o: 5922.57/0.00/0.00) lat (ms,95%): 0.19 err/s: 0.00 reconn/s: 0.00
[ 2s ] thds: 1 tps: 5863.37 qps: 5863.37 (r/w/o: 5863.37/0.00/0.00) lat (ms,95%): 0.19 err/s: 0.00 reconn/s: 0.00
[ 3s ] thds: 1 tps: 5890.92 qps: 5890.92 (r/w/o: 5890.92/0.00/0.00) lat (ms,95%): 0.19 err/s: 0.00 reconn/s: 0.00
[ 4s ] thds: 1 tps: 5996.28 qps: 5996.28 (r/w/o: 5996.28/0.00/0.00) lat (ms,95%): 0.19 err/s: 0.00 reconn/s: 0.00
[ 5s ] thds: 1 tps: 6025.44 qps: 6025.44 (r/w/o: 6025.44/0.00/0.00) lat (ms,95%): 0.19 err/s: 0.00 reconn/s: 0.00
[ 6s ] thds: 1 tps: 5835.55 qps: 5835.55 (r/w/o: 5835.55/0.00/0.00) lat (ms,95%): 0.19 err/s: 0.00 reconn/s: 0.00
[ 7s ] thds: 1 tps: 5989.10 qps: 5989.10 (r/w/o: 5989.10/0.00/0.00) lat (ms,95%): 0.19 err/s: 0.00 reconn/s: 0.00
SQL statistics:
    queries performed:
        read:                            47442
        write:                           0
        other:                           0
        total:                           47442
    transactions:                        47442  (5929.46 per sec.)
    queries:                             47442  (5929.46 per sec.)
    ignored errors:                      0      (0.00 per sec.)
    reconnects:                          0      (0.00 per sec.)

General statistics:
    total time:                          8.0007s
    total number of events:              47442

Latency (ms):
         min:                                    0.14
         avg:                                    0.17
         max:                                    7.59
         95th percentile:                        0.19
         sum:                                 7959.60

Threads fairness:
    events (avg/stddev):           47442.0000/0.00
    execution time (avg/stddev):   7.9596/0.00

