sysbench 1.0.20 (using system LuaJIT 2.1.0-beta3)

Running the test with following options:
Number of threads: 1
Report intermediate results every 1 second(s)
Initializing random number generator from current time


Initializing worker threads...

Threads started!

[ 1s ] thds: 1 tps: 164.88 qps: 496.65 (r/w/o: 496.65/0.00/0.00) lat (ms,95%): 6.09 err/s: 0.00 reconn/s: 0.00
[ 2s ] thds: 1 tps: 168.03 qps: 502.08 (r/w/o: 502.08/0.00/0.00) lat (ms,95%): 6.09 err/s: 0.00 reconn/s: 0.00
[ 3s ] thds: 1 tps: 167.01 qps: 502.03 (r/w/o: 502.03/0.00/0.00) lat (ms,95%): 6.09 err/s: 0.00 reconn/s: 0.00
[ 4s ] thds: 1 tps: 167.01 qps: 500.02 (r/w/o: 500.02/0.00/0.00) lat (ms,95%): 6.21 err/s: 0.00 reconn/s: 0.00
[ 5s ] thds: 1 tps: 165.00 qps: 495.00 (r/w/o: 495.00/0.00/0.00) lat (ms,95%): 6.43 err/s: 0.00 reconn/s: 0.00
[ 6s ] thds: 1 tps: 165.00 qps: 497.00 (r/w/o: 497.00/0.00/0.00) lat (ms,95%): 6.09 err/s: 0.00 reconn/s: 0.00
[ 7s ] thds: 1 tps: 168.00 qps: 502.00 (r/w/o: 502.00/0.00/0.00) lat (ms,95%): 6.09 err/s: 0.00 reconn/s: 0.00
[ 8s ] thds: 1 tps: 167.00 qps: 502.99 (r/w/o: 502.99/0.00/0.00) lat (ms,95%): 6.09 err/s: 0.00 reconn/s: 0.00
SQL statistics:
    queries performed:
        read:                            3999
        write:                           0
        other:                           0
        total:                           3999
    transactions:                        1333   (166.59 per sec.)
    queries:                             3999   (499.78 per sec.)
    ignored errors:                      0      (0.00 per sec.)
    reconnects:                          0      (0.00 per sec.)

General statistics:
    total time:                          8.0011s
    total number of events:              1333

Latency (ms):
         min:                                    5.81
         avg:                                    6.00
         max:                                   14.25
         95th percentile:                        6.09
         sum:                                 7998.70

Threads fairness:
    events (avg/stddev):           1333.0000/0.00
    execution time (avg/stddev):   7.9987/0.00

