sysbench 1.0.20 (using system LuaJIT 2.1.0-beta3)

Running the test with following options:
Number of threads: 1
Report intermediate results every 1 second(s)
Initializing random number generator from current time


Initializing worker threads...

Threads started!

[ 1s ] thds: 1 tps: 1099.21 qps: 3298.63 (r/w/o: 3298.63/0.00/0.00) lat (ms,95%): 0.99 err/s: 0.00 reconn/s: 0.00
[ 2s ] thds: 1 tps: 1091.22 qps: 3274.67 (r/w/o: 3274.67/0.00/0.00) lat (ms,95%): 0.99 err/s: 0.00 reconn/s: 0.00
[ 3s ] thds: 1 tps: 1074.92 qps: 3224.75 (r/w/o: 3224.75/0.00/0.00) lat (ms,95%): 1.04 err/s: 0.00 reconn/s: 0.00
[ 4s ] thds: 1 tps: 1038.02 qps: 3114.06 (r/w/o: 3114.06/0.00/0.00) lat (ms,95%): 1.18 err/s: 0.00 reconn/s: 0.00
[ 5s ] thds: 1 tps: 1049.11 qps: 3147.32 (r/w/o: 3147.32/0.00/0.00) lat (ms,95%): 1.14 err/s: 0.00 reconn/s: 0.00
[ 6s ] thds: 1 tps: 1096.93 qps: 3289.79 (r/w/o: 3289.79/0.00/0.00) lat (ms,95%): 1.01 err/s: 0.00 reconn/s: 0.00
[ 7s ] thds: 1 tps: 1098.96 qps: 3295.89 (r/w/o: 3295.89/0.00/0.00) lat (ms,95%): 1.03 err/s: 0.00 reconn/s: 0.00
[ 8s ] thds: 1 tps: 1086.02 qps: 3259.07 (r/w/o: 3259.07/0.00/0.00) lat (ms,95%): 0.99 err/s: 0.00 reconn/s: 0.00
SQL statistics:
    queries performed:
        read:                            25908
        write:                           0
        other:                           0
        total:                           25908
    transactions:                        8636   (1079.31 per sec.)
    queries:                             25908  (3237.92 per sec.)
    ignored errors:                      0      (0.00 per sec.)
    reconnects:                          0      (0.00 per sec.)

General statistics:
    total time:                          8.0011s
    total number of events:              8636

Latency (ms):
         min:                                    0.81
         avg:                                    0.93
         max:                                    8.43
         95th percentile:                        1.04
         sum:                                 7991.45

Threads fairness:
    events (avg/stddev):           8636.0000/0.00
    execution time (avg/stddev):   7.9914/0.00

