sysbench 1.0.20 (using system LuaJIT 2.1.0-beta3)

Running the test with following options:
Number of threads: 1
Report intermediate results every 1 second(s)
Initializing random number generator from current time


Initializing worker threads...

Threads started!

[ 1s ] thds: 1 tps: 3727.25 qps: 3727.25 (r/w/o: 3727.25/0.00/0.00) lat (ms,95%): 0.30 err/s: 0.00 reconn/s: 0.00
[ 2s ] thds: 1 tps: 3780.98 qps: 3780.98 (r/w/o: 3780.98/0.00/0.00) lat (ms,95%): 0.30 err/s: 0.00 reconn/s: 0.00
[ 3s ] thds: 1 tps: 3738.02 qps: 3738.02 (r/w/o: 3738.02/0.00/0.00) lat (ms,95%): 0.30 err/s: 0.00 reconn/s: 0.00
[ 4s ] thds: 1 tps: 3799.96 qps: 3799.96 (r/w/o: 3799.96/0.00/0.00) lat (ms,95%): 0.29 err/s: 0.00 reconn/s: 0.00
[ 5s ] thds: 1 tps: 3753.06 qps: 3753.06 (r/w/o: 3753.06/0.00/0.00) lat (ms,95%): 0.30 err/s: 0.00 reconn/s: 0.00
[ 6s ] thds: 1 tps: 3791.02 qps: 3791.02 (r/w/o: 3791.02/0.00/0.00) lat (ms,95%): 0.29 err/s: 0.00 reconn/s: 0.00
[ 7s ] thds: 1 tps: 3812.75 qps: 3812.75 (r/w/o: 3812.75/0.00/0.00) lat (ms,95%): 0.29 err/s: 0.00 reconn/s: 0.00
SQL statistics:
    queries performed:
        read:                            30142
        write:                           0
        other:                           0
        total:                           30142
    transactions:                        30142  (3767.25 per sec.)
    queries:                             30142  (3767.25 per sec.)
    ignored errors:                      0      (0.00 per sec.)
    reconnects:                          0      (0.00 per sec.)

General statistics:
    total time:                          8.0007s
    total number of events:              30142

Latency (ms):
         min:                                    0.23
         avg:                                    0.26
         max:                                    8.12
         95th percentile:                        0.30
         sum:                                 7972.08

Threads fairness:
    events (avg/stddev):           30142.0000/0.00
    execution time (avg/stddev):   7.9721/0.00

