sysbench 1.0.20 (using system LuaJIT 2.1.0-beta3)

Running the test with following options:
Number of threads: 1
Report intermediate results every 1 second(s)
Initializing random number generator from current time


Initializing worker threads...

Threads started!

[ 1s ] thds: 1 tps: 5002.46 qps: 5002.46 (r/w/o: 5002.46/0.00/0.00) lat (ms,95%): 0.22 err/s: 0.00 reconn/s: 0.00
[ 2s ] thds: 1 tps: 5043.51 qps: 5043.51 (r/w/o: 5043.51/0.00/0.00) lat (ms,95%): 0.22 err/s: 0.00 reconn/s: 0.00
[ 3s ] thds: 1 tps: 5058.01 qps: 5058.01 (r/w/o: 5058.01/0.00/0.00) lat (ms,95%): 0.22 err/s: 0.00 reconn/s: 0.00
[ 4s ] thds: 1 tps: 5089.39 qps: 5089.39 (r/w/o: 5089.39/0.00/0.00) lat (ms,95%): 0.21 err/s: 0.00 reconn/s: 0.00
[ 5s ] thds: 1 tps: 5047.99 qps: 5047.99 (r/w/o: 5047.99/0.00/0.00) lat (ms,95%): 0.22 err/s: 0.00 reconn/s: 0.00
[ 6s ] thds: 1 tps: 5117.12 qps: 5117.12 (r/w/o: 5117.12/0.00/0.00) lat (ms,95%): 0.21 err/s: 0.00 reconn/s: 0.00
[ 7s ] thds: 1 tps: 5097.80 qps: 5098.80 (r/w/o: 5098.80/0.00/0.00) lat (ms,95%): 0.21 err/s: 0.00 reconn/s: 0.00
SQL statistics:
    queries performed:
        read:                            40527
        write:                           0
        other:                           0
        total:                           40527
    transactions:                        40527  (5065.12 per sec.)
    queries:                             40527  (5065.12 per sec.)
    ignored errors:                      0      (0.00 per sec.)
    reconnects:                          0      (0.00 per sec.)

General statistics:
    total time:                          8.0008s
    total number of events:              40527

Latency (ms):
         min:                                    0.15
         avg:                                    0.20
         max:                                    7.75
         95th percentile:                        0.22
         sum:                                 7958.33

Threads fairness:
    events (avg/stddev):           40527.0000/0.00
    execution time (avg/stddev):   7.9583/0.00

