sysbench 1.0.20 (using system LuaJIT 2.1.0-beta3)

Running the test with following options:
Number of threads: 4
Report intermediate results every 2 second(s)
Initializing random number generator from current time


Initializing worker threads...

Threads started!

[ 2s ] thds: 4 tps: 3912.61 qps: 11739.32 (r/w/o: 11739.32/0.00/0.00) lat (ms,95%): 1.30 err/s: 0.00 reconn/s: 0.00
[ 4s ] thds: 4 tps: 3974.18 qps: 11923.55 (r/w/o: 11923.55/0.00/0.00) lat (ms,95%): 1.30 err/s: 0.00 reconn/s: 0.00
[ 6s ] thds: 4 tps: 3987.52 qps: 11960.56 (r/w/o: 11960.56/0.00/0.00) lat (ms,95%): 1.30 err/s: 0.00 reconn/s: 0.00
[ 8s ] thds: 4 tps: 4085.48 qps: 12257.93 (r/w/o: 12257.93/0.00/0.00) lat (ms,95%): 1.25 err/s: 0.00 reconn/s: 0.00
[ 10s ] thds: 4 tps: 4024.49 qps: 12073.98 (r/w/o: 12073.98/0.00/0.00) lat (ms,95%): 1.27 err/s: 0.00 reconn/s: 0.00
[ 12s ] thds: 4 tps: 4006.00 qps: 12017.00 (r/w/o: 12017.00/0.00/0.00) lat (ms,95%): 1.27 err/s: 0.00 reconn/s: 0.00
[ 14s ] thds: 4 tps: 4029.49 qps: 12088.48 (r/w/o: 12088.48/0.00/0.00) lat (ms,95%): 1.27 err/s: 0.00 reconn/s: 0.00
[ 16s ] thds: 4 tps: 4046.72 qps: 12140.66 (r/w/o: 12140.66/0.00/0.00) lat (ms,95%): 1.27 err/s: 0.00 reconn/s: 0.00
[ 18s ] thds: 4 tps: 4028.41 qps: 12085.23 (r/w/o: 12085.23/0.00/0.00) lat (ms,95%): 1.27 err/s: 0.00 reconn/s: 0.00
SQL statistics:
    queries performed:
        read:                            216585
        write:                           0
        other:                           0
        total:                           216585
    transactions:                        72195  (4010.43 per sec.)
    queries:                             216585 (12031.28 per sec.)
    ignored errors:                      0      (0.00 per sec.)
    reconnects:                          0      (0.00 per sec.)

General statistics:
    total time:                          18.0014s
    total number of events:              72195

Latency (ms):
         min:                                    0.67
         avg:                                    1.00
         max:                                   19.68
         95th percentile:                        1.27
         sum:                                71905.82

Threads fairness:
    events (avg/stddev):           18048.7500/34.49
    execution time (avg/stddev):   17.9765/0.00

