sysbench 1.0.20 (using system LuaJIT 2.1.0-beta3)

Running the test with following options:
Number of threads: 1
Report intermediate results every 1 second(s)
Initializing random number generator from current time


Initializing worker threads...

Threads started!

[ 1s ] thds: 1 tps: 302.73 qps: 302.73 (r/w/o: 302.73/0.00/0.00) lat (ms,95%): 3.36 err/s: 0.00 reconn/s: 0.00
[ 2s ] thds: 1 tps: 311.14 qps: 311.14 (r/w/o: 311.14/0.00/0.00) lat (ms,95%): 3.25 err/s: 0.00 reconn/s: 0.00
[ 3s ] thds: 1 tps: 311.00 qps: 311.00 (r/w/o: 311.00/0.00/0.00) lat (ms,95%): 3.30 err/s: 0.00 reconn/s: 0.00
[ 4s ] thds: 1 tps: 309.96 qps: 309.96 (r/w/o: 309.96/0.00/0.00) lat (ms,95%): 3.25 err/s: 0.00 reconn/s: 0.00
[ 5s ] thds: 1 tps: 307.00 qps: 307.00 (r/w/o: 307.00/0.00/0.00) lat (ms,95%): 3.30 err/s: 0.00 reconn/s: 0.00
[ 6s ] thds: 1 tps: 311.00 qps: 311.00 (r/w/o: 311.00/0.00/0.00) lat (ms,95%): 3.30 err/s: 0.00 reconn/s: 0.00
[ 7s ] thds: 1 tps: 309.00 qps: 309.00 (r/w/o: 309.00/0.00/0.00) lat (ms,95%): 3.25 err/s: 0.00 reconn/s: 0.00
[ 8s ] thds: 1 tps: 312.04 qps: 312.04 (r/w/o: 312.04/0.00/0.00) lat (ms,95%): 3.25 err/s: 0.00 reconn/s: 0.00
SQL statistics:
    queries performed:
        read:                            2475
        write:                           0
        other:                           0
        total:                           2475
    transactions:                        2475   (309.27 per sec.)
    queries:                             2475   (309.27 per sec.)
    ignored errors:                      0      (0.00 per sec.)
    reconnects:                          0      (0.00 per sec.)

General statistics:
    total time:                          8.0024s
    total number of events:              2475

Latency (ms):
         min:                                    3.15
         avg:                                    3.23
         max:                                   11.21
         95th percentile:                        3.30
         sum:                                 7998.70

Threads fairness:
    events (avg/stddev):           2475.0000/0.00
    execution time (avg/stddev):   7.9987/0.00

