sysbench 1.0.20 (using system LuaJIT 2.1.0-beta3)

Running the test with following options:
Number of threads: 1
Report intermediate results every 1 second(s)
Initializing random number generator from current time


Initializing worker threads...

Threads started!

[ 1s ] thds: 1 tps: 0.00 qps: 1251.72 (r/w/o: 0.00/1247.72/4.00) lat (ms,95%): 0.00 err/s: 0.00 reconn/s: 0.00
[ 2s ] thds: 1 tps: 0.00 qps: 1244.63 (r/w/o: 0.00/1244.63/0.00) lat (ms,95%): 0.00 err/s: 0.00 reconn/s: 0.00
[ 3s ] thds: 1 tps: 1.00 qps: 1233.02 (r/w/o: 0.00/1231.02/2.00) lat (ms,95%): 2238.47 err/s: 0.00 reconn/s: 0.00
[ 4s ] thds: 1 tps: 0.00 qps: 1287.97 (r/w/o: 0.00/1287.97/0.00) lat (ms,95%): 0.00 err/s: 0.00 reconn/s: 0.00
[ 5s ] thds: 1 tps: 1.00 qps: 1244.06 (r/w/o: 0.00/1242.06/2.00) lat (ms,95%): 2198.52 err/s: 0.00 reconn/s: 0.00
[ 6s ] thds: 1 tps: 0.00 qps: 1253.94 (r/w/o: 0.00/1253.94/0.00) lat (ms,95%): 0.00 err/s: 0.00 reconn/s: 0.00
[ 7s ] thds: 1 tps: 1.00 qps: 1190.99 (r/w/o: 0.00/1188.99/2.00) lat (ms,95%): 2279.14 err/s: 0.00 reconn/s: 0.00
[ 8s ] thds: 1 tps: 0.00 qps: 1242.00 (r/w/o: 0.00/1242.00/0.00) lat (ms,95%): 0.00 err/s: 0.00 reconn/s: 0.00
[ 9s ] thds: 1 tps: 0.00 qps: 1256.00 (r/w/o: 0.00/1256.00/0.00) lat (ms,95%): 0.00 err/s: 0.00 reconn/s: 0.00
SQL statistics:
    queries performed:
        read:                            0
        write:                           11206
        other:                           10
        total:                           11216
    transactions:                        4      (0.44 per sec.)
    queries:                             11216  (1243.76 per sec.)
    ignored errors:                      0      (0.00 per sec.)
    reconnects:                          0      (0.00 per sec.)

General statistics:
    total time:                          9.0174s
    total number of events:              4

Latency (ms):
         min:                                 2206.66
         avg:                                 2254.21
         max:                                 2302.03
         95th percentile:                     2320.55
         sum:                                 9016.84

Threads fairness:
    events (avg/stddev):           4.0000/0.00
    execution time (avg/stddev):   9.0168/0.00

