sysbench 1.0.20 (using system LuaJIT 2.1.0-beta3)

Running the test with following options:
Number of threads: 1
Report intermediate results every 1 second(s)
Initializing random number generator from current time


Initializing worker threads...

Threads started!

[ 1s ] thds: 1 tps: 0.00 qps: 715.32 (r/w/o: 0.00/712.33/3.00) lat (ms,95%): 0.00 err/s: 0.00 reconn/s: 0.00
[ 2s ] thds: 1 tps: 0.00 qps: 687.32 (r/w/o: 0.00/687.32/0.00) lat (ms,95%): 0.00 err/s: 0.00 reconn/s: 0.00
[ 3s ] thds: 1 tps: 0.00 qps: 746.03 (r/w/o: 0.00/746.03/0.00) lat (ms,95%): 0.00 err/s: 0.00 reconn/s: 0.00
[ 4s ] thds: 1 tps: 0.00 qps: 734.97 (r/w/o: 0.00/734.97/0.00) lat (ms,95%): 0.00 err/s: 0.00 reconn/s: 0.00
[ 5s ] thds: 1 tps: 0.00 qps: 719.02 (r/w/o: 0.00/719.02/0.00) lat (ms,95%): 0.00 err/s: 0.00 reconn/s: 0.00
[ 6s ] thds: 1 tps: 0.00 qps: 715.99 (r/w/o: 0.00/715.99/0.00) lat (ms,95%): 0.00 err/s: 0.00 reconn/s: 0.00
[ 7s ] thds: 1 tps: 1.00 qps: 756.97 (r/w/o: 0.00/754.97/2.00) lat (ms,95%): 6835.96 err/s: 0.00 reconn/s: 0.00
[ 8s ] thds: 1 tps: 0.00 qps: 708.03 (r/w/o: 0.00/708.03/0.00) lat (ms,95%): 0.00 err/s: 0.00 reconn/s: 0.00
[ 9s ] thds: 1 tps: 0.00 qps: 722.00 (r/w/o: 0.00/722.00/0.00) lat (ms,95%): 0.00 err/s: 0.00 reconn/s: 0.00
[ 10s ] thds: 1 tps: 0.00 qps: 730.00 (r/w/o: 0.00/730.00/0.00) lat (ms,95%): 0.00 err/s: 0.00 reconn/s: 0.00
[ 11s ] thds: 1 tps: 0.00 qps: 742.00 (r/w/o: 0.00/742.00/0.00) lat (ms,95%): 0.00 err/s: 0.00 reconn/s: 0.00
[ 12s ] thds: 1 tps: 0.00 qps: 814.96 (r/w/o: 0.00/814.96/0.00) lat (ms,95%): 0.00 err/s: 0.00 reconn/s: 0.00
[ 13s ] thds: 1 tps: 0.00 qps: 805.03 (r/w/o: 0.00/805.03/0.00) lat (ms,95%): 0.00 err/s: 0.00 reconn/s: 0.00
SQL statistics:
    queries performed:
        read:                            0
        write:                           10001
        other:                           5
        total:                           10006
    transactions:                        2      (0.15 per sec.)
    queries:                             10006  (740.74 per sec.)
    ignored errors:                      0      (0.00 per sec.)
    reconnects:                          0      (0.00 per sec.)

General statistics:
    total time:                          13.5078s
    total number of events:              2

Latency (ms):
         min:                                 6655.02
         avg:                                 6753.64
         max:                                 6852.26
         95th percentile:                     6835.96
         sum:                                13507.28

Threads fairness:
    events (avg/stddev):           2.0000/0.00
    execution time (avg/stddev):   13.5073/0.00

