sysbench 1.0.20 (using system LuaJIT 2.1.0-beta3)

Running the test with following options:
Number of threads: 1
Report intermediate results every 1 second(s)
Initializing random number generator from current time


Initializing worker threads...

Threads started!

[ 1s ] thds: 1 tps: 0.00 qps: 961.91 (r/w/o: 0.00/958.91/3.00) lat (ms,95%): 0.00 err/s: 0.00 reconn/s: 0.00
[ 2s ] thds: 1 tps: 0.00 qps: 1028.60 (r/w/o: 0.00/1028.60/0.00) lat (ms,95%): 0.00 err/s: 0.00 reconn/s: 0.00
[ 3s ] thds: 1 tps: 0.00 qps: 955.01 (r/w/o: 0.00/955.01/0.00) lat (ms,95%): 0.00 err/s: 0.00 reconn/s: 0.00
[ 4s ] thds: 1 tps: 0.00 qps: 942.02 (r/w/o: 0.00/942.02/0.00) lat (ms,95%): 0.00 err/s: 0.00 reconn/s: 0.00
[ 5s ] thds: 1 tps: 1.00 qps: 1010.09 (r/w/o: 0.00/1008.09/2.00) lat (ms,95%): 4128.91 err/s: 0.00 reconn/s: 0.00
[ 6s ] thds: 1 tps: 0.00 qps: 1091.97 (r/w/o: 0.00/1091.97/0.00) lat (ms,95%): 0.00 err/s: 0.00 reconn/s: 0.00
[ 7s ] thds: 1 tps: 0.00 qps: 1054.91 (r/w/o: 0.00/1054.91/0.00) lat (ms,95%): 0.00 err/s: 0.00 reconn/s: 0.00
[ 8s ] thds: 1 tps: 1.00 qps: 1002.02 (r/w/o: 0.00/1000.02/2.00) lat (ms,95%): 3773.42 err/s: 0.00 reconn/s: 0.00
[ 9s ] thds: 1 tps: 0.00 qps: 943.98 (r/w/o: 0.00/943.98/0.00) lat (ms,95%): 0.00 err/s: 0.00 reconn/s: 0.00
[ 10s ] thds: 1 tps: 0.00 qps: 848.10 (r/w/o: 0.00/848.10/0.00) lat (ms,95%): 0.00 err/s: 0.00 reconn/s: 0.00
[ 11s ] thds: 1 tps: 0.00 qps: 931.81 (r/w/o: 0.00/931.81/0.00) lat (ms,95%): 0.00 err/s: 0.00 reconn/s: 0.00
[ 12s ] thds: 1 tps: 0.00 qps: 931.08 (r/w/o: 0.00/931.08/0.00) lat (ms,95%): 0.00 err/s: 0.00 reconn/s: 0.00
SQL statistics:
    queries performed:
        read:                            0
        write:                           12002
        other:                           7
        total:                           12009
    transactions:                        3      (0.24 per sec.)
    queries:                             12009  (974.46 per sec.)
    ignored errors:                      0      (0.00 per sec.)
    reconnects:                          0      (0.00 per sec.)

General statistics:
    total time:                          12.3234s
    total number of events:              3

Latency (ms):
         min:                                 3787.83
         avg:                                 4107.58
         max:                                 4398.55
         95th percentile:                     4437.27
         sum:                                12322.74

Threads fairness:
    events (avg/stddev):           3.0000/0.00
    execution time (avg/stddev):   12.3227/0.00

