sysbench 1.0.20 (using system LuaJIT 2.1.0-beta3)

Running the test with following options:
Number of threads: 4
Report intermediate results every 2 second(s)
Initializing random number generator from current time


Initializing worker threads...

Threads started!

[ 2s ] thds: 4 tps: 121.94 qps: 121.94 (r/w/o: 121.94/0.00/0.00) lat (ms,95%): 33.72 err/s: 0.00 reconn/s: 0.00
[ 4s ] thds: 4 tps: 124.02 qps: 124.02 (r/w/o: 124.02/0.00/0.00) lat (ms,95%): 32.53 err/s: 0.00 reconn/s: 0.00
[ 6s ] thds: 4 tps: 123.50 qps: 123.50 (r/w/o: 123.50/0.00/0.00) lat (ms,95%): 33.72 err/s: 0.00 reconn/s: 0.00
[ 8s ] thds: 4 tps: 124.00 qps: 124.00 (r/w/o: 124.00/0.00/0.00) lat (ms,95%): 32.53 err/s: 0.00 reconn/s: 0.00
[ 10s ] thds: 4 tps: 125.50 qps: 125.50 (r/w/o: 125.50/0.00/0.00) lat (ms,95%): 32.53 err/s: 0.00 reconn/s: 0.00
[ 12s ] thds: 4 tps: 124.50 qps: 124.50 (r/w/o: 124.50/0.00/0.00) lat (ms,95%): 32.53 err/s: 0.00 reconn/s: 0.00
[ 14s ] thds: 4 tps: 124.50 qps: 124.50 (r/w/o: 124.50/0.00/0.00) lat (ms,95%): 32.53 err/s: 0.00 reconn/s: 0.00
[ 16s ] thds: 4 tps: 124.50 qps: 124.50 (r/w/o: 124.50/0.00/0.00) lat (ms,95%): 32.53 err/s: 0.00 reconn/s: 0.00
[ 18s ] thds: 4 tps: 125.50 qps: 125.50 (r/w/o: 125.50/0.00/0.00) lat (ms,95%): 33.12 err/s: 0.00 reconn/s: 0.00
SQL statistics:
    queries performed:
        read:                            2240
        write:                           0
        other:                           0
        total:                           2240
    transactions:                        2240   (124.27 per sec.)
    queries:                             2240   (124.27 per sec.)
    ignored errors:                      0      (0.00 per sec.)
    reconnects:                          0      (0.00 per sec.)

General statistics:
    total time:                          18.0243s
    total number of events:              2240

Latency (ms):
         min:                                   24.66
         avg:                                   32.17
         max:                                   54.83
         95th percentile:                       32.53
         sum:                                72058.68

Threads fairness:
    events (avg/stddev):           560.0000/0.71
    execution time (avg/stddev):   18.0147/0.01

