sysbench 1.0.20 (using system LuaJIT 2.1.0-beta3)

Running the test with following options:
Number of threads: 1
Report intermediate results every 1 second(s)
Initializing random number generator from current time


Initializing worker threads...

Threads started!

[ 1s ] thds: 1 tps: 288.77 qps: 867.32 (r/w/o: 867.32/0.00/0.00) lat (ms,95%): 3.62 err/s: 0.00 reconn/s: 0.00
[ 2s ] thds: 1 tps: 289.08 qps: 868.24 (r/w/o: 868.24/0.00/0.00) lat (ms,95%): 3.62 err/s: 0.00 reconn/s: 0.00
[ 3s ] thds: 1 tps: 294.00 qps: 882.01 (r/w/o: 882.01/0.00/0.00) lat (ms,95%): 3.62 err/s: 0.00 reconn/s: 0.00
[ 4s ] thds: 1 tps: 295.02 qps: 884.05 (r/w/o: 884.05/0.00/0.00) lat (ms,95%): 3.55 err/s: 0.00 reconn/s: 0.00
[ 5s ] thds: 1 tps: 295.00 qps: 883.99 (r/w/o: 883.99/0.00/0.00) lat (ms,95%): 3.55 err/s: 0.00 reconn/s: 0.00
[ 6s ] thds: 1 tps: 296.00 qps: 888.99 (r/w/o: 888.99/0.00/0.00) lat (ms,95%): 3.43 err/s: 0.00 reconn/s: 0.00
[ 7s ] thds: 1 tps: 295.01 qps: 886.03 (r/w/o: 886.03/0.00/0.00) lat (ms,95%): 3.55 err/s: 0.00 reconn/s: 0.00
[ 8s ] thds: 1 tps: 295.99 qps: 886.96 (r/w/o: 886.96/0.00/0.00) lat (ms,95%): 3.55 err/s: 0.00 reconn/s: 0.00
SQL statistics:
    queries performed:
        read:                            7050
        write:                           0
        other:                           0
        total:                           7050
    transactions:                        2350   (293.65 per sec.)
    queries:                             7050   (880.96 per sec.)
    ignored errors:                      0      (0.00 per sec.)
    reconnects:                          0      (0.00 per sec.)

General statistics:
    total time:                          8.0023s
    total number of events:              2350

Latency (ms):
         min:                                    3.20
         avg:                                    3.40
         max:                                   11.82
         95th percentile:                        3.62
         sum:                                 7998.80

Threads fairness:
    events (avg/stddev):           2350.0000/0.00
    execution time (avg/stddev):   7.9988/0.00

