sysbench 1.0.20 (using system LuaJIT 2.1.0-beta3)

Running the test with following options:
Number of threads: 4
Report intermediate results every 2 second(s)
Initializing random number generator from current time


Initializing worker threads...

Threads started!

[ 2s ] thds: 4 tps: 0.00 qps: 3304.25 (r/w/o: 0.00/824.06/2480.18) lat (ms,95%): 0.00 err/s: 0.00 reconn/s: 0.00
[ 4s ] thds: 4 tps: 0.00 qps: 3232.85 (r/w/o: 0.00/808.21/2424.64) lat (ms,95%): 0.00 err/s: 0.00 reconn/s: 0.00
[ 6s ] thds: 4 tps: 0.00 qps: 3194.07 (r/w/o: 0.00/798.52/2395.56) lat (ms,95%): 0.00 err/s: 0.00 reconn/s: 0.00
[ 8s ] thds: 4 tps: 0.00 qps: 3230.01 (r/w/o: 0.00/807.50/2422.50) lat (ms,95%): 0.00 err/s: 0.00 reconn/s: 0.00
[ 10s ] thds: 4 tps: 0.00 qps: 3103.96 (r/w/o: 0.00/775.99/2327.97) lat (ms,95%): 0.00 err/s: 0.00 reconn/s: 0.00
[ 12s ] thds: 4 tps: 0.00 qps: 3203.91 (r/w/o: 0.00/800.98/2402.93) lat (ms,95%): 0.00 err/s: 0.00 reconn/s: 0.00
[ 14s ] thds: 4 tps: 0.00 qps: 3154.15 (r/w/o: 0.00/788.54/2365.61) lat (ms,95%): 0.00 err/s: 0.00 reconn/s: 0.00
[ 16s ] thds: 4 tps: 0.00 qps: 3147.91 (r/w/o: 0.00/786.98/2360.93) lat (ms,95%): 0.00 err/s: 0.00 reconn/s: 0.00
[ 18s ] thds: 4 tps: 0.00 qps: 3147.95 (r/w/o: 0.00/786.99/2360.96) lat (ms,95%): 0.00 err/s: 0.00 reconn/s: 0.00
[ 20s ] thds: 4 tps: 0.00 qps: 3218.02 (r/w/o: 0.00/804.50/2413.51) lat (ms,95%): 0.00 err/s: 0.00 reconn/s: 0.00
[ 22s ] thds: 4 tps: 0.00 qps: 3185.00 (r/w/o: 0.00/796.50/2388.50) lat (ms,95%): 0.00 err/s: 0.00 reconn/s: 0.00
[ 24s ] thds: 4 tps: 0.00 qps: 3189.07 (r/w/o: 0.00/797.02/2392.05) lat (ms,95%): 0.00 err/s: 0.00 reconn/s: 0.00
[ 26s ] thds: 4 tps: 0.00 qps: 3241.97 (r/w/o: 0.00/810.49/2431.48) lat (ms,95%): 0.00 err/s: 0.00 reconn/s: 0.00
SQL statistics:
    queries performed:
        read:                            0
        write:                           22000
        other:                           66016
        total:                           88016
    transactions:                        4      (0.15 per sec.)
    queries:                             88016  (3198.58 per sec.)
    ignored errors:                      0      (0.00 per sec.)
    reconnects:                          0      (0.00 per sec.)

General statistics:
    total time:                          27.5168s
    total number of events:              4

Latency (ms):
         min:                                27515.75
         avg:                                27515.85
         max:                                27516.07
         95th percentile:                    27349.55
         sum:                               110063.39

Threads fairness:
    events (avg/stddev):           1.0000/0.00
    execution time (avg/stddev):   27.5158/0.00

