sysbench 1.0.20 (using system LuaJIT 2.1.0-beta3)

Running the test with following options:
Number of threads: 4
Report intermediate results every 2 second(s)
Initializing random number generator from current time


Initializing worker threads...

Threads started!

[ 2s ] thds: 4 tps: 4.00 qps: 5513.15 (r/w/o: 0.00/1376.79/4136.36) lat (ms,95%): 733.00 err/s: 0.00 reconn/s: 0.00
[ 4s ] thds: 4 tps: 6.00 qps: 5417.22 (r/w/o: 0.00/1351.31/4065.92) lat (ms,95%): 733.00 err/s: 0.00 reconn/s: 0.00
[ 6s ] thds: 4 tps: 6.00 qps: 5344.18 (r/w/o: 0.00/1333.05/4011.14) lat (ms,95%): 787.74 err/s: 0.00 reconn/s: 0.00
[ 8s ] thds: 4 tps: 4.00 qps: 5479.85 (r/w/o: 0.00/1367.96/4111.89) lat (ms,95%): 746.32 err/s: 0.00 reconn/s: 0.00
[ 10s ] thds: 4 tps: 6.00 qps: 5566.09 (r/w/o: 0.00/1388.52/4177.57) lat (ms,95%): 746.32 err/s: 0.00 reconn/s: 0.00
[ 12s ] thds: 4 tps: 6.00 qps: 5572.00 (r/w/o: 0.00/1390.00/4182.00) lat (ms,95%): 733.00 err/s: 0.00 reconn/s: 0.00
[ 14s ] thds: 4 tps: 6.00 qps: 5619.81 (r/w/o: 0.00/1401.95/4217.86) lat (ms,95%): 733.00 err/s: 0.00 reconn/s: 0.00
[ 16s ] thds: 4 tps: 4.00 qps: 5254.13 (r/w/o: 0.00/1311.53/3942.60) lat (ms,95%): 802.05 err/s: 0.00 reconn/s: 0.00
[ 18s ] thds: 4 tps: 6.00 qps: 5506.19 (r/w/o: 0.00/1373.55/4132.64) lat (ms,95%): 746.32 err/s: 0.00 reconn/s: 0.00
SQL statistics:
    queries performed:
        read:                            0
        write:                           25028
        other:                           75272
        total:                           100300
    transactions:                        100    (5.46 per sec.)
    queries:                             100300 (5475.72 per sec.)
    ignored errors:                      0      (0.00 per sec.)
    reconnects:                          0      (0.00 per sec.)

General statistics:
    total time:                          18.3168s
    total number of events:              100

Latency (ms):
         min:                                  703.96
         avg:                                  732.63
         max:                                  800.47
         95th percentile:                      787.74
         sum:                                73263.18

Threads fairness:
    events (avg/stddev):           25.0000/0.00
    execution time (avg/stddev):   18.3158/0.00

