sysbench 1.0.20 (using system LuaJIT 2.1.0-beta3)

Running the test with following options:
Number of threads: 1
Report intermediate results every 1 second(s)
Initializing random number generator from current time


Initializing worker threads...

Threads started!

[ 1s ] thds: 1 tps: 0.00 qps: 1041.98 (r/w/o: 0.00/1038.98/3.00) lat (ms,95%): 0.00 err/s: 0.00 reconn/s: 0.00
[ 2s ] thds: 1 tps: 0.00 qps: 1058.50 (r/w/o: 0.00/1058.50/0.00) lat (ms,95%): 0.00 err/s: 0.00 reconn/s: 0.00
[ 3s ] thds: 1 tps: 0.00 qps: 998.09 (r/w/o: 0.00/998.09/0.00) lat (ms,95%): 0.00 err/s: 0.00 reconn/s: 0.00
[ 4s ] thds: 1 tps: 1.00 qps: 943.92 (r/w/o: 0.00/941.92/2.00) lat (ms,95%): 3911.79 err/s: 0.00 reconn/s: 0.00
[ 5s ] thds: 1 tps: 0.00 qps: 1013.02 (r/w/o: 0.00/1013.02/0.00) lat (ms,95%): 0.00 err/s: 0.00 reconn/s: 0.00
[ 6s ] thds: 1 tps: 0.00 qps: 1001.08 (r/w/o: 0.00/1001.08/0.00) lat (ms,95%): 0.00 err/s: 0.00 reconn/s: 0.00
[ 7s ] thds: 1 tps: 0.00 qps: 996.98 (r/w/o: 0.00/996.98/0.00) lat (ms,95%): 0.00 err/s: 0.00 reconn/s: 0.00
[ 8s ] thds: 1 tps: 1.00 qps: 1004.94 (r/w/o: 0.00/1002.94/2.00) lat (ms,95%): 3982.86 err/s: 0.00 reconn/s: 0.00
[ 9s ] thds: 1 tps: 0.00 qps: 1038.00 (r/w/o: 0.00/1038.00/0.00) lat (ms,95%): 0.00 err/s: 0.00 reconn/s: 0.00
[ 10s ] thds: 1 tps: 0.00 qps: 1008.01 (r/w/o: 0.00/1008.01/0.00) lat (ms,95%): 0.00 err/s: 0.00 reconn/s: 0.00
[ 11s ] thds: 1 tps: 0.00 qps: 1006.00 (r/w/o: 0.00/1006.00/0.00) lat (ms,95%): 0.00 err/s: 0.00 reconn/s: 0.00
SQL statistics:
    queries performed:
        read:                            0
        write:                           12002
        other:                           7
        total:                           12009
    transactions:                        3      (0.25 per sec.)
    queries:                             12009  (1013.27 per sec.)
    ignored errors:                      0      (0.00 per sec.)
    reconnects:                          0      (0.00 per sec.)

General statistics:
    total time:                          11.8514s
    total number of events:              3

Latency (ms):
         min:                                 3916.55
         avg:                                 3950.26
         max:                                 3987.66
         95th percentile:                     3982.86
         sum:                                11850.79

Threads fairness:
    events (avg/stddev):           3.0000/0.00
    execution time (avg/stddev):   11.8508/0.00

