sysbench 1.0.20 (using system LuaJIT 2.1.0-beta3)

Running the test with following options:
Number of threads: 1
Report intermediate results every 1 second(s)
Initializing random number generator from current time


Initializing worker threads...

Threads started!

[ 1s ] thds: 1 tps: 172.86 qps: 518.58 (r/w/o: 518.58/0.00/0.00) lat (ms,95%): 5.88 err/s: 0.00 reconn/s: 0.00
[ 2s ] thds: 1 tps: 175.07 qps: 527.22 (r/w/o: 527.22/0.00/0.00) lat (ms,95%): 5.77 err/s: 0.00 reconn/s: 0.00
[ 3s ] thds: 1 tps: 174.00 qps: 522.00 (r/w/o: 522.00/0.00/0.00) lat (ms,95%): 5.88 err/s: 0.00 reconn/s: 0.00
[ 4s ] thds: 1 tps: 174.99 qps: 523.97 (r/w/o: 523.97/0.00/0.00) lat (ms,95%): 5.88 err/s: 0.00 reconn/s: 0.00
[ 5s ] thds: 1 tps: 174.01 qps: 523.03 (r/w/o: 523.03/0.00/0.00) lat (ms,95%): 5.77 err/s: 0.00 reconn/s: 0.00
[ 6s ] thds: 1 tps: 174.99 qps: 524.96 (r/w/o: 524.96/0.00/0.00) lat (ms,95%): 5.88 err/s: 0.00 reconn/s: 0.00
[ 7s ] thds: 1 tps: 176.00 qps: 527.01 (r/w/o: 527.01/0.00/0.00) lat (ms,95%): 5.77 err/s: 0.00 reconn/s: 0.00
[ 8s ] thds: 1 tps: 175.01 qps: 526.03 (r/w/o: 526.03/0.00/0.00) lat (ms,95%): 5.77 err/s: 0.00 reconn/s: 0.00
SQL statistics:
    queries performed:
        read:                            4194
        write:                           0
        other:                           0
        total:                           4194
    transactions:                        1398   (174.69 per sec.)
    queries:                             4194   (524.06 per sec.)
    ignored errors:                      0      (0.00 per sec.)
    reconnects:                          0      (0.00 per sec.)

General statistics:
    total time:                          8.0025s
    total number of events:              1398

Latency (ms):
         min:                                    5.53
         avg:                                    5.72
         max:                                   13.59
         95th percentile:                        5.88
         sum:                                 8000.01

Threads fairness:
    events (avg/stddev):           1398.0000/0.00
    execution time (avg/stddev):   8.0000/0.00

