sysbench 1.0.20 (using system LuaJIT 2.1.0-beta3)

Running the test with following options:
Number of threads: 1
Report intermediate results every 1 second(s)
Initializing random number generator from current time


Initializing worker threads...

Threads started!

[ 1s ] thds: 1 tps: 1031.26 qps: 3094.78 (r/w/o: 3094.78/0.00/0.00) lat (ms,95%): 1.04 err/s: 0.00 reconn/s: 0.00
[ 2s ] thds: 1 tps: 1042.24 qps: 3126.71 (r/w/o: 3126.71/0.00/0.00) lat (ms,95%): 1.03 err/s: 0.00 reconn/s: 0.00
[ 3s ] thds: 1 tps: 1037.98 qps: 3114.93 (r/w/o: 3114.93/0.00/0.00) lat (ms,95%): 1.03 err/s: 0.00 reconn/s: 0.00
[ 4s ] thds: 1 tps: 1060.03 qps: 3178.10 (r/w/o: 3178.10/0.00/0.00) lat (ms,95%): 1.01 err/s: 0.00 reconn/s: 0.00
[ 5s ] thds: 1 tps: 1034.99 qps: 3105.96 (r/w/o: 3105.96/0.00/0.00) lat (ms,95%): 1.04 err/s: 0.00 reconn/s: 0.00
[ 6s ] thds: 1 tps: 1054.02 qps: 3161.06 (r/w/o: 3161.06/0.00/0.00) lat (ms,95%): 1.03 err/s: 0.00 reconn/s: 0.00
[ 7s ] thds: 1 tps: 1048.92 qps: 3148.77 (r/w/o: 3148.77/0.00/0.00) lat (ms,95%): 1.04 err/s: 0.00 reconn/s: 0.00
[ 8s ] thds: 1 tps: 1052.09 qps: 3156.27 (r/w/o: 3156.27/0.00/0.00) lat (ms,95%): 1.01 err/s: 0.00 reconn/s: 0.00
SQL statistics:
    queries performed:
        read:                            25089
        write:                           0
        other:                           0
        total:                           25089
    transactions:                        8363   (1045.21 per sec.)
    queries:                             25089  (3135.64 per sec.)
    ignored errors:                      0      (0.00 per sec.)
    reconnects:                          0      (0.00 per sec.)

General statistics:
    total time:                          8.0009s
    total number of events:              8363

Latency (ms):
         min:                                    0.85
         avg:                                    0.96
         max:                                    8.65
         95th percentile:                        1.03
         sum:                                 7991.87

Threads fairness:
    events (avg/stddev):           8363.0000/0.00
    execution time (avg/stddev):   7.9919/0.00

