sysbench 1.0.20 (using system LuaJIT 2.1.0-beta3)

Running the test with following options:
Number of threads: 1
Report intermediate results every 1 second(s)
Initializing random number generator from current time


Initializing worker threads...

Threads started!

[ 1s ] thds: 1 tps: 972.29 qps: 2917.88 (r/w/o: 2917.88/0.00/0.00) lat (ms,95%): 1.08 err/s: 0.00 reconn/s: 0.00
[ 2s ] thds: 1 tps: 1006.16 qps: 3019.48 (r/w/o: 3019.48/0.00/0.00) lat (ms,95%): 1.08 err/s: 0.00 reconn/s: 0.00
[ 3s ] thds: 1 tps: 1001.09 qps: 3001.27 (r/w/o: 3001.27/0.00/0.00) lat (ms,95%): 1.06 err/s: 0.00 reconn/s: 0.00
[ 4s ] thds: 1 tps: 992.00 qps: 2976.99 (r/w/o: 2976.99/0.00/0.00) lat (ms,95%): 1.08 err/s: 0.00 reconn/s: 0.00
[ 5s ] thds: 1 tps: 1005.02 qps: 3016.05 (r/w/o: 3016.05/0.00/0.00) lat (ms,95%): 1.08 err/s: 0.00 reconn/s: 0.00
[ 6s ] thds: 1 tps: 941.98 qps: 2824.95 (r/w/o: 2824.95/0.00/0.00) lat (ms,95%): 1.50 err/s: 0.00 reconn/s: 0.00
[ 7s ] thds: 1 tps: 998.01 qps: 2994.03 (r/w/o: 2994.03/0.00/0.00) lat (ms,95%): 1.08 err/s: 0.00 reconn/s: 0.00
SQL statistics:
    queries performed:
        read:                            23763
        write:                           0
        other:                           0
        total:                           23763
    transactions:                        7921   (989.99 per sec.)
    queries:                             23763  (2969.98 per sec.)
    ignored errors:                      0      (0.00 per sec.)
    reconnects:                          0      (0.00 per sec.)

General statistics:
    total time:                          8.0007s
    total number of events:              7921

Latency (ms):
         min:                                    0.90
         avg:                                    1.01
         max:                                    8.42
         95th percentile:                        1.08
         sum:                                 7992.13

Threads fairness:
    events (avg/stddev):           7921.0000/0.00
    execution time (avg/stddev):   7.9921/0.00

