sysbench 1.0.20 (using system LuaJIT 2.1.0-beta3)

Running the test with following options:
Number of threads: 1
Report intermediate results every 1 second(s)
Initializing random number generator from current time


Initializing worker threads...

Threads started!

[ 1s ] thds: 1 tps: 262.79 qps: 262.79 (r/w/o: 262.79/0.00/0.00) lat (ms,95%): 4.18 err/s: 0.00 reconn/s: 0.00
[ 2s ] thds: 1 tps: 261.08 qps: 261.08 (r/w/o: 261.08/0.00/0.00) lat (ms,95%): 4.18 err/s: 0.00 reconn/s: 0.00
[ 3s ] thds: 1 tps: 263.00 qps: 263.00 (r/w/o: 263.00/0.00/0.00) lat (ms,95%): 4.18 err/s: 0.00 reconn/s: 0.00
[ 4s ] thds: 1 tps: 262.00 qps: 262.00 (r/w/o: 262.00/0.00/0.00) lat (ms,95%): 4.18 err/s: 0.00 reconn/s: 0.00
[ 5s ] thds: 1 tps: 263.01 qps: 263.01 (r/w/o: 263.01/0.00/0.00) lat (ms,95%): 3.89 err/s: 0.00 reconn/s: 0.00
[ 6s ] thds: 1 tps: 261.99 qps: 261.99 (r/w/o: 261.99/0.00/0.00) lat (ms,95%): 3.89 err/s: 0.00 reconn/s: 0.00
[ 7s ] thds: 1 tps: 262.01 qps: 262.01 (r/w/o: 262.01/0.00/0.00) lat (ms,95%): 4.18 err/s: 0.00 reconn/s: 0.00
[ 8s ] thds: 1 tps: 264.99 qps: 264.99 (r/w/o: 264.99/0.00/0.00) lat (ms,95%): 4.18 err/s: 0.00 reconn/s: 0.00
SQL statistics:
    queries performed:
        read:                            2102
        write:                           0
        other:                           0
        total:                           2102
    transactions:                        2102   (262.69 per sec.)
    queries:                             2102   (262.69 per sec.)
    ignored errors:                      0      (0.00 per sec.)
    reconnects:                          0      (0.00 per sec.)

General statistics:
    total time:                          8.0014s
    total number of events:              2102

Latency (ms):
         min:                                    3.30
         avg:                                    3.81
         max:                                   11.53
         95th percentile:                        4.18
         sum:                                 7998.25

Threads fairness:
    events (avg/stddev):           2102.0000/0.00
    execution time (avg/stddev):   7.9983/0.00

