sysbench 1.0.20 (using system LuaJIT 2.1.0-beta3)

Running the test with following options:
Number of threads: 1
Report intermediate results every 1 second(s)
Initializing random number generator from current time


Initializing worker threads...

Threads started!

[ 1s ] thds: 1 tps: 4933.62 qps: 4933.62 (r/w/o: 4933.62/0.00/0.00) lat (ms,95%): 0.23 err/s: 0.00 reconn/s: 0.00
[ 2s ] thds: 1 tps: 4906.17 qps: 4906.17 (r/w/o: 4906.17/0.00/0.00) lat (ms,95%): 0.23 err/s: 0.00 reconn/s: 0.00
[ 3s ] thds: 1 tps: 4911.85 qps: 4911.85 (r/w/o: 4911.85/0.00/0.00) lat (ms,95%): 0.23 err/s: 0.00 reconn/s: 0.00
[ 4s ] thds: 1 tps: 4863.06 qps: 4863.06 (r/w/o: 4863.06/0.00/0.00) lat (ms,95%): 0.24 err/s: 0.00 reconn/s: 0.00
[ 5s ] thds: 1 tps: 4961.87 qps: 4961.87 (r/w/o: 4961.87/0.00/0.00) lat (ms,95%): 0.23 err/s: 0.00 reconn/s: 0.00
[ 6s ] thds: 1 tps: 4982.14 qps: 4982.14 (r/w/o: 4982.14/0.00/0.00) lat (ms,95%): 0.22 err/s: 0.00 reconn/s: 0.00
[ 7s ] thds: 1 tps: 5057.01 qps: 5057.01 (r/w/o: 5057.01/0.00/0.00) lat (ms,95%): 0.22 err/s: 0.00 reconn/s: 0.00
SQL statistics:
    queries performed:
        read:                            39637
        write:                           0
        other:                           0
        total:                           39637
    transactions:                        39637  (4953.95 per sec.)
    queries:                             39637  (4953.95 per sec.)
    ignored errors:                      0      (0.00 per sec.)
    reconnects:                          0      (0.00 per sec.)

General statistics:
    total time:                          8.0007s
    total number of events:              39637

Latency (ms):
         min:                                    0.17
         avg:                                    0.20
         max:                                    7.62
         95th percentile:                        0.23
         sum:                                 7965.73

Threads fairness:
    events (avg/stddev):           39637.0000/0.00
    execution time (avg/stddev):   7.9657/0.00

