sysbench 1.0.20 (using system LuaJIT 2.1.0-beta3)

Running the test with following options:
Number of threads: 1
Report intermediate results every 1 second(s)
Initializing random number generator from current time


Initializing worker threads...

Threads started!

[ 1s ] thds: 1 tps: 19.98 qps: 892.20 (r/w/o: 0.00/849.24/42.96) lat (ms,95%): 94.10 err/s: 0.00 reconn/s: 0.00
[ 2s ] thds: 1 tps: 23.01 qps: 966.41 (r/w/o: 0.00/920.39/46.02) lat (ms,95%): 49.21 err/s: 0.00 reconn/s: 0.00
[ 3s ] thds: 1 tps: 23.00 qps: 1000.03 (r/w/o: 0.00/954.02/46.00) lat (ms,95%): 47.47 err/s: 0.00 reconn/s: 0.00
[ 4s ] thds: 1 tps: 23.00 qps: 968.94 (r/w/o: 0.00/923.94/45.00) lat (ms,95%): 49.21 err/s: 0.00 reconn/s: 0.00
[ 5s ] thds: 1 tps: 24.00 qps: 1057.05 (r/w/o: 0.00/1008.05/49.00) lat (ms,95%): 44.17 err/s: 0.00 reconn/s: 0.00
[ 6s ] thds: 1 tps: 24.00 qps: 1024.05 (r/w/o: 0.00/976.04/48.00) lat (ms,95%): 48.34 err/s: 0.00 reconn/s: 0.00
[ 7s ] thds: 1 tps: 23.00 qps: 994.03 (r/w/o: 0.00/948.03/46.00) lat (ms,95%): 49.21 err/s: 0.00 reconn/s: 0.00
[ 8s ] thds: 1 tps: 22.00 qps: 926.93 (r/w/o: 0.00/882.93/44.00) lat (ms,95%): 55.82 err/s: 0.00 reconn/s: 0.00
SQL statistics:
    queries performed:
        read:                            0
        write:                           7502
        other:                           367
        total:                           7869
    transactions:                        183    (22.76 per sec.)
    queries:                             7869   (978.73 per sec.)
    ignored errors:                      0      (0.00 per sec.)
    reconnects:                          0      (0.00 per sec.)

General statistics:
    total time:                          8.0397s
    total number of events:              183

Latency (ms):
         min:                                   34.99
         avg:                                   43.93
         max:                                   94.49
         95th percentile:                       51.02
         sum:                                 8038.41

Threads fairness:
    events (avg/stddev):           183.0000/0.00
    execution time (avg/stddev):   8.0384/0.00

