sysbench 1.0.20 (using system LuaJIT 2.1.0-beta3)

Running the test with following options:
Number of threads: 1
Report intermediate results every 1 second(s)
Initializing random number generator from current time


Initializing worker threads...

Threads started!

[ 1s ] thds: 1 tps: 5830.48 qps: 5830.48 (r/w/o: 5830.48/0.00/0.00) lat (ms,95%): 0.20 err/s: 0.00 reconn/s: 0.00
[ 2s ] thds: 1 tps: 5861.49 qps: 5861.49 (r/w/o: 5861.49/0.00/0.00) lat (ms,95%): 0.20 err/s: 0.00 reconn/s: 0.00
[ 3s ] thds: 1 tps: 5922.88 qps: 5922.88 (r/w/o: 5922.88/0.00/0.00) lat (ms,95%): 0.19 err/s: 0.00 reconn/s: 0.00
[ 4s ] thds: 1 tps: 5836.23 qps: 5836.23 (r/w/o: 5836.23/0.00/0.00) lat (ms,95%): 0.20 err/s: 0.00 reconn/s: 0.00
[ 5s ] thds: 1 tps: 5827.13 qps: 5828.13 (r/w/o: 5828.13/0.00/0.00) lat (ms,95%): 0.20 err/s: 0.00 reconn/s: 0.00
[ 6s ] thds: 1 tps: 5789.51 qps: 5788.51 (r/w/o: 5788.51/0.00/0.00) lat (ms,95%): 0.20 err/s: 0.00 reconn/s: 0.00
[ 7s ] thds: 1 tps: 5733.30 qps: 5733.30 (r/w/o: 5733.30/0.00/0.00) lat (ms,95%): 0.20 err/s: 0.00 reconn/s: 0.00
SQL statistics:
    queries performed:
        read:                            46836
        write:                           0
        other:                           0
        total:                           46836
    transactions:                        46836  (5853.74 per sec.)
    queries:                             46836  (5853.74 per sec.)
    ignored errors:                      0      (0.00 per sec.)
    reconnects:                          0      (0.00 per sec.)

General statistics:
    total time:                          8.0007s
    total number of events:              46836

Latency (ms):
         min:                                    0.14
         avg:                                    0.17
         max:                                    7.77
         95th percentile:                        0.20
         sum:                                 7958.35

Threads fairness:
    events (avg/stddev):           46836.0000/0.00
    execution time (avg/stddev):   7.9584/0.00

