sysbench 1.0.20 (using system LuaJIT 2.1.0-beta3)

Running the test with following options:
Number of threads: 1
Report intermediate results every 1 second(s)
Initializing random number generator from current time


Initializing worker threads...

Threads started!

[ 1s ] thds: 1 tps: 831.47 qps: 831.47 (r/w/o: 831.47/0.00/0.00) lat (ms,95%): 1.23 err/s: 0.00 reconn/s: 0.00
[ 2s ] thds: 1 tps: 841.18 qps: 841.18 (r/w/o: 841.18/0.00/0.00) lat (ms,95%): 1.21 err/s: 0.00 reconn/s: 0.00
[ 3s ] thds: 1 tps: 838.00 qps: 838.00 (r/w/o: 838.00/0.00/0.00) lat (ms,95%): 1.23 err/s: 0.00 reconn/s: 0.00
[ 4s ] thds: 1 tps: 838.01 qps: 838.01 (r/w/o: 838.01/0.00/0.00) lat (ms,95%): 1.23 err/s: 0.00 reconn/s: 0.00
[ 5s ] thds: 1 tps: 844.00 qps: 844.00 (r/w/o: 844.00/0.00/0.00) lat (ms,95%): 1.23 err/s: 0.00 reconn/s: 0.00
[ 6s ] thds: 1 tps: 843.00 qps: 843.00 (r/w/o: 843.00/0.00/0.00) lat (ms,95%): 1.23 err/s: 0.00 reconn/s: 0.00
[ 7s ] thds: 1 tps: 841.00 qps: 841.00 (r/w/o: 841.00/0.00/0.00) lat (ms,95%): 1.23 err/s: 0.00 reconn/s: 0.00
[ 8s ] thds: 1 tps: 839.95 qps: 839.95 (r/w/o: 839.95/0.00/0.00) lat (ms,95%): 1.23 err/s: 0.00 reconn/s: 0.00
SQL statistics:
    queries performed:
        read:                            6718
        write:                           0
        other:                           0
        total:                           6718
    transactions:                        6718   (839.60 per sec.)
    queries:                             6718   (839.60 per sec.)
    ignored errors:                      0      (0.00 per sec.)
    reconnects:                          0      (0.00 per sec.)

General statistics:
    total time:                          8.0011s
    total number of events:              6718

Latency (ms):
         min:                                    1.15
         avg:                                    1.19
         max:                                    8.80
         95th percentile:                        1.23
         sum:                                 7993.37

Threads fairness:
    events (avg/stddev):           6718.0000/0.00
    execution time (avg/stddev):   7.9934/0.00

