sysbench 1.0.20 (using system LuaJIT 2.1.0-beta3)

Running the test with following options:
Number of threads: 1
Report intermediate results every 1 second(s)
Initializing random number generator from current time


Initializing worker threads...

Threads started!

[ 1s ] thds: 1 tps: 0.00 qps: 792.32 (r/w/o: 0.00/788.32/4.00) lat (ms,95%): 0.00 err/s: 0.00 reconn/s: 0.00
[ 2s ] thds: 1 tps: 0.00 qps: 810.32 (r/w/o: 0.00/810.32/0.00) lat (ms,95%): 0.00 err/s: 0.00 reconn/s: 0.00
[ 3s ] thds: 1 tps: 0.00 qps: 779.01 (r/w/o: 0.00/779.01/0.00) lat (ms,95%): 0.00 err/s: 0.00 reconn/s: 0.00
[ 4s ] thds: 1 tps: 1.00 qps: 736.99 (r/w/o: 0.00/734.99/2.00) lat (ms,95%): 3511.19 err/s: 0.00 reconn/s: 0.00
[ 5s ] thds: 1 tps: 0.00 qps: 754.02 (r/w/o: 0.00/754.02/0.00) lat (ms,95%): 0.00 err/s: 0.00 reconn/s: 0.00
[ 6s ] thds: 1 tps: 0.00 qps: 768.02 (r/w/o: 0.00/768.02/0.00) lat (ms,95%): 0.00 err/s: 0.00 reconn/s: 0.00
[ 7s ] thds: 1 tps: 0.00 qps: 791.98 (r/w/o: 0.00/791.98/0.00) lat (ms,95%): 0.00 err/s: 0.00 reconn/s: 0.00
[ 8s ] thds: 1 tps: 1.00 qps: 810.98 (r/w/o: 0.00/808.98/2.00) lat (ms,95%): 3639.94 err/s: 0.00 reconn/s: 0.00
[ 9s ] thds: 1 tps: 0.00 qps: 812.06 (r/w/o: 0.00/812.06/0.00) lat (ms,95%): 0.00 err/s: 0.00 reconn/s: 0.00
[ 10s ] thds: 1 tps: 0.00 qps: 815.96 (r/w/o: 0.00/815.96/0.00) lat (ms,95%): 0.00 err/s: 0.00 reconn/s: 0.00
SQL statistics:
    queries performed:
        read:                            0
        write:                           8404
        other:                           8
        total:                           8412
    transactions:                        3      (0.28 per sec.)
    queries:                             8412   (786.12 per sec.)
    ignored errors:                      0      (0.00 per sec.)
    reconnects:                          0      (0.00 per sec.)

General statistics:
    total time:                          10.7003s
    total number of events:              3

Latency (ms):
         min:                                 3500.62
         avg:                                 3566.57
         max:                                 3658.38
         95th percentile:                     3639.94
         sum:                                10699.70

Threads fairness:
    events (avg/stddev):           3.0000/0.00
    execution time (avg/stddev):   10.6997/0.00

