sysbench 1.0.20 (using system LuaJIT 2.1.0-beta3)

Running the test with following options:
Number of threads: 1
Report intermediate results every 1 second(s)
Initializing random number generator from current time


Initializing worker threads...

Threads started!

[ 1s ] thds: 1 tps: 389.65 qps: 389.65 (r/w/o: 389.65/0.00/0.00) lat (ms,95%): 2.61 err/s: 0.00 reconn/s: 0.00
[ 2s ] thds: 1 tps: 394.15 qps: 394.15 (r/w/o: 394.15/0.00/0.00) lat (ms,95%): 2.57 err/s: 0.00 reconn/s: 0.00
[ 3s ] thds: 1 tps: 391.04 qps: 391.04 (r/w/o: 391.04/0.00/0.00) lat (ms,95%): 2.61 err/s: 0.00 reconn/s: 0.00
[ 4s ] thds: 1 tps: 393.95 qps: 393.95 (r/w/o: 393.95/0.00/0.00) lat (ms,95%): 2.61 err/s: 0.00 reconn/s: 0.00
[ 5s ] thds: 1 tps: 393.05 qps: 393.05 (r/w/o: 393.05/0.00/0.00) lat (ms,95%): 2.61 err/s: 0.00 reconn/s: 0.00
[ 6s ] thds: 1 tps: 392.96 qps: 392.96 (r/w/o: 392.96/0.00/0.00) lat (ms,95%): 2.61 err/s: 0.00 reconn/s: 0.00
[ 7s ] thds: 1 tps: 393.99 qps: 393.99 (r/w/o: 393.99/0.00/0.00) lat (ms,95%): 2.57 err/s: 0.00 reconn/s: 0.00
[ 8s ] thds: 1 tps: 395.03 qps: 395.03 (r/w/o: 395.03/0.00/0.00) lat (ms,95%): 2.57 err/s: 0.00 reconn/s: 0.00
SQL statistics:
    queries performed:
        read:                            3145
        write:                           0
        other:                           0
        total:                           3145
    transactions:                        3145   (392.96 per sec.)
    queries:                             3145   (392.96 per sec.)
    ignored errors:                      0      (0.00 per sec.)
    reconnects:                          0      (0.00 per sec.)

General statistics:
    total time:                          8.0029s
    total number of events:              3145

Latency (ms):
         min:                                    2.48
         avg:                                    2.54
         max:                                   11.01
         95th percentile:                        2.61
         sum:                                 7998.42

Threads fairness:
    events (avg/stddev):           3145.0000/0.00
    execution time (avg/stddev):   7.9984/0.00

