sysbench 1.0.20 (using system LuaJIT 2.1.0-beta3)

Running the test with following options:
Number of threads: 4
Report intermediate results every 2 second(s)
Initializing random number generator from current time


Initializing worker threads...

Threads started!

[ 2s ] thds: 4 tps: 3775.81 qps: 11330.44 (r/w/o: 11330.44/0.00/0.00) lat (ms,95%): 1.37 err/s: 0.00 reconn/s: 0.00
[ 4s ] thds: 4 tps: 3884.64 qps: 11651.41 (r/w/o: 11651.41/0.00/0.00) lat (ms,95%): 1.32 err/s: 0.00 reconn/s: 0.00
[ 6s ] thds: 4 tps: 3889.01 qps: 11668.53 (r/w/o: 11668.53/0.00/0.00) lat (ms,95%): 1.32 err/s: 0.00 reconn/s: 0.00
[ 8s ] thds: 4 tps: 3902.98 qps: 11708.95 (r/w/o: 11708.95/0.00/0.00) lat (ms,95%): 1.32 err/s: 0.00 reconn/s: 0.00
[ 10s ] thds: 4 tps: 3893.01 qps: 11679.03 (r/w/o: 11679.03/0.00/0.00) lat (ms,95%): 1.32 err/s: 0.00 reconn/s: 0.00
[ 12s ] thds: 4 tps: 3924.56 qps: 11774.19 (r/w/o: 11774.19/0.00/0.00) lat (ms,95%): 1.30 err/s: 0.00 reconn/s: 0.00
[ 14s ] thds: 4 tps: 3917.41 qps: 11752.23 (r/w/o: 11752.23/0.00/0.00) lat (ms,95%): 1.30 err/s: 0.00 reconn/s: 0.00
[ 16s ] thds: 4 tps: 3924.26 qps: 11771.27 (r/w/o: 11771.27/0.00/0.00) lat (ms,95%): 1.30 err/s: 0.00 reconn/s: 0.00
[ 18s ] thds: 4 tps: 3917.73 qps: 11755.70 (r/w/o: 11755.70/0.00/0.00) lat (ms,95%): 1.30 err/s: 0.00 reconn/s: 0.00
SQL statistics:
    queries performed:
        read:                            210195
        write:                           0
        other:                           0
        total:                           210195
    transactions:                        70065  (3892.09 per sec.)
    queries:                             210195 (11676.28 per sec.)
    ignored errors:                      0      (0.00 per sec.)
    reconnects:                          0      (0.00 per sec.)

General statistics:
    total time:                          18.0015s
    total number of events:              70065

Latency (ms):
         min:                                    0.65
         avg:                                    1.03
         max:                                   18.92
         95th percentile:                        1.32
         sum:                                71908.59

Threads fairness:
    events (avg/stddev):           17516.2500/61.83
    execution time (avg/stddev):   17.9771/0.00

