sysbench 1.0.20 (using system LuaJIT 2.1.0-beta3)

Running the test with following options:
Number of threads: 1
Report intermediate results every 1 second(s)
Initializing random number generator from current time


Initializing worker threads...

Threads started!

[ 1s ] thds: 1 tps: 5939.71 qps: 5939.71 (r/w/o: 5939.71/0.00/0.00) lat (ms,95%): 0.19 err/s: 0.00 reconn/s: 0.00
[ 2s ] thds: 1 tps: 5877.27 qps: 5877.27 (r/w/o: 5877.27/0.00/0.00) lat (ms,95%): 0.19 err/s: 0.00 reconn/s: 0.00
[ 3s ] thds: 1 tps: 5831.01 qps: 5832.01 (r/w/o: 5832.01/0.00/0.00) lat (ms,95%): 0.22 err/s: 0.00 reconn/s: 0.00
[ 4s ] thds: 1 tps: 5967.62 qps: 5966.62 (r/w/o: 5966.62/0.00/0.00) lat (ms,95%): 0.19 err/s: 0.00 reconn/s: 0.00
[ 5s ] thds: 1 tps: 6111.43 qps: 6111.43 (r/w/o: 6111.43/0.00/0.00) lat (ms,95%): 0.19 err/s: 0.00 reconn/s: 0.00
[ 6s ] thds: 1 tps: 5945.01 qps: 5945.01 (r/w/o: 5945.01/0.00/0.00) lat (ms,95%): 0.19 err/s: 0.00 reconn/s: 0.00
[ 7s ] thds: 1 tps: 5804.95 qps: 5804.95 (r/w/o: 5804.95/0.00/0.00) lat (ms,95%): 0.19 err/s: 0.00 reconn/s: 0.00
SQL statistics:
    queries performed:
        read:                            47473
        write:                           0
        other:                           0
        total:                           47473
    transactions:                        47473  (5933.34 per sec.)
    queries:                             47473  (5933.34 per sec.)
    ignored errors:                      0      (0.00 per sec.)
    reconnects:                          0      (0.00 per sec.)

General statistics:
    total time:                          8.0007s
    total number of events:              47473

Latency (ms):
         min:                                    0.14
         avg:                                    0.17
         max:                                    7.89
         95th percentile:                        0.19
         sum:                                 7960.50

Threads fairness:
    events (avg/stddev):           47473.0000/0.00
    execution time (avg/stddev):   7.9605/0.00

