sysbench 1.0.20 (using system LuaJIT 2.1.0-beta3)

Running the test with following options:
Number of threads: 4
Report intermediate results every 2 second(s)
Initializing random number generator from current time


Initializing worker threads...

Threads started!

[ 2s ] thds: 4 tps: 0.00 qps: 4439.51 (r/w/o: 0.00/1107.88/3331.63) lat (ms,95%): 0.00 err/s: 0.00 reconn/s: 0.00
[ 4s ] thds: 4 tps: 0.00 qps: 4467.37 (r/w/o: 0.00/1116.84/3350.53) lat (ms,95%): 0.00 err/s: 0.00 reconn/s: 0.00
[ 6s ] thds: 4 tps: 0.00 qps: 4465.93 (r/w/o: 0.00/1116.48/3349.45) lat (ms,95%): 0.00 err/s: 0.00 reconn/s: 0.00
[ 8s ] thds: 4 tps: 0.00 qps: 4599.03 (r/w/o: 0.00/1150.01/3449.03) lat (ms,95%): 0.00 err/s: 0.00 reconn/s: 0.00
[ 10s ] thds: 4 tps: 0.00 qps: 4234.31 (r/w/o: 0.00/1058.33/3175.98) lat (ms,95%): 0.00 err/s: 0.00 reconn/s: 0.00
[ 12s ] thds: 4 tps: 0.00 qps: 4436.71 (r/w/o: 0.00/1109.18/3327.53) lat (ms,95%): 0.00 err/s: 0.00 reconn/s: 0.00
[ 14s ] thds: 4 tps: 0.00 qps: 4587.99 (r/w/o: 0.00/1147.00/3440.99) lat (ms,95%): 0.00 err/s: 0.00 reconn/s: 0.00
[ 16s ] thds: 4 tps: 0.00 qps: 4570.19 (r/w/o: 0.00/1142.55/3427.64) lat (ms,95%): 0.00 err/s: 0.00 reconn/s: 0.00
[ 18s ] thds: 4 tps: 0.00 qps: 4546.81 (r/w/o: 0.00/1136.95/3409.86) lat (ms,95%): 0.00 err/s: 0.00 reconn/s: 0.00
SQL statistics:
    queries performed:
        read:                            0
        write:                           22000
        other:                           66016
        total:                           88016
    transactions:                        4      (0.20 per sec.)
    queries:                             88016  (4473.49 per sec.)
    ignored errors:                      0      (0.00 per sec.)
    reconnects:                          0      (0.00 per sec.)

General statistics:
    total time:                          19.6746s
    total number of events:              4

Latency (ms):
         min:                                19673.69
         avg:                                19673.71
         max:                                19673.73
         95th percentile:                    19778.24
         sum:                                78694.85

Threads fairness:
    events (avg/stddev):           1.0000/0.00
    execution time (avg/stddev):   19.6737/0.00

