sysbench 1.0.20 (using system LuaJIT 2.1.0-beta3)

Running the test with following options:
Number of threads: 4
Report intermediate results every 2 second(s)
Initializing random number generator from current time


Initializing worker threads...

Threads started!

[ 2s ] thds: 4 tps: 3908.69 qps: 11728.56 (r/w/o: 11728.56/0.00/0.00) lat (ms,95%): 1.30 err/s: 0.00 reconn/s: 0.00
[ 4s ] thds: 4 tps: 3942.64 qps: 11827.93 (r/w/o: 11827.93/0.00/0.00) lat (ms,95%): 1.30 err/s: 0.00 reconn/s: 0.00
[ 6s ] thds: 4 tps: 3922.51 qps: 11766.02 (r/w/o: 11766.02/0.00/0.00) lat (ms,95%): 1.32 err/s: 0.00 reconn/s: 0.00
[ 8s ] thds: 4 tps: 3961.98 qps: 11886.43 (r/w/o: 11886.43/0.00/0.00) lat (ms,95%): 1.27 err/s: 0.00 reconn/s: 0.00
[ 10s ] thds: 4 tps: 4151.01 qps: 12453.04 (r/w/o: 12453.04/0.00/0.00) lat (ms,95%): 1.25 err/s: 0.00 reconn/s: 0.00
[ 12s ] thds: 4 tps: 3919.05 qps: 11757.65 (r/w/o: 11757.65/0.00/0.00) lat (ms,95%): 1.34 err/s: 0.00 reconn/s: 0.00
[ 14s ] thds: 4 tps: 3974.96 qps: 11926.38 (r/w/o: 11926.38/0.00/0.00) lat (ms,95%): 1.30 err/s: 0.00 reconn/s: 0.00
[ 16s ] thds: 4 tps: 3924.98 qps: 11774.45 (r/w/o: 11774.45/0.00/0.00) lat (ms,95%): 1.32 err/s: 0.00 reconn/s: 0.00
[ 18s ] thds: 4 tps: 3969.99 qps: 11908.98 (r/w/o: 11908.98/0.00/0.00) lat (ms,95%): 1.30 err/s: 0.00 reconn/s: 0.00
SQL statistics:
    queries performed:
        read:                            214071
        write:                           0
        other:                           0
        total:                           214071
    transactions:                        71357  (3963.89 per sec.)
    queries:                             214071 (11891.66 per sec.)
    ignored errors:                      0      (0.00 per sec.)
    reconnects:                          0      (0.00 per sec.)

General statistics:
    total time:                          18.0014s
    total number of events:              71357

Latency (ms):
         min:                                    0.65
         avg:                                    1.01
         max:                                   19.00
         95th percentile:                        1.30
         sum:                                71910.28

Threads fairness:
    events (avg/stddev):           17839.2500/44.20
    execution time (avg/stddev):   17.9776/0.00

