sysbench 1.0.20 (using system LuaJIT 2.1.0-beta3)

Running the test with following options:
Number of threads: 4
Report intermediate results every 2 second(s)
Initializing random number generator from current time


Initializing worker threads...

Threads started!

[ 2s ] thds: 4 tps: 171.43 qps: 2674.37 (r/w/o: 0.00/941.10/1733.27) lat (ms,95%): 43.39 err/s: 138.44 reconn/s: 0.00
[ 4s ] thds: 4 tps: 182.03 qps: 2813.94 (r/w/o: 0.00/989.65/1824.28) lat (ms,95%): 41.85 err/s: 138.52 reconn/s: 0.00
[ 6s ] thds: 4 tps: 182.01 qps: 2739.08 (r/w/o: 0.00/932.03/1807.05) lat (ms,95%): 42.61 err/s: 137.00 reconn/s: 0.00
[ 8s ] thds: 4 tps: 176.99 qps: 2737.89 (r/w/o: 0.00/988.96/1748.93) lat (ms,95%): 41.10 err/s: 142.49 reconn/s: 0.00
[ 10s ] thds: 4 tps: 170.00 qps: 2642.52 (r/w/o: 0.00/965.01/1677.51) lat (ms,95%): 47.47 err/s: 138.00 reconn/s: 0.00
[ 12s ] thds: 4 tps: 186.00 qps: 2829.52 (r/w/o: 0.00/961.51/1868.01) lat (ms,95%): 39.65 err/s: 142.50 reconn/s: 0.00
[ 14s ] thds: 4 tps: 170.00 qps: 2591.51 (r/w/o: 0.00/934.00/1657.51) lat (ms,95%): 43.39 err/s: 130.50 reconn/s: 0.00
[ 16s ] thds: 4 tps: 177.51 qps: 2689.08 (r/w/o: 0.00/938.53/1750.55) lat (ms,95%): 37.56 err/s: 130.50 reconn/s: 0.00
[ 18s ] thds: 4 tps: 170.49 qps: 2668.41 (r/w/o: 0.00/940.47/1727.94) lat (ms,95%): 46.63 err/s: 131.50 reconn/s: 0.00
SQL statistics:
    queries performed:
        read:                            0
        write:                           17189
        other:                           31609
        total:                           48798
    transactions:                        3177   (176.38 per sec.)
    queries:                             48798  (2709.11 per sec.)
    ignored errors:                      2459   (136.52 per sec.)
    reconnects:                          0      (0.00 per sec.)

General statistics:
    total time:                          18.0122s
    total number of events:              3177

Latency (ms):
         min:                                    7.42
         avg:                                   22.67
         max:                                  125.36
         95th percentile:                       42.61
         sum:                                72036.84

Threads fairness:
    events (avg/stddev):           794.2500/11.03
    execution time (avg/stddev):   18.0092/0.00

