sysbench 1.0.20 (using system LuaJIT 2.1.0-beta3)

Running the test with following options:
Number of threads: 1
Report intermediate results every 1 second(s)
Initializing random number generator from current time


Initializing worker threads...

Threads started!

[ 1s ] thds: 1 tps: 209.82 qps: 209.82 (r/w/o: 209.82/0.00/0.00) lat (ms,95%): 5.09 err/s: 0.00 reconn/s: 0.00
[ 2s ] thds: 1 tps: 210.07 qps: 210.07 (r/w/o: 210.07/0.00/0.00) lat (ms,95%): 5.47 err/s: 0.00 reconn/s: 0.00
[ 3s ] thds: 1 tps: 211.01 qps: 211.01 (r/w/o: 211.01/0.00/0.00) lat (ms,95%): 5.18 err/s: 0.00 reconn/s: 0.00
[ 4s ] thds: 1 tps: 204.99 qps: 204.99 (r/w/o: 204.99/0.00/0.00) lat (ms,95%): 5.28 err/s: 0.00 reconn/s: 0.00
[ 5s ] thds: 1 tps: 213.01 qps: 213.01 (r/w/o: 213.01/0.00/0.00) lat (ms,95%): 5.18 err/s: 0.00 reconn/s: 0.00
[ 6s ] thds: 1 tps: 213.00 qps: 213.00 (r/w/o: 213.00/0.00/0.00) lat (ms,95%): 5.00 err/s: 0.00 reconn/s: 0.00
[ 7s ] thds: 1 tps: 212.00 qps: 212.00 (r/w/o: 212.00/0.00/0.00) lat (ms,95%): 4.82 err/s: 0.00 reconn/s: 0.00
[ 8s ] thds: 1 tps: 214.01 qps: 214.01 (r/w/o: 214.01/0.00/0.00) lat (ms,95%): 5.18 err/s: 0.00 reconn/s: 0.00
SQL statistics:
    queries performed:
        read:                            1689
        write:                           0
        other:                           0
        total:                           1689
    transactions:                        1689   (211.04 per sec.)
    queries:                             1689   (211.04 per sec.)
    ignored errors:                      0      (0.00 per sec.)
    reconnects:                          0      (0.00 per sec.)

General statistics:
    total time:                          8.0030s
    total number of events:              1689

Latency (ms):
         min:                                    4.08
         avg:                                    4.74
         max:                                   12.76
         95th percentile:                        5.18
         sum:                                 8000.08

Threads fairness:
    events (avg/stddev):           1689.0000/0.00
    execution time (avg/stddev):   8.0001/0.00

