sysbench 1.0.20 (using system LuaJIT 2.1.0-beta3)

Running the test with following options:
Number of threads: 4
Report intermediate results every 2 second(s)
Initializing random number generator from current time


Initializing worker threads...

Threads started!

[ 2s ] thds: 4 tps: 0.00 qps: 3280.20 (r/w/o: 0.00/818.55/2461.65) lat (ms,95%): 0.00 err/s: 0.00 reconn/s: 0.00
[ 4s ] thds: 4 tps: 0.00 qps: 3220.98 (r/w/o: 0.00/805.24/2415.73) lat (ms,95%): 0.00 err/s: 0.00 reconn/s: 0.00
[ 6s ] thds: 4 tps: 0.00 qps: 3365.96 (r/w/o: 0.00/841.49/2524.47) lat (ms,95%): 0.00 err/s: 0.00 reconn/s: 0.00
[ 8s ] thds: 4 tps: 2.00 qps: 3344.95 (r/w/o: 0.00/839.49/2505.46) lat (ms,95%): 6135.91 err/s: 2.00 reconn/s: 0.00
[ 10s ] thds: 4 tps: 0.00 qps: 3301.92 (r/w/o: 0.00/825.48/2476.44) lat (ms,95%): 0.00 err/s: 0.00 reconn/s: 0.00
[ 12s ] thds: 4 tps: 0.00 qps: 2950.13 (r/w/o: 0.00/737.53/2212.60) lat (ms,95%): 0.00 err/s: 0.00 reconn/s: 0.00
[ 14s ] thds: 4 tps: 2.00 qps: 3271.42 (r/w/o: 0.00/825.98/2445.44) lat (ms,95%): 6247.39 err/s: 3.50 reconn/s: 0.00
[ 16s ] thds: 4 tps: 0.00 qps: 3263.96 (r/w/o: 0.00/815.99/2447.97) lat (ms,95%): 0.00 err/s: 0.00 reconn/s: 0.00
[ 18s ] thds: 4 tps: 0.00 qps: 3508.17 (r/w/o: 0.00/877.04/2631.12) lat (ms,95%): 0.00 err/s: 0.00 reconn/s: 0.00
SQL statistics:
    queries performed:
        read:                            0
        write:                           15046
        other:                           45059
        total:                           60105
    transactions:                        12     (0.66 per sec.)
    queries:                             60105  (3283.05 per sec.)
    ignored errors:                      11     (0.60 per sec.)
    reconnects:                          0      (0.00 per sec.)

General statistics:
    total time:                          18.3073s
    total number of events:              12

Latency (ms):
         min:                                 5959.07
         avg:                                 6102.05
         max:                                 6264.63
         95th percentile:                     6247.39
         sum:                                73224.55

Threads fairness:
    events (avg/stddev):           3.0000/0.00
    execution time (avg/stddev):   18.3061/0.00

