sysbench 1.0.20 (using system LuaJIT 2.1.0-beta3)

Running the test with following options:
Number of threads: 4
Report intermediate results every 2 second(s)
Initializing random number generator from current time


Initializing worker threads...

Threads started!

[ 2s ] thds: 4 tps: 278.37 qps: 836.11 (r/w/o: 836.11/0.00/0.00) lat (ms,95%): 17.63 err/s: 0.00 reconn/s: 0.00
[ 4s ] thds: 4 tps: 288.05 qps: 864.66 (r/w/o: 864.66/0.00/0.00) lat (ms,95%): 15.55 err/s: 0.00 reconn/s: 0.00
[ 6s ] thds: 4 tps: 284.50 qps: 854.01 (r/w/o: 854.01/0.00/0.00) lat (ms,95%): 15.83 err/s: 0.00 reconn/s: 0.00
[ 8s ] thds: 4 tps: 288.00 qps: 864.50 (r/w/o: 864.50/0.00/0.00) lat (ms,95%): 15.00 err/s: 0.00 reconn/s: 0.00
[ 10s ] thds: 4 tps: 287.99 qps: 863.48 (r/w/o: 863.48/0.00/0.00) lat (ms,95%): 15.00 err/s: 0.00 reconn/s: 0.00
[ 12s ] thds: 4 tps: 287.01 qps: 863.02 (r/w/o: 863.02/0.00/0.00) lat (ms,95%): 15.27 err/s: 0.00 reconn/s: 0.00
[ 14s ] thds: 4 tps: 287.50 qps: 861.50 (r/w/o: 861.50/0.00/0.00) lat (ms,95%): 15.27 err/s: 0.00 reconn/s: 0.00
[ 16s ] thds: 4 tps: 287.50 qps: 860.50 (r/w/o: 860.50/0.00/0.00) lat (ms,95%): 15.27 err/s: 0.00 reconn/s: 0.00
[ 18s ] thds: 4 tps: 287.00 qps: 861.00 (r/w/o: 861.00/0.00/0.00) lat (ms,95%): 15.00 err/s: 0.00 reconn/s: 0.00
SQL statistics:
    queries performed:
        read:                            15468
        write:                           0
        other:                           0
        total:                           15468
    transactions:                        5156   (286.27 per sec.)
    queries:                             15468  (858.80 per sec.)
    ignored errors:                      0      (0.00 per sec.)
    reconnects:                          0      (0.00 per sec.)

General statistics:
    total time:                          18.0109s
    total number of events:              5156

Latency (ms):
         min:                                    9.64
         avg:                                   13.97
         max:                                   31.86
         95th percentile:                       15.55
         sum:                                72015.36

Threads fairness:
    events (avg/stddev):           1289.0000/4.42
    execution time (avg/stddev):   18.0038/0.00

