sysbench 1.0.20 (using system LuaJIT 2.1.0-beta3)

Running the test with following options:
Number of threads: 4
Report intermediate results every 2 second(s)
Initializing random number generator from current time


Initializing worker threads...

Threads started!

[ 2s ] thds: 4 tps: 11503.39 qps: 11503.39 (r/w/o: 11503.39/0.00/0.00) lat (ms,95%): 0.50 err/s: 0.00 reconn/s: 0.00
[ 4s ] thds: 4 tps: 11580.43 qps: 11580.43 (r/w/o: 11580.43/0.00/0.00) lat (ms,95%): 0.50 err/s: 0.00 reconn/s: 0.00
[ 6s ] thds: 4 tps: 11574.90 qps: 11574.90 (r/w/o: 11574.90/0.00/0.00) lat (ms,95%): 0.49 err/s: 0.00 reconn/s: 0.00
[ 8s ] thds: 4 tps: 11604.35 qps: 11604.35 (r/w/o: 11604.35/0.00/0.00) lat (ms,95%): 0.49 err/s: 0.00 reconn/s: 0.00
[ 10s ] thds: 4 tps: 11594.90 qps: 11594.90 (r/w/o: 11594.90/0.00/0.00) lat (ms,95%): 0.50 err/s: 0.00 reconn/s: 0.00
[ 12s ] thds: 4 tps: 11673.22 qps: 11673.22 (r/w/o: 11673.22/0.00/0.00) lat (ms,95%): 0.48 err/s: 0.00 reconn/s: 0.00
[ 14s ] thds: 4 tps: 11613.61 qps: 11613.61 (r/w/o: 11613.61/0.00/0.00) lat (ms,95%): 0.49 err/s: 0.00 reconn/s: 0.00
[ 16s ] thds: 4 tps: 11680.51 qps: 11680.51 (r/w/o: 11680.51/0.00/0.00) lat (ms,95%): 0.48 err/s: 0.00 reconn/s: 0.00
[ 18s ] thds: 4 tps: 12199.40 qps: 12199.40 (r/w/o: 12199.40/0.00/0.00) lat (ms,95%): 0.46 err/s: 0.00 reconn/s: 0.00
SQL statistics:
    queries performed:
        read:                            210056
        write:                           0
        other:                           0
        total:                           210056
    transactions:                        210056 (11668.86 per sec.)
    queries:                             210056 (11668.86 per sec.)
    ignored errors:                      0      (0.00 per sec.)
    reconnects:                          0      (0.00 per sec.)

General statistics:
    total time:                          18.0011s
    total number of events:              210056

Latency (ms):
         min:                                    0.18
         avg:                                    0.34
         max:                                   18.49
         95th percentile:                        0.49
         sum:                                71766.21

Threads fairness:
    events (avg/stddev):           52514.0000/241.14
    execution time (avg/stddev):   17.9416/0.00

