sysbench 1.0.20 (using system LuaJIT 2.1.0-beta3)

Running the test with following options:
Number of threads: 4
Report intermediate results every 2 second(s)
Initializing random number generator from current time


Initializing worker threads...

Threads started!

[ 2s ] thds: 4 tps: 3293.39 qps: 3293.39 (r/w/o: 3293.39/0.00/0.00) lat (ms,95%): 1.50 err/s: 0.00 reconn/s: 0.00
[ 4s ] thds: 4 tps: 3283.98 qps: 3283.98 (r/w/o: 3283.98/0.00/0.00) lat (ms,95%): 1.55 err/s: 0.00 reconn/s: 0.00
[ 6s ] thds: 4 tps: 3252.09 qps: 3252.09 (r/w/o: 3252.09/0.00/0.00) lat (ms,95%): 1.61 err/s: 0.00 reconn/s: 0.00
[ 8s ] thds: 4 tps: 3298.46 qps: 3298.46 (r/w/o: 3298.46/0.00/0.00) lat (ms,95%): 1.50 err/s: 0.00 reconn/s: 0.00
[ 10s ] thds: 4 tps: 3328.46 qps: 3328.46 (r/w/o: 3328.46/0.00/0.00) lat (ms,95%): 1.47 err/s: 0.00 reconn/s: 0.00
[ 12s ] thds: 4 tps: 3310.00 qps: 3310.00 (r/w/o: 3310.00/0.00/0.00) lat (ms,95%): 1.50 err/s: 0.00 reconn/s: 0.00
[ 14s ] thds: 4 tps: 3295.99 qps: 3295.99 (r/w/o: 3295.99/0.00/0.00) lat (ms,95%): 1.52 err/s: 0.00 reconn/s: 0.00
[ 16s ] thds: 4 tps: 3323.98 qps: 3323.98 (r/w/o: 3323.98/0.00/0.00) lat (ms,95%): 1.47 err/s: 0.00 reconn/s: 0.00
[ 18s ] thds: 4 tps: 3297.53 qps: 3297.53 (r/w/o: 3297.53/0.00/0.00) lat (ms,95%): 1.50 err/s: 0.00 reconn/s: 0.00
SQL statistics:
    queries performed:
        read:                            59374
        write:                           0
        other:                           0
        total:                           59374
    transactions:                        59374  (3298.20 per sec.)
    queries:                             59374  (3298.20 per sec.)
    ignored errors:                      0      (0.00 per sec.)
    reconnects:                          0      (0.00 per sec.)

General statistics:
    total time:                          18.0016s
    total number of events:              59374

Latency (ms):
         min:                                    0.62
         avg:                                    1.21
         max:                                   21.04
         95th percentile:                        1.52
         sum:                                71918.65

Threads fairness:
    events (avg/stddev):           14843.5000/122.25
    execution time (avg/stddev):   17.9797/0.00

