sysbench 1.0.20 (using system LuaJIT 2.1.0-beta3)

Running the test with following options:
Number of threads: 4
Report intermediate results every 2 second(s)
Initializing random number generator from current time


Initializing worker threads...

Threads started!

[ 2s ] thds: 4 tps: 0.00 qps: 5145.41 (r/w/o: 0.00/1288.35/3857.06) lat (ms,95%): 0.00 err/s: 0.00 reconn/s: 0.00
[ 4s ] thds: 4 tps: 2.00 qps: 5167.09 (r/w/o: 0.00/1290.77/3876.32) lat (ms,95%): 2320.55 err/s: 0.00 reconn/s: 0.00
[ 6s ] thds: 4 tps: 2.00 qps: 5118.00 (r/w/o: 0.00/1278.50/3839.50) lat (ms,95%): 2362.72 err/s: 0.00 reconn/s: 0.00
[ 8s ] thds: 4 tps: 2.00 qps: 5574.20 (r/w/o: 0.00/1392.55/4181.65) lat (ms,95%): 2238.47 err/s: 0.00 reconn/s: 0.00
[ 10s ] thds: 4 tps: 2.00 qps: 5230.34 (r/w/o: 0.00/1306.96/3923.38) lat (ms,95%): 2198.52 err/s: 0.00 reconn/s: 0.00
[ 12s ] thds: 4 tps: 2.00 qps: 5439.46 (r/w/o: 0.00/1358.49/4080.97) lat (ms,95%): 2238.47 err/s: 0.00 reconn/s: 0.00
[ 14s ] thds: 4 tps: 2.00 qps: 5386.63 (r/w/o: 0.00/1346.03/4040.59) lat (ms,95%): 2238.47 err/s: 0.00 reconn/s: 0.00
[ 16s ] thds: 4 tps: 2.00 qps: 5229.51 (r/w/o: 0.00/1306.00/3923.51) lat (ms,95%): 2279.14 err/s: 0.00 reconn/s: 0.00
[ 18s ] thds: 4 tps: 0.00 qps: 5033.90 (r/w/o: 0.00/1258.48/3775.43) lat (ms,95%): 0.00 err/s: 0.00 reconn/s: 0.00
SQL statistics:
    queries performed:
        read:                            0
        write:                           24014
        other:                           72082
        total:                           96096
    transactions:                        32     (1.75 per sec.)
    queries:                             96096  (5255.46 per sec.)
    ignored errors:                      0      (0.00 per sec.)
    reconnects:                          0      (0.00 per sec.)

General statistics:
    total time:                          18.2846s
    total number of events:              32

Latency (ms):
         min:                                 2214.14
         avg:                                 2285.46
         max:                                 2382.95
         95th percentile:                     2362.72
         sum:                                73134.70

Threads fairness:
    events (avg/stddev):           8.0000/0.00
    execution time (avg/stddev):   18.2837/0.00

