sysbench 1.0.20 (using system LuaJIT 2.1.0-beta3)

Running the test with following options:
Number of threads: 4
Report intermediate results every 2 second(s)
Initializing random number generator from current time


Initializing worker threads...

Threads started!

[ 2s ] thds: 4 tps: 0.00 qps: 2370.75 (r/w/o: 0.00/590.69/1780.06) lat (ms,95%): 0.00 err/s: 0.00 reconn/s: 0.00
[ 4s ] thds: 4 tps: 0.00 qps: 2434.67 (r/w/o: 0.00/608.67/1826.00) lat (ms,95%): 0.00 err/s: 0.00 reconn/s: 0.00
[ 6s ] thds: 4 tps: 0.00 qps: 2693.97 (r/w/o: 0.00/673.49/2020.48) lat (ms,95%): 0.00 err/s: 0.00 reconn/s: 0.00
[ 8s ] thds: 4 tps: 0.00 qps: 2658.04 (r/w/o: 0.00/664.51/1993.53) lat (ms,95%): 0.00 err/s: 0.00 reconn/s: 0.00
[ 10s ] thds: 4 tps: 0.00 qps: 2659.86 (r/w/o: 0.00/664.97/1994.90) lat (ms,95%): 0.00 err/s: 0.00 reconn/s: 0.00
[ 12s ] thds: 4 tps: 0.00 qps: 2460.12 (r/w/o: 0.00/615.03/1845.09) lat (ms,95%): 0.00 err/s: 0.00 reconn/s: 0.00
[ 14s ] thds: 4 tps: 0.00 qps: 2679.88 (r/w/o: 0.00/669.97/2009.91) lat (ms,95%): 0.00 err/s: 0.00 reconn/s: 0.00
[ 16s ] thds: 4 tps: 0.00 qps: 2876.02 (r/w/o: 0.00/719.00/2157.01) lat (ms,95%): 0.00 err/s: 0.00 reconn/s: 0.00
[ 18s ] thds: 4 tps: 0.00 qps: 2565.96 (r/w/o: 0.00/641.49/1924.47) lat (ms,95%): 0.00 err/s: 0.00 reconn/s: 0.00
[ 20s ] thds: 4 tps: 0.00 qps: 2510.02 (r/w/o: 0.00/627.51/1882.52) lat (ms,95%): 0.00 err/s: 0.00 reconn/s: 0.00
[ 22s ] thds: 4 tps: 0.00 qps: 2633.52 (r/w/o: 0.00/658.51/1975.02) lat (ms,95%): 0.00 err/s: 0.00 reconn/s: 0.00
[ 24s ] thds: 4 tps: 0.00 qps: 2590.53 (r/w/o: 0.00/647.51/1943.02) lat (ms,95%): 0.00 err/s: 0.00 reconn/s: 0.00
[ 26s ] thds: 4 tps: 0.00 qps: 2599.99 (r/w/o: 0.00/650.00/1949.99) lat (ms,95%): 0.00 err/s: 0.00 reconn/s: 0.00
[ 28s ] thds: 4 tps: 0.00 qps: 2938.01 (r/w/o: 0.00/734.50/2203.51) lat (ms,95%): 0.00 err/s: 0.00 reconn/s: 0.00
[ 30s ] thds: 4 tps: 0.00 qps: 2881.98 (r/w/o: 0.00/720.50/2161.49) lat (ms,95%): 0.00 err/s: 0.00 reconn/s: 0.00
[ 32s ] thds: 4 tps: 0.00 qps: 2428.05 (r/w/o: 0.00/607.01/1821.04) lat (ms,95%): 0.00 err/s: 0.00 reconn/s: 0.00
SQL statistics:
    queries performed:
        read:                            0
        write:                           22000
        other:                           66016
        total:                           88016
    transactions:                        4      (0.12 per sec.)
    queries:                             88016  (2614.23 per sec.)
    ignored errors:                      0      (0.00 per sec.)
    reconnects:                          0      (0.00 per sec.)

General statistics:
    total time:                          33.6677s
    total number of events:              4

Latency (ms):
         min:                                33666.66
         avg:                                33666.66
         max:                                33666.67
         95th percentile:                    33946.25
         sum:                               134666.66

Threads fairness:
    events (avg/stddev):           1.0000/0.00
    execution time (avg/stddev):   33.6667/0.00

