sysbench 1.0.20 (using system LuaJIT 2.1.0-beta3)

Running the test with following options:
Number of threads: 1
Report intermediate results every 1 second(s)
Initializing random number generator from current time


Initializing worker threads...

Threads started!

[ 1s ] thds: 1 tps: 238.78 qps: 238.78 (r/w/o: 238.78/0.00/0.00) lat (ms,95%): 4.18 err/s: 0.00 reconn/s: 0.00
[ 2s ] thds: 1 tps: 241.12 qps: 241.12 (r/w/o: 241.12/0.00/0.00) lat (ms,95%): 4.33 err/s: 0.00 reconn/s: 0.00
[ 3s ] thds: 1 tps: 242.97 qps: 242.97 (r/w/o: 242.97/0.00/0.00) lat (ms,95%): 4.18 err/s: 0.00 reconn/s: 0.00
[ 4s ] thds: 1 tps: 243.00 qps: 243.00 (r/w/o: 243.00/0.00/0.00) lat (ms,95%): 4.18 err/s: 0.00 reconn/s: 0.00
[ 5s ] thds: 1 tps: 243.00 qps: 243.00 (r/w/o: 243.00/0.00/0.00) lat (ms,95%): 4.18 err/s: 0.00 reconn/s: 0.00
[ 6s ] thds: 1 tps: 242.03 qps: 242.03 (r/w/o: 242.03/0.00/0.00) lat (ms,95%): 4.18 err/s: 0.00 reconn/s: 0.00
[ 7s ] thds: 1 tps: 243.00 qps: 243.00 (r/w/o: 243.00/0.00/0.00) lat (ms,95%): 4.18 err/s: 0.00 reconn/s: 0.00
[ 8s ] thds: 1 tps: 242.00 qps: 242.00 (r/w/o: 242.00/0.00/0.00) lat (ms,95%): 4.18 err/s: 0.00 reconn/s: 0.00
SQL statistics:
    queries performed:
        read:                            1937
        write:                           0
        other:                           0
        total:                           1937
    transactions:                        1937   (242.03 per sec.)
    queries:                             1937   (242.03 per sec.)
    ignored errors:                      0      (0.00 per sec.)
    reconnects:                          0      (0.00 per sec.)

General statistics:
    total time:                          8.0027s
    total number of events:              1937

Latency (ms):
         min:                                    4.05
         avg:                                    4.13
         max:                                   12.30
         95th percentile:                        4.18
         sum:                                 7999.83

Threads fairness:
    events (avg/stddev):           1937.0000/0.00
    execution time (avg/stddev):   7.9998/0.00

