sysbench 1.0.20 (using system LuaJIT 2.1.0-beta3)

Running the test with following options:
Number of threads: 4
Report intermediate results every 2 second(s)
Initializing random number generator from current time


Initializing worker threads...

Threads started!

[ 2s ] thds: 4 tps: 11406.39 qps: 11406.39 (r/w/o: 11406.39/0.00/0.00) lat (ms,95%): 0.51 err/s: 0.00 reconn/s: 0.00
[ 4s ] thds: 4 tps: 11506.22 qps: 11506.22 (r/w/o: 11506.22/0.00/0.00) lat (ms,95%): 0.50 err/s: 0.00 reconn/s: 0.00
[ 6s ] thds: 4 tps: 11394.56 qps: 11394.56 (r/w/o: 11394.56/0.00/0.00) lat (ms,95%): 0.51 err/s: 0.00 reconn/s: 0.00
[ 8s ] thds: 4 tps: 11652.86 qps: 11652.86 (r/w/o: 11652.86/0.00/0.00) lat (ms,95%): 0.49 err/s: 0.00 reconn/s: 0.00
[ 10s ] thds: 4 tps: 11655.58 qps: 11655.58 (r/w/o: 11655.58/0.00/0.00) lat (ms,95%): 0.49 err/s: 0.00 reconn/s: 0.00
[ 12s ] thds: 4 tps: 11629.51 qps: 11629.51 (r/w/o: 11629.51/0.00/0.00) lat (ms,95%): 0.48 err/s: 0.00 reconn/s: 0.00
[ 14s ] thds: 4 tps: 11603.32 qps: 11603.32 (r/w/o: 11603.32/0.00/0.00) lat (ms,95%): 0.49 err/s: 0.00 reconn/s: 0.00
[ 16s ] thds: 4 tps: 11647.22 qps: 11647.22 (r/w/o: 11647.22/0.00/0.00) lat (ms,95%): 0.49 err/s: 0.00 reconn/s: 0.00
[ 18s ] thds: 4 tps: 11669.36 qps: 11669.36 (r/w/o: 11669.36/0.00/0.00) lat (ms,95%): 0.48 err/s: 0.00 reconn/s: 0.00
SQL statistics:
    queries performed:
        read:                            208341
        write:                           0
        other:                           0
        total:                           208341
    transactions:                        208341 (11573.52 per sec.)
    queries:                             208341 (11573.52 per sec.)
    ignored errors:                      0      (0.00 per sec.)
    reconnects:                          0      (0.00 per sec.)

General statistics:
    total time:                          18.0012s
    total number of events:              208341

Latency (ms):
         min:                                    0.19
         avg:                                    0.34
         max:                                   19.91
         95th percentile:                        0.49
         sum:                                71761.89

Threads fairness:
    events (avg/stddev):           52085.2500/152.98
    execution time (avg/stddev):   17.9405/0.00

