sysbench 1.0.20 (using system LuaJIT 2.1.0-beta3)

Running the test with following options:
Number of threads: 1
Report intermediate results every 1 second(s)
Initializing random number generator from current time


Initializing worker threads...

Threads started!

[ 1s ] thds: 1 tps: 118.91 qps: 1429.97 (r/w/o: 0.00/1189.14/240.83) lat (ms,95%): 9.56 err/s: 0.00 reconn/s: 0.00
[ 2s ] thds: 1 tps: 121.03 qps: 1458.39 (r/w/o: 0.00/1216.32/242.06) lat (ms,95%): 9.22 err/s: 0.00 reconn/s: 0.00
[ 3s ] thds: 1 tps: 122.00 qps: 1465.96 (r/w/o: 0.00/1221.97/243.99) lat (ms,95%): 9.06 err/s: 0.00 reconn/s: 0.00
[ 4s ] thds: 1 tps: 123.00 qps: 1474.99 (r/w/o: 0.00/1228.99/246.00) lat (ms,95%): 9.39 err/s: 0.00 reconn/s: 0.00
[ 5s ] thds: 1 tps: 122.00 qps: 1457.02 (r/w/o: 0.00/1213.02/244.00) lat (ms,95%): 9.06 err/s: 0.00 reconn/s: 0.00
[ 6s ] thds: 1 tps: 123.00 qps: 1482.06 (r/w/o: 0.00/1236.05/246.01) lat (ms,95%): 9.06 err/s: 0.00 reconn/s: 0.00
[ 7s ] thds: 1 tps: 120.99 qps: 1450.91 (r/w/o: 0.00/1208.93/241.99) lat (ms,95%): 9.39 err/s: 0.00 reconn/s: 0.00
[ 8s ] thds: 1 tps: 124.00 qps: 1484.04 (r/w/o: 0.00/1236.03/248.01) lat (ms,95%): 8.74 err/s: 0.00 reconn/s: 0.00
SQL statistics:
    queries performed:
        read:                            0
        write:                           9759
        other:                           1953
        total:                           11712
    transactions:                        976    (121.90 per sec.)
    queries:                             11712  (1462.81 per sec.)
    ignored errors:                      0      (0.00 per sec.)
    reconnects:                          0      (0.00 per sec.)

General statistics:
    total time:                          8.0061s
    total number of events:              976

Latency (ms):
         min:                                    7.22
         avg:                                    8.20
         max:                                   20.75
         95th percentile:                        9.22
         sum:                                 8003.80

Threads fairness:
    events (avg/stddev):           976.0000/0.00
    execution time (avg/stddev):   8.0038/0.00

