sysbench 1.0.20 (using system LuaJIT 2.1.0-beta3)

Running the test with following options:
Number of threads: 1
Report intermediate results every 1 second(s)
Initializing random number generator from current time


Initializing worker threads...

Threads started!

[ 1s ] thds: 1 tps: 1545.94 qps: 4638.81 (r/w/o: 4638.81/0.00/0.00) lat (ms,95%): 0.72 err/s: 0.00 reconn/s: 0.00
[ 2s ] thds: 1 tps: 1558.36 qps: 4676.08 (r/w/o: 4676.08/0.00/0.00) lat (ms,95%): 0.72 err/s: 0.00 reconn/s: 0.00
[ 3s ] thds: 1 tps: 1563.87 qps: 4690.60 (r/w/o: 4690.60/0.00/0.00) lat (ms,95%): 0.72 err/s: 0.00 reconn/s: 0.00
[ 4s ] thds: 1 tps: 1590.01 qps: 4769.03 (r/w/o: 4769.03/0.00/0.00) lat (ms,95%): 0.69 err/s: 0.00 reconn/s: 0.00
[ 5s ] thds: 1 tps: 1572.15 qps: 4716.44 (r/w/o: 4716.44/0.00/0.00) lat (ms,95%): 0.72 err/s: 0.00 reconn/s: 0.00
[ 6s ] thds: 1 tps: 1599.95 qps: 4801.85 (r/w/o: 4801.85/0.00/0.00) lat (ms,95%): 0.65 err/s: 0.00 reconn/s: 0.00
[ 7s ] thds: 1 tps: 1568.05 qps: 4702.14 (r/w/o: 4702.14/0.00/0.00) lat (ms,95%): 0.72 err/s: 0.00 reconn/s: 0.00
SQL statistics:
    queries performed:
        read:                            37719
        write:                           0
        other:                           0
        total:                           37719
    transactions:                        12573  (1571.42 per sec.)
    queries:                             37719  (4714.27 per sec.)
    ignored errors:                      0      (0.00 per sec.)
    reconnects:                          0      (0.00 per sec.)

General statistics:
    total time:                          8.0007s
    total number of events:              12573

Latency (ms):
         min:                                    0.57
         avg:                                    0.64
         max:                                    8.12
         95th percentile:                        0.72
         sum:                                 7987.33

Threads fairness:
    events (avg/stddev):           12573.0000/0.00
    execution time (avg/stddev):   7.9873/0.00

