sysbench 1.0.20 (using system LuaJIT 2.1.0-beta3)

Running the test with following options:
Number of threads: 1
Report intermediate results every 1 second(s)
Initializing random number generator from current time


Initializing worker threads...

Threads started!

[ 1s ] thds: 1 tps: 1557.73 qps: 4675.19 (r/w/o: 4675.19/0.00/0.00) lat (ms,95%): 0.72 err/s: 0.00 reconn/s: 0.00
[ 2s ] thds: 1 tps: 1579.54 qps: 4736.62 (r/w/o: 4736.62/0.00/0.00) lat (ms,95%): 0.70 err/s: 0.00 reconn/s: 0.00
[ 3s ] thds: 1 tps: 1549.87 qps: 4650.61 (r/w/o: 4650.61/0.00/0.00) lat (ms,95%): 0.73 err/s: 0.00 reconn/s: 0.00
[ 4s ] thds: 1 tps: 1569.14 qps: 4708.43 (r/w/o: 4708.43/0.00/0.00) lat (ms,95%): 0.72 err/s: 0.00 reconn/s: 0.00
[ 5s ] thds: 1 tps: 1529.87 qps: 4588.61 (r/w/o: 4588.61/0.00/0.00) lat (ms,95%): 0.73 err/s: 0.00 reconn/s: 0.00
[ 6s ] thds: 1 tps: 1541.11 qps: 4624.34 (r/w/o: 4624.34/0.00/0.00) lat (ms,95%): 0.73 err/s: 0.00 reconn/s: 0.00
[ 7s ] thds: 1 tps: 1569.90 qps: 4708.70 (r/w/o: 4708.70/0.00/0.00) lat (ms,95%): 0.70 err/s: 0.00 reconn/s: 0.00
[ 8s ] thds: 1 tps: 1553.08 qps: 4660.24 (r/w/o: 4660.24/0.00/0.00) lat (ms,95%): 0.72 err/s: 0.00 reconn/s: 0.00
SQL statistics:
    queries performed:
        read:                            37356
        write:                           0
        other:                           0
        total:                           37356
    transactions:                        12452  (1556.28 per sec.)
    queries:                             37356  (4668.85 per sec.)
    ignored errors:                      0      (0.00 per sec.)
    reconnects:                          0      (0.00 per sec.)

General statistics:
    total time:                          8.0007s
    total number of events:              12452

Latency (ms):
         min:                                    0.57
         avg:                                    0.64
         max:                                    8.32
         95th percentile:                        0.72
         sum:                                 7987.65

Threads fairness:
    events (avg/stddev):           12452.0000/0.00
    execution time (avg/stddev):   7.9877/0.00

