sysbench 1.0.20 (using system LuaJIT 2.1.0-beta3)

Running the test with following options:
Number of threads: 1
Report intermediate results every 1 second(s)
Initializing random number generator from current time


Initializing worker threads...

Threads started!

[ 1s ] thds: 1 tps: 0.00 qps: 974.09 (r/w/o: 0.00/971.10/3.00) lat (ms,95%): 0.00 err/s: 0.00 reconn/s: 0.00
[ 2s ] thds: 1 tps: 0.00 qps: 995.41 (r/w/o: 0.00/995.41/0.00) lat (ms,95%): 0.00 err/s: 0.00 reconn/s: 0.00
[ 3s ] thds: 1 tps: 0.00 qps: 993.97 (r/w/o: 0.00/993.97/0.00) lat (ms,95%): 0.00 err/s: 0.00 reconn/s: 0.00
[ 4s ] thds: 1 tps: 0.00 qps: 892.01 (r/w/o: 0.00/892.01/0.00) lat (ms,95%): 0.00 err/s: 0.00 reconn/s: 0.00
[ 5s ] thds: 1 tps: 1.00 qps: 654.96 (r/w/o: 0.00/652.96/2.00) lat (ms,95%): 4203.93 err/s: 0.00 reconn/s: 0.00
[ 6s ] thds: 1 tps: 0.00 qps: 697.11 (r/w/o: 0.00/697.11/0.00) lat (ms,95%): 0.00 err/s: 0.00 reconn/s: 0.00
[ 7s ] thds: 1 tps: 0.00 qps: 718.89 (r/w/o: 0.00/718.89/0.00) lat (ms,95%): 0.00 err/s: 0.00 reconn/s: 0.00
[ 8s ] thds: 1 tps: 0.00 qps: 698.09 (r/w/o: 0.00/698.09/0.00) lat (ms,95%): 0.00 err/s: 0.00 reconn/s: 0.00
[ 9s ] thds: 1 tps: 0.00 qps: 723.94 (r/w/o: 0.00/723.94/0.00) lat (ms,95%): 0.00 err/s: 0.00 reconn/s: 0.00
SQL statistics:
    queries performed:
        read:                            0
        write:                           8001
        other:                           5
        total:                           8006
    transactions:                        2      (0.20 per sec.)
    queries:                             8006   (815.90 per sec.)
    ignored errors:                      0      (0.00 per sec.)
    reconnects:                          0      (0.00 per sec.)

General statistics:
    total time:                          9.8121s
    total number of events:              2

Latency (ms):
         min:                                 4222.75
         avg:                                 4905.74
         max:                                 5588.73
         95th percentile:                     5607.61
         sum:                                 9811.48

Threads fairness:
    events (avg/stddev):           2.0000/0.00
    execution time (avg/stddev):   9.8115/0.00

