sysbench 1.0.20 (using system LuaJIT 2.1.0-beta3)

Running the test with following options:
Number of threads: 4
Report intermediate results every 3 second(s)
Initializing random number generator from current time


Initializing worker threads...

Threads started!

[ 3s ] thds: 4 tps: 0.00 qps: 2801.81 (r/w/o: 0.00/699.12/2102.69) lat (ms,95%): 0.00 err/s: 0.00 reconn/s: 0.00
[ 6s ] thds: 4 tps: 1.33 qps: 2864.63 (r/w/o: 0.00/719.41/2145.22) lat (ms,95%): 3982.86 err/s: 1.33 reconn/s: 0.00
[ 9s ] thds: 4 tps: 1.33 qps: 2826.78 (r/w/o: 0.00/716.36/2110.42) lat (ms,95%): 3982.86 err/s: 3.33 reconn/s: 0.00
[ 12s ] thds: 4 tps: 1.33 qps: 2949.55 (r/w/o: 0.00/739.30/2210.24) lat (ms,95%): 3773.42 err/s: 0.33 reconn/s: 0.00
[ 15s ] thds: 4 tps: 0.00 qps: 2568.09 (r/w/o: 0.00/642.02/1926.07) lat (ms,95%): 0.00 err/s: 0.00 reconn/s: 0.00
[ 18s ] thds: 4 tps: 1.33 qps: 2623.98 (r/w/o: 0.00/657.33/1966.65) lat (ms,95%): 4437.27 err/s: 0.00 reconn/s: 0.00
[ 21s ] thds: 4 tps: 1.33 qps: 2812.34 (r/w/o: 0.00/707.00/2105.34) lat (ms,95%): 4055.23 err/s: 1.33 reconn/s: 0.00
[ 24s ] thds: 4 tps: 1.33 qps: 3341.54 (r/w/o: 0.00/839.30/2502.24) lat (ms,95%): 3511.19 err/s: 1.33 reconn/s: 0.00
[ 27s ] thds: 4 tps: 1.33 qps: 3520.78 (r/w/o: 0.00/883.36/2637.41) lat (ms,95%): 3151.62 err/s: 0.67 reconn/s: 0.00
[ 30s ] thds: 4 tps: 0.00 qps: 3658.66 (r/w/o: 0.00/914.66/2743.99) lat (ms,95%): 0.00 err/s: 0.00 reconn/s: 0.00
[ 33s ] thds: 4 tps: 1.33 qps: 3587.89 (r/w/o: 0.00/911.31/2676.59) lat (ms,95%): 3095.38 err/s: 2.00 reconn/s: 0.00
[ 36s ] thds: 4 tps: 1.33 qps: 3079.02 (r/w/o: 0.00/775.34/2303.68) lat (ms,95%): 3208.88 err/s: 2.33 reconn/s: 0.00
[ 39s ] thds: 4 tps: 1.33 qps: 3099.09 (r/w/o: 0.00/778.69/2320.40) lat (ms,95%): 3706.08 err/s: 1.33 reconn/s: 0.00
[ 42s ] thds: 4 tps: 1.33 qps: 3421.94 (r/w/o: 0.00/857.98/2563.95) lat (ms,95%): 3448.53 err/s: 0.67 reconn/s: 0.00
[ 45s ] thds: 4 tps: 1.33 qps: 3211.10 (r/w/o: 0.00/805.36/2405.74) lat (ms,95%): 3208.88 err/s: 0.33 reconn/s: 0.00
[ 48s ] thds: 4 tps: 1.33 qps: 3179.51 (r/w/o: 0.00/799.29/2380.22) lat (ms,95%): 3639.94 err/s: 1.67 reconn/s: 0.00
[ 51s ] thds: 4 tps: 1.33 qps: 3305.10 (r/w/o: 0.00/828.69/2476.41) lat (ms,95%): 3448.53 err/s: 1.00 reconn/s: 0.00
[ 54s ] thds: 4 tps: 0.00 qps: 3186.58 (r/w/o: 0.00/796.65/2389.94) lat (ms,95%): 0.00 err/s: 0.00 reconn/s: 0.00
[ 57s ] thds: 4 tps: 1.33 qps: 3395.79 (r/w/o: 0.00/851.36/2544.42) lat (ms,95%): 3511.19 err/s: 1.00 reconn/s: 0.00
[ 60s ] thds: 4 tps: 1.33 qps: 3246.98 (r/w/o: 0.00/815.00/2431.99) lat (ms,95%): 3386.99 err/s: 1.33 reconn/s: 0.00
SQL statistics:
    queries performed:
        read:                            0
        write:                           48004
        other:                           143205
        total:                           191209
    transactions:                        68     (1.12 per sec.)
    queries:                             191209 (3139.05 per sec.)
    ignored errors:                      60     (0.99 per sec.)
    reconnects:                          0      (0.00 per sec.)

General statistics:
    total time:                          60.9127s
    total number of events:              68

Latency (ms):
         min:                                 3098.12
         avg:                                 3583.04
         max:                                 4413.82
         95th percentile:                     4437.27
         sum:                               243646.50

Threads fairness:
    events (avg/stddev):           17.0000/0.00
    execution time (avg/stddev):   60.9116/0.00

