sysbench 1.0.20 (using system LuaJIT 2.1.0-beta3)

Running the test with following options:
Number of threads: 4
Report intermediate results every 3 second(s)
Initializing random number generator from current time


Initializing worker threads...

Threads started!

[ 3s ] thds: 4 tps: 523.86 qps: 523.86 (r/w/o: 523.86/0.00/0.00) lat (ms,95%): 8.43 err/s: 0.00 reconn/s: 0.00
[ 6s ] thds: 4 tps: 540.71 qps: 540.71 (r/w/o: 540.71/0.00/0.00) lat (ms,95%): 7.84 err/s: 0.00 reconn/s: 0.00
[ 9s ] thds: 4 tps: 530.00 qps: 530.00 (r/w/o: 530.00/0.00/0.00) lat (ms,95%): 8.13 err/s: 0.00 reconn/s: 0.00
[ 12s ] thds: 4 tps: 538.67 qps: 538.67 (r/w/o: 538.67/0.00/0.00) lat (ms,95%): 7.84 err/s: 0.00 reconn/s: 0.00
[ 15s ] thds: 4 tps: 540.33 qps: 540.33 (r/w/o: 540.33/0.00/0.00) lat (ms,95%): 7.84 err/s: 0.00 reconn/s: 0.00
[ 18s ] thds: 4 tps: 540.33 qps: 540.33 (r/w/o: 540.33/0.00/0.00) lat (ms,95%): 7.84 err/s: 0.00 reconn/s: 0.00
[ 21s ] thds: 4 tps: 536.33 qps: 536.33 (r/w/o: 536.33/0.00/0.00) lat (ms,95%): 7.98 err/s: 0.00 reconn/s: 0.00
[ 24s ] thds: 4 tps: 541.33 qps: 541.33 (r/w/o: 541.33/0.00/0.00) lat (ms,95%): 7.84 err/s: 0.00 reconn/s: 0.00
[ 27s ] thds: 4 tps: 540.33 qps: 540.33 (r/w/o: 540.33/0.00/0.00) lat (ms,95%): 7.84 err/s: 0.00 reconn/s: 0.00
[ 30s ] thds: 4 tps: 538.66 qps: 538.66 (r/w/o: 538.66/0.00/0.00) lat (ms,95%): 7.84 err/s: 0.00 reconn/s: 0.00
[ 33s ] thds: 4 tps: 538.00 qps: 538.00 (r/w/o: 538.00/0.00/0.00) lat (ms,95%): 7.84 err/s: 0.00 reconn/s: 0.00
[ 36s ] thds: 4 tps: 538.00 qps: 538.00 (r/w/o: 538.00/0.00/0.00) lat (ms,95%): 7.84 err/s: 0.00 reconn/s: 0.00
[ 39s ] thds: 4 tps: 540.33 qps: 540.33 (r/w/o: 540.33/0.00/0.00) lat (ms,95%): 7.84 err/s: 0.00 reconn/s: 0.00
[ 42s ] thds: 4 tps: 539.00 qps: 539.00 (r/w/o: 539.00/0.00/0.00) lat (ms,95%): 7.84 err/s: 0.00 reconn/s: 0.00
[ 45s ] thds: 4 tps: 543.66 qps: 543.66 (r/w/o: 543.66/0.00/0.00) lat (ms,95%): 7.70 err/s: 0.00 reconn/s: 0.00
[ 48s ] thds: 4 tps: 540.33 qps: 540.33 (r/w/o: 540.33/0.00/0.00) lat (ms,95%): 7.84 err/s: 0.00 reconn/s: 0.00
[ 51s ] thds: 4 tps: 538.33 qps: 538.33 (r/w/o: 538.33/0.00/0.00) lat (ms,95%): 7.84 err/s: 0.00 reconn/s: 0.00
[ 54s ] thds: 4 tps: 537.33 qps: 537.33 (r/w/o: 537.33/0.00/0.00) lat (ms,95%): 7.84 err/s: 0.00 reconn/s: 0.00
[ 57s ] thds: 4 tps: 541.33 qps: 541.33 (r/w/o: 541.33/0.00/0.00) lat (ms,95%): 7.84 err/s: 0.00 reconn/s: 0.00
[ 60s ] thds: 4 tps: 538.67 qps: 538.67 (r/w/o: 538.67/0.00/0.00) lat (ms,95%): 7.84 err/s: 0.00 reconn/s: 0.00
SQL statistics:
    queries performed:
        read:                            32301
        write:                           0
        other:                           0
        total:                           32301
    transactions:                        32301  (538.28 per sec.)
    queries:                             32301  (538.28 per sec.)
    ignored errors:                      0      (0.00 per sec.)
    reconnects:                          0      (0.00 per sec.)

General statistics:
    total time:                          60.0069s
    total number of events:              32301

Latency (ms):
         min:                                    3.67
         avg:                                    7.43
         max:                                   28.93
         95th percentile:                        7.84
         sum:                               239971.72

Threads fairness:
    events (avg/stddev):           8075.2500/9.78
    execution time (avg/stddev):   59.9929/0.00

