sysbench 1.0.20 (using system LuaJIT 2.1.0-beta3)

Running the test with following options:
Number of threads: 1
Report intermediate results every 1 second(s)
Initializing random number generator from current time


Initializing worker threads...

Threads started!

[ 1s ] thds: 1 tps: 160.85 qps: 484.56 (r/w/o: 484.56/0.00/0.00) lat (ms,95%): 6.21 err/s: 0.00 reconn/s: 0.00
[ 2s ] thds: 1 tps: 162.05 qps: 485.15 (r/w/o: 485.15/0.00/0.00) lat (ms,95%): 6.32 err/s: 0.00 reconn/s: 0.00
[ 3s ] thds: 1 tps: 161.01 qps: 484.02 (r/w/o: 484.02/0.00/0.00) lat (ms,95%): 6.32 err/s: 0.00 reconn/s: 0.00
[ 4s ] thds: 1 tps: 163.00 qps: 487.01 (r/w/o: 487.01/0.00/0.00) lat (ms,95%): 6.32 err/s: 0.00 reconn/s: 0.00
[ 5s ] thds: 1 tps: 151.00 qps: 454.99 (r/w/o: 454.99/0.00/0.00) lat (ms,95%): 11.45 err/s: 0.00 reconn/s: 0.00
[ 6s ] thds: 1 tps: 156.00 qps: 468.01 (r/w/o: 468.01/0.00/0.00) lat (ms,95%): 9.22 err/s: 0.00 reconn/s: 0.00
[ 7s ] thds: 1 tps: 161.00 qps: 483.00 (r/w/o: 483.00/0.00/0.00) lat (ms,95%): 6.32 err/s: 0.00 reconn/s: 0.00
[ 8s ] thds: 1 tps: 157.00 qps: 471.00 (r/w/o: 471.00/0.00/0.00) lat (ms,95%): 8.13 err/s: 0.00 reconn/s: 0.00
SQL statistics:
    queries performed:
        read:                            3819
        write:                           0
        other:                           0
        total:                           3819
    transactions:                        1273   (159.09 per sec.)
    queries:                             3819   (477.26 per sec.)
    ignored errors:                      0      (0.00 per sec.)
    reconnects:                          0      (0.00 per sec.)

General statistics:
    total time:                          8.0016s
    total number of events:              1273

Latency (ms):
         min:                                    5.98
         avg:                                    6.28
         max:                                   23.44
         95th percentile:                        7.17
         sum:                                 7999.30

Threads fairness:
    events (avg/stddev):           1273.0000/0.00
    execution time (avg/stddev):   7.9993/0.00

