sysbench 1.0.20 (using system LuaJIT 2.1.0-beta3)

Running the test with following options:
Number of threads: 1
Report intermediate results every 1 second(s)
Initializing random number generator from current time


Initializing worker threads...

Threads started!

[ 1s ] thds: 1 tps: 0.00 qps: 1069.77 (r/w/o: 0.00/1066.78/3.00) lat (ms,95%): 0.00 err/s: 0.00 reconn/s: 0.00
[ 2s ] thds: 1 tps: 0.00 qps: 1205.74 (r/w/o: 0.00/1205.74/0.00) lat (ms,95%): 0.00 err/s: 0.00 reconn/s: 0.00
[ 3s ] thds: 1 tps: 0.00 qps: 1194.94 (r/w/o: 0.00/1194.94/0.00) lat (ms,95%): 0.00 err/s: 0.00 reconn/s: 0.00
[ 4s ] thds: 1 tps: 1.00 qps: 1166.12 (r/w/o: 0.00/1164.12/2.00) lat (ms,95%): 3448.53 err/s: 0.00 reconn/s: 0.00
[ 5s ] thds: 1 tps: 0.00 qps: 1213.92 (r/w/o: 0.00/1213.92/0.00) lat (ms,95%): 0.00 err/s: 0.00 reconn/s: 0.00
[ 6s ] thds: 1 tps: 0.00 qps: 1219.06 (r/w/o: 0.00/1219.06/0.00) lat (ms,95%): 0.00 err/s: 0.00 reconn/s: 0.00
[ 7s ] thds: 1 tps: 1.00 qps: 1159.98 (r/w/o: 0.00/1157.98/2.00) lat (ms,95%): 3326.55 err/s: 0.00 reconn/s: 0.00
[ 8s ] thds: 1 tps: 0.00 qps: 1211.96 (r/w/o: 0.00/1211.96/0.00) lat (ms,95%): 0.00 err/s: 0.00 reconn/s: 0.00
[ 9s ] thds: 1 tps: 0.00 qps: 1223.11 (r/w/o: 0.00/1223.11/0.00) lat (ms,95%): 0.00 err/s: 0.00 reconn/s: 0.00
[ 10s ] thds: 1 tps: 0.00 qps: 1237.85 (r/w/o: 0.00/1237.85/0.00) lat (ms,95%): 0.00 err/s: 0.00 reconn/s: 0.00
SQL statistics:
    queries performed:
        read:                            0
        write:                           12002
        other:                           7
        total:                           12009
    transactions:                        3      (0.30 per sec.)
    queries:                             12009  (1190.60 per sec.)
    ignored errors:                      0      (0.00 per sec.)
    reconnects:                          0      (0.00 per sec.)

General statistics:
    total time:                          10.0862s
    total number of events:              3

Latency (ms):
         min:                                 3326.02
         avg:                                 3361.83
         max:                                 3431.30
         95th percentile:                     3448.53
         sum:                                10085.48

Threads fairness:
    events (avg/stddev):           3.0000/0.00
    execution time (avg/stddev):   10.0855/0.00

