sysbench 1.0.20 (using system LuaJIT 2.1.0-beta3)

Running the test with following options:
Number of threads: 1
Report intermediate results every 1 second(s)
Initializing random number generator from current time


Initializing worker threads...

Threads started!

[ 1s ] thds: 1 tps: 451.69 qps: 451.69 (r/w/o: 451.69/0.00/0.00) lat (ms,95%): 2.22 err/s: 0.00 reconn/s: 0.00
[ 2s ] thds: 1 tps: 456.12 qps: 456.12 (r/w/o: 456.12/0.00/0.00) lat (ms,95%): 2.22 err/s: 0.00 reconn/s: 0.00
[ 3s ] thds: 1 tps: 456.01 qps: 456.01 (r/w/o: 456.01/0.00/0.00) lat (ms,95%): 2.22 err/s: 0.00 reconn/s: 0.00
[ 4s ] thds: 1 tps: 454.96 qps: 454.96 (r/w/o: 454.96/0.00/0.00) lat (ms,95%): 2.26 err/s: 0.00 reconn/s: 0.00
[ 5s ] thds: 1 tps: 453.98 qps: 453.98 (r/w/o: 453.98/0.00/0.00) lat (ms,95%): 2.22 err/s: 0.00 reconn/s: 0.00
[ 6s ] thds: 1 tps: 454.06 qps: 454.06 (r/w/o: 454.06/0.00/0.00) lat (ms,95%): 2.26 err/s: 0.00 reconn/s: 0.00
[ 7s ] thds: 1 tps: 455.00 qps: 455.00 (r/w/o: 455.00/0.00/0.00) lat (ms,95%): 2.26 err/s: 0.00 reconn/s: 0.00
SQL statistics:
    queries performed:
        read:                            3638
        write:                           0
        other:                           0
        total:                           3638
    transactions:                        3638   (454.68 per sec.)
    queries:                             3638   (454.68 per sec.)
    ignored errors:                      0      (0.00 per sec.)
    reconnects:                          0      (0.00 per sec.)

General statistics:
    total time:                          8.0007s
    total number of events:              3638

Latency (ms):
         min:                                    2.13
         avg:                                    2.20
         max:                                   10.00
         95th percentile:                        2.22
         sum:                                 7995.97

Threads fairness:
    events (avg/stddev):           3638.0000/0.00
    execution time (avg/stddev):   7.9960/0.00

