sysbench 1.0.20 (using system LuaJIT 2.1.0-beta3)

Running the test with following options:
Number of threads: 4
Report intermediate results every 2 second(s)
Initializing random number generator from current time


Initializing worker threads...

Threads started!

[ 2s ] thds: 4 tps: 568.77 qps: 1709.29 (r/w/o: 1709.29/0.00/0.00) lat (ms,95%): 8.74 err/s: 0.00 reconn/s: 0.00
[ 4s ] thds: 4 tps: 575.08 qps: 1725.23 (r/w/o: 1725.23/0.00/0.00) lat (ms,95%): 8.28 err/s: 0.00 reconn/s: 0.00
[ 6s ] thds: 4 tps: 577.47 qps: 1732.41 (r/w/o: 1732.41/0.00/0.00) lat (ms,95%): 8.28 err/s: 0.00 reconn/s: 0.00
[ 8s ] thds: 4 tps: 571.53 qps: 1713.60 (r/w/o: 1713.60/0.00/0.00) lat (ms,95%): 8.43 err/s: 0.00 reconn/s: 0.00
[ 10s ] thds: 4 tps: 576.92 qps: 1731.26 (r/w/o: 1731.26/0.00/0.00) lat (ms,95%): 8.13 err/s: 0.00 reconn/s: 0.00
[ 12s ] thds: 4 tps: 576.07 qps: 1727.71 (r/w/o: 1727.71/0.00/0.00) lat (ms,95%): 8.28 err/s: 0.00 reconn/s: 0.00
[ 14s ] thds: 4 tps: 571.51 qps: 1716.03 (r/w/o: 1716.03/0.00/0.00) lat (ms,95%): 8.43 err/s: 0.00 reconn/s: 0.00
[ 16s ] thds: 4 tps: 576.00 qps: 1727.99 (r/w/o: 1727.99/0.00/0.00) lat (ms,95%): 8.43 err/s: 0.00 reconn/s: 0.00
[ 18s ] thds: 4 tps: 577.00 qps: 1730.00 (r/w/o: 1730.00/0.00/0.00) lat (ms,95%): 8.28 err/s: 0.00 reconn/s: 0.00
SQL statistics:
    queries performed:
        read:                            31035
        write:                           0
        other:                           0
        total:                           31035
    transactions:                        10345  (574.58 per sec.)
    queries:                             31035  (1723.73 per sec.)
    ignored errors:                      0      (0.00 per sec.)
    reconnects:                          0      (0.00 per sec.)

General statistics:
    total time:                          18.0042s
    total number of events:              10345

Latency (ms):
         min:                                    3.63
         avg:                                    6.96
         max:                                   25.14
         95th percentile:                        8.43
         sum:                                71996.45

Threads fairness:
    events (avg/stddev):           2586.2500/4.66
    execution time (avg/stddev):   17.9991/0.00

