sysbench 1.0.20 (using system LuaJIT 2.1.0-beta3)

Running the test with following options:
Number of threads: 1
Report intermediate results every 1 second(s)
Initializing random number generator from current time


Initializing worker threads...

Threads started!

[ 1s ] thds: 1 tps: 170.88 qps: 514.64 (r/w/o: 514.64/0.00/0.00) lat (ms,95%): 5.88 err/s: 0.00 reconn/s: 0.00
[ 2s ] thds: 1 tps: 175.04 qps: 523.11 (r/w/o: 523.11/0.00/0.00) lat (ms,95%): 5.88 err/s: 0.00 reconn/s: 0.00
[ 3s ] thds: 1 tps: 173.00 qps: 521.00 (r/w/o: 521.00/0.00/0.00) lat (ms,95%): 5.88 err/s: 0.00 reconn/s: 0.00
[ 4s ] thds: 1 tps: 175.01 qps: 523.04 (r/w/o: 523.04/0.00/0.00) lat (ms,95%): 5.77 err/s: 0.00 reconn/s: 0.00
[ 5s ] thds: 1 tps: 171.99 qps: 515.96 (r/w/o: 515.96/0.00/0.00) lat (ms,95%): 5.99 err/s: 0.00 reconn/s: 0.00
[ 6s ] thds: 1 tps: 166.00 qps: 500.00 (r/w/o: 500.00/0.00/0.00) lat (ms,95%): 6.91 err/s: 0.00 reconn/s: 0.00
[ 7s ] thds: 1 tps: 174.00 qps: 521.99 (r/w/o: 521.99/0.00/0.00) lat (ms,95%): 5.88 err/s: 0.00 reconn/s: 0.00
[ 8s ] thds: 1 tps: 175.01 qps: 524.02 (r/w/o: 524.02/0.00/0.00) lat (ms,95%): 5.88 err/s: 0.00 reconn/s: 0.00
SQL statistics:
    queries performed:
        read:                            4146
        write:                           0
        other:                           0
        total:                           4146
    transactions:                        1382   (172.67 per sec.)
    queries:                             4146   (518.02 per sec.)
    ignored errors:                      0      (0.00 per sec.)
    reconnects:                          0      (0.00 per sec.)

General statistics:
    total time:                          8.0031s
    total number of events:              1382

Latency (ms):
         min:                                    5.59
         avg:                                    5.79
         max:                                   13.37
         95th percentile:                        5.88
         sum:                                 8000.55

Threads fairness:
    events (avg/stddev):           1382.0000/0.00
    execution time (avg/stddev):   8.0006/0.00

