sysbench 1.0.20 (using system LuaJIT 2.1.0-beta3)

Running the test with following options:
Number of threads: 1
Report intermediate results every 1 second(s)
Initializing random number generator from current time


Initializing worker threads...

Threads started!

[ 1s ] thds: 1 tps: 1.00 qps: 1713.54 (r/w/o: 0.00/1708.54/5.00) lat (ms,95%): 590.56 err/s: 0.00 reconn/s: 0.00
[ 2s ] thds: 1 tps: 2.00 qps: 1733.69 (r/w/o: 0.00/1729.69/4.00) lat (ms,95%): 580.02 err/s: 0.00 reconn/s: 0.00
[ 3s ] thds: 1 tps: 2.00 qps: 1674.00 (r/w/o: 0.00/1670.00/4.00) lat (ms,95%): 601.29 err/s: 0.00 reconn/s: 0.00
[ 4s ] thds: 1 tps: 1.00 qps: 1701.01 (r/w/o: 0.00/1699.01/2.00) lat (ms,95%): 590.56 err/s: 0.00 reconn/s: 0.00
[ 5s ] thds: 1 tps: 2.00 qps: 1704.98 (r/w/o: 0.00/1700.98/4.00) lat (ms,95%): 590.56 err/s: 0.00 reconn/s: 0.00
[ 6s ] thds: 1 tps: 2.00 qps: 1669.92 (r/w/o: 0.00/1665.92/4.00) lat (ms,95%): 601.29 err/s: 0.00 reconn/s: 0.00
[ 7s ] thds: 1 tps: 1.00 qps: 1687.05 (r/w/o: 0.00/1685.05/2.00) lat (ms,95%): 601.29 err/s: 0.00 reconn/s: 0.00
[ 8s ] thds: 1 tps: 2.00 qps: 1640.00 (r/w/o: 0.00/1636.00/4.00) lat (ms,95%): 623.33 err/s: 0.00 reconn/s: 0.00
SQL statistics:
    queries performed:
        read:                            0
        write:                           14013
        other:                           29
        total:                           14042
    transactions:                        14     (1.68 per sec.)
    queries:                             14042  (1689.62 per sec.)
    ignored errors:                      0      (0.00 per sec.)
    reconnects:                          0      (0.00 per sec.)

General statistics:
    total time:                          8.3104s
    total number of events:              14

Latency (ms):
         min:                                  572.93
         avg:                                  593.56
         max:                                  621.84
         95th percentile:                      601.29
         sum:                                 8309.81

Threads fairness:
    events (avg/stddev):           14.0000/0.00
    execution time (avg/stddev):   8.3098/0.00

