sysbench 1.0.20 (using system LuaJIT 2.1.0-beta3)

Running the test with following options:
Number of threads: 4
Report intermediate results every 2 second(s)
Initializing random number generator from current time


Initializing worker threads...

Threads started!

[ 2s ] thds: 4 tps: 6528.07 qps: 19585.71 (r/w/o: 0.00/0.00/19585.71) lat (ms,95%): 0.83 err/s: 0.00 reconn/s: 0.00
[ 4s ] thds: 4 tps: 6764.97 qps: 20295.40 (r/w/o: 0.00/0.00/20295.40) lat (ms,95%): 0.78 err/s: 0.00 reconn/s: 0.00
[ 6s ] thds: 4 tps: 6502.66 qps: 19508.49 (r/w/o: 0.00/0.00/19508.49) lat (ms,95%): 0.81 err/s: 0.00 reconn/s: 0.00
[ 8s ] thds: 4 tps: 6888.38 qps: 20664.65 (r/w/o: 0.00/0.00/20664.65) lat (ms,95%): 0.75 err/s: 0.00 reconn/s: 0.00
[ 10s ] thds: 4 tps: 6580.05 qps: 19739.14 (r/w/o: 0.00/0.00/19739.14) lat (ms,95%): 0.83 err/s: 0.00 reconn/s: 0.00
[ 12s ] thds: 4 tps: 6642.56 qps: 19928.19 (r/w/o: 0.00/0.00/19928.19) lat (ms,95%): 0.78 err/s: 0.00 reconn/s: 0.00
[ 14s ] thds: 4 tps: 6352.13 qps: 19058.39 (r/w/o: 0.00/0.00/19058.39) lat (ms,95%): 0.83 err/s: 0.00 reconn/s: 0.00
[ 16s ] thds: 4 tps: 6612.12 qps: 19834.37 (r/w/o: 0.00/0.00/19834.37) lat (ms,95%): 0.78 err/s: 0.00 reconn/s: 0.00
[ 18s ] thds: 4 tps: 6475.72 qps: 19428.15 (r/w/o: 0.00/0.00/19428.15) lat (ms,95%): 0.80 err/s: 0.00 reconn/s: 0.00
SQL statistics:
    queries performed:
        read:                            0
        write:                           0
        other:                           356103
        total:                           356103
    transactions:                        118701 (6593.85 per sec.)
    queries:                             356103 (19781.56 per sec.)
    ignored errors:                      0      (0.00 per sec.)
    reconnects:                          0      (0.00 per sec.)

General statistics:
    total time:                          18.0014s
    total number of events:              118701

Latency (ms):
         min:                                    0.33
         avg:                                    0.61
         max:                                   20.18
         95th percentile:                        0.80
         sum:                                71842.98

Threads fairness:
    events (avg/stddev):           29675.2500/132.64
    execution time (avg/stddev):   17.9607/0.00

