sysbench 1.0.20 (using system LuaJIT 2.1.0-beta3)

Running the test with following options:
Number of threads: 1
Report intermediate results every 1 second(s)
Initializing random number generator from current time


Initializing worker threads...

Threads started!

[ 1s ] thds: 1 tps: 5956.45 qps: 5956.45 (r/w/o: 5956.45/0.00/0.00) lat (ms,95%): 0.19 err/s: 0.00 reconn/s: 0.00
[ 2s ] thds: 1 tps: 5962.38 qps: 5962.38 (r/w/o: 5962.38/0.00/0.00) lat (ms,95%): 0.19 err/s: 0.00 reconn/s: 0.00
[ 3s ] thds: 1 tps: 5983.87 qps: 5983.87 (r/w/o: 5983.87/0.00/0.00) lat (ms,95%): 0.19 err/s: 0.00 reconn/s: 0.00
[ 4s ] thds: 1 tps: 6021.97 qps: 6021.97 (r/w/o: 6021.97/0.00/0.00) lat (ms,95%): 0.19 err/s: 0.00 reconn/s: 0.00
[ 5s ] thds: 1 tps: 5862.47 qps: 5862.47 (r/w/o: 5862.47/0.00/0.00) lat (ms,95%): 0.19 err/s: 0.00 reconn/s: 0.00
[ 6s ] thds: 1 tps: 5964.96 qps: 5964.96 (r/w/o: 5964.96/0.00/0.00) lat (ms,95%): 0.19 err/s: 0.00 reconn/s: 0.00
[ 7s ] thds: 1 tps: 6032.99 qps: 6032.99 (r/w/o: 6032.99/0.00/0.00) lat (ms,95%): 0.19 err/s: 0.00 reconn/s: 0.00
SQL statistics:
    queries performed:
        read:                            47748
        write:                           0
        other:                           0
        total:                           47748
    transactions:                        47748  (5967.71 per sec.)
    queries:                             47748  (5967.71 per sec.)
    ignored errors:                      0      (0.00 per sec.)
    reconnects:                          0      (0.00 per sec.)

General statistics:
    total time:                          8.0007s
    total number of events:              47748

Latency (ms):
         min:                                    0.14
         avg:                                    0.17
         max:                                    7.92
         95th percentile:                        0.19
         sum:                                 7958.34

Threads fairness:
    events (avg/stddev):           47748.0000/0.00
    execution time (avg/stddev):   7.9583/0.00

