sysbench 1.0.20 (using system LuaJIT 2.1.0-beta3)

Running the test with following options:
Number of threads: 1
Report intermediate results every 1 second(s)
Initializing random number generator from current time


Initializing worker threads...

Threads started!

[ 1s ] thds: 1 tps: 0.00 qps: 1152.93 (r/w/o: 0.00/1149.93/3.00) lat (ms,95%): 0.00 err/s: 0.00 reconn/s: 0.00
[ 2s ] thds: 1 tps: 0.00 qps: 1168.55 (r/w/o: 0.00/1168.55/0.00) lat (ms,95%): 0.00 err/s: 0.00 reconn/s: 0.00
[ 3s ] thds: 1 tps: 0.00 qps: 1189.94 (r/w/o: 0.00/1189.94/0.00) lat (ms,95%): 0.00 err/s: 0.00 reconn/s: 0.00
[ 4s ] thds: 1 tps: 1.00 qps: 1135.06 (r/w/o: 0.00/1133.06/2.00) lat (ms,95%): 3448.53 err/s: 0.00 reconn/s: 0.00
[ 5s ] thds: 1 tps: 0.00 qps: 1102.96 (r/w/o: 0.00/1102.96/0.00) lat (ms,95%): 0.00 err/s: 0.00 reconn/s: 0.00
[ 6s ] thds: 1 tps: 0.00 qps: 1150.98 (r/w/o: 0.00/1150.98/0.00) lat (ms,95%): 0.00 err/s: 0.00 reconn/s: 0.00
[ 7s ] thds: 1 tps: 1.00 qps: 1136.08 (r/w/o: 0.00/1134.07/2.00) lat (ms,95%): 3511.19 err/s: 0.00 reconn/s: 0.00
[ 8s ] thds: 1 tps: 0.00 qps: 1075.97 (r/w/o: 0.00/1075.97/0.00) lat (ms,95%): 0.00 err/s: 0.00 reconn/s: 0.00
[ 9s ] thds: 1 tps: 0.00 qps: 1187.01 (r/w/o: 0.00/1187.01/0.00) lat (ms,95%): 0.00 err/s: 0.00 reconn/s: 0.00
[ 10s ] thds: 1 tps: 0.00 qps: 1140.97 (r/w/o: 0.00/1140.97/0.00) lat (ms,95%): 0.00 err/s: 0.00 reconn/s: 0.00
SQL statistics:
    queries performed:
        read:                            0
        write:                           12002
        other:                           7
        total:                           12009
    transactions:                        3      (0.29 per sec.)
    queries:                             12009  (1144.06 per sec.)
    ignored errors:                      0      (0.00 per sec.)
    reconnects:                          0      (0.00 per sec.)

General statistics:
    total time:                          10.4965s
    total number of events:              3

Latency (ms):
         min:                                 3421.37
         avg:                                 3498.63
         max:                                 3554.74
         95th percentile:                     3574.99
         sum:                                10495.89

Threads fairness:
    events (avg/stddev):           3.0000/0.00
    execution time (avg/stddev):   10.4959/0.00

