sysbench 1.0.20 (using system LuaJIT 2.1.0-beta3)

Running the test with following options:
Number of threads: 1
Report intermediate results every 1 second(s)
Initializing random number generator from current time


Initializing worker threads...

Threads started!

[ 1s ] thds: 1 tps: 865.43 qps: 865.43 (r/w/o: 865.43/0.00/0.00) lat (ms,95%): 1.18 err/s: 0.00 reconn/s: 0.00
[ 2s ] thds: 1 tps: 872.20 qps: 872.20 (r/w/o: 872.20/0.00/0.00) lat (ms,95%): 1.18 err/s: 0.00 reconn/s: 0.00
[ 3s ] thds: 1 tps: 866.99 qps: 866.99 (r/w/o: 866.99/0.00/0.00) lat (ms,95%): 1.18 err/s: 0.00 reconn/s: 0.00
[ 4s ] thds: 1 tps: 874.98 qps: 874.98 (r/w/o: 874.98/0.00/0.00) lat (ms,95%): 1.16 err/s: 0.00 reconn/s: 0.00
[ 5s ] thds: 1 tps: 868.03 qps: 868.03 (r/w/o: 868.03/0.00/0.00) lat (ms,95%): 1.18 err/s: 0.00 reconn/s: 0.00
[ 6s ] thds: 1 tps: 868.99 qps: 868.99 (r/w/o: 868.99/0.00/0.00) lat (ms,95%): 1.18 err/s: 0.00 reconn/s: 0.00
[ 7s ] thds: 1 tps: 868.99 qps: 868.99 (r/w/o: 868.99/0.00/0.00) lat (ms,95%): 1.18 err/s: 0.00 reconn/s: 0.00
[ 8s ] thds: 1 tps: 876.02 qps: 876.02 (r/w/o: 876.02/0.00/0.00) lat (ms,95%): 1.16 err/s: 0.00 reconn/s: 0.00
SQL statistics:
    queries performed:
        read:                            6963
        write:                           0
        other:                           0
        total:                           6963
    transactions:                        6963   (870.22 per sec.)
    queries:                             6963   (870.22 per sec.)
    ignored errors:                      0      (0.00 per sec.)
    reconnects:                          0      (0.00 per sec.)

General statistics:
    total time:                          8.0010s
    total number of events:              6963

Latency (ms):
         min:                                    1.11
         avg:                                    1.15
         max:                                    8.70
         95th percentile:                        1.18
         sum:                                 7993.69

Threads fairness:
    events (avg/stddev):           6963.0000/0.00
    execution time (avg/stddev):   7.9937/0.00

