sysbench 1.0.20 (using system LuaJIT 2.1.0-beta3)

Running the test with following options:
Number of threads: 1
Report intermediate results every 1 second(s)
Initializing random number generator from current time


Initializing worker threads...

Threads started!

[ 1s ] thds: 1 tps: 16.99 qps: 899.23 (r/w/o: 0.00/862.26/36.97) lat (ms,95%): 62.19 err/s: 0.00 reconn/s: 0.00
[ 2s ] thds: 1 tps: 17.01 qps: 910.36 (r/w/o: 0.00/876.35/34.01) lat (ms,95%): 64.47 err/s: 0.00 reconn/s: 0.00
[ 3s ] thds: 1 tps: 17.00 qps: 873.01 (r/w/o: 0.00/839.01/34.00) lat (ms,95%): 64.47 err/s: 0.00 reconn/s: 0.00
[ 4s ] thds: 1 tps: 17.00 qps: 867.99 (r/w/o: 0.00/833.99/34.00) lat (ms,95%): 66.84 err/s: 0.00 reconn/s: 0.00
[ 5s ] thds: 1 tps: 17.00 qps: 898.00 (r/w/o: 0.00/864.00/34.00) lat (ms,95%): 63.32 err/s: 0.00 reconn/s: 0.00
[ 6s ] thds: 1 tps: 18.00 qps: 924.98 (r/w/o: 0.00/888.98/36.00) lat (ms,95%): 62.19 err/s: 0.00 reconn/s: 0.00
[ 7s ] thds: 1 tps: 19.00 qps: 1018.02 (r/w/o: 0.00/980.02/38.00) lat (ms,95%): 61.08 err/s: 0.00 reconn/s: 0.00
[ 8s ] thds: 1 tps: 18.00 qps: 904.02 (r/w/o: 0.00/868.02/36.00) lat (ms,95%): 61.08 err/s: 0.00 reconn/s: 0.00
SQL statistics:
    queries performed:
        read:                            0
        write:                           7049
        other:                           283
        total:                           7332
    transactions:                        141    (17.55 per sec.)
    queries:                             7332   (912.58 per sec.)
    ignored errors:                      0      (0.00 per sec.)
    reconnects:                          0      (0.00 per sec.)

General statistics:
    total time:                          8.0340s
    total number of events:              141

Latency (ms):
         min:                                   42.32
         avg:                                   56.97
         max:                                   67.82
         95th percentile:                       64.47
         sum:                                 8033.02

Threads fairness:
    events (avg/stddev):           141.0000/0.00
    execution time (avg/stddev):   8.0330/0.00

