sysbench 1.0.20 (using system LuaJIT 2.1.0-beta3)

Running the test with following options:
Number of threads: 1
Report intermediate results every 1 second(s)
Initializing random number generator from current time


Initializing worker threads...

Threads started!

[ 1s ] thds: 1 tps: 1553.88 qps: 4663.65 (r/w/o: 4663.65/0.00/0.00) lat (ms,95%): 0.72 err/s: 0.00 reconn/s: 0.00
[ 2s ] thds: 1 tps: 1548.26 qps: 4643.79 (r/w/o: 4643.79/0.00/0.00) lat (ms,95%): 0.72 err/s: 0.00 reconn/s: 0.00
[ 3s ] thds: 1 tps: 1568.12 qps: 4705.37 (r/w/o: 4705.37/0.00/0.00) lat (ms,95%): 0.72 err/s: 0.00 reconn/s: 0.00
[ 4s ] thds: 1 tps: 1560.03 qps: 4680.09 (r/w/o: 4680.09/0.00/0.00) lat (ms,95%): 0.72 err/s: 0.00 reconn/s: 0.00
[ 5s ] thds: 1 tps: 1569.96 qps: 4708.88 (r/w/o: 4708.88/0.00/0.00) lat (ms,95%): 0.72 err/s: 0.00 reconn/s: 0.00
[ 6s ] thds: 1 tps: 1574.89 qps: 4725.66 (r/w/o: 4725.66/0.00/0.00) lat (ms,95%): 0.72 err/s: 0.00 reconn/s: 0.00
[ 7s ] thds: 1 tps: 1553.15 qps: 4657.44 (r/w/o: 4657.44/0.00/0.00) lat (ms,95%): 0.73 err/s: 0.00 reconn/s: 0.00
SQL statistics:
    queries performed:
        read:                            37401
        write:                           0
        other:                           0
        total:                           37401
    transactions:                        12467  (1558.17 per sec.)
    queries:                             37401  (4674.51 per sec.)
    ignored errors:                      0      (0.00 per sec.)
    reconnects:                          0      (0.00 per sec.)

General statistics:
    total time:                          8.0007s
    total number of events:              12467

Latency (ms):
         min:                                    0.57
         avg:                                    0.64
         max:                                    8.19
         95th percentile:                        0.72
         sum:                                 7987.68

Threads fairness:
    events (avg/stddev):           12467.0000/0.00
    execution time (avg/stddev):   7.9877/0.00

