sysbench 1.0.20 (using system LuaJIT 2.1.0-beta3)

Running the test with following options:
Number of threads: 1
Report intermediate results every 1 second(s)
Initializing random number generator from current time


Initializing worker threads...

Threads started!

[ 1s ] thds: 1 tps: 0.00 qps: 1216.90 (r/w/o: 0.00/1212.90/4.00) lat (ms,95%): 0.00 err/s: 0.00 reconn/s: 0.00
[ 2s ] thds: 1 tps: 0.00 qps: 1180.52 (r/w/o: 0.00/1180.52/0.00) lat (ms,95%): 0.00 err/s: 0.00 reconn/s: 0.00
[ 3s ] thds: 1 tps: 0.00 qps: 1249.94 (r/w/o: 0.00/1249.94/0.00) lat (ms,95%): 0.00 err/s: 0.00 reconn/s: 0.00
[ 4s ] thds: 1 tps: 0.00 qps: 1211.04 (r/w/o: 0.00/1211.04/0.00) lat (ms,95%): 0.00 err/s: 0.00 reconn/s: 0.00
[ 5s ] thds: 1 tps: 0.00 qps: 1249.99 (r/w/o: 0.00/1249.99/0.00) lat (ms,95%): 0.00 err/s: 0.00 reconn/s: 0.00
[ 6s ] thds: 1 tps: 0.00 qps: 1235.00 (r/w/o: 0.00/1235.00/0.00) lat (ms,95%): 0.00 err/s: 0.00 reconn/s: 0.00
[ 7s ] thds: 1 tps: 0.00 qps: 1236.01 (r/w/o: 0.00/1236.01/0.00) lat (ms,95%): 0.00 err/s: 0.00 reconn/s: 0.00
[ 8s ] thds: 1 tps: 0.00 qps: 1247.95 (r/w/o: 0.00/1247.95/0.00) lat (ms,95%): 0.00 err/s: 0.00 reconn/s: 0.00
[ 9s ] thds: 1 tps: 0.00 qps: 1256.02 (r/w/o: 0.00/1256.02/0.00) lat (ms,95%): 0.00 err/s: 0.00 reconn/s: 0.00
[ 10s ] thds: 1 tps: 0.00 qps: 1259.97 (r/w/o: 0.00/1259.97/0.00) lat (ms,95%): 0.00 err/s: 0.00 reconn/s: 0.00
[ 11s ] thds: 1 tps: 0.00 qps: 1225.03 (r/w/o: 0.00/1225.03/0.00) lat (ms,95%): 0.00 err/s: 0.00 reconn/s: 0.00
[ 12s ] thds: 1 tps: 0.00 qps: 1185.96 (r/w/o: 0.00/1185.96/0.00) lat (ms,95%): 0.00 err/s: 0.00 reconn/s: 0.00
[ 13s ] thds: 1 tps: 0.00 qps: 1203.02 (r/w/o: 0.00/1203.02/0.00) lat (ms,95%): 0.00 err/s: 0.00 reconn/s: 0.00
[ 14s ] thds: 1 tps: 0.00 qps: 1238.02 (r/w/o: 0.00/1238.02/0.00) lat (ms,95%): 0.00 err/s: 0.00 reconn/s: 0.00
[ 15s ] thds: 1 tps: 0.00 qps: 1253.97 (r/w/o: 0.00/1253.97/0.00) lat (ms,95%): 0.00 err/s: 0.00 reconn/s: 0.00
[ 16s ] thds: 1 tps: 0.00 qps: 1238.97 (r/w/o: 0.00/1238.97/0.00) lat (ms,95%): 0.00 err/s: 0.00 reconn/s: 0.00
[ 17s ] thds: 1 tps: 0.00 qps: 1232.06 (r/w/o: 0.00/1232.06/0.00) lat (ms,95%): 0.00 err/s: 0.00 reconn/s: 0.00
SQL statistics:
    queries performed:
        read:                            0
        write:                           22000
        other:                           4
        total:                           22004
    transactions:                        1      (0.06 per sec.)
    queries:                             22004  (1229.88 per sec.)
    ignored errors:                      0      (0.00 per sec.)
    reconnects:                          0      (0.00 per sec.)

General statistics:
    total time:                          17.8907s
    total number of events:              1

Latency (ms):
         min:                                17890.22
         avg:                                17890.22
         max:                                17890.22
         95th percentile:                    17752.80
         sum:                                17890.22

Threads fairness:
    events (avg/stddev):           1.0000/0.00
    execution time (avg/stddev):   17.8902/0.00

