sysbench 1.0.20 (using system LuaJIT 2.1.0-beta3)

Running the test with following options:
Number of threads: 1
Report intermediate results every 1 second(s)
Initializing random number generator from current time


Initializing worker threads...

Threads started!

[ 1s ] thds: 1 tps: 0.00 qps: 1005.04 (r/w/o: 0.00/1002.04/3.00) lat (ms,95%): 0.00 err/s: 0.00 reconn/s: 0.00
[ 2s ] thds: 1 tps: 0.00 qps: 941.46 (r/w/o: 0.00/941.46/0.00) lat (ms,95%): 0.00 err/s: 0.00 reconn/s: 0.00
[ 3s ] thds: 1 tps: 0.00 qps: 894.99 (r/w/o: 0.00/894.99/0.00) lat (ms,95%): 0.00 err/s: 0.00 reconn/s: 0.00
[ 4s ] thds: 1 tps: 0.00 qps: 976.96 (r/w/o: 0.00/976.96/0.00) lat (ms,95%): 0.00 err/s: 0.00 reconn/s: 0.00
[ 5s ] thds: 1 tps: 1.00 qps: 963.02 (r/w/o: 0.00/961.02/2.00) lat (ms,95%): 4203.93 err/s: 0.00 reconn/s: 0.00
[ 6s ] thds: 1 tps: 0.00 qps: 811.97 (r/w/o: 0.00/811.97/0.00) lat (ms,95%): 0.00 err/s: 0.00 reconn/s: 0.00
[ 7s ] thds: 1 tps: 0.00 qps: 523.05 (r/w/o: 0.00/523.05/0.00) lat (ms,95%): 0.00 err/s: 0.00 reconn/s: 0.00
[ 8s ] thds: 1 tps: 0.00 qps: 981.00 (r/w/o: 0.00/981.00/0.00) lat (ms,95%): 0.00 err/s: 0.00 reconn/s: 0.00
SQL statistics:
    queries performed:
        read:                            0
        write:                           8001
        other:                           5
        total:                           8006
    transactions:                        2      (0.22 per sec.)
    queries:                             8006   (898.54 per sec.)
    ignored errors:                      0      (0.00 per sec.)
    reconnects:                          0      (0.00 per sec.)

General statistics:
    total time:                          8.9096s
    total number of events:              2

Latency (ms):
         min:                                 4182.09
         avg:                                 4454.52
         max:                                 4726.94
         95th percentile:                     4768.67
         sum:                                 8909.04

Threads fairness:
    events (avg/stddev):           2.0000/0.00
    execution time (avg/stddev):   8.9090/0.00

