sysbench 1.0.20 (using system LuaJIT 2.1.0-beta3)

Running the test with following options:
Number of threads: 1
Report intermediate results every 1 second(s)
Initializing random number generator from current time


Initializing worker threads...

Threads started!

[ 1s ] thds: 1 tps: 168.88 qps: 508.65 (r/w/o: 508.65/0.00/0.00) lat (ms,95%): 5.99 err/s: 0.00 reconn/s: 0.00
[ 2s ] thds: 1 tps: 172.05 qps: 516.15 (r/w/o: 516.15/0.00/0.00) lat (ms,95%): 5.88 err/s: 0.00 reconn/s: 0.00
[ 3s ] thds: 1 tps: 171.99 qps: 513.98 (r/w/o: 513.98/0.00/0.00) lat (ms,95%): 5.99 err/s: 0.00 reconn/s: 0.00
[ 4s ] thds: 1 tps: 173.00 qps: 520.00 (r/w/o: 520.00/0.00/0.00) lat (ms,95%): 5.77 err/s: 0.00 reconn/s: 0.00
[ 5s ] thds: 1 tps: 169.99 qps: 509.96 (r/w/o: 509.96/0.00/0.00) lat (ms,95%): 7.04 err/s: 0.00 reconn/s: 0.00
[ 6s ] thds: 1 tps: 172.02 qps: 517.06 (r/w/o: 517.06/0.00/0.00) lat (ms,95%): 5.88 err/s: 0.00 reconn/s: 0.00
[ 7s ] thds: 1 tps: 172.98 qps: 518.94 (r/w/o: 518.94/0.00/0.00) lat (ms,95%): 5.88 err/s: 0.00 reconn/s: 0.00
[ 8s ] thds: 1 tps: 174.01 qps: 520.02 (r/w/o: 520.02/0.00/0.00) lat (ms,95%): 5.88 err/s: 0.00 reconn/s: 0.00
SQL statistics:
    queries performed:
        read:                            4128
        write:                           0
        other:                           0
        total:                           4128
    transactions:                        1376   (171.89 per sec.)
    queries:                             4128   (515.66 per sec.)
    ignored errors:                      0      (0.00 per sec.)
    reconnects:                          0      (0.00 per sec.)

General statistics:
    total time:                          8.0049s
    total number of events:              1376

Latency (ms):
         min:                                    5.63
         avg:                                    5.82
         max:                                   13.76
         95th percentile:                        5.99
         sum:                                 8002.32

Threads fairness:
    events (avg/stddev):           1376.0000/0.00
    execution time (avg/stddev):   8.0023/0.00

