sysbench 1.0.20 (using system LuaJIT 2.1.0-beta3)

Running the test with following options:
Number of threads: 4
Report intermediate results every 2 second(s)
Initializing random number generator from current time


Initializing worker threads...

Threads started!

[ 2s ] thds: 4 tps: 3085.41 qps: 3085.41 (r/w/o: 3085.41/0.00/0.00) lat (ms,95%): 1.64 err/s: 0.00 reconn/s: 0.00
[ 4s ] thds: 4 tps: 3161.10 qps: 3161.10 (r/w/o: 3161.10/0.00/0.00) lat (ms,95%): 1.58 err/s: 0.00 reconn/s: 0.00
[ 6s ] thds: 4 tps: 3162.54 qps: 3162.54 (r/w/o: 3162.54/0.00/0.00) lat (ms,95%): 1.50 err/s: 0.00 reconn/s: 0.00
[ 8s ] thds: 4 tps: 3169.99 qps: 3169.99 (r/w/o: 3169.99/0.00/0.00) lat (ms,95%): 1.58 err/s: 0.00 reconn/s: 0.00
[ 10s ] thds: 4 tps: 3170.91 qps: 3170.91 (r/w/o: 3170.91/0.00/0.00) lat (ms,95%): 1.55 err/s: 0.00 reconn/s: 0.00
[ 12s ] thds: 4 tps: 3150.58 qps: 3150.58 (r/w/o: 3150.58/0.00/0.00) lat (ms,95%): 1.55 err/s: 0.00 reconn/s: 0.00
[ 14s ] thds: 4 tps: 3168.96 qps: 3168.96 (r/w/o: 3168.96/0.00/0.00) lat (ms,95%): 1.55 err/s: 0.00 reconn/s: 0.00
[ 16s ] thds: 4 tps: 3171.97 qps: 3171.97 (r/w/o: 3171.97/0.00/0.00) lat (ms,95%): 1.55 err/s: 0.00 reconn/s: 0.00
[ 18s ] thds: 4 tps: 3165.14 qps: 3165.14 (r/w/o: 3165.14/0.00/0.00) lat (ms,95%): 1.55 err/s: 0.00 reconn/s: 0.00
SQL statistics:
    queries performed:
        read:                            56819
        write:                           0
        other:                           0
        total:                           56819
    transactions:                        56819  (3156.29 per sec.)
    queries:                             56819  (3156.29 per sec.)
    ignored errors:                      0      (0.00 per sec.)
    reconnects:                          0      (0.00 per sec.)

General statistics:
    total time:                          18.0015s
    total number of events:              56819

Latency (ms):
         min:                                    0.66
         avg:                                    1.27
         max:                                   19.94
         95th percentile:                        1.55
         sum:                                71924.18

Threads fairness:
    events (avg/stddev):           14204.7500/113.05
    execution time (avg/stddev):   17.9810/0.00

