sysbench 1.0.20 (using system LuaJIT 2.1.0-beta3)

Running the test with following options:
Number of threads: 4
Report intermediate results every 2 second(s)
Initializing random number generator from current time


Initializing worker threads...

Threads started!

[ 2s ] thds: 4 tps: 4.00 qps: 4470.08 (r/w/o: 0.00/1115.02/3355.06) lat (ms,95%): 909.80 err/s: 0.00 reconn/s: 0.00
[ 4s ] thds: 4 tps: 4.00 qps: 4516.81 (r/w/o: 0.00/1127.20/3389.61) lat (ms,95%): 909.80 err/s: 0.00 reconn/s: 0.00
[ 6s ] thds: 4 tps: 4.00 qps: 4625.82 (r/w/o: 0.00/1154.46/3471.37) lat (ms,95%): 909.80 err/s: 0.00 reconn/s: 0.00
[ 8s ] thds: 4 tps: 4.00 qps: 4436.08 (r/w/o: 0.00/1107.02/3329.06) lat (ms,95%): 909.80 err/s: 0.00 reconn/s: 0.00
[ 10s ] thds: 4 tps: 6.00 qps: 4167.57 (r/w/o: 0.00/1039.02/3128.55) lat (ms,95%): 977.74 err/s: 0.00 reconn/s: 0.00
[ 12s ] thds: 4 tps: 4.00 qps: 4543.50 (r/w/o: 0.00/1134.00/3409.50) lat (ms,95%): 893.56 err/s: 0.00 reconn/s: 0.00
[ 14s ] thds: 4 tps: 4.00 qps: 4252.93 (r/w/o: 0.00/1060.98/3191.95) lat (ms,95%): 960.30 err/s: 0.00 reconn/s: 0.00
[ 16s ] thds: 4 tps: 6.00 qps: 5270.10 (r/w/o: 0.00/1314.53/3955.58) lat (ms,95%): 943.16 err/s: 0.00 reconn/s: 0.00
[ 18s ] thds: 4 tps: 4.00 qps: 5307.97 (r/w/o: 0.00/1324.99/3982.97) lat (ms,95%): 787.74 err/s: 0.00 reconn/s: 0.00
SQL statistics:
    queries performed:
        read:                            0
        write:                           21022
        other:                           63230
        total:                           84252
    transactions:                        84     (4.61 per sec.)
    queries:                             84252  (4622.92 per sec.)
    ignored errors:                      0      (0.00 per sec.)
    reconnects:                          0      (0.00 per sec.)

General statistics:
    total time:                          18.2245s
    total number of events:              84

Latency (ms):
         min:                                  706.21
         avg:                                  867.79
         max:                                  981.04
         95th percentile:                      960.30
         sum:                                72894.00

Threads fairness:
    events (avg/stddev):           21.0000/0.00
    execution time (avg/stddev):   18.2235/0.00

