sysbench 1.0.20 (using system LuaJIT 2.1.0-beta3)

Running the test with following options:
Number of threads: 4
Report intermediate results every 2 second(s)
Initializing random number generator from current time


Initializing worker threads...

Threads started!

[ 2s ] thds: 4 tps: 6595.54 qps: 6595.54 (r/w/o: 6595.54/0.00/0.00) lat (ms,95%): 0.83 err/s: 0.00 reconn/s: 0.00
[ 4s ] thds: 4 tps: 6679.11 qps: 6679.11 (r/w/o: 6679.11/0.00/0.00) lat (ms,95%): 0.81 err/s: 0.00 reconn/s: 0.00
[ 6s ] thds: 4 tps: 6647.47 qps: 6647.47 (r/w/o: 6647.47/0.00/0.00) lat (ms,95%): 0.81 err/s: 0.00 reconn/s: 0.00
[ 8s ] thds: 4 tps: 6605.50 qps: 6605.50 (r/w/o: 6605.50/0.00/0.00) lat (ms,95%): 0.83 err/s: 0.00 reconn/s: 0.00
[ 10s ] thds: 4 tps: 6650.96 qps: 6650.96 (r/w/o: 6650.96/0.00/0.00) lat (ms,95%): 0.83 err/s: 0.00 reconn/s: 0.00
[ 12s ] thds: 4 tps: 6636.62 qps: 6636.62 (r/w/o: 6636.62/0.00/0.00) lat (ms,95%): 0.83 err/s: 0.00 reconn/s: 0.00
[ 14s ] thds: 4 tps: 6678.43 qps: 6678.93 (r/w/o: 6678.93/0.00/0.00) lat (ms,95%): 0.81 err/s: 0.00 reconn/s: 0.00
[ 16s ] thds: 4 tps: 6650.50 qps: 6650.00 (r/w/o: 6650.00/0.00/0.00) lat (ms,95%): 0.81 err/s: 0.00 reconn/s: 0.00
[ 18s ] thds: 4 tps: 6675.51 qps: 6675.51 (r/w/o: 6675.51/0.00/0.00) lat (ms,95%): 0.81 err/s: 0.00 reconn/s: 0.00
SQL statistics:
    queries performed:
        read:                            119647
        write:                           0
        other:                           0
        total:                           119647
    transactions:                        119647 (6646.46 per sec.)
    queries:                             119647 (6646.46 per sec.)
    ignored errors:                      0      (0.00 per sec.)
    reconnects:                          0      (0.00 per sec.)

General statistics:
    total time:                          18.0012s
    total number of events:              119647

Latency (ms):
         min:                                    0.32
         avg:                                    0.60
         max:                                   19.11
         95th percentile:                        0.83
         sum:                                71855.69

Threads fairness:
    events (avg/stddev):           29911.7500/138.92
    execution time (avg/stddev):   17.9639/0.00

