sysbench 1.0.20 (using system LuaJIT 2.1.0-beta3)

Running the test with following options:
Number of threads: 4
Report intermediate results every 2 second(s)
Initializing random number generator from current time


Initializing worker threads...

Threads started!

[ 2s ] thds: 4 tps: 2515.65 qps: 2516.15 (r/w/o: 2516.15/0.00/0.00) lat (ms,95%): 2.14 err/s: 0.00 reconn/s: 0.00
[ 4s ] thds: 4 tps: 2540.60 qps: 2540.10 (r/w/o: 2540.10/0.00/0.00) lat (ms,95%): 2.11 err/s: 0.00 reconn/s: 0.00
[ 6s ] thds: 4 tps: 2540.01 qps: 2540.01 (r/w/o: 2540.01/0.00/0.00) lat (ms,95%): 2.14 err/s: 0.00 reconn/s: 0.00
[ 8s ] thds: 4 tps: 2548.00 qps: 2548.00 (r/w/o: 2548.00/0.00/0.00) lat (ms,95%): 2.11 err/s: 0.00 reconn/s: 0.00
[ 10s ] thds: 4 tps: 2541.49 qps: 2541.49 (r/w/o: 2541.49/0.00/0.00) lat (ms,95%): 2.11 err/s: 0.00 reconn/s: 0.00
[ 12s ] thds: 4 tps: 2538.52 qps: 2538.52 (r/w/o: 2538.52/0.00/0.00) lat (ms,95%): 2.11 err/s: 0.00 reconn/s: 0.00
[ 14s ] thds: 4 tps: 2529.42 qps: 2529.42 (r/w/o: 2529.42/0.00/0.00) lat (ms,95%): 2.14 err/s: 0.00 reconn/s: 0.00
[ 16s ] thds: 4 tps: 2550.04 qps: 2550.04 (r/w/o: 2550.04/0.00/0.00) lat (ms,95%): 2.11 err/s: 0.00 reconn/s: 0.00
[ 18s ] thds: 4 tps: 2540.52 qps: 2540.52 (r/w/o: 2540.52/0.00/0.00) lat (ms,95%): 2.14 err/s: 0.00 reconn/s: 0.00
SQL statistics:
    queries performed:
        read:                            45694
        write:                           0
        other:                           0
        total:                           45694
    transactions:                        45694  (2538.19 per sec.)
    queries:                             45694  (2538.19 per sec.)
    ignored errors:                      0      (0.00 per sec.)
    reconnects:                          0      (0.00 per sec.)

General statistics:
    total time:                          18.0022s
    total number of events:              45694

Latency (ms):
         min:                                    0.72
         avg:                                    1.57
         max:                                   19.98
         95th percentile:                        2.11
         sum:                                71944.41

Threads fairness:
    events (avg/stddev):           11423.5000/75.03
    execution time (avg/stddev):   17.9861/0.00

