sysbench 1.0.20 (using system LuaJIT 2.1.0-beta3)

Running the test with following options:
Number of threads: 4
Report intermediate results every 2 second(s)
Initializing random number generator from current time


Initializing worker threads...

Threads started!

[ 2s ] thds: 4 tps: 470.84 qps: 470.84 (r/w/o: 470.84/0.00/0.00) lat (ms,95%): 11.65 err/s: 0.00 reconn/s: 0.00
[ 4s ] thds: 4 tps: 470.02 qps: 470.02 (r/w/o: 470.02/0.00/0.00) lat (ms,95%): 11.87 err/s: 0.00 reconn/s: 0.00
[ 6s ] thds: 4 tps: 470.99 qps: 470.99 (r/w/o: 470.99/0.00/0.00) lat (ms,95%): 11.45 err/s: 0.00 reconn/s: 0.00
[ 8s ] thds: 4 tps: 465.01 qps: 465.01 (r/w/o: 465.01/0.00/0.00) lat (ms,95%): 11.87 err/s: 0.00 reconn/s: 0.00
[ 10s ] thds: 4 tps: 469.50 qps: 469.50 (r/w/o: 469.50/0.00/0.00) lat (ms,95%): 11.45 err/s: 0.00 reconn/s: 0.00
[ 12s ] thds: 4 tps: 467.00 qps: 467.00 (r/w/o: 467.00/0.00/0.00) lat (ms,95%): 11.87 err/s: 0.00 reconn/s: 0.00
[ 14s ] thds: 4 tps: 469.50 qps: 469.50 (r/w/o: 469.50/0.00/0.00) lat (ms,95%): 11.65 err/s: 0.00 reconn/s: 0.00
[ 16s ] thds: 4 tps: 471.99 qps: 471.99 (r/w/o: 471.99/0.00/0.00) lat (ms,95%): 11.45 err/s: 0.00 reconn/s: 0.00
[ 18s ] thds: 4 tps: 472.51 qps: 472.51 (r/w/o: 472.51/0.00/0.00) lat (ms,95%): 11.45 err/s: 0.00 reconn/s: 0.00
SQL statistics:
    queries performed:
        read:                            8459
        write:                           0
        other:                           0
        total:                           8459
    transactions:                        8459   (469.71 per sec.)
    queries:                             8459   (469.71 per sec.)
    ignored errors:                      0      (0.00 per sec.)
    reconnects:                          0      (0.00 per sec.)

General statistics:
    total time:                          18.0086s
    total number of events:              8459

Latency (ms):
         min:                                    3.70
         avg:                                    8.51
         max:                                   25.14
         95th percentile:                       11.65
         sum:                                72016.01

Threads fairness:
    events (avg/stddev):           2114.7500/14.25
    execution time (avg/stddev):   18.0040/0.00

