sysbench 1.0.20 (using system LuaJIT 2.1.0-beta3)

Running the test with following options:
Number of threads: 4
Report intermediate results every 2 second(s)
Initializing random number generator from current time


Initializing worker threads...

Threads started!

[ 2s ] thds: 4 tps: 3205.53 qps: 3205.53 (r/w/o: 3205.53/0.00/0.00) lat (ms,95%): 1.67 err/s: 0.00 reconn/s: 0.00
[ 4s ] thds: 4 tps: 3243.51 qps: 3243.51 (r/w/o: 3243.51/0.00/0.00) lat (ms,95%): 1.67 err/s: 0.00 reconn/s: 0.00
[ 6s ] thds: 4 tps: 3239.49 qps: 3239.49 (r/w/o: 3239.49/0.00/0.00) lat (ms,95%): 1.67 err/s: 0.00 reconn/s: 0.00
[ 8s ] thds: 4 tps: 3239.52 qps: 3239.52 (r/w/o: 3239.52/0.00/0.00) lat (ms,95%): 1.67 err/s: 0.00 reconn/s: 0.00
[ 10s ] thds: 4 tps: 3230.01 qps: 3230.01 (r/w/o: 3230.01/0.00/0.00) lat (ms,95%): 1.67 err/s: 0.00 reconn/s: 0.00
[ 12s ] thds: 4 tps: 3229.50 qps: 3229.50 (r/w/o: 3229.50/0.00/0.00) lat (ms,95%): 1.67 err/s: 0.00 reconn/s: 0.00
[ 14s ] thds: 4 tps: 3223.00 qps: 3223.00 (r/w/o: 3223.00/0.00/0.00) lat (ms,95%): 1.67 err/s: 0.00 reconn/s: 0.00
[ 16s ] thds: 4 tps: 3230.48 qps: 3230.48 (r/w/o: 3230.48/0.00/0.00) lat (ms,95%): 1.67 err/s: 0.00 reconn/s: 0.00
[ 18s ] thds: 4 tps: 3184.50 qps: 3184.50 (r/w/o: 3184.50/0.00/0.00) lat (ms,95%): 1.70 err/s: 0.00 reconn/s: 0.00
SQL statistics:
    queries performed:
        read:                            58056
        write:                           0
        other:                           0
        total:                           58056
    transactions:                        58056  (3224.94 per sec.)
    queries:                             58056  (3224.94 per sec.)
    ignored errors:                      0      (0.00 per sec.)
    reconnects:                          0      (0.00 per sec.)

General statistics:
    total time:                          18.0018s
    total number of events:              58056

Latency (ms):
         min:                                    0.59
         avg:                                    1.24
         max:                                   19.72
         95th percentile:                        1.67
         sum:                                71927.35

Threads fairness:
    events (avg/stddev):           14514.0000/23.82
    execution time (avg/stddev):   17.9818/0.00

