sysbench 1.0.20 (using system LuaJIT 2.1.0-beta3)

Running the test with following options:
Number of threads: 4
Report intermediate results every 2 second(s)
Initializing random number generator from current time


Initializing worker threads...

Threads started!

[ 2s ] thds: 4 tps: 5399.02 qps: 5399.02 (r/w/o: 5399.02/0.00/0.00) lat (ms,95%): 0.99 err/s: 0.00 reconn/s: 0.00
[ 4s ] thds: 4 tps: 5481.36 qps: 5481.36 (r/w/o: 5481.36/0.00/0.00) lat (ms,95%): 0.99 err/s: 0.00 reconn/s: 0.00
[ 6s ] thds: 4 tps: 5506.01 qps: 5506.01 (r/w/o: 5506.01/0.00/0.00) lat (ms,95%): 0.97 err/s: 0.00 reconn/s: 0.00
[ 8s ] thds: 4 tps: 5450.01 qps: 5450.01 (r/w/o: 5450.01/0.00/0.00) lat (ms,95%): 1.01 err/s: 0.00 reconn/s: 0.00
[ 10s ] thds: 4 tps: 5529.47 qps: 5529.47 (r/w/o: 5529.47/0.00/0.00) lat (ms,95%): 0.97 err/s: 0.00 reconn/s: 0.00
[ 12s ] thds: 4 tps: 5527.05 qps: 5527.05 (r/w/o: 5527.05/0.00/0.00) lat (ms,95%): 0.97 err/s: 0.00 reconn/s: 0.00
[ 14s ] thds: 4 tps: 5443.49 qps: 5443.49 (r/w/o: 5443.49/0.00/0.00) lat (ms,95%): 1.01 err/s: 0.00 reconn/s: 0.00
[ 16s ] thds: 4 tps: 5364.58 qps: 5364.58 (r/w/o: 5364.58/0.00/0.00) lat (ms,95%): 1.04 err/s: 0.00 reconn/s: 0.00
[ 18s ] thds: 4 tps: 5472.04 qps: 5472.04 (r/w/o: 5472.04/0.00/0.00) lat (ms,95%): 0.99 err/s: 0.00 reconn/s: 0.00
SQL statistics:
    queries performed:
        read:                            98352
        write:                           0
        other:                           0
        total:                           98352
    transactions:                        98352  (5463.49 per sec.)
    queries:                             98352  (5463.49 per sec.)
    ignored errors:                      0      (0.00 per sec.)
    reconnects:                          0      (0.00 per sec.)

General statistics:
    total time:                          18.0013s
    total number of events:              98352

Latency (ms):
         min:                                    0.37
         avg:                                    0.73
         max:                                   19.00
         95th percentile:                        0.99
         sum:                                71875.67

Threads fairness:
    events (avg/stddev):           24588.0000/74.20
    execution time (avg/stddev):   17.9689/0.00

