sysbench 1.0.20 (using system LuaJIT 2.1.0-beta3)

Running the test with following options:
Number of threads: 4
Report intermediate results every 2 second(s)
Initializing random number generator from current time


Initializing worker threads...

Threads started!

[ 2s ] thds: 4 tps: 574.76 qps: 574.76 (r/w/o: 574.76/0.00/0.00) lat (ms,95%): 8.90 err/s: 0.00 reconn/s: 0.00
[ 4s ] thds: 4 tps: 577.56 qps: 577.56 (r/w/o: 577.56/0.00/0.00) lat (ms,95%): 8.74 err/s: 0.00 reconn/s: 0.00
[ 6s ] thds: 4 tps: 570.01 qps: 570.01 (r/w/o: 570.01/0.00/0.00) lat (ms,95%): 8.90 err/s: 0.00 reconn/s: 0.00
[ 8s ] thds: 4 tps: 565.00 qps: 565.00 (r/w/o: 565.00/0.00/0.00) lat (ms,95%): 9.22 err/s: 0.00 reconn/s: 0.00
[ 10s ] thds: 4 tps: 577.96 qps: 577.96 (r/w/o: 577.96/0.00/0.00) lat (ms,95%): 8.58 err/s: 0.00 reconn/s: 0.00
[ 12s ] thds: 4 tps: 578.54 qps: 578.54 (r/w/o: 578.54/0.00/0.00) lat (ms,95%): 8.90 err/s: 0.00 reconn/s: 0.00
[ 14s ] thds: 4 tps: 578.00 qps: 578.00 (r/w/o: 578.00/0.00/0.00) lat (ms,95%): 8.90 err/s: 0.00 reconn/s: 0.00
[ 16s ] thds: 4 tps: 578.50 qps: 578.50 (r/w/o: 578.50/0.00/0.00) lat (ms,95%): 8.58 err/s: 0.00 reconn/s: 0.00
[ 18s ] thds: 4 tps: 577.00 qps: 577.00 (r/w/o: 577.00/0.00/0.00) lat (ms,95%): 8.58 err/s: 0.00 reconn/s: 0.00
SQL statistics:
    queries performed:
        read:                            10359
        write:                           0
        other:                           0
        total:                           10359
    transactions:                        10359  (575.27 per sec.)
    queries:                             10359  (575.27 per sec.)
    ignored errors:                      0      (0.00 per sec.)
    reconnects:                          0      (0.00 per sec.)

General statistics:
    total time:                          18.0069s
    total number of events:              10359

Latency (ms):
         min:                                    3.02
         avg:                                    6.95
         max:                                   24.33
         95th percentile:                        8.74
         sum:                                72002.94

Threads fairness:
    events (avg/stddev):           2589.7500/34.14
    execution time (avg/stddev):   18.0007/0.00

