sysbench 1.0.20 (using system LuaJIT 2.1.0-beta3)

Running the test with following options:
Number of threads: 4
Report intermediate results every 2 second(s)
Initializing random number generator from current time


Initializing worker threads...

Threads started!

[ 2s ] thds: 4 tps: 8170.91 qps: 8170.91 (r/w/o: 8170.91/0.00/0.00) lat (ms,95%): 0.69 err/s: 0.00 reconn/s: 0.00
[ 4s ] thds: 4 tps: 8240.32 qps: 8240.32 (r/w/o: 8240.32/0.00/0.00) lat (ms,95%): 0.67 err/s: 0.00 reconn/s: 0.00
[ 6s ] thds: 4 tps: 8294.51 qps: 8294.51 (r/w/o: 8294.51/0.00/0.00) lat (ms,95%): 0.67 err/s: 0.00 reconn/s: 0.00
[ 8s ] thds: 4 tps: 8216.51 qps: 8216.51 (r/w/o: 8216.51/0.00/0.00) lat (ms,95%): 0.68 err/s: 0.00 reconn/s: 0.00
[ 10s ] thds: 4 tps: 8260.42 qps: 8260.42 (r/w/o: 8260.42/0.00/0.00) lat (ms,95%): 0.68 err/s: 0.00 reconn/s: 0.00
[ 12s ] thds: 4 tps: 8289.00 qps: 8289.00 (r/w/o: 8289.00/0.00/0.00) lat (ms,95%): 0.67 err/s: 0.00 reconn/s: 0.00
[ 14s ] thds: 4 tps: 8242.00 qps: 8242.00 (r/w/o: 8242.00/0.00/0.00) lat (ms,95%): 0.68 err/s: 0.00 reconn/s: 0.00
[ 16s ] thds: 4 tps: 8271.55 qps: 8271.55 (r/w/o: 8271.55/0.00/0.00) lat (ms,95%): 0.67 err/s: 0.00 reconn/s: 0.00
[ 18s ] thds: 4 tps: 8217.21 qps: 8217.21 (r/w/o: 8217.21/0.00/0.00) lat (ms,95%): 0.68 err/s: 0.00 reconn/s: 0.00
SQL statistics:
    queries performed:
        read:                            148413
        write:                           0
        other:                           0
        total:                           148413
    transactions:                        148413 (8244.45 per sec.)
    queries:                             148413 (8244.45 per sec.)
    ignored errors:                      0      (0.00 per sec.)
    reconnects:                          0      (0.00 per sec.)

General statistics:
    total time:                          18.0012s
    total number of events:              148413

Latency (ms):
         min:                                    0.24
         avg:                                    0.48
         max:                                   19.07
         95th percentile:                        0.68
         sum:                                71819.76

Threads fairness:
    events (avg/stddev):           37103.2500/141.90
    execution time (avg/stddev):   17.9549/0.00

