sysbench 1.0.20 (using system LuaJIT 2.1.0-beta3)

Running the test with following options:
Number of threads: 4
Report intermediate results every 2 second(s)
Initializing random number generator from current time


Initializing worker threads...

Threads started!

[ 2s ] thds: 4 tps: 10217.73 qps: 10217.73 (r/w/o: 10217.73/0.00/0.00) lat (ms,95%): 0.57 err/s: 0.00 reconn/s: 0.00
[ 4s ] thds: 4 tps: 10401.76 qps: 10401.76 (r/w/o: 10401.76/0.00/0.00) lat (ms,95%): 0.55 err/s: 0.00 reconn/s: 0.00
[ 6s ] thds: 4 tps: 10412.15 qps: 10412.15 (r/w/o: 10412.15/0.00/0.00) lat (ms,95%): 0.55 err/s: 0.00 reconn/s: 0.00
[ 8s ] thds: 4 tps: 10440.94 qps: 10440.94 (r/w/o: 10440.94/0.00/0.00) lat (ms,95%): 0.54 err/s: 0.00 reconn/s: 0.00
[ 10s ] thds: 4 tps: 10425.96 qps: 10425.96 (r/w/o: 10425.96/0.00/0.00) lat (ms,95%): 0.54 err/s: 0.00 reconn/s: 0.00
[ 12s ] thds: 4 tps: 10440.99 qps: 10440.99 (r/w/o: 10440.99/0.00/0.00) lat (ms,95%): 0.54 err/s: 0.00 reconn/s: 0.00
[ 14s ] thds: 4 tps: 10423.41 qps: 10423.41 (r/w/o: 10423.41/0.00/0.00) lat (ms,95%): 0.54 err/s: 0.00 reconn/s: 0.00
[ 16s ] thds: 4 tps: 10698.79 qps: 10698.79 (r/w/o: 10698.79/0.00/0.00) lat (ms,95%): 0.52 err/s: 0.00 reconn/s: 0.00
[ 18s ] thds: 4 tps: 10425.79 qps: 10425.79 (r/w/o: 10425.79/0.00/0.00) lat (ms,95%): 0.54 err/s: 0.00 reconn/s: 0.00
SQL statistics:
    queries performed:
        read:                            187783
        write:                           0
        other:                           0
        total:                           187783
    transactions:                        187783 (10431.53 per sec.)
    queries:                             187783 (10431.53 per sec.)
    ignored errors:                      0      (0.00 per sec.)
    reconnects:                          0      (0.00 per sec.)

General statistics:
    total time:                          18.0011s
    total number of events:              187783

Latency (ms):
         min:                                    0.21
         avg:                                    0.38
         max:                                   18.22
         95th percentile:                        0.54
         sum:                                71786.41

Threads fairness:
    events (avg/stddev):           46945.7500/92.84
    execution time (avg/stddev):   17.9466/0.00

