sysbench 1.0.20 (using system LuaJIT 2.1.0-beta3)

Running the test with following options:
Number of threads: 1
Report intermediate results every 1 second(s)
Initializing random number generator from current time


Initializing worker threads...

Threads started!

[ 1s ] thds: 1 tps: 0.00 qps: 1708.40 (r/w/o: 0.00/1705.40/3.00) lat (ms,95%): 0.00 err/s: 0.00 reconn/s: 0.00
[ 2s ] thds: 1 tps: 1.00 qps: 1723.77 (r/w/o: 0.00/1721.77/2.00) lat (ms,95%): 1739.68 err/s: 0.00 reconn/s: 0.00
[ 3s ] thds: 1 tps: 0.00 qps: 1759.95 (r/w/o: 0.00/1759.95/0.00) lat (ms,95%): 0.00 err/s: 0.00 reconn/s: 0.00
[ 4s ] thds: 1 tps: 1.00 qps: 1762.05 (r/w/o: 0.00/1760.05/2.00) lat (ms,95%): 1708.63 err/s: 0.00 reconn/s: 0.00
[ 5s ] thds: 1 tps: 0.00 qps: 1792.92 (r/w/o: 0.00/1792.92/0.00) lat (ms,95%): 0.00 err/s: 0.00 reconn/s: 0.00
[ 6s ] thds: 1 tps: 1.00 qps: 1792.09 (r/w/o: 0.00/1790.09/2.00) lat (ms,95%): 1678.14 err/s: 0.00 reconn/s: 0.00
[ 7s ] thds: 1 tps: 1.00 qps: 1702.99 (r/w/o: 0.00/1700.99/2.00) lat (ms,95%): 1708.63 err/s: 0.00 reconn/s: 0.00
[ 8s ] thds: 1 tps: 0.00 qps: 1858.01 (r/w/o: 0.00/1858.01/0.00) lat (ms,95%): 0.00 err/s: 0.00 reconn/s: 0.00
SQL statistics:
    queries performed:
        read:                            0
        write:                           15004
        other:                           11
        total:                           15015
    transactions:                        5      (0.59 per sec.)
    queries:                             15015  (1766.81 per sec.)
    ignored errors:                      0      (0.00 per sec.)
    reconnects:                          0      (0.00 per sec.)

General statistics:
    total time:                          8.4980s
    total number of events:              5

Latency (ms):
         min:                                 1634.27
         avg:                                 1699.49
         max:                                 1753.38
         95th percentile:                     1739.68
         sum:                                 8497.44

Threads fairness:
    events (avg/stddev):           5.0000/0.00
    execution time (avg/stddev):   8.4974/0.00

