sysbench 1.0.20 (using system LuaJIT 2.1.0-beta3)

Running the test with following options:
Number of threads: 4
Report intermediate results every 2 second(s)
Initializing random number generator from current time


Initializing worker threads...

Threads started!

[ 2s ] thds: 4 tps: 41.48 qps: 3094.45 (r/w/o: 0.00/1155.42/1939.03) lat (ms,95%): 176.73 err/s: 62.97 reconn/s: 0.00
[ 4s ] thds: 4 tps: 44.51 qps: 3039.57 (r/w/o: 0.00/1067.70/1971.87) lat (ms,95%): 147.61 err/s: 65.51 reconn/s: 0.00
[ 6s ] thds: 4 tps: 47.00 qps: 3138.51 (r/w/o: 0.00/1109.00/2029.50) lat (ms,95%): 127.81 err/s: 67.00 reconn/s: 0.00
[ 8s ] thds: 4 tps: 43.50 qps: 3284.14 (r/w/o: 0.00/1336.06/1948.08) lat (ms,95%): 189.93 err/s: 77.50 reconn/s: 0.00
[ 10s ] thds: 4 tps: 45.00 qps: 3196.47 (r/w/o: 0.00/1214.49/1981.98) lat (ms,95%): 155.80 err/s: 70.00 reconn/s: 0.00
[ 12s ] thds: 4 tps: 47.00 qps: 3014.96 (r/w/o: 0.00/1007.99/2006.97) lat (ms,95%): 134.90 err/s: 67.00 reconn/s: 0.00
[ 14s ] thds: 4 tps: 48.00 qps: 3202.04 (r/w/o: 0.00/1064.51/2137.53) lat (ms,95%): 144.97 err/s: 71.50 reconn/s: 0.00
[ 16s ] thds: 4 tps: 41.50 qps: 3032.11 (r/w/o: 0.00/1138.04/1894.07) lat (ms,95%): 196.89 err/s: 63.50 reconn/s: 0.00
[ 18s ] thds: 4 tps: 44.50 qps: 3081.81 (r/w/o: 0.00/1067.43/2014.37) lat (ms,95%): 150.29 err/s: 66.00 reconn/s: 0.00
SQL statistics:
    queries performed:
        read:                            0
        write:                           20382
        other:                           35965
        total:                           56347
    transactions:                        809    (44.82 per sec.)
    queries:                             56347  (3121.90 per sec.)
    ignored errors:                      1224   (67.82 per sec.)
    reconnects:                          0      (0.00 per sec.)

General statistics:
    total time:                          18.0486s
    total number of events:              809

Latency (ms):
         min:                                   30.66
         avg:                                   89.23
         max:                                  285.04
         95th percentile:                      158.63
         sum:                                72186.92

Threads fairness:
    events (avg/stddev):           202.2500/2.38
    execution time (avg/stddev):   18.0467/0.00

