sysbench 1.0.20 (using system LuaJIT 2.1.1725453128)

Running the test with following options:
Number of threads: 8
Report intermediate results every 4 second(s)
Initializing random number generator from current time


Initializing worker threads...

Threads started!

[ 4s ] thds: 8 tps: 2112.18 qps: 28035.80 (r/w/o: 0.00/5445.48/22590.32) lat (ms,95%): 0.00 err/s: 724.03 reconn/s: 0.00
[ 8s ] thds: 8 tps: 2165.12 qps: 28567.38 (r/w/o: 0.00/5322.88/23244.50) lat (ms,95%): 0.00 err/s: 692.44 reconn/s: 0.00
[ 12s ] thds: 8 tps: 2168.63 qps: 28692.01 (r/w/o: 0.00/5399.69/23292.32) lat (ms,95%): 0.00 err/s: 708.95 reconn/s: 0.00
[ 16s ] thds: 8 tps: 2169.48 qps: 28619.77 (r/w/o: 0.00/5417.95/23201.82) lat (ms,95%): 0.00 err/s: 703.92 reconn/s: 0.00
[ 20s ] thds: 8 tps: 2132.34 qps: 28240.97 (r/w/o: 0.00/5357.57/22883.40) lat (ms,95%): 0.00 err/s: 713.44 reconn/s: 0.00
[ 24s ] thds: 8 tps: 2220.83 qps: 29093.26 (r/w/o: 0.00/5293.64/23799.61) lat (ms,95%): 0.00 err/s: 656.01 reconn/s: 0.00
[ 28s ] thds: 8 tps: 2114.96 qps: 28126.27 (r/w/o: 0.00/5413.78/22712.49) lat (ms,95%): 0.00 err/s: 724.32 reconn/s: 0.00
[ 32s ] thds: 8 tps: 2207.65 qps: 28993.20 (r/w/o: 0.00/5308.67/23684.53) lat (ms,95%): 0.00 err/s: 667.40 reconn/s: 0.00
SQL statistics:
    queries performed:
        read:                            0
        write:                           171851
        other:                           741698
        total:                           913549
    transactions:                        69174  (2161.42 per sec.)
    queries:                             913549 (28544.82 per sec.)
    ignored errors:                      22363  (698.76 per sec.)
    reconnects:                          0      (0.00 per sec.)

General statistics:
    total time:                          32.0038s
    total number of events:              69174

Latency (ms):
         min:                                    1.44
         avg:                                    3.70
         max:                                   61.29
         95th percentile:                        0.00
         sum:                               255991.73

Threads fairness:
    events (avg/stddev):           8646.7500/34.86
    execution time (avg/stddev):   31.9990/0.00

