sysbench 1.0.20 (using system LuaJIT 2.1.1725453128)

Running the test with following options:
Number of threads: 8
Report intermediate results every 4 second(s)
Initializing random number generator from current time


Initializing worker threads...

Threads started!

[ 4s ] thds: 8 tps: 21792.33 qps: 65379.23 (r/w/o: 65379.23/0.00/0.00) lat (ms,95%): 0.00 err/s: 0.00 reconn/s: 0.00
[ 8s ] thds: 8 tps: 22297.14 qps: 66890.92 (r/w/o: 66890.92/0.00/0.00) lat (ms,95%): 0.00 err/s: 0.00 reconn/s: 0.00
[ 12s ] thds: 8 tps: 21959.40 qps: 65879.20 (r/w/o: 65879.20/0.00/0.00) lat (ms,95%): 0.00 err/s: 0.00 reconn/s: 0.00
[ 16s ] thds: 8 tps: 22392.26 qps: 67177.53 (r/w/o: 67177.53/0.00/0.00) lat (ms,95%): 0.00 err/s: 0.00 reconn/s: 0.00
[ 20s ] thds: 8 tps: 21929.54 qps: 65787.86 (r/w/o: 65787.86/0.00/0.00) lat (ms,95%): 0.00 err/s: 0.00 reconn/s: 0.00
[ 24s ] thds: 8 tps: 21977.92 qps: 65933.27 (r/w/o: 65933.27/0.00/0.00) lat (ms,95%): 0.00 err/s: 0.00 reconn/s: 0.00
[ 28s ] thds: 8 tps: 22048.52 qps: 66144.82 (r/w/o: 66144.82/0.00/0.00) lat (ms,95%): 0.00 err/s: 0.00 reconn/s: 0.00
SQL statistics:
    queries performed:
        read:                            2118177
        write:                           0
        other:                           0
        total:                           2118177
    transactions:                        706059 (22062.94 per sec.)
    queries:                             2118177 (66188.81 per sec.)
    ignored errors:                      0      (0.00 per sec.)
    reconnects:                          0      (0.00 per sec.)

General statistics:
    total time:                          32.0019s
    total number of events:              706059

Latency (ms):
         min:                                    0.22
         avg:                                    0.36
         max:                                   33.42
         95th percentile:                        0.00
         sum:                               255828.77

Threads fairness:
    events (avg/stddev):           88257.3750/63.88
    execution time (avg/stddev):   31.9786/0.00

