sysbench 1.0.20 (using system LuaJIT 2.1.0-beta3)

Running the test with following options:
Number of threads: 1
Report intermediate results every 1 second(s)
Initializing random number generator from current time


Initializing worker threads...

Threads started!

[ 1s ] thds: 1 tps: 1515.89 qps: 4549.68 (r/w/o: 4549.68/0.00/0.00) lat (ms,95%): 0.73 err/s: 0.00 reconn/s: 0.00
[ 2s ] thds: 1 tps: 1556.39 qps: 4667.16 (r/w/o: 4667.16/0.00/0.00) lat (ms,95%): 0.68 err/s: 0.00 reconn/s: 0.00
[ 3s ] thds: 1 tps: 1492.03 qps: 4476.09 (r/w/o: 4476.09/0.00/0.00) lat (ms,95%): 0.78 err/s: 0.00 reconn/s: 0.00
[ 4s ] thds: 1 tps: 1551.94 qps: 4656.83 (r/w/o: 4656.83/0.00/0.00) lat (ms,95%): 0.69 err/s: 0.00 reconn/s: 0.00
[ 5s ] thds: 1 tps: 1529.87 qps: 4589.62 (r/w/o: 4589.62/0.00/0.00) lat (ms,95%): 0.73 err/s: 0.00 reconn/s: 0.00
[ 6s ] thds: 1 tps: 1543.01 qps: 4628.03 (r/w/o: 4628.03/0.00/0.00) lat (ms,95%): 0.72 err/s: 0.00 reconn/s: 0.00
[ 7s ] thds: 1 tps: 1499.05 qps: 4499.15 (r/w/o: 4499.15/0.00/0.00) lat (ms,95%): 0.74 err/s: 0.00 reconn/s: 0.00
SQL statistics:
    queries performed:
        read:                            36540
        write:                           0
        other:                           0
        total:                           36540
    transactions:                        12180  (1522.30 per sec.)
    queries:                             36540  (4566.90 per sec.)
    ignored errors:                      0      (0.00 per sec.)
    reconnects:                          0      (0.00 per sec.)

General statistics:
    total time:                          8.0007s
    total number of events:              12180

Latency (ms):
         min:                                    0.58
         avg:                                    0.66
         max:                                    8.17
         95th percentile:                        0.73
         sum:                                 7987.11

Threads fairness:
    events (avg/stddev):           12180.0000/0.00
    execution time (avg/stddev):   7.9871/0.00

