sysbench 1.0.20 (using system LuaJIT 2.1.0-beta3)

Running the test with following options:
Number of threads: 1
Report intermediate results every 1 second(s)
Initializing random number generator from current time


Initializing worker threads...

Threads started!

[ 1s ] thds: 1 tps: 1.00 qps: 1434.66 (r/w/o: 0.00/1429.67/5.00) lat (ms,95%): 569.67 err/s: 0.00 reconn/s: 0.00
[ 2s ] thds: 1 tps: 2.00 qps: 1488.66 (r/w/o: 0.00/1484.66/4.00) lat (ms,95%): 549.52 err/s: 0.00 reconn/s: 0.00
[ 3s ] thds: 1 tps: 2.00 qps: 1499.94 (r/w/o: 0.00/1495.94/4.00) lat (ms,95%): 539.71 err/s: 0.00 reconn/s: 0.00
[ 4s ] thds: 1 tps: 2.00 qps: 1534.00 (r/w/o: 0.00/1530.00/4.00) lat (ms,95%): 520.62 err/s: 0.00 reconn/s: 0.00
[ 5s ] thds: 1 tps: 2.00 qps: 1475.05 (r/w/o: 0.00/1471.05/4.00) lat (ms,95%): 559.50 err/s: 0.00 reconn/s: 0.00
[ 6s ] thds: 1 tps: 2.00 qps: 1526.02 (r/w/o: 0.00/1522.02/4.00) lat (ms,95%): 539.71 err/s: 0.00 reconn/s: 0.00
[ 7s ] thds: 1 tps: 1.00 qps: 1411.99 (r/w/o: 0.00/1409.99/2.00) lat (ms,95%): 569.67 err/s: 0.00 reconn/s: 0.00
[ 8s ] thds: 1 tps: 2.00 qps: 1330.02 (r/w/o: 0.00/1326.02/4.00) lat (ms,95%): 569.67 err/s: 0.00 reconn/s: 0.00
SQL statistics:
    queries performed:
        read:                            0
        write:                           12014
        other:                           31
        total:                           12045
    transactions:                        15     (1.82 per sec.)
    queries:                             12045  (1459.96 per sec.)
    ignored errors:                      0      (0.00 per sec.)
    reconnects:                          0      (0.00 per sec.)

General statistics:
    total time:                          8.2498s
    total number of events:              15

Latency (ms):
         min:                                  511.63
         avg:                                  549.95
         max:                                  631.85
         95th percentile:                      569.67
         sum:                                 8249.26

Threads fairness:
    events (avg/stddev):           15.0000/0.00
    execution time (avg/stddev):   8.2493/0.00

