sysbench 1.0.20 (using system LuaJIT 2.1.0-beta3)

Running the test with following options:
Number of threads: 1
Report intermediate results every 1 second(s)
Initializing random number generator from current time


Initializing worker threads...

Threads started!

[ 1s ] thds: 1 tps: 4727.53 qps: 4727.53 (r/w/o: 4727.53/0.00/0.00) lat (ms,95%): 0.23 err/s: 0.00 reconn/s: 0.00
[ 2s ] thds: 1 tps: 4591.96 qps: 4591.96 (r/w/o: 4591.96/0.00/0.00) lat (ms,95%): 0.24 err/s: 0.00 reconn/s: 0.00
[ 3s ] thds: 1 tps: 4794.96 qps: 4794.96 (r/w/o: 4794.96/0.00/0.00) lat (ms,95%): 0.23 err/s: 0.00 reconn/s: 0.00
[ 4s ] thds: 1 tps: 4731.20 qps: 4731.20 (r/w/o: 4731.20/0.00/0.00) lat (ms,95%): 0.23 err/s: 0.00 reconn/s: 0.00
[ 5s ] thds: 1 tps: 4760.99 qps: 4760.99 (r/w/o: 4760.99/0.00/0.00) lat (ms,95%): 0.23 err/s: 0.00 reconn/s: 0.00
[ 6s ] thds: 1 tps: 4732.15 qps: 4732.15 (r/w/o: 4732.15/0.00/0.00) lat (ms,95%): 0.23 err/s: 0.00 reconn/s: 0.00
[ 7s ] thds: 1 tps: 4761.51 qps: 4761.51 (r/w/o: 4761.51/0.00/0.00) lat (ms,95%): 0.23 err/s: 0.00 reconn/s: 0.00
SQL statistics:
    queries performed:
        read:                            37769
        write:                           0
        other:                           0
        total:                           37769
    transactions:                        37769  (4720.49 per sec.)
    queries:                             37769  (4720.49 per sec.)
    ignored errors:                      0      (0.00 per sec.)
    reconnects:                          0      (0.00 per sec.)

General statistics:
    total time:                          8.0007s
    total number of events:              37769

Latency (ms):
         min:                                    0.19
         avg:                                    0.21
         max:                                    7.58
         95th percentile:                        0.23
         sum:                                 7967.12

Threads fairness:
    events (avg/stddev):           37769.0000/0.00
    execution time (avg/stddev):   7.9671/0.00

