sysbench 1.0.20 (using system LuaJIT 2.1.0-beta3)

Running the test with following options:
Number of threads: 1
Report intermediate results every 1 second(s)
Initializing random number generator from current time


Initializing worker threads...

Threads started!

[ 1s ] thds: 1 tps: 0.00 qps: 1186.79 (r/w/o: 0.00/1182.80/4.00) lat (ms,95%): 0.00 err/s: 0.00 reconn/s: 0.00
[ 2s ] thds: 1 tps: 0.00 qps: 1141.64 (r/w/o: 0.00/1141.64/0.00) lat (ms,95%): 0.00 err/s: 0.00 reconn/s: 0.00
[ 3s ] thds: 1 tps: 0.00 qps: 1203.97 (r/w/o: 0.00/1203.97/0.00) lat (ms,95%): 0.00 err/s: 0.00 reconn/s: 0.00
[ 4s ] thds: 1 tps: 0.00 qps: 1155.99 (r/w/o: 0.00/1155.99/0.00) lat (ms,95%): 0.00 err/s: 0.00 reconn/s: 0.00
[ 5s ] thds: 1 tps: 0.00 qps: 1171.98 (r/w/o: 0.00/1171.98/0.00) lat (ms,95%): 0.00 err/s: 0.00 reconn/s: 0.00
[ 6s ] thds: 1 tps: 0.00 qps: 1232.07 (r/w/o: 0.00/1232.07/0.00) lat (ms,95%): 0.00 err/s: 0.00 reconn/s: 0.00
[ 7s ] thds: 1 tps: 0.00 qps: 1168.95 (r/w/o: 0.00/1168.95/0.00) lat (ms,95%): 0.00 err/s: 0.00 reconn/s: 0.00
[ 8s ] thds: 1 tps: 0.00 qps: 1231.99 (r/w/o: 0.00/1231.99/0.00) lat (ms,95%): 0.00 err/s: 0.00 reconn/s: 0.00
[ 9s ] thds: 1 tps: 0.00 qps: 1127.03 (r/w/o: 0.00/1127.03/0.00) lat (ms,95%): 0.00 err/s: 0.00 reconn/s: 0.00
[ 10s ] thds: 1 tps: 0.00 qps: 1033.02 (r/w/o: 0.00/1033.02/0.00) lat (ms,95%): 0.00 err/s: 0.00 reconn/s: 0.00
[ 11s ] thds: 1 tps: 0.00 qps: 967.98 (r/w/o: 0.00/967.98/0.00) lat (ms,95%): 0.00 err/s: 0.00 reconn/s: 0.00
[ 12s ] thds: 1 tps: 0.00 qps: 915.00 (r/w/o: 0.00/915.00/0.00) lat (ms,95%): 0.00 err/s: 0.00 reconn/s: 0.00
[ 13s ] thds: 1 tps: 0.00 qps: 1028.99 (r/w/o: 0.00/1028.99/0.00) lat (ms,95%): 0.00 err/s: 0.00 reconn/s: 0.00
[ 14s ] thds: 1 tps: 0.00 qps: 1101.00 (r/w/o: 0.00/1101.00/0.00) lat (ms,95%): 0.00 err/s: 0.00 reconn/s: 0.00
[ 15s ] thds: 1 tps: 0.00 qps: 1012.00 (r/w/o: 0.00/1012.00/0.00) lat (ms,95%): 0.00 err/s: 0.00 reconn/s: 0.00
[ 16s ] thds: 1 tps: 0.00 qps: 975.03 (r/w/o: 0.00/975.03/0.00) lat (ms,95%): 0.00 err/s: 0.00 reconn/s: 0.00
[ 17s ] thds: 1 tps: 0.00 qps: 995.04 (r/w/o: 0.00/995.04/0.00) lat (ms,95%): 0.00 err/s: 0.00 reconn/s: 0.00
[ 18s ] thds: 1 tps: 0.00 qps: 943.96 (r/w/o: 0.00/943.96/0.00) lat (ms,95%): 0.00 err/s: 0.00 reconn/s: 0.00
[ 19s ] thds: 1 tps: 0.00 qps: 992.02 (r/w/o: 0.00/992.02/0.00) lat (ms,95%): 0.00 err/s: 0.00 reconn/s: 0.00
[ 20s ] thds: 1 tps: 0.00 qps: 1124.00 (r/w/o: 0.00/1124.00/0.00) lat (ms,95%): 0.00 err/s: 0.00 reconn/s: 0.00
SQL statistics:
    queries performed:
        read:                            0
        write:                           22000
        other:                           4
        total:                           22004
    transactions:                        1      (0.05 per sec.)
    queries:                             22004  (1083.08 per sec.)
    ignored errors:                      0      (0.00 per sec.)
    reconnects:                          0      (0.00 per sec.)

General statistics:
    total time:                          20.3158s
    total number of events:              1

Latency (ms):
         min:                                20315.27
         avg:                                20315.27
         max:                                20315.27
         95th percentile:                    20137.61
         sum:                                20315.27

Threads fairness:
    events (avg/stddev):           1.0000/0.00
    execution time (avg/stddev):   20.3153/0.00

