sysbench 1.0.20 (using system LuaJIT 2.1.0-beta3)

Running the test with following options:
Number of threads: 1
Report intermediate results every 1 second(s)
Initializing random number generator from current time


Initializing worker threads...

Threads started!

[ 1s ] thds: 1 tps: 57.95 qps: 57.95 (r/w/o: 57.95/0.00/0.00) lat (ms,95%): 17.01 err/s: 0.00 reconn/s: 0.00
[ 2s ] thds: 1 tps: 60.03 qps: 60.03 (r/w/o: 60.03/0.00/0.00) lat (ms,95%): 17.01 err/s: 0.00 reconn/s: 0.00
[ 3s ] thds: 1 tps: 58.99 qps: 58.99 (r/w/o: 58.99/0.00/0.00) lat (ms,95%): 17.01 err/s: 0.00 reconn/s: 0.00
[ 4s ] thds: 1 tps: 60.00 qps: 60.00 (r/w/o: 60.00/0.00/0.00) lat (ms,95%): 16.71 err/s: 0.00 reconn/s: 0.00
[ 5s ] thds: 1 tps: 59.00 qps: 59.00 (r/w/o: 59.00/0.00/0.00) lat (ms,95%): 16.71 err/s: 0.00 reconn/s: 0.00
[ 6s ] thds: 1 tps: 60.00 qps: 60.00 (r/w/o: 60.00/0.00/0.00) lat (ms,95%): 17.01 err/s: 0.00 reconn/s: 0.00
[ 7s ] thds: 1 tps: 60.00 qps: 60.00 (r/w/o: 60.00/0.00/0.00) lat (ms,95%): 16.71 err/s: 0.00 reconn/s: 0.00
[ 8s ] thds: 1 tps: 59.00 qps: 59.00 (r/w/o: 59.00/0.00/0.00) lat (ms,95%): 17.01 err/s: 0.00 reconn/s: 0.00
SQL statistics:
    queries performed:
        read:                            476
        write:                           0
        other:                           0
        total:                           476
    transactions:                        476    (59.48 per sec.)
    queries:                             476    (59.48 per sec.)
    ignored errors:                      0      (0.00 per sec.)
    reconnects:                          0      (0.00 per sec.)

General statistics:
    total time:                          8.0023s
    total number of events:              476

Latency (ms):
         min:                                   16.21
         avg:                                   16.81
         max:                                   25.11
         95th percentile:                       17.01
         sum:                                 8001.00

Threads fairness:
    events (avg/stddev):           476.0000/0.00
    execution time (avg/stddev):   8.0010/0.00

