sysbench 1.0.20 (using system LuaJIT 2.1.0-beta3)

Running the test with following options:
Number of threads: 4
Report intermediate results every 2 second(s)
Initializing random number generator from current time


Initializing worker threads...

Threads started!

[ 2s ] thds: 4 tps: 123.44 qps: 123.44 (r/w/o: 123.44/0.00/0.00) lat (ms,95%): 32.53 err/s: 0.00 reconn/s: 0.00
[ 4s ] thds: 4 tps: 123.02 qps: 123.02 (r/w/o: 123.02/0.00/0.00) lat (ms,95%): 34.95 err/s: 0.00 reconn/s: 0.00
[ 6s ] thds: 4 tps: 123.00 qps: 123.00 (r/w/o: 123.00/0.00/0.00) lat (ms,95%): 35.59 err/s: 0.00 reconn/s: 0.00
[ 8s ] thds: 4 tps: 125.00 qps: 125.00 (r/w/o: 125.00/0.00/0.00) lat (ms,95%): 32.53 err/s: 0.00 reconn/s: 0.00
[ 10s ] thds: 4 tps: 125.00 qps: 125.00 (r/w/o: 125.00/0.00/0.00) lat (ms,95%): 32.53 err/s: 0.00 reconn/s: 0.00
[ 12s ] thds: 4 tps: 126.00 qps: 126.00 (r/w/o: 126.00/0.00/0.00) lat (ms,95%): 32.53 err/s: 0.00 reconn/s: 0.00
[ 14s ] thds: 4 tps: 125.00 qps: 125.00 (r/w/o: 125.00/0.00/0.00) lat (ms,95%): 31.94 err/s: 0.00 reconn/s: 0.00
[ 16s ] thds: 4 tps: 124.50 qps: 124.50 (r/w/o: 124.50/0.00/0.00) lat (ms,95%): 31.94 err/s: 0.00 reconn/s: 0.00
[ 18s ] thds: 4 tps: 126.00 qps: 126.00 (r/w/o: 126.00/0.00/0.00) lat (ms,95%): 32.53 err/s: 0.00 reconn/s: 0.00
SQL statistics:
    queries performed:
        read:                            2246
        write:                           0
        other:                           0
        total:                           2246
    transactions:                        2246   (124.62 per sec.)
    queries:                             2246   (124.62 per sec.)
    ignored errors:                      0      (0.00 per sec.)
    reconnects:                          0      (0.00 per sec.)

General statistics:
    total time:                          18.0224s
    total number of events:              2246

Latency (ms):
         min:                                   24.48
         avg:                                   32.08
         max:                                   60.20
         95th percentile:                       32.53
         sum:                                72058.25

Threads fairness:
    events (avg/stddev):           561.5000/0.87
    execution time (avg/stddev):   18.0146/0.00

