sysbench 1.0.20 (using system LuaJIT 2.1.0-beta3)

Running the test with following options:
Number of threads: 4
Report intermediate results every 3 second(s)
Initializing random number generator from current time


Initializing worker threads...

Threads started!

[ 3s ] thds: 4 tps: 52.98 qps: 2880.15 (r/w/o: 0.00/913.40/1966.75) lat (ms,95%): 116.80 err/s: 68.31 reconn/s: 0.00
[ 6s ] thds: 4 tps: 45.00 qps: 2770.91 (r/w/o: 0.00/1056.09/1714.82) lat (ms,95%): 137.35 err/s: 70.67 reconn/s: 0.00
[ 9s ] thds: 4 tps: 65.00 qps: 3754.08 (r/w/o: 0.00/1289.69/2464.39) lat (ms,95%): 102.97 err/s: 91.67 reconn/s: 0.00
[ 12s ] thds: 4 tps: 59.33 qps: 3399.63 (r/w/o: 0.00/1230.65/2168.98) lat (ms,95%): 114.72 err/s: 76.33 reconn/s: 0.00
[ 15s ] thds: 4 tps: 50.67 qps: 2987.00 (r/w/o: 0.00/1059.00/1928.00) lat (ms,95%): 137.35 err/s: 76.00 reconn/s: 0.00
[ 18s ] thds: 4 tps: 45.33 qps: 2777.42 (r/w/o: 0.00/1065.37/1712.05) lat (ms,95%): 164.45 err/s: 70.00 reconn/s: 0.00
[ 21s ] thds: 4 tps: 54.33 qps: 3116.90 (r/w/o: 0.00/1019.64/2097.27) lat (ms,95%): 127.81 err/s: 72.00 reconn/s: 0.00
[ 24s ] thds: 4 tps: 57.33 qps: 3445.63 (r/w/o: 0.00/1218.65/2226.97) lat (ms,95%): 123.28 err/s: 75.33 reconn/s: 0.00
[ 27s ] thds: 4 tps: 61.33 qps: 3545.39 (r/w/o: 0.00/1249.69/2295.71) lat (ms,95%): 108.68 err/s: 85.00 reconn/s: 0.00
[ 30s ] thds: 4 tps: 53.00 qps: 3096.38 (r/w/o: 0.00/1144.02/1952.36) lat (ms,95%): 121.08 err/s: 70.33 reconn/s: 0.00
[ 33s ] thds: 4 tps: 53.00 qps: 3028.90 (r/w/o: 0.00/1034.30/1994.60) lat (ms,95%): 121.08 err/s: 74.00 reconn/s: 0.00
[ 36s ] thds: 4 tps: 50.67 qps: 3010.68 (r/w/o: 0.00/1121.34/1889.34) lat (ms,95%): 118.92 err/s: 75.67 reconn/s: 0.00
[ 39s ] thds: 4 tps: 52.33 qps: 2982.67 (r/w/o: 0.00/987.33/1995.33) lat (ms,95%): 123.28 err/s: 69.67 reconn/s: 0.00
[ 42s ] thds: 4 tps: 51.67 qps: 2953.02 (r/w/o: 0.00/990.67/1962.34) lat (ms,95%): 130.13 err/s: 74.33 reconn/s: 0.00
[ 45s ] thds: 4 tps: 50.67 qps: 2992.37 (r/w/o: 0.00/1073.68/1918.69) lat (ms,95%): 139.85 err/s: 74.33 reconn/s: 0.00
[ 48s ] thds: 4 tps: 50.67 qps: 3087.60 (r/w/o: 0.00/1107.31/1980.29) lat (ms,95%): 123.28 err/s: 76.33 reconn/s: 0.00
[ 51s ] thds: 4 tps: 52.67 qps: 3167.35 (r/w/o: 0.00/1120.67/2046.68) lat (ms,95%): 127.81 err/s: 79.67 reconn/s: 0.00
[ 54s ] thds: 4 tps: 50.33 qps: 3023.61 (r/w/o: 0.00/1173.98/1849.63) lat (ms,95%): 130.13 err/s: 74.33 reconn/s: 0.00
[ 57s ] thds: 4 tps: 61.00 qps: 3431.69 (r/w/o: 0.00/1212.34/2219.35) lat (ms,95%): 118.92 err/s: 73.33 reconn/s: 0.00
[ 60s ] thds: 4 tps: 58.00 qps: 3264.66 (r/w/o: 0.00/1155.33/2109.33) lat (ms,95%): 123.28 err/s: 69.00 reconn/s: 0.00
SQL statistics:
    queries performed:
        read:                            0
        write:                           66737
        other:                           121592
        total:                           188329
    transactions:                        3230   (53.79 per sec.)
    queries:                             188329 (3136.19 per sec.)
    ignored errors:                      4494   (74.84 per sec.)
    reconnects:                          0      (0.00 per sec.)

General statistics:
    total time:                          60.0500s
    total number of events:              3230

Latency (ms):
         min:                                   25.03
         avg:                                   74.36
         max:                                  391.29
         95th percentile:                      127.81
         sum:                               240174.49

Threads fairness:
    events (avg/stddev):           807.5000/5.85
    execution time (avg/stddev):   60.0436/0.01

