sysbench 1.0.20 (using system LuaJIT 2.1.0-beta3)

Running the test with following options:
Number of threads: 1
Report intermediate results every 1 second(s)
Initializing random number generator from current time


Initializing worker threads...

Threads started!

[ 1s ] thds: 1 tps: 0.00 qps: 1407.71 (r/w/o: 0.00/1404.71/3.00) lat (ms,95%): 0.00 err/s: 0.00 reconn/s: 0.00
[ 2s ] thds: 1 tps: 0.00 qps: 1414.65 (r/w/o: 0.00/1414.65/0.00) lat (ms,95%): 0.00 err/s: 0.00 reconn/s: 0.00
[ 3s ] thds: 1 tps: 1.00 qps: 1354.95 (r/w/o: 0.00/1352.95/2.00) lat (ms,95%): 2828.87 err/s: 0.00 reconn/s: 0.00
[ 4s ] thds: 1 tps: 0.00 qps: 1420.04 (r/w/o: 0.00/1420.04/0.00) lat (ms,95%): 0.00 err/s: 0.00 reconn/s: 0.00
[ 5s ] thds: 1 tps: 0.00 qps: 1416.99 (r/w/o: 0.00/1416.99/0.00) lat (ms,95%): 0.00 err/s: 0.00 reconn/s: 0.00
[ 6s ] thds: 1 tps: 1.00 qps: 1346.03 (r/w/o: 0.00/1344.03/2.00) lat (ms,95%): 2880.27 err/s: 0.00 reconn/s: 0.00
[ 7s ] thds: 1 tps: 0.00 qps: 1423.02 (r/w/o: 0.00/1423.02/0.00) lat (ms,95%): 0.00 err/s: 0.00 reconn/s: 0.00
[ 8s ] thds: 1 tps: 0.00 qps: 1414.98 (r/w/o: 0.00/1414.98/0.00) lat (ms,95%): 0.00 err/s: 0.00 reconn/s: 0.00
SQL statistics:
    queries performed:
        read:                            0
        write:                           11999
        other:                           7
        total:                           12006
    transactions:                        3      (0.35 per sec.)
    queries:                             12006  (1400.28 per sec.)
    ignored errors:                      0      (0.00 per sec.)
    reconnects:                          0      (0.00 per sec.)

General statistics:
    total time:                          8.5736s
    total number of events:              3

Latency (ms):
         min:                                 2830.40
         avg:                                 2857.69
         max:                                 2872.40
         95th percentile:                     2880.27
         sum:                                 8573.06

Threads fairness:
    events (avg/stddev):           3.0000/0.00
    execution time (avg/stddev):   8.5731/0.00

