sysbench 1.0.20 (using system LuaJIT 2.1.0-beta3)

Running the test with following options:
Number of threads: 4
Report intermediate results every 2 second(s)
Initializing random number generator from current time


Initializing worker threads...

Threads started!

[ 2s ] thds: 4 tps: 3444.92 qps: 10336.76 (r/w/o: 10336.76/0.00/0.00) lat (ms,95%): 1.47 err/s: 0.00 reconn/s: 0.00
[ 4s ] thds: 4 tps: 3470.57 qps: 10411.72 (r/w/o: 10411.72/0.00/0.00) lat (ms,95%): 1.47 err/s: 0.00 reconn/s: 0.00
[ 6s ] thds: 4 tps: 3468.50 qps: 10405.50 (r/w/o: 10405.50/0.00/0.00) lat (ms,95%): 1.47 err/s: 0.00 reconn/s: 0.00
[ 8s ] thds: 4 tps: 3478.00 qps: 10435.01 (r/w/o: 10435.01/0.00/0.00) lat (ms,95%): 1.47 err/s: 0.00 reconn/s: 0.00
[ 10s ] thds: 4 tps: 3494.99 qps: 10485.47 (r/w/o: 10485.47/0.00/0.00) lat (ms,95%): 1.44 err/s: 0.00 reconn/s: 0.00
[ 12s ] thds: 4 tps: 3486.54 qps: 10458.12 (r/w/o: 10458.12/0.00/0.00) lat (ms,95%): 1.47 err/s: 0.00 reconn/s: 0.00
[ 14s ] thds: 4 tps: 3488.46 qps: 10464.38 (r/w/o: 10464.38/0.00/0.00) lat (ms,95%): 1.44 err/s: 0.00 reconn/s: 0.00
[ 16s ] thds: 4 tps: 3492.49 qps: 10477.47 (r/w/o: 10477.47/0.00/0.00) lat (ms,95%): 1.44 err/s: 0.00 reconn/s: 0.00
[ 18s ] thds: 4 tps: 3488.06 qps: 10465.67 (r/w/o: 10465.67/0.00/0.00) lat (ms,95%): 1.47 err/s: 0.00 reconn/s: 0.00
SQL statistics:
    queries performed:
        read:                            187893
        write:                           0
        other:                           0
        total:                           187893
    transactions:                        62631  (3479.13 per sec.)
    queries:                             187893 (10437.39 per sec.)
    ignored errors:                      0      (0.00 per sec.)
    reconnects:                          0      (0.00 per sec.)

General statistics:
    total time:                          18.0016s
    total number of events:              62631

Latency (ms):
         min:                                    0.69
         avg:                                    1.15
         max:                                   19.13
         95th percentile:                        1.47
         sum:                                71922.03

Threads fairness:
    events (avg/stddev):           15657.7500/85.68
    execution time (avg/stddev):   17.9805/0.00

