sysbench 1.0.20 (using system LuaJIT 2.1.0-beta3)

Running the test with following options:
Number of threads: 1
Report intermediate results every 1 second(s)
Initializing random number generator from current time


Initializing worker threads...

Threads started!

[ 1s ] thds: 1 tps: 0.00 qps: 1013.04 (r/w/o: 0.00/1010.04/3.00) lat (ms,95%): 0.00 err/s: 0.00 reconn/s: 0.00
[ 2s ] thds: 1 tps: 0.00 qps: 1085.48 (r/w/o: 0.00/1085.48/0.00) lat (ms,95%): 0.00 err/s: 0.00 reconn/s: 0.00
[ 3s ] thds: 1 tps: 0.00 qps: 1129.03 (r/w/o: 0.00/1129.03/0.00) lat (ms,95%): 0.00 err/s: 0.00 reconn/s: 0.00
[ 4s ] thds: 1 tps: 0.00 qps: 1154.98 (r/w/o: 0.00/1154.98/0.00) lat (ms,95%): 0.00 err/s: 0.00 reconn/s: 0.00
[ 5s ] thds: 1 tps: 1.00 qps: 1048.94 (r/w/o: 0.00/1046.94/2.00) lat (ms,95%): 4599.99 err/s: 0.00 reconn/s: 0.00
[ 6s ] thds: 1 tps: 0.00 qps: 1155.11 (r/w/o: 0.00/1155.11/0.00) lat (ms,95%): 0.00 err/s: 0.00 reconn/s: 0.00
[ 7s ] thds: 1 tps: 0.00 qps: 1089.96 (r/w/o: 0.00/1089.96/0.00) lat (ms,95%): 0.00 err/s: 0.00 reconn/s: 0.00
[ 8s ] thds: 1 tps: 0.00 qps: 1107.00 (r/w/o: 0.00/1107.00/0.00) lat (ms,95%): 0.00 err/s: 0.00 reconn/s: 0.00
[ 9s ] thds: 1 tps: 0.00 qps: 1030.95 (r/w/o: 0.00/1030.95/0.00) lat (ms,95%): 0.00 err/s: 0.00 reconn/s: 0.00
SQL statistics:
    queries performed:
        read:                            0
        write:                           10001
        other:                           5
        total:                           10006
    transactions:                        2      (0.22 per sec.)
    queries:                             10006  (1092.84 per sec.)
    ignored errors:                      0      (0.00 per sec.)
    reconnects:                          0      (0.00 per sec.)

General statistics:
    total time:                          9.1556s
    total number of events:              2

Latency (ms):
         min:                                 4577.43
         avg:                                 4577.51
         max:                                 4577.59
         95th percentile:                     4599.99
         sum:                                 9155.02

Threads fairness:
    events (avg/stddev):           2.0000/0.00
    execution time (avg/stddev):   9.1550/0.00

