sysbench 1.0.20 (using system LuaJIT 2.1.0-beta3)

Running the test with following options:
Number of threads: 1
Report intermediate results every 1 second(s)
Initializing random number generator from current time


Initializing worker threads...

Threads started!

[ 1s ] thds: 1 tps: 688.57 qps: 688.57 (r/w/o: 688.57/0.00/0.00) lat (ms,95%): 1.47 err/s: 0.00 reconn/s: 0.00
[ 2s ] thds: 1 tps: 691.08 qps: 691.08 (r/w/o: 691.08/0.00/0.00) lat (ms,95%): 1.47 err/s: 0.00 reconn/s: 0.00
[ 3s ] thds: 1 tps: 696.00 qps: 696.00 (r/w/o: 696.00/0.00/0.00) lat (ms,95%): 1.47 err/s: 0.00 reconn/s: 0.00
[ 4s ] thds: 1 tps: 694.04 qps: 694.04 (r/w/o: 694.04/0.00/0.00) lat (ms,95%): 1.50 err/s: 0.00 reconn/s: 0.00
[ 5s ] thds: 1 tps: 691.03 qps: 691.03 (r/w/o: 691.03/0.00/0.00) lat (ms,95%): 1.50 err/s: 0.00 reconn/s: 0.00
[ 6s ] thds: 1 tps: 692.93 qps: 692.93 (r/w/o: 692.93/0.00/0.00) lat (ms,95%): 1.50 err/s: 0.00 reconn/s: 0.00
[ 7s ] thds: 1 tps: 692.05 qps: 692.05 (r/w/o: 692.05/0.00/0.00) lat (ms,95%): 1.47 err/s: 0.00 reconn/s: 0.00
[ 8s ] thds: 1 tps: 690.02 qps: 690.02 (r/w/o: 690.02/0.00/0.00) lat (ms,95%): 1.50 err/s: 0.00 reconn/s: 0.00
SQL statistics:
    queries performed:
        read:                            5537
        write:                           0
        other:                           0
        total:                           5537
    transactions:                        5537   (692.00 per sec.)
    queries:                             5537   (692.00 per sec.)
    ignored errors:                      0      (0.00 per sec.)
    reconnects:                          0      (0.00 per sec.)

General statistics:
    total time:                          8.0011s
    total number of events:              5537

Latency (ms):
         min:                                    1.39
         avg:                                    1.44
         max:                                    9.08
         95th percentile:                        1.50
         sum:                                 7994.55

Threads fairness:
    events (avg/stddev):           5537.0000/0.00
    execution time (avg/stddev):   7.9945/0.00

