sysbench 1.0.20 (using system LuaJIT 2.1.0-beta3)

Running the test with following options:
Number of threads: 1
Report intermediate results every 1 second(s)
Initializing random number generator from current time


Initializing worker threads...

Threads started!

[ 1s ] thds: 1 tps: 302.80 qps: 302.80 (r/w/o: 302.80/0.00/0.00) lat (ms,95%): 3.30 err/s: 0.00 reconn/s: 0.00
[ 2s ] thds: 1 tps: 305.06 qps: 305.06 (r/w/o: 305.06/0.00/0.00) lat (ms,95%): 3.30 err/s: 0.00 reconn/s: 0.00
[ 3s ] thds: 1 tps: 308.01 qps: 308.01 (r/w/o: 308.01/0.00/0.00) lat (ms,95%): 3.30 err/s: 0.00 reconn/s: 0.00
[ 4s ] thds: 1 tps: 307.00 qps: 307.00 (r/w/o: 307.00/0.00/0.00) lat (ms,95%): 3.30 err/s: 0.00 reconn/s: 0.00
[ 5s ] thds: 1 tps: 308.97 qps: 308.97 (r/w/o: 308.97/0.00/0.00) lat (ms,95%): 3.25 err/s: 0.00 reconn/s: 0.00
[ 6s ] thds: 1 tps: 307.01 qps: 307.01 (r/w/o: 307.01/0.00/0.00) lat (ms,95%): 3.30 err/s: 0.00 reconn/s: 0.00
[ 7s ] thds: 1 tps: 308.02 qps: 308.02 (r/w/o: 308.02/0.00/0.00) lat (ms,95%): 3.30 err/s: 0.00 reconn/s: 0.00
[ 8s ] thds: 1 tps: 308.98 qps: 308.98 (r/w/o: 308.98/0.00/0.00) lat (ms,95%): 3.30 err/s: 0.00 reconn/s: 0.00
SQL statistics:
    queries performed:
        read:                            2457
        write:                           0
        other:                           0
        total:                           2457
    transactions:                        2457   (307.07 per sec.)
    queries:                             2457   (307.07 per sec.)
    ignored errors:                      0      (0.00 per sec.)
    reconnects:                          0      (0.00 per sec.)

General statistics:
    total time:                          8.0009s
    total number of events:              2457

Latency (ms):
         min:                                    3.18
         avg:                                    3.25
         max:                                   11.32
         95th percentile:                        3.30
         sum:                                 7997.41

Threads fairness:
    events (avg/stddev):           2457.0000/0.00
    execution time (avg/stddev):   7.9974/0.00

