sysbench 1.0.20 (using system LuaJIT 2.1.0-beta3)

Running the test with following options:
Number of threads: 4
Report intermediate results every 2 second(s)
Initializing random number generator from current time


Initializing worker threads...

Threads started!

[ 2s ] thds: 4 tps: 4.00 qps: 4779.74 (r/w/o: 0.00/1191.44/3588.30) lat (ms,95%): 846.57 err/s: 0.00 reconn/s: 0.00
[ 4s ] thds: 4 tps: 6.00 qps: 5405.24 (r/w/o: 0.00/1348.31/4056.93) lat (ms,95%): 831.46 err/s: 0.00 reconn/s: 0.00
[ 6s ] thds: 4 tps: 4.00 qps: 5523.97 (r/w/o: 0.00/1378.99/4144.97) lat (ms,95%): 733.00 err/s: 0.00 reconn/s: 0.00
[ 8s ] thds: 4 tps: 6.00 qps: 5086.31 (r/w/o: 0.00/1268.95/3817.36) lat (ms,95%): 816.63 err/s: 0.00 reconn/s: 0.00
[ 10s ] thds: 4 tps: 4.00 qps: 5091.71 (r/w/o: 0.00/1270.55/3821.15) lat (ms,95%): 816.63 err/s: 0.00 reconn/s: 0.00
[ 12s ] thds: 4 tps: 6.00 qps: 5219.80 (r/w/o: 0.00/1301.95/3917.85) lat (ms,95%): 787.74 err/s: 0.00 reconn/s: 0.00
[ 14s ] thds: 4 tps: 6.00 qps: 5390.08 (r/w/o: 0.00/1344.52/4045.56) lat (ms,95%): 746.32 err/s: 0.00 reconn/s: 0.00
[ 16s ] thds: 4 tps: 4.00 qps: 4908.10 (r/w/o: 0.00/1225.02/3683.07) lat (ms,95%): 816.63 err/s: 0.00 reconn/s: 0.00
[ 18s ] thds: 4 tps: 6.00 qps: 5043.93 (r/w/o: 0.00/1257.98/3785.95) lat (ms,95%): 816.63 err/s: 0.00 reconn/s: 0.00
SQL statistics:
    queries performed:
        read:                            0
        write:                           24023
        other:                           72265
        total:                           96288
    transactions:                        96     (5.15 per sec.)
    queries:                             96288  (5160.81 per sec.)
    ignored errors:                      0      (0.00 per sec.)
    reconnects:                          0      (0.00 per sec.)

General statistics:
    total time:                          18.6572s
    total number of events:              96

Latency (ms):
         min:                                  704.47
         avg:                                  777.34
         max:                                  844.29
         95th percentile:                      831.46
         sum:                                74624.21

Threads fairness:
    events (avg/stddev):           24.0000/0.00
    execution time (avg/stddev):   18.6561/0.00

