sysbench 1.0.20 (using system LuaJIT 2.1.0-beta3)

Running the test with following options:
Number of threads: 1
Report intermediate results every 1 second(s)
Initializing random number generator from current time


Initializing worker threads...

Threads started!

[ 1s ] thds: 1 tps: 1.00 qps: 1449.74 (r/w/o: 0.00/1444.74/5.00) lat (ms,95%): 559.50 err/s: 0.00 reconn/s: 0.00
[ 2s ] thds: 1 tps: 2.00 qps: 1458.56 (r/w/o: 0.00/1454.56/4.00) lat (ms,95%): 559.50 err/s: 0.00 reconn/s: 0.00
[ 3s ] thds: 1 tps: 2.00 qps: 1413.01 (r/w/o: 0.00/1409.01/4.00) lat (ms,95%): 580.02 err/s: 0.00 reconn/s: 0.00
[ 4s ] thds: 1 tps: 2.00 qps: 1536.97 (r/w/o: 0.00/1532.97/4.00) lat (ms,95%): 539.71 err/s: 0.00 reconn/s: 0.00
[ 5s ] thds: 1 tps: 2.00 qps: 1524.93 (r/w/o: 0.00/1520.93/4.00) lat (ms,95%): 511.33 err/s: 0.00 reconn/s: 0.00
[ 6s ] thds: 1 tps: 1.00 qps: 1445.06 (r/w/o: 0.00/1443.06/2.00) lat (ms,95%): 539.71 err/s: 0.00 reconn/s: 0.00
[ 7s ] thds: 1 tps: 2.00 qps: 1284.05 (r/w/o: 0.00/1280.05/4.00) lat (ms,95%): 669.89 err/s: 0.00 reconn/s: 0.00
[ 8s ] thds: 1 tps: 2.00 qps: 1477.00 (r/w/o: 0.00/1473.00/4.00) lat (ms,95%): 559.50 err/s: 0.00 reconn/s: 0.00
SQL statistics:
    queries performed:
        read:                            0
        write:                           12014
        other:                           31
        total:                           12045
    transactions:                        15     (1.81 per sec.)
    queries:                             12045  (1450.61 per sec.)
    ignored errors:                      0      (0.00 per sec.)
    reconnects:                          0      (0.00 per sec.)

General statistics:
    total time:                          8.3030s
    total number of events:              15

Latency (ms):
         min:                                  509.63
         avg:                                  553.49
         max:                                  668.82
         95th percentile:                      580.02
         sum:                                 8302.39

Threads fairness:
    events (avg/stddev):           15.0000/0.00
    execution time (avg/stddev):   8.3024/0.00

