sysbench 1.0.20 (using system LuaJIT 2.1.0-beta3)

Running the test with following options:
Number of threads: 1
Report intermediate results every 1 second(s)
Initializing random number generator from current time


Initializing worker threads...

Threads started!

[ 1s ] thds: 1 tps: 1495.89 qps: 4488.66 (r/w/o: 4488.66/0.00/0.00) lat (ms,95%): 0.73 err/s: 0.00 reconn/s: 0.00
[ 2s ] thds: 1 tps: 1464.37 qps: 4393.11 (r/w/o: 4393.11/0.00/0.00) lat (ms,95%): 0.75 err/s: 0.00 reconn/s: 0.00
[ 3s ] thds: 1 tps: 1501.97 qps: 4505.90 (r/w/o: 4505.90/0.00/0.00) lat (ms,95%): 0.74 err/s: 0.00 reconn/s: 0.00
[ 4s ] thds: 1 tps: 1504.06 qps: 4512.17 (r/w/o: 4512.17/0.00/0.00) lat (ms,95%): 0.74 err/s: 0.00 reconn/s: 0.00
[ 5s ] thds: 1 tps: 1495.00 qps: 4484.00 (r/w/o: 4484.00/0.00/0.00) lat (ms,95%): 0.72 err/s: 0.00 reconn/s: 0.00
[ 6s ] thds: 1 tps: 1479.98 qps: 4441.95 (r/w/o: 4441.95/0.00/0.00) lat (ms,95%): 0.75 err/s: 0.00 reconn/s: 0.00
[ 7s ] thds: 1 tps: 1472.95 qps: 4417.84 (r/w/o: 4417.84/0.00/0.00) lat (ms,95%): 0.75 err/s: 0.00 reconn/s: 0.00
SQL statistics:
    queries performed:
        read:                            35739
        write:                           0
        other:                           0
        total:                           35739
    transactions:                        11913  (1488.92 per sec.)
    queries:                             35739  (4466.77 per sec.)
    ignored errors:                      0      (0.00 per sec.)
    reconnects:                          0      (0.00 per sec.)

General statistics:
    total time:                          8.0007s
    total number of events:              11913

Latency (ms):
         min:                                    0.61
         avg:                                    0.67
         max:                                    8.11
         95th percentile:                        0.74
         sum:                                 7988.81

Threads fairness:
    events (avg/stddev):           11913.0000/0.00
    execution time (avg/stddev):   7.9888/0.00

