sysbench 1.0.20 (using system LuaJIT 2.1.0-beta3)

Running the test with following options:
Number of threads: 1
Report intermediate results every 1 second(s)
Initializing random number generator from current time


Initializing worker threads...

Threads started!

[ 1s ] thds: 1 tps: 3641.32 qps: 3641.32 (r/w/o: 3641.32/0.00/0.00) lat (ms,95%): 0.30 err/s: 0.00 reconn/s: 0.00
[ 2s ] thds: 1 tps: 3660.61 qps: 3660.61 (r/w/o: 3660.61/0.00/0.00) lat (ms,95%): 0.31 err/s: 0.00 reconn/s: 0.00
[ 3s ] thds: 1 tps: 3635.09 qps: 3635.09 (r/w/o: 3635.09/0.00/0.00) lat (ms,95%): 0.31 err/s: 0.00 reconn/s: 0.00
[ 4s ] thds: 1 tps: 3716.13 qps: 3716.13 (r/w/o: 3716.13/0.00/0.00) lat (ms,95%): 0.30 err/s: 0.00 reconn/s: 0.00
[ 5s ] thds: 1 tps: 3572.03 qps: 3572.03 (r/w/o: 3572.03/0.00/0.00) lat (ms,95%): 0.31 err/s: 0.00 reconn/s: 0.00
[ 6s ] thds: 1 tps: 3711.69 qps: 3711.69 (r/w/o: 3711.69/0.00/0.00) lat (ms,95%): 0.30 err/s: 0.00 reconn/s: 0.00
[ 7s ] thds: 1 tps: 3709.36 qps: 3709.36 (r/w/o: 3709.36/0.00/0.00) lat (ms,95%): 0.30 err/s: 0.00 reconn/s: 0.00
SQL statistics:
    queries performed:
        read:                            29316
        write:                           0
        other:                           0
        total:                           29316
    transactions:                        29316  (3663.99 per sec.)
    queries:                             29316  (3663.99 per sec.)
    ignored errors:                      0      (0.00 per sec.)
    reconnects:                          0      (0.00 per sec.)

General statistics:
    total time:                          8.0007s
    total number of events:              29316

Latency (ms):
         min:                                    0.24
         avg:                                    0.27
         max:                                    7.82
         95th percentile:                        0.30
         sum:                                 7973.73

Threads fairness:
    events (avg/stddev):           29316.0000/0.00
    execution time (avg/stddev):   7.9737/0.00

