sysbench 1.0.20 (using system LuaJIT 2.1.0-beta3)

Running the test with following options:
Number of threads: 1
Report intermediate results every 1 second(s)
Initializing random number generator from current time


Initializing worker threads...

Threads started!

[ 1s ] thds: 1 tps: 254.78 qps: 254.78 (r/w/o: 254.78/0.00/0.00) lat (ms,95%): 4.25 err/s: 0.00 reconn/s: 0.00
[ 2s ] thds: 1 tps: 263.09 qps: 263.09 (r/w/o: 263.09/0.00/0.00) lat (ms,95%): 4.18 err/s: 0.00 reconn/s: 0.00
[ 3s ] thds: 1 tps: 255.00 qps: 255.00 (r/w/o: 255.00/0.00/0.00) lat (ms,95%): 4.65 err/s: 0.00 reconn/s: 0.00
[ 4s ] thds: 1 tps: 264.00 qps: 264.00 (r/w/o: 264.00/0.00/0.00) lat (ms,95%): 4.18 err/s: 0.00 reconn/s: 0.00
[ 5s ] thds: 1 tps: 261.00 qps: 261.00 (r/w/o: 261.00/0.00/0.00) lat (ms,95%): 4.18 err/s: 0.00 reconn/s: 0.00
[ 6s ] thds: 1 tps: 263.00 qps: 263.00 (r/w/o: 263.00/0.00/0.00) lat (ms,95%): 4.18 err/s: 0.00 reconn/s: 0.00
[ 7s ] thds: 1 tps: 251.00 qps: 251.00 (r/w/o: 251.00/0.00/0.00) lat (ms,95%): 4.74 err/s: 0.00 reconn/s: 0.00
[ 8s ] thds: 1 tps: 259.99 qps: 259.99 (r/w/o: 259.99/0.00/0.00) lat (ms,95%): 4.18 err/s: 0.00 reconn/s: 0.00
SQL statistics:
    queries performed:
        read:                            2073
        write:                           0
        other:                           0
        total:                           2073
    transactions:                        2073   (259.00 per sec.)
    queries:                             2073   (259.00 per sec.)
    ignored errors:                      0      (0.00 per sec.)
    reconnects:                          0      (0.00 per sec.)

General statistics:
    total time:                          8.0036s
    total number of events:              2073

Latency (ms):
         min:                                    3.23
         avg:                                    3.86
         max:                                   11.54
         95th percentile:                        4.25
         sum:                                 8000.30

Threads fairness:
    events (avg/stddev):           2073.0000/0.00
    execution time (avg/stddev):   8.0003/0.00

