sysbench 1.0.20 (using system LuaJIT 2.1.0-beta3)

Running the test with following options:
Number of threads: 1
Report intermediate results every 1 second(s)
Initializing random number generator from current time


Initializing worker threads...

Threads started!

[ 1s ] thds: 1 tps: 5039.65 qps: 5039.65 (r/w/o: 5039.65/0.00/0.00) lat (ms,95%): 0.22 err/s: 0.00 reconn/s: 0.00
[ 2s ] thds: 1 tps: 5005.67 qps: 5005.67 (r/w/o: 5005.67/0.00/0.00) lat (ms,95%): 0.22 err/s: 0.00 reconn/s: 0.00
[ 3s ] thds: 1 tps: 5111.52 qps: 5111.52 (r/w/o: 5111.52/0.00/0.00) lat (ms,95%): 0.22 err/s: 0.00 reconn/s: 0.00
[ 4s ] thds: 1 tps: 4975.94 qps: 4975.94 (r/w/o: 4975.94/0.00/0.00) lat (ms,95%): 0.23 err/s: 0.00 reconn/s: 0.00
[ 5s ] thds: 1 tps: 5098.08 qps: 5098.08 (r/w/o: 5098.08/0.00/0.00) lat (ms,95%): 0.22 err/s: 0.00 reconn/s: 0.00
[ 6s ] thds: 1 tps: 5011.85 qps: 5011.85 (r/w/o: 5011.85/0.00/0.00) lat (ms,95%): 0.22 err/s: 0.00 reconn/s: 0.00
[ 7s ] thds: 1 tps: 5007.63 qps: 5007.63 (r/w/o: 5007.63/0.00/0.00) lat (ms,95%): 0.22 err/s: 0.00 reconn/s: 0.00
SQL statistics:
    queries performed:
        read:                            40298
        write:                           0
        other:                           0
        total:                           40298
    transactions:                        40298  (5036.58 per sec.)
    queries:                             40298  (5036.58 per sec.)
    ignored errors:                      0      (0.00 per sec.)
    reconnects:                          0      (0.00 per sec.)

General statistics:
    total time:                          8.0007s
    total number of events:              40298

Latency (ms):
         min:                                    0.17
         avg:                                    0.20
         max:                                    7.60
         95th percentile:                        0.22
         sum:                                 7965.58

Threads fairness:
    events (avg/stddev):           40298.0000/0.00
    execution time (avg/stddev):   7.9656/0.00

