sysbench 1.0.20 (using system LuaJIT 2.1.0-beta3)

Running the test with following options:
Number of threads: 1
Report intermediate results every 1 second(s)
Initializing random number generator from current time


Initializing worker threads...

Threads started!

[ 1s ] thds: 1 tps: 189.82 qps: 189.82 (r/w/o: 189.82/0.00/0.00) lat (ms,95%): 5.28 err/s: 0.00 reconn/s: 0.00
[ 2s ] thds: 1 tps: 191.08 qps: 191.08 (r/w/o: 191.08/0.00/0.00) lat (ms,95%): 5.57 err/s: 0.00 reconn/s: 0.00
[ 3s ] thds: 1 tps: 191.00 qps: 191.00 (r/w/o: 191.00/0.00/0.00) lat (ms,95%): 5.37 err/s: 0.00 reconn/s: 0.00
[ 4s ] thds: 1 tps: 192.02 qps: 192.02 (r/w/o: 192.02/0.00/0.00) lat (ms,95%): 5.28 err/s: 0.00 reconn/s: 0.00
[ 5s ] thds: 1 tps: 192.99 qps: 192.99 (r/w/o: 192.99/0.00/0.00) lat (ms,95%): 5.28 err/s: 0.00 reconn/s: 0.00
[ 6s ] thds: 1 tps: 191.00 qps: 191.00 (r/w/o: 191.00/0.00/0.00) lat (ms,95%): 5.28 err/s: 0.00 reconn/s: 0.00
[ 7s ] thds: 1 tps: 192.01 qps: 192.01 (r/w/o: 192.01/0.00/0.00) lat (ms,95%): 5.28 err/s: 0.00 reconn/s: 0.00
[ 8s ] thds: 1 tps: 191.01 qps: 191.01 (r/w/o: 191.01/0.00/0.00) lat (ms,95%): 5.28 err/s: 0.00 reconn/s: 0.00
SQL statistics:
    queries performed:
        read:                            1532
        write:                           0
        other:                           0
        total:                           1532
    transactions:                        1532   (191.38 per sec.)
    queries:                             1532   (191.38 per sec.)
    ignored errors:                      0      (0.00 per sec.)
    reconnects:                          0      (0.00 per sec.)

General statistics:
    total time:                          8.0046s
    total number of events:              1532

Latency (ms):
         min:                                    5.13
         avg:                                    5.22
         max:                                   13.27
         95th percentile:                        5.28
         sum:                                 8002.08

Threads fairness:
    events (avg/stddev):           1532.0000/0.00
    execution time (avg/stddev):   8.0021/0.00

