sysbench 1.0.20 (using system LuaJIT 2.1.0-beta3)

Running the test with following options:
Number of threads: 4
Report intermediate results every 2 second(s)
Initializing random number generator from current time


Initializing worker threads...

Threads started!

[ 2s ] thds: 4 tps: 11628.62 qps: 11628.62 (r/w/o: 11628.62/0.00/0.00) lat (ms,95%): 0.49 err/s: 0.00 reconn/s: 0.00
[ 4s ] thds: 4 tps: 11671.86 qps: 11671.86 (r/w/o: 11671.86/0.00/0.00) lat (ms,95%): 0.49 err/s: 0.00 reconn/s: 0.00
[ 6s ] thds: 4 tps: 11777.20 qps: 11777.20 (r/w/o: 11777.20/0.00/0.00) lat (ms,95%): 0.48 err/s: 0.00 reconn/s: 0.00
[ 8s ] thds: 4 tps: 12038.75 qps: 12038.75 (r/w/o: 12038.75/0.00/0.00) lat (ms,95%): 0.47 err/s: 0.00 reconn/s: 0.00
[ 10s ] thds: 4 tps: 11866.06 qps: 11866.06 (r/w/o: 11866.06/0.00/0.00) lat (ms,95%): 0.48 err/s: 0.00 reconn/s: 0.00
[ 12s ] thds: 4 tps: 11869.44 qps: 11869.44 (r/w/o: 11869.44/0.00/0.00) lat (ms,95%): 0.47 err/s: 0.00 reconn/s: 0.00
[ 14s ] thds: 4 tps: 11796.46 qps: 11796.46 (r/w/o: 11796.46/0.00/0.00) lat (ms,95%): 0.48 err/s: 0.00 reconn/s: 0.00
[ 16s ] thds: 4 tps: 11805.61 qps: 11805.61 (r/w/o: 11805.61/0.00/0.00) lat (ms,95%): 0.48 err/s: 0.00 reconn/s: 0.00
[ 18s ] thds: 4 tps: 11853.41 qps: 11853.41 (r/w/o: 11853.41/0.00/0.00) lat (ms,95%): 0.48 err/s: 0.00 reconn/s: 0.00
SQL statistics:
    queries performed:
        read:                            212625
        write:                           0
        other:                           0
        total:                           212625
    transactions:                        212625 (11811.66 per sec.)
    queries:                             212625 (11811.66 per sec.)
    ignored errors:                      0      (0.00 per sec.)
    reconnects:                          0      (0.00 per sec.)

General statistics:
    total time:                          18.0009s
    total number of events:              212625

Latency (ms):
         min:                                    0.19
         avg:                                    0.34
         max:                                   17.77
         95th percentile:                        0.48
         sum:                                71765.32

Threads fairness:
    events (avg/stddev):           53156.2500/301.98
    execution time (avg/stddev):   17.9413/0.00

