sysbench 1.0.20 (using system LuaJIT 2.1.0-beta3)

Running the test with following options:
Number of threads: 1
Report intermediate results every 1 second(s)
Initializing random number generator from current time


Initializing worker threads...

Threads started!

[ 1s ] thds: 1 tps: 0.00 qps: 1251.67 (r/w/o: 0.00/1248.67/3.00) lat (ms,95%): 0.00 err/s: 0.00 reconn/s: 0.00
[ 2s ] thds: 1 tps: 0.00 qps: 1299.64 (r/w/o: 0.00/1299.64/0.00) lat (ms,95%): 0.00 err/s: 0.00 reconn/s: 0.00
[ 3s ] thds: 1 tps: 0.00 qps: 1302.14 (r/w/o: 0.00/1302.14/0.00) lat (ms,95%): 0.00 err/s: 0.00 reconn/s: 0.00
[ 4s ] thds: 1 tps: 1.00 qps: 1240.95 (r/w/o: 0.00/1238.95/2.00) lat (ms,95%): 3095.38 err/s: 0.00 reconn/s: 0.00
[ 5s ] thds: 1 tps: 0.00 qps: 1285.01 (r/w/o: 0.00/1285.01/0.00) lat (ms,95%): 0.00 err/s: 0.00 reconn/s: 0.00
[ 6s ] thds: 1 tps: 0.00 qps: 1294.00 (r/w/o: 0.00/1294.00/0.00) lat (ms,95%): 0.00 err/s: 0.00 reconn/s: 0.00
[ 7s ] thds: 1 tps: 1.00 qps: 1220.99 (r/w/o: 0.00/1218.99/2.00) lat (ms,95%): 3151.62 err/s: 0.00 reconn/s: 0.00
[ 8s ] thds: 1 tps: 0.00 qps: 1299.91 (r/w/o: 0.00/1299.91/0.00) lat (ms,95%): 0.00 err/s: 0.00 reconn/s: 0.00
[ 9s ] thds: 1 tps: 0.00 qps: 1297.02 (r/w/o: 0.00/1297.02/0.00) lat (ms,95%): 0.00 err/s: 0.00 reconn/s: 0.00
SQL statistics:
    queries performed:
        read:                            0
        write:                           12002
        other:                           7
        total:                           12009
    transactions:                        3      (0.32 per sec.)
    queries:                             12009  (1277.37 per sec.)
    ignored errors:                      0      (0.00 per sec.)
    reconnects:                          0      (0.00 per sec.)

General statistics:
    total time:                          9.4010s
    total number of events:              3

Latency (ms):
         min:                                 3114.94
         avg:                                 3133.46
         max:                                 3143.41
         95th percentile:                     3151.62
         sum:                                 9400.39

Threads fairness:
    events (avg/stddev):           3.0000/0.00
    execution time (avg/stddev):   9.4004/0.00

