sysbench 1.0.20 (using system LuaJIT 2.1.0-beta3)

Running the test with following options:
Number of threads: 1
Report intermediate results every 1 second(s)
Initializing random number generator from current time


Initializing worker threads...

Threads started!

[ 1s ] thds: 1 tps: 165.87 qps: 497.62 (r/w/o: 497.62/0.00/0.00) lat (ms,95%): 6.09 err/s: 0.00 reconn/s: 0.00
[ 2s ] thds: 1 tps: 167.04 qps: 501.12 (r/w/o: 501.12/0.00/0.00) lat (ms,95%): 6.09 err/s: 0.00 reconn/s: 0.00
[ 3s ] thds: 1 tps: 168.00 qps: 504.01 (r/w/o: 504.01/0.00/0.00) lat (ms,95%): 6.09 err/s: 0.00 reconn/s: 0.00
[ 4s ] thds: 1 tps: 167.01 qps: 503.03 (r/w/o: 503.03/0.00/0.00) lat (ms,95%): 6.09 err/s: 0.00 reconn/s: 0.00
[ 5s ] thds: 1 tps: 168.98 qps: 504.95 (r/w/o: 504.95/0.00/0.00) lat (ms,95%): 5.99 err/s: 0.00 reconn/s: 0.00
[ 6s ] thds: 1 tps: 164.99 qps: 496.98 (r/w/o: 496.98/0.00/0.00) lat (ms,95%): 6.09 err/s: 0.00 reconn/s: 0.00
[ 7s ] thds: 1 tps: 168.02 qps: 502.07 (r/w/o: 502.07/0.00/0.00) lat (ms,95%): 6.09 err/s: 0.00 reconn/s: 0.00
[ 8s ] thds: 1 tps: 165.98 qps: 499.94 (r/w/o: 499.94/0.00/0.00) lat (ms,95%): 6.21 err/s: 0.00 reconn/s: 0.00
SQL statistics:
    queries performed:
        read:                            4011
        write:                           0
        other:                           0
        total:                           4011
    transactions:                        1337   (167.07 per sec.)
    queries:                             4011   (501.22 per sec.)
    ignored errors:                      0      (0.00 per sec.)
    reconnects:                          0      (0.00 per sec.)

General statistics:
    total time:                          8.0021s
    total number of events:              1337

Latency (ms):
         min:                                    5.82
         avg:                                    5.98
         max:                                   13.82
         95th percentile:                        6.09
         sum:                                 7999.57

Threads fairness:
    events (avg/stddev):           1337.0000/0.00
    execution time (avg/stddev):   7.9996/0.00

