sysbench 1.0.20 (using system LuaJIT 2.1.0-beta3)

Running the test with following options:
Number of threads: 1
Report intermediate results every 1 second(s)
Initializing random number generator from current time


Initializing worker threads...

Threads started!

[ 1s ] thds: 1 tps: 1466.93 qps: 4400.78 (r/w/o: 4400.78/0.00/0.00) lat (ms,95%): 0.74 err/s: 0.00 reconn/s: 0.00
[ 2s ] thds: 1 tps: 1509.25 qps: 4527.74 (r/w/o: 4527.74/0.00/0.00) lat (ms,95%): 0.74 err/s: 0.00 reconn/s: 0.00
[ 3s ] thds: 1 tps: 1494.14 qps: 4484.43 (r/w/o: 4484.43/0.00/0.00) lat (ms,95%): 0.75 err/s: 0.00 reconn/s: 0.00
[ 4s ] thds: 1 tps: 1482.87 qps: 4447.61 (r/w/o: 4447.61/0.00/0.00) lat (ms,95%): 0.75 err/s: 0.00 reconn/s: 0.00
[ 5s ] thds: 1 tps: 1445.03 qps: 4336.10 (r/w/o: 4336.10/0.00/0.00) lat (ms,95%): 0.80 err/s: 0.00 reconn/s: 0.00
[ 6s ] thds: 1 tps: 1481.11 qps: 4442.32 (r/w/o: 4442.32/0.00/0.00) lat (ms,95%): 0.77 err/s: 0.00 reconn/s: 0.00
[ 7s ] thds: 1 tps: 1511.00 qps: 4532.99 (r/w/o: 4532.99/0.00/0.00) lat (ms,95%): 0.70 err/s: 0.00 reconn/s: 0.00
[ 8s ] thds: 1 tps: 1467.91 qps: 4403.74 (r/w/o: 4403.74/0.00/0.00) lat (ms,95%): 0.75 err/s: 0.00 reconn/s: 0.00
SQL statistics:
    queries performed:
        read:                            35580
        write:                           0
        other:                           0
        total:                           35580
    transactions:                        11860  (1482.27 per sec.)
    queries:                             35580  (4446.82 per sec.)
    ignored errors:                      0      (0.00 per sec.)
    reconnects:                          0      (0.00 per sec.)

General statistics:
    total time:                          8.0009s
    total number of events:              11860

Latency (ms):
         min:                                    0.60
         avg:                                    0.67
         max:                                    8.42
         95th percentile:                        0.75
         sum:                                 7987.77

Threads fairness:
    events (avg/stddev):           11860.0000/0.00
    execution time (avg/stddev):   7.9878/0.00

