sysbench 1.0.20 (using system LuaJIT 2.1.0-beta3)

Running the test with following options:
Number of threads: 4
Report intermediate results every 2 second(s)
Initializing random number generator from current time


Initializing worker threads...

Threads started!

[ 2s ] thds: 4 tps: 467.85 qps: 468.35 (r/w/o: 468.35/0.00/0.00) lat (ms,95%): 11.65 err/s: 0.00 reconn/s: 0.00
[ 4s ] thds: 4 tps: 470.46 qps: 469.96 (r/w/o: 469.96/0.00/0.00) lat (ms,95%): 11.45 err/s: 0.00 reconn/s: 0.00
[ 6s ] thds: 4 tps: 468.56 qps: 468.56 (r/w/o: 468.56/0.00/0.00) lat (ms,95%): 12.08 err/s: 0.00 reconn/s: 0.00
[ 8s ] thds: 4 tps: 469.00 qps: 469.00 (r/w/o: 469.00/0.00/0.00) lat (ms,95%): 12.08 err/s: 0.00 reconn/s: 0.00
[ 10s ] thds: 4 tps: 468.50 qps: 468.50 (r/w/o: 468.50/0.00/0.00) lat (ms,95%): 11.87 err/s: 0.00 reconn/s: 0.00
[ 12s ] thds: 4 tps: 470.50 qps: 470.50 (r/w/o: 470.50/0.00/0.00) lat (ms,95%): 11.24 err/s: 0.00 reconn/s: 0.00
[ 14s ] thds: 4 tps: 470.45 qps: 470.45 (r/w/o: 470.45/0.00/0.00) lat (ms,95%): 12.30 err/s: 0.00 reconn/s: 0.00
[ 16s ] thds: 4 tps: 470.55 qps: 470.55 (r/w/o: 470.55/0.00/0.00) lat (ms,95%): 11.45 err/s: 0.00 reconn/s: 0.00
[ 18s ] thds: 4 tps: 471.51 qps: 471.51 (r/w/o: 471.51/0.00/0.00) lat (ms,95%): 11.87 err/s: 0.00 reconn/s: 0.00
SQL statistics:
    queries performed:
        read:                            8459
        write:                           0
        other:                           0
        total:                           8459
    transactions:                        8459   (469.73 per sec.)
    queries:                             8459   (469.73 per sec.)
    ignored errors:                      0      (0.00 per sec.)
    reconnects:                          0      (0.00 per sec.)

General statistics:
    total time:                          18.0080s
    total number of events:              8459

Latency (ms):
         min:                                    3.45
         avg:                                    8.51
         max:                                   31.28
         95th percentile:                       11.87
         sum:                                71999.42

Threads fairness:
    events (avg/stddev):           2114.7500/58.37
    execution time (avg/stddev):   17.9999/0.00

