sysbench 1.0.20 (using system LuaJIT 2.1.0-beta3)

Running the test with following options:
Number of threads: 4
Report intermediate results every 2 second(s)
Initializing random number generator from current time


Initializing worker threads...

Threads started!

[ 2s ] thds: 4 tps: 6541.95 qps: 6541.95 (r/w/o: 6541.95/0.00/0.00) lat (ms,95%): 0.84 err/s: 0.00 reconn/s: 0.00
[ 4s ] thds: 4 tps: 6684.18 qps: 6684.18 (r/w/o: 6684.18/0.00/0.00) lat (ms,95%): 0.81 err/s: 0.00 reconn/s: 0.00
[ 6s ] thds: 4 tps: 6634.41 qps: 6634.41 (r/w/o: 6634.41/0.00/0.00) lat (ms,95%): 0.83 err/s: 0.00 reconn/s: 0.00
[ 8s ] thds: 4 tps: 6692.19 qps: 6692.19 (r/w/o: 6692.19/0.00/0.00) lat (ms,95%): 0.81 err/s: 0.00 reconn/s: 0.00
[ 10s ] thds: 4 tps: 6710.38 qps: 6710.38 (r/w/o: 6710.38/0.00/0.00) lat (ms,95%): 0.81 err/s: 0.00 reconn/s: 0.00
[ 12s ] thds: 4 tps: 6633.96 qps: 6633.96 (r/w/o: 6633.96/0.00/0.00) lat (ms,95%): 0.83 err/s: 0.00 reconn/s: 0.00
[ 14s ] thds: 4 tps: 6702.51 qps: 6702.51 (r/w/o: 6702.51/0.00/0.00) lat (ms,95%): 0.81 err/s: 0.00 reconn/s: 0.00
[ 16s ] thds: 4 tps: 6692.48 qps: 6692.48 (r/w/o: 6692.48/0.00/0.00) lat (ms,95%): 0.81 err/s: 0.00 reconn/s: 0.00
[ 18s ] thds: 4 tps: 6615.04 qps: 6615.04 (r/w/o: 6615.04/0.00/0.00) lat (ms,95%): 0.83 err/s: 0.00 reconn/s: 0.00
SQL statistics:
    queries performed:
        read:                            119821
        write:                           0
        other:                           0
        total:                           119821
    transactions:                        119821 (6656.12 per sec.)
    queries:                             119821 (6656.12 per sec.)
    ignored errors:                      0      (0.00 per sec.)
    reconnects:                          0      (0.00 per sec.)

General statistics:
    total time:                          18.0012s
    total number of events:              119821

Latency (ms):
         min:                                    0.30
         avg:                                    0.60
         max:                                   18.91
         95th percentile:                        0.83
         sum:                                71852.43

Threads fairness:
    events (avg/stddev):           29955.2500/20.46
    execution time (avg/stddev):   17.9631/0.00

