sysbench 1.0.20 (using system LuaJIT 2.1.0-beta3)

Running the test with following options:
Number of threads: 1
Report intermediate results every 1 second(s)
Initializing random number generator from current time


Initializing worker threads...

Threads started!

[ 1s ] thds: 1 tps: 104.92 qps: 1269.07 (r/w/o: 0.00/1056.23/212.84) lat (ms,95%): 11.24 err/s: 0.00 reconn/s: 0.00
[ 2s ] thds: 1 tps: 107.02 qps: 1285.27 (r/w/o: 0.00/1071.23/214.05) lat (ms,95%): 11.45 err/s: 0.00 reconn/s: 0.00
[ 3s ] thds: 1 tps: 101.00 qps: 1208.01 (r/w/o: 0.00/1006.01/202.00) lat (ms,95%): 12.52 err/s: 0.00 reconn/s: 0.00
[ 4s ] thds: 1 tps: 102.00 qps: 1224.04 (r/w/o: 0.00/1020.04/204.01) lat (ms,95%): 11.87 err/s: 0.00 reconn/s: 0.00
[ 5s ] thds: 1 tps: 106.99 qps: 1277.87 (r/w/o: 0.00/1064.89/212.98) lat (ms,95%): 11.65 err/s: 0.00 reconn/s: 0.00
[ 6s ] thds: 1 tps: 105.01 qps: 1261.12 (r/w/o: 0.00/1051.10/210.02) lat (ms,95%): 12.08 err/s: 0.00 reconn/s: 0.00
[ 7s ] thds: 1 tps: 103.00 qps: 1240.01 (r/w/o: 0.00/1033.00/207.00) lat (ms,95%): 12.52 err/s: 0.00 reconn/s: 0.00
[ 8s ] thds: 1 tps: 94.00 qps: 1130.97 (r/w/o: 0.00/942.97/187.99) lat (ms,95%): 13.22 err/s: 0.00 reconn/s: 0.00
SQL statistics:
    queries performed:
        read:                            0
        write:                           8249
        other:                           1651
        total:                           9900
    transactions:                        825    (103.07 per sec.)
    queries:                             9900   (1236.89 per sec.)
    ignored errors:                      0      (0.00 per sec.)
    reconnects:                          0      (0.00 per sec.)

General statistics:
    total time:                          8.0035s
    total number of events:              825

Latency (ms):
         min:                                    7.36
         avg:                                    9.70
         max:                                   25.22
         95th percentile:                       12.30
         sum:                                 8001.39

Threads fairness:
    events (avg/stddev):           825.0000/0.00
    execution time (avg/stddev):   8.0014/0.00

