sysbench 1.0.20 (using system LuaJIT 2.1.1725453128)

Running the test with following options:
Number of threads: 8
Report intermediate results every 4 second(s)
Initializing random number generator from current time


Initializing worker threads...

Threads started!

[ 4s ] thds: 8 tps: 2473.20 qps: 7421.34 (r/w/o: 7421.34/0.00/0.00) lat (ms,95%): 0.00 err/s: 0.00 reconn/s: 0.00
[ 8s ] thds: 8 tps: 2505.38 qps: 7517.64 (r/w/o: 7517.64/0.00/0.00) lat (ms,95%): 0.00 err/s: 0.00 reconn/s: 0.00
[ 12s ] thds: 8 tps: 2509.48 qps: 7527.94 (r/w/o: 7527.94/0.00/0.00) lat (ms,95%): 0.00 err/s: 0.00 reconn/s: 0.00
[ 16s ] thds: 8 tps: 2506.91 qps: 7520.23 (r/w/o: 7520.23/0.00/0.00) lat (ms,95%): 0.00 err/s: 0.00 reconn/s: 0.00
[ 20s ] thds: 8 tps: 2505.68 qps: 7518.03 (r/w/o: 7518.03/0.00/0.00) lat (ms,95%): 0.00 err/s: 0.00 reconn/s: 0.00
[ 24s ] thds: 8 tps: 2506.43 qps: 7519.29 (r/w/o: 7519.29/0.00/0.00) lat (ms,95%): 0.00 err/s: 0.00 reconn/s: 0.00
[ 28s ] thds: 8 tps: 2503.13 qps: 7509.40 (r/w/o: 7509.40/0.00/0.00) lat (ms,95%): 0.00 err/s: 0.00 reconn/s: 0.00
[ 32s ] thds: 8 tps: 2504.13 qps: 7512.14 (r/w/o: 7512.14/0.00/0.00) lat (ms,95%): 0.00 err/s: 0.00 reconn/s: 0.00
SQL statistics:
    queries performed:
        read:                            240204
        write:                           0
        other:                           0
        total:                           240204
    transactions:                        80068  (2501.84 per sec.)
    queries:                             240204 (7505.53 per sec.)
    ignored errors:                      0      (0.00 per sec.)
    reconnects:                          0      (0.00 per sec.)

General statistics:
    total time:                          32.0034s
    total number of events:              80068

Latency (ms):
         min:                                    2.18
         avg:                                    3.20
         max:                                   41.21
         95th percentile:                        0.00
         sum:                               255983.58

Threads fairness:
    events (avg/stddev):           10008.5000/14.86
    execution time (avg/stddev):   31.9979/0.00

