sysbench 1.0.20 (using system LuaJIT 2.1.0-beta3)

Running the test with following options:
Number of threads: 4
Report intermediate results every 2 second(s)
Initializing random number generator from current time


Initializing worker threads...

Threads started!

[ 2s ] thds: 4 tps: 1675.80 qps: 5029.90 (r/w/o: 5029.90/0.00/0.00) lat (ms,95%): 2.91 err/s: 0.00 reconn/s: 0.00
[ 4s ] thds: 4 tps: 1702.23 qps: 5105.18 (r/w/o: 5105.18/0.00/0.00) lat (ms,95%): 2.91 err/s: 0.00 reconn/s: 0.00
[ 6s ] thds: 4 tps: 1688.58 qps: 5066.73 (r/w/o: 5066.73/0.00/0.00) lat (ms,95%): 2.97 err/s: 0.00 reconn/s: 0.00
[ 8s ] thds: 4 tps: 1688.41 qps: 5065.72 (r/w/o: 5065.72/0.00/0.00) lat (ms,95%): 3.02 err/s: 0.00 reconn/s: 0.00
[ 10s ] thds: 4 tps: 1701.00 qps: 5102.51 (r/w/o: 5102.51/0.00/0.00) lat (ms,95%): 2.91 err/s: 0.00 reconn/s: 0.00
[ 12s ] thds: 4 tps: 1700.49 qps: 5102.98 (r/w/o: 5102.98/0.00/0.00) lat (ms,95%): 2.86 err/s: 0.00 reconn/s: 0.00
[ 14s ] thds: 4 tps: 1696.01 qps: 5088.02 (r/w/o: 5088.02/0.00/0.00) lat (ms,95%): 2.91 err/s: 0.00 reconn/s: 0.00
[ 16s ] thds: 4 tps: 1702.01 qps: 5106.02 (r/w/o: 5106.02/0.00/0.00) lat (ms,95%): 2.86 err/s: 0.00 reconn/s: 0.00
[ 18s ] thds: 4 tps: 1677.98 qps: 5033.95 (r/w/o: 5033.95/0.00/0.00) lat (ms,95%): 3.02 err/s: 0.00 reconn/s: 0.00
SQL statistics:
    queries performed:
        read:                            91410
        write:                           0
        other:                           0
        total:                           91410
    transactions:                        30470  (1692.57 per sec.)
    queries:                             91410  (5077.70 per sec.)
    ignored errors:                      0      (0.00 per sec.)
    reconnects:                          0      (0.00 per sec.)

General statistics:
    total time:                          18.0019s
    total number of events:              30470

Latency (ms):
         min:                                    1.29
         avg:                                    2.36
         max:                                   19.65
         95th percentile:                        2.91
         sum:                                71964.05

Threads fairness:
    events (avg/stddev):           7617.5000/21.15
    execution time (avg/stddev):   17.9910/0.00

