sysbench 1.0.20 (using system LuaJIT 2.1.0-beta3)

Running the test with following options:
Number of threads: 4
Report intermediate results every 2 second(s)
Initializing random number generator from current time


Initializing worker threads...

Threads started!

[ 2s ] thds: 4 tps: 4.00 qps: 5654.94 (r/w/o: 0.00/1411.24/4243.70) lat (ms,95%): 707.07 err/s: 0.00 reconn/s: 0.00
[ 4s ] thds: 4 tps: 6.00 qps: 5527.33 (r/w/o: 0.00/1378.83/4148.50) lat (ms,95%): 759.88 err/s: 0.00 reconn/s: 0.00
[ 6s ] thds: 4 tps: 6.00 qps: 5576.04 (r/w/o: 0.00/1391.01/4185.03) lat (ms,95%): 719.92 err/s: 0.00 reconn/s: 0.00
[ 8s ] thds: 4 tps: 6.00 qps: 5612.01 (r/w/o: 0.00/1400.00/4212.01) lat (ms,95%): 733.00 err/s: 0.00 reconn/s: 0.00
[ 10s ] thds: 4 tps: 4.00 qps: 5665.96 (r/w/o: 0.00/1414.49/4251.47) lat (ms,95%): 719.92 err/s: 0.00 reconn/s: 0.00
[ 12s ] thds: 4 tps: 6.00 qps: 5548.11 (r/w/o: 0.00/1384.03/4164.08) lat (ms,95%): 733.00 err/s: 0.00 reconn/s: 0.00
[ 14s ] thds: 4 tps: 6.00 qps: 5585.85 (r/w/o: 0.00/1393.46/4192.39) lat (ms,95%): 733.00 err/s: 0.00 reconn/s: 0.00
[ 16s ] thds: 4 tps: 6.00 qps: 5572.02 (r/w/o: 0.00/1390.00/4182.01) lat (ms,95%): 719.92 err/s: 0.00 reconn/s: 0.00
[ 18s ] thds: 4 tps: 6.00 qps: 5604.26 (r/w/o: 0.00/1398.07/4206.20) lat (ms,95%): 733.00 err/s: 0.00 reconn/s: 0.00
SQL statistics:
    queries performed:
        read:                            0
        write:                           26027
        other:                           78285
        total:                           104312
    transactions:                        104    (5.58 per sec.)
    queries:                             104312 (5594.48 per sec.)
    ignored errors:                      0      (0.00 per sec.)
    reconnects:                          0      (0.00 per sec.)

General statistics:
    total time:                          18.6451s
    total number of events:              104

Latency (ms):
         min:                                  697.15
         avg:                                  717.08
         max:                                  754.99
         95th percentile:                      733.00
         sum:                                74576.47

Threads fairness:
    events (avg/stddev):           26.0000/0.00
    execution time (avg/stddev):   18.6441/0.00

