sysbench 1.0.20 (using system LuaJIT 2.1.0-beta3)

Running the test with following options:
Number of threads: 4
Report intermediate results every 2 second(s)
Initializing random number generator from current time


Initializing worker threads...

Threads started!

[ 2s ] thds: 4 tps: 11278.16 qps: 11278.16 (r/w/o: 11278.16/0.00/0.00) lat (ms,95%): 0.51 err/s: 0.00 reconn/s: 0.00
[ 4s ] thds: 4 tps: 11472.94 qps: 11472.94 (r/w/o: 11472.94/0.00/0.00) lat (ms,95%): 0.50 err/s: 0.00 reconn/s: 0.00
[ 6s ] thds: 4 tps: 11529.98 qps: 11529.98 (r/w/o: 11529.98/0.00/0.00) lat (ms,95%): 0.50 err/s: 0.00 reconn/s: 0.00
[ 8s ] thds: 4 tps: 11544.01 qps: 11544.01 (r/w/o: 11544.01/0.00/0.00) lat (ms,95%): 0.50 err/s: 0.00 reconn/s: 0.00
[ 10s ] thds: 4 tps: 11526.41 qps: 11526.41 (r/w/o: 11526.41/0.00/0.00) lat (ms,95%): 0.49 err/s: 0.00 reconn/s: 0.00
[ 12s ] thds: 4 tps: 11495.06 qps: 11495.06 (r/w/o: 11495.06/0.00/0.00) lat (ms,95%): 0.49 err/s: 0.00 reconn/s: 0.00
[ 14s ] thds: 4 tps: 11619.02 qps: 11619.02 (r/w/o: 11619.02/0.00/0.00) lat (ms,95%): 0.49 err/s: 0.00 reconn/s: 0.00
[ 16s ] thds: 4 tps: 11512.88 qps: 11512.88 (r/w/o: 11512.88/0.00/0.00) lat (ms,95%): 0.49 err/s: 0.00 reconn/s: 0.00
[ 18s ] thds: 4 tps: 11583.17 qps: 11583.17 (r/w/o: 11583.17/0.00/0.00) lat (ms,95%): 0.48 err/s: 0.00 reconn/s: 0.00
SQL statistics:
    queries performed:
        read:                            207133
        write:                           0
        other:                           0
        total:                           207133
    transactions:                        207133 (11506.31 per sec.)
    queries:                             207133 (11506.31 per sec.)
    ignored errors:                      0      (0.00 per sec.)
    reconnects:                          0      (0.00 per sec.)

General statistics:
    total time:                          18.0013s
    total number of events:              207133

Latency (ms):
         min:                                    0.18
         avg:                                    0.35
         max:                                   17.98
         95th percentile:                        0.49
         sum:                                71760.63

Threads fairness:
    events (avg/stddev):           51783.2500/180.75
    execution time (avg/stddev):   17.9402/0.00

