sysbench 1.0.20 (using system LuaJIT 2.1.0-beta3)

Running the test with following options:
Number of threads: 1
Report intermediate results every 1 second(s)
Initializing random number generator from current time


Initializing worker threads...

Threads started!

[ 1s ] thds: 1 tps: 1407.84 qps: 1407.84 (r/w/o: 1407.84/0.00/0.00) lat (ms,95%): 0.75 err/s: 0.00 reconn/s: 0.00
[ 2s ] thds: 1 tps: 1457.25 qps: 1457.25 (r/w/o: 1457.25/0.00/0.00) lat (ms,95%): 0.73 err/s: 0.00 reconn/s: 0.00
[ 3s ] thds: 1 tps: 1440.31 qps: 1440.31 (r/w/o: 1440.31/0.00/0.00) lat (ms,95%): 0.74 err/s: 0.00 reconn/s: 0.00
[ 4s ] thds: 1 tps: 1448.02 qps: 1448.02 (r/w/o: 1448.02/0.00/0.00) lat (ms,95%): 0.74 err/s: 0.00 reconn/s: 0.00
[ 5s ] thds: 1 tps: 1450.70 qps: 1450.70 (r/w/o: 1450.70/0.00/0.00) lat (ms,95%): 0.73 err/s: 0.00 reconn/s: 0.00
[ 6s ] thds: 1 tps: 1425.03 qps: 1425.03 (r/w/o: 1425.03/0.00/0.00) lat (ms,95%): 0.75 err/s: 0.00 reconn/s: 0.00
[ 7s ] thds: 1 tps: 1440.22 qps: 1440.22 (r/w/o: 1440.22/0.00/0.00) lat (ms,95%): 0.75 err/s: 0.00 reconn/s: 0.00
[ 8s ] thds: 1 tps: 1427.87 qps: 1427.87 (r/w/o: 1427.87/0.00/0.00) lat (ms,95%): 0.74 err/s: 0.00 reconn/s: 0.00
SQL statistics:
    queries performed:
        read:                            11499
        write:                           0
        other:                           0
        total:                           11499
    transactions:                        11499  (1437.16 per sec.)
    queries:                             11499  (1437.16 per sec.)
    ignored errors:                      0      (0.00 per sec.)
    reconnects:                          0      (0.00 per sec.)

General statistics:
    total time:                          8.0008s
    total number of events:              11499

Latency (ms):
         min:                                    0.64
         avg:                                    0.69
         max:                                    9.07
         95th percentile:                        0.74
         sum:                                 7989.37

Threads fairness:
    events (avg/stddev):           11499.0000/0.00
    execution time (avg/stddev):   7.9894/0.00

