sysbench 1.0.20 (using system LuaJIT 2.1.0-beta3)

Running the test with following options:
Number of threads: 4
Report intermediate results every 2 second(s)
Initializing random number generator from current time


Initializing worker threads...

Threads started!

[ 2s ] thds: 4 tps: 6.00 qps: 3789.08 (r/w/o: 0.00/1016.49/2772.60) lat (ms,95%): 590.56 err/s: 13.99 reconn/s: 0.00
[ 4s ] thds: 4 tps: 8.00 qps: 3716.43 (r/w/o: 0.00/962.74/2753.69) lat (ms,95%): 580.02 err/s: 11.00 reconn/s: 0.00
[ 6s ] thds: 4 tps: 6.00 qps: 3665.04 (r/w/o: 0.00/956.51/2708.53) lat (ms,95%): 601.29 err/s: 10.00 reconn/s: 0.00
[ 8s ] thds: 4 tps: 8.00 qps: 3681.37 (r/w/o: 0.00/950.47/2730.90) lat (ms,95%): 569.67 err/s: 12.00 reconn/s: 0.00
[ 10s ] thds: 4 tps: 6.00 qps: 3648.61 (r/w/o: 0.00/948.53/2700.08) lat (ms,95%): 580.02 err/s: 9.50 reconn/s: 0.00
[ 12s ] thds: 4 tps: 8.00 qps: 3623.57 (r/w/o: 0.00/961.52/2662.05) lat (ms,95%): 580.02 err/s: 14.50 reconn/s: 0.00
[ 14s ] thds: 4 tps: 6.00 qps: 3685.81 (r/w/o: 0.00/954.45/2731.36) lat (ms,95%): 590.56 err/s: 10.50 reconn/s: 0.00
[ 16s ] thds: 4 tps: 8.00 qps: 3669.64 (r/w/o: 0.00/946.54/2723.10) lat (ms,95%): 580.02 err/s: 11.50 reconn/s: 0.00
[ 18s ] thds: 4 tps: 6.00 qps: 3651.97 (r/w/o: 0.00/941.99/2709.98) lat (ms,95%): 580.02 err/s: 9.00 reconn/s: 0.00
SQL statistics:
    queries performed:
        read:                            0
        write:                           17366
        other:                           49247
        total:                           66613
    transactions:                        128    (7.07 per sec.)
    queries:                             66613  (3681.80 per sec.)
    ignored errors:                      204    (11.28 per sec.)
    reconnects:                          0      (0.00 per sec.)

General statistics:
    total time:                          18.0921s
    total number of events:              128

Latency (ms):
         min:                                  478.87
         avg:                                  565.35
         max:                                  600.30
         95th percentile:                      590.56
         sum:                                72364.31

Threads fairness:
    events (avg/stddev):           32.0000/0.00
    execution time (avg/stddev):   18.0911/0.00

