sysbench 1.0.20 (using system LuaJIT 2.1.0-beta3)

Running the test with following options:
Number of threads: 4
Report intermediate results every 2 second(s)
Initializing random number generator from current time


Initializing worker threads...

Threads started!

[ 2s ] thds: 4 tps: 1684.19 qps: 5053.58 (r/w/o: 5053.58/0.00/0.00) lat (ms,95%): 2.91 err/s: 0.00 reconn/s: 0.00
[ 4s ] thds: 4 tps: 1707.26 qps: 5122.27 (r/w/o: 5122.27/0.00/0.00) lat (ms,95%): 2.86 err/s: 0.00 reconn/s: 0.00
[ 6s ] thds: 4 tps: 1698.00 qps: 5094.51 (r/w/o: 5094.51/0.00/0.00) lat (ms,95%): 2.91 err/s: 0.00 reconn/s: 0.00
[ 8s ] thds: 4 tps: 1704.53 qps: 5113.10 (r/w/o: 5113.10/0.00/0.00) lat (ms,95%): 2.86 err/s: 0.00 reconn/s: 0.00
[ 10s ] thds: 4 tps: 1700.48 qps: 5100.44 (r/w/o: 5100.44/0.00/0.00) lat (ms,95%): 2.97 err/s: 0.00 reconn/s: 0.00
[ 12s ] thds: 4 tps: 1712.00 qps: 5138.99 (r/w/o: 5138.99/0.00/0.00) lat (ms,95%): 2.86 err/s: 0.00 reconn/s: 0.00
[ 14s ] thds: 4 tps: 1709.50 qps: 5128.01 (r/w/o: 5128.01/0.00/0.00) lat (ms,95%): 2.91 err/s: 0.00 reconn/s: 0.00
[ 16s ] thds: 4 tps: 1707.50 qps: 5122.00 (r/w/o: 5122.00/0.00/0.00) lat (ms,95%): 2.91 err/s: 0.00 reconn/s: 0.00
[ 18s ] thds: 4 tps: 1712.98 qps: 5139.43 (r/w/o: 5139.43/0.00/0.00) lat (ms,95%): 2.86 err/s: 0.00 reconn/s: 0.00
SQL statistics:
    queries performed:
        read:                            92034
        write:                           0
        other:                           0
        total:                           92034
    transactions:                        30678  (1704.11 per sec.)
    queries:                             92034  (5112.32 per sec.)
    ignored errors:                      0      (0.00 per sec.)
    reconnects:                          0      (0.00 per sec.)

General statistics:
    total time:                          18.0020s
    total number of events:              30678

Latency (ms):
         min:                                    1.29
         avg:                                    2.35
         max:                                   20.83
         95th percentile:                        2.91
         sum:                                71966.41

Threads fairness:
    events (avg/stddev):           7669.5000/12.58
    execution time (avg/stddev):   17.9916/0.00

