sysbench 1.0.20 (using system LuaJIT 2.1.0-beta3)

Running the test with following options:
Number of threads: 1
Report intermediate results every 1 second(s)
Initializing random number generator from current time


Initializing worker threads...

Threads started!

[ 1s ] thds: 1 tps: 316.77 qps: 316.77 (r/w/o: 316.77/0.00/0.00) lat (ms,95%): 3.30 err/s: 0.00 reconn/s: 0.00
[ 2s ] thds: 1 tps: 322.08 qps: 322.08 (r/w/o: 322.08/0.00/0.00) lat (ms,95%): 3.30 err/s: 0.00 reconn/s: 0.00
[ 3s ] thds: 1 tps: 334.00 qps: 334.00 (r/w/o: 334.00/0.00/0.00) lat (ms,95%): 3.25 err/s: 0.00 reconn/s: 0.00
[ 4s ] thds: 1 tps: 328.00 qps: 328.00 (r/w/o: 328.00/0.00/0.00) lat (ms,95%): 3.30 err/s: 0.00 reconn/s: 0.00
[ 5s ] thds: 1 tps: 323.99 qps: 323.99 (r/w/o: 323.99/0.00/0.00) lat (ms,95%): 3.30 err/s: 0.00 reconn/s: 0.00
[ 6s ] thds: 1 tps: 328.00 qps: 328.00 (r/w/o: 328.00/0.00/0.00) lat (ms,95%): 3.30 err/s: 0.00 reconn/s: 0.00
[ 7s ] thds: 1 tps: 326.00 qps: 326.00 (r/w/o: 326.00/0.00/0.00) lat (ms,95%): 3.36 err/s: 0.00 reconn/s: 0.00
[ 8s ] thds: 1 tps: 329.02 qps: 329.02 (r/w/o: 329.02/0.00/0.00) lat (ms,95%): 3.30 err/s: 0.00 reconn/s: 0.00
SQL statistics:
    queries performed:
        read:                            2609
        write:                           0
        other:                           0
        total:                           2609
    transactions:                        2609   (326.02 per sec.)
    queries:                             2609   (326.02 per sec.)
    ignored errors:                      0      (0.00 per sec.)
    reconnects:                          0      (0.00 per sec.)

General statistics:
    total time:                          8.0022s
    total number of events:              2609

Latency (ms):
         min:                                    2.49
         avg:                                    3.07
         max:                                   10.62
         95th percentile:                        3.30
         sum:                                 7998.74

Threads fairness:
    events (avg/stddev):           2609.0000/0.00
    execution time (avg/stddev):   7.9987/0.00

