sysbench 1.0.20 (using system LuaJIT 2.1.0-beta3)

Running the test with following options:
Number of threads: 1
Report intermediate results every 1 second(s)
Initializing random number generator from current time


Initializing worker threads...

Threads started!

[ 1s ] thds: 1 tps: 377.73 qps: 377.73 (r/w/o: 377.73/0.00/0.00) lat (ms,95%): 2.71 err/s: 0.00 reconn/s: 0.00
[ 2s ] thds: 1 tps: 379.10 qps: 379.10 (r/w/o: 379.10/0.00/0.00) lat (ms,95%): 2.86 err/s: 0.00 reconn/s: 0.00
[ 3s ] thds: 1 tps: 383.99 qps: 383.99 (r/w/o: 383.99/0.00/0.00) lat (ms,95%): 2.76 err/s: 0.00 reconn/s: 0.00
[ 4s ] thds: 1 tps: 382.01 qps: 382.01 (r/w/o: 382.01/0.00/0.00) lat (ms,95%): 2.76 err/s: 0.00 reconn/s: 0.00
[ 5s ] thds: 1 tps: 381.98 qps: 381.98 (r/w/o: 381.98/0.00/0.00) lat (ms,95%): 2.76 err/s: 0.00 reconn/s: 0.00
[ 6s ] thds: 1 tps: 382.02 qps: 382.02 (r/w/o: 382.02/0.00/0.00) lat (ms,95%): 2.66 err/s: 0.00 reconn/s: 0.00
[ 7s ] thds: 1 tps: 384.01 qps: 384.01 (r/w/o: 384.01/0.00/0.00) lat (ms,95%): 2.76 err/s: 0.00 reconn/s: 0.00
[ 8s ] thds: 1 tps: 376.99 qps: 376.99 (r/w/o: 376.99/0.00/0.00) lat (ms,95%): 2.97 err/s: 0.00 reconn/s: 0.00
SQL statistics:
    queries performed:
        read:                            3049
        write:                           0
        other:                           0
        total:                           3049
    transactions:                        3049   (381.07 per sec.)
    queries:                             3049   (381.07 per sec.)
    ignored errors:                      0      (0.00 per sec.)
    reconnects:                          0      (0.00 per sec.)

General statistics:
    total time:                          8.0007s
    total number of events:              3049

Latency (ms):
         min:                                    2.32
         avg:                                    2.62
         max:                                   10.31
         95th percentile:                        2.76
         sum:                                 7996.98

Threads fairness:
    events (avg/stddev):           3049.0000/0.00
    execution time (avg/stddev):   7.9970/0.00

