sysbench 1.0.20 (using system LuaJIT 2.1.0-beta3)

Running the test with following options:
Number of threads: 1
Report intermediate results every 1 second(s)
Initializing random number generator from current time


Initializing worker threads...

Threads started!

[ 1s ] thds: 1 tps: 0.00 qps: 1061.96 (r/w/o: 0.00/1058.96/3.00) lat (ms,95%): 0.00 err/s: 0.00 reconn/s: 0.00
[ 2s ] thds: 1 tps: 0.00 qps: 1037.54 (r/w/o: 0.00/1037.54/0.00) lat (ms,95%): 0.00 err/s: 0.00 reconn/s: 0.00
[ 3s ] thds: 1 tps: 0.00 qps: 1061.01 (r/w/o: 0.00/1061.01/0.00) lat (ms,95%): 0.00 err/s: 0.00 reconn/s: 0.00
[ 4s ] thds: 1 tps: 1.00 qps: 898.94 (r/w/o: 0.00/896.94/2.00) lat (ms,95%): 3911.79 err/s: 0.00 reconn/s: 0.00
[ 5s ] thds: 1 tps: 0.00 qps: 1090.01 (r/w/o: 0.00/1090.01/0.00) lat (ms,95%): 0.00 err/s: 0.00 reconn/s: 0.00
[ 6s ] thds: 1 tps: 0.00 qps: 1053.04 (r/w/o: 0.00/1053.04/0.00) lat (ms,95%): 0.00 err/s: 0.00 reconn/s: 0.00
[ 7s ] thds: 1 tps: 0.00 qps: 1015.01 (r/w/o: 0.00/1015.01/0.00) lat (ms,95%): 0.00 err/s: 0.00 reconn/s: 0.00
[ 8s ] thds: 1 tps: 1.00 qps: 992.94 (r/w/o: 0.00/990.94/2.00) lat (ms,95%): 3841.98 err/s: 0.00 reconn/s: 0.00
[ 9s ] thds: 1 tps: 0.00 qps: 1076.02 (r/w/o: 0.00/1076.02/0.00) lat (ms,95%): 0.00 err/s: 0.00 reconn/s: 0.00
[ 10s ] thds: 1 tps: 0.00 qps: 1074.06 (r/w/o: 0.00/1074.06/0.00) lat (ms,95%): 0.00 err/s: 0.00 reconn/s: 0.00
[ 11s ] thds: 1 tps: 0.00 qps: 1029.98 (r/w/o: 0.00/1029.98/0.00) lat (ms,95%): 0.00 err/s: 0.00 reconn/s: 0.00
SQL statistics:
    queries performed:
        read:                            0
        write:                           12002
        other:                           7
        total:                           12009
    transactions:                        3      (0.26 per sec.)
    queries:                             12009  (1036.70 per sec.)
    ignored errors:                      0      (0.00 per sec.)
    reconnects:                          0      (0.00 per sec.)

General statistics:
    total time:                          11.5835s
    total number of events:              3

Latency (ms):
         min:                                 3832.88
         avg:                                 3860.97
         max:                                 3880.26
         95th percentile:                     3911.79
         sum:                                11582.90

Threads fairness:
    events (avg/stddev):           3.0000/0.00
    execution time (avg/stddev):   11.5829/0.00

