sysbench 1.0.20 (using system LuaJIT 2.1.0-beta3)

Running the test with following options:
Number of threads: 1
Report intermediate results every 1 second(s)
Initializing random number generator from current time


Initializing worker threads...

Threads started!

[ 1s ] thds: 1 tps: 3695.98 qps: 3695.98 (r/w/o: 3695.98/0.00/0.00) lat (ms,95%): 0.30 err/s: 0.00 reconn/s: 0.00
[ 2s ] thds: 1 tps: 3725.56 qps: 3725.56 (r/w/o: 3725.56/0.00/0.00) lat (ms,95%): 0.30 err/s: 0.00 reconn/s: 0.00
[ 3s ] thds: 1 tps: 3656.88 qps: 3656.88 (r/w/o: 3656.88/0.00/0.00) lat (ms,95%): 0.30 err/s: 0.00 reconn/s: 0.00
[ 4s ] thds: 1 tps: 3665.98 qps: 3665.98 (r/w/o: 3665.98/0.00/0.00) lat (ms,95%): 0.30 err/s: 0.00 reconn/s: 0.00
[ 5s ] thds: 1 tps: 3689.94 qps: 3689.94 (r/w/o: 3689.94/0.00/0.00) lat (ms,95%): 0.30 err/s: 0.00 reconn/s: 0.00
[ 6s ] thds: 1 tps: 3745.65 qps: 3745.65 (r/w/o: 3745.65/0.00/0.00) lat (ms,95%): 0.29 err/s: 0.00 reconn/s: 0.00
[ 7s ] thds: 1 tps: 3747.13 qps: 3747.13 (r/w/o: 3747.13/0.00/0.00) lat (ms,95%): 0.29 err/s: 0.00 reconn/s: 0.00
[ 8s ] thds: 1 tps: 3709.12 qps: 3709.12 (r/w/o: 3709.12/0.00/0.00) lat (ms,95%): 0.29 err/s: 0.00 reconn/s: 0.00
SQL statistics:
    queries performed:
        read:                            29639
        write:                           0
        other:                           0
        total:                           29639
    transactions:                        29639  (3704.39 per sec.)
    queries:                             29639  (3704.39 per sec.)
    ignored errors:                      0      (0.00 per sec.)
    reconnects:                          0      (0.00 per sec.)

General statistics:
    total time:                          8.0007s
    total number of events:              29639

Latency (ms):
         min:                                    0.24
         avg:                                    0.27
         max:                                    7.74
         95th percentile:                        0.30
         sum:                                 7975.34

Threads fairness:
    events (avg/stddev):           29639.0000/0.00
    execution time (avg/stddev):   7.9753/0.00

