sysbench 1.0.20 (using system LuaJIT 2.1.0-beta3)

Running the test with following options:
Number of threads: 4
Report intermediate results every 2 second(s)
Initializing random number generator from current time


Initializing worker threads...

Threads started!

[ 2s ] thds: 4 tps: 0.00 qps: 2338.79 (r/w/o: 0.00/583.20/1755.59) lat (ms,95%): 0.00 err/s: 0.00 reconn/s: 0.00
[ 4s ] thds: 4 tps: 0.00 qps: 2504.59 (r/w/o: 0.00/626.15/1878.44) lat (ms,95%): 0.00 err/s: 0.00 reconn/s: 0.00
[ 6s ] thds: 4 tps: 0.00 qps: 2584.11 (r/w/o: 0.00/646.03/1938.08) lat (ms,95%): 0.00 err/s: 0.00 reconn/s: 0.00
[ 8s ] thds: 4 tps: 2.00 qps: 2958.97 (r/w/o: 0.00/756.49/2202.48) lat (ms,95%): 7754.26 err/s: 4.50 reconn/s: 0.00
[ 10s ] thds: 4 tps: 0.00 qps: 3452.03 (r/w/o: 0.00/863.01/2589.03) lat (ms,95%): 0.00 err/s: 0.00 reconn/s: 0.00
[ 12s ] thds: 4 tps: 0.00 qps: 3543.89 (r/w/o: 0.00/885.97/2657.91) lat (ms,95%): 0.00 err/s: 0.00 reconn/s: 0.00
[ 14s ] thds: 4 tps: 2.00 qps: 3177.49 (r/w/o: 0.00/800.00/2377.49) lat (ms,95%): 5918.87 err/s: 2.50 reconn/s: 0.00
[ 16s ] thds: 4 tps: 0.00 qps: 3782.92 (r/w/o: 0.00/945.98/2836.94) lat (ms,95%): 0.00 err/s: 0.00 reconn/s: 0.00
[ 18s ] thds: 4 tps: 0.00 qps: 3493.22 (r/w/o: 0.00/873.06/2620.17) lat (ms,95%): 0.00 err/s: 0.00 reconn/s: 0.00
SQL statistics:
    queries performed:
        read:                            0
        write:                           15074
        other:                           45055
        total:                           60129
    transactions:                        12     (0.61 per sec.)
    queries:                             60129  (3073.28 per sec.)
    ignored errors:                      14     (0.72 per sec.)
    reconnects:                          0      (0.00 per sec.)

General statistics:
    total time:                          19.5647s
    total number of events:              12

Latency (ms):
         min:                                 5892.99
         avg:                                 6521.23
         max:                                 7724.23
         95th percentile:                     7754.26
         sum:                                78254.76

Threads fairness:
    events (avg/stddev):           3.0000/0.00
    execution time (avg/stddev):   19.5637/0.00

