sysbench 1.0.20 (using system LuaJIT 2.1.0-beta3)

Running the test with following options:
Number of threads: 4
Report intermediate results every 2 second(s)
Initializing random number generator from current time


Initializing worker threads...

Threads started!

[ 2s ] thds: 4 tps: 285.88 qps: 859.64 (r/w/o: 859.64/0.00/0.00) lat (ms,95%): 15.27 err/s: 0.00 reconn/s: 0.00
[ 4s ] thds: 4 tps: 291.05 qps: 873.14 (r/w/o: 873.14/0.00/0.00) lat (ms,95%): 15.00 err/s: 0.00 reconn/s: 0.00
[ 6s ] thds: 4 tps: 291.50 qps: 873.00 (r/w/o: 873.00/0.00/0.00) lat (ms,95%): 15.55 err/s: 0.00 reconn/s: 0.00
[ 8s ] thds: 4 tps: 292.47 qps: 879.40 (r/w/o: 879.40/0.00/0.00) lat (ms,95%): 15.00 err/s: 0.00 reconn/s: 0.00
[ 10s ] thds: 4 tps: 293.03 qps: 877.10 (r/w/o: 877.10/0.00/0.00) lat (ms,95%): 15.00 err/s: 0.00 reconn/s: 0.00
[ 12s ] thds: 4 tps: 292.00 qps: 878.50 (r/w/o: 878.50/0.00/0.00) lat (ms,95%): 15.27 err/s: 0.00 reconn/s: 0.00
[ 14s ] thds: 4 tps: 294.00 qps: 881.49 (r/w/o: 881.49/0.00/0.00) lat (ms,95%): 14.73 err/s: 0.00 reconn/s: 0.00
[ 16s ] thds: 4 tps: 293.50 qps: 879.51 (r/w/o: 879.51/0.00/0.00) lat (ms,95%): 15.00 err/s: 0.00 reconn/s: 0.00
[ 18s ] thds: 4 tps: 290.50 qps: 872.00 (r/w/o: 872.00/0.00/0.00) lat (ms,95%): 15.27 err/s: 0.00 reconn/s: 0.00
SQL statistics:
    queries performed:
        read:                            15756
        write:                           0
        other:                           0
        total:                           15756
    transactions:                        5252   (291.64 per sec.)
    queries:                             15756  (874.91 per sec.)
    ignored errors:                      0      (0.00 per sec.)
    reconnects:                          0      (0.00 per sec.)

General statistics:
    total time:                          18.0083s
    total number of events:              5252

Latency (ms):
         min:                                    8.92
         avg:                                   13.71
         max:                                   46.05
         95th percentile:                       15.00
         sum:                                72012.12

Threads fairness:
    events (avg/stddev):           1313.0000/6.52
    execution time (avg/stddev):   18.0030/0.00

