sysbench 1.0.20 (using system LuaJIT 2.1.0-beta3)

Running the test with following options:
Number of threads: 1
Report intermediate results every 1 second(s)
Initializing random number generator from current time


Initializing worker threads...

Threads started!

[ 1s ] thds: 1 tps: 23.98 qps: 1065.08 (r/w/o: 0.00/1014.13/50.96) lat (ms,95%): 45.79 err/s: 0.00 reconn/s: 0.00
[ 2s ] thds: 1 tps: 26.01 qps: 1107.43 (r/w/o: 0.00/1055.41/52.02) lat (ms,95%): 44.17 err/s: 0.00 reconn/s: 0.00
[ 3s ] thds: 1 tps: 27.00 qps: 1142.99 (r/w/o: 0.00/1088.99/54.00) lat (ms,95%): 40.37 err/s: 0.00 reconn/s: 0.00
[ 4s ] thds: 1 tps: 26.00 qps: 1136.03 (r/w/o: 0.00/1084.03/52.00) lat (ms,95%): 41.10 err/s: 0.00 reconn/s: 0.00
[ 5s ] thds: 1 tps: 25.00 qps: 1058.99 (r/w/o: 0.00/1008.99/50.00) lat (ms,95%): 47.47 err/s: 0.00 reconn/s: 0.00
[ 6s ] thds: 1 tps: 24.00 qps: 1048.99 (r/w/o: 0.00/1000.99/48.00) lat (ms,95%): 47.47 err/s: 0.00 reconn/s: 0.00
[ 7s ] thds: 1 tps: 26.00 qps: 1103.00 (r/w/o: 0.00/1051.00/52.00) lat (ms,95%): 41.85 err/s: 0.00 reconn/s: 0.00
[ 8s ] thds: 1 tps: 24.00 qps: 1042.96 (r/w/o: 0.00/994.96/48.00) lat (ms,95%): 44.98 err/s: 0.00 reconn/s: 0.00
SQL statistics:
    queries performed:
        read:                            0
        write:                           8322
        other:                           407
        total:                           8729
    transactions:                        203    (25.30 per sec.)
    queries:                             8729   (1087.82 per sec.)
    ignored errors:                      0      (0.00 per sec.)
    reconnects:                          0      (0.00 per sec.)

General statistics:
    total time:                          8.0239s
    total number of events:              203

Latency (ms):
         min:                                   34.09
         avg:                                   39.52
         max:                                   85.64
         95th percentile:                       44.98
         sum:                                 8022.27

Threads fairness:
    events (avg/stddev):           203.0000/0.00
    execution time (avg/stddev):   8.0223/0.00

