sysbench 1.0.20 (using system LuaJIT 2.1.0-beta3)

Running the test with following options:
Number of threads: 4
Report intermediate results every 2 second(s)
Initializing random number generator from current time


Initializing worker threads...

Threads started!

[ 2s ] thds: 4 tps: 47.98 qps: 3064.21 (r/w/o: 0.00/945.60/2118.61) lat (ms,95%): 132.49 err/s: 59.97 reconn/s: 0.00
[ 4s ] thds: 4 tps: 52.51 qps: 3024.41 (r/w/o: 0.00/893.12/2131.29) lat (ms,95%): 97.55 err/s: 53.51 reconn/s: 0.00
[ 6s ] thds: 4 tps: 48.00 qps: 2987.51 (r/w/o: 0.00/930.50/2057.00) lat (ms,95%): 144.97 err/s: 57.50 reconn/s: 0.00
[ 8s ] thds: 4 tps: 50.50 qps: 3055.59 (r/w/o: 0.00/922.03/2133.56) lat (ms,95%): 130.13 err/s: 52.50 reconn/s: 0.00
[ 10s ] thds: 4 tps: 48.50 qps: 2944.92 (r/w/o: 0.00/901.47/2043.44) lat (ms,95%): 137.35 err/s: 50.00 reconn/s: 0.00
[ 12s ] thds: 4 tps: 42.50 qps: 3047.12 (r/w/o: 0.00/1098.54/1948.58) lat (ms,95%): 142.39 err/s: 57.50 reconn/s: 0.00
[ 14s ] thds: 4 tps: 49.00 qps: 3004.43 (r/w/o: 0.00/913.48/2090.95) lat (ms,95%): 130.13 err/s: 55.00 reconn/s: 0.00
[ 16s ] thds: 4 tps: 52.00 qps: 3011.05 (r/w/o: 0.00/927.02/2084.04) lat (ms,95%): 112.67 err/s: 54.50 reconn/s: 0.00
[ 18s ] thds: 4 tps: 49.00 qps: 2926.92 (r/w/o: 0.00/833.98/2092.95) lat (ms,95%): 89.16 err/s: 52.50 reconn/s: 0.00
SQL statistics:
    queries performed:
        read:                            0
        write:                           16776
        other:                           37534
        total:                           54310
    transactions:                        884    (48.95 per sec.)
    queries:                             54310  (3007.18 per sec.)
    ignored errors:                      986    (54.60 per sec.)
    reconnects:                          0      (0.00 per sec.)

General statistics:
    total time:                          18.0596s
    total number of events:              884

Latency (ms):
         min:                                   40.18
         avg:                                   81.71
         max:                                  210.51
         95th percentile:                      130.13
         sum:                                72231.69

Threads fairness:
    events (avg/stddev):           221.0000/1.41
    execution time (avg/stddev):   18.0579/0.00

