sysbench 1.0.20 (using system LuaJIT 2.1.0-beta3)

Running the test with following options:
Number of threads: 4
Report intermediate results every 2 second(s)
Initializing random number generator from current time


Initializing worker threads...

Threads started!

[ 2s ] thds: 4 tps: 12194.05 qps: 12194.55 (r/w/o: 12194.55/0.00/0.00) lat (ms,95%): 0.46 err/s: 0.00 reconn/s: 0.00
[ 4s ] thds: 4 tps: 12337.45 qps: 12336.95 (r/w/o: 12336.95/0.00/0.00) lat (ms,95%): 0.46 err/s: 0.00 reconn/s: 0.00
[ 6s ] thds: 4 tps: 12261.08 qps: 12261.08 (r/w/o: 12261.08/0.00/0.00) lat (ms,95%): 0.46 err/s: 0.00 reconn/s: 0.00
[ 8s ] thds: 4 tps: 12347.56 qps: 12347.56 (r/w/o: 12347.56/0.00/0.00) lat (ms,95%): 0.46 err/s: 0.00 reconn/s: 0.00
[ 10s ] thds: 4 tps: 12351.50 qps: 12351.50 (r/w/o: 12351.50/0.00/0.00) lat (ms,95%): 0.46 err/s: 0.00 reconn/s: 0.00
[ 12s ] thds: 4 tps: 12382.46 qps: 12382.46 (r/w/o: 12382.46/0.00/0.00) lat (ms,95%): 0.46 err/s: 0.00 reconn/s: 0.00
[ 14s ] thds: 4 tps: 12347.95 qps: 12347.95 (r/w/o: 12347.95/0.00/0.00) lat (ms,95%): 0.46 err/s: 0.00 reconn/s: 0.00
[ 16s ] thds: 4 tps: 12297.55 qps: 12297.55 (r/w/o: 12297.55/0.00/0.00) lat (ms,95%): 0.46 err/s: 0.00 reconn/s: 0.00
[ 18s ] thds: 4 tps: 12368.97 qps: 12368.97 (r/w/o: 12368.97/0.00/0.00) lat (ms,95%): 0.46 err/s: 0.00 reconn/s: 0.00
SQL statistics:
    queries performed:
        read:                            221787
        write:                           0
        other:                           0
        total:                           221787
    transactions:                        221787 (12320.47 per sec.)
    queries:                             221787 (12320.47 per sec.)
    ignored errors:                      0      (0.00 per sec.)
    reconnects:                          0      (0.00 per sec.)

General statistics:
    total time:                          18.0011s
    total number of events:              221787

Latency (ms):
         min:                                    0.19
         avg:                                    0.32
         max:                                   16.41
         95th percentile:                        0.46
         sum:                                71762.34

Threads fairness:
    events (avg/stddev):           55446.7500/81.99
    execution time (avg/stddev):   17.9406/0.00

