sysbench 1.0.20 (using system LuaJIT 2.1.0-beta3)

Running the test with following options:
Number of threads: 4
Report intermediate results every 2 second(s)
Initializing random number generator from current time


Initializing worker threads...

Threads started!

[ 2s ] thds: 4 tps: 170.92 qps: 2555.84 (r/w/o: 0.00/857.61/1698.23) lat (ms,95%): 41.10 err/s: 121.94 reconn/s: 0.00
[ 4s ] thds: 4 tps: 160.53 qps: 2522.90 (r/w/o: 0.00/962.15/1560.75) lat (ms,95%): 48.34 err/s: 129.02 reconn/s: 0.00
[ 6s ] thds: 4 tps: 189.50 qps: 2888.00 (r/w/o: 0.00/1047.00/1841.00) lat (ms,95%): 42.61 err/s: 139.00 reconn/s: 0.00
[ 8s ] thds: 4 tps: 197.50 qps: 3082.94 (r/w/o: 0.00/1093.48/1989.46) lat (ms,95%): 42.61 err/s: 160.50 reconn/s: 0.00
[ 10s ] thds: 4 tps: 207.50 qps: 3175.53 (r/w/o: 0.00/1126.51/2049.02) lat (ms,95%): 38.25 err/s: 162.50 reconn/s: 0.00
[ 12s ] thds: 4 tps: 192.01 qps: 2932.10 (r/w/o: 0.00/998.04/1934.07) lat (ms,95%): 34.33 err/s: 149.01 reconn/s: 0.00
[ 14s ] thds: 4 tps: 168.50 qps: 2607.50 (r/w/o: 0.00/933.00/1674.50) lat (ms,95%): 48.34 err/s: 134.50 reconn/s: 0.00
[ 16s ] thds: 4 tps: 173.50 qps: 2662.97 (r/w/o: 0.00/964.49/1698.48) lat (ms,95%): 43.39 err/s: 131.50 reconn/s: 0.00
[ 18s ] thds: 4 tps: 174.51 qps: 2669.13 (r/w/o: 0.00/976.55/1692.58) lat (ms,95%): 44.17 err/s: 130.51 reconn/s: 0.00
SQL statistics:
    queries performed:
        read:                            0
        write:                           17934
        other:                           32315
        total:                           50249
    transactions:                        3273   (181.66 per sec.)
    queries:                             50249  (2788.94 per sec.)
    ignored errors:                      2520   (139.87 per sec.)
    reconnects:                          0      (0.00 per sec.)

General statistics:
    total time:                          18.0169s
    total number of events:              3273

Latency (ms):
         min:                                    6.62
         avg:                                   22.02
         max:                                   99.28
         95th percentile:                       42.61
         sum:                                72058.09

Threads fairness:
    events (avg/stddev):           818.2500/7.40
    execution time (avg/stddev):   18.0145/0.00

