sysbench 1.0.20 (using system LuaJIT 2.1.0-beta3)

Running the test with following options:
Number of threads: 4
Report intermediate results every 2 second(s)
Initializing random number generator from current time


Initializing worker threads...

Threads started!

[ 2s ] thds: 4 tps: 3906.74 qps: 11722.22 (r/w/o: 11722.22/0.00/0.00) lat (ms,95%): 1.30 err/s: 0.00 reconn/s: 0.00
[ 4s ] thds: 4 tps: 3910.13 qps: 11729.39 (r/w/o: 11729.39/0.00/0.00) lat (ms,95%): 1.30 err/s: 0.00 reconn/s: 0.00
[ 6s ] thds: 4 tps: 3895.96 qps: 11687.38 (r/w/o: 11687.38/0.00/0.00) lat (ms,95%): 1.32 err/s: 0.00 reconn/s: 0.00
[ 8s ] thds: 4 tps: 3947.02 qps: 11841.55 (r/w/o: 11841.55/0.00/0.00) lat (ms,95%): 1.30 err/s: 0.00 reconn/s: 0.00
[ 10s ] thds: 4 tps: 3948.57 qps: 11846.70 (r/w/o: 11846.70/0.00/0.00) lat (ms,95%): 1.30 err/s: 0.00 reconn/s: 0.00
[ 12s ] thds: 4 tps: 3972.41 qps: 11916.23 (r/w/o: 11916.23/0.00/0.00) lat (ms,95%): 1.30 err/s: 0.00 reconn/s: 0.00
[ 14s ] thds: 4 tps: 3971.11 qps: 11913.33 (r/w/o: 11913.33/0.00/0.00) lat (ms,95%): 1.30 err/s: 0.00 reconn/s: 0.00
[ 16s ] thds: 4 tps: 3969.89 qps: 11911.16 (r/w/o: 11911.16/0.00/0.00) lat (ms,95%): 1.32 err/s: 0.00 reconn/s: 0.00
[ 18s ] thds: 4 tps: 3953.45 qps: 11860.36 (r/w/o: 11860.36/0.00/0.00) lat (ms,95%): 1.30 err/s: 0.00 reconn/s: 0.00
SQL statistics:
    queries performed:
        read:                            212871
        write:                           0
        other:                           0
        total:                           212871
    transactions:                        70957  (3941.66 per sec.)
    queries:                             212871 (11824.98 per sec.)
    ignored errors:                      0      (0.00 per sec.)
    reconnects:                          0      (0.00 per sec.)

General statistics:
    total time:                          18.0014s
    total number of events:              70957

Latency (ms):
         min:                                    0.64
         avg:                                    1.01
         max:                                   19.99
         95th percentile:                        1.30
         sum:                                71914.48

Threads fairness:
    events (avg/stddev):           17739.2500/16.32
    execution time (avg/stddev):   17.9786/0.00

