sysbench 1.0.20 (using system LuaJIT 2.1.0-beta3)

Running the test with following options:
Number of threads: 1
Report intermediate results every 1 second(s)
Initializing random number generator from current time


Initializing worker threads...

Threads started!

[ 1s ] thds: 1 tps: 4988.42 qps: 4988.42 (r/w/o: 4988.42/0.00/0.00) lat (ms,95%): 0.22 err/s: 0.00 reconn/s: 0.00
[ 2s ] thds: 1 tps: 5019.26 qps: 5019.26 (r/w/o: 5019.26/0.00/0.00) lat (ms,95%): 0.22 err/s: 0.00 reconn/s: 0.00
[ 3s ] thds: 1 tps: 5030.66 qps: 5030.66 (r/w/o: 5030.66/0.00/0.00) lat (ms,95%): 0.22 err/s: 0.00 reconn/s: 0.00
[ 4s ] thds: 1 tps: 5020.99 qps: 5020.99 (r/w/o: 5020.99/0.00/0.00) lat (ms,95%): 0.22 err/s: 0.00 reconn/s: 0.00
[ 5s ] thds: 1 tps: 4991.20 qps: 4991.20 (r/w/o: 4991.20/0.00/0.00) lat (ms,95%): 0.22 err/s: 0.00 reconn/s: 0.00
[ 6s ] thds: 1 tps: 5090.28 qps: 5090.28 (r/w/o: 5090.28/0.00/0.00) lat (ms,95%): 0.22 err/s: 0.00 reconn/s: 0.00
[ 7s ] thds: 1 tps: 5023.88 qps: 5023.88 (r/w/o: 5023.88/0.00/0.00) lat (ms,95%): 0.22 err/s: 0.00 reconn/s: 0.00
SQL statistics:
    queries performed:
        read:                            40107
        write:                           0
        other:                           0
        total:                           40107
    transactions:                        40107  (5012.72 per sec.)
    queries:                             40107  (5012.72 per sec.)
    ignored errors:                      0      (0.00 per sec.)
    reconnects:                          0      (0.00 per sec.)

General statistics:
    total time:                          8.0007s
    total number of events:              40107

Latency (ms):
         min:                                    0.17
         avg:                                    0.20
         max:                                    8.04
         95th percentile:                        0.22
         sum:                                 7963.93

Threads fairness:
    events (avg/stddev):           40107.0000/0.00
    execution time (avg/stddev):   7.9639/0.00

