sysbench 1.0.20 (using system LuaJIT 2.1.0-beta3)

Running the test with following options:
Number of threads: 4
Report intermediate results every 2 second(s)
Initializing random number generator from current time


Initializing worker threads...

Threads started!

[ 2s ] thds: 4 tps: 0.00 qps: 3594.23 (r/w/o: 0.00/896.56/2697.67) lat (ms,95%): 0.00 err/s: 0.00 reconn/s: 0.00
[ 4s ] thds: 4 tps: 0.00 qps: 3412.77 (r/w/o: 0.00/853.19/2559.57) lat (ms,95%): 0.00 err/s: 0.00 reconn/s: 0.00
[ 6s ] thds: 4 tps: 0.00 qps: 3386.07 (r/w/o: 0.00/846.52/2539.55) lat (ms,95%): 0.00 err/s: 0.00 reconn/s: 0.00
[ 8s ] thds: 4 tps: 0.00 qps: 3425.96 (r/w/o: 0.00/856.49/2569.47) lat (ms,95%): 0.00 err/s: 0.00 reconn/s: 0.00
[ 10s ] thds: 4 tps: 0.00 qps: 3402.02 (r/w/o: 0.00/850.50/2551.51) lat (ms,95%): 0.00 err/s: 0.00 reconn/s: 0.00
[ 12s ] thds: 4 tps: 0.00 qps: 3448.00 (r/w/o: 0.00/862.00/2586.00) lat (ms,95%): 0.00 err/s: 0.00 reconn/s: 0.00
[ 14s ] thds: 4 tps: 0.00 qps: 3464.03 (r/w/o: 0.00/866.01/2598.02) lat (ms,95%): 0.00 err/s: 0.00 reconn/s: 0.00
[ 16s ] thds: 4 tps: 0.00 qps: 3379.87 (r/w/o: 0.00/844.97/2534.90) lat (ms,95%): 0.00 err/s: 0.00 reconn/s: 0.00
[ 18s ] thds: 4 tps: 0.00 qps: 3459.97 (r/w/o: 0.00/864.99/2594.98) lat (ms,95%): 0.00 err/s: 0.00 reconn/s: 0.00
[ 20s ] thds: 4 tps: 0.00 qps: 3464.11 (r/w/o: 0.00/866.03/2598.08) lat (ms,95%): 0.00 err/s: 0.00 reconn/s: 0.00
[ 22s ] thds: 4 tps: 0.00 qps: 3410.06 (r/w/o: 0.00/852.52/2557.55) lat (ms,95%): 0.00 err/s: 0.00 reconn/s: 0.00
[ 24s ] thds: 4 tps: 0.00 qps: 3425.91 (r/w/o: 0.00/856.48/2569.43) lat (ms,95%): 0.00 err/s: 0.00 reconn/s: 0.00
SQL statistics:
    queries performed:
        read:                            0
        write:                           22000
        other:                           66016
        total:                           88016
    transactions:                        4      (0.16 per sec.)
    queries:                             88016  (3432.15 per sec.)
    ignored errors:                      0      (0.00 per sec.)
    reconnects:                          0      (0.00 per sec.)

General statistics:
    total time:                          25.6441s
    total number of events:              4

Latency (ms):
         min:                                25642.77
         avg:                                25643.04
         max:                                25643.54
         95th percentile:                    25448.93
         sum:                               102572.18

Threads fairness:
    events (avg/stddev):           1.0000/0.00
    execution time (avg/stddev):   25.6430/0.00

