sysbench 1.0.20 (using system LuaJIT 2.1.0-beta3)

Running the test with following options:
Number of threads: 1
Report intermediate results every 1 second(s)
Initializing random number generator from current time


Initializing worker threads...

Threads started!

[ 1s ] thds: 1 tps: 1463.79 qps: 4393.37 (r/w/o: 4393.37/0.00/0.00) lat (ms,95%): 0.74 err/s: 0.00 reconn/s: 0.00
[ 2s ] thds: 1 tps: 1471.46 qps: 4414.37 (r/w/o: 4414.37/0.00/0.00) lat (ms,95%): 0.75 err/s: 0.00 reconn/s: 0.00
[ 3s ] thds: 1 tps: 1451.96 qps: 4353.88 (r/w/o: 4353.88/0.00/0.00) lat (ms,95%): 0.77 err/s: 0.00 reconn/s: 0.00
[ 4s ] thds: 1 tps: 1457.12 qps: 4372.37 (r/w/o: 4372.37/0.00/0.00) lat (ms,95%): 0.75 err/s: 0.00 reconn/s: 0.00
[ 5s ] thds: 1 tps: 1441.88 qps: 4324.63 (r/w/o: 4324.63/0.00/0.00) lat (ms,95%): 0.77 err/s: 0.00 reconn/s: 0.00
[ 6s ] thds: 1 tps: 1474.12 qps: 4422.35 (r/w/o: 4422.35/0.00/0.00) lat (ms,95%): 0.75 err/s: 0.00 reconn/s: 0.00
[ 7s ] thds: 1 tps: 1477.98 qps: 4433.94 (r/w/o: 4433.94/0.00/0.00) lat (ms,95%): 0.73 err/s: 0.00 reconn/s: 0.00
[ 8s ] thds: 1 tps: 1425.91 qps: 4279.73 (r/w/o: 4279.73/0.00/0.00) lat (ms,95%): 0.77 err/s: 0.00 reconn/s: 0.00
SQL statistics:
    queries performed:
        read:                            34998
        write:                           0
        other:                           0
        total:                           34998
    transactions:                        11666  (1458.04 per sec.)
    queries:                             34998  (4374.13 per sec.)
    ignored errors:                      0      (0.00 per sec.)
    reconnects:                          0      (0.00 per sec.)

General statistics:
    total time:                          8.0008s
    total number of events:              11666

Latency (ms):
         min:                                    0.61
         avg:                                    0.68
         max:                                    8.32
         95th percentile:                        0.75
         sum:                                 7989.06

Threads fairness:
    events (avg/stddev):           11666.0000/0.00
    execution time (avg/stddev):   7.9891/0.00

