sysbench 1.0.20 (using system LuaJIT 2.1.0-beta3)

Running the test with following options:
Number of threads: 1
Report intermediate results every 1 second(s)
Initializing random number generator from current time


Initializing worker threads...

Threads started!

[ 1s ] thds: 1 tps: 208.82 qps: 208.82 (r/w/o: 208.82/0.00/0.00) lat (ms,95%): 4.91 err/s: 0.00 reconn/s: 0.00
[ 2s ] thds: 1 tps: 250.09 qps: 250.09 (r/w/o: 250.09/0.00/0.00) lat (ms,95%): 4.65 err/s: 0.00 reconn/s: 0.00
[ 3s ] thds: 1 tps: 269.00 qps: 269.00 (r/w/o: 269.00/0.00/0.00) lat (ms,95%): 4.10 err/s: 0.00 reconn/s: 0.00
[ 4s ] thds: 1 tps: 270.01 qps: 270.01 (r/w/o: 270.01/0.00/0.00) lat (ms,95%): 3.96 err/s: 0.00 reconn/s: 0.00
[ 5s ] thds: 1 tps: 263.99 qps: 263.99 (r/w/o: 263.99/0.00/0.00) lat (ms,95%): 4.10 err/s: 0.00 reconn/s: 0.00
[ 6s ] thds: 1 tps: 268.01 qps: 268.01 (r/w/o: 268.01/0.00/0.00) lat (ms,95%): 4.10 err/s: 0.00 reconn/s: 0.00
[ 7s ] thds: 1 tps: 269.99 qps: 269.99 (r/w/o: 269.99/0.00/0.00) lat (ms,95%): 4.10 err/s: 0.00 reconn/s: 0.00
[ 8s ] thds: 1 tps: 269.00 qps: 269.00 (r/w/o: 269.00/0.00/0.00) lat (ms,95%): 4.10 err/s: 0.00 reconn/s: 0.00
SQL statistics:
    queries performed:
        read:                            2070
        write:                           0
        other:                           0
        total:                           2070
    transactions:                        2070   (258.66 per sec.)
    queries:                             2070   (258.66 per sec.)
    ignored errors:                      0      (0.00 per sec.)
    reconnects:                          0      (0.00 per sec.)

General statistics:
    total time:                          8.0025s
    total number of events:              2070

Latency (ms):
         min:                                    3.06
         avg:                                    3.86
         max:                                   14.27
         95th percentile:                        4.82
         sum:                                 7998.91

Threads fairness:
    events (avg/stddev):           2070.0000/0.00
    execution time (avg/stddev):   7.9989/0.00

