sysbench 1.0.20 (using system LuaJIT 2.1.0-beta3)

Running the test with following options:
Number of threads: 1
Report intermediate results every 1 second(s)
Initializing random number generator from current time


Initializing worker threads...

Threads started!

[ 1s ] thds: 1 tps: 1420.01 qps: 4260.03 (r/w/o: 4260.03/0.00/0.00) lat (ms,95%): 0.78 err/s: 0.00 reconn/s: 0.00
[ 2s ] thds: 1 tps: 1443.39 qps: 4331.16 (r/w/o: 4331.16/0.00/0.00) lat (ms,95%): 0.77 err/s: 0.00 reconn/s: 0.00
[ 3s ] thds: 1 tps: 1452.82 qps: 4359.47 (r/w/o: 4359.47/0.00/0.00) lat (ms,95%): 0.74 err/s: 0.00 reconn/s: 0.00
[ 4s ] thds: 1 tps: 1449.02 qps: 4347.06 (r/w/o: 4347.06/0.00/0.00) lat (ms,95%): 0.75 err/s: 0.00 reconn/s: 0.00
[ 5s ] thds: 1 tps: 1437.12 qps: 4311.37 (r/w/o: 4311.37/0.00/0.00) lat (ms,95%): 0.77 err/s: 0.00 reconn/s: 0.00
[ 6s ] thds: 1 tps: 1425.99 qps: 4275.98 (r/w/o: 4275.98/0.00/0.00) lat (ms,95%): 0.78 err/s: 0.00 reconn/s: 0.00
[ 7s ] thds: 1 tps: 1416.89 qps: 4251.67 (r/w/o: 4251.67/0.00/0.00) lat (ms,95%): 0.78 err/s: 0.00 reconn/s: 0.00
[ 8s ] thds: 1 tps: 1395.09 qps: 4186.27 (r/w/o: 4186.27/0.00/0.00) lat (ms,95%): 0.78 err/s: 0.00 reconn/s: 0.00
SQL statistics:
    queries performed:
        read:                            34326
        write:                           0
        other:                           0
        total:                           34326
    transactions:                        11442  (1430.06 per sec.)
    queries:                             34326  (4290.18 per sec.)
    ignored errors:                      0      (0.00 per sec.)
    reconnects:                          0      (0.00 per sec.)

General statistics:
    total time:                          8.0007s
    total number of events:              11442

Latency (ms):
         min:                                    0.63
         avg:                                    0.70
         max:                                    8.16
         95th percentile:                        0.77
         sum:                                 7988.41

Threads fairness:
    events (avg/stddev):           11442.0000/0.00
    execution time (avg/stddev):   7.9884/0.00

