sysbench 1.0.20 (using system LuaJIT 2.1.0-beta3)

Running the test with following options:
Number of threads: 4
Report intermediate results every 2 second(s)
Initializing random number generator from current time


Initializing worker threads...

Threads started!

[ 2s ] thds: 4 tps: 4153.60 qps: 12463.29 (r/w/o: 12463.29/0.00/0.00) lat (ms,95%): 1.21 err/s: 0.00 reconn/s: 0.00
[ 4s ] thds: 4 tps: 4220.69 qps: 12662.08 (r/w/o: 12662.08/0.00/0.00) lat (ms,95%): 1.21 err/s: 0.00 reconn/s: 0.00
[ 6s ] thds: 4 tps: 4176.23 qps: 12527.69 (r/w/o: 12527.69/0.00/0.00) lat (ms,95%): 1.23 err/s: 0.00 reconn/s: 0.00
[ 8s ] thds: 4 tps: 4137.27 qps: 12411.81 (r/w/o: 12411.81/0.00/0.00) lat (ms,95%): 1.23 err/s: 0.00 reconn/s: 0.00
[ 10s ] thds: 4 tps: 4148.48 qps: 12445.45 (r/w/o: 12445.45/0.00/0.00) lat (ms,95%): 1.23 err/s: 0.00 reconn/s: 0.00
[ 12s ] thds: 4 tps: 4159.01 qps: 12477.54 (r/w/o: 12477.54/0.00/0.00) lat (ms,95%): 1.23 err/s: 0.00 reconn/s: 0.00
[ 14s ] thds: 4 tps: 4171.98 qps: 12515.95 (r/w/o: 12515.95/0.00/0.00) lat (ms,95%): 1.23 err/s: 0.00 reconn/s: 0.00
[ 16s ] thds: 4 tps: 4155.01 qps: 12464.53 (r/w/o: 12464.53/0.00/0.00) lat (ms,95%): 1.23 err/s: 0.00 reconn/s: 0.00
[ 18s ] thds: 4 tps: 4161.51 qps: 12484.54 (r/w/o: 12484.54/0.00/0.00) lat (ms,95%): 1.23 err/s: 0.00 reconn/s: 0.00
SQL statistics:
    queries performed:
        read:                            224919
        write:                           0
        other:                           0
        total:                           224919
    transactions:                        74973  (4164.73 per sec.)
    queries:                             224919 (12494.19 per sec.)
    ignored errors:                      0      (0.00 per sec.)
    reconnects:                          0      (0.00 per sec.)

General statistics:
    total time:                          18.0015s
    total number of events:              74973

Latency (ms):
         min:                                    0.62
         avg:                                    0.96
         max:                                   19.81
         95th percentile:                        1.23
         sum:                                71901.39

Threads fairness:
    events (avg/stddev):           18743.2500/32.21
    execution time (avg/stddev):   17.9753/0.00

