sysbench 1.0.20 (using system LuaJIT 2.1.0-beta3)

Running the test with following options:
Number of threads: 1
Report intermediate results every 1 second(s)
Initializing random number generator from current time


Initializing worker threads...

Threads started!

[ 1s ] thds: 1 tps: 2.00 qps: 634.41 (r/w/o: 0.00/627.42/6.99) lat (ms,95%): 404.61 err/s: 0.00 reconn/s: 0.00
[ 2s ] thds: 1 tps: 3.00 qps: 693.33 (r/w/o: 0.00/687.33/6.00) lat (ms,95%): 404.61 err/s: 0.00 reconn/s: 0.00
[ 3s ] thds: 1 tps: 2.00 qps: 713.98 (r/w/o: 0.00/709.98/4.00) lat (ms,95%): 369.77 err/s: 0.00 reconn/s: 0.00
[ 4s ] thds: 1 tps: 3.00 qps: 703.98 (r/w/o: 0.00/697.98/6.00) lat (ms,95%): 376.49 err/s: 0.00 reconn/s: 0.00
[ 5s ] thds: 1 tps: 3.00 qps: 701.03 (r/w/o: 0.00/695.03/6.00) lat (ms,95%): 397.39 err/s: 0.00 reconn/s: 0.00
[ 6s ] thds: 1 tps: 3.00 qps: 696.02 (r/w/o: 0.00/690.02/6.00) lat (ms,95%): 397.39 err/s: 0.00 reconn/s: 0.00
[ 7s ] thds: 1 tps: 2.00 qps: 642.99 (r/w/o: 0.00/638.99/4.00) lat (ms,95%): 411.96 err/s: 0.00 reconn/s: 0.00
[ 8s ] thds: 1 tps: 3.00 qps: 694.00 (r/w/o: 0.00/688.00/6.00) lat (ms,95%): 397.39 err/s: 0.00 reconn/s: 0.00
SQL statistics:
    queries performed:
        read:                            0
        write:                           5609
        other:                           45
        total:                           5654
    transactions:                        22     (2.67 per sec.)
    queries:                             5654   (685.27 per sec.)
    ignored errors:                      0      (0.00 per sec.)
    reconnects:                          0      (0.00 per sec.)

General statistics:
    total time:                          8.2504s
    total number of events:              22

Latency (ms):
         min:                                  345.61
         avg:                                  374.99
         max:                                  412.70
         95th percentile:                      404.61
         sum:                                 8249.74

Threads fairness:
    events (avg/stddev):           22.0000/0.00
    execution time (avg/stddev):   8.2497/0.00

