sysbench 1.0.20 (using system LuaJIT 2.1.0-beta3)

Running the test with following options:
Number of threads: 4
Report intermediate results every 2 second(s)
Initializing random number generator from current time


Initializing worker threads...

Threads started!

[ 2s ] thds: 4 tps: 4.00 qps: 4825.47 (r/w/o: 0.00/1202.87/3622.60) lat (ms,95%): 846.57 err/s: 0.00 reconn/s: 0.00
[ 4s ] thds: 4 tps: 4.00 qps: 4598.69 (r/w/o: 0.00/1147.80/3450.89) lat (ms,95%): 877.61 err/s: 0.00 reconn/s: 0.00
[ 6s ] thds: 4 tps: 4.00 qps: 4476.50 (r/w/o: 0.00/1117.00/3359.50) lat (ms,95%): 893.56 err/s: 0.00 reconn/s: 0.00
[ 8s ] thds: 4 tps: 6.00 qps: 4444.08 (r/w/o: 0.00/1108.02/3336.06) lat (ms,95%): 909.80 err/s: 0.00 reconn/s: 0.00
[ 10s ] thds: 4 tps: 4.00 qps: 4406.06 (r/w/o: 0.00/1099.52/3306.55) lat (ms,95%): 909.80 err/s: 0.00 reconn/s: 0.00
[ 12s ] thds: 4 tps: 4.00 qps: 4411.83 (r/w/o: 0.00/1100.96/3310.87) lat (ms,95%): 909.80 err/s: 0.00 reconn/s: 0.00
[ 14s ] thds: 4 tps: 4.00 qps: 4523.50 (r/w/o: 0.00/1129.00/3394.50) lat (ms,95%): 926.33 err/s: 0.00 reconn/s: 0.00
[ 16s ] thds: 4 tps: 6.00 qps: 4436.55 (r/w/o: 0.00/1106.01/3330.54) lat (ms,95%): 909.80 err/s: 0.00 reconn/s: 0.00
[ 18s ] thds: 4 tps: 4.00 qps: 4529.99 (r/w/o: 0.00/1130.50/3399.49) lat (ms,95%): 893.56 err/s: 0.00 reconn/s: 0.00
SQL statistics:
    queries performed:
        read:                            0
        write:                           21020
        other:                           63232
        total:                           84252
    transactions:                        84     (4.51 per sec.)
    queries:                             84252  (4519.48 per sec.)
    ignored errors:                      0      (0.00 per sec.)
    reconnects:                          0      (0.00 per sec.)

General statistics:
    total time:                          18.6416s
    total number of events:              84

Latency (ms):
         min:                                  812.52
         avg:                                  887.65
         max:                                  924.70
         95th percentile:                      909.80
         sum:                                74562.36

Threads fairness:
    events (avg/stddev):           21.0000/0.00
    execution time (avg/stddev):   18.6406/0.00

