sysbench 1.0.20 (using system LuaJIT 2.1.0-beta3)

Running the test with following options:
Number of threads: 1
Report intermediate results every 1 second(s)
Initializing random number generator from current time


Initializing worker threads...

Threads started!

[ 1s ] thds: 1 tps: 1.00 qps: 1208.93 (r/w/o: 0.00/1203.94/5.00) lat (ms,95%): 846.57 err/s: 0.00 reconn/s: 0.00
[ 2s ] thds: 1 tps: 1.00 qps: 1229.49 (r/w/o: 0.00/1227.49/2.00) lat (ms,95%): 802.05 err/s: 0.00 reconn/s: 0.00
[ 3s ] thds: 1 tps: 1.00 qps: 1174.00 (r/w/o: 0.00/1172.00/2.00) lat (ms,95%): 816.63 err/s: 0.00 reconn/s: 0.00
[ 4s ] thds: 1 tps: 1.00 qps: 1079.04 (r/w/o: 0.00/1077.04/2.00) lat (ms,95%): 909.80 err/s: 0.00 reconn/s: 0.00
[ 5s ] thds: 1 tps: 1.00 qps: 1226.96 (r/w/o: 0.00/1224.96/2.00) lat (ms,95%): 893.56 err/s: 0.00 reconn/s: 0.00
[ 6s ] thds: 1 tps: 2.00 qps: 1162.03 (r/w/o: 0.00/1158.03/4.00) lat (ms,95%): 861.95 err/s: 0.00 reconn/s: 0.00
[ 7s ] thds: 1 tps: 1.00 qps: 1091.98 (r/w/o: 0.00/1089.98/2.00) lat (ms,95%): 909.80 err/s: 0.00 reconn/s: 0.00
[ 8s ] thds: 1 tps: 1.00 qps: 1155.93 (r/w/o: 0.00/1153.93/2.00) lat (ms,95%): 861.95 err/s: 0.00 reconn/s: 0.00
SQL statistics:
    queries performed:
        read:                            0
        write:                           10009
        other:                           21
        total:                           10030
    transactions:                        10     (1.16 per sec.)
    queries:                             10030  (1164.90 per sec.)
    ignored errors:                      0      (0.00 per sec.)
    reconnects:                          0      (0.00 per sec.)

General statistics:
    total time:                          8.6098s
    total number of events:              10

Latency (ms):
         min:                                  805.91
         avg:                                  860.92
         max:                                  915.81
         95th percentile:                      909.80
         sum:                                 8609.22

Threads fairness:
    events (avg/stddev):           10.0000/0.00
    execution time (avg/stddev):   8.6092/0.00

