sysbench 1.0.20 (using system LuaJIT 2.1.0-beta3)

Running the test with following options:
Number of threads: 1
Report intermediate results every 1 second(s)
Initializing random number generator from current time


Initializing worker threads...

Threads started!

[ 1s ] thds: 1 tps: 0.00 qps: 392.65 (r/w/o: 0.00/389.65/3.00) lat (ms,95%): 0.00 err/s: 0.00 reconn/s: 0.00
[ 2s ] thds: 1 tps: 0.00 qps: 431.17 (r/w/o: 0.00/431.17/0.00) lat (ms,95%): 0.00 err/s: 0.00 reconn/s: 0.00
[ 3s ] thds: 1 tps: 0.00 qps: 395.02 (r/w/o: 0.00/395.02/0.00) lat (ms,95%): 0.00 err/s: 0.00 reconn/s: 0.00
[ 4s ] thds: 1 tps: 0.00 qps: 432.00 (r/w/o: 0.00/432.00/0.00) lat (ms,95%): 0.00 err/s: 0.00 reconn/s: 0.00
[ 5s ] thds: 1 tps: 0.00 qps: 487.98 (r/w/o: 0.00/487.98/0.00) lat (ms,95%): 0.00 err/s: 0.00 reconn/s: 0.00
[ 6s ] thds: 1 tps: 0.00 qps: 444.00 (r/w/o: 0.00/444.00/0.00) lat (ms,95%): 0.00 err/s: 0.00 reconn/s: 0.00
[ 7s ] thds: 1 tps: 0.00 qps: 468.02 (r/w/o: 0.00/468.02/0.00) lat (ms,95%): 0.00 err/s: 0.00 reconn/s: 0.00
[ 8s ] thds: 1 tps: 0.00 qps: 422.99 (r/w/o: 0.00/422.99/0.00) lat (ms,95%): 0.00 err/s: 0.00 reconn/s: 0.00
[ 9s ] thds: 1 tps: 0.00 qps: 409.99 (r/w/o: 0.00/409.99/0.00) lat (ms,95%): 0.00 err/s: 0.00 reconn/s: 0.00
SQL statistics:
    queries performed:
        read:                            0
        write:                           4000
        other:                           3
        total:                           4003
    transactions:                        1      (0.11 per sec.)
    queries:                             4003   (433.35 per sec.)
    ignored errors:                      0      (0.00 per sec.)
    reconnects:                          0      (0.00 per sec.)

General statistics:
    total time:                          9.2370s
    total number of events:              1

Latency (ms):
         min:                                 9236.45
         avg:                                 9236.45
         max:                                 9236.45
         95th percentile:                     9284.15
         sum:                                 9236.45

Threads fairness:
    events (avg/stddev):           1.0000/0.00
    execution time (avg/stddev):   9.2364/0.00

