sysbench 1.0.20 (using system LuaJIT 2.1.0-beta3)

Running the test with following options:
Number of threads: 1
Report intermediate results every 1 second(s)
Initializing random number generator from current time


Initializing worker threads...

Threads started!

[ 1s ] thds: 1 tps: 260.80 qps: 260.80 (r/w/o: 260.80/0.00/0.00) lat (ms,95%): 4.18 err/s: 0.00 reconn/s: 0.00
[ 2s ] thds: 1 tps: 261.06 qps: 261.06 (r/w/o: 261.06/0.00/0.00) lat (ms,95%): 4.18 err/s: 0.00 reconn/s: 0.00
[ 3s ] thds: 1 tps: 259.00 qps: 259.00 (r/w/o: 259.00/0.00/0.00) lat (ms,95%): 4.18 err/s: 0.00 reconn/s: 0.00
[ 4s ] thds: 1 tps: 260.00 qps: 260.00 (r/w/o: 260.00/0.00/0.00) lat (ms,95%): 4.18 err/s: 0.00 reconn/s: 0.00
[ 5s ] thds: 1 tps: 262.00 qps: 262.00 (r/w/o: 262.00/0.00/0.00) lat (ms,95%): 4.18 err/s: 0.00 reconn/s: 0.00
[ 6s ] thds: 1 tps: 264.00 qps: 264.00 (r/w/o: 264.00/0.00/0.00) lat (ms,95%): 3.96 err/s: 0.00 reconn/s: 0.00
[ 7s ] thds: 1 tps: 261.00 qps: 261.00 (r/w/o: 261.00/0.00/0.00) lat (ms,95%): 4.18 err/s: 0.00 reconn/s: 0.00
[ 8s ] thds: 1 tps: 266.01 qps: 266.01 (r/w/o: 266.01/0.00/0.00) lat (ms,95%): 4.18 err/s: 0.00 reconn/s: 0.00
SQL statistics:
    queries performed:
        read:                            2095
        write:                           0
        other:                           0
        total:                           2095
    transactions:                        2095   (261.73 per sec.)
    queries:                             2095   (261.73 per sec.)
    ignored errors:                      0      (0.00 per sec.)
    reconnects:                          0      (0.00 per sec.)

General statistics:
    total time:                          8.0041s
    total number of events:              2095

Latency (ms):
         min:                                    3.23
         avg:                                    3.82
         max:                                   11.41
         95th percentile:                        4.18
         sum:                                 8000.70

Threads fairness:
    events (avg/stddev):           2095.0000/0.00
    execution time (avg/stddev):   8.0007/0.00

