sysbench 1.0.20 (using system LuaJIT 2.1.0-beta3)

Running the test with following options:
Number of threads: 1
Report intermediate results every 1 second(s)
Initializing random number generator from current time


Initializing worker threads...

Threads started!

[ 1s ] thds: 1 tps: 57.94 qps: 57.94 (r/w/o: 57.94/0.00/0.00) lat (ms,95%): 17.63 err/s: 0.00 reconn/s: 0.00
[ 2s ] thds: 1 tps: 58.03 qps: 58.03 (r/w/o: 58.03/0.00/0.00) lat (ms,95%): 17.95 err/s: 0.00 reconn/s: 0.00
[ 3s ] thds: 1 tps: 59.00 qps: 59.00 (r/w/o: 59.00/0.00/0.00) lat (ms,95%): 17.32 err/s: 0.00 reconn/s: 0.00
[ 4s ] thds: 1 tps: 58.00 qps: 58.00 (r/w/o: 58.00/0.00/0.00) lat (ms,95%): 17.01 err/s: 0.00 reconn/s: 0.00
[ 5s ] thds: 1 tps: 59.00 qps: 59.00 (r/w/o: 59.00/0.00/0.00) lat (ms,95%): 17.32 err/s: 0.00 reconn/s: 0.00
[ 6s ] thds: 1 tps: 59.01 qps: 59.01 (r/w/o: 59.01/0.00/0.00) lat (ms,95%): 17.32 err/s: 0.00 reconn/s: 0.00
[ 7s ] thds: 1 tps: 59.00 qps: 59.00 (r/w/o: 59.00/0.00/0.00) lat (ms,95%): 17.01 err/s: 0.00 reconn/s: 0.00
[ 8s ] thds: 1 tps: 59.00 qps: 59.00 (r/w/o: 59.00/0.00/0.00) lat (ms,95%): 17.63 err/s: 0.00 reconn/s: 0.00
SQL statistics:
    queries performed:
        read:                            470
        write:                           0
        other:                           0
        total:                           470
    transactions:                        470    (58.67 per sec.)
    queries:                             470    (58.67 per sec.)
    ignored errors:                      0      (0.00 per sec.)
    reconnects:                          0      (0.00 per sec.)

General statistics:
    total time:                          8.0100s
    total number of events:              470

Latency (ms):
         min:                                   16.59
         avg:                                   17.04
         max:                                   25.46
         95th percentile:                       17.63
         sum:                                 8008.02

Threads fairness:
    events (avg/stddev):           470.0000/0.00
    execution time (avg/stddev):   8.0080/0.00

