sysbench 1.0.20 (using system LuaJIT 2.1.0-beta3)

Running the test with following options:
Number of threads: 4
Report intermediate results every 2 second(s)
Initializing random number generator from current time


Initializing worker threads...

Threads started!

[ 2s ] thds: 4 tps: 73.46 qps: 73.46 (r/w/o: 73.46/0.00/0.00) lat (ms,95%): 78.60 err/s: 0.00 reconn/s: 0.00
[ 4s ] thds: 4 tps: 80.52 qps: 80.52 (r/w/o: 80.52/0.00/0.00) lat (ms,95%): 52.89 err/s: 0.00 reconn/s: 0.00
[ 6s ] thds: 4 tps: 79.50 qps: 79.50 (r/w/o: 79.50/0.00/0.00) lat (ms,95%): 53.85 err/s: 0.00 reconn/s: 0.00
[ 8s ] thds: 4 tps: 80.50 qps: 80.50 (r/w/o: 80.50/0.00/0.00) lat (ms,95%): 51.94 err/s: 0.00 reconn/s: 0.00
[ 10s ] thds: 4 tps: 76.50 qps: 76.50 (r/w/o: 76.50/0.00/0.00) lat (ms,95%): 61.08 err/s: 0.00 reconn/s: 0.00
[ 12s ] thds: 4 tps: 79.00 qps: 79.00 (r/w/o: 79.00/0.00/0.00) lat (ms,95%): 53.85 err/s: 0.00 reconn/s: 0.00
[ 14s ] thds: 4 tps: 79.00 qps: 79.00 (r/w/o: 79.00/0.00/0.00) lat (ms,95%): 55.82 err/s: 0.00 reconn/s: 0.00
[ 16s ] thds: 4 tps: 78.00 qps: 78.00 (r/w/o: 78.00/0.00/0.00) lat (ms,95%): 54.83 err/s: 0.00 reconn/s: 0.00
[ 18s ] thds: 4 tps: 77.50 qps: 77.50 (r/w/o: 77.50/0.00/0.00) lat (ms,95%): 54.83 err/s: 0.00 reconn/s: 0.00
SQL statistics:
    queries performed:
        read:                            1412
        write:                           0
        other:                           0
        total:                           1412
    transactions:                        1412   (78.31 per sec.)
    queries:                             1412   (78.31 per sec.)
    ignored errors:                      0      (0.00 per sec.)
    reconnects:                          0      (0.00 per sec.)

General statistics:
    total time:                          18.0304s
    total number of events:              1412

Latency (ms):
         min:                                   43.40
         avg:                                   51.06
         max:                                  116.37
         95th percentile:                       55.82
         sum:                                72103.74

Threads fairness:
    events (avg/stddev):           353.0000/2.12
    execution time (avg/stddev):   18.0259/0.00

