sysbench 1.0.20 (using system LuaJIT 2.1.0-beta3)

Running the test with following options:
Number of threads: 4
Report intermediate results every 2 second(s)
Initializing random number generator from current time


Initializing worker threads...

Threads started!

[ 2s ] thds: 4 tps: 0.00 qps: 3210.27 (r/w/o: 0.00/800.57/2409.70) lat (ms,95%): 0.00 err/s: 0.00 reconn/s: 0.00
[ 4s ] thds: 4 tps: 0.00 qps: 3346.81 (r/w/o: 0.00/836.70/2510.11) lat (ms,95%): 0.00 err/s: 0.00 reconn/s: 0.00
[ 6s ] thds: 4 tps: 0.00 qps: 4040.08 (r/w/o: 0.00/1010.02/3030.06) lat (ms,95%): 0.00 err/s: 0.00 reconn/s: 0.00
[ 8s ] thds: 4 tps: 0.00 qps: 3956.05 (r/w/o: 0.00/989.01/2967.04) lat (ms,95%): 0.00 err/s: 0.00 reconn/s: 0.00
[ 10s ] thds: 4 tps: 0.00 qps: 4250.03 (r/w/o: 0.00/1062.51/3187.52) lat (ms,95%): 0.00 err/s: 0.00 reconn/s: 0.00
[ 12s ] thds: 4 tps: 0.00 qps: 4367.87 (r/w/o: 0.00/1091.97/3275.90) lat (ms,95%): 0.00 err/s: 0.00 reconn/s: 0.00
[ 14s ] thds: 4 tps: 0.00 qps: 4386.03 (r/w/o: 0.00/1096.51/3289.53) lat (ms,95%): 0.00 err/s: 0.00 reconn/s: 0.00
[ 16s ] thds: 4 tps: 0.00 qps: 3864.14 (r/w/o: 0.00/966.03/2898.10) lat (ms,95%): 0.00 err/s: 0.00 reconn/s: 0.00
[ 18s ] thds: 4 tps: 0.00 qps: 3697.90 (r/w/o: 0.00/924.47/2773.42) lat (ms,95%): 0.00 err/s: 0.00 reconn/s: 0.00
[ 20s ] thds: 4 tps: 0.00 qps: 3879.93 (r/w/o: 0.00/969.98/2909.95) lat (ms,95%): 0.00 err/s: 0.00 reconn/s: 0.00
[ 22s ] thds: 4 tps: 0.00 qps: 3764.08 (r/w/o: 0.00/941.02/2823.06) lat (ms,95%): 0.00 err/s: 0.00 reconn/s: 0.00
SQL statistics:
    queries performed:
        read:                            0
        write:                           22000
        other:                           66016
        total:                           88016
    transactions:                        4      (0.18 per sec.)
    queries:                             88016  (3874.99 per sec.)
    ignored errors:                      0      (0.00 per sec.)
    reconnects:                          0      (0.00 per sec.)

General statistics:
    total time:                          22.7135s
    total number of events:              4

Latency (ms):
         min:                                22712.49
         avg:                                22712.51
         max:                                22712.54
         95th percentile:                    22842.77
         sum:                                90850.02

Threads fairness:
    events (avg/stddev):           1.0000/0.00
    execution time (avg/stddev):   22.7125/0.00

