sysbench 1.0.20 (using system LuaJIT 2.1.0-beta3)

Running the test with following options:
Number of threads: 1
Report intermediate results every 1 second(s)
Initializing random number generator from current time


Initializing worker threads...

Threads started!

[ 1s ] thds: 1 tps: 0.00 qps: 817.30 (r/w/o: 0.00/814.30/3.00) lat (ms,95%): 0.00 err/s: 0.00 reconn/s: 0.00
[ 2s ] thds: 1 tps: 0.00 qps: 934.36 (r/w/o: 0.00/934.36/0.00) lat (ms,95%): 0.00 err/s: 0.00 reconn/s: 0.00
[ 3s ] thds: 1 tps: 0.00 qps: 901.02 (r/w/o: 0.00/901.02/0.00) lat (ms,95%): 0.00 err/s: 0.00 reconn/s: 0.00
[ 4s ] thds: 1 tps: 0.00 qps: 861.99 (r/w/o: 0.00/861.99/0.00) lat (ms,95%): 0.00 err/s: 0.00 reconn/s: 0.00
[ 5s ] thds: 1 tps: 1.00 qps: 860.00 (r/w/o: 0.00/858.00/2.00) lat (ms,95%): 4517.90 err/s: 0.00 reconn/s: 0.00
[ 6s ] thds: 1 tps: 0.00 qps: 978.94 (r/w/o: 0.00/978.94/0.00) lat (ms,95%): 0.00 err/s: 0.00 reconn/s: 0.00
[ 7s ] thds: 1 tps: 0.00 qps: 904.02 (r/w/o: 0.00/904.02/0.00) lat (ms,95%): 0.00 err/s: 0.00 reconn/s: 0.00
[ 8s ] thds: 1 tps: 0.00 qps: 936.99 (r/w/o: 0.00/936.99/0.00) lat (ms,95%): 0.00 err/s: 0.00 reconn/s: 0.00
SQL statistics:
    queries performed:
        read:                            0
        write:                           8001
        other:                           5
        total:                           8006
    transactions:                        2      (0.23 per sec.)
    queries:                             8006   (907.41 per sec.)
    ignored errors:                      0      (0.00 per sec.)
    reconnects:                          0      (0.00 per sec.)

General statistics:
    total time:                          8.8225s
    total number of events:              2

Latency (ms):
         min:                                 4287.54
         avg:                                 4410.97
         max:                                 4534.40
         95th percentile:                     4517.90
         sum:                                 8821.94

Threads fairness:
    events (avg/stddev):           2.0000/0.00
    execution time (avg/stddev):   8.8219/0.00

