sysbench 1.0.20 (using system LuaJIT 2.1.0-beta3)

Running the test with following options:
Number of threads: 1
Report intermediate results every 1 second(s)
Initializing random number generator from current time


Initializing worker threads...

Threads started!

[ 1s ] thds: 1 tps: 269.77 qps: 269.77 (r/w/o: 269.77/0.00/0.00) lat (ms,95%): 4.10 err/s: 0.00 reconn/s: 0.00
[ 2s ] thds: 1 tps: 278.11 qps: 278.11 (r/w/o: 278.11/0.00/0.00) lat (ms,95%): 3.75 err/s: 0.00 reconn/s: 0.00
[ 3s ] thds: 1 tps: 272.99 qps: 272.99 (r/w/o: 272.99/0.00/0.00) lat (ms,95%): 4.10 err/s: 0.00 reconn/s: 0.00
[ 4s ] thds: 1 tps: 271.01 qps: 271.01 (r/w/o: 271.01/0.00/0.00) lat (ms,95%): 4.10 err/s: 0.00 reconn/s: 0.00
[ 5s ] thds: 1 tps: 269.00 qps: 269.00 (r/w/o: 269.00/0.00/0.00) lat (ms,95%): 4.10 err/s: 0.00 reconn/s: 0.00
[ 6s ] thds: 1 tps: 275.01 qps: 275.01 (r/w/o: 275.01/0.00/0.00) lat (ms,95%): 3.82 err/s: 0.00 reconn/s: 0.00
[ 7s ] thds: 1 tps: 259.00 qps: 259.00 (r/w/o: 259.00/0.00/0.00) lat (ms,95%): 4.41 err/s: 0.00 reconn/s: 0.00
[ 8s ] thds: 1 tps: 269.99 qps: 269.99 (r/w/o: 269.99/0.00/0.00) lat (ms,95%): 4.10 err/s: 0.00 reconn/s: 0.00
SQL statistics:
    queries performed:
        read:                            2166
        write:                           0
        other:                           0
        total:                           2166
    transactions:                        2166   (270.70 per sec.)
    queries:                             2166   (270.70 per sec.)
    ignored errors:                      0      (0.00 per sec.)
    reconnects:                          0      (0.00 per sec.)

General statistics:
    total time:                          8.0013s
    total number of events:              2166

Latency (ms):
         min:                                    3.09
         avg:                                    3.69
         max:                                   11.61
         95th percentile:                        4.10
         sum:                                 7997.48

Threads fairness:
    events (avg/stddev):           2166.0000/0.00
    execution time (avg/stddev):   7.9975/0.00

