sysbench 1.0.20 (using system LuaJIT 2.1.0-beta3)

Running the test with following options:
Number of threads: 1
Report intermediate results every 1 second(s)
Initializing random number generator from current time


Initializing worker threads...

Threads started!

[ 1s ] thds: 1 tps: 50.95 qps: 50.95 (r/w/o: 50.95/0.00/0.00) lat (ms,95%): 19.65 err/s: 0.00 reconn/s: 0.00
[ 2s ] thds: 1 tps: 51.03 qps: 51.03 (r/w/o: 51.03/0.00/0.00) lat (ms,95%): 20.00 err/s: 0.00 reconn/s: 0.00
[ 3s ] thds: 1 tps: 51.00 qps: 51.00 (r/w/o: 51.00/0.00/0.00) lat (ms,95%): 19.29 err/s: 0.00 reconn/s: 0.00
[ 4s ] thds: 1 tps: 52.00 qps: 52.00 (r/w/o: 52.00/0.00/0.00) lat (ms,95%): 19.65 err/s: 0.00 reconn/s: 0.00
[ 5s ] thds: 1 tps: 51.00 qps: 51.00 (r/w/o: 51.00/0.00/0.00) lat (ms,95%): 20.00 err/s: 0.00 reconn/s: 0.00
[ 6s ] thds: 1 tps: 51.00 qps: 51.00 (r/w/o: 51.00/0.00/0.00) lat (ms,95%): 19.65 err/s: 0.00 reconn/s: 0.00
[ 7s ] thds: 1 tps: 52.00 qps: 52.00 (r/w/o: 52.00/0.00/0.00) lat (ms,95%): 19.29 err/s: 0.00 reconn/s: 0.00
[ 8s ] thds: 1 tps: 51.00 qps: 51.00 (r/w/o: 51.00/0.00/0.00) lat (ms,95%): 19.65 err/s: 0.00 reconn/s: 0.00
SQL statistics:
    queries performed:
        read:                            411
        write:                           0
        other:                           0
        total:                           411
    transactions:                        411    (51.34 per sec.)
    queries:                             411    (51.34 per sec.)
    ignored errors:                      0      (0.00 per sec.)
    reconnects:                          0      (0.00 per sec.)

General statistics:
    total time:                          8.0049s
    total number of events:              411

Latency (ms):
         min:                                   19.19
         avg:                                   19.47
         max:                                   28.01
         95th percentile:                       19.65
         sum:                                 8003.61

Threads fairness:
    events (avg/stddev):           411.0000/0.00
    execution time (avg/stddev):   8.0036/0.00

