sysbench 1.0.20 (using system LuaJIT 2.1.0-beta3)

Running the test with following options:
Number of threads: 1
Report intermediate results every 1 second(s)
Initializing random number generator from current time


Initializing worker threads...

Threads started!

[ 1s ] thds: 1 tps: 0.00 qps: 709.37 (r/w/o: 0.00/705.37/4.00) lat (ms,95%): 0.00 err/s: 0.00 reconn/s: 0.00
[ 2s ] thds: 1 tps: 0.00 qps: 677.32 (r/w/o: 0.00/677.32/0.00) lat (ms,95%): 0.00 err/s: 0.00 reconn/s: 0.00
[ 3s ] thds: 1 tps: 0.00 qps: 606.00 (r/w/o: 0.00/606.00/0.00) lat (ms,95%): 0.00 err/s: 0.00 reconn/s: 0.00
[ 4s ] thds: 1 tps: 0.00 qps: 634.98 (r/w/o: 0.00/634.98/0.00) lat (ms,95%): 0.00 err/s: 0.00 reconn/s: 0.00
[ 5s ] thds: 1 tps: 0.00 qps: 1084.98 (r/w/o: 0.00/1084.98/0.00) lat (ms,95%): 0.00 err/s: 0.00 reconn/s: 0.00
[ 6s ] thds: 1 tps: 0.00 qps: 1165.98 (r/w/o: 0.00/1165.98/0.00) lat (ms,95%): 0.00 err/s: 0.00 reconn/s: 0.00
[ 7s ] thds: 1 tps: 0.00 qps: 1045.02 (r/w/o: 0.00/1045.02/0.00) lat (ms,95%): 0.00 err/s: 0.00 reconn/s: 0.00
[ 8s ] thds: 1 tps: 0.00 qps: 1081.01 (r/w/o: 0.00/1081.01/0.00) lat (ms,95%): 0.00 err/s: 0.00 reconn/s: 0.00
[ 9s ] thds: 1 tps: 0.00 qps: 956.01 (r/w/o: 0.00/956.01/0.00) lat (ms,95%): 0.00 err/s: 0.00 reconn/s: 0.00
[ 10s ] thds: 1 tps: 0.00 qps: 778.98 (r/w/o: 0.00/778.98/0.00) lat (ms,95%): 0.00 err/s: 0.00 reconn/s: 0.00
[ 11s ] thds: 1 tps: 0.00 qps: 717.00 (r/w/o: 0.00/717.00/0.00) lat (ms,95%): 0.00 err/s: 0.00 reconn/s: 0.00
[ 12s ] thds: 1 tps: 0.00 qps: 729.02 (r/w/o: 0.00/729.02/0.00) lat (ms,95%): 0.00 err/s: 0.00 reconn/s: 0.00
[ 13s ] thds: 1 tps: 0.00 qps: 697.99 (r/w/o: 0.00/697.99/0.00) lat (ms,95%): 0.00 err/s: 0.00 reconn/s: 0.00
[ 14s ] thds: 1 tps: 0.00 qps: 683.01 (r/w/o: 0.00/683.01/0.00) lat (ms,95%): 0.00 err/s: 0.00 reconn/s: 0.00
[ 15s ] thds: 1 tps: 0.00 qps: 630.00 (r/w/o: 0.00/630.00/0.00) lat (ms,95%): 0.00 err/s: 0.00 reconn/s: 0.00
[ 16s ] thds: 1 tps: 0.00 qps: 798.01 (r/w/o: 0.00/798.01/0.00) lat (ms,95%): 0.00 err/s: 0.00 reconn/s: 0.00
[ 17s ] thds: 1 tps: 0.00 qps: 881.00 (r/w/o: 0.00/881.00/0.00) lat (ms,95%): 0.00 err/s: 0.00 reconn/s: 0.00
[ 18s ] thds: 1 tps: 0.00 qps: 774.00 (r/w/o: 0.00/774.00/0.00) lat (ms,95%): 0.00 err/s: 0.00 reconn/s: 0.00
[ 19s ] thds: 1 tps: 0.00 qps: 759.02 (r/w/o: 0.00/759.02/0.00) lat (ms,95%): 0.00 err/s: 0.00 reconn/s: 0.00
[ 20s ] thds: 1 tps: 0.00 qps: 635.96 (r/w/o: 0.00/635.96/0.00) lat (ms,95%): 0.00 err/s: 0.00 reconn/s: 0.00
[ 21s ] thds: 1 tps: 0.00 qps: 763.04 (r/w/o: 0.00/763.04/0.00) lat (ms,95%): 0.00 err/s: 0.00 reconn/s: 0.00
[ 22s ] thds: 1 tps: 0.00 qps: 752.01 (r/w/o: 0.00/752.01/0.00) lat (ms,95%): 0.00 err/s: 0.00 reconn/s: 0.00
[ 23s ] thds: 1 tps: 0.00 qps: 735.97 (r/w/o: 0.00/735.97/0.00) lat (ms,95%): 0.00 err/s: 0.00 reconn/s: 0.00
[ 24s ] thds: 1 tps: 0.00 qps: 956.99 (r/w/o: 0.00/956.99/0.00) lat (ms,95%): 0.00 err/s: 0.00 reconn/s: 0.00
[ 25s ] thds: 1 tps: 0.00 qps: 1137.02 (r/w/o: 0.00/1137.02/0.00) lat (ms,95%): 0.00 err/s: 0.00 reconn/s: 0.00
[ 26s ] thds: 1 tps: 0.00 qps: 1025.03 (r/w/o: 0.00/1025.03/0.00) lat (ms,95%): 0.00 err/s: 0.00 reconn/s: 0.00
SQL statistics:
    queries performed:
        read:                            0
        write:                           22000
        other:                           4
        total:                           22004
    transactions:                        1      (0.04 per sec.)
    queries:                             22004  (827.90 per sec.)
    ignored errors:                      0      (0.00 per sec.)
    reconnects:                          0      (0.00 per sec.)

General statistics:
    total time:                          26.5776s
    total number of events:              1

Latency (ms):
         min:                                26577.09
         avg:                                26577.09
         max:                                26577.09
         95th percentile:                    26382.13
         sum:                                26577.09

Threads fairness:
    events (avg/stddev):           1.0000/0.00
    execution time (avg/stddev):   26.5771/0.00

