sysbench 1.0.20 (using system LuaJIT 2.1.0-beta3)

Running the test with following options:
Number of threads: 1
Report intermediate results every 1 second(s)
Initializing random number generator from current time


Initializing worker threads...

Threads started!

[ 1s ] thds: 1 tps: 2.00 qps: 1195.71 (r/w/o: 0.00/1188.72/6.99) lat (ms,95%): 337.94 err/s: 0.00 reconn/s: 0.00
[ 2s ] thds: 1 tps: 3.00 qps: 1205.77 (r/w/o: 0.00/1199.76/6.00) lat (ms,95%): 350.33 err/s: 0.00 reconn/s: 0.00
[ 3s ] thds: 1 tps: 3.00 qps: 1197.96 (r/w/o: 0.00/1191.96/6.00) lat (ms,95%): 344.08 err/s: 0.00 reconn/s: 0.00
[ 4s ] thds: 1 tps: 3.00 qps: 1216.97 (r/w/o: 0.00/1210.97/6.00) lat (ms,95%): 337.94 err/s: 0.00 reconn/s: 0.00
[ 5s ] thds: 1 tps: 4.00 qps: 1228.04 (r/w/o: 0.00/1222.04/6.00) lat (ms,95%): 331.91 err/s: 0.00 reconn/s: 0.00
[ 6s ] thds: 1 tps: 3.00 qps: 1220.00 (r/w/o: 0.00/1212.00/8.00) lat (ms,95%): 331.91 err/s: 0.00 reconn/s: 0.00
[ 7s ] thds: 1 tps: 3.00 qps: 1238.91 (r/w/o: 0.00/1232.91/6.00) lat (ms,95%): 331.91 err/s: 0.00 reconn/s: 0.00
[ 8s ] thds: 1 tps: 3.00 qps: 1220.06 (r/w/o: 0.00/1214.06/6.00) lat (ms,95%): 331.91 err/s: 0.00 reconn/s: 0.00
SQL statistics:
    queries performed:
        read:                            0
        write:                           10024
        other:                           51
        total:                           10075
    transactions:                        25     (3.02 per sec.)
    queries:                             10075  (1215.14 per sec.)
    ignored errors:                      0      (0.00 per sec.)
    reconnects:                          0      (0.00 per sec.)

General statistics:
    total time:                          8.2909s
    total number of events:              25

Latency (ms):
         min:                                  319.00
         avg:                                  331.60
         max:                                  350.15
         95th percentile:                      344.08
         sum:                                 8290.08

Threads fairness:
    events (avg/stddev):           25.0000/0.00
    execution time (avg/stddev):   8.2901/0.00

