sysbench 1.0.20 (using system LuaJIT 2.1.0-beta3)

Running the test with following options:
Number of threads: 4
Report intermediate results every 2 second(s)
Initializing random number generator from current time


Initializing worker threads...

Threads started!

[ 2s ] thds: 4 tps: 1352.88 qps: 1352.88 (r/w/o: 1352.88/0.00/0.00) lat (ms,95%): 3.82 err/s: 0.00 reconn/s: 0.00
[ 4s ] thds: 4 tps: 1368.67 qps: 1368.67 (r/w/o: 1368.67/0.00/0.00) lat (ms,95%): 3.82 err/s: 0.00 reconn/s: 0.00
[ 6s ] thds: 4 tps: 1373.56 qps: 1373.56 (r/w/o: 1373.56/0.00/0.00) lat (ms,95%): 3.89 err/s: 0.00 reconn/s: 0.00
[ 8s ] thds: 4 tps: 1352.50 qps: 1352.50 (r/w/o: 1352.50/0.00/0.00) lat (ms,95%): 3.96 err/s: 0.00 reconn/s: 0.00
[ 10s ] thds: 4 tps: 1369.50 qps: 1369.50 (r/w/o: 1369.50/0.00/0.00) lat (ms,95%): 3.82 err/s: 0.00 reconn/s: 0.00
[ 12s ] thds: 4 tps: 1371.99 qps: 1371.99 (r/w/o: 1371.99/0.00/0.00) lat (ms,95%): 3.82 err/s: 0.00 reconn/s: 0.00
[ 14s ] thds: 4 tps: 1373.52 qps: 1373.52 (r/w/o: 1373.52/0.00/0.00) lat (ms,95%): 3.82 err/s: 0.00 reconn/s: 0.00
[ 16s ] thds: 4 tps: 1359.99 qps: 1359.99 (r/w/o: 1359.99/0.00/0.00) lat (ms,95%): 3.89 err/s: 0.00 reconn/s: 0.00
[ 18s ] thds: 4 tps: 1376.50 qps: 1376.50 (r/w/o: 1376.50/0.00/0.00) lat (ms,95%): 3.82 err/s: 0.00 reconn/s: 0.00
SQL statistics:
    queries performed:
        read:                            24603
        write:                           0
        other:                           0
        total:                           24603
    transactions:                        24603  (1366.59 per sec.)
    queries:                             24603  (1366.59 per sec.)
    ignored errors:                      0      (0.00 per sec.)
    reconnects:                          0      (0.00 per sec.)

General statistics:
    total time:                          18.0029s
    total number of events:              24603

Latency (ms):
         min:                                    1.27
         avg:                                    2.93
         max:                                   19.88
         95th percentile:                        3.82
         sum:                                71973.84

Threads fairness:
    events (avg/stddev):           6150.7500/118.39
    execution time (avg/stddev):   17.9935/0.00

