sysbench 1.0.20 (using system LuaJIT 2.1.0-beta3)

Running the test with following options:
Number of threads: 4
Report intermediate results every 2 second(s)
Initializing random number generator from current time


Initializing worker threads...

Threads started!

[ 2s ] thds: 4 tps: 5487.02 qps: 5487.02 (r/w/o: 5487.02/0.00/0.00) lat (ms,95%): 0.99 err/s: 0.00 reconn/s: 0.00
[ 4s ] thds: 4 tps: 5591.34 qps: 5591.34 (r/w/o: 5591.34/0.00/0.00) lat (ms,95%): 0.97 err/s: 0.00 reconn/s: 0.00
[ 6s ] thds: 4 tps: 5598.03 qps: 5598.03 (r/w/o: 5598.03/0.00/0.00) lat (ms,95%): 0.97 err/s: 0.00 reconn/s: 0.00
[ 8s ] thds: 4 tps: 5606.98 qps: 5606.98 (r/w/o: 5606.98/0.00/0.00) lat (ms,95%): 0.97 err/s: 0.00 reconn/s: 0.00
[ 10s ] thds: 4 tps: 5569.03 qps: 5569.03 (r/w/o: 5569.03/0.00/0.00) lat (ms,95%): 0.99 err/s: 0.00 reconn/s: 0.00
[ 12s ] thds: 4 tps: 5598.05 qps: 5598.05 (r/w/o: 5598.05/0.00/0.00) lat (ms,95%): 0.95 err/s: 0.00 reconn/s: 0.00
[ 14s ] thds: 4 tps: 5617.93 qps: 5617.93 (r/w/o: 5617.93/0.00/0.00) lat (ms,95%): 0.95 err/s: 0.00 reconn/s: 0.00
[ 16s ] thds: 4 tps: 5570.49 qps: 5570.49 (r/w/o: 5570.49/0.00/0.00) lat (ms,95%): 0.97 err/s: 0.00 reconn/s: 0.00
[ 18s ] thds: 4 tps: 5568.60 qps: 5568.60 (r/w/o: 5568.60/0.00/0.00) lat (ms,95%): 0.95 err/s: 0.00 reconn/s: 0.00
SQL statistics:
    queries performed:
        read:                            100422
        write:                           0
        other:                           0
        total:                           100422
    transactions:                        100422 (5578.34 per sec.)
    queries:                             100422 (5578.34 per sec.)
    ignored errors:                      0      (0.00 per sec.)
    reconnects:                          0      (0.00 per sec.)

General statistics:
    total time:                          18.0018s
    total number of events:              100422

Latency (ms):
         min:                                    0.38
         avg:                                    0.72
         max:                                   18.70
         95th percentile:                        0.97
         sum:                                71876.63

Threads fairness:
    events (avg/stddev):           25105.5000/78.18
    execution time (avg/stddev):   17.9692/0.00

