sysbench 1.0.20 (using system LuaJIT 2.1.0-beta3)

Running the test with following options:
Number of threads: 4
Report intermediate results every 2 second(s)
Initializing random number generator from current time


Initializing worker threads...

Threads started!

[ 2s ] thds: 4 tps: 10462.80 qps: 10462.80 (r/w/o: 10462.80/0.00/0.00) lat (ms,95%): 0.54 err/s: 0.00 reconn/s: 0.00
[ 4s ] thds: 4 tps: 10494.79 qps: 10494.79 (r/w/o: 10494.79/0.00/0.00) lat (ms,95%): 0.54 err/s: 0.00 reconn/s: 0.00
[ 6s ] thds: 4 tps: 10501.98 qps: 10501.98 (r/w/o: 10501.98/0.00/0.00) lat (ms,95%): 0.55 err/s: 0.00 reconn/s: 0.00
[ 8s ] thds: 4 tps: 10568.66 qps: 10568.66 (r/w/o: 10568.66/0.00/0.00) lat (ms,95%): 0.54 err/s: 0.00 reconn/s: 0.00
[ 10s ] thds: 4 tps: 10603.32 qps: 10603.32 (r/w/o: 10603.32/0.00/0.00) lat (ms,95%): 0.53 err/s: 0.00 reconn/s: 0.00
[ 12s ] thds: 4 tps: 10613.49 qps: 10613.49 (r/w/o: 10613.49/0.00/0.00) lat (ms,95%): 0.53 err/s: 0.00 reconn/s: 0.00
[ 14s ] thds: 4 tps: 10595.06 qps: 10595.06 (r/w/o: 10595.06/0.00/0.00) lat (ms,95%): 0.53 err/s: 0.00 reconn/s: 0.00
[ 16s ] thds: 4 tps: 10634.48 qps: 10634.48 (r/w/o: 10634.48/0.00/0.00) lat (ms,95%): 0.52 err/s: 0.00 reconn/s: 0.00
[ 18s ] thds: 4 tps: 10706.98 qps: 10706.98 (r/w/o: 10706.98/0.00/0.00) lat (ms,95%): 0.52 err/s: 0.00 reconn/s: 0.00
SQL statistics:
    queries performed:
        read:                            190373
        write:                           0
        other:                           0
        total:                           190373
    transactions:                        190373 (10575.28 per sec.)
    queries:                             190373 (10575.28 per sec.)
    ignored errors:                      0      (0.00 per sec.)
    reconnects:                          0      (0.00 per sec.)

General statistics:
    total time:                          18.0013s
    total number of events:              190373

Latency (ms):
         min:                                    0.21
         avg:                                    0.38
         max:                                   19.93
         95th percentile:                        0.53
         sum:                                71785.65

Threads fairness:
    events (avg/stddev):           47593.2500/134.33
    execution time (avg/stddev):   17.9464/0.00

