sysbench 1.0.20 (using system LuaJIT 2.1.0-beta3)

Running the test with following options:
Number of threads: 4
Report intermediate results every 2 second(s)
Initializing random number generator from current time


Initializing worker threads...

Threads started!

[ 2s ] thds: 4 tps: 121.45 qps: 121.45 (r/w/o: 121.45/0.00/0.00) lat (ms,95%): 35.59 err/s: 0.00 reconn/s: 0.00
[ 4s ] thds: 4 tps: 123.52 qps: 123.52 (r/w/o: 123.52/0.00/0.00) lat (ms,95%): 33.72 err/s: 0.00 reconn/s: 0.00
[ 6s ] thds: 4 tps: 126.00 qps: 126.00 (r/w/o: 126.00/0.00/0.00) lat (ms,95%): 32.53 err/s: 0.00 reconn/s: 0.00
[ 8s ] thds: 4 tps: 125.00 qps: 125.00 (r/w/o: 125.00/0.00/0.00) lat (ms,95%): 32.53 err/s: 0.00 reconn/s: 0.00
[ 10s ] thds: 4 tps: 125.00 qps: 125.00 (r/w/o: 125.00/0.00/0.00) lat (ms,95%): 32.53 err/s: 0.00 reconn/s: 0.00
[ 12s ] thds: 4 tps: 125.00 qps: 125.00 (r/w/o: 125.00/0.00/0.00) lat (ms,95%): 32.53 err/s: 0.00 reconn/s: 0.00
[ 14s ] thds: 4 tps: 125.00 qps: 125.00 (r/w/o: 125.00/0.00/0.00) lat (ms,95%): 33.12 err/s: 0.00 reconn/s: 0.00
[ 16s ] thds: 4 tps: 125.50 qps: 125.50 (r/w/o: 125.50/0.00/0.00) lat (ms,95%): 31.94 err/s: 0.00 reconn/s: 0.00
[ 18s ] thds: 4 tps: 125.50 qps: 125.50 (r/w/o: 125.50/0.00/0.00) lat (ms,95%): 32.53 err/s: 0.00 reconn/s: 0.00
SQL statistics:
    queries performed:
        read:                            2248
        write:                           0
        other:                           0
        total:                           2248
    transactions:                        2248   (124.68 per sec.)
    queries:                             2248   (124.68 per sec.)
    ignored errors:                      0      (0.00 per sec.)
    reconnects:                          0      (0.00 per sec.)

General statistics:
    total time:                          18.0292s
    total number of events:              2248

Latency (ms):
         min:                                   28.16
         avg:                                   32.06
         max:                                   75.62
         95th percentile:                       32.53
         sum:                                72071.18

Threads fairness:
    events (avg/stddev):           562.0000/3.08
    execution time (avg/stddev):   18.0178/0.01

