sysbench 1.0.20 (using system LuaJIT 2.1.0-beta3)

Running the test with following options:
Number of threads: 4
Report intermediate results every 2 second(s)
Initializing random number generator from current time


Initializing worker threads...

Threads started!

[ 2s ] thds: 4 tps: 6.00 qps: 3578.17 (r/w/o: 0.00/936.02/2642.15) lat (ms,95%): 590.56 err/s: 11.49 reconn/s: 0.00
[ 4s ] thds: 4 tps: 6.00 qps: 3391.42 (r/w/o: 0.00/892.74/2498.68) lat (ms,95%): 646.19 err/s: 11.50 reconn/s: 0.00
[ 6s ] thds: 4 tps: 6.00 qps: 3412.01 (r/w/o: 0.00/905.50/2506.50) lat (ms,95%): 646.19 err/s: 12.50 reconn/s: 0.00
[ 8s ] thds: 4 tps: 8.00 qps: 3326.35 (r/w/o: 0.00/871.46/2454.89) lat (ms,95%): 634.66 err/s: 12.50 reconn/s: 0.00
[ 10s ] thds: 4 tps: 6.00 qps: 3204.14 (r/w/o: 0.00/829.54/2374.61) lat (ms,95%): 669.89 err/s: 7.50 reconn/s: 0.00
[ 12s ] thds: 4 tps: 6.00 qps: 3229.50 (r/w/o: 0.00/827.50/2402.00) lat (ms,95%): 657.93 err/s: 8.00 reconn/s: 0.00
[ 14s ] thds: 4 tps: 6.00 qps: 3169.86 (r/w/o: 0.00/833.96/2335.90) lat (ms,95%): 707.07 err/s: 10.50 reconn/s: 0.00
[ 16s ] thds: 4 tps: 6.00 qps: 3258.51 (r/w/o: 0.00/849.00/2409.51) lat (ms,95%): 682.06 err/s: 9.00 reconn/s: 0.00
[ 18s ] thds: 4 tps: 6.00 qps: 3154.64 (r/w/o: 0.00/817.03/2337.60) lat (ms,95%): 669.89 err/s: 9.00 reconn/s: 0.00
SQL statistics:
    queries performed:
        read:                            0
        write:                           15734
        other:                           44549
        total:                           60283
    transactions:                        116    (6.34 per sec.)
    queries:                             60283  (3295.10 per sec.)
    ignored errors:                      184    (10.06 per sec.)
    reconnects:                          0      (0.00 per sec.)

General statistics:
    total time:                          18.2944s
    total number of events:              116

Latency (ms):
         min:                                  511.84
         avg:                                  630.80
         max:                                  751.47
         95th percentile:                      707.07
         sum:                                73172.85

Threads fairness:
    events (avg/stddev):           29.0000/0.00
    execution time (avg/stddev):   18.2932/0.00

