sysbench 1.0.20 (using system LuaJIT 2.1.0-beta3)

Running the test with following options:
Number of threads: 4
Report intermediate results every 2 second(s)
Initializing random number generator from current time


Initializing worker threads...

Threads started!

[ 2s ] thds: 4 tps: 1677.27 qps: 5033.32 (r/w/o: 5033.32/0.00/0.00) lat (ms,95%): 2.91 err/s: 0.00 reconn/s: 0.00
[ 4s ] thds: 4 tps: 1691.30 qps: 5074.39 (r/w/o: 5074.39/0.00/0.00) lat (ms,95%): 2.97 err/s: 0.00 reconn/s: 0.00
[ 6s ] thds: 4 tps: 1682.47 qps: 5047.42 (r/w/o: 5047.42/0.00/0.00) lat (ms,95%): 2.97 err/s: 0.00 reconn/s: 0.00
[ 8s ] thds: 4 tps: 1691.49 qps: 5074.47 (r/w/o: 5074.47/0.00/0.00) lat (ms,95%): 2.97 err/s: 0.00 reconn/s: 0.00
[ 10s ] thds: 4 tps: 1700.01 qps: 5099.52 (r/w/o: 5099.52/0.00/0.00) lat (ms,95%): 2.91 err/s: 0.00 reconn/s: 0.00
[ 12s ] thds: 4 tps: 1694.50 qps: 5082.51 (r/w/o: 5082.51/0.00/0.00) lat (ms,95%): 2.91 err/s: 0.00 reconn/s: 0.00
[ 14s ] thds: 4 tps: 1697.99 qps: 5094.96 (r/w/o: 5094.96/0.00/0.00) lat (ms,95%): 2.91 err/s: 0.00 reconn/s: 0.00
[ 16s ] thds: 4 tps: 1684.00 qps: 5052.99 (r/w/o: 5052.99/0.00/0.00) lat (ms,95%): 2.97 err/s: 0.00 reconn/s: 0.00
[ 18s ] thds: 4 tps: 1697.49 qps: 5090.48 (r/w/o: 5090.48/0.00/0.00) lat (ms,95%): 2.97 err/s: 0.00 reconn/s: 0.00
SQL statistics:
    queries performed:
        read:                            91314
        write:                           0
        other:                           0
        total:                           91314
    transactions:                        30438  (1690.69 per sec.)
    queries:                             91314  (5072.06 per sec.)
    ignored errors:                      0      (0.00 per sec.)
    reconnects:                          0      (0.00 per sec.)

General statistics:
    total time:                          18.0030s
    total number of events:              30438

Latency (ms):
         min:                                    1.28
         avg:                                    2.36
         max:                                   20.26
         95th percentile:                        2.97
         sum:                                71967.11

Threads fairness:
    events (avg/stddev):           7609.5000/12.62
    execution time (avg/stddev):   17.9918/0.00

