sysbench 1.0.20 (using system LuaJIT 2.1.0-beta3)

Running the test with following options:
Number of threads: 1
Report intermediate results every 1 second(s)
Initializing random number generator from current time


Initializing worker threads...

Threads started!

[ 1s ] thds: 1 tps: 299.72 qps: 299.72 (r/w/o: 299.72/0.00/0.00) lat (ms,95%): 3.43 err/s: 0.00 reconn/s: 0.00
[ 2s ] thds: 1 tps: 303.11 qps: 303.11 (r/w/o: 303.11/0.00/0.00) lat (ms,95%): 3.36 err/s: 0.00 reconn/s: 0.00
[ 3s ] thds: 1 tps: 299.00 qps: 299.00 (r/w/o: 299.00/0.00/0.00) lat (ms,95%): 3.49 err/s: 0.00 reconn/s: 0.00
[ 4s ] thds: 1 tps: 293.00 qps: 293.00 (r/w/o: 293.00/0.00/0.00) lat (ms,95%): 4.18 err/s: 0.00 reconn/s: 0.00
[ 5s ] thds: 1 tps: 303.00 qps: 303.00 (r/w/o: 303.00/0.00/0.00) lat (ms,95%): 3.49 err/s: 0.00 reconn/s: 0.00
[ 6s ] thds: 1 tps: 302.00 qps: 302.00 (r/w/o: 302.00/0.00/0.00) lat (ms,95%): 3.49 err/s: 0.00 reconn/s: 0.00
[ 7s ] thds: 1 tps: 304.00 qps: 304.00 (r/w/o: 304.00/0.00/0.00) lat (ms,95%): 3.30 err/s: 0.00 reconn/s: 0.00
[ 8s ] thds: 1 tps: 304.00 qps: 304.00 (r/w/o: 304.00/0.00/0.00) lat (ms,95%): 3.36 err/s: 0.00 reconn/s: 0.00
SQL statistics:
    queries performed:
        read:                            2409
        write:                           0
        other:                           0
        total:                           2409
    transactions:                        2409   (301.06 per sec.)
    queries:                             2409   (301.06 per sec.)
    ignored errors:                      0      (0.00 per sec.)
    reconnects:                          0      (0.00 per sec.)

General statistics:
    total time:                          8.0015s
    total number of events:              2409

Latency (ms):
         min:                                    3.19
         avg:                                    3.32
         max:                                   11.33
         95th percentile:                        3.43
         sum:                                 7997.79

Threads fairness:
    events (avg/stddev):           2409.0000/0.00
    execution time (avg/stddev):   7.9978/0.00

