sysbench 1.0.20 (using system LuaJIT 2.1.0-beta3)

Running the test with following options:
Number of threads: 1
Report intermediate results every 1 second(s)
Initializing random number generator from current time


Initializing worker threads...

Threads started!

[ 1s ] thds: 1 tps: 0.00 qps: 855.22 (r/w/o: 0.00/851.23/4.00) lat (ms,95%): 0.00 err/s: 0.00 reconn/s: 0.00
[ 2s ] thds: 1 tps: 0.00 qps: 761.30 (r/w/o: 0.00/761.30/0.00) lat (ms,95%): 0.00 err/s: 0.00 reconn/s: 0.00
[ 3s ] thds: 1 tps: 0.00 qps: 770.03 (r/w/o: 0.00/770.03/0.00) lat (ms,95%): 0.00 err/s: 0.00 reconn/s: 0.00
[ 4s ] thds: 1 tps: 1.00 qps: 680.00 (r/w/o: 0.00/678.00/2.00) lat (ms,95%): 3574.99 err/s: 0.00 reconn/s: 0.00
[ 5s ] thds: 1 tps: 0.00 qps: 893.01 (r/w/o: 0.00/893.01/0.00) lat (ms,95%): 0.00 err/s: 0.00 reconn/s: 0.00
[ 6s ] thds: 1 tps: 0.00 qps: 740.99 (r/w/o: 0.00/740.99/0.00) lat (ms,95%): 0.00 err/s: 0.00 reconn/s: 0.00
[ 7s ] thds: 1 tps: 0.00 qps: 717.02 (r/w/o: 0.00/717.02/0.00) lat (ms,95%): 0.00 err/s: 0.00 reconn/s: 0.00
[ 8s ] thds: 1 tps: 1.00 qps: 666.93 (r/w/o: 0.00/664.93/2.00) lat (ms,95%): 3639.94 err/s: 0.00 reconn/s: 0.00
[ 9s ] thds: 1 tps: 0.00 qps: 725.09 (r/w/o: 0.00/725.09/0.00) lat (ms,95%): 0.00 err/s: 0.00 reconn/s: 0.00
[ 10s ] thds: 1 tps: 0.00 qps: 681.95 (r/w/o: 0.00/681.95/0.00) lat (ms,95%): 0.00 err/s: 0.00 reconn/s: 0.00
[ 11s ] thds: 1 tps: 0.00 qps: 696.97 (r/w/o: 0.00/696.97/0.00) lat (ms,95%): 0.00 err/s: 0.00 reconn/s: 0.00
SQL statistics:
    queries performed:
        read:                            0
        write:                           8404
        other:                           8
        total:                           8412
    transactions:                        3      (0.27 per sec.)
    queries:                             8412   (743.32 per sec.)
    ignored errors:                      0      (0.00 per sec.)
    reconnects:                          0      (0.00 per sec.)

General statistics:
    total time:                          11.3164s
    total number of events:              3

Latency (ms):
         min:                                 3576.22
         avg:                                 3771.93
         max:                                 4080.73
         95th percentile:                     4055.23
         sum:                                11315.78

Threads fairness:
    events (avg/stddev):           3.0000/0.00
    execution time (avg/stddev):   11.3158/0.00

