sysbench 1.0.20 (using system LuaJIT 2.1.0-beta3)

Running the test with following options:
Number of threads: 4
Report intermediate results every 2 second(s)
Initializing random number generator from current time


Initializing worker threads...

Threads started!

[ 2s ] thds: 4 tps: 6.00 qps: 6670.10 (r/w/o: 0.00/1665.53/5004.58) lat (ms,95%): 601.29 err/s: 0.00 reconn/s: 0.00
[ 4s ] thds: 4 tps: 6.00 qps: 6666.18 (r/w/o: 0.00/1663.54/5002.63) lat (ms,95%): 601.29 err/s: 0.00 reconn/s: 0.00
[ 6s ] thds: 4 tps: 6.00 qps: 6611.77 (r/w/o: 0.00/1649.94/4961.83) lat (ms,95%): 612.21 err/s: 0.00 reconn/s: 0.00
[ 8s ] thds: 4 tps: 8.00 qps: 6598.10 (r/w/o: 0.00/1645.52/4952.57) lat (ms,95%): 612.21 err/s: 0.00 reconn/s: 0.00
[ 10s ] thds: 4 tps: 6.00 qps: 6602.03 (r/w/o: 0.00/1647.51/4954.52) lat (ms,95%): 612.21 err/s: 0.00 reconn/s: 0.00
[ 12s ] thds: 4 tps: 6.00 qps: 6628.96 (r/w/o: 0.00/1654.49/4974.47) lat (ms,95%): 612.21 err/s: 0.00 reconn/s: 0.00
[ 14s ] thds: 4 tps: 8.00 qps: 6689.08 (r/w/o: 0.00/1668.02/5021.06) lat (ms,95%): 601.29 err/s: 0.00 reconn/s: 0.00
[ 16s ] thds: 4 tps: 6.00 qps: 6679.91 (r/w/o: 0.00/1666.98/5012.93) lat (ms,95%): 612.21 err/s: 0.00 reconn/s: 0.00
[ 18s ] thds: 4 tps: 6.00 qps: 6674.04 (r/w/o: 0.00/1665.51/5008.53) lat (ms,95%): 601.29 err/s: 0.00 reconn/s: 0.00
SQL statistics:
    queries performed:
        read:                            0
        write:                           30034
        other:                           90326
        total:                           120360
    transactions:                        120    (6.63 per sec.)
    queries:                             120360 (6646.13 per sec.)
    ignored errors:                      0      (0.00 per sec.)
    reconnects:                          0      (0.00 per sec.)

General statistics:
    total time:                          18.1094s
    total number of events:              120

Latency (ms):
         min:                                  593.23
         avg:                                  603.62
         max:                                  615.71
         95th percentile:                      612.21
         sum:                                72433.88

Threads fairness:
    events (avg/stddev):           30.0000/0.00
    execution time (avg/stddev):   18.1085/0.00

