sysbench 1.0.20 (using system LuaJIT 2.1.0-beta3)

Running the test with following options:
Number of threads: 4
Report intermediate results every 2 second(s)
Initializing random number generator from current time


Initializing worker threads...

Threads started!

[ 2s ] thds: 4 tps: 2957.53 qps: 2957.53 (r/w/o: 2957.53/0.00/0.00) lat (ms,95%): 1.82 err/s: 0.00 reconn/s: 0.00
[ 4s ] thds: 4 tps: 2912.44 qps: 2912.44 (r/w/o: 2912.44/0.00/0.00) lat (ms,95%): 2.00 err/s: 0.00 reconn/s: 0.00
[ 6s ] thds: 4 tps: 2961.04 qps: 2961.04 (r/w/o: 2961.04/0.00/0.00) lat (ms,95%): 1.89 err/s: 0.00 reconn/s: 0.00
[ 8s ] thds: 4 tps: 3020.97 qps: 3020.97 (r/w/o: 3020.97/0.00/0.00) lat (ms,95%): 1.79 err/s: 0.00 reconn/s: 0.00
[ 10s ] thds: 4 tps: 2968.56 qps: 2968.56 (r/w/o: 2968.56/0.00/0.00) lat (ms,95%): 1.86 err/s: 0.00 reconn/s: 0.00
[ 12s ] thds: 4 tps: 3044.99 qps: 3044.99 (r/w/o: 3044.99/0.00/0.00) lat (ms,95%): 1.73 err/s: 0.00 reconn/s: 0.00
[ 14s ] thds: 4 tps: 2985.48 qps: 2985.48 (r/w/o: 2985.48/0.00/0.00) lat (ms,95%): 1.82 err/s: 0.00 reconn/s: 0.00
[ 16s ] thds: 4 tps: 3056.05 qps: 3056.05 (r/w/o: 3056.05/0.00/0.00) lat (ms,95%): 1.67 err/s: 0.00 reconn/s: 0.00
[ 18s ] thds: 4 tps: 3106.00 qps: 3106.00 (r/w/o: 3106.00/0.00/0.00) lat (ms,95%): 1.58 err/s: 0.00 reconn/s: 0.00
SQL statistics:
    queries performed:
        read:                            54031
        write:                           0
        other:                           0
        total:                           54031
    transactions:                        54031  (3001.36 per sec.)
    queries:                             54031  (3001.36 per sec.)
    ignored errors:                      0      (0.00 per sec.)
    reconnects:                          0      (0.00 per sec.)

General statistics:
    total time:                          18.0018s
    total number of events:              54031

Latency (ms):
         min:                                    0.67
         avg:                                    1.33
         max:                                   21.73
         95th percentile:                        1.82
         sum:                                71913.65

Threads fairness:
    events (avg/stddev):           13507.7500/97.25
    execution time (avg/stddev):   17.9784/0.00

