sysbench 1.0.20 (using system LuaJIT 2.1.0-beta3)

Running the test with following options:
Number of threads: 4
Report intermediate results every 2 second(s)
Initializing random number generator from current time


Initializing worker threads...

Threads started!

[ 2s ] thds: 4 tps: 3090.94 qps: 3090.94 (r/w/o: 3090.94/0.00/0.00) lat (ms,95%): 1.76 err/s: 0.00 reconn/s: 0.00
[ 4s ] thds: 4 tps: 3158.07 qps: 3158.07 (r/w/o: 3158.07/0.00/0.00) lat (ms,95%): 1.70 err/s: 0.00 reconn/s: 0.00
[ 6s ] thds: 4 tps: 3198.93 qps: 3198.93 (r/w/o: 3198.93/0.00/0.00) lat (ms,95%): 1.58 err/s: 0.00 reconn/s: 0.00
[ 8s ] thds: 4 tps: 3152.50 qps: 3152.50 (r/w/o: 3152.50/0.00/0.00) lat (ms,95%): 1.73 err/s: 0.00 reconn/s: 0.00
[ 10s ] thds: 4 tps: 3096.55 qps: 3096.55 (r/w/o: 3096.55/0.00/0.00) lat (ms,95%): 1.73 err/s: 0.00 reconn/s: 0.00
[ 12s ] thds: 4 tps: 3165.99 qps: 3165.99 (r/w/o: 3165.99/0.00/0.00) lat (ms,95%): 1.64 err/s: 0.00 reconn/s: 0.00
[ 14s ] thds: 4 tps: 3137.54 qps: 3137.54 (r/w/o: 3137.54/0.00/0.00) lat (ms,95%): 1.73 err/s: 0.00 reconn/s: 0.00
[ 16s ] thds: 4 tps: 3179.47 qps: 3179.47 (r/w/o: 3179.47/0.00/0.00) lat (ms,95%): 1.64 err/s: 0.00 reconn/s: 0.00
[ 18s ] thds: 4 tps: 3158.55 qps: 3158.55 (r/w/o: 3158.55/0.00/0.00) lat (ms,95%): 1.67 err/s: 0.00 reconn/s: 0.00
SQL statistics:
    queries performed:
        read:                            56682
        write:                           0
        other:                           0
        total:                           56682
    transactions:                        56682  (3148.59 per sec.)
    queries:                             56682  (3148.59 per sec.)
    ignored errors:                      0      (0.00 per sec.)
    reconnects:                          0      (0.00 per sec.)

General statistics:
    total time:                          18.0020s
    total number of events:              56682

Latency (ms):
         min:                                    0.63
         avg:                                    1.27
         max:                                   19.08
         95th percentile:                        1.70
         sum:                                71917.69

Threads fairness:
    events (avg/stddev):           14170.5000/72.27
    execution time (avg/stddev):   17.9794/0.00

