sysbench 1.0.20 (using system LuaJIT 2.1.0-beta3)

Running the test with following options:
Number of threads: 4
Report intermediate results every 2 second(s)
Initializing random number generator from current time


Initializing worker threads...

Threads started!

[ 2s ] thds: 4 tps: 0.00 qps: 4114.08 (r/w/o: 0.00/1030.52/3083.56) lat (ms,95%): 0.00 err/s: 0.00 reconn/s: 0.00
[ 4s ] thds: 4 tps: 2.00 qps: 4208.94 (r/w/o: 0.00/1051.24/3157.71) lat (ms,95%): 2828.87 err/s: 0.00 reconn/s: 0.00
[ 6s ] thds: 4 tps: 2.00 qps: 5001.74 (r/w/o: 0.00/1249.44/3752.31) lat (ms,95%): 2680.11 err/s: 0.00 reconn/s: 0.00
[ 8s ] thds: 4 tps: 2.00 qps: 5276.05 (r/w/o: 0.00/1318.01/3958.04) lat (ms,95%): 2238.47 err/s: 0.00 reconn/s: 0.00
[ 10s ] thds: 4 tps: 0.00 qps: 4867.96 (r/w/o: 0.00/1216.99/3650.97) lat (ms,95%): 0.00 err/s: 0.00 reconn/s: 0.00
[ 12s ] thds: 4 tps: 2.00 qps: 4179.97 (r/w/o: 0.00/1043.99/3135.98) lat (ms,95%): 2539.17 err/s: 0.00 reconn/s: 0.00
[ 14s ] thds: 4 tps: 2.00 qps: 4290.20 (r/w/o: 0.00/1071.55/3218.65) lat (ms,95%): 2828.87 err/s: 0.00 reconn/s: 0.00
[ 16s ] thds: 4 tps: 2.00 qps: 4477.95 (r/w/o: 0.00/1118.49/3359.46) lat (ms,95%): 2680.11 err/s: 0.00 reconn/s: 0.00
[ 18s ] thds: 4 tps: 0.00 qps: 4491.99 (r/w/o: 0.00/1123.00/3369.00) lat (ms,95%): 0.00 err/s: 0.00 reconn/s: 0.00
SQL statistics:
    queries performed:
        read:                            0
        write:                           21013
        other:                           63071
        total:                           84084
    transactions:                        28     (1.51 per sec.)
    queries:                             84084  (4544.05 per sec.)
    ignored errors:                      0      (0.00 per sec.)
    reconnects:                          0      (0.00 per sec.)

General statistics:
    total time:                          18.5038s
    total number of events:              28

Latency (ms):
         min:                                 2232.62
         avg:                                 2643.25
         max:                                 2848.89
         95th percentile:                     2828.87
         sum:                                74011.08

Threads fairness:
    events (avg/stddev):           7.0000/0.00
    execution time (avg/stddev):   18.5028/0.00

