sysbench 1.0.20 (using system LuaJIT 2.1.0-beta3)

Running the test with following options:
Number of threads: 4
Report intermediate results every 2 second(s)
Initializing random number generator from current time


Initializing worker threads...

Threads started!

[ 2s ] thds: 4 tps: 2818.13 qps: 2818.13 (r/w/o: 2818.13/0.00/0.00) lat (ms,95%): 1.82 err/s: 0.00 reconn/s: 0.00
[ 4s ] thds: 4 tps: 2847.54 qps: 2847.54 (r/w/o: 2847.54/0.00/0.00) lat (ms,95%): 1.86 err/s: 0.00 reconn/s: 0.00
[ 6s ] thds: 4 tps: 2844.49 qps: 2844.49 (r/w/o: 2844.49/0.00/0.00) lat (ms,95%): 1.86 err/s: 0.00 reconn/s: 0.00
[ 8s ] thds: 4 tps: 2836.49 qps: 2836.49 (r/w/o: 2836.49/0.00/0.00) lat (ms,95%): 1.82 err/s: 0.00 reconn/s: 0.00
[ 10s ] thds: 4 tps: 2837.31 qps: 2837.31 (r/w/o: 2837.31/0.00/0.00) lat (ms,95%): 1.82 err/s: 0.00 reconn/s: 0.00
[ 12s ] thds: 4 tps: 2853.18 qps: 2853.18 (r/w/o: 2853.18/0.00/0.00) lat (ms,95%): 1.79 err/s: 0.00 reconn/s: 0.00
[ 14s ] thds: 4 tps: 2845.99 qps: 2845.99 (r/w/o: 2845.99/0.00/0.00) lat (ms,95%): 1.82 err/s: 0.00 reconn/s: 0.00
[ 16s ] thds: 4 tps: 2830.90 qps: 2830.90 (r/w/o: 2830.90/0.00/0.00) lat (ms,95%): 1.86 err/s: 0.00 reconn/s: 0.00
[ 18s ] thds: 4 tps: 2824.09 qps: 2824.09 (r/w/o: 2824.09/0.00/0.00) lat (ms,95%): 1.89 err/s: 0.00 reconn/s: 0.00
SQL statistics:
    queries performed:
        read:                            51082
        write:                           0
        other:                           0
        total:                           51082
    transactions:                        51082  (2837.49 per sec.)
    queries:                             51082  (2837.49 per sec.)
    ignored errors:                      0      (0.00 per sec.)
    reconnects:                          0      (0.00 per sec.)

General statistics:
    total time:                          18.0022s
    total number of events:              51082

Latency (ms):
         min:                                    0.70
         avg:                                    1.41
         max:                                   20.24
         95th percentile:                        1.82
         sum:                                71928.44

Threads fairness:
    events (avg/stddev):           12770.5000/142.08
    execution time (avg/stddev):   17.9821/0.00

