sysbench 1.0.20 (using system LuaJIT 2.1.0-beta3)

Running the test with following options:
Number of threads: 4
Report intermediate results every 2 second(s)
Initializing random number generator from current time


Initializing worker threads...

Threads started!

[ 2s ] thds: 4 tps: 190.92 qps: 3076.23 (r/w/o: 0.00/1260.98/1815.25) lat (ms,95%): 44.98 err/s: 156.44 reconn/s: 0.00
[ 4s ] thds: 4 tps: 191.50 qps: 2968.02 (r/w/o: 0.00/1066.01/1902.01) lat (ms,95%): 39.65 err/s: 149.00 reconn/s: 0.00
[ 6s ] thds: 4 tps: 161.02 qps: 2624.83 (r/w/o: 0.00/1065.63/1559.20) lat (ms,95%): 51.94 err/s: 141.52 reconn/s: 0.00
[ 8s ] thds: 4 tps: 173.50 qps: 2636.03 (r/w/o: 0.00/898.01/1738.02) lat (ms,95%): 44.17 err/s: 135.50 reconn/s: 0.00
[ 10s ] thds: 4 tps: 146.00 qps: 2248.47 (r/w/o: 0.00/788.49/1459.98) lat (ms,95%): 51.02 err/s: 113.00 reconn/s: 0.00
[ 12s ] thds: 4 tps: 167.50 qps: 2514.01 (r/w/o: 0.00/851.50/1662.50) lat (ms,95%): 39.65 err/s: 120.00 reconn/s: 0.00
[ 14s ] thds: 4 tps: 152.50 qps: 2341.06 (r/w/o: 0.00/781.52/1559.54) lat (ms,95%): 45.79 err/s: 119.00 reconn/s: 0.00
[ 16s ] thds: 4 tps: 122.50 qps: 1918.52 (r/w/o: 0.00/725.01/1193.51) lat (ms,95%): 73.13 err/s: 98.50 reconn/s: 0.00
[ 18s ] thds: 4 tps: 124.50 qps: 1971.47 (r/w/o: 0.00/723.99/1247.48) lat (ms,95%): 59.99 err/s: 105.50 reconn/s: 0.00
SQL statistics:
    queries performed:
        read:                            0
        write:                           16336
        other:                           28294
        total:                           44630
    transactions:                        2864   (158.95 per sec.)
    queries:                             44630  (2476.95 per sec.)
    ignored errors:                      2277   (126.37 per sec.)
    reconnects:                          0      (0.00 per sec.)

General statistics:
    total time:                          18.0177s
    total number of events:              2864

Latency (ms):
         min:                                    6.64
         avg:                                   25.16
         max:                                  115.47
         95th percentile:                       50.11
         sum:                                72046.62

Threads fairness:
    events (avg/stddev):           716.0000/7.78
    execution time (avg/stddev):   18.0117/0.01

