sysbench 1.0.20 (using system LuaJIT 2.1.0-beta3)

Running the test with following options:
Number of threads: 1
Report intermediate results every 1 second(s)
Initializing random number generator from current time


Initializing worker threads...

Threads started!

[ 1s ] thds: 1 tps: 1.00 qps: 1521.68 (r/w/o: 0.00/1516.68/5.00) lat (ms,95%): 520.62 err/s: 0.00 reconn/s: 0.00
[ 2s ] thds: 1 tps: 2.00 qps: 1474.65 (r/w/o: 0.00/1470.65/4.00) lat (ms,95%): 530.08 err/s: 0.00 reconn/s: 0.00
[ 3s ] thds: 1 tps: 2.00 qps: 1383.92 (r/w/o: 0.00/1379.92/4.00) lat (ms,95%): 590.56 err/s: 0.00 reconn/s: 0.00
[ 4s ] thds: 1 tps: 2.00 qps: 1356.10 (r/w/o: 0.00/1352.10/4.00) lat (ms,95%): 612.21 err/s: 0.00 reconn/s: 0.00
[ 5s ] thds: 1 tps: 1.00 qps: 1456.90 (r/w/o: 0.00/1454.90/2.00) lat (ms,95%): 549.52 err/s: 0.00 reconn/s: 0.00
[ 6s ] thds: 1 tps: 2.00 qps: 1373.02 (r/w/o: 0.00/1369.02/4.00) lat (ms,95%): 569.67 err/s: 0.00 reconn/s: 0.00
[ 7s ] thds: 1 tps: 2.00 qps: 1374.96 (r/w/o: 0.00/1370.96/4.00) lat (ms,95%): 612.21 err/s: 0.00 reconn/s: 0.00
[ 8s ] thds: 1 tps: 2.00 qps: 1354.07 (r/w/o: 0.00/1350.07/4.00) lat (ms,95%): 590.56 err/s: 0.00 reconn/s: 0.00
SQL statistics:
    queries performed:
        read:                            0
        write:                           12014
        other:                           31
        total:                           12045
    transactions:                        15     (1.76 per sec.)
    queries:                             12045  (1411.07 per sec.)
    ignored errors:                      0      (0.00 per sec.)
    reconnects:                          0      (0.00 per sec.)

General statistics:
    total time:                          8.5357s
    total number of events:              15

Latency (ms):
         min:                                  524.60
         avg:                                  569.01
         max:                                  610.92
         95th percentile:                      612.21
         sum:                                 8535.09

Threads fairness:
    events (avg/stddev):           15.0000/0.00
    execution time (avg/stddev):   8.5351/0.00

