sysbench 1.0.20 (using system LuaJIT 2.1.0-beta3)

Running the test with following options:
Number of threads: 1
Report intermediate results every 1 second(s)
Initializing random number generator from current time


Initializing worker threads...

Threads started!

[ 1s ] thds: 1 tps: 3791.99 qps: 3791.99 (r/w/o: 3791.99/0.00/0.00) lat (ms,95%): 0.29 err/s: 0.00 reconn/s: 0.00
[ 2s ] thds: 1 tps: 3885.30 qps: 3885.30 (r/w/o: 3885.30/0.00/0.00) lat (ms,95%): 0.29 err/s: 0.00 reconn/s: 0.00
[ 3s ] thds: 1 tps: 3824.64 qps: 3824.64 (r/w/o: 3824.64/0.00/0.00) lat (ms,95%): 0.29 err/s: 0.00 reconn/s: 0.00
[ 4s ] thds: 1 tps: 3799.32 qps: 3799.32 (r/w/o: 3799.32/0.00/0.00) lat (ms,95%): 0.29 err/s: 0.00 reconn/s: 0.00
[ 5s ] thds: 1 tps: 3859.81 qps: 3859.81 (r/w/o: 3859.81/0.00/0.00) lat (ms,95%): 0.28 err/s: 0.00 reconn/s: 0.00
[ 6s ] thds: 1 tps: 3804.13 qps: 3804.13 (r/w/o: 3804.13/0.00/0.00) lat (ms,95%): 0.29 err/s: 0.00 reconn/s: 0.00
[ 7s ] thds: 1 tps: 3886.10 qps: 3886.10 (r/w/o: 3886.10/0.00/0.00) lat (ms,95%): 0.29 err/s: 0.00 reconn/s: 0.00
SQL statistics:
    queries performed:
        read:                            30697
        write:                           0
        other:                           0
        total:                           30697
    transactions:                        30697  (3836.62 per sec.)
    queries:                             30697  (3836.62 per sec.)
    ignored errors:                      0      (0.00 per sec.)
    reconnects:                          0      (0.00 per sec.)

General statistics:
    total time:                          8.0007s
    total number of events:              30697

Latency (ms):
         min:                                    0.23
         avg:                                    0.26
         max:                                    7.64
         95th percentile:                        0.29
         sum:                                 7973.11

Threads fairness:
    events (avg/stddev):           30697.0000/0.00
    execution time (avg/stddev):   7.9731/0.00

