sysbench 1.0.20 (using system LuaJIT 2.1.0-beta3)

Running the test with following options:
Number of threads: 4
Report intermediate results every 2 second(s)
Initializing random number generator from current time


Initializing worker threads...

Threads started!

[ 2s ] thds: 4 tps: 3233.96 qps: 3233.96 (r/w/o: 3233.96/0.00/0.00) lat (ms,95%): 1.50 err/s: 0.00 reconn/s: 0.00
[ 4s ] thds: 4 tps: 3276.48 qps: 3276.48 (r/w/o: 3276.48/0.00/0.00) lat (ms,95%): 1.47 err/s: 0.00 reconn/s: 0.00
[ 6s ] thds: 4 tps: 3270.06 qps: 3270.06 (r/w/o: 3270.06/0.00/0.00) lat (ms,95%): 1.47 err/s: 0.00 reconn/s: 0.00
[ 8s ] thds: 4 tps: 3271.44 qps: 3271.44 (r/w/o: 3271.44/0.00/0.00) lat (ms,95%): 1.44 err/s: 0.00 reconn/s: 0.00
[ 10s ] thds: 4 tps: 3281.49 qps: 3281.49 (r/w/o: 3281.49/0.00/0.00) lat (ms,95%): 1.44 err/s: 0.00 reconn/s: 0.00
[ 12s ] thds: 4 tps: 3267.54 qps: 3267.54 (r/w/o: 3267.54/0.00/0.00) lat (ms,95%): 1.44 err/s: 0.00 reconn/s: 0.00
[ 14s ] thds: 4 tps: 3267.52 qps: 3267.52 (r/w/o: 3267.52/0.00/0.00) lat (ms,95%): 1.50 err/s: 0.00 reconn/s: 0.00
[ 16s ] thds: 4 tps: 3264.41 qps: 3264.41 (r/w/o: 3264.41/0.00/0.00) lat (ms,95%): 1.47 err/s: 0.00 reconn/s: 0.00
[ 18s ] thds: 4 tps: 3280.06 qps: 3280.06 (r/w/o: 3280.06/0.00/0.00) lat (ms,95%): 1.44 err/s: 0.00 reconn/s: 0.00
SQL statistics:
    queries performed:
        read:                            58831
        write:                           0
        other:                           0
        total:                           58831
    transactions:                        58831  (3268.10 per sec.)
    queries:                             58831  (3268.10 per sec.)
    ignored errors:                      0      (0.00 per sec.)
    reconnects:                          0      (0.00 per sec.)

General statistics:
    total time:                          18.0012s
    total number of events:              58831

Latency (ms):
         min:                                    0.65
         avg:                                    1.22
         max:                                   17.93
         95th percentile:                        1.47
         sum:                                71916.01

Threads fairness:
    events (avg/stddev):           14707.7500/55.64
    execution time (avg/stddev):   17.9790/0.00

