sysbench 1.0.20 (using system LuaJIT 2.1.0-beta3)

Running the test with following options:
Number of threads: 4
Report intermediate results every 2 second(s)
Initializing random number generator from current time


Initializing worker threads...

Threads started!

[ 2s ] thds: 4 tps: 49.47 qps: 49.47 (r/w/o: 49.47/0.00/0.00) lat (ms,95%): 92.42 err/s: 0.00 reconn/s: 0.00
[ 4s ] thds: 4 tps: 50.51 qps: 50.51 (r/w/o: 50.51/0.00/0.00) lat (ms,95%): 80.03 err/s: 0.00 reconn/s: 0.00
[ 6s ] thds: 4 tps: 52.00 qps: 52.00 (r/w/o: 52.00/0.00/0.00) lat (ms,95%): 80.03 err/s: 0.00 reconn/s: 0.00
[ 8s ] thds: 4 tps: 50.00 qps: 50.00 (r/w/o: 50.00/0.00/0.00) lat (ms,95%): 81.48 err/s: 0.00 reconn/s: 0.00
[ 10s ] thds: 4 tps: 51.50 qps: 51.50 (r/w/o: 51.50/0.00/0.00) lat (ms,95%): 81.48 err/s: 0.00 reconn/s: 0.00
[ 12s ] thds: 4 tps: 50.00 qps: 50.00 (r/w/o: 50.00/0.00/0.00) lat (ms,95%): 80.03 err/s: 0.00 reconn/s: 0.00
[ 14s ] thds: 4 tps: 50.00 qps: 50.00 (r/w/o: 50.00/0.00/0.00) lat (ms,95%): 81.48 err/s: 0.00 reconn/s: 0.00
[ 16s ] thds: 4 tps: 52.00 qps: 52.00 (r/w/o: 52.00/0.00/0.00) lat (ms,95%): 81.48 err/s: 0.00 reconn/s: 0.00
[ 18s ] thds: 4 tps: 50.00 qps: 50.00 (r/w/o: 50.00/0.00/0.00) lat (ms,95%): 80.03 err/s: 0.00 reconn/s: 0.00
SQL statistics:
    queries performed:
        read:                            915
        write:                           0
        other:                           0
        total:                           915
    transactions:                        915    (50.69 per sec.)
    queries:                             915    (50.69 per sec.)
    ignored errors:                      0      (0.00 per sec.)
    reconnects:                          0      (0.00 per sec.)

General statistics:
    total time:                          18.0512s
    total number of events:              915

Latency (ms):
         min:                                   72.41
         avg:                                   78.90
         max:                                  143.52
         95th percentile:                       81.48
         sum:                                72197.05

Threads fairness:
    events (avg/stddev):           228.7500/0.43
    execution time (avg/stddev):   18.0493/0.00

