sysbench 1.0.20 (using system LuaJIT 2.1.0-beta3)

Running the test with following options:
Number of threads: 4
Report intermediate results every 2 second(s)
Initializing random number generator from current time


Initializing worker threads...

Threads started!

[ 2s ] thds: 4 tps: 0.00 qps: 3084.46 (r/w/o: 0.00/769.12/2315.35) lat (ms,95%): 0.00 err/s: 0.00 reconn/s: 0.00
[ 4s ] thds: 4 tps: 0.00 qps: 3123.18 (r/w/o: 0.00/780.67/2342.51) lat (ms,95%): 0.00 err/s: 0.00 reconn/s: 0.00
[ 6s ] thds: 4 tps: 0.00 qps: 3173.62 (r/w/o: 0.00/793.53/2380.09) lat (ms,95%): 0.00 err/s: 0.00 reconn/s: 0.00
[ 8s ] thds: 4 tps: 0.00 qps: 3266.01 (r/w/o: 0.00/816.50/2449.51) lat (ms,95%): 0.00 err/s: 0.00 reconn/s: 0.00
[ 10s ] thds: 4 tps: 0.00 qps: 3008.00 (r/w/o: 0.00/752.00/2256.00) lat (ms,95%): 0.00 err/s: 0.00 reconn/s: 0.00
[ 12s ] thds: 4 tps: 0.00 qps: 3067.38 (r/w/o: 0.00/766.97/2300.41) lat (ms,95%): 0.00 err/s: 0.00 reconn/s: 0.00
[ 14s ] thds: 4 tps: 0.00 qps: 3002.52 (r/w/o: 0.00/750.51/2252.02) lat (ms,95%): 0.00 err/s: 0.00 reconn/s: 0.00
[ 16s ] thds: 4 tps: 0.00 qps: 3006.10 (r/w/o: 0.00/751.53/2254.58) lat (ms,95%): 0.00 err/s: 0.00 reconn/s: 0.00
[ 18s ] thds: 4 tps: 0.00 qps: 3037.93 (r/w/o: 0.00/759.48/2278.45) lat (ms,95%): 0.00 err/s: 0.00 reconn/s: 0.00
[ 20s ] thds: 4 tps: 0.00 qps: 3064.08 (r/w/o: 0.00/766.02/2298.06) lat (ms,95%): 0.00 err/s: 0.00 reconn/s: 0.00
[ 22s ] thds: 4 tps: 0.00 qps: 3035.82 (r/w/o: 0.00/758.96/2276.87) lat (ms,95%): 0.00 err/s: 0.00 reconn/s: 0.00
[ 24s ] thds: 4 tps: 0.00 qps: 2964.13 (r/w/o: 0.00/741.03/2223.10) lat (ms,95%): 0.00 err/s: 0.00 reconn/s: 0.00
[ 26s ] thds: 4 tps: 0.00 qps: 3130.02 (r/w/o: 0.00/782.51/2347.52) lat (ms,95%): 0.00 err/s: 0.00 reconn/s: 0.00
[ 28s ] thds: 4 tps: 0.00 qps: 3196.02 (r/w/o: 0.00/799.01/2397.02) lat (ms,95%): 0.00 err/s: 0.00 reconn/s: 0.00
SQL statistics:
    queries performed:
        read:                            0
        write:                           22000
        other:                           66016
        total:                           88016
    transactions:                        4      (0.14 per sec.)
    queries:                             88016  (3078.48 per sec.)
    ignored errors:                      0      (0.00 per sec.)
    reconnects:                          0      (0.00 per sec.)

General statistics:
    total time:                          28.5904s
    total number of events:              4

Latency (ms):
         min:                                28589.26
         avg:                                28589.36
         max:                                28589.66
         95th percentile:                    28352.44
         sum:                               114357.45

Threads fairness:
    events (avg/stddev):           1.0000/0.00
    execution time (avg/stddev):   28.5894/0.00

