sysbench 1.0.20 (using system LuaJIT 2.1.0-beta3)

Running the test with following options:
Number of threads: 1
Report intermediate results every 1 second(s)
Initializing random number generator from current time


Initializing worker threads...

Threads started!

[ 1s ] thds: 1 tps: 2.00 qps: 1101.01 (r/w/o: 0.00/1094.01/6.99) lat (ms,95%): 458.96 err/s: 0.00 reconn/s: 0.00
[ 2s ] thds: 1 tps: 2.00 qps: 1110.41 (r/w/o: 0.00/1106.41/4.00) lat (ms,95%): 467.30 err/s: 0.00 reconn/s: 0.00
[ 3s ] thds: 1 tps: 2.00 qps: 1148.04 (r/w/o: 0.00/1144.04/4.00) lat (ms,95%): 442.73 err/s: 0.00 reconn/s: 0.00
[ 4s ] thds: 1 tps: 2.00 qps: 1097.03 (r/w/o: 0.00/1093.03/4.00) lat (ms,95%): 458.96 err/s: 0.00 reconn/s: 0.00
[ 5s ] thds: 1 tps: 3.00 qps: 1082.03 (r/w/o: 0.00/1076.03/6.00) lat (ms,95%): 467.30 err/s: 0.00 reconn/s: 0.00
[ 6s ] thds: 1 tps: 2.00 qps: 1054.92 (r/w/o: 0.00/1050.92/4.00) lat (ms,95%): 475.79 err/s: 0.00 reconn/s: 0.00
[ 7s ] thds: 1 tps: 2.00 qps: 1068.08 (r/w/o: 0.00/1064.08/4.00) lat (ms,95%): 484.44 err/s: 0.00 reconn/s: 0.00
[ 8s ] thds: 1 tps: 2.00 qps: 1083.92 (r/w/o: 0.00/1079.92/4.00) lat (ms,95%): 475.79 err/s: 0.00 reconn/s: 0.00
SQL statistics:
    queries performed:
        read:                            0
        write:                           8999
        other:                           37
        total:                           9036
    transactions:                        18     (2.18 per sec.)
    queries:                             9036   (1094.69 per sec.)
    ignored errors:                      0      (0.00 per sec.)
    reconnects:                          0      (0.00 per sec.)

General statistics:
    total time:                          8.2540s
    total number of events:              18

Latency (ms):
         min:                                  438.32
         avg:                                  458.52
         max:                                  482.36
         95th percentile:                      475.79
         sum:                                 8253.34

Threads fairness:
    events (avg/stddev):           18.0000/0.00
    execution time (avg/stddev):   8.2533/0.00

