sysbench 1.0.20 (using system LuaJIT 2.1.0-beta3)

Running the test with following options:
Number of threads: 4
Report intermediate results every 2 second(s)
Initializing random number generator from current time


Initializing worker threads...

Threads started!

[ 2s ] thds: 4 tps: 6.00 qps: 6118.98 (r/w/o: 0.00/1526.25/4592.73) lat (ms,95%): 669.89 err/s: 0.00 reconn/s: 0.00
[ 4s ] thds: 4 tps: 6.00 qps: 6152.88 (r/w/o: 0.00/1535.34/4617.54) lat (ms,95%): 657.93 err/s: 0.00 reconn/s: 0.00
[ 6s ] thds: 4 tps: 6.00 qps: 6044.44 (r/w/o: 0.00/1507.98/4536.45) lat (ms,95%): 682.06 err/s: 0.00 reconn/s: 0.00
[ 8s ] thds: 4 tps: 6.00 qps: 6084.23 (r/w/o: 0.00/1518.06/4566.17) lat (ms,95%): 682.06 err/s: 0.00 reconn/s: 0.00
[ 10s ] thds: 4 tps: 6.00 qps: 6103.53 (r/w/o: 0.00/1522.88/4580.65) lat (ms,95%): 669.89 err/s: 0.00 reconn/s: 0.00
[ 12s ] thds: 4 tps: 6.00 qps: 6088.39 (r/w/o: 0.00/1519.10/4569.30) lat (ms,95%): 669.89 err/s: 0.00 reconn/s: 0.00
[ 14s ] thds: 4 tps: 6.00 qps: 5930.90 (r/w/o: 0.00/1479.97/4450.92) lat (ms,95%): 707.07 err/s: 0.00 reconn/s: 0.00
[ 16s ] thds: 4 tps: 6.00 qps: 6110.44 (r/w/o: 0.00/1524.48/4585.95) lat (ms,95%): 682.06 err/s: 0.00 reconn/s: 0.00
[ 18s ] thds: 4 tps: 6.00 qps: 6060.52 (r/w/o: 0.00/1512.01/4548.52) lat (ms,95%): 682.06 err/s: 0.00 reconn/s: 0.00
SQL statistics:
    queries performed:
        read:                            0
        write:                           28029
        other:                           84307
        total:                           112336
    transactions:                        112    (6.05 per sec.)
    queries:                             112336 (6072.48 per sec.)
    ignored errors:                      0      (0.00 per sec.)
    reconnects:                          0      (0.00 per sec.)

General statistics:
    total time:                          18.4988s
    total number of events:              112

Latency (ms):
         min:                                  638.13
         avg:                                  660.64
         max:                                  707.90
         95th percentile:                      682.06
         sum:                                73991.30

Threads fairness:
    events (avg/stddev):           28.0000/0.00
    execution time (avg/stddev):   18.4978/0.00

