sysbench 1.0.20 (using system LuaJIT 2.1.0-beta3)

Running the test with following options:
Number of threads: 1
Report intermediate results every 1 second(s)
Initializing random number generator from current time


Initializing worker threads...

Threads started!

[ 1s ] thds: 1 tps: 958.37 qps: 2877.12 (r/w/o: 2877.12/0.00/0.00) lat (ms,95%): 1.10 err/s: 0.00 reconn/s: 0.00
[ 2s ] thds: 1 tps: 964.23 qps: 2891.68 (r/w/o: 2891.68/0.00/0.00) lat (ms,95%): 1.12 err/s: 0.00 reconn/s: 0.00
[ 3s ] thds: 1 tps: 971.98 qps: 2915.93 (r/w/o: 2915.93/0.00/0.00) lat (ms,95%): 1.10 err/s: 0.00 reconn/s: 0.00
[ 4s ] thds: 1 tps: 964.99 qps: 2895.97 (r/w/o: 2895.97/0.00/0.00) lat (ms,95%): 1.10 err/s: 0.00 reconn/s: 0.00
[ 5s ] thds: 1 tps: 961.02 qps: 2881.06 (r/w/o: 2881.06/0.00/0.00) lat (ms,95%): 1.12 err/s: 0.00 reconn/s: 0.00
[ 6s ] thds: 1 tps: 977.02 qps: 2933.06 (r/w/o: 2933.06/0.00/0.00) lat (ms,95%): 1.10 err/s: 0.00 reconn/s: 0.00
[ 7s ] thds: 1 tps: 977.98 qps: 2932.94 (r/w/o: 2932.94/0.00/0.00) lat (ms,95%): 1.10 err/s: 0.00 reconn/s: 0.00
[ 8s ] thds: 1 tps: 977.00 qps: 2930.00 (r/w/o: 2930.00/0.00/0.00) lat (ms,95%): 1.10 err/s: 0.00 reconn/s: 0.00
SQL statistics:
    queries performed:
        read:                            23262
        write:                           0
        other:                           0
        total:                           23262
    transactions:                        7754   (969.04 per sec.)
    queries:                             23262  (2907.13 per sec.)
    ignored errors:                      0      (0.00 per sec.)
    reconnects:                          0      (0.00 per sec.)

General statistics:
    total time:                          8.0013s
    total number of events:              7754

Latency (ms):
         min:                                    0.94
         avg:                                    1.03
         max:                                    9.28
         95th percentile:                        1.10
         sum:                                 7992.47

Threads fairness:
    events (avg/stddev):           7754.0000/0.00
    execution time (avg/stddev):   7.9925/0.00

