sysbench 1.0.20 (using system LuaJIT 2.1.0-beta3)

Running the test with following options:
Number of threads: 1
Report intermediate results every 1 second(s)
Initializing random number generator from current time


Initializing worker threads...

Threads started!

[ 1s ] thds: 1 tps: 4.00 qps: 1075.04 (r/w/o: 0.00/1064.05/10.99) lat (ms,95%): 262.64 err/s: 0.00 reconn/s: 0.00
[ 2s ] thds: 1 tps: 4.00 qps: 1215.57 (r/w/o: 0.00/1207.57/8.00) lat (ms,95%): 215.44 err/s: 0.00 reconn/s: 0.00
[ 3s ] thds: 1 tps: 5.00 qps: 1209.92 (r/w/o: 0.00/1199.92/10.00) lat (ms,95%): 215.44 err/s: 0.00 reconn/s: 0.00
[ 4s ] thds: 1 tps: 5.00 qps: 1209.98 (r/w/o: 0.00/1199.98/10.00) lat (ms,95%): 219.36 err/s: 0.00 reconn/s: 0.00
[ 5s ] thds: 1 tps: 5.00 qps: 1205.01 (r/w/o: 0.00/1195.01/10.00) lat (ms,95%): 223.34 err/s: 0.00 reconn/s: 0.00
[ 6s ] thds: 1 tps: 4.00 qps: 1213.03 (r/w/o: 0.00/1205.03/8.00) lat (ms,95%): 215.44 err/s: 0.00 reconn/s: 0.00
[ 7s ] thds: 1 tps: 5.00 qps: 1180.97 (r/w/o: 0.00/1170.97/10.00) lat (ms,95%): 227.40 err/s: 0.00 reconn/s: 0.00
[ 8s ] thds: 1 tps: 4.00 qps: 1189.00 (r/w/o: 0.00/1181.00/8.00) lat (ms,95%): 227.40 err/s: 0.00 reconn/s: 0.00
SQL statistics:
    queries performed:
        read:                            0
        write:                           9434
        other:                           75
        total:                           9509
    transactions:                        37     (4.62 per sec.)
    queries:                             9509   (1187.47 per sec.)
    ignored errors:                      0      (0.00 per sec.)
    reconnects:                          0      (0.00 per sec.)

General statistics:
    total time:                          8.0074s
    total number of events:              37

Latency (ms):
         min:                                  205.91
         avg:                                  216.40
         max:                                  264.00
         95th percentile:                      227.40
         sum:                                 8006.67

Threads fairness:
    events (avg/stddev):           37.0000/0.00
    execution time (avg/stddev):   8.0067/0.00

