sysbench 1.0.20 (using system LuaJIT 2.1.0-beta3)

Running the test with following options:
Number of threads: 1
Report intermediate results every 1 second(s)
Initializing random number generator from current time


Initializing worker threads...

Threads started!

[ 1s ] thds: 1 tps: 176.88 qps: 532.64 (r/w/o: 532.64/0.00/0.00) lat (ms,95%): 5.77 err/s: 0.00 reconn/s: 0.00
[ 2s ] thds: 1 tps: 182.05 qps: 544.14 (r/w/o: 544.14/0.00/0.00) lat (ms,95%): 5.57 err/s: 0.00 reconn/s: 0.00
[ 3s ] thds: 1 tps: 178.99 qps: 537.97 (r/w/o: 537.97/0.00/0.00) lat (ms,95%): 5.67 err/s: 0.00 reconn/s: 0.00
[ 4s ] thds: 1 tps: 177.00 qps: 531.01 (r/w/o: 531.01/0.00/0.00) lat (ms,95%): 6.32 err/s: 0.00 reconn/s: 0.00
[ 5s ] thds: 1 tps: 179.00 qps: 536.01 (r/w/o: 536.01/0.00/0.00) lat (ms,95%): 5.77 err/s: 0.00 reconn/s: 0.00
[ 6s ] thds: 1 tps: 180.00 qps: 540.01 (r/w/o: 540.01/0.00/0.00) lat (ms,95%): 5.67 err/s: 0.00 reconn/s: 0.00
[ 7s ] thds: 1 tps: 181.99 qps: 546.98 (r/w/o: 546.98/0.00/0.00) lat (ms,95%): 5.57 err/s: 0.00 reconn/s: 0.00
[ 8s ] thds: 1 tps: 180.99 qps: 541.98 (r/w/o: 541.98/0.00/0.00) lat (ms,95%): 5.57 err/s: 0.00 reconn/s: 0.00
SQL statistics:
    queries performed:
        read:                            4314
        write:                           0
        other:                           0
        total:                           4314
    transactions:                        1438   (179.61 per sec.)
    queries:                             4314   (538.82 per sec.)
    ignored errors:                      0      (0.00 per sec.)
    reconnects:                          0      (0.00 per sec.)

General statistics:
    total time:                          8.0060s
    total number of events:              1438

Latency (ms):
         min:                                    5.37
         avg:                                    5.57
         max:                                   13.04
         95th percentile:                        5.77
         sum:                                 8003.30

Threads fairness:
    events (avg/stddev):           1438.0000/0.00
    execution time (avg/stddev):   8.0033/0.00

