sysbench 1.0.20 (using system LuaJIT 2.1.0-beta3)

Running the test with following options:
Number of threads: 1
Report intermediate results every 1 second(s)
Initializing random number generator from current time


Initializing worker threads...

Threads started!

[ 1s ] thds: 1 tps: 5991.39 qps: 5991.39 (r/w/o: 5991.39/0.00/0.00) lat (ms,95%): 0.19 err/s: 0.00 reconn/s: 0.00
[ 2s ] thds: 1 tps: 6013.50 qps: 6013.50 (r/w/o: 6013.50/0.00/0.00) lat (ms,95%): 0.19 err/s: 0.00 reconn/s: 0.00
[ 3s ] thds: 1 tps: 5945.20 qps: 5945.20 (r/w/o: 5945.20/0.00/0.00) lat (ms,95%): 0.19 err/s: 0.00 reconn/s: 0.00
[ 4s ] thds: 1 tps: 5913.90 qps: 5913.90 (r/w/o: 5913.90/0.00/0.00) lat (ms,95%): 0.20 err/s: 0.00 reconn/s: 0.00
[ 5s ] thds: 1 tps: 5986.21 qps: 5986.21 (r/w/o: 5986.21/0.00/0.00) lat (ms,95%): 0.19 err/s: 0.00 reconn/s: 0.00
[ 6s ] thds: 1 tps: 5998.65 qps: 5998.65 (r/w/o: 5998.65/0.00/0.00) lat (ms,95%): 0.19 err/s: 0.00 reconn/s: 0.00
[ 7s ] thds: 1 tps: 5926.14 qps: 5926.14 (r/w/o: 5926.14/0.00/0.00) lat (ms,95%): 0.19 err/s: 0.00 reconn/s: 0.00
SQL statistics:
    queries performed:
        read:                            47727
        write:                           0
        other:                           0
        total:                           47727
    transactions:                        47727  (5965.07 per sec.)
    queries:                             47727  (5965.07 per sec.)
    ignored errors:                      0      (0.00 per sec.)
    reconnects:                          0      (0.00 per sec.)

General statistics:
    total time:                          8.0007s
    total number of events:              47727

Latency (ms):
         min:                                    0.14
         avg:                                    0.17
         max:                                    7.59
         95th percentile:                        0.19
         sum:                                 7958.67

Threads fairness:
    events (avg/stddev):           47727.0000/0.00
    execution time (avg/stddev):   7.9587/0.00

