sysbench 1.0.20 (using system LuaJIT 2.1.0-beta3)

Running the test with following options:
Number of threads: 1
Report intermediate results every 1 second(s)
Initializing random number generator from current time


Initializing worker threads...

Threads started!

[ 1s ] thds: 1 tps: 5740.73 qps: 5740.73 (r/w/o: 5740.73/0.00/0.00) lat (ms,95%): 0.20 err/s: 0.00 reconn/s: 0.00
[ 2s ] thds: 1 tps: 5848.43 qps: 5848.43 (r/w/o: 5848.43/0.00/0.00) lat (ms,95%): 0.20 err/s: 0.00 reconn/s: 0.00
[ 3s ] thds: 1 tps: 5846.93 qps: 5846.93 (r/w/o: 5846.93/0.00/0.00) lat (ms,95%): 0.20 err/s: 0.00 reconn/s: 0.00
[ 4s ] thds: 1 tps: 5735.65 qps: 5735.65 (r/w/o: 5735.65/0.00/0.00) lat (ms,95%): 0.20 err/s: 0.00 reconn/s: 0.00
[ 5s ] thds: 1 tps: 5911.23 qps: 5911.23 (r/w/o: 5911.23/0.00/0.00) lat (ms,95%): 0.19 err/s: 0.00 reconn/s: 0.00
[ 6s ] thds: 1 tps: 5994.08 qps: 5994.08 (r/w/o: 5994.08/0.00/0.00) lat (ms,95%): 0.19 err/s: 0.00 reconn/s: 0.00
[ 7s ] thds: 1 tps: 5859.98 qps: 5860.98 (r/w/o: 5860.98/0.00/0.00) lat (ms,95%): 0.20 err/s: 0.00 reconn/s: 0.00
SQL statistics:
    queries performed:
        read:                            46866
        write:                           0
        other:                           0
        total:                           46866
    transactions:                        46866  (5857.49 per sec.)
    queries:                             46866  (5857.49 per sec.)
    ignored errors:                      0      (0.00 per sec.)
    reconnects:                          0      (0.00 per sec.)

General statistics:
    total time:                          8.0007s
    total number of events:              46866

Latency (ms):
         min:                                    0.14
         avg:                                    0.17
         max:                                    7.57
         95th percentile:                        0.20
         sum:                                 7960.01

Threads fairness:
    events (avg/stddev):           46866.0000/0.00
    execution time (avg/stddev):   7.9600/0.00

