sysbench 1.0.20 (using system LuaJIT 2.1.0-beta3)

Running the test with following options:
Number of threads: 1
Report intermediate results every 1 second(s)
Initializing random number generator from current time


Initializing worker threads...

Threads started!

[ 1s ] thds: 1 tps: 724.52 qps: 724.52 (r/w/o: 724.52/0.00/0.00) lat (ms,95%): 1.42 err/s: 0.00 reconn/s: 0.00
[ 2s ] thds: 1 tps: 718.17 qps: 718.17 (r/w/o: 718.17/0.00/0.00) lat (ms,95%): 1.52 err/s: 0.00 reconn/s: 0.00
[ 3s ] thds: 1 tps: 732.00 qps: 732.00 (r/w/o: 732.00/0.00/0.00) lat (ms,95%): 1.39 err/s: 0.00 reconn/s: 0.00
[ 4s ] thds: 1 tps: 727.98 qps: 727.98 (r/w/o: 727.98/0.00/0.00) lat (ms,95%): 1.39 err/s: 0.00 reconn/s: 0.00
[ 5s ] thds: 1 tps: 727.99 qps: 727.99 (r/w/o: 727.99/0.00/0.00) lat (ms,95%): 1.42 err/s: 0.00 reconn/s: 0.00
[ 6s ] thds: 1 tps: 730.00 qps: 730.00 (r/w/o: 730.00/0.00/0.00) lat (ms,95%): 1.39 err/s: 0.00 reconn/s: 0.00
[ 7s ] thds: 1 tps: 730.03 qps: 730.03 (r/w/o: 730.03/0.00/0.00) lat (ms,95%): 1.42 err/s: 0.00 reconn/s: 0.00
[ 8s ] thds: 1 tps: 730.97 qps: 730.97 (r/w/o: 730.97/0.00/0.00) lat (ms,95%): 1.39 err/s: 0.00 reconn/s: 0.00
SQL statistics:
    queries performed:
        read:                            5823
        write:                           0
        other:                           0
        total:                           5823
    transactions:                        5823   (727.69 per sec.)
    queries:                             5823   (727.69 per sec.)
    ignored errors:                      0      (0.00 per sec.)
    reconnects:                          0      (0.00 per sec.)

General statistics:
    total time:                          8.0016s
    total number of events:              5823

Latency (ms):
         min:                                    1.32
         avg:                                    1.37
         max:                                    8.83
         95th percentile:                        1.42
         sum:                                 7995.26

Threads fairness:
    events (avg/stddev):           5823.0000/0.00
    execution time (avg/stddev):   7.9953/0.00

