sysbench 1.0.20 (using system LuaJIT 2.1.0-beta3)

Running the test with following options:
Number of threads: 4
Report intermediate results every 2 second(s)
Initializing random number generator from current time


Initializing worker threads...

Threads started!

[ 2s ] thds: 4 tps: 3174.58 qps: 3174.58 (r/w/o: 3174.58/0.00/0.00) lat (ms,95%): 1.52 err/s: 0.00 reconn/s: 0.00
[ 4s ] thds: 4 tps: 3178.86 qps: 3178.86 (r/w/o: 3178.86/0.00/0.00) lat (ms,95%): 1.61 err/s: 0.00 reconn/s: 0.00
[ 6s ] thds: 4 tps: 3222.61 qps: 3222.61 (r/w/o: 3222.61/0.00/0.00) lat (ms,95%): 1.50 err/s: 0.00 reconn/s: 0.00
[ 8s ] thds: 4 tps: 3133.91 qps: 3133.91 (r/w/o: 3133.91/0.00/0.00) lat (ms,95%): 1.70 err/s: 0.00 reconn/s: 0.00
[ 10s ] thds: 4 tps: 3217.47 qps: 3217.47 (r/w/o: 3217.47/0.00/0.00) lat (ms,95%): 1.50 err/s: 0.00 reconn/s: 0.00
[ 12s ] thds: 4 tps: 3173.25 qps: 3173.25 (r/w/o: 3173.25/0.00/0.00) lat (ms,95%): 1.61 err/s: 0.00 reconn/s: 0.00
[ 14s ] thds: 4 tps: 3139.79 qps: 3139.79 (r/w/o: 3139.79/0.00/0.00) lat (ms,95%): 1.73 err/s: 0.00 reconn/s: 0.00
[ 16s ] thds: 4 tps: 3218.47 qps: 3218.47 (r/w/o: 3218.47/0.00/0.00) lat (ms,95%): 1.50 err/s: 0.00 reconn/s: 0.00
[ 18s ] thds: 4 tps: 3233.00 qps: 3233.00 (r/w/o: 3233.00/0.00/0.00) lat (ms,95%): 1.47 err/s: 0.00 reconn/s: 0.00
SQL statistics:
    queries performed:
        read:                            57389
        write:                           0
        other:                           0
        total:                           57389
    transactions:                        57389  (3187.91 per sec.)
    queries:                             57389  (3187.91 per sec.)
    ignored errors:                      0      (0.00 per sec.)
    reconnects:                          0      (0.00 per sec.)

General statistics:
    total time:                          18.0017s
    total number of events:              57389

Latency (ms):
         min:                                    0.65
         avg:                                    1.25
         max:                                   21.03
         95th percentile:                        1.55
         sum:                                71910.80

Threads fairness:
    events (avg/stddev):           14347.2500/59.37
    execution time (avg/stddev):   17.9777/0.00

