sysbench 1.0.20 (using system LuaJIT 2.1.0-beta3)

Running the test with following options:
Number of threads: 4
Report intermediate results every 2 second(s)
Initializing random number generator from current time


Initializing worker threads...

Threads started!

[ 2s ] thds: 4 tps: 0.00 qps: 3596.06 (r/w/o: 0.00/898.51/2697.54) lat (ms,95%): 0.00 err/s: 0.00 reconn/s: 0.00
[ 4s ] thds: 4 tps: 2.00 qps: 3545.00 (r/w/o: 0.00/885.25/2659.75) lat (ms,95%): 3267.19 err/s: 0.00 reconn/s: 0.00
[ 6s ] thds: 4 tps: 0.00 qps: 3138.08 (r/w/o: 0.00/784.52/2353.56) lat (ms,95%): 0.00 err/s: 0.00 reconn/s: 0.00
[ 8s ] thds: 4 tps: 2.00 qps: 3214.02 (r/w/o: 0.00/802.51/2411.52) lat (ms,95%): 3773.42 err/s: 0.00 reconn/s: 0.00
[ 10s ] thds: 4 tps: 0.00 qps: 3117.99 (r/w/o: 0.00/779.50/2338.49) lat (ms,95%): 0.00 err/s: 0.00 reconn/s: 0.00
[ 12s ] thds: 4 tps: 2.00 qps: 3075.86 (r/w/o: 0.00/767.96/2307.89) lat (ms,95%): 3841.98 err/s: 0.00 reconn/s: 0.00
[ 14s ] thds: 4 tps: 0.00 qps: 3383.57 (r/w/o: 0.00/846.02/2537.55) lat (ms,95%): 0.00 err/s: 0.00 reconn/s: 0.00
[ 16s ] thds: 4 tps: 2.00 qps: 3228.48 (r/w/o: 0.00/805.99/2422.48) lat (ms,95%): 3706.08 err/s: 0.00 reconn/s: 0.00
[ 18s ] thds: 4 tps: 0.00 qps: 3133.93 (r/w/o: 0.00/783.48/2350.45) lat (ms,95%): 0.00 err/s: 0.00 reconn/s: 0.00
SQL statistics:
    queries performed:
        read:                            0
        write:                           15006
        other:                           45054
        total:                           60060
    transactions:                        20     (1.09 per sec.)
    queries:                             60060  (3272.13 per sec.)
    ignored errors:                      0      (0.00 per sec.)
    reconnects:                          0      (0.00 per sec.)

General statistics:
    total time:                          18.3547s
    total number of events:              20

Latency (ms):
         min:                                 3278.41
         avg:                                 3670.74
         max:                                 3847.29
         95th percentile:                     3841.98
         sum:                                73414.81

Threads fairness:
    events (avg/stddev):           5.0000/0.00
    execution time (avg/stddev):   18.3537/0.00

