sysbench 1.0.20 (using system LuaJIT 2.1.0-beta3)

Running the test with following options:
Number of threads: 4
Report intermediate results every 2 second(s)
Initializing random number generator from current time


Initializing worker threads...

Threads started!

[ 2s ] thds: 4 tps: 2849.64 qps: 2849.64 (r/w/o: 2849.64/0.00/0.00) lat (ms,95%): 1.79 err/s: 0.00 reconn/s: 0.00
[ 4s ] thds: 4 tps: 2893.97 qps: 2893.97 (r/w/o: 2893.97/0.00/0.00) lat (ms,95%): 1.76 err/s: 0.00 reconn/s: 0.00
[ 6s ] thds: 4 tps: 2909.46 qps: 2909.46 (r/w/o: 2909.46/0.00/0.00) lat (ms,95%): 1.79 err/s: 0.00 reconn/s: 0.00
[ 8s ] thds: 4 tps: 2898.54 qps: 2898.54 (r/w/o: 2898.54/0.00/0.00) lat (ms,95%): 1.79 err/s: 0.00 reconn/s: 0.00
[ 10s ] thds: 4 tps: 2891.78 qps: 2891.78 (r/w/o: 2891.78/0.00/0.00) lat (ms,95%): 1.79 err/s: 0.00 reconn/s: 0.00
[ 12s ] thds: 4 tps: 2898.74 qps: 2898.74 (r/w/o: 2898.74/0.00/0.00) lat (ms,95%): 1.79 err/s: 0.00 reconn/s: 0.00
[ 14s ] thds: 4 tps: 2899.92 qps: 2899.92 (r/w/o: 2899.92/0.00/0.00) lat (ms,95%): 1.79 err/s: 0.00 reconn/s: 0.00
[ 16s ] thds: 4 tps: 2916.02 qps: 2916.02 (r/w/o: 2916.02/0.00/0.00) lat (ms,95%): 1.76 err/s: 0.00 reconn/s: 0.00
[ 18s ] thds: 4 tps: 2891.03 qps: 2891.03 (r/w/o: 2891.03/0.00/0.00) lat (ms,95%): 1.86 err/s: 0.00 reconn/s: 0.00
SQL statistics:
    queries performed:
        read:                            52104
        write:                           0
        other:                           0
        total:                           52104
    transactions:                        52104  (2894.26 per sec.)
    queries:                             52104  (2894.26 per sec.)
    ignored errors:                      0      (0.00 per sec.)
    reconnects:                          0      (0.00 per sec.)

General statistics:
    total time:                          18.0022s
    total number of events:              52104

Latency (ms):
         min:                                    0.70
         avg:                                    1.38
         max:                                   19.19
         95th percentile:                        1.79
         sum:                                71925.86

Threads fairness:
    events (avg/stddev):           13026.0000/33.29
    execution time (avg/stddev):   17.9815/0.00

