sysbench 1.0.20 (using system LuaJIT 2.1.0-beta3)

Running the test with following options:
Number of threads: 4
Report intermediate results every 2 second(s)
Initializing random number generator from current time


Initializing worker threads...

Threads started!

[ 2s ] thds: 4 tps: 3312.41 qps: 3312.41 (r/w/o: 3312.41/0.00/0.00) lat (ms,95%): 1.55 err/s: 0.00 reconn/s: 0.00
[ 4s ] thds: 4 tps: 3389.03 qps: 3389.03 (r/w/o: 3389.03/0.00/0.00) lat (ms,95%): 1.44 err/s: 0.00 reconn/s: 0.00
[ 6s ] thds: 4 tps: 3383.00 qps: 3383.00 (r/w/o: 3383.00/0.00/0.00) lat (ms,95%): 1.47 err/s: 0.00 reconn/s: 0.00
[ 8s ] thds: 4 tps: 3330.02 qps: 3330.02 (r/w/o: 3330.02/0.00/0.00) lat (ms,95%): 1.67 err/s: 0.00 reconn/s: 0.00
[ 10s ] thds: 4 tps: 3369.98 qps: 3369.98 (r/w/o: 3369.98/0.00/0.00) lat (ms,95%): 1.47 err/s: 0.00 reconn/s: 0.00
[ 12s ] thds: 4 tps: 3380.51 qps: 3380.51 (r/w/o: 3380.51/0.00/0.00) lat (ms,95%): 1.47 err/s: 0.00 reconn/s: 0.00
[ 14s ] thds: 4 tps: 3399.02 qps: 3399.02 (r/w/o: 3399.02/0.00/0.00) lat (ms,95%): 1.42 err/s: 0.00 reconn/s: 0.00
[ 16s ] thds: 4 tps: 3396.47 qps: 3396.47 (r/w/o: 3396.47/0.00/0.00) lat (ms,95%): 1.42 err/s: 0.00 reconn/s: 0.00
[ 18s ] thds: 4 tps: 3369.95 qps: 3369.95 (r/w/o: 3369.95/0.00/0.00) lat (ms,95%): 1.44 err/s: 0.00 reconn/s: 0.00
SQL statistics:
    queries performed:
        read:                            60667
        write:                           0
        other:                           0
        total:                           60667
    transactions:                        60667  (3370.03 per sec.)
    queries:                             60667  (3370.03 per sec.)
    ignored errors:                      0      (0.00 per sec.)
    reconnects:                          0      (0.00 per sec.)

General statistics:
    total time:                          18.0016s
    total number of events:              60667

Latency (ms):
         min:                                    0.61
         avg:                                    1.19
         max:                                   20.30
         95th percentile:                        1.47
         sum:                                71920.91

Threads fairness:
    events (avg/stddev):           15166.7500/139.20
    execution time (avg/stddev):   17.9802/0.00

