sysbench 1.0.20 (using system LuaJIT 2.1.0-beta3)

Running the test with following options:
Number of threads: 4
Report intermediate results every 2 second(s)
Initializing random number generator from current time


Initializing worker threads...

Threads started!

[ 2s ] thds: 4 tps: 285.88 qps: 860.13 (r/w/o: 860.13/0.00/0.00) lat (ms,95%): 15.55 err/s: 0.00 reconn/s: 0.00
[ 4s ] thds: 4 tps: 288.55 qps: 866.16 (r/w/o: 866.16/0.00/0.00) lat (ms,95%): 16.12 err/s: 0.00 reconn/s: 0.00
[ 6s ] thds: 4 tps: 294.00 qps: 882.00 (r/w/o: 882.00/0.00/0.00) lat (ms,95%): 15.00 err/s: 0.00 reconn/s: 0.00
[ 8s ] thds: 4 tps: 294.99 qps: 883.46 (r/w/o: 883.46/0.00/0.00) lat (ms,95%): 14.73 err/s: 0.00 reconn/s: 0.00
[ 10s ] thds: 4 tps: 293.51 qps: 882.04 (r/w/o: 882.04/0.00/0.00) lat (ms,95%): 14.73 err/s: 0.00 reconn/s: 0.00
[ 12s ] thds: 4 tps: 293.50 qps: 879.99 (r/w/o: 879.99/0.00/0.00) lat (ms,95%): 15.00 err/s: 0.00 reconn/s: 0.00
[ 14s ] thds: 4 tps: 294.00 qps: 881.01 (r/w/o: 881.01/0.00/0.00) lat (ms,95%): 15.27 err/s: 0.00 reconn/s: 0.00
[ 16s ] thds: 4 tps: 294.00 qps: 881.50 (r/w/o: 881.50/0.00/0.00) lat (ms,95%): 15.27 err/s: 0.00 reconn/s: 0.00
[ 18s ] thds: 4 tps: 292.50 qps: 878.50 (r/w/o: 878.50/0.00/0.00) lat (ms,95%): 15.00 err/s: 0.00 reconn/s: 0.00
SQL statistics:
    queries performed:
        read:                            15798
        write:                           0
        other:                           0
        total:                           15798
    transactions:                        5266   (292.38 per sec.)
    queries:                             15798  (877.14 per sec.)
    ignored errors:                      0      (0.00 per sec.)
    reconnects:                          0      (0.00 per sec.)

General statistics:
    total time:                          18.0105s
    total number of events:              5266

Latency (ms):
         min:                                    7.24
         avg:                                   13.68
         max:                                   35.24
         95th percentile:                       15.27
         sum:                                72019.44

Threads fairness:
    events (avg/stddev):           1316.5000/2.29
    execution time (avg/stddev):   18.0049/0.00

