sysbench 1.0.20 (using system LuaJIT 2.1.0-beta3)

Running the test with following options:
Number of threads: 4
Report intermediate results every 2 second(s)
Initializing random number generator from current time


Initializing worker threads...

Threads started!

[ 2s ] thds: 4 tps: 0.00 qps: 2792.13 (r/w/o: 0.00/697.66/2094.47) lat (ms,95%): 0.00 err/s: 0.00 reconn/s: 0.00
[ 4s ] thds: 4 tps: 0.00 qps: 3100.68 (r/w/o: 0.00/774.67/2326.01) lat (ms,95%): 0.00 err/s: 0.00 reconn/s: 0.00
[ 6s ] thds: 4 tps: 0.00 qps: 2994.39 (r/w/o: 0.00/748.97/2245.42) lat (ms,95%): 0.00 err/s: 0.00 reconn/s: 0.00
[ 8s ] thds: 4 tps: 2.00 qps: 2976.16 (r/w/o: 0.00/773.04/2203.12) lat (ms,95%): 6713.97 err/s: 5.50 reconn/s: 0.00
[ 10s ] thds: 4 tps: 0.00 qps: 2927.97 (r/w/o: 0.00/731.99/2195.98) lat (ms,95%): 0.00 err/s: 0.00 reconn/s: 0.00
[ 12s ] thds: 4 tps: 0.00 qps: 2871.92 (r/w/o: 0.00/717.98/2153.94) lat (ms,95%): 0.00 err/s: 0.00 reconn/s: 0.00
[ 14s ] thds: 4 tps: 2.00 qps: 2890.60 (r/w/o: 0.00/733.53/2157.07) lat (ms,95%): 6960.17 err/s: 4.00 reconn/s: 0.00
[ 16s ] thds: 4 tps: 0.00 qps: 3361.86 (r/w/o: 0.00/840.46/2521.39) lat (ms,95%): 0.00 err/s: 0.00 reconn/s: 0.00
[ 18s ] thds: 4 tps: 0.00 qps: 3228.16 (r/w/o: 0.00/807.04/2421.12) lat (ms,95%): 0.00 err/s: 0.00 reconn/s: 0.00
[ 20s ] thds: 4 tps: 0.00 qps: 2592.00 (r/w/o: 0.00/648.00/1944.00) lat (ms,95%): 0.00 err/s: 0.00 reconn/s: 0.00
SQL statistics:
    queries performed:
        read:                            0
        write:                           15134
        other:                           45087
        total:                           60221
    transactions:                        12     (0.59 per sec.)
    queries:                             60221  (2968.12 per sec.)
    ignored errors:                      19     (0.94 per sec.)
    reconnects:                          0      (0.00 per sec.)

General statistics:
    total time:                          20.2889s
    total number of events:              12

Latency (ms):
         min:                                 6617.65
         avg:                                 6762.61
         max:                                 6913.23
         95th percentile:                     6960.17
         sum:                                81151.32

Threads fairness:
    events (avg/stddev):           3.0000/0.00
    execution time (avg/stddev):   20.2878/0.00

