sysbench 1.0.20 (using system LuaJIT 2.1.0-beta3)

Running the test with following options:
Number of threads: 4
Report intermediate results every 2 second(s)
Initializing random number generator from current time


Initializing worker threads...

Threads started!

[ 2s ] thds: 4 tps: 47.97 qps: 47.97 (r/w/o: 47.97/0.00/0.00) lat (ms,95%): 90.78 err/s: 0.00 reconn/s: 0.00
[ 4s ] thds: 4 tps: 52.01 qps: 52.01 (r/w/o: 52.01/0.00/0.00) lat (ms,95%): 84.47 err/s: 0.00 reconn/s: 0.00
[ 6s ] thds: 4 tps: 50.00 qps: 50.00 (r/w/o: 50.00/0.00/0.00) lat (ms,95%): 81.48 err/s: 0.00 reconn/s: 0.00
[ 8s ] thds: 4 tps: 50.00 qps: 50.00 (r/w/o: 50.00/0.00/0.00) lat (ms,95%): 81.48 err/s: 0.00 reconn/s: 0.00
[ 10s ] thds: 4 tps: 51.00 qps: 51.00 (r/w/o: 51.00/0.00/0.00) lat (ms,95%): 80.03 err/s: 0.00 reconn/s: 0.00
[ 12s ] thds: 4 tps: 50.50 qps: 50.50 (r/w/o: 50.50/0.00/0.00) lat (ms,95%): 78.60 err/s: 0.00 reconn/s: 0.00
[ 14s ] thds: 4 tps: 51.50 qps: 51.50 (r/w/o: 51.50/0.00/0.00) lat (ms,95%): 80.03 err/s: 0.00 reconn/s: 0.00
[ 16s ] thds: 4 tps: 50.50 qps: 50.50 (r/w/o: 50.50/0.00/0.00) lat (ms,95%): 80.03 err/s: 0.00 reconn/s: 0.00
[ 18s ] thds: 4 tps: 51.00 qps: 51.00 (r/w/o: 51.00/0.00/0.00) lat (ms,95%): 78.60 err/s: 0.00 reconn/s: 0.00
SQL statistics:
    queries performed:
        read:                            913
        write:                           0
        other:                           0
        total:                           913
    transactions:                        913    (50.58 per sec.)
    queries:                             913    (50.58 per sec.)
    ignored errors:                      0      (0.00 per sec.)
    reconnects:                          0      (0.00 per sec.)

General statistics:
    total time:                          18.0489s
    total number of events:              913

Latency (ms):
         min:                                   65.25
         avg:                                   79.04
         max:                                  146.92
         95th percentile:                       81.48
         sum:                                72163.43

Threads fairness:
    events (avg/stddev):           228.2500/0.83
    execution time (avg/stddev):   18.0409/0.00

