sysbench 1.0.20 (using system LuaJIT 2.1.0-beta3)

Running the test with following options:
Number of threads: 1
Report intermediate results every 1 second(s)
Initializing random number generator from current time


Initializing worker threads...

Threads started!

[ 1s ] thds: 1 tps: 1004.32 qps: 3013.97 (r/w/o: 3013.97/0.00/0.00) lat (ms,95%): 1.06 err/s: 0.00 reconn/s: 0.00
[ 2s ] thds: 1 tps: 1018.17 qps: 3054.51 (r/w/o: 3054.51/0.00/0.00) lat (ms,95%): 1.04 err/s: 0.00 reconn/s: 0.00
[ 3s ] thds: 1 tps: 1003.04 qps: 3010.12 (r/w/o: 3010.12/0.00/0.00) lat (ms,95%): 1.04 err/s: 0.00 reconn/s: 0.00
[ 4s ] thds: 1 tps: 955.01 qps: 2864.04 (r/w/o: 2864.04/0.00/0.00) lat (ms,95%): 1.30 err/s: 0.00 reconn/s: 0.00
[ 5s ] thds: 1 tps: 946.01 qps: 2837.03 (r/w/o: 2837.03/0.00/0.00) lat (ms,95%): 1.32 err/s: 0.00 reconn/s: 0.00
[ 6s ] thds: 1 tps: 1011.97 qps: 3035.91 (r/w/o: 3035.91/0.00/0.00) lat (ms,95%): 1.06 err/s: 0.00 reconn/s: 0.00
[ 7s ] thds: 1 tps: 1016.91 qps: 3052.74 (r/w/o: 3052.74/0.00/0.00) lat (ms,95%): 1.04 err/s: 0.00 reconn/s: 0.00
[ 8s ] thds: 1 tps: 1008.06 qps: 3024.19 (r/w/o: 3024.19/0.00/0.00) lat (ms,95%): 1.06 err/s: 0.00 reconn/s: 0.00
SQL statistics:
    queries performed:
        read:                            23895
        write:                           0
        other:                           0
        total:                           23895
    transactions:                        7965   (995.48 per sec.)
    queries:                             23895  (2986.44 per sec.)
    ignored errors:                      0      (0.00 per sec.)
    reconnects:                          0      (0.00 per sec.)

General statistics:
    total time:                          8.0008s
    total number of events:              7965

Latency (ms):
         min:                                    0.90
         avg:                                    1.00
         max:                                    8.62
         95th percentile:                        1.12
         sum:                                 7991.52

Threads fairness:
    events (avg/stddev):           7965.0000/0.00
    execution time (avg/stddev):   7.9915/0.00

