sysbench 1.0.20 (using system LuaJIT 2.1.0-beta3)

Running the test with following options:
Number of threads: 1
Report intermediate results every 1 second(s)
Initializing random number generator from current time


Initializing worker threads...

Threads started!

[ 1s ] thds: 1 tps: 5504.93 qps: 5504.93 (r/w/o: 5504.93/0.00/0.00) lat (ms,95%): 0.22 err/s: 0.00 reconn/s: 0.00
[ 2s ] thds: 1 tps: 5639.73 qps: 5639.73 (r/w/o: 5639.73/0.00/0.00) lat (ms,95%): 0.22 err/s: 0.00 reconn/s: 0.00
[ 3s ] thds: 1 tps: 5716.41 qps: 5716.41 (r/w/o: 5716.41/0.00/0.00) lat (ms,95%): 0.22 err/s: 0.00 reconn/s: 0.00
[ 4s ] thds: 1 tps: 5645.10 qps: 5645.10 (r/w/o: 5645.10/0.00/0.00) lat (ms,95%): 0.22 err/s: 0.00 reconn/s: 0.00
[ 5s ] thds: 1 tps: 5567.09 qps: 5567.09 (r/w/o: 5567.09/0.00/0.00) lat (ms,95%): 0.22 err/s: 0.00 reconn/s: 0.00
[ 6s ] thds: 1 tps: 5579.04 qps: 5579.04 (r/w/o: 5579.04/0.00/0.00) lat (ms,95%): 0.22 err/s: 0.00 reconn/s: 0.00
[ 7s ] thds: 1 tps: 5813.47 qps: 5813.47 (r/w/o: 5813.47/0.00/0.00) lat (ms,95%): 0.21 err/s: 0.00 reconn/s: 0.00
SQL statistics:
    queries performed:
        read:                            45095
        write:                           0
        other:                           0
        total:                           45095
    transactions:                        45095  (5636.12 per sec.)
    queries:                             45095  (5636.12 per sec.)
    ignored errors:                      0      (0.00 per sec.)
    reconnects:                          0      (0.00 per sec.)

General statistics:
    total time:                          8.0007s
    total number of events:              45095

Latency (ms):
         min:                                    0.14
         avg:                                    0.18
         max:                                    8.09
         95th percentile:                        0.22
         sum:                                 7958.39

Threads fairness:
    events (avg/stddev):           45095.0000/0.00
    execution time (avg/stddev):   7.9584/0.00

