sysbench 1.0.20 (using system LuaJIT 2.1.0-beta3)

Running the test with following options:
Number of threads: 4
Report intermediate results every 2 second(s)
Initializing random number generator from current time


Initializing worker threads...

Threads started!

[ 2s ] thds: 4 tps: 11679.45 qps: 11679.45 (r/w/o: 11679.45/0.00/0.00) lat (ms,95%): 0.49 err/s: 0.00 reconn/s: 0.00
[ 4s ] thds: 4 tps: 11957.38 qps: 11957.38 (r/w/o: 11957.38/0.00/0.00) lat (ms,95%): 0.47 err/s: 0.00 reconn/s: 0.00
[ 6s ] thds: 4 tps: 11968.54 qps: 11968.54 (r/w/o: 11968.54/0.00/0.00) lat (ms,95%): 0.48 err/s: 0.00 reconn/s: 0.00
[ 8s ] thds: 4 tps: 11936.51 qps: 11936.51 (r/w/o: 11936.51/0.00/0.00) lat (ms,95%): 0.47 err/s: 0.00 reconn/s: 0.00
[ 10s ] thds: 4 tps: 12142.94 qps: 12142.94 (r/w/o: 12142.94/0.00/0.00) lat (ms,95%): 0.47 err/s: 0.00 reconn/s: 0.00
[ 12s ] thds: 4 tps: 11977.54 qps: 11977.54 (r/w/o: 11977.54/0.00/0.00) lat (ms,95%): 0.48 err/s: 0.00 reconn/s: 0.00
[ 14s ] thds: 4 tps: 12046.19 qps: 12046.19 (r/w/o: 12046.19/0.00/0.00) lat (ms,95%): 0.47 err/s: 0.00 reconn/s: 0.00
[ 16s ] thds: 4 tps: 12034.33 qps: 12034.33 (r/w/o: 12034.33/0.00/0.00) lat (ms,95%): 0.47 err/s: 0.00 reconn/s: 0.00
[ 18s ] thds: 4 tps: 12126.41 qps: 12126.41 (r/w/o: 12126.41/0.00/0.00) lat (ms,95%): 0.46 err/s: 0.00 reconn/s: 0.00
SQL statistics:
    queries performed:
        read:                            215748
        write:                           0
        other:                           0
        total:                           215748
    transactions:                        215748 (11984.99 per sec.)
    queries:                             215748 (11984.99 per sec.)
    ignored errors:                      0      (0.00 per sec.)
    reconnects:                          0      (0.00 per sec.)

General statistics:
    total time:                          18.0012s
    total number of events:              215748

Latency (ms):
         min:                                    0.19
         avg:                                    0.33
         max:                                   19.62
         95th percentile:                        0.47
         sum:                                71749.36

Threads fairness:
    events (avg/stddev):           53937.0000/187.91
    execution time (avg/stddev):   17.9373/0.00

