sysbench 1.0.20 (using system LuaJIT 2.1.0-beta3)

Running the test with following options:
Number of threads: 4
Report intermediate results every 2 second(s)
Initializing random number generator from current time


Initializing worker threads...

Threads started!

[ 2s ] thds: 4 tps: 6.00 qps: 6418.52 (r/w/o: 0.00/1600.13/4818.39) lat (ms,95%): 623.33 err/s: 0.00 reconn/s: 0.00
[ 4s ] thds: 4 tps: 6.00 qps: 6307.68 (r/w/o: 0.00/1573.92/4733.76) lat (ms,95%): 646.19 err/s: 0.00 reconn/s: 0.00
[ 6s ] thds: 4 tps: 6.00 qps: 6323.92 (r/w/o: 0.00/1577.98/4745.94) lat (ms,95%): 634.66 err/s: 0.00 reconn/s: 0.00
[ 8s ] thds: 4 tps: 6.00 qps: 6321.93 (r/w/o: 0.00/1577.48/4744.45) lat (ms,95%): 634.66 err/s: 0.00 reconn/s: 0.00
[ 10s ] thds: 4 tps: 6.00 qps: 6294.20 (r/w/o: 0.00/1570.55/4723.65) lat (ms,95%): 634.66 err/s: 0.00 reconn/s: 0.00
[ 12s ] thds: 4 tps: 6.00 qps: 6359.96 (r/w/o: 0.00/1586.99/4772.97) lat (ms,95%): 646.19 err/s: 0.00 reconn/s: 0.00
[ 14s ] thds: 4 tps: 8.00 qps: 6106.21 (r/w/o: 0.00/1523.05/4583.16) lat (ms,95%): 694.45 err/s: 0.00 reconn/s: 0.00
[ 16s ] thds: 4 tps: 6.00 qps: 6313.61 (r/w/o: 0.00/1574.90/4738.70) lat (ms,95%): 646.19 err/s: 0.00 reconn/s: 0.00
[ 18s ] thds: 4 tps: 6.00 qps: 6414.08 (r/w/o: 0.00/1600.52/4813.56) lat (ms,95%): 634.66 err/s: 0.00 reconn/s: 0.00
SQL statistics:
    queries performed:
        read:                            0
        write:                           29028
        other:                           87320
        total:                           116348
    transactions:                        116    (6.30 per sec.)
    queries:                             116348 (6319.39 per sec.)
    ignored errors:                      0      (0.00 per sec.)
    reconnects:                          0      (0.00 per sec.)

General statistics:
    total time:                          18.4109s
    total number of events:              116

Latency (ms):
         min:                                  618.42
         avg:                                  634.82
         max:                                  691.82
         95th percentile:                      646.19
         sum:                                73639.18

Threads fairness:
    events (avg/stddev):           29.0000/0.00
    execution time (avg/stddev):   18.4098/0.00

