sysbench 1.0.20 (using system LuaJIT 2.1.0-beta3)

Running the test with following options:
Number of threads: 1
Report intermediate results every 1 second(s)
Initializing random number generator from current time


Initializing worker threads...

Threads started!

[ 1s ] thds: 1 tps: 22.98 qps: 1222.82 (r/w/o: 0.00/1173.87/48.95) lat (ms,95%): 47.47 err/s: 0.00 reconn/s: 0.00
[ 2s ] thds: 1 tps: 23.01 qps: 1189.52 (r/w/o: 0.00/1143.50/46.02) lat (ms,95%): 50.11 err/s: 0.00 reconn/s: 0.00
[ 3s ] thds: 1 tps: 24.00 qps: 1244.96 (r/w/o: 0.00/1196.96/48.00) lat (ms,95%): 43.39 err/s: 0.00 reconn/s: 0.00
[ 4s ] thds: 1 tps: 24.00 qps: 1234.04 (r/w/o: 0.00/1186.04/48.00) lat (ms,95%): 46.63 err/s: 0.00 reconn/s: 0.00
[ 5s ] thds: 1 tps: 23.00 qps: 1241.00 (r/w/o: 0.00/1195.00/46.00) lat (ms,95%): 43.39 err/s: 0.00 reconn/s: 0.00
[ 6s ] thds: 1 tps: 24.00 qps: 1213.98 (r/w/o: 0.00/1165.98/48.00) lat (ms,95%): 53.85 err/s: 0.00 reconn/s: 0.00
[ 7s ] thds: 1 tps: 23.00 qps: 1210.05 (r/w/o: 0.00/1164.05/46.00) lat (ms,95%): 52.89 err/s: 0.00 reconn/s: 0.00
[ 8s ] thds: 1 tps: 23.00 qps: 1215.97 (r/w/o: 0.00/1169.97/46.00) lat (ms,95%): 53.85 err/s: 0.00 reconn/s: 0.00
SQL statistics:
    queries performed:
        read:                            0
        write:                           9399
        other:                           377
        total:                           9776
    transactions:                        188    (23.49 per sec.)
    queries:                             9776   (1221.54 per sec.)
    ignored errors:                      0      (0.00 per sec.)
    reconnects:                          0      (0.00 per sec.)

General statistics:
    total time:                          8.0027s
    total number of events:              188

Latency (ms):
         min:                                   37.87
         avg:                                   42.56
         max:                                   56.08
         95th percentile:                       50.11
         sum:                                 8001.75

Threads fairness:
    events (avg/stddev):           188.0000/0.00
    execution time (avg/stddev):   8.0017/0.00

