sysbench 1.0.20 (using system LuaJIT 2.1.0-beta3)

Running the test with following options:
Number of threads: 1
Report intermediate results every 1 second(s)
Initializing random number generator from current time


Initializing worker threads...

Threads started!

[ 1s ] thds: 1 tps: 836.34 qps: 836.34 (r/w/o: 836.34/0.00/0.00) lat (ms,95%): 1.21 err/s: 0.00 reconn/s: 0.00
[ 2s ] thds: 1 tps: 851.26 qps: 851.26 (r/w/o: 851.26/0.00/0.00) lat (ms,95%): 1.21 err/s: 0.00 reconn/s: 0.00
[ 3s ] thds: 1 tps: 850.01 qps: 850.01 (r/w/o: 850.01/0.00/0.00) lat (ms,95%): 1.21 err/s: 0.00 reconn/s: 0.00
[ 4s ] thds: 1 tps: 847.04 qps: 847.04 (r/w/o: 847.04/0.00/0.00) lat (ms,95%): 1.21 err/s: 0.00 reconn/s: 0.00
[ 5s ] thds: 1 tps: 843.01 qps: 843.01 (r/w/o: 843.01/0.00/0.00) lat (ms,95%): 1.23 err/s: 0.00 reconn/s: 0.00
[ 6s ] thds: 1 tps: 846.00 qps: 846.00 (r/w/o: 846.00/0.00/0.00) lat (ms,95%): 1.23 err/s: 0.00 reconn/s: 0.00
[ 7s ] thds: 1 tps: 834.00 qps: 834.00 (r/w/o: 834.00/0.00/0.00) lat (ms,95%): 1.21 err/s: 0.00 reconn/s: 0.00
[ 8s ] thds: 1 tps: 853.01 qps: 853.01 (r/w/o: 853.01/0.00/0.00) lat (ms,95%): 1.21 err/s: 0.00 reconn/s: 0.00
SQL statistics:
    queries performed:
        read:                            6762
        write:                           0
        other:                           0
        total:                           6762
    transactions:                        6762   (845.04 per sec.)
    queries:                             6762   (845.04 per sec.)
    ignored errors:                      0      (0.00 per sec.)
    reconnects:                          0      (0.00 per sec.)

General statistics:
    total time:                          8.0016s
    total number of events:              6762

Latency (ms):
         min:                                    1.15
         avg:                                    1.18
         max:                                    8.73
         95th percentile:                        1.21
         sum:                                 7994.98

Threads fairness:
    events (avg/stddev):           6762.0000/0.00
    execution time (avg/stddev):   7.9950/0.00

