sysbench 1.0.20 (using system LuaJIT 2.1.0-beta3)

Running the test with following options:
Number of threads: 1
Report intermediate results every 1 second(s)
Initializing random number generator from current time


Initializing worker threads...

Threads started!

[ 1s ] thds: 1 tps: 0.00 qps: 1058.94 (r/w/o: 0.00/1055.94/3.00) lat (ms,95%): 0.00 err/s: 0.00 reconn/s: 0.00
[ 2s ] thds: 1 tps: 0.00 qps: 899.50 (r/w/o: 0.00/899.50/0.00) lat (ms,95%): 0.00 err/s: 0.00 reconn/s: 0.00
[ 3s ] thds: 1 tps: 0.00 qps: 867.97 (r/w/o: 0.00/867.97/0.00) lat (ms,95%): 0.00 err/s: 0.00 reconn/s: 0.00
[ 4s ] thds: 1 tps: 0.00 qps: 865.00 (r/w/o: 0.00/865.00/0.00) lat (ms,95%): 0.00 err/s: 0.00 reconn/s: 0.00
[ 5s ] thds: 1 tps: 1.00 qps: 845.99 (r/w/o: 0.00/843.99/2.00) lat (ms,95%): 4358.09 err/s: 0.00 reconn/s: 0.00
[ 6s ] thds: 1 tps: 0.00 qps: 858.07 (r/w/o: 0.00/858.07/0.00) lat (ms,95%): 0.00 err/s: 0.00 reconn/s: 0.00
[ 7s ] thds: 1 tps: 0.00 qps: 790.94 (r/w/o: 0.00/790.94/0.00) lat (ms,95%): 0.00 err/s: 0.00 reconn/s: 0.00
[ 8s ] thds: 1 tps: 0.00 qps: 875.04 (r/w/o: 0.00/875.04/0.00) lat (ms,95%): 0.00 err/s: 0.00 reconn/s: 0.00
[ 9s ] thds: 1 tps: 0.00 qps: 909.01 (r/w/o: 0.00/909.01/0.00) lat (ms,95%): 0.00 err/s: 0.00 reconn/s: 0.00
SQL statistics:
    queries performed:
        read:                            0
        write:                           8001
        other:                           5
        total:                           8006
    transactions:                        2      (0.22 per sec.)
    queries:                             8006   (886.15 per sec.)
    ignored errors:                      0      (0.00 per sec.)
    reconnects:                          0      (0.00 per sec.)

General statistics:
    total time:                          9.0342s
    total number of events:              2

Latency (ms):
         min:                                 4339.39
         avg:                                 4516.82
         max:                                 4694.24
         95th percentile:                     4683.57
         sum:                                 9033.63

Threads fairness:
    events (avg/stddev):           2.0000/0.00
    execution time (avg/stddev):   9.0336/0.00

