sysbench 1.0.20 (using system LuaJIT 2.1.0-beta3)

Running the test with following options:
Number of threads: 1
Report intermediate results every 1 second(s)
Initializing random number generator from current time


Initializing worker threads...

Threads started!

[ 1s ] thds: 1 tps: 372.73 qps: 372.73 (r/w/o: 372.73/0.00/0.00) lat (ms,95%): 2.71 err/s: 0.00 reconn/s: 0.00
[ 2s ] thds: 1 tps: 376.09 qps: 376.09 (r/w/o: 376.09/0.00/0.00) lat (ms,95%): 2.81 err/s: 0.00 reconn/s: 0.00
[ 3s ] thds: 1 tps: 378.97 qps: 378.97 (r/w/o: 378.97/0.00/0.00) lat (ms,95%): 2.76 err/s: 0.00 reconn/s: 0.00
[ 4s ] thds: 1 tps: 376.03 qps: 376.03 (r/w/o: 376.03/0.00/0.00) lat (ms,95%): 2.76 err/s: 0.00 reconn/s: 0.00
[ 5s ] thds: 1 tps: 382.98 qps: 382.98 (r/w/o: 382.98/0.00/0.00) lat (ms,95%): 2.76 err/s: 0.00 reconn/s: 0.00
[ 6s ] thds: 1 tps: 377.03 qps: 377.03 (r/w/o: 377.03/0.00/0.00) lat (ms,95%): 2.81 err/s: 0.00 reconn/s: 0.00
[ 7s ] thds: 1 tps: 372.99 qps: 372.99 (r/w/o: 372.99/0.00/0.00) lat (ms,95%): 2.76 err/s: 0.00 reconn/s: 0.00
[ 8s ] thds: 1 tps: 382.99 qps: 382.99 (r/w/o: 382.99/0.00/0.00) lat (ms,95%): 2.76 err/s: 0.00 reconn/s: 0.00
SQL statistics:
    queries performed:
        read:                            3021
        write:                           0
        other:                           0
        total:                           3021
    transactions:                        3021   (377.45 per sec.)
    queries:                             3021   (377.45 per sec.)
    ignored errors:                      0      (0.00 per sec.)
    reconnects:                          0      (0.00 per sec.)

General statistics:
    total time:                          8.0033s
    total number of events:              3021

Latency (ms):
         min:                                    2.33
         avg:                                    2.65
         max:                                   10.71
         95th percentile:                        2.76
         sum:                                 7999.27

Threads fairness:
    events (avg/stddev):           3021.0000/0.00
    execution time (avg/stddev):   7.9993/0.00

