sysbench 1.0.20 (using system LuaJIT 2.1.0-beta3)

Running the test with following options:
Number of threads: 1
Report intermediate results every 1 second(s)
Initializing random number generator from current time


Initializing worker threads...

Threads started!

[ 1s ] thds: 1 tps: 3545.73 qps: 3545.73 (r/w/o: 3545.73/0.00/0.00) lat (ms,95%): 0.31 err/s: 0.00 reconn/s: 0.00
[ 2s ] thds: 1 tps: 3603.50 qps: 3603.50 (r/w/o: 3603.50/0.00/0.00) lat (ms,95%): 0.31 err/s: 0.00 reconn/s: 0.00
[ 3s ] thds: 1 tps: 3531.02 qps: 3531.02 (r/w/o: 3531.02/0.00/0.00) lat (ms,95%): 0.31 err/s: 0.00 reconn/s: 0.00
[ 4s ] thds: 1 tps: 3579.81 qps: 3579.81 (r/w/o: 3579.81/0.00/0.00) lat (ms,95%): 0.31 err/s: 0.00 reconn/s: 0.00
[ 5s ] thds: 1 tps: 3614.27 qps: 3614.27 (r/w/o: 3614.27/0.00/0.00) lat (ms,95%): 0.31 err/s: 0.00 reconn/s: 0.00
[ 6s ] thds: 1 tps: 3609.94 qps: 3609.94 (r/w/o: 3609.94/0.00/0.00) lat (ms,95%): 0.30 err/s: 0.00 reconn/s: 0.00
[ 7s ] thds: 1 tps: 3588.09 qps: 3588.09 (r/w/o: 3588.09/0.00/0.00) lat (ms,95%): 0.31 err/s: 0.00 reconn/s: 0.00
SQL statistics:
    queries performed:
        read:                            28607
        write:                           0
        other:                           0
        total:                           28607
    transactions:                        28607  (3575.38 per sec.)
    queries:                             28607  (3575.38 per sec.)
    ignored errors:                      0      (0.00 per sec.)
    reconnects:                          0      (0.00 per sec.)

General statistics:
    total time:                          8.0007s
    total number of events:              28607

Latency (ms):
         min:                                    0.25
         avg:                                    0.28
         max:                                    7.90
         95th percentile:                        0.31
         sum:                                 7975.94

Threads fairness:
    events (avg/stddev):           28607.0000/0.00
    execution time (avg/stddev):   7.9759/0.00

