sysbench 1.0.20 (using system LuaJIT 2.1.0-beta3)

Running the test with following options:
Number of threads: 4
Report intermediate results every 2 second(s)
Initializing random number generator from current time


Initializing worker threads...

Threads started!

[ 2s ] thds: 4 tps: 8008.41 qps: 8008.41 (r/w/o: 8008.41/0.00/0.00) lat (ms,95%): 0.70 err/s: 0.00 reconn/s: 0.00
[ 4s ] thds: 4 tps: 8228.29 qps: 8228.29 (r/w/o: 8228.29/0.00/0.00) lat (ms,95%): 0.68 err/s: 0.00 reconn/s: 0.00
[ 6s ] thds: 4 tps: 8181.85 qps: 8181.85 (r/w/o: 8181.85/0.00/0.00) lat (ms,95%): 0.69 err/s: 0.00 reconn/s: 0.00
[ 8s ] thds: 4 tps: 8307.43 qps: 8307.43 (r/w/o: 8307.43/0.00/0.00) lat (ms,95%): 0.64 err/s: 0.00 reconn/s: 0.00
[ 10s ] thds: 4 tps: 8272.20 qps: 8272.20 (r/w/o: 8272.20/0.00/0.00) lat (ms,95%): 0.69 err/s: 0.00 reconn/s: 0.00
[ 12s ] thds: 4 tps: 8244.63 qps: 8244.63 (r/w/o: 8244.63/0.00/0.00) lat (ms,95%): 0.67 err/s: 0.00 reconn/s: 0.00
[ 14s ] thds: 4 tps: 8217.69 qps: 8217.69 (r/w/o: 8217.69/0.00/0.00) lat (ms,95%): 0.68 err/s: 0.00 reconn/s: 0.00
[ 16s ] thds: 4 tps: 8298.73 qps: 8298.73 (r/w/o: 8298.73/0.00/0.00) lat (ms,95%): 0.67 err/s: 0.00 reconn/s: 0.00
[ 18s ] thds: 4 tps: 8253.20 qps: 8253.20 (r/w/o: 8253.20/0.00/0.00) lat (ms,95%): 0.67 err/s: 0.00 reconn/s: 0.00
SQL statistics:
    queries performed:
        read:                            148033
        write:                           0
        other:                           0
        total:                           148033
    transactions:                        148033 (8223.34 per sec.)
    queries:                             148033 (8223.34 per sec.)
    ignored errors:                      0      (0.00 per sec.)
    reconnects:                          0      (0.00 per sec.)

General statistics:
    total time:                          18.0012s
    total number of events:              148033

Latency (ms):
         min:                                    0.25
         avg:                                    0.49
         max:                                   18.81
         95th percentile:                        0.68
         sum:                                71815.11

Threads fairness:
    events (avg/stddev):           37008.2500/244.54
    execution time (avg/stddev):   17.9538/0.00

