sysbench 1.0.20 (using system LuaJIT 2.1.0-beta3)

Running the test with following options:
Number of threads: 4
Report intermediate results every 2 second(s)
Initializing random number generator from current time


Initializing worker threads...

Threads started!

[ 2s ] thds: 4 tps: 4.00 qps: 5605.22 (r/w/o: 0.00/1398.81/4206.42) lat (ms,95%): 719.92 err/s: 0.00 reconn/s: 0.00
[ 4s ] thds: 4 tps: 6.00 qps: 5625.13 (r/w/o: 0.00/1403.28/4221.85) lat (ms,95%): 733.00 err/s: 0.00 reconn/s: 0.00
[ 6s ] thds: 4 tps: 6.00 qps: 5640.22 (r/w/o: 0.00/1407.06/4233.17) lat (ms,95%): 733.00 err/s: 0.00 reconn/s: 0.00
[ 8s ] thds: 4 tps: 6.00 qps: 5741.22 (r/w/o: 0.00/1432.43/4308.79) lat (ms,95%): 719.92 err/s: 0.00 reconn/s: 0.00
[ 10s ] thds: 4 tps: 6.00 qps: 5948.06 (r/w/o: 0.00/1484.01/4464.04) lat (ms,95%): 682.06 err/s: 0.00 reconn/s: 0.00
[ 12s ] thds: 4 tps: 6.00 qps: 5652.54 (r/w/o: 0.00/1410.01/4242.53) lat (ms,95%): 719.92 err/s: 0.00 reconn/s: 0.00
[ 14s ] thds: 4 tps: 6.00 qps: 5940.04 (r/w/o: 0.00/1482.01/4458.03) lat (ms,95%): 682.06 err/s: 0.00 reconn/s: 0.00
[ 16s ] thds: 4 tps: 4.00 qps: 5704.34 (r/w/o: 0.00/1424.08/4280.26) lat (ms,95%): 719.92 err/s: 0.00 reconn/s: 0.00
[ 18s ] thds: 4 tps: 6.00 qps: 5613.78 (r/w/o: 0.00/1400.45/4213.34) lat (ms,95%): 719.92 err/s: 0.00 reconn/s: 0.00
SQL statistics:
    queries performed:
        read:                            0
        write:                           26027
        other:                           78285
        total:                           104312
    transactions:                        104    (5.70 per sec.)
    queries:                             104312 (5718.28 per sec.)
    ignored errors:                      0      (0.00 per sec.)
    reconnects:                          0      (0.00 per sec.)

General statistics:
    total time:                          18.2415s
    total number of events:              104

Latency (ms):
         min:                                  667.94
         avg:                                  701.55
         max:                                  729.02
         95th percentile:                      733.00
         sum:                                72961.70

Threads fairness:
    events (avg/stddev):           26.0000/0.00
    execution time (avg/stddev):   18.2404/0.00

