sysbench 1.0.20 (using system LuaJIT 2.1.0-beta3)

Running the test with following options:
Number of threads: 1
Report intermediate results every 1 second(s)
Initializing random number generator from current time


Initializing worker threads...

Threads started!

[ 1s ] thds: 1 tps: 90.92 qps: 1092.07 (r/w/o: 0.00/908.23/183.84) lat (ms,95%): 13.22 err/s: 0.00 reconn/s: 0.00
[ 2s ] thds: 1 tps: 92.03 qps: 1109.39 (r/w/o: 0.00/924.32/185.06) lat (ms,95%): 12.98 err/s: 0.00 reconn/s: 0.00
[ 3s ] thds: 1 tps: 87.00 qps: 1046.03 (r/w/o: 0.00/872.03/174.01) lat (ms,95%): 13.95 err/s: 0.00 reconn/s: 0.00
[ 4s ] thds: 1 tps: 71.00 qps: 851.96 (r/w/o: 0.00/709.96/141.99) lat (ms,95%): 17.01 err/s: 0.00 reconn/s: 0.00
[ 5s ] thds: 1 tps: 60.00 qps: 722.03 (r/w/o: 0.00/602.02/120.00) lat (ms,95%): 20.74 err/s: 0.00 reconn/s: 0.00
[ 6s ] thds: 1 tps: 70.00 qps: 840.99 (r/w/o: 0.00/700.99/140.00) lat (ms,95%): 18.28 err/s: 0.00 reconn/s: 0.00
[ 7s ] thds: 1 tps: 70.00 qps: 839.02 (r/w/o: 0.00/699.01/140.00) lat (ms,95%): 17.63 err/s: 0.00 reconn/s: 0.00
[ 8s ] thds: 1 tps: 78.00 qps: 934.01 (r/w/o: 0.00/778.01/156.00) lat (ms,95%): 17.63 err/s: 0.00 reconn/s: 0.00
SQL statistics:
    queries performed:
        read:                            0
        write:                           6199
        other:                           1241
        total:                           7440
    transactions:                        620    (77.45 per sec.)
    queries:                             7440   (929.44 per sec.)
    ignored errors:                      0      (0.00 per sec.)
    reconnects:                          0      (0.00 per sec.)

General statistics:
    total time:                          8.0045s
    total number of events:              620

Latency (ms):
         min:                                    8.41
         avg:                                   12.91
         max:                                   66.70
         95th percentile:                       17.63
         sum:                                 8002.28

Threads fairness:
    events (avg/stddev):           620.0000/0.00
    execution time (avg/stddev):   8.0023/0.00

