sysbench 1.0.20 (using system LuaJIT 2.1.0-beta3)

Running the test with following options:
Number of threads: 4
Report intermediate results every 3 second(s)
Initializing random number generator from current time


Initializing worker threads...

Threads started!

[ 3s ] thds: 4 tps: 1928.79 qps: 5787.38 (r/w/o: 5787.38/0.00/0.00) lat (ms,95%): 2.57 err/s: 0.00 reconn/s: 0.00
[ 6s ] thds: 4 tps: 1949.87 qps: 5849.62 (r/w/o: 5849.62/0.00/0.00) lat (ms,95%): 2.57 err/s: 0.00 reconn/s: 0.00
[ 9s ] thds: 4 tps: 1951.64 qps: 5854.93 (r/w/o: 5854.93/0.00/0.00) lat (ms,95%): 2.57 err/s: 0.00 reconn/s: 0.00
[ 12s ] thds: 4 tps: 1961.37 qps: 5884.11 (r/w/o: 5884.11/0.00/0.00) lat (ms,95%): 2.52 err/s: 0.00 reconn/s: 0.00
[ 15s ] thds: 4 tps: 1966.32 qps: 5898.30 (r/w/o: 5898.30/0.00/0.00) lat (ms,95%): 2.57 err/s: 0.00 reconn/s: 0.00
[ 18s ] thds: 4 tps: 1961.01 qps: 5885.03 (r/w/o: 5885.03/0.00/0.00) lat (ms,95%): 2.57 err/s: 0.00 reconn/s: 0.00
[ 21s ] thds: 4 tps: 1933.99 qps: 5801.64 (r/w/o: 5801.64/0.00/0.00) lat (ms,95%): 2.61 err/s: 0.00 reconn/s: 0.00
[ 24s ] thds: 4 tps: 1959.00 qps: 5876.99 (r/w/o: 5876.99/0.00/0.00) lat (ms,95%): 2.57 err/s: 0.00 reconn/s: 0.00
[ 27s ] thds: 4 tps: 1954.35 qps: 5862.38 (r/w/o: 5862.38/0.00/0.00) lat (ms,95%): 2.57 err/s: 0.00 reconn/s: 0.00
[ 30s ] thds: 4 tps: 1963.31 qps: 5889.26 (r/w/o: 5889.26/0.00/0.00) lat (ms,95%): 2.57 err/s: 0.00 reconn/s: 0.00
[ 33s ] thds: 4 tps: 1951.98 qps: 5855.93 (r/w/o: 5855.93/0.00/0.00) lat (ms,95%): 2.57 err/s: 0.00 reconn/s: 0.00
[ 36s ] thds: 4 tps: 1941.35 qps: 5824.40 (r/w/o: 5824.40/0.00/0.00) lat (ms,95%): 2.57 err/s: 0.00 reconn/s: 0.00
[ 39s ] thds: 4 tps: 1955.64 qps: 5867.92 (r/w/o: 5867.92/0.00/0.00) lat (ms,95%): 2.57 err/s: 0.00 reconn/s: 0.00
[ 42s ] thds: 4 tps: 1944.35 qps: 5832.39 (r/w/o: 5832.39/0.00/0.00) lat (ms,95%): 2.57 err/s: 0.00 reconn/s: 0.00
[ 45s ] thds: 4 tps: 1947.69 qps: 5843.06 (r/w/o: 5843.06/0.00/0.00) lat (ms,95%): 2.57 err/s: 0.00 reconn/s: 0.00
[ 48s ] thds: 4 tps: 1932.32 qps: 5797.30 (r/w/o: 5797.30/0.00/0.00) lat (ms,95%): 2.61 err/s: 0.00 reconn/s: 0.00
[ 51s ] thds: 4 tps: 1944.66 qps: 5834.33 (r/w/o: 5834.33/0.00/0.00) lat (ms,95%): 2.57 err/s: 0.00 reconn/s: 0.00
[ 54s ] thds: 4 tps: 1933.37 qps: 5800.10 (r/w/o: 5800.10/0.00/0.00) lat (ms,95%): 2.61 err/s: 0.00 reconn/s: 0.00
[ 57s ] thds: 4 tps: 1952.63 qps: 5857.21 (r/w/o: 5857.21/0.00/0.00) lat (ms,95%): 2.57 err/s: 0.00 reconn/s: 0.00
[ 60s ] thds: 4 tps: 1935.35 qps: 5806.38 (r/w/o: 5806.38/0.00/0.00) lat (ms,95%): 2.61 err/s: 0.00 reconn/s: 0.00
SQL statistics:
    queries performed:
        read:                            350736
        write:                           0
        other:                           0
        total:                           350736
    transactions:                        116912 (1948.45 per sec.)
    queries:                             350736 (5845.36 per sec.)
    ignored errors:                      0      (0.00 per sec.)
    reconnects:                          0      (0.00 per sec.)

General statistics:
    total time:                          60.0021s
    total number of events:              116912

Latency (ms):
         min:                                    1.04
         avg:                                    2.05
         max:                                   20.21
         95th percentile:                        2.57
         sum:                               239864.77

Threads fairness:
    events (avg/stddev):           29228.0000/41.61
    execution time (avg/stddev):   59.9662/0.00

