sysbench 1.0.20 (using system LuaJIT 2.1.0-beta3)

Running the test with following options:
Number of threads: 4
Report intermediate results every 3 second(s)
Initializing random number generator from current time


Initializing worker threads...

Threads started!

[ 3s ] thds: 4 tps: 9.33 qps: 3934.27 (r/w/o: 0.00/1014.64/2919.63) lat (ms,95%): 442.73 err/s: 13.00 reconn/s: 0.00
[ 6s ] thds: 4 tps: 9.34 qps: 3863.80 (r/w/o: 0.00/1032.21/2831.58) lat (ms,95%): 450.77 err/s: 13.34 reconn/s: 0.00
[ 9s ] thds: 4 tps: 8.00 qps: 3738.92 (r/w/o: 0.00/980.38/2758.53) lat (ms,95%): 475.79 err/s: 12.00 reconn/s: 0.00
[ 12s ] thds: 4 tps: 9.34 qps: 3863.75 (r/w/o: 0.00/987.61/2876.14) lat (ms,95%): 475.79 err/s: 10.34 reconn/s: 0.00
[ 15s ] thds: 4 tps: 9.33 qps: 3871.60 (r/w/o: 0.00/1027.98/2843.62) lat (ms,95%): 442.73 err/s: 12.67 reconn/s: 0.00
[ 18s ] thds: 4 tps: 9.33 qps: 3846.73 (r/w/o: 0.00/1029.35/2817.38) lat (ms,95%): 467.30 err/s: 15.33 reconn/s: 0.00
[ 21s ] thds: 4 tps: 9.33 qps: 3900.36 (r/w/o: 0.00/1017.67/2882.68) lat (ms,95%): 458.96 err/s: 15.00 reconn/s: 0.00
[ 24s ] thds: 4 tps: 9.33 qps: 3893.65 (r/w/o: 0.00/1017.66/2875.99) lat (ms,95%): 458.96 err/s: 13.67 reconn/s: 0.00
[ 27s ] thds: 4 tps: 9.33 qps: 3907.98 (r/w/o: 0.00/1023.00/2884.99) lat (ms,95%): 450.77 err/s: 14.67 reconn/s: 0.00
[ 30s ] thds: 4 tps: 9.33 qps: 3831.39 (r/w/o: 0.00/981.35/2850.04) lat (ms,95%): 442.73 err/s: 10.00 reconn/s: 0.00
[ 33s ] thds: 4 tps: 9.33 qps: 3847.57 (r/w/o: 0.00/995.31/2852.26) lat (ms,95%): 458.96 err/s: 11.67 reconn/s: 0.00
[ 36s ] thds: 4 tps: 9.33 qps: 3905.70 (r/w/o: 0.00/1001.34/2904.36) lat (ms,95%): 434.83 err/s: 12.33 reconn/s: 0.00
[ 39s ] thds: 4 tps: 9.33 qps: 3855.25 (r/w/o: 0.00/1006.98/2848.27) lat (ms,95%): 442.73 err/s: 14.33 reconn/s: 0.00
[ 42s ] thds: 4 tps: 9.33 qps: 3910.82 (r/w/o: 0.00/1007.71/2903.11) lat (ms,95%): 450.77 err/s: 12.00 reconn/s: 0.00
[ 45s ] thds: 4 tps: 9.33 qps: 3872.24 (r/w/o: 0.00/1003.64/2868.60) lat (ms,95%): 450.77 err/s: 12.33 reconn/s: 0.00
[ 48s ] thds: 4 tps: 9.33 qps: 3815.66 (r/w/o: 0.00/977.33/2838.33) lat (ms,95%): 450.77 err/s: 11.67 reconn/s: 0.00
[ 51s ] thds: 4 tps: 9.33 qps: 3925.05 (r/w/o: 0.00/1040.01/2885.04) lat (ms,95%): 442.73 err/s: 16.67 reconn/s: 0.00
[ 54s ] thds: 4 tps: 9.33 qps: 3855.54 (r/w/o: 0.00/1005.63/2849.90) lat (ms,95%): 458.96 err/s: 14.00 reconn/s: 0.00
[ 57s ] thds: 4 tps: 9.33 qps: 3863.02 (r/w/o: 0.00/997.67/2865.34) lat (ms,95%): 450.77 err/s: 12.00 reconn/s: 0.00
[ 60s ] thds: 4 tps: 9.33 qps: 3858.36 (r/w/o: 0.00/993.34/2865.02) lat (ms,95%): 442.73 err/s: 11.00 reconn/s: 0.00
SQL statistics:
    queries performed:
        read:                            0
        write:                           60652
        other:                           172351
        total:                           233003
    transactions:                        560    (9.30 per sec.)
    queries:                             233003 (3867.81 per sec.)
    ignored errors:                      774    (12.85 per sec.)
    reconnects:                          0      (0.00 per sec.)

General statistics:
    total time:                          60.2411s
    total number of events:              560

Latency (ms):
         min:                                  334.78
         avg:                                  430.29
         max:                                  477.69
         95th percentile:                      450.77
         sum:                               240959.75

Threads fairness:
    events (avg/stddev):           140.0000/0.00
    execution time (avg/stddev):   60.2399/0.00

