sysbench 1.0.20 (using system LuaJIT 2.1.0-beta3)

Running the test with following options:
Number of threads: 4
Report intermediate results every 2 second(s)
Initializing random number generator from current time


Initializing worker threads...

Threads started!

[ 2s ] thds: 4 tps: 290.38 qps: 873.13 (r/w/o: 873.13/0.00/0.00) lat (ms,95%): 15.27 err/s: 0.00 reconn/s: 0.00
[ 4s ] thds: 4 tps: 292.03 qps: 877.08 (r/w/o: 877.08/0.00/0.00) lat (ms,95%): 15.55 err/s: 0.00 reconn/s: 0.00
[ 6s ] thds: 4 tps: 290.52 qps: 870.56 (r/w/o: 870.56/0.00/0.00) lat (ms,95%): 15.55 err/s: 0.00 reconn/s: 0.00
[ 8s ] thds: 4 tps: 285.00 qps: 856.00 (r/w/o: 856.00/0.00/0.00) lat (ms,95%): 17.01 err/s: 0.00 reconn/s: 0.00
[ 10s ] thds: 4 tps: 285.00 qps: 854.50 (r/w/o: 854.50/0.00/0.00) lat (ms,95%): 17.95 err/s: 0.00 reconn/s: 0.00
[ 12s ] thds: 4 tps: 294.50 qps: 883.49 (r/w/o: 883.49/0.00/0.00) lat (ms,95%): 14.73 err/s: 0.00 reconn/s: 0.00
[ 14s ] thds: 4 tps: 290.00 qps: 870.01 (r/w/o: 870.01/0.00/0.00) lat (ms,95%): 15.27 err/s: 0.00 reconn/s: 0.00
[ 16s ] thds: 4 tps: 294.49 qps: 881.48 (r/w/o: 881.48/0.00/0.00) lat (ms,95%): 14.73 err/s: 0.00 reconn/s: 0.00
[ 18s ] thds: 4 tps: 294.51 qps: 884.03 (r/w/o: 884.03/0.00/0.00) lat (ms,95%): 14.73 err/s: 0.00 reconn/s: 0.00
SQL statistics:
    queries performed:
        read:                            15711
        write:                           0
        other:                           0
        total:                           15711
    transactions:                        5237   (290.74 per sec.)
    queries:                             15711  (872.22 per sec.)
    ignored errors:                      0      (0.00 per sec.)
    reconnects:                          0      (0.00 per sec.)

General statistics:
    total time:                          18.0123s
    total number of events:              5237

Latency (ms):
         min:                                    9.82
         avg:                                   13.75
         max:                                   34.86
         95th percentile:                       15.27
         sum:                                72021.15

Threads fairness:
    events (avg/stddev):           1309.2500/5.76
    execution time (avg/stddev):   18.0053/0.00

