sysbench 1.0.20 (using system LuaJIT 2.1.0-beta3)

Running the test with following options:
Number of threads: 4
Report intermediate results every 2 second(s)
Initializing random number generator from current time


Initializing worker threads...

Threads started!

[ 2s ] thds: 4 tps: 2.00 qps: 3072.46 (r/w/o: 0.00/765.62/2306.85) lat (ms,95%): 1280.93 err/s: 0.00 reconn/s: 0.00
[ 4s ] thds: 4 tps: 4.00 qps: 3272.80 (r/w/o: 0.00/816.20/2456.60) lat (ms,95%): 1327.91 err/s: 0.00 reconn/s: 0.00
[ 6s ] thds: 4 tps: 2.00 qps: 2975.92 (r/w/o: 0.00/742.98/2232.94) lat (ms,95%): 1304.21 err/s: 0.00 reconn/s: 0.00
[ 8s ] thds: 4 tps: 2.00 qps: 2644.01 (r/w/o: 0.00/660.00/1984.01) lat (ms,95%): 1427.08 err/s: 0.00 reconn/s: 0.00
[ 10s ] thds: 4 tps: 4.00 qps: 3042.04 (r/w/o: 0.00/758.51/2283.53) lat (ms,95%): 1533.66 err/s: 0.00 reconn/s: 0.00
[ 12s ] thds: 4 tps: 4.00 qps: 3426.01 (r/w/o: 0.00/854.50/2571.51) lat (ms,95%): 1235.62 err/s: 0.00 reconn/s: 0.00
[ 14s ] thds: 4 tps: 2.00 qps: 2903.92 (r/w/o: 0.00/724.98/2178.94) lat (ms,95%): 1258.08 err/s: 0.00 reconn/s: 0.00
[ 16s ] thds: 4 tps: 4.00 qps: 2880.03 (r/w/o: 0.00/718.01/2162.02) lat (ms,95%): 1479.41 err/s: 0.00 reconn/s: 0.00
[ 18s ] thds: 4 tps: 2.00 qps: 2990.15 (r/w/o: 0.00/746.54/2243.61) lat (ms,95%): 1327.91 err/s: 0.00 reconn/s: 0.00
SQL statistics:
    queries performed:
        read:                            0
        write:                           14013
        other:                           42155
        total:                           56168
    transactions:                        56     (3.01 per sec.)
    queries:                             56168  (3022.39 per sec.)
    ignored errors:                      0      (0.00 per sec.)
    reconnects:                          0      (0.00 per sec.)

General statistics:
    total time:                          18.5836s
    total number of events:              56

Latency (ms):
         min:                                 1138.59
         avg:                                 1327.33
         max:                                 1523.19
         95th percentile:                     1533.66
         sum:                                74330.50

Threads fairness:
    events (avg/stddev):           14.0000/0.00
    execution time (avg/stddev):   18.5826/0.00

