sysbench 1.0.20 (using system LuaJIT 2.1.0-beta3)

Running the test with following options:
Number of threads: 4
Report intermediate results every 2 second(s)
Initializing random number generator from current time


Initializing worker threads...

Threads started!

[ 2s ] thds: 4 tps: 11691.64 qps: 11692.14 (r/w/o: 11692.14/0.00/0.00) lat (ms,95%): 0.49 err/s: 0.00 reconn/s: 0.00
[ 4s ] thds: 4 tps: 11758.85 qps: 11758.35 (r/w/o: 11758.35/0.00/0.00) lat (ms,95%): 0.49 err/s: 0.00 reconn/s: 0.00
[ 6s ] thds: 4 tps: 11869.18 qps: 11869.18 (r/w/o: 11869.18/0.00/0.00) lat (ms,95%): 0.47 err/s: 0.00 reconn/s: 0.00
[ 8s ] thds: 4 tps: 12027.75 qps: 12027.75 (r/w/o: 12027.75/0.00/0.00) lat (ms,95%): 0.47 err/s: 0.00 reconn/s: 0.00
[ 10s ] thds: 4 tps: 11952.49 qps: 11952.49 (r/w/o: 11952.49/0.00/0.00) lat (ms,95%): 0.48 err/s: 0.00 reconn/s: 0.00
[ 12s ] thds: 4 tps: 12412.08 qps: 12412.08 (r/w/o: 12412.08/0.00/0.00) lat (ms,95%): 0.46 err/s: 0.00 reconn/s: 0.00
[ 14s ] thds: 4 tps: 11861.94 qps: 11861.94 (r/w/o: 11861.94/0.00/0.00) lat (ms,95%): 0.48 err/s: 0.00 reconn/s: 0.00
[ 16s ] thds: 4 tps: 11993.53 qps: 11993.53 (r/w/o: 11993.53/0.00/0.00) lat (ms,95%): 0.47 err/s: 0.00 reconn/s: 0.00
[ 18s ] thds: 4 tps: 11852.93 qps: 11852.93 (r/w/o: 11852.93/0.00/0.00) lat (ms,95%): 0.48 err/s: 0.00 reconn/s: 0.00
SQL statistics:
    queries performed:
        read:                            214850
        write:                           0
        other:                           0
        total:                           214850
    transactions:                        214850 (11935.19 per sec.)
    queries:                             214850 (11935.19 per sec.)
    ignored errors:                      0      (0.00 per sec.)
    reconnects:                          0      (0.00 per sec.)

General statistics:
    total time:                          18.0010s
    total number of events:              214850

Latency (ms):
         min:                                    0.19
         avg:                                    0.33
         max:                                   17.86
         95th percentile:                        0.48
         sum:                                71760.89

Threads fairness:
    events (avg/stddev):           53712.5000/243.42
    execution time (avg/stddev):   17.9402/0.00

