sysbench 1.0.20 (using system LuaJIT 2.1.0-beta3)

Running the test with following options:
Number of threads: 4
Report intermediate results every 2 second(s)
Initializing random number generator from current time


Initializing worker threads...

Threads started!

[ 2s ] thds: 4 tps: 11341.18 qps: 11341.18 (r/w/o: 11341.18/0.00/0.00) lat (ms,95%): 0.52 err/s: 0.00 reconn/s: 0.00
[ 4s ] thds: 4 tps: 11590.54 qps: 11590.54 (r/w/o: 11590.54/0.00/0.00) lat (ms,95%): 0.50 err/s: 0.00 reconn/s: 0.00
[ 6s ] thds: 4 tps: 11638.71 qps: 11638.71 (r/w/o: 11638.71/0.00/0.00) lat (ms,95%): 0.50 err/s: 0.00 reconn/s: 0.00
[ 8s ] thds: 4 tps: 11645.24 qps: 11645.24 (r/w/o: 11645.24/0.00/0.00) lat (ms,95%): 0.50 err/s: 0.00 reconn/s: 0.00
[ 10s ] thds: 4 tps: 11571.47 qps: 11571.47 (r/w/o: 11571.47/0.00/0.00) lat (ms,95%): 0.51 err/s: 0.00 reconn/s: 0.00
[ 12s ] thds: 4 tps: 11544.65 qps: 11544.65 (r/w/o: 11544.65/0.00/0.00) lat (ms,95%): 0.51 err/s: 0.00 reconn/s: 0.00
[ 14s ] thds: 4 tps: 11716.90 qps: 11716.90 (r/w/o: 11716.90/0.00/0.00) lat (ms,95%): 0.49 err/s: 0.00 reconn/s: 0.00
[ 16s ] thds: 4 tps: 11655.95 qps: 11655.95 (r/w/o: 11655.95/0.00/0.00) lat (ms,95%): 0.49 err/s: 0.00 reconn/s: 0.00
[ 18s ] thds: 4 tps: 11673.00 qps: 11673.00 (r/w/o: 11673.00/0.00/0.00) lat (ms,95%): 0.50 err/s: 0.00 reconn/s: 0.00
SQL statistics:
    queries performed:
        read:                            208764
        write:                           0
        other:                           0
        total:                           208764
    transactions:                        208764 (11596.99 per sec.)
    queries:                             208764 (11596.99 per sec.)
    ignored errors:                      0      (0.00 per sec.)
    reconnects:                          0      (0.00 per sec.)

General statistics:
    total time:                          18.0012s
    total number of events:              208764

Latency (ms):
         min:                                    0.19
         avg:                                    0.34
         max:                                   19.00
         95th percentile:                        0.50
         sum:                                71772.93

Threads fairness:
    events (avg/stddev):           52191.0000/158.69
    execution time (avg/stddev):   17.9432/0.00

