sysbench 1.0.20 (using system LuaJIT 2.1.1725453128)

Running the test with following options:
Number of threads: 8
Report intermediate results every 4 second(s)
Initializing random number generator from current time


Initializing worker threads...

Threads started!

[ 4s ] thds: 8 tps: 13425.03 qps: 13425.03 (r/w/o: 13425.03/0.00/0.00) lat (ms,95%): 0.00 err/s: 0.00 reconn/s: 0.00
[ 8s ] thds: 8 tps: 13563.93 qps: 13563.93 (r/w/o: 13563.93/0.00/0.00) lat (ms,95%): 0.00 err/s: 0.00 reconn/s: 0.00
[ 12s ] thds: 8 tps: 13565.21 qps: 13565.21 (r/w/o: 13565.21/0.00/0.00) lat (ms,95%): 0.00 err/s: 0.00 reconn/s: 0.00
[ 16s ] thds: 8 tps: 13555.43 qps: 13555.43 (r/w/o: 13555.43/0.00/0.00) lat (ms,95%): 0.00 err/s: 0.00 reconn/s: 0.00
[ 20s ] thds: 8 tps: 13520.44 qps: 13520.44 (r/w/o: 13520.44/0.00/0.00) lat (ms,95%): 0.00 err/s: 0.00 reconn/s: 0.00
[ 24s ] thds: 8 tps: 13096.44 qps: 13096.44 (r/w/o: 13096.44/0.00/0.00) lat (ms,95%): 0.00 err/s: 0.00 reconn/s: 0.00
[ 28s ] thds: 8 tps: 13511.36 qps: 13511.36 (r/w/o: 13511.36/0.00/0.00) lat (ms,95%): 0.00 err/s: 0.00 reconn/s: 0.00
SQL statistics:
    queries performed:
        read:                            431260
        write:                           0
        other:                           0
        total:                           431260
    transactions:                        431260 (13475.98 per sec.)
    queries:                             431260 (13475.98 per sec.)
    ignored errors:                      0      (0.00 per sec.)
    reconnects:                          0      (0.00 per sec.)

General statistics:
    total time:                          32.0019s
    total number of events:              431260

Latency (ms):
         min:                                    0.22
         avg:                                    0.59
         max:                                   40.53
         95th percentile:                        0.00
         sum:                               255823.12

Threads fairness:
    events (avg/stddev):           53907.5000/77.12
    execution time (avg/stddev):   31.9779/0.00

