sysbench 1.0.20 (using system LuaJIT 2.1.1725453128)

Running the test with following options:
Number of threads: 8
Report intermediate results every 4 second(s)
Initializing random number generator from current time


Initializing worker threads...

Threads started!

[ 4s ] thds: 8 tps: 5306.64 qps: 5306.64 (r/w/o: 5306.64/0.00/0.00) lat (ms,95%): 0.00 err/s: 0.00 reconn/s: 0.00
[ 8s ] thds: 8 tps: 5348.05 qps: 5348.05 (r/w/o: 5348.05/0.00/0.00) lat (ms,95%): 0.00 err/s: 0.00 reconn/s: 0.00
[ 12s ] thds: 8 tps: 5354.61 qps: 5354.61 (r/w/o: 5354.61/0.00/0.00) lat (ms,95%): 0.00 err/s: 0.00 reconn/s: 0.00
[ 16s ] thds: 8 tps: 5344.17 qps: 5344.17 (r/w/o: 5344.17/0.00/0.00) lat (ms,95%): 0.00 err/s: 0.00 reconn/s: 0.00
[ 20s ] thds: 8 tps: 5354.34 qps: 5354.34 (r/w/o: 5354.34/0.00/0.00) lat (ms,95%): 0.00 err/s: 0.00 reconn/s: 0.00
[ 24s ] thds: 8 tps: 5348.51 qps: 5348.51 (r/w/o: 5348.51/0.00/0.00) lat (ms,95%): 0.00 err/s: 0.00 reconn/s: 0.00
[ 28s ] thds: 8 tps: 5346.80 qps: 5346.80 (r/w/o: 5346.80/0.00/0.00) lat (ms,95%): 0.00 err/s: 0.00 reconn/s: 0.00
SQL statistics:
    queries performed:
        read:                            170993
        write:                           0
        other:                           0
        total:                           170993
    transactions:                        170993 (5343.08 per sec.)
    queries:                             170993 (5343.08 per sec.)
    ignored errors:                      0      (0.00 per sec.)
    reconnects:                          0      (0.00 per sec.)

General statistics:
    total time:                          32.0024s
    total number of events:              170993

Latency (ms):
         min:                                    0.76
         avg:                                    1.50
         max:                                   38.82
         95th percentile:                        0.00
         sum:                               255930.93

Threads fairness:
    events (avg/stddev):           21374.1250/36.95
    execution time (avg/stddev):   31.9914/0.00

