sysbench 1.0.20 (using system LuaJIT 2.1.1725453128)

Running the test with following options:
Number of threads: 8
Report intermediate results every 4 second(s)
Initializing random number generator from current time


Initializing worker threads...

Threads started!

[ 4s ] thds: 8 tps: 3436.04 qps: 3436.04 (r/w/o: 3436.04/0.00/0.00) lat (ms,95%): 0.00 err/s: 0.00 reconn/s: 0.00
[ 8s ] thds: 8 tps: 3476.92 qps: 3476.92 (r/w/o: 3476.92/0.00/0.00) lat (ms,95%): 0.00 err/s: 0.00 reconn/s: 0.00
[ 12s ] thds: 8 tps: 3476.58 qps: 3476.58 (r/w/o: 3476.58/0.00/0.00) lat (ms,95%): 0.00 err/s: 0.00 reconn/s: 0.00
[ 16s ] thds: 8 tps: 3467.45 qps: 3467.45 (r/w/o: 3467.45/0.00/0.00) lat (ms,95%): 0.00 err/s: 0.00 reconn/s: 0.00
[ 20s ] thds: 8 tps: 3451.70 qps: 3451.70 (r/w/o: 3451.70/0.00/0.00) lat (ms,95%): 0.00 err/s: 0.00 reconn/s: 0.00
[ 24s ] thds: 8 tps: 3474.01 qps: 3474.01 (r/w/o: 3474.01/0.00/0.00) lat (ms,95%): 0.00 err/s: 0.00 reconn/s: 0.00
[ 28s ] thds: 8 tps: 3472.12 qps: 3472.12 (r/w/o: 3472.12/0.00/0.00) lat (ms,95%): 0.00 err/s: 0.00 reconn/s: 0.00
[ 32s ] thds: 8 tps: 3473.61 qps: 3473.61 (r/w/o: 3473.61/0.00/0.00) lat (ms,95%): 0.00 err/s: 0.00 reconn/s: 0.00
SQL statistics:
    queries performed:
        read:                            110923
        write:                           0
        other:                           0
        total:                           110923
    transactions:                        110923 (3466.02 per sec.)
    queries:                             110923 (3466.02 per sec.)
    ignored errors:                      0      (0.00 per sec.)
    reconnects:                          0      (0.00 per sec.)

General statistics:
    total time:                          32.0027s
    total number of events:              110923

Latency (ms):
         min:                                    1.14
         avg:                                    2.31
         max:                                   43.33
         95th percentile:                        0.00
         sum:                               255915.97

Threads fairness:
    events (avg/stddev):           13865.3750/17.00
    execution time (avg/stddev):   31.9895/0.00

