sysbench 1.0.20 (using system LuaJIT 2.1.1725453128)

Running the test with following options:
Number of threads: 8
Report intermediate results every 4 second(s)
Initializing random number generator from current time


Initializing worker threads...

Threads started!

[ 4s ] thds: 8 tps: 21067.94 qps: 21067.94 (r/w/o: 21067.94/0.00/0.00) lat (ms,95%): 0.00 err/s: 0.00 reconn/s: 0.00
[ 8s ] thds: 8 tps: 21121.56 qps: 21121.56 (r/w/o: 21121.56/0.00/0.00) lat (ms,95%): 0.00 err/s: 0.00 reconn/s: 0.00
[ 12s ] thds: 8 tps: 21110.75 qps: 21110.75 (r/w/o: 21110.75/0.00/0.00) lat (ms,95%): 0.00 err/s: 0.00 reconn/s: 0.00
[ 16s ] thds: 8 tps: 21117.72 qps: 21117.72 (r/w/o: 21117.72/0.00/0.00) lat (ms,95%): 0.00 err/s: 0.00 reconn/s: 0.00
[ 20s ] thds: 8 tps: 21106.96 qps: 21106.96 (r/w/o: 21106.96/0.00/0.00) lat (ms,95%): 0.00 err/s: 0.00 reconn/s: 0.00
[ 24s ] thds: 8 tps: 21123.26 qps: 21123.26 (r/w/o: 21123.26/0.00/0.00) lat (ms,95%): 0.00 err/s: 0.00 reconn/s: 0.00
[ 28s ] thds: 8 tps: 21116.65 qps: 21116.65 (r/w/o: 21116.65/0.00/0.00) lat (ms,95%): 0.00 err/s: 0.00 reconn/s: 0.00
SQL statistics:
    queries performed:
        read:                            675497
        write:                           0
        other:                           0
        total:                           675497
    transactions:                        675497 (21107.85 per sec.)
    queries:                             675497 (21107.85 per sec.)
    ignored errors:                      0      (0.00 per sec.)
    reconnects:                          0      (0.00 per sec.)

General statistics:
    total time:                          32.0019s
    total number of events:              675497

Latency (ms):
         min:                                    0.17
         avg:                                    0.38
         max:                                   39.29
         95th percentile:                        0.00
         sum:                               255720.26

Threads fairness:
    events (avg/stddev):           84437.1250/135.12
    execution time (avg/stddev):   31.9650/0.00

