sysbench 1.0.20 (using system LuaJIT 2.1.1725453128)

Running the test with following options:
Number of threads: 8
Report intermediate results every 4 second(s)
Initializing random number generator from current time


Initializing worker threads...

Threads started!

[ 4s ] thds: 8 tps: 1928.67 qps: 1928.67 (r/w/o: 1928.67/0.00/0.00) lat (ms,95%): 0.00 err/s: 0.00 reconn/s: 0.00
[ 8s ] thds: 8 tps: 1950.41 qps: 1950.41 (r/w/o: 1950.41/0.00/0.00) lat (ms,95%): 0.00 err/s: 0.00 reconn/s: 0.00
[ 12s ] thds: 8 tps: 1947.84 qps: 1947.84 (r/w/o: 1947.84/0.00/0.00) lat (ms,95%): 0.00 err/s: 0.00 reconn/s: 0.00
[ 16s ] thds: 8 tps: 1945.59 qps: 1945.59 (r/w/o: 1945.59/0.00/0.00) lat (ms,95%): 0.00 err/s: 0.00 reconn/s: 0.00
[ 20s ] thds: 8 tps: 1905.11 qps: 1905.11 (r/w/o: 1905.11/0.00/0.00) lat (ms,95%): 0.00 err/s: 0.00 reconn/s: 0.00
[ 24s ] thds: 8 tps: 1883.11 qps: 1883.11 (r/w/o: 1883.11/0.00/0.00) lat (ms,95%): 0.00 err/s: 0.00 reconn/s: 0.00
[ 28s ] thds: 8 tps: 1883.24 qps: 1883.24 (r/w/o: 1883.24/0.00/0.00) lat (ms,95%): 0.00 err/s: 0.00 reconn/s: 0.00
SQL statistics:
    queries performed:
        read:                            61315
        write:                           0
        other:                           0
        total:                           61315
    transactions:                        61315  (1915.83 per sec.)
    queries:                             61315  (1915.83 per sec.)
    ignored errors:                      0      (0.00 per sec.)
    reconnects:                          0      (0.00 per sec.)

General statistics:
    total time:                          32.0042s
    total number of events:              61315

Latency (ms):
         min:                                    2.96
         avg:                                    4.17
         max:                                   47.09
         95th percentile:                        0.00
         sum:                               255982.20

Threads fairness:
    events (avg/stddev):           7664.3750/55.56
    execution time (avg/stddev):   31.9978/0.00

