sysbench 1.0.20 (using system LuaJIT 2.1.1725453128)

Running the test with following options:
Number of threads: 8
Report intermediate results every 4 second(s)
Initializing random number generator from current time


Initializing worker threads...

Threads started!

[ 4s ] thds: 8 tps: 4.00 qps: 26330.66 (r/w/o: 0.00/3406.77/22923.89) lat (ms,95%): 0.00 err/s: 7.50 reconn/s: 0.00
[ 8s ] thds: 8 tps: 6.00 qps: 26929.55 (r/w/o: 0.00/3543.74/23385.81) lat (ms,95%): 0.00 err/s: 10.50 reconn/s: 0.00
[ 12s ] thds: 8 tps: 6.00 qps: 27820.22 (r/w/o: 0.00/3523.47/24296.75) lat (ms,95%): 0.00 err/s: 8.75 reconn/s: 0.00
[ 16s ] thds: 8 tps: 4.00 qps: 28854.73 (r/w/o: 0.00/3605.81/25248.92) lat (ms,95%): 0.00 err/s: 0.00 reconn/s: 0.00
[ 20s ] thds: 8 tps: 5.99 qps: 27927.20 (r/w/o: 0.00/3574.99/24352.22) lat (ms,95%): 0.00 err/s: 9.99 reconn/s: 0.00
[ 24s ] thds: 8 tps: 6.01 qps: 27477.69 (r/w/o: 0.00/3474.20/24003.50) lat (ms,95%): 0.00 err/s: 4.76 reconn/s: 0.00
[ 28s ] thds: 8 tps: 6.00 qps: 27891.89 (r/w/o: 0.00/3615.94/24275.94) lat (ms,95%): 0.00 err/s: 11.75 reconn/s: 0.00
[ 32s ] thds: 8 tps: 6.00 qps: 27787.62 (r/w/o: 0.00/3541.90/24245.72) lat (ms,95%): 0.00 err/s: 10.25 reconn/s: 0.00
SQL statistics:
    queries performed:
        read:                            0
        write:                           118010
        other:                           804974
        total:                           922984
    transactions:                        184    (5.52 per sec.)
    queries:                             922984 (27671.23 per sec.)
    ignored errors:                      254    (7.61 per sec.)
    reconnects:                          0      (0.00 per sec.)

General statistics:
    total time:                          33.3551s
    total number of events:              184

Latency (ms):
         min:                                 1398.69
         avg:                                 1450.15
         max:                                 1544.96
         95th percentile:                        0.00
         sum:                               266828.06

Threads fairness:
    events (avg/stddev):           23.0000/0.00
    execution time (avg/stddev):   33.3535/0.00

