sysbench 1.0.20 (using system LuaJIT 2.1.1725453128)

Running the test with following options:
Number of threads: 8
Report intermediate results every 4 second(s)
Initializing random number generator from current time


Initializing worker threads...

Threads started!

[ 4s ] thds: 8 tps: 38834.89 qps: 38834.89 (r/w/o: 38834.89/0.00/0.00) lat (ms,95%): 0.00 err/s: 0.00 reconn/s: 0.00
[ 8s ] thds: 8 tps: 39253.25 qps: 39253.25 (r/w/o: 39253.25/0.00/0.00) lat (ms,95%): 0.00 err/s: 0.00 reconn/s: 0.00
[ 12s ] thds: 8 tps: 39266.15 qps: 39266.15 (r/w/o: 39266.15/0.00/0.00) lat (ms,95%): 0.00 err/s: 0.00 reconn/s: 0.00
[ 16s ] thds: 8 tps: 39297.38 qps: 39297.38 (r/w/o: 39297.38/0.00/0.00) lat (ms,95%): 0.00 err/s: 0.00 reconn/s: 0.00
[ 20s ] thds: 8 tps: 39310.85 qps: 39310.85 (r/w/o: 39310.85/0.00/0.00) lat (ms,95%): 0.00 err/s: 0.00 reconn/s: 0.00
[ 24s ] thds: 8 tps: 39181.46 qps: 39181.46 (r/w/o: 39181.46/0.00/0.00) lat (ms,95%): 0.00 err/s: 0.00 reconn/s: 0.00
[ 28s ] thds: 8 tps: 39262.17 qps: 39262.17 (r/w/o: 39262.17/0.00/0.00) lat (ms,95%): 0.00 err/s: 0.00 reconn/s: 0.00
SQL statistics:
    queries performed:
        read:                            1254489
        write:                           0
        other:                           0
        total:                           1254489
    transactions:                        1254489 (39200.04 per sec.)
    queries:                             1254489 (39200.04 per sec.)
    ignored errors:                      0      (0.00 per sec.)
    reconnects:                          0      (0.00 per sec.)

General statistics:
    total time:                          32.0020s
    total number of events:              1254489

Latency (ms):
         min:                                    0.09
         avg:                                    0.20
         max:                                   40.73
         95th percentile:                        0.00
         sum:                               255502.42

Threads fairness:
    events (avg/stddev):           156811.1250/191.78
    execution time (avg/stddev):   31.9378/0.00

