sysbench 1.0.20 (using system LuaJIT 2.1.0-beta3)

Running the test with following options:
Number of threads: 4
Report intermediate results every 2 second(s)
Initializing random number generator from current time


Initializing worker threads...

Threads started!

[ 2s ] thds: 4 tps: 290.38 qps: 872.65 (r/w/o: 872.65/0.00/0.00) lat (ms,95%): 15.00 err/s: 0.00 reconn/s: 0.00
[ 4s ] thds: 4 tps: 292.04 qps: 877.12 (r/w/o: 877.12/0.00/0.00) lat (ms,95%): 15.27 err/s: 0.00 reconn/s: 0.00
[ 6s ] thds: 4 tps: 294.49 qps: 884.48 (r/w/o: 884.48/0.00/0.00) lat (ms,95%): 14.73 err/s: 0.00 reconn/s: 0.00
[ 8s ] thds: 4 tps: 294.01 qps: 880.52 (r/w/o: 880.52/0.00/0.00) lat (ms,95%): 15.00 err/s: 0.00 reconn/s: 0.00
[ 10s ] thds: 4 tps: 294.00 qps: 881.49 (r/w/o: 881.49/0.00/0.00) lat (ms,95%): 15.00 err/s: 0.00 reconn/s: 0.00
[ 12s ] thds: 4 tps: 295.50 qps: 885.01 (r/w/o: 885.01/0.00/0.00) lat (ms,95%): 14.73 err/s: 0.00 reconn/s: 0.00
[ 14s ] thds: 4 tps: 290.00 qps: 873.00 (r/w/o: 873.00/0.00/0.00) lat (ms,95%): 15.55 err/s: 0.00 reconn/s: 0.00
[ 16s ] thds: 4 tps: 294.98 qps: 882.43 (r/w/o: 882.43/0.00/0.00) lat (ms,95%): 14.73 err/s: 0.00 reconn/s: 0.00
[ 18s ] thds: 4 tps: 293.53 qps: 882.08 (r/w/o: 882.08/0.00/0.00) lat (ms,95%): 15.00 err/s: 0.00 reconn/s: 0.00
SQL statistics:
    queries performed:
        read:                            15846
        write:                           0
        other:                           0
        total:                           15846
    transactions:                        5282   (293.29 per sec.)
    queries:                             15846  (879.87 per sec.)
    ignored errors:                      0      (0.00 per sec.)
    reconnects:                          0      (0.00 per sec.)

General statistics:
    total time:                          18.0092s
    total number of events:              5282

Latency (ms):
         min:                                    7.32
         avg:                                   13.63
         max:                                   34.14
         95th percentile:                       15.00
         sum:                                72014.50

Threads fairness:
    events (avg/stddev):           1320.5000/4.50
    execution time (avg/stddev):   18.0036/0.00

