sysbench 1.0.20 (using system LuaJIT 2.1.0-beta3)

Running the test with following options:
Number of threads: 4
Report intermediate results every 2 second(s)
Initializing random number generator from current time


Initializing worker threads...

Threads started!

[ 2s ] thds: 4 tps: 0.00 qps: 3554.28 (r/w/o: 0.00/887.07/2667.21) lat (ms,95%): 0.00 err/s: 0.00 reconn/s: 0.00
[ 4s ] thds: 4 tps: 0.00 qps: 3194.78 (r/w/o: 0.00/798.69/2396.08) lat (ms,95%): 0.00 err/s: 0.00 reconn/s: 0.00
[ 6s ] thds: 4 tps: 0.00 qps: 2770.08 (r/w/o: 0.00/692.52/2077.56) lat (ms,95%): 0.00 err/s: 0.00 reconn/s: 0.00
[ 8s ] thds: 4 tps: 2.00 qps: 2535.50 (r/w/o: 0.00/680.00/1855.50) lat (ms,95%): 6360.91 err/s: 6.00 reconn/s: 0.00
[ 10s ] thds: 4 tps: 0.00 qps: 3233.94 (r/w/o: 0.00/808.48/2425.45) lat (ms,95%): 0.00 err/s: 0.00 reconn/s: 0.00
[ 12s ] thds: 4 tps: 0.00 qps: 3068.01 (r/w/o: 0.00/767.00/2301.01) lat (ms,95%): 0.00 err/s: 0.00 reconn/s: 0.00
[ 14s ] thds: 4 tps: 2.00 qps: 2911.90 (r/w/o: 0.00/731.48/2180.43) lat (ms,95%): 6713.97 err/s: 2.00 reconn/s: 0.00
[ 16s ] thds: 4 tps: 0.00 qps: 3243.09 (r/w/o: 0.00/810.52/2432.57) lat (ms,95%): 0.00 err/s: 0.00 reconn/s: 0.00
[ 18s ] thds: 4 tps: 0.00 qps: 2708.02 (r/w/o: 0.00/677.00/2031.01) lat (ms,95%): 0.00 err/s: 0.00 reconn/s: 0.00
[ 20s ] thds: 4 tps: 0.00 qps: 2807.98 (r/w/o: 0.00/701.99/2105.98) lat (ms,95%): 0.00 err/s: 0.00 reconn/s: 0.00
SQL statistics:
    queries performed:
        read:                            0
        write:                           15148
        other:                           45061
        total:                           60209
    transactions:                        12     (0.60 per sec.)
    queries:                             60209  (3002.14 per sec.)
    ignored errors:                      16     (0.80 per sec.)
    reconnects:                          0      (0.00 per sec.)

General statistics:
    total time:                          20.0550s
    total number of events:              12

Latency (ms):
         min:                                 6374.88
         avg:                                 6684.67
         max:                                 6915.97
         95th percentile:                     6960.17
         sum:                                80216.02

Threads fairness:
    events (avg/stddev):           3.0000/0.00
    execution time (avg/stddev):   20.0540/0.00

