sysbench 1.0.20 (using system LuaJIT 2.1.0-beta3)

Running the test with following options:
Number of threads: 1
Report intermediate results every 1 second(s)
Initializing random number generator from current time


Initializing worker threads...

Threads started!

[ 1s ] thds: 1 tps: 85.93 qps: 1129.05 (r/w/o: 0.00/954.20/174.85) lat (ms,95%): 13.95 err/s: 0.00 reconn/s: 0.00
[ 2s ] thds: 1 tps: 85.03 qps: 1097.36 (r/w/o: 0.00/927.30/170.06) lat (ms,95%): 14.46 err/s: 0.00 reconn/s: 0.00
[ 3s ] thds: 1 tps: 83.00 qps: 1083.03 (r/w/o: 0.00/917.03/166.00) lat (ms,95%): 15.27 err/s: 0.00 reconn/s: 0.00
[ 4s ] thds: 1 tps: 82.00 qps: 1069.00 (r/w/o: 0.00/905.00/164.00) lat (ms,95%): 15.27 err/s: 0.00 reconn/s: 0.00
[ 5s ] thds: 1 tps: 88.00 qps: 1137.99 (r/w/o: 0.00/961.99/176.00) lat (ms,95%): 14.21 err/s: 0.00 reconn/s: 0.00
[ 6s ] thds: 1 tps: 83.00 qps: 1078.01 (r/w/o: 0.00/912.01/166.00) lat (ms,95%): 14.73 err/s: 0.00 reconn/s: 0.00
[ 7s ] thds: 1 tps: 87.00 qps: 1135.00 (r/w/o: 0.00/961.00/174.00) lat (ms,95%): 15.00 err/s: 0.00 reconn/s: 0.00
[ 8s ] thds: 1 tps: 83.00 qps: 1079.04 (r/w/o: 0.00/913.04/166.01) lat (ms,95%): 13.95 err/s: 0.00 reconn/s: 0.00
SQL statistics:
    queries performed:
        read:                            0
        write:                           7457
        other:                           1357
        total:                           8814
    transactions:                        678    (84.68 per sec.)
    queries:                             8814   (1100.82 per sec.)
    ignored errors:                      0      (0.00 per sec.)
    reconnects:                          0      (0.00 per sec.)

General statistics:
    total time:                          8.0063s
    total number of events:              678

Latency (ms):
         min:                                    8.29
         avg:                                   11.81
         max:                                   20.50
         95th percentile:                       14.46
         sum:                                 8004.39

Threads fairness:
    events (avg/stddev):           678.0000/0.00
    execution time (avg/stddev):   8.0044/0.00

