sysbench 1.0.20 (using system LuaJIT 2.1.0-beta3)

Running the test with following options:
Number of threads: 1
Report intermediate results every 1 second(s)
Initializing random number generator from current time


Initializing worker threads...

Threads started!

[ 1s ] thds: 1 tps: 5840.55 qps: 5840.55 (r/w/o: 5840.55/0.00/0.00) lat (ms,95%): 0.20 err/s: 0.00 reconn/s: 0.00
[ 2s ] thds: 1 tps: 5998.58 qps: 5998.58 (r/w/o: 5998.58/0.00/0.00) lat (ms,95%): 0.19 err/s: 0.00 reconn/s: 0.00
[ 3s ] thds: 1 tps: 5939.95 qps: 5939.95 (r/w/o: 5939.95/0.00/0.00) lat (ms,95%): 0.19 err/s: 0.00 reconn/s: 0.00
[ 4s ] thds: 1 tps: 5920.14 qps: 5920.14 (r/w/o: 5920.14/0.00/0.00) lat (ms,95%): 0.19 err/s: 0.00 reconn/s: 0.00
[ 5s ] thds: 1 tps: 5966.48 qps: 5966.48 (r/w/o: 5966.48/0.00/0.00) lat (ms,95%): 0.19 err/s: 0.00 reconn/s: 0.00
[ 6s ] thds: 1 tps: 5919.43 qps: 5919.43 (r/w/o: 5919.43/0.00/0.00) lat (ms,95%): 0.19 err/s: 0.00 reconn/s: 0.00
[ 7s ] thds: 1 tps: 5960.86 qps: 5960.86 (r/w/o: 5960.86/0.00/0.00) lat (ms,95%): 0.19 err/s: 0.00 reconn/s: 0.00
SQL statistics:
    queries performed:
        read:                            47442
        write:                           0
        other:                           0
        total:                           47442
    transactions:                        47442  (5929.47 per sec.)
    queries:                             47442  (5929.47 per sec.)
    ignored errors:                      0      (0.00 per sec.)
    reconnects:                          0      (0.00 per sec.)

General statistics:
    total time:                          8.0007s
    total number of events:              47442

Latency (ms):
         min:                                    0.14
         avg:                                    0.17
         max:                                    7.60
         95th percentile:                        0.19
         sum:                                 7958.56

Threads fairness:
    events (avg/stddev):           47442.0000/0.00
    execution time (avg/stddev):   7.9586/0.00

