sysbench 1.0.20 (using system LuaJIT 2.1.0-beta3)

Running the test with following options:
Number of threads: 1
Report intermediate results every 1 second(s)
Initializing random number generator from current time


Initializing worker threads...

Threads started!

[ 1s ] thds: 1 tps: 0.00 qps: 876.16 (r/w/o: 0.00/873.17/3.00) lat (ms,95%): 0.00 err/s: 0.00 reconn/s: 0.00
[ 2s ] thds: 1 tps: 0.00 qps: 824.33 (r/w/o: 0.00/824.33/0.00) lat (ms,95%): 0.00 err/s: 0.00 reconn/s: 0.00
[ 3s ] thds: 1 tps: 0.00 qps: 882.03 (r/w/o: 0.00/882.03/0.00) lat (ms,95%): 0.00 err/s: 0.00 reconn/s: 0.00
[ 4s ] thds: 1 tps: 0.00 qps: 781.01 (r/w/o: 0.00/781.01/0.00) lat (ms,95%): 0.00 err/s: 0.00 reconn/s: 0.00
[ 5s ] thds: 1 tps: 1.00 qps: 800.00 (r/w/o: 0.00/798.00/2.00) lat (ms,95%): 4768.67 err/s: 0.00 reconn/s: 0.00
[ 6s ] thds: 1 tps: 0.00 qps: 817.95 (r/w/o: 0.00/817.95/0.00) lat (ms,95%): 0.00 err/s: 0.00 reconn/s: 0.00
[ 7s ] thds: 1 tps: 0.00 qps: 763.04 (r/w/o: 0.00/763.04/0.00) lat (ms,95%): 0.00 err/s: 0.00 reconn/s: 0.00
[ 8s ] thds: 1 tps: 0.00 qps: 895.01 (r/w/o: 0.00/895.01/0.00) lat (ms,95%): 0.00 err/s: 0.00 reconn/s: 0.00
[ 9s ] thds: 1 tps: 0.00 qps: 798.00 (r/w/o: 0.00/798.00/0.00) lat (ms,95%): 0.00 err/s: 0.00 reconn/s: 0.00
SQL statistics:
    queries performed:
        read:                            0
        write:                           8001
        other:                           5
        total:                           8006
    transactions:                        2      (0.21 per sec.)
    queries:                             8006   (821.09 per sec.)
    ignored errors:                      0      (0.00 per sec.)
    reconnects:                          0      (0.00 per sec.)

General statistics:
    total time:                          9.7501s
    total number of events:              2

Latency (ms):
         min:                                 4767.10
         avg:                                 4874.76
         max:                                 4982.42
         95th percentile:                     4943.53
         sum:                                 9749.52

Threads fairness:
    events (avg/stddev):           2.0000/0.00
    execution time (avg/stddev):   9.7495/0.00

