sysbench 1.0.20 (using system LuaJIT 2.1.0-beta3)

Running the test with following options:
Number of threads: 4
Report intermediate results every 2 second(s)
Initializing random number generator from current time


Initializing worker threads...

Threads started!

[ 2s ] thds: 4 tps: 6.00 qps: 3182.61 (r/w/o: 0.00/822.64/2359.97) lat (ms,95%): 694.45 err/s: 9.00 reconn/s: 0.00
[ 4s ] thds: 4 tps: 6.00 qps: 3068.94 (r/w/o: 0.00/798.61/2270.32) lat (ms,95%): 694.45 err/s: 8.50 reconn/s: 0.00
[ 6s ] thds: 4 tps: 4.00 qps: 3102.50 (r/w/o: 0.00/821.50/2281.00) lat (ms,95%): 759.88 err/s: 10.50 reconn/s: 0.00
[ 8s ] thds: 4 tps: 6.00 qps: 3082.68 (r/w/o: 0.00/797.05/2285.63) lat (ms,95%): 657.93 err/s: 9.50 reconn/s: 0.00
[ 10s ] thds: 4 tps: 8.00 qps: 3194.78 (r/w/o: 0.00/831.94/2362.84) lat (ms,95%): 746.32 err/s: 10.00 reconn/s: 0.00
[ 12s ] thds: 4 tps: 6.00 qps: 3028.13 (r/w/o: 0.00/773.53/2254.60) lat (ms,95%): 719.92 err/s: 8.50 reconn/s: 0.00
[ 14s ] thds: 4 tps: 6.00 qps: 3500.49 (r/w/o: 0.00/938.50/2562.00) lat (ms,95%): 719.92 err/s: 16.00 reconn/s: 0.00
[ 16s ] thds: 4 tps: 6.00 qps: 3686.37 (r/w/o: 0.00/956.97/2729.40) lat (ms,95%): 569.67 err/s: 10.00 reconn/s: 0.00
[ 18s ] thds: 4 tps: 6.00 qps: 3143.00 (r/w/o: 0.00/832.50/2310.50) lat (ms,95%): 682.06 err/s: 10.50 reconn/s: 0.00
SQL statistics:
    queries performed:
        read:                            0
        write:                           15184
        other:                           42945
        total:                           58129
    transactions:                        112    (6.20 per sec.)
    queries:                             58129  (3219.82 per sec.)
    ignored errors:                      185    (10.25 per sec.)
    reconnects:                          0      (0.00 per sec.)

General statistics:
    total time:                          18.0531s
    total number of events:              112

Latency (ms):
         min:                                  529.00
         avg:                                  644.72
         max:                                  758.20
         95th percentile:                      746.32
         sum:                                72208.11

Threads fairness:
    events (avg/stddev):           28.0000/0.00
    execution time (avg/stddev):   18.0520/0.00

