sysbench 1.0.20 (using system LuaJIT 2.1.0-beta3)

Running the test with following options:
Number of threads: 1
Report intermediate results every 1 second(s)
Initializing random number generator from current time


Initializing worker threads...

Threads started!

[ 1s ] thds: 1 tps: 68.94 qps: 68.94 (r/w/o: 68.94/0.00/0.00) lat (ms,95%): 15.00 err/s: 0.00 reconn/s: 0.00
[ 2s ] thds: 1 tps: 70.03 qps: 70.03 (r/w/o: 70.03/0.00/0.00) lat (ms,95%): 15.00 err/s: 0.00 reconn/s: 0.00
[ 3s ] thds: 1 tps: 71.00 qps: 71.00 (r/w/o: 71.00/0.00/0.00) lat (ms,95%): 14.46 err/s: 0.00 reconn/s: 0.00
[ 4s ] thds: 1 tps: 70.00 qps: 70.00 (r/w/o: 70.00/0.00/0.00) lat (ms,95%): 15.00 err/s: 0.00 reconn/s: 0.00
[ 5s ] thds: 1 tps: 69.00 qps: 69.00 (r/w/o: 69.00/0.00/0.00) lat (ms,95%): 15.00 err/s: 0.00 reconn/s: 0.00
[ 6s ] thds: 1 tps: 70.00 qps: 70.00 (r/w/o: 70.00/0.00/0.00) lat (ms,95%): 15.00 err/s: 0.00 reconn/s: 0.00
[ 7s ] thds: 1 tps: 68.00 qps: 68.00 (r/w/o: 68.00/0.00/0.00) lat (ms,95%): 15.55 err/s: 0.00 reconn/s: 0.00
[ 8s ] thds: 1 tps: 69.00 qps: 69.00 (r/w/o: 69.00/0.00/0.00) lat (ms,95%): 15.00 err/s: 0.00 reconn/s: 0.00
SQL statistics:
    queries performed:
        read:                            557
        write:                           0
        other:                           0
        total:                           557
    transactions:                        557    (69.61 per sec.)
    queries:                             557    (69.61 per sec.)
    ignored errors:                      0      (0.00 per sec.)
    reconnects:                          0      (0.00 per sec.)

General statistics:
    total time:                          8.0017s
    total number of events:              557

Latency (ms):
         min:                                   13.61
         avg:                                   14.36
         max:                                   24.27
         95th percentile:                       15.00
         sum:                                 8000.34

Threads fairness:
    events (avg/stddev):           557.0000/0.00
    execution time (avg/stddev):   8.0003/0.00

