sysbench 1.0.20 (using system LuaJIT 2.1.0-beta3)

Running the test with following options:
Number of threads: 1
Report intermediate results every 1 second(s)
Initializing random number generator from current time


Initializing worker threads...

Threads started!

[ 1s ] thds: 1 tps: 0.00 qps: 1446.68 (r/w/o: 0.00/1442.68/4.00) lat (ms,95%): 0.00 err/s: 0.00 reconn/s: 0.00
[ 2s ] thds: 1 tps: 0.00 qps: 1517.67 (r/w/o: 0.00/1517.67/0.00) lat (ms,95%): 0.00 err/s: 0.00 reconn/s: 0.00
[ 3s ] thds: 1 tps: 0.00 qps: 1498.03 (r/w/o: 0.00/1498.03/0.00) lat (ms,95%): 0.00 err/s: 0.00 reconn/s: 0.00
[ 4s ] thds: 1 tps: 0.00 qps: 1492.03 (r/w/o: 0.00/1492.03/0.00) lat (ms,95%): 0.00 err/s: 0.00 reconn/s: 0.00
[ 5s ] thds: 1 tps: 0.00 qps: 1496.92 (r/w/o: 0.00/1496.92/0.00) lat (ms,95%): 0.00 err/s: 0.00 reconn/s: 0.00
[ 6s ] thds: 1 tps: 0.00 qps: 1475.01 (r/w/o: 0.00/1475.01/0.00) lat (ms,95%): 0.00 err/s: 0.00 reconn/s: 0.00
[ 7s ] thds: 1 tps: 0.00 qps: 1495.95 (r/w/o: 0.00/1495.95/0.00) lat (ms,95%): 0.00 err/s: 0.00 reconn/s: 0.00
[ 8s ] thds: 1 tps: 0.00 qps: 1518.10 (r/w/o: 0.00/1518.10/0.00) lat (ms,95%): 0.00 err/s: 0.00 reconn/s: 0.00
[ 9s ] thds: 1 tps: 0.00 qps: 1504.02 (r/w/o: 0.00/1504.02/0.00) lat (ms,95%): 0.00 err/s: 0.00 reconn/s: 0.00
[ 10s ] thds: 1 tps: 0.00 qps: 1492.00 (r/w/o: 0.00/1492.00/0.00) lat (ms,95%): 0.00 err/s: 0.00 reconn/s: 0.00
[ 11s ] thds: 1 tps: 0.00 qps: 1439.94 (r/w/o: 0.00/1439.94/0.00) lat (ms,95%): 0.00 err/s: 0.00 reconn/s: 0.00
[ 12s ] thds: 1 tps: 0.00 qps: 1511.95 (r/w/o: 0.00/1511.95/0.00) lat (ms,95%): 0.00 err/s: 0.00 reconn/s: 0.00
[ 13s ] thds: 1 tps: 0.00 qps: 1526.10 (r/w/o: 0.00/1526.10/0.00) lat (ms,95%): 0.00 err/s: 0.00 reconn/s: 0.00
[ 14s ] thds: 1 tps: 0.00 qps: 1491.96 (r/w/o: 0.00/1491.96/0.00) lat (ms,95%): 0.00 err/s: 0.00 reconn/s: 0.00
SQL statistics:
    queries performed:
        read:                            0
        write:                           22000
        other:                           4
        total:                           22004
    transactions:                        1      (0.07 per sec.)
    queries:                             22004  (1494.14 per sec.)
    ignored errors:                      0      (0.00 per sec.)
    reconnects:                          0      (0.00 per sec.)

General statistics:
    total time:                          14.7266s
    total number of events:              1

Latency (ms):
         min:                                14726.10
         avg:                                14726.10
         max:                                14726.10
         95th percentile:                    14827.42
         sum:                                14726.10

Threads fairness:
    events (avg/stddev):           1.0000/0.00
    execution time (avg/stddev):   14.7261/0.00

