sysbench 1.0.20 (using system LuaJIT 2.1.0-beta3)

Running the test with following options:
Number of threads: 1
Report intermediate results every 1 second(s)
Initializing random number generator from current time


Initializing worker threads...

Threads started!

[ 1s ] thds: 1 tps: 308.80 qps: 308.80 (r/w/o: 308.80/0.00/0.00) lat (ms,95%): 3.30 err/s: 0.00 reconn/s: 0.00
[ 2s ] thds: 1 tps: 311.02 qps: 311.02 (r/w/o: 311.02/0.00/0.00) lat (ms,95%): 3.25 err/s: 0.00 reconn/s: 0.00
[ 3s ] thds: 1 tps: 311.01 qps: 311.01 (r/w/o: 311.01/0.00/0.00) lat (ms,95%): 3.30 err/s: 0.00 reconn/s: 0.00
[ 4s ] thds: 1 tps: 310.01 qps: 310.01 (r/w/o: 310.01/0.00/0.00) lat (ms,95%): 3.30 err/s: 0.00 reconn/s: 0.00
[ 5s ] thds: 1 tps: 313.02 qps: 313.02 (r/w/o: 313.02/0.00/0.00) lat (ms,95%): 3.25 err/s: 0.00 reconn/s: 0.00
[ 6s ] thds: 1 tps: 313.97 qps: 313.97 (r/w/o: 313.97/0.00/0.00) lat (ms,95%): 3.25 err/s: 0.00 reconn/s: 0.00
[ 7s ] thds: 1 tps: 311.00 qps: 311.00 (r/w/o: 311.00/0.00/0.00) lat (ms,95%): 3.25 err/s: 0.00 reconn/s: 0.00
[ 8s ] thds: 1 tps: 303.01 qps: 303.01 (r/w/o: 303.01/0.00/0.00) lat (ms,95%): 3.36 err/s: 0.00 reconn/s: 0.00
SQL statistics:
    queries performed:
        read:                            2483
        write:                           0
        other:                           0
        total:                           2483
    transactions:                        2483   (310.30 per sec.)
    queries:                             2483   (310.30 per sec.)
    ignored errors:                      0      (0.00 per sec.)
    reconnects:                          0      (0.00 per sec.)

General statistics:
    total time:                          8.0015s
    total number of events:              2483

Latency (ms):
         min:                                    3.14
         avg:                                    3.22
         max:                                   11.14
         95th percentile:                        3.25
         sum:                                 7997.63

Threads fairness:
    events (avg/stddev):           2483.0000/0.00
    execution time (avg/stddev):   7.9976/0.00

