sysbench 1.0.20 (using system LuaJIT 2.1.0-beta3)

Running the test with following options:
Number of threads: 1
Report intermediate results every 1 second(s)
Initializing random number generator from current time


Initializing worker threads...

Threads started!

[ 1s ] thds: 1 tps: 0.00 qps: 698.31 (r/w/o: 0.00/694.31/4.00) lat (ms,95%): 0.00 err/s: 0.00 reconn/s: 0.00
[ 2s ] thds: 1 tps: 0.00 qps: 819.39 (r/w/o: 0.00/819.39/0.00) lat (ms,95%): 0.00 err/s: 0.00 reconn/s: 0.00
[ 3s ] thds: 1 tps: 0.00 qps: 1102.01 (r/w/o: 0.00/1102.01/0.00) lat (ms,95%): 0.00 err/s: 0.00 reconn/s: 0.00
[ 4s ] thds: 1 tps: 1.00 qps: 973.02 (r/w/o: 0.00/971.02/2.00) lat (ms,95%): 3151.62 err/s: 0.00 reconn/s: 0.00
[ 5s ] thds: 1 tps: 0.00 qps: 1057.00 (r/w/o: 0.00/1057.00/0.00) lat (ms,95%): 0.00 err/s: 0.00 reconn/s: 0.00
[ 6s ] thds: 1 tps: 1.00 qps: 971.03 (r/w/o: 0.00/969.03/2.00) lat (ms,95%): 2778.39 err/s: 0.00 reconn/s: 0.00
[ 7s ] thds: 1 tps: 0.00 qps: 746.00 (r/w/o: 0.00/746.00/0.00) lat (ms,95%): 0.00 err/s: 0.00 reconn/s: 0.00
[ 8s ] thds: 1 tps: 0.00 qps: 832.00 (r/w/o: 0.00/832.00/0.00) lat (ms,95%): 0.00 err/s: 0.00 reconn/s: 0.00
[ 9s ] thds: 1 tps: 0.00 qps: 700.97 (r/w/o: 0.00/700.97/0.00) lat (ms,95%): 0.00 err/s: 0.00 reconn/s: 0.00
SQL statistics:
    queries performed:
        read:                            0
        write:                           8404
        other:                           8
        total:                           8412
    transactions:                        3      (0.31 per sec.)
    queries:                             8412   (857.73 per sec.)
    ignored errors:                      0      (0.00 per sec.)
    reconnects:                          0      (0.00 per sec.)

General statistics:
    total time:                          9.8069s
    total number of events:              3

Latency (ms):
         min:                                 2792.68
         avg:                                 3268.76
         max:                                 3846.37
         95th percentile:                     3841.98
         sum:                                 9806.29

Threads fairness:
    events (avg/stddev):           3.0000/0.00
    execution time (avg/stddev):   9.8063/0.00

