sysbench 1.0.20 (using system LuaJIT 2.1.0-beta3)

Running the test with following options:
Number of threads: 4
Report intermediate results every 2 second(s)
Initializing random number generator from current time


Initializing worker threads...

Threads started!

[ 2s ] thds: 4 tps: 3189.92 qps: 3189.92 (r/w/o: 3189.92/0.00/0.00) lat (ms,95%): 1.55 err/s: 0.00 reconn/s: 0.00
[ 4s ] thds: 4 tps: 3215.82 qps: 3215.82 (r/w/o: 3215.82/0.00/0.00) lat (ms,95%): 1.55 err/s: 0.00 reconn/s: 0.00
[ 6s ] thds: 4 tps: 3212.75 qps: 3212.75 (r/w/o: 3212.75/0.00/0.00) lat (ms,95%): 1.52 err/s: 0.00 reconn/s: 0.00
[ 8s ] thds: 4 tps: 3225.41 qps: 3225.41 (r/w/o: 3225.41/0.00/0.00) lat (ms,95%): 1.52 err/s: 0.00 reconn/s: 0.00
[ 10s ] thds: 4 tps: 3218.53 qps: 3218.53 (r/w/o: 3218.53/0.00/0.00) lat (ms,95%): 1.52 err/s: 0.00 reconn/s: 0.00
[ 12s ] thds: 4 tps: 3236.94 qps: 3236.94 (r/w/o: 3236.94/0.00/0.00) lat (ms,95%): 1.50 err/s: 0.00 reconn/s: 0.00
[ 14s ] thds: 4 tps: 3231.55 qps: 3231.55 (r/w/o: 3231.55/0.00/0.00) lat (ms,95%): 1.52 err/s: 0.00 reconn/s: 0.00
[ 16s ] thds: 4 tps: 3242.05 qps: 3242.05 (r/w/o: 3242.05/0.00/0.00) lat (ms,95%): 1.50 err/s: 0.00 reconn/s: 0.00
[ 18s ] thds: 4 tps: 3217.99 qps: 3217.99 (r/w/o: 3217.99/0.00/0.00) lat (ms,95%): 1.52 err/s: 0.00 reconn/s: 0.00
SQL statistics:
    queries performed:
        read:                            57988
        write:                           0
        other:                           0
        total:                           57988
    transactions:                        57988  (3221.16 per sec.)
    queries:                             57988  (3221.16 per sec.)
    ignored errors:                      0      (0.00 per sec.)
    reconnects:                          0      (0.00 per sec.)

General statistics:
    total time:                          18.0017s
    total number of events:              57988

Latency (ms):
         min:                                    0.64
         avg:                                    1.24
         max:                                   19.60
         95th percentile:                        1.52
         sum:                                71921.75

Threads fairness:
    events (avg/stddev):           14497.0000/77.08
    execution time (avg/stddev):   17.9804/0.00

