sysbench 1.0.20 (using system LuaJIT 2.1.0-beta3)

Running the test with following options:
Number of threads: 4
Report intermediate results every 2 second(s)
Initializing random number generator from current time


Initializing worker threads...

Threads started!

[ 2s ] thds: 4 tps: 3308.82 qps: 3308.82 (r/w/o: 3308.82/0.00/0.00) lat (ms,95%): 1.47 err/s: 0.00 reconn/s: 0.00
[ 4s ] thds: 4 tps: 3346.57 qps: 3346.57 (r/w/o: 3346.57/0.00/0.00) lat (ms,95%): 1.47 err/s: 0.00 reconn/s: 0.00
[ 6s ] thds: 4 tps: 3343.51 qps: 3343.51 (r/w/o: 3343.51/0.00/0.00) lat (ms,95%): 1.47 err/s: 0.00 reconn/s: 0.00
[ 8s ] thds: 4 tps: 3345.06 qps: 3345.06 (r/w/o: 3345.06/0.00/0.00) lat (ms,95%): 1.47 err/s: 0.00 reconn/s: 0.00
[ 10s ] thds: 4 tps: 3351.91 qps: 3351.91 (r/w/o: 3351.91/0.00/0.00) lat (ms,95%): 1.44 err/s: 0.00 reconn/s: 0.00
[ 12s ] thds: 4 tps: 3301.07 qps: 3301.07 (r/w/o: 3301.07/0.00/0.00) lat (ms,95%): 1.58 err/s: 0.00 reconn/s: 0.00
[ 14s ] thds: 4 tps: 3335.45 qps: 3335.45 (r/w/o: 3335.45/0.00/0.00) lat (ms,95%): 1.50 err/s: 0.00 reconn/s: 0.00
[ 16s ] thds: 4 tps: 3350.99 qps: 3350.99 (r/w/o: 3350.99/0.00/0.00) lat (ms,95%): 1.47 err/s: 0.00 reconn/s: 0.00
[ 18s ] thds: 4 tps: 3345.99 qps: 3345.99 (r/w/o: 3345.99/0.00/0.00) lat (ms,95%): 1.44 err/s: 0.00 reconn/s: 0.00
SQL statistics:
    queries performed:
        read:                            60065
        write:                           0
        other:                           0
        total:                           60065
    transactions:                        60065  (3336.49 per sec.)
    queries:                             60065  (3336.49 per sec.)
    ignored errors:                      0      (0.00 per sec.)
    reconnects:                          0      (0.00 per sec.)

General statistics:
    total time:                          18.0020s
    total number of events:              60065

Latency (ms):
         min:                                    0.62
         avg:                                    1.20
         max:                                   20.69
         95th percentile:                        1.47
         sum:                                71924.15

Threads fairness:
    events (avg/stddev):           15016.2500/23.28
    execution time (avg/stddev):   17.9810/0.00

