sysbench 1.0.20 (using system LuaJIT 2.1.0-beta3)

Running the test with following options:
Number of threads: 4
Report intermediate results every 2 second(s)
Initializing random number generator from current time


Initializing worker threads...

Threads started!

[ 2s ] thds: 4 tps: 2891.24 qps: 2891.24 (r/w/o: 2891.24/0.00/0.00) lat (ms,95%): 1.79 err/s: 0.00 reconn/s: 0.00
[ 4s ] thds: 4 tps: 2926.30 qps: 2926.30 (r/w/o: 2926.30/0.00/0.00) lat (ms,95%): 1.76 err/s: 0.00 reconn/s: 0.00
[ 6s ] thds: 4 tps: 2897.36 qps: 2897.36 (r/w/o: 2897.36/0.00/0.00) lat (ms,95%): 1.82 err/s: 0.00 reconn/s: 0.00
[ 8s ] thds: 4 tps: 2923.90 qps: 2923.90 (r/w/o: 2923.90/0.00/0.00) lat (ms,95%): 1.76 err/s: 0.00 reconn/s: 0.00
[ 10s ] thds: 4 tps: 2887.81 qps: 2887.81 (r/w/o: 2887.81/0.00/0.00) lat (ms,95%): 1.82 err/s: 0.00 reconn/s: 0.00
[ 12s ] thds: 4 tps: 2893.94 qps: 2893.94 (r/w/o: 2893.94/0.00/0.00) lat (ms,95%): 1.86 err/s: 0.00 reconn/s: 0.00
[ 14s ] thds: 4 tps: 2922.54 qps: 2922.54 (r/w/o: 2922.54/0.00/0.00) lat (ms,95%): 1.79 err/s: 0.00 reconn/s: 0.00
[ 16s ] thds: 4 tps: 2946.41 qps: 2946.41 (r/w/o: 2946.41/0.00/0.00) lat (ms,95%): 1.76 err/s: 0.00 reconn/s: 0.00
[ 18s ] thds: 4 tps: 2935.56 qps: 2935.56 (r/w/o: 2935.56/0.00/0.00) lat (ms,95%): 1.76 err/s: 0.00 reconn/s: 0.00
SQL statistics:
    queries performed:
        read:                            52455
        write:                           0
        other:                           0
        total:                           52455
    transactions:                        52455  (2913.84 per sec.)
    queries:                             52455  (2913.84 per sec.)
    ignored errors:                      0      (0.00 per sec.)
    reconnects:                          0      (0.00 per sec.)

General statistics:
    total time:                          18.0017s
    total number of events:              52455

Latency (ms):
         min:                                    0.68
         avg:                                    1.37
         max:                                   17.45
         95th percentile:                        1.79
         sum:                                71927.02

Threads fairness:
    events (avg/stddev):           13113.7500/94.16
    execution time (avg/stddev):   17.9818/0.00

