sysbench 1.0.20 (using system LuaJIT 2.1.0-beta3)

Running the test with following options:
Number of threads: 4
Report intermediate results every 2 second(s)
Initializing random number generator from current time


Initializing worker threads...

Threads started!

[ 2s ] thds: 4 tps: 8429.24 qps: 8429.24 (r/w/o: 8429.24/0.00/0.00) lat (ms,95%): 0.64 err/s: 0.00 reconn/s: 0.00
[ 4s ] thds: 4 tps: 8385.60 qps: 8385.60 (r/w/o: 8385.60/0.00/0.00) lat (ms,95%): 0.67 err/s: 0.00 reconn/s: 0.00
[ 6s ] thds: 4 tps: 8445.20 qps: 8445.20 (r/w/o: 8445.20/0.00/0.00) lat (ms,95%): 0.65 err/s: 0.00 reconn/s: 0.00
[ 8s ] thds: 4 tps: 8511.62 qps: 8511.62 (r/w/o: 8511.62/0.00/0.00) lat (ms,95%): 0.64 err/s: 0.00 reconn/s: 0.00
[ 10s ] thds: 4 tps: 8480.02 qps: 8480.02 (r/w/o: 8480.02/0.00/0.00) lat (ms,95%): 0.64 err/s: 0.00 reconn/s: 0.00
[ 12s ] thds: 4 tps: 8462.98 qps: 8462.98 (r/w/o: 8462.98/0.00/0.00) lat (ms,95%): 0.64 err/s: 0.00 reconn/s: 0.00
[ 14s ] thds: 4 tps: 8407.95 qps: 8407.95 (r/w/o: 8407.95/0.00/0.00) lat (ms,95%): 0.67 err/s: 0.00 reconn/s: 0.00
[ 16s ] thds: 4 tps: 8429.01 qps: 8429.01 (r/w/o: 8429.01/0.00/0.00) lat (ms,95%): 0.65 err/s: 0.00 reconn/s: 0.00
[ 18s ] thds: 4 tps: 8445.90 qps: 8445.90 (r/w/o: 8445.90/0.00/0.00) lat (ms,95%): 0.65 err/s: 0.00 reconn/s: 0.00
SQL statistics:
    queries performed:
        read:                            152003
        write:                           0
        other:                           0
        total:                           152003
    transactions:                        152003 (8443.89 per sec.)
    queries:                             152003 (8443.89 per sec.)
    ignored errors:                      0      (0.00 per sec.)
    reconnects:                          0      (0.00 per sec.)

General statistics:
    total time:                          18.0012s
    total number of events:              152003

Latency (ms):
         min:                                    0.25
         avg:                                    0.47
         max:                                   18.46
         95th percentile:                        0.65
         sum:                                71816.79

Threads fairness:
    events (avg/stddev):           38000.7500/83.29
    execution time (avg/stddev):   17.9542/0.00

