sysbench 1.0.20 (using system LuaJIT 2.1.0-beta3)

Running the test with following options:
Number of threads: 4
Report intermediate results every 2 second(s)
Initializing random number generator from current time


Initializing worker threads...

Threads started!

[ 2s ] thds: 4 tps: 3131.94 qps: 3131.94 (r/w/o: 3131.94/0.00/0.00) lat (ms,95%): 1.58 err/s: 0.00 reconn/s: 0.00
[ 4s ] thds: 4 tps: 3136.00 qps: 3136.00 (r/w/o: 3136.00/0.00/0.00) lat (ms,95%): 1.58 err/s: 0.00 reconn/s: 0.00
[ 6s ] thds: 4 tps: 3138.99 qps: 3138.99 (r/w/o: 3138.99/0.00/0.00) lat (ms,95%): 1.67 err/s: 0.00 reconn/s: 0.00
[ 8s ] thds: 4 tps: 3195.00 qps: 3195.00 (r/w/o: 3195.00/0.00/0.00) lat (ms,95%): 1.50 err/s: 0.00 reconn/s: 0.00
[ 10s ] thds: 4 tps: 3180.04 qps: 3180.04 (r/w/o: 3180.04/0.00/0.00) lat (ms,95%): 1.55 err/s: 0.00 reconn/s: 0.00
[ 12s ] thds: 4 tps: 3171.47 qps: 3171.47 (r/w/o: 3171.47/0.00/0.00) lat (ms,95%): 1.55 err/s: 0.00 reconn/s: 0.00
[ 14s ] thds: 4 tps: 3177.01 qps: 3177.01 (r/w/o: 3177.01/0.00/0.00) lat (ms,95%): 1.55 err/s: 0.00 reconn/s: 0.00
[ 16s ] thds: 4 tps: 3193.01 qps: 3193.01 (r/w/o: 3193.01/0.00/0.00) lat (ms,95%): 1.52 err/s: 0.00 reconn/s: 0.00
[ 18s ] thds: 4 tps: 3129.10 qps: 3129.10 (r/w/o: 3129.10/0.00/0.00) lat (ms,95%): 1.67 err/s: 0.00 reconn/s: 0.00
SQL statistics:
    queries performed:
        read:                            56911
        write:                           0
        other:                           0
        total:                           56911
    transactions:                        56911  (3161.48 per sec.)
    queries:                             56911  (3161.48 per sec.)
    ignored errors:                      0      (0.00 per sec.)
    reconnects:                          0      (0.00 per sec.)

General statistics:
    total time:                          18.0010s
    total number of events:              56911

Latency (ms):
         min:                                    0.67
         avg:                                    1.26
         max:                                   18.81
         95th percentile:                        1.58
         sum:                                71923.51

Threads fairness:
    events (avg/stddev):           14227.7500/41.77
    execution time (avg/stddev):   17.9809/0.00

