sysbench 1.0.20 (using system LuaJIT 2.1.0-beta3)

Running the test with following options:
Number of threads: 4
Report intermediate results every 2 second(s)
Initializing random number generator from current time


Initializing worker threads...

Threads started!

[ 2s ] thds: 4 tps: 8188.44 qps: 8188.44 (r/w/o: 8188.44/0.00/0.00) lat (ms,95%): 0.68 err/s: 0.00 reconn/s: 0.00
[ 4s ] thds: 4 tps: 8304.81 qps: 8304.81 (r/w/o: 8304.81/0.00/0.00) lat (ms,95%): 0.67 err/s: 0.00 reconn/s: 0.00
[ 6s ] thds: 4 tps: 8252.48 qps: 8252.48 (r/w/o: 8252.48/0.00/0.00) lat (ms,95%): 0.68 err/s: 0.00 reconn/s: 0.00
[ 8s ] thds: 4 tps: 8222.98 qps: 8222.98 (r/w/o: 8222.98/0.00/0.00) lat (ms,95%): 0.69 err/s: 0.00 reconn/s: 0.00
[ 10s ] thds: 4 tps: 8298.01 qps: 8298.01 (r/w/o: 8298.01/0.00/0.00) lat (ms,95%): 0.67 err/s: 0.00 reconn/s: 0.00
[ 12s ] thds: 4 tps: 8284.47 qps: 8284.47 (r/w/o: 8284.47/0.00/0.00) lat (ms,95%): 0.67 err/s: 0.00 reconn/s: 0.00
[ 14s ] thds: 4 tps: 8314.53 qps: 8314.53 (r/w/o: 8314.53/0.00/0.00) lat (ms,95%): 0.65 err/s: 0.00 reconn/s: 0.00
[ 16s ] thds: 4 tps: 8301.99 qps: 8301.99 (r/w/o: 8301.99/0.00/0.00) lat (ms,95%): 0.65 err/s: 0.00 reconn/s: 0.00
[ 18s ] thds: 4 tps: 8232.59 qps: 8232.59 (r/w/o: 8232.59/0.00/0.00) lat (ms,95%): 0.68 err/s: 0.00 reconn/s: 0.00
SQL statistics:
    queries performed:
        read:                            148808
        write:                           0
        other:                           0
        total:                           148808
    transactions:                        148808 (8266.38 per sec.)
    queries:                             148808 (8266.38 per sec.)
    ignored errors:                      0      (0.00 per sec.)
    reconnects:                          0      (0.00 per sec.)

General statistics:
    total time:                          18.0012s
    total number of events:              148808

Latency (ms):
         min:                                    0.26
         avg:                                    0.48
         max:                                   18.14
         95th percentile:                        0.67
         sum:                                71821.01

Threads fairness:
    events (avg/stddev):           37202.0000/141.89
    execution time (avg/stddev):   17.9553/0.00

