sysbench 1.0.20 (using system LuaJIT 2.1.0-beta3)

Running the test with following options:
Number of threads: 4
Report intermediate results every 2 second(s)
Initializing random number generator from current time


Initializing worker threads...

Threads started!

[ 2s ] thds: 4 tps: 2.00 qps: 3967.92 (r/w/o: 0.00/993.48/2974.44) lat (ms,95%): 1069.86 err/s: 0.00 reconn/s: 0.00
[ 4s ] thds: 4 tps: 6.00 qps: 4225.31 (r/w/o: 0.00/1053.33/3171.99) lat (ms,95%): 1013.60 err/s: 0.00 reconn/s: 0.00
[ 6s ] thds: 4 tps: 4.00 qps: 4189.37 (r/w/o: 0.00/1045.47/3143.90) lat (ms,95%): 995.51 err/s: 0.00 reconn/s: 0.00
[ 8s ] thds: 4 tps: 4.00 qps: 4240.49 (r/w/o: 0.00/1058.00/3182.49) lat (ms,95%): 943.16 err/s: 0.00 reconn/s: 0.00
[ 10s ] thds: 4 tps: 4.00 qps: 4504.12 (r/w/o: 0.00/1124.03/3380.09) lat (ms,95%): 909.80 err/s: 0.00 reconn/s: 0.00
[ 12s ] thds: 4 tps: 4.00 qps: 4493.96 (r/w/o: 0.00/1121.49/3372.47) lat (ms,95%): 909.80 err/s: 0.00 reconn/s: 0.00
[ 14s ] thds: 4 tps: 6.00 qps: 4583.85 (r/w/o: 0.00/1142.96/3440.89) lat (ms,95%): 926.33 err/s: 0.00 reconn/s: 0.00
[ 16s ] thds: 4 tps: 2.00 qps: 3868.17 (r/w/o: 0.00/966.04/2902.13) lat (ms,95%): 1032.01 err/s: 0.00 reconn/s: 0.00
[ 18s ] thds: 4 tps: 6.00 qps: 4149.83 (r/w/o: 0.00/1034.46/3115.37) lat (ms,95%): 1032.01 err/s: 0.00 reconn/s: 0.00
SQL statistics:
    queries performed:
        read:                            0
        write:                           20027
        other:                           60213
        total:                           80240
    transactions:                        80     (4.23 per sec.)
    queries:                             80240  (4247.40 per sec.)
    ignored errors:                      0      (0.00 per sec.)
    reconnects:                          0      (0.00 per sec.)

General statistics:
    total time:                          18.8912s
    total number of events:              80

Latency (ms):
         min:                                  832.37
         avg:                                  944.51
         max:                                 1073.16
         95th percentile:                     1032.01
         sum:                                75560.62

Threads fairness:
    events (avg/stddev):           20.0000/0.00
    execution time (avg/stddev):   18.8902/0.00

