sysbench 1.0.20 (using system LuaJIT 2.1.0-beta3)

Running the test with following options:
Number of threads: 1
Report intermediate results every 1 second(s)
Initializing random number generator from current time


Initializing worker threads...

Threads started!

[ 1s ] thds: 1 tps: 1014.29 qps: 3044.88 (r/w/o: 3044.88/0.00/0.00) lat (ms,95%): 1.04 err/s: 0.00 reconn/s: 0.00
[ 2s ] thds: 1 tps: 1032.24 qps: 3094.73 (r/w/o: 3094.73/0.00/0.00) lat (ms,95%): 1.04 err/s: 0.00 reconn/s: 0.00
[ 3s ] thds: 1 tps: 1021.01 qps: 3063.02 (r/w/o: 3063.02/0.00/0.00) lat (ms,95%): 1.04 err/s: 0.00 reconn/s: 0.00
[ 4s ] thds: 1 tps: 999.99 qps: 3000.98 (r/w/o: 3000.98/0.00/0.00) lat (ms,95%): 1.14 err/s: 0.00 reconn/s: 0.00
[ 5s ] thds: 1 tps: 1000.99 qps: 3002.98 (r/w/o: 3002.98/0.00/0.00) lat (ms,95%): 1.08 err/s: 0.00 reconn/s: 0.00
[ 6s ] thds: 1 tps: 1007.00 qps: 3020.01 (r/w/o: 3020.01/0.00/0.00) lat (ms,95%): 1.08 err/s: 0.00 reconn/s: 0.00
[ 7s ] thds: 1 tps: 1016.99 qps: 3050.97 (r/w/o: 3050.97/0.00/0.00) lat (ms,95%): 1.06 err/s: 0.00 reconn/s: 0.00
[ 8s ] thds: 1 tps: 1030.94 qps: 3094.83 (r/w/o: 3094.83/0.00/0.00) lat (ms,95%): 1.03 err/s: 0.00 reconn/s: 0.00
SQL statistics:
    queries performed:
        read:                            24375
        write:                           0
        other:                           0
        total:                           24375
    transactions:                        8125   (1015.47 per sec.)
    queries:                             24375  (3046.40 per sec.)
    ignored errors:                      0      (0.00 per sec.)
    reconnects:                          0      (0.00 per sec.)

General statistics:
    total time:                          8.0009s
    total number of events:              8125

Latency (ms):
         min:                                    0.90
         avg:                                    0.98
         max:                                    8.30
         95th percentile:                        1.06
         sum:                                 7991.53

Threads fairness:
    events (avg/stddev):           8125.0000/0.00
    execution time (avg/stddev):   7.9915/0.00

