sysbench 1.0.20 (using system LuaJIT 2.1.0-beta3)

Running the test with following options:
Number of threads: 4
Report intermediate results every 2 second(s)
Initializing random number generator from current time


Initializing worker threads...

Threads started!

[ 2s ] thds: 4 tps: 102.45 qps: 102.45 (r/w/o: 102.45/0.00/0.00) lat (ms,95%): 38.94 err/s: 0.00 reconn/s: 0.00
[ 4s ] thds: 4 tps: 102.52 qps: 102.52 (r/w/o: 102.52/0.00/0.00) lat (ms,95%): 41.10 err/s: 0.00 reconn/s: 0.00
[ 6s ] thds: 4 tps: 104.50 qps: 104.50 (r/w/o: 104.50/0.00/0.00) lat (ms,95%): 38.94 err/s: 0.00 reconn/s: 0.00
[ 8s ] thds: 4 tps: 103.50 qps: 103.50 (r/w/o: 103.50/0.00/0.00) lat (ms,95%): 38.94 err/s: 0.00 reconn/s: 0.00
[ 10s ] thds: 4 tps: 105.00 qps: 105.00 (r/w/o: 105.00/0.00/0.00) lat (ms,95%): 38.94 err/s: 0.00 reconn/s: 0.00
[ 12s ] thds: 4 tps: 104.00 qps: 104.00 (r/w/o: 104.00/0.00/0.00) lat (ms,95%): 38.94 err/s: 0.00 reconn/s: 0.00
[ 14s ] thds: 4 tps: 105.50 qps: 105.50 (r/w/o: 105.50/0.00/0.00) lat (ms,95%): 38.94 err/s: 0.00 reconn/s: 0.00
[ 16s ] thds: 4 tps: 102.00 qps: 102.00 (r/w/o: 102.00/0.00/0.00) lat (ms,95%): 38.94 err/s: 0.00 reconn/s: 0.00
[ 18s ] thds: 4 tps: 104.00 qps: 104.00 (r/w/o: 104.00/0.00/0.00) lat (ms,95%): 38.94 err/s: 0.00 reconn/s: 0.00
SQL statistics:
    queries performed:
        read:                            1871
        write:                           0
        other:                           0
        total:                           1871
    transactions:                        1871   (103.86 per sec.)
    queries:                             1871   (103.86 per sec.)
    ignored errors:                      0      (0.00 per sec.)
    reconnects:                          0      (0.00 per sec.)

General statistics:
    total time:                          18.0146s
    total number of events:              1871

Latency (ms):
         min:                                   30.51
         avg:                                   38.49
         max:                                   65.79
         95th percentile:                       38.94
         sum:                                72022.63

Threads fairness:
    events (avg/stddev):           467.7500/1.48
    execution time (avg/stddev):   18.0057/0.00

