sysbench 1.0.20 (using system LuaJIT 2.1.0-beta3)

Running the test with following options:
Number of threads: 4
Report intermediate results every 2 second(s)
Initializing random number generator from current time


Initializing worker threads...

Threads started!

[ 2s ] thds: 4 tps: 0.00 qps: 3634.18 (r/w/o: 0.00/906.55/2727.63) lat (ms,95%): 0.00 err/s: 0.00 reconn/s: 0.00
[ 4s ] thds: 4 tps: 0.00 qps: 3561.00 (r/w/o: 0.00/890.25/2670.75) lat (ms,95%): 0.00 err/s: 0.00 reconn/s: 0.00
[ 6s ] thds: 4 tps: 0.00 qps: 3543.89 (r/w/o: 0.00/885.97/2657.91) lat (ms,95%): 0.00 err/s: 0.00 reconn/s: 0.00
[ 8s ] thds: 4 tps: 0.00 qps: 3580.03 (r/w/o: 0.00/895.01/2685.02) lat (ms,95%): 0.00 err/s: 0.00 reconn/s: 0.00
[ 10s ] thds: 4 tps: 0.00 qps: 3572.01 (r/w/o: 0.00/893.00/2679.01) lat (ms,95%): 0.00 err/s: 0.00 reconn/s: 0.00
[ 12s ] thds: 4 tps: 0.00 qps: 3482.04 (r/w/o: 0.00/870.51/2611.53) lat (ms,95%): 0.00 err/s: 0.00 reconn/s: 0.00
[ 14s ] thds: 4 tps: 0.00 qps: 3583.90 (r/w/o: 0.00/895.98/2687.93) lat (ms,95%): 0.00 err/s: 0.00 reconn/s: 0.00
[ 16s ] thds: 4 tps: 0.00 qps: 3600.08 (r/w/o: 0.00/900.02/2700.06) lat (ms,95%): 0.00 err/s: 0.00 reconn/s: 0.00
[ 18s ] thds: 4 tps: 0.00 qps: 3512.02 (r/w/o: 0.00/878.00/2634.01) lat (ms,95%): 0.00 err/s: 0.00 reconn/s: 0.00
[ 20s ] thds: 4 tps: 0.00 qps: 3550.03 (r/w/o: 0.00/887.51/2662.53) lat (ms,95%): 0.00 err/s: 0.00 reconn/s: 0.00
[ 22s ] thds: 4 tps: 0.00 qps: 3447.83 (r/w/o: 0.00/861.96/2585.87) lat (ms,95%): 0.00 err/s: 0.00 reconn/s: 0.00
[ 24s ] thds: 4 tps: 0.00 qps: 3529.97 (r/w/o: 0.00/882.49/2647.48) lat (ms,95%): 0.00 err/s: 0.00 reconn/s: 0.00
SQL statistics:
    queries performed:
        read:                            0
        write:                           22000
        other:                           66016
        total:                           88016
    transactions:                        4      (0.16 per sec.)
    queries:                             88016  (3547.12 per sec.)
    ignored errors:                      0      (0.00 per sec.)
    reconnects:                          0      (0.00 per sec.)

General statistics:
    total time:                          24.8129s
    total number of events:              4

Latency (ms):
         min:                                24811.46
         avg:                                24811.88
         max:                                24812.22
         95th percentile:                    24994.79
         sum:                                99247.52

Threads fairness:
    events (avg/stddev):           1.0000/0.00
    execution time (avg/stddev):   24.8119/0.00

