sysbench 1.0.20 (using system LuaJIT 2.1.0-beta3)

Running the test with following options:
Number of threads: 1
Report intermediate results every 1 second(s)
Initializing random number generator from current time


Initializing worker threads...

Threads started!

[ 1s ] thds: 1 tps: 4569.88 qps: 4569.88 (r/w/o: 4569.88/0.00/0.00) lat (ms,95%): 0.24 err/s: 0.00 reconn/s: 0.00
[ 2s ] thds: 1 tps: 4588.70 qps: 4588.70 (r/w/o: 4588.70/0.00/0.00) lat (ms,95%): 0.24 err/s: 0.00 reconn/s: 0.00
[ 3s ] thds: 1 tps: 4598.38 qps: 4598.38 (r/w/o: 4598.38/0.00/0.00) lat (ms,95%): 0.24 err/s: 0.00 reconn/s: 0.00
[ 4s ] thds: 1 tps: 4545.05 qps: 4545.05 (r/w/o: 4545.05/0.00/0.00) lat (ms,95%): 0.24 err/s: 0.00 reconn/s: 0.00
[ 5s ] thds: 1 tps: 4561.85 qps: 4561.85 (r/w/o: 4561.85/0.00/0.00) lat (ms,95%): 0.24 err/s: 0.00 reconn/s: 0.00
[ 6s ] thds: 1 tps: 4611.07 qps: 4611.07 (r/w/o: 4611.07/0.00/0.00) lat (ms,95%): 0.24 err/s: 0.00 reconn/s: 0.00
[ 7s ] thds: 1 tps: 4591.26 qps: 4591.26 (r/w/o: 4591.26/0.00/0.00) lat (ms,95%): 0.24 err/s: 0.00 reconn/s: 0.00
SQL statistics:
    queries performed:
        read:                            36705
        write:                           0
        other:                           0
        total:                           36705
    transactions:                        36705  (4587.54 per sec.)
    queries:                             36705  (4587.54 per sec.)
    ignored errors:                      0      (0.00 per sec.)
    reconnects:                          0      (0.00 per sec.)

General statistics:
    total time:                          8.0007s
    total number of events:              36705

Latency (ms):
         min:                                    0.19
         avg:                                    0.22
         max:                                    7.88
         95th percentile:                        0.24
         sum:                                 7966.77

Threads fairness:
    events (avg/stddev):           36705.0000/0.00
    execution time (avg/stddev):   7.9668/0.00

