sysbench 1.0.20 (using system LuaJIT 2.1.0-beta3)

Running the test with following options:
Number of threads: 4
Report intermediate results every 2 second(s)
Initializing random number generator from current time


Initializing worker threads...

Threads started!

[ 2s ] thds: 4 tps: 11778.02 qps: 11778.02 (r/w/o: 11778.02/0.00/0.00) lat (ms,95%): 0.48 err/s: 0.00 reconn/s: 0.00
[ 4s ] thds: 4 tps: 11896.25 qps: 11896.25 (r/w/o: 11896.25/0.00/0.00) lat (ms,95%): 0.47 err/s: 0.00 reconn/s: 0.00
[ 6s ] thds: 4 tps: 11890.10 qps: 11890.10 (r/w/o: 11890.10/0.00/0.00) lat (ms,95%): 0.48 err/s: 0.00 reconn/s: 0.00
[ 8s ] thds: 4 tps: 11862.12 qps: 11862.12 (r/w/o: 11862.12/0.00/0.00) lat (ms,95%): 0.48 err/s: 0.00 reconn/s: 0.00
[ 10s ] thds: 4 tps: 11718.45 qps: 11718.45 (r/w/o: 11718.45/0.00/0.00) lat (ms,95%): 0.50 err/s: 0.00 reconn/s: 0.00
[ 12s ] thds: 4 tps: 11881.16 qps: 11881.16 (r/w/o: 11881.16/0.00/0.00) lat (ms,95%): 0.48 err/s: 0.00 reconn/s: 0.00
[ 14s ] thds: 4 tps: 12204.92 qps: 12204.92 (r/w/o: 12204.92/0.00/0.00) lat (ms,95%): 0.46 err/s: 0.00 reconn/s: 0.00
[ 16s ] thds: 4 tps: 11996.45 qps: 11996.45 (r/w/o: 11996.45/0.00/0.00) lat (ms,95%): 0.47 err/s: 0.00 reconn/s: 0.00
[ 18s ] thds: 4 tps: 11887.54 qps: 11887.54 (r/w/o: 11887.54/0.00/0.00) lat (ms,95%): 0.48 err/s: 0.00 reconn/s: 0.00
SQL statistics:
    queries performed:
        read:                            214241
        write:                           0
        other:                           0
        total:                           214241
    transactions:                        214241 (11901.34 per sec.)
    queries:                             214241 (11901.34 per sec.)
    ignored errors:                      0      (0.00 per sec.)
    reconnects:                          0      (0.00 per sec.)

General statistics:
    total time:                          18.0010s
    total number of events:              214241

Latency (ms):
         min:                                    0.18
         avg:                                    0.33
         max:                                   18.72
         95th percentile:                        0.48
         sum:                                71759.76

Threads fairness:
    events (avg/stddev):           53560.2500/78.55
    execution time (avg/stddev):   17.9399/0.00

