sysbench 1.0.20 (using system LuaJIT 2.1.0-beta3)

Running the test with following options:
Number of threads: 4
Report intermediate results every 2 second(s)
Initializing random number generator from current time


Initializing worker threads...

Threads started!

[ 2s ] thds: 4 tps: 572.27 qps: 1718.80 (r/w/o: 1718.80/0.00/0.00) lat (ms,95%): 8.43 err/s: 0.00 reconn/s: 0.00
[ 4s ] thds: 4 tps: 577.59 qps: 1733.76 (r/w/o: 1733.76/0.00/0.00) lat (ms,95%): 8.43 err/s: 0.00 reconn/s: 0.00
[ 6s ] thds: 4 tps: 581.48 qps: 1743.44 (r/w/o: 1743.44/0.00/0.00) lat (ms,95%): 8.28 err/s: 0.00 reconn/s: 0.00
[ 8s ] thds: 4 tps: 582.01 qps: 1746.03 (r/w/o: 1746.03/0.00/0.00) lat (ms,95%): 8.13 err/s: 0.00 reconn/s: 0.00
[ 10s ] thds: 4 tps: 575.50 qps: 1727.01 (r/w/o: 1727.01/0.00/0.00) lat (ms,95%): 8.28 err/s: 0.00 reconn/s: 0.00
[ 12s ] thds: 4 tps: 582.01 qps: 1746.03 (r/w/o: 1746.03/0.00/0.00) lat (ms,95%): 8.13 err/s: 0.00 reconn/s: 0.00
[ 14s ] thds: 4 tps: 582.98 qps: 1748.44 (r/w/o: 1748.44/0.00/0.00) lat (ms,95%): 8.13 err/s: 0.00 reconn/s: 0.00
[ 16s ] thds: 4 tps: 578.00 qps: 1734.49 (r/w/o: 1734.49/0.00/0.00) lat (ms,95%): 8.43 err/s: 0.00 reconn/s: 0.00
[ 18s ] thds: 4 tps: 572.01 qps: 1715.54 (r/w/o: 1715.54/0.00/0.00) lat (ms,95%): 8.43 err/s: 0.00 reconn/s: 0.00
SQL statistics:
    queries performed:
        read:                            31233
        write:                           0
        other:                           0
        total:                           31233
    transactions:                        10411  (578.25 per sec.)
    queries:                             31233  (1734.75 per sec.)
    ignored errors:                      0      (0.00 per sec.)
    reconnects:                          0      (0.00 per sec.)

General statistics:
    total time:                          18.0039s
    total number of events:              10411

Latency (ms):
         min:                                    3.35
         avg:                                    6.92
         max:                                   24.17
         95th percentile:                        8.28
         sum:                                71993.72

Threads fairness:
    events (avg/stddev):           2602.7500/9.52
    execution time (avg/stddev):   17.9984/0.00

