sysbench 1.0.20 (using system LuaJIT 2.1.0-beta3)

Running the test with following options:
Number of threads: 1
Report intermediate results every 1 second(s)
Initializing random number generator from current time


Initializing worker threads...

Threads started!

[ 1s ] thds: 1 tps: 0.00 qps: 847.21 (r/w/o: 0.00/843.22/4.00) lat (ms,95%): 0.00 err/s: 0.00 reconn/s: 0.00
[ 2s ] thds: 1 tps: 0.00 qps: 812.36 (r/w/o: 0.00/812.36/0.00) lat (ms,95%): 0.00 err/s: 0.00 reconn/s: 0.00
[ 3s ] thds: 1 tps: 0.00 qps: 864.02 (r/w/o: 0.00/864.02/0.00) lat (ms,95%): 0.00 err/s: 0.00 reconn/s: 0.00
[ 4s ] thds: 1 tps: 1.00 qps: 750.99 (r/w/o: 0.00/748.99/2.00) lat (ms,95%): 3386.99 err/s: 0.00 reconn/s: 0.00
[ 5s ] thds: 1 tps: 0.00 qps: 901.98 (r/w/o: 0.00/901.98/0.00) lat (ms,95%): 0.00 err/s: 0.00 reconn/s: 0.00
[ 6s ] thds: 1 tps: 0.00 qps: 827.01 (r/w/o: 0.00/827.01/0.00) lat (ms,95%): 0.00 err/s: 0.00 reconn/s: 0.00
[ 7s ] thds: 1 tps: 1.00 qps: 813.01 (r/w/o: 0.00/811.01/2.00) lat (ms,95%): 3326.55 err/s: 0.00 reconn/s: 0.00
[ 8s ] thds: 1 tps: 0.00 qps: 844.02 (r/w/o: 0.00/844.02/0.00) lat (ms,95%): 0.00 err/s: 0.00 reconn/s: 0.00
[ 9s ] thds: 1 tps: 0.00 qps: 811.99 (r/w/o: 0.00/811.99/0.00) lat (ms,95%): 0.00 err/s: 0.00 reconn/s: 0.00
[ 10s ] thds: 1 tps: 0.00 qps: 848.94 (r/w/o: 0.00/848.94/0.00) lat (ms,95%): 0.00 err/s: 0.00 reconn/s: 0.00
SQL statistics:
    queries performed:
        read:                            0
        write:                           8404
        other:                           8
        total:                           8412
    transactions:                        3      (0.30 per sec.)
    queries:                             8412   (832.96 per sec.)
    ignored errors:                      0      (0.00 per sec.)
    reconnects:                          0      (0.00 per sec.)

General statistics:
    total time:                          10.0986s
    total number of events:              3

Latency (ms):
         min:                                 3321.21
         avg:                                 3366.00
         max:                                 3397.15
         95th percentile:                     3386.99
         sum:                                10098.00

Threads fairness:
    events (avg/stddev):           3.0000/0.00
    execution time (avg/stddev):   10.0980/0.00

