sysbench 1.0.20 (using system LuaJIT 2.1.0-beta3)

Running the test with following options:
Number of threads: 4
Report intermediate results every 2 second(s)
Initializing random number generator from current time


Initializing worker threads...

Threads started!

[ 2s ] thds: 4 tps: 8411.68 qps: 8411.68 (r/w/o: 8411.68/0.00/0.00) lat (ms,95%): 0.65 err/s: 0.00 reconn/s: 0.00
[ 4s ] thds: 4 tps: 8482.81 qps: 8483.31 (r/w/o: 8483.31/0.00/0.00) lat (ms,95%): 0.65 err/s: 0.00 reconn/s: 0.00
[ 6s ] thds: 4 tps: 8405.49 qps: 8404.99 (r/w/o: 8404.99/0.00/0.00) lat (ms,95%): 0.67 err/s: 0.00 reconn/s: 0.00
[ 8s ] thds: 4 tps: 8476.95 qps: 8476.95 (r/w/o: 8476.95/0.00/0.00) lat (ms,95%): 0.64 err/s: 0.00 reconn/s: 0.00
[ 10s ] thds: 4 tps: 8517.11 qps: 8517.11 (r/w/o: 8517.11/0.00/0.00) lat (ms,95%): 0.65 err/s: 0.00 reconn/s: 0.00
[ 12s ] thds: 4 tps: 8485.46 qps: 8485.46 (r/w/o: 8485.46/0.00/0.00) lat (ms,95%): 0.65 err/s: 0.00 reconn/s: 0.00
[ 14s ] thds: 4 tps: 8496.50 qps: 8497.00 (r/w/o: 8497.00/0.00/0.00) lat (ms,95%): 0.65 err/s: 0.00 reconn/s: 0.00
[ 16s ] thds: 4 tps: 8530.09 qps: 8529.59 (r/w/o: 8529.59/0.00/0.00) lat (ms,95%): 0.64 err/s: 0.00 reconn/s: 0.00
[ 18s ] thds: 4 tps: 8509.35 qps: 8509.35 (r/w/o: 8509.35/0.00/0.00) lat (ms,95%): 0.64 err/s: 0.00 reconn/s: 0.00
SQL statistics:
    queries performed:
        read:                            152640
        write:                           0
        other:                           0
        total:                           152640
    transactions:                        152640 (8479.28 per sec.)
    queries:                             152640 (8479.28 per sec.)
    ignored errors:                      0      (0.00 per sec.)
    reconnects:                          0      (0.00 per sec.)

General statistics:
    total time:                          18.0011s
    total number of events:              152640

Latency (ms):
         min:                                    0.25
         avg:                                    0.47
         max:                                   19.14
         95th percentile:                        0.65
         sum:                                71818.17

Threads fairness:
    events (avg/stddev):           38160.0000/62.16
    execution time (avg/stddev):   17.9545/0.00

