sysbench 1.0.20 (using system LuaJIT 2.1.0-beta3)

Running the test with following options:
Number of threads: 4
Report intermediate results every 2 second(s)
Initializing random number generator from current time


Initializing worker threads...

Threads started!

[ 2s ] thds: 4 tps: 4.00 qps: 5509.29 (r/w/o: 0.00/1374.82/4134.47) lat (ms,95%): 733.00 err/s: 0.00 reconn/s: 0.00
[ 4s ] thds: 4 tps: 6.00 qps: 5575.12 (r/w/o: 0.00/1390.78/4184.34) lat (ms,95%): 733.00 err/s: 0.00 reconn/s: 0.00
[ 6s ] thds: 4 tps: 6.00 qps: 5411.55 (r/w/o: 0.00/1350.01/4061.54) lat (ms,95%): 746.32 err/s: 0.00 reconn/s: 0.00
[ 8s ] thds: 4 tps: 4.00 qps: 5514.47 (r/w/o: 0.00/1376.49/4137.98) lat (ms,95%): 733.00 err/s: 0.00 reconn/s: 0.00
[ 10s ] thds: 4 tps: 6.00 qps: 5416.22 (r/w/o: 0.00/1351.05/4065.16) lat (ms,95%): 746.32 err/s: 0.00 reconn/s: 0.00
[ 12s ] thds: 4 tps: 6.00 qps: 5353.84 (r/w/o: 0.00/1335.46/4018.38) lat (ms,95%): 759.88 err/s: 0.00 reconn/s: 0.00
[ 14s ] thds: 4 tps: 4.00 qps: 5200.10 (r/w/o: 0.00/1298.02/3902.07) lat (ms,95%): 816.63 err/s: 0.00 reconn/s: 0.00
[ 16s ] thds: 4 tps: 6.00 qps: 5295.89 (r/w/o: 0.00/1320.97/3974.92) lat (ms,95%): 759.88 err/s: 0.00 reconn/s: 0.00
[ 18s ] thds: 4 tps: 6.00 qps: 5499.96 (r/w/o: 0.00/1371.99/4127.97) lat (ms,95%): 773.68 err/s: 0.00 reconn/s: 0.00
SQL statistics:
    queries performed:
        read:                            0
        write:                           25026
        other:                           75274
        total:                           100300
    transactions:                        100    (5.42 per sec.)
    queries:                             100300 (5434.59 per sec.)
    ignored errors:                      0      (0.00 per sec.)
    reconnects:                          0      (0.00 per sec.)

General statistics:
    total time:                          18.4555s
    total number of events:              100

Latency (ms):
         min:                                  665.10
         avg:                                  738.18
         max:                                  813.31
         95th percentile:                      773.68
         sum:                                73817.91

Threads fairness:
    events (avg/stddev):           25.0000/0.00
    execution time (avg/stddev):   18.4545/0.00

