sysbench 1.0.20 (using system LuaJIT 2.1.0-beta3)

Running the test with following options:
Number of threads: 1
Report intermediate results every 1 second(s)
Initializing random number generator from current time


Initializing worker threads...

Threads started!

[ 1s ] thds: 1 tps: 2.00 qps: 1743.29 (r/w/o: 0.00/1736.30/6.99) lat (ms,95%): 475.79 err/s: 0.00 reconn/s: 0.00
[ 2s ] thds: 1 tps: 2.00 qps: 1812.95 (r/w/o: 0.00/1808.94/4.00) lat (ms,95%): 442.73 err/s: 0.00 reconn/s: 0.00
[ 3s ] thds: 1 tps: 2.00 qps: 1799.95 (r/w/o: 0.00/1795.95/4.00) lat (ms,95%): 450.77 err/s: 0.00 reconn/s: 0.00
[ 4s ] thds: 1 tps: 2.00 qps: 1794.01 (r/w/o: 0.00/1790.01/4.00) lat (ms,95%): 450.77 err/s: 0.00 reconn/s: 0.00
[ 5s ] thds: 1 tps: 3.00 qps: 1794.00 (r/w/o: 0.00/1788.00/6.00) lat (ms,95%): 450.77 err/s: 0.00 reconn/s: 0.00
[ 6s ] thds: 1 tps: 2.00 qps: 1812.87 (r/w/o: 0.00/1808.87/4.00) lat (ms,95%): 442.73 err/s: 0.00 reconn/s: 0.00
[ 7s ] thds: 1 tps: 2.00 qps: 1793.17 (r/w/o: 0.00/1789.17/4.00) lat (ms,95%): 450.77 err/s: 0.00 reconn/s: 0.00
[ 8s ] thds: 1 tps: 2.00 qps: 1756.00 (r/w/o: 0.00/1752.00/4.00) lat (ms,95%): 442.73 err/s: 0.00 reconn/s: 0.00
SQL statistics:
    queries performed:
        read:                            0
        write:                           14417
        other:                           37
        total:                           14454
    transactions:                        18     (2.23 per sec.)
    queries:                             14454  (1788.24 per sec.)
    ignored errors:                      0      (0.00 per sec.)
    reconnects:                          0      (0.00 per sec.)

General statistics:
    total time:                          8.0825s
    total number of events:              18

Latency (ms):
         min:                                  433.15
         avg:                                  448.98
         max:                                  478.73
         95th percentile:                      475.79
         sum:                                 8081.69

Threads fairness:
    events (avg/stddev):           18.0000/0.00
    execution time (avg/stddev):   8.0817/0.00

