sysbench 1.0.20 (using system LuaJIT 2.1.0-beta3)

Running the test with following options:
Number of threads: 4
Report intermediate results every 2 second(s)
Initializing random number generator from current time


Initializing worker threads...

Threads started!

[ 2s ] thds: 4 tps: 6.00 qps: 6182.31 (r/w/o: 0.00/1542.20/4640.10) lat (ms,95%): 657.93 err/s: 0.00 reconn/s: 0.00
[ 4s ] thds: 4 tps: 6.00 qps: 6149.97 (r/w/o: 0.00/1534.37/4615.60) lat (ms,95%): 669.89 err/s: 0.00 reconn/s: 0.00
[ 6s ] thds: 4 tps: 6.00 qps: 6093.98 (r/w/o: 0.00/1520.50/4573.49) lat (ms,95%): 669.89 err/s: 0.00 reconn/s: 0.00
[ 8s ] thds: 4 tps: 6.00 qps: 6155.98 (r/w/o: 0.00/1536.00/4619.99) lat (ms,95%): 669.89 err/s: 0.00 reconn/s: 0.00
[ 10s ] thds: 4 tps: 6.00 qps: 6320.06 (r/w/o: 0.00/1577.02/4743.05) lat (ms,95%): 634.66 err/s: 0.00 reconn/s: 0.00
[ 12s ] thds: 4 tps: 6.00 qps: 6141.85 (r/w/o: 0.00/1532.46/4609.39) lat (ms,95%): 657.93 err/s: 0.00 reconn/s: 0.00
[ 14s ] thds: 4 tps: 6.00 qps: 6084.14 (r/w/o: 0.00/1518.04/4566.11) lat (ms,95%): 694.45 err/s: 0.00 reconn/s: 0.00
[ 16s ] thds: 4 tps: 6.00 qps: 6028.15 (r/w/o: 0.00/1504.04/4524.11) lat (ms,95%): 669.89 err/s: 0.00 reconn/s: 0.00
[ 18s ] thds: 4 tps: 6.00 qps: 6270.38 (r/w/o: 0.00/1564.97/4705.41) lat (ms,95%): 657.93 err/s: 0.00 reconn/s: 0.00
SQL statistics:
    queries performed:
        read:                            0
        write:                           28029
        other:                           84307
        total:                           112336
    transactions:                        112    (6.14 per sec.)
    queries:                             112336 (6160.27 per sec.)
    ignored errors:                      0      (0.00 per sec.)
    reconnects:                          0      (0.00 per sec.)

General statistics:
    total time:                          18.2352s
    total number of events:              112

Latency (ms):
         min:                                  631.53
         avg:                                  651.22
         max:                                  696.31
         95th percentile:                      669.89
         sum:                                72936.66

Threads fairness:
    events (avg/stddev):           28.0000/0.00
    execution time (avg/stddev):   18.2342/0.00

