sysbench 1.0.20 (using system LuaJIT 2.1.0-beta3)

Running the test with following options:
Number of threads: 4
Report intermediate results every 2 second(s)
Initializing random number generator from current time


Initializing worker threads...

Threads started!

[ 2s ] thds: 4 tps: 11684.34 qps: 11684.34 (r/w/o: 11684.34/0.00/0.00) lat (ms,95%): 0.48 err/s: 0.00 reconn/s: 0.00
[ 4s ] thds: 4 tps: 11995.39 qps: 11995.39 (r/w/o: 11995.39/0.00/0.00) lat (ms,95%): 0.47 err/s: 0.00 reconn/s: 0.00
[ 6s ] thds: 4 tps: 11878.48 qps: 11878.98 (r/w/o: 11878.98/0.00/0.00) lat (ms,95%): 0.48 err/s: 0.00 reconn/s: 0.00
[ 8s ] thds: 4 tps: 11889.07 qps: 11888.57 (r/w/o: 11888.57/0.00/0.00) lat (ms,95%): 0.48 err/s: 0.00 reconn/s: 0.00
[ 10s ] thds: 4 tps: 11967.48 qps: 11967.48 (r/w/o: 11967.48/0.00/0.00) lat (ms,95%): 0.47 err/s: 0.00 reconn/s: 0.00
[ 12s ] thds: 4 tps: 11936.50 qps: 11936.50 (r/w/o: 11936.50/0.00/0.00) lat (ms,95%): 0.47 err/s: 0.00 reconn/s: 0.00
[ 14s ] thds: 4 tps: 11959.58 qps: 11959.58 (r/w/o: 11959.58/0.00/0.00) lat (ms,95%): 0.47 err/s: 0.00 reconn/s: 0.00
[ 16s ] thds: 4 tps: 11821.43 qps: 11821.43 (r/w/o: 11821.43/0.00/0.00) lat (ms,95%): 0.48 err/s: 0.00 reconn/s: 0.00
[ 18s ] thds: 4 tps: 11882.22 qps: 11882.22 (r/w/o: 11882.22/0.00/0.00) lat (ms,95%): 0.47 err/s: 0.00 reconn/s: 0.00
SQL statistics:
    queries performed:
        read:                            214038
        write:                           0
        other:                           0
        total:                           214038
    transactions:                        214038 (11890.10 per sec.)
    queries:                             214038 (11890.10 per sec.)
    ignored errors:                      0      (0.00 per sec.)
    reconnects:                          0      (0.00 per sec.)

General statistics:
    total time:                          18.0010s
    total number of events:              214038

Latency (ms):
         min:                                    0.18
         avg:                                    0.34
         max:                                   17.64
         95th percentile:                        0.48
         sum:                                71762.18

Threads fairness:
    events (avg/stddev):           53509.5000/134.87
    execution time (avg/stddev):   17.9405/0.00

