sysbench 1.0.20 (using system LuaJIT 2.1.0-beta3)

Running the test with following options:
Number of threads: 1
Report intermediate results every 1 second(s)
Initializing random number generator from current time


Initializing worker threads...

Threads started!

[ 1s ] thds: 1 tps: 166.85 qps: 500.55 (r/w/o: 500.55/0.00/0.00) lat (ms,95%): 6.21 err/s: 0.00 reconn/s: 0.00
[ 2s ] thds: 1 tps: 158.06 qps: 474.17 (r/w/o: 474.17/0.00/0.00) lat (ms,95%): 9.06 err/s: 0.00 reconn/s: 0.00
[ 3s ] thds: 1 tps: 169.00 qps: 509.00 (r/w/o: 509.00/0.00/0.00) lat (ms,95%): 6.09 err/s: 0.00 reconn/s: 0.00
[ 4s ] thds: 1 tps: 162.00 qps: 486.00 (r/w/o: 486.00/0.00/0.00) lat (ms,95%): 8.74 err/s: 0.00 reconn/s: 0.00
[ 5s ] thds: 1 tps: 158.00 qps: 474.00 (r/w/o: 474.00/0.00/0.00) lat (ms,95%): 10.27 err/s: 0.00 reconn/s: 0.00
[ 6s ] thds: 1 tps: 169.00 qps: 504.99 (r/w/o: 504.99/0.00/0.00) lat (ms,95%): 6.09 err/s: 0.00 reconn/s: 0.00
[ 7s ] thds: 1 tps: 170.00 qps: 510.01 (r/w/o: 510.01/0.00/0.00) lat (ms,95%): 5.99 err/s: 0.00 reconn/s: 0.00
[ 8s ] thds: 1 tps: 169.00 qps: 509.00 (r/w/o: 509.00/0.00/0.00) lat (ms,95%): 5.99 err/s: 0.00 reconn/s: 0.00
SQL statistics:
    queries performed:
        read:                            3969
        write:                           0
        other:                           0
        total:                           3969
    transactions:                        1323   (165.34 per sec.)
    queries:                             3969   (496.02 per sec.)
    ignored errors:                      0      (0.00 per sec.)
    reconnects:                          0      (0.00 per sec.)

General statistics:
    total time:                          8.0013s
    total number of events:              1323

Latency (ms):
         min:                                    5.72
         avg:                                    6.05
         max:                                   13.65
         95th percentile:                        7.43
         sum:                                 7998.77

Threads fairness:
    events (avg/stddev):           1323.0000/0.00
    execution time (avg/stddev):   7.9988/0.00

