sysbench 1.0.20 (using system LuaJIT 2.1.0-beta3)

Running the test with following options:
Number of threads: 1
Report intermediate results every 1 second(s)
Initializing random number generator from current time


Initializing worker threads...

Threads started!

[ 1s ] thds: 1 tps: 0.00 qps: 1278.48 (r/w/o: 0.00/1275.49/3.00) lat (ms,95%): 0.00 err/s: 0.00 reconn/s: 0.00
[ 2s ] thds: 1 tps: 0.00 qps: 1309.78 (r/w/o: 0.00/1309.78/0.00) lat (ms,95%): 0.00 err/s: 0.00 reconn/s: 0.00
[ 3s ] thds: 1 tps: 0.00 qps: 1260.04 (r/w/o: 0.00/1260.04/0.00) lat (ms,95%): 0.00 err/s: 0.00 reconn/s: 0.00
[ 4s ] thds: 1 tps: 1.00 qps: 1216.04 (r/w/o: 0.00/1214.04/2.00) lat (ms,95%): 3095.38 err/s: 0.00 reconn/s: 0.00
[ 5s ] thds: 1 tps: 0.00 qps: 1293.99 (r/w/o: 0.00/1293.99/0.00) lat (ms,95%): 0.00 err/s: 0.00 reconn/s: 0.00
[ 6s ] thds: 1 tps: 0.00 qps: 1287.00 (r/w/o: 0.00/1287.00/0.00) lat (ms,95%): 0.00 err/s: 0.00 reconn/s: 0.00
[ 7s ] thds: 1 tps: 1.00 qps: 1214.96 (r/w/o: 0.00/1212.96/2.00) lat (ms,95%): 3151.62 err/s: 0.00 reconn/s: 0.00
[ 8s ] thds: 1 tps: 0.00 qps: 1275.02 (r/w/o: 0.00/1275.02/0.00) lat (ms,95%): 0.00 err/s: 0.00 reconn/s: 0.00
[ 9s ] thds: 1 tps: 0.00 qps: 1276.05 (r/w/o: 0.00/1276.05/0.00) lat (ms,95%): 0.00 err/s: 0.00 reconn/s: 0.00
SQL statistics:
    queries performed:
        read:                            0
        write:                           12002
        other:                           7
        total:                           12009
    transactions:                        3      (0.32 per sec.)
    queries:                             12009  (1269.91 per sec.)
    ignored errors:                      0      (0.00 per sec.)
    reconnects:                          0      (0.00 per sec.)

General statistics:
    total time:                          9.4562s
    total number of events:              3

Latency (ms):
         min:                                 3114.84
         avg:                                 3151.85
         max:                                 3174.40
         95th percentile:                     3151.62
         sum:                                 9455.55

Threads fairness:
    events (avg/stddev):           3.0000/0.00
    execution time (avg/stddev):   9.4555/0.00

