sysbench 1.0.20 (using system LuaJIT 2.1.0-beta3)

Running the test with following options:
Number of threads: 4
Report intermediate results every 2 second(s)
Initializing random number generator from current time


Initializing worker threads...

Threads started!

[ 2s ] thds: 4 tps: 0.00 qps: 3702.09 (r/w/o: 0.00/923.52/2778.57) lat (ms,95%): 0.00 err/s: 0.00 reconn/s: 0.00
[ 4s ] thds: 4 tps: 0.00 qps: 3950.96 (r/w/o: 0.00/987.74/2963.22) lat (ms,95%): 0.00 err/s: 0.00 reconn/s: 0.00
[ 6s ] thds: 4 tps: 0.00 qps: 3776.08 (r/w/o: 0.00/944.02/2832.06) lat (ms,95%): 0.00 err/s: 0.00 reconn/s: 0.00
[ 8s ] thds: 4 tps: 0.00 qps: 3636.05 (r/w/o: 0.00/909.01/2727.04) lat (ms,95%): 0.00 err/s: 0.00 reconn/s: 0.00
[ 10s ] thds: 4 tps: 0.00 qps: 3507.80 (r/w/o: 0.00/876.95/2630.85) lat (ms,95%): 0.00 err/s: 0.00 reconn/s: 0.00
[ 12s ] thds: 4 tps: 0.00 qps: 3398.09 (r/w/o: 0.00/849.52/2548.57) lat (ms,95%): 0.00 err/s: 0.00 reconn/s: 0.00
[ 14s ] thds: 4 tps: 0.00 qps: 3359.90 (r/w/o: 0.00/839.98/2519.93) lat (ms,95%): 0.00 err/s: 0.00 reconn/s: 0.00
[ 16s ] thds: 4 tps: 0.00 qps: 3465.99 (r/w/o: 0.00/866.50/2599.49) lat (ms,95%): 0.00 err/s: 0.00 reconn/s: 0.00
[ 18s ] thds: 4 tps: 0.00 qps: 3452.12 (r/w/o: 0.00/863.03/2589.09) lat (ms,95%): 0.00 err/s: 0.00 reconn/s: 0.00
[ 20s ] thds: 4 tps: 0.00 qps: 3363.42 (r/w/o: 0.00/840.48/2522.94) lat (ms,95%): 0.00 err/s: 0.00 reconn/s: 0.00
[ 22s ] thds: 4 tps: 0.00 qps: 3390.56 (r/w/o: 0.00/848.02/2542.55) lat (ms,95%): 0.00 err/s: 0.00 reconn/s: 0.00
[ 24s ] thds: 4 tps: 0.00 qps: 3462.04 (r/w/o: 0.00/865.51/2596.53) lat (ms,95%): 0.00 err/s: 0.00 reconn/s: 0.00
SQL statistics:
    queries performed:
        read:                            0
        write:                           22000
        other:                           66016
        total:                           88016
    transactions:                        4      (0.16 per sec.)
    queries:                             88016  (3532.79 per sec.)
    ignored errors:                      0      (0.00 per sec.)
    reconnects:                          0      (0.00 per sec.)

General statistics:
    total time:                          24.9137s
    total number of events:              4

Latency (ms):
         min:                                24912.74
         avg:                                24912.76
         max:                                24912.79
         95th percentile:                    24994.79
         sum:                                99651.05

Threads fairness:
    events (avg/stddev):           1.0000/0.00
    execution time (avg/stddev):   24.9128/0.00

