sysbench 1.0.20 (using system LuaJIT 2.1.0-beta3)

Running the test with following options:
Number of threads: 4
Report intermediate results every 2 second(s)
Initializing random number generator from current time


Initializing worker threads...

Threads started!

[ 2s ] thds: 4 tps: 8294.63 qps: 8294.63 (r/w/o: 8294.63/0.00/0.00) lat (ms,95%): 0.67 err/s: 0.00 reconn/s: 0.00
[ 4s ] thds: 4 tps: 8374.76 qps: 8374.76 (r/w/o: 8374.76/0.00/0.00) lat (ms,95%): 0.67 err/s: 0.00 reconn/s: 0.00
[ 6s ] thds: 4 tps: 8360.11 qps: 8360.11 (r/w/o: 8360.11/0.00/0.00) lat (ms,95%): 0.67 err/s: 0.00 reconn/s: 0.00
[ 8s ] thds: 4 tps: 8394.15 qps: 8394.15 (r/w/o: 8394.15/0.00/0.00) lat (ms,95%): 0.65 err/s: 0.00 reconn/s: 0.00
[ 10s ] thds: 4 tps: 8419.34 qps: 8419.34 (r/w/o: 8419.34/0.00/0.00) lat (ms,95%): 0.65 err/s: 0.00 reconn/s: 0.00
[ 12s ] thds: 4 tps: 8399.99 qps: 8400.49 (r/w/o: 8400.49/0.00/0.00) lat (ms,95%): 0.67 err/s: 0.00 reconn/s: 0.00
[ 14s ] thds: 4 tps: 8398.15 qps: 8397.65 (r/w/o: 8397.65/0.00/0.00) lat (ms,95%): 0.65 err/s: 0.00 reconn/s: 0.00
[ 16s ] thds: 4 tps: 8308.38 qps: 8308.38 (r/w/o: 8308.38/0.00/0.00) lat (ms,95%): 0.68 err/s: 0.00 reconn/s: 0.00
[ 18s ] thds: 4 tps: 8382.48 qps: 8382.48 (r/w/o: 8382.48/0.00/0.00) lat (ms,95%): 0.67 err/s: 0.00 reconn/s: 0.00
SQL statistics:
    queries performed:
        read:                            150672
        write:                           0
        other:                           0
        total:                           150672
    transactions:                        150672 (8369.97 per sec.)
    queries:                             150672 (8369.97 per sec.)
    ignored errors:                      0      (0.00 per sec.)
    reconnects:                          0      (0.00 per sec.)

General statistics:
    total time:                          18.0011s
    total number of events:              150672

Latency (ms):
         min:                                    0.25
         avg:                                    0.48
         max:                                   18.97
         95th percentile:                        0.67
         sum:                                71826.68

Threads fairness:
    events (avg/stddev):           37668.0000/31.08
    execution time (avg/stddev):   17.9567/0.00

