sysbench 1.0.20 (using system LuaJIT 2.1.0-beta3)

Running the test with following options:
Number of threads: 4
Report intermediate results every 2 second(s)
Initializing random number generator from current time


Initializing worker threads...

Threads started!

[ 2s ] thds: 4 tps: 2906.67 qps: 2906.67 (r/w/o: 2906.67/0.00/0.00) lat (ms,95%): 1.79 err/s: 0.00 reconn/s: 0.00
[ 4s ] thds: 4 tps: 2945.47 qps: 2945.47 (r/w/o: 2945.47/0.00/0.00) lat (ms,95%): 1.79 err/s: 0.00 reconn/s: 0.00
[ 6s ] thds: 4 tps: 2943.50 qps: 2943.50 (r/w/o: 2943.50/0.00/0.00) lat (ms,95%): 1.79 err/s: 0.00 reconn/s: 0.00
[ 8s ] thds: 4 tps: 2950.00 qps: 2950.00 (r/w/o: 2950.00/0.00/0.00) lat (ms,95%): 1.76 err/s: 0.00 reconn/s: 0.00
[ 10s ] thds: 4 tps: 2937.01 qps: 2937.01 (r/w/o: 2937.01/0.00/0.00) lat (ms,95%): 1.79 err/s: 0.00 reconn/s: 0.00
[ 12s ] thds: 4 tps: 2932.02 qps: 2932.02 (r/w/o: 2932.02/0.00/0.00) lat (ms,95%): 1.82 err/s: 0.00 reconn/s: 0.00
[ 14s ] thds: 4 tps: 2937.87 qps: 2937.87 (r/w/o: 2937.87/0.00/0.00) lat (ms,95%): 1.79 err/s: 0.00 reconn/s: 0.00
[ 16s ] thds: 4 tps: 2942.04 qps: 2942.04 (r/w/o: 2942.04/0.00/0.00) lat (ms,95%): 1.79 err/s: 0.00 reconn/s: 0.00
[ 18s ] thds: 4 tps: 2930.57 qps: 2930.57 (r/w/o: 2930.57/0.00/0.00) lat (ms,95%): 1.79 err/s: 0.00 reconn/s: 0.00
SQL statistics:
    queries performed:
        read:                            52856
        write:                           0
        other:                           0
        total:                           52856
    transactions:                        52856  (2936.03 per sec.)
    queries:                             52856  (2936.03 per sec.)
    ignored errors:                      0      (0.00 per sec.)
    reconnects:                          0      (0.00 per sec.)

General statistics:
    total time:                          18.0021s
    total number of events:              52856

Latency (ms):
         min:                                    0.65
         avg:                                    1.36
         max:                                   19.04
         95th percentile:                        1.79
         sum:                                71927.55

Threads fairness:
    events (avg/stddev):           13214.0000/47.00
    execution time (avg/stddev):   17.9819/0.00

