sysbench 1.0.20 (using system LuaJIT 2.1.0-beta3)

Running the test with following options:
Number of threads: 4
Report intermediate results every 2 second(s)
Initializing random number generator from current time


Initializing worker threads...

Threads started!

[ 2s ] thds: 4 tps: 10399.35 qps: 10399.35 (r/w/o: 10399.35/0.00/0.00) lat (ms,95%): 0.54 err/s: 0.00 reconn/s: 0.00
[ 4s ] thds: 4 tps: 10550.78 qps: 10550.78 (r/w/o: 10550.78/0.00/0.00) lat (ms,95%): 0.54 err/s: 0.00 reconn/s: 0.00
[ 6s ] thds: 4 tps: 10663.05 qps: 10663.05 (r/w/o: 10663.05/0.00/0.00) lat (ms,95%): 0.52 err/s: 0.00 reconn/s: 0.00
[ 8s ] thds: 4 tps: 10535.51 qps: 10535.51 (r/w/o: 10535.51/0.00/0.00) lat (ms,95%): 0.53 err/s: 0.00 reconn/s: 0.00
[ 10s ] thds: 4 tps: 10589.95 qps: 10589.95 (r/w/o: 10589.95/0.00/0.00) lat (ms,95%): 0.53 err/s: 0.00 reconn/s: 0.00
[ 12s ] thds: 4 tps: 10469.05 qps: 10469.05 (r/w/o: 10469.05/0.00/0.00) lat (ms,95%): 0.54 err/s: 0.00 reconn/s: 0.00
[ 14s ] thds: 4 tps: 10411.46 qps: 10411.46 (r/w/o: 10411.46/0.00/0.00) lat (ms,95%): 0.54 err/s: 0.00 reconn/s: 0.00
[ 16s ] thds: 4 tps: 10502.00 qps: 10502.00 (r/w/o: 10502.00/0.00/0.00) lat (ms,95%): 0.54 err/s: 0.00 reconn/s: 0.00
[ 18s ] thds: 4 tps: 10509.98 qps: 10509.98 (r/w/o: 10509.98/0.00/0.00) lat (ms,95%): 0.54 err/s: 0.00 reconn/s: 0.00
SQL statistics:
    queries performed:
        read:                            189271
        write:                           0
        other:                           0
        total:                           189271
    transactions:                        189271 (10514.26 per sec.)
    queries:                             189271 (10514.26 per sec.)
    ignored errors:                      0      (0.00 per sec.)
    reconnects:                          0      (0.00 per sec.)

General statistics:
    total time:                          18.0010s
    total number of events:              189271

Latency (ms):
         min:                                    0.22
         avg:                                    0.38
         max:                                   17.98
         95th percentile:                        0.54
         sum:                                71788.05

Threads fairness:
    events (avg/stddev):           47317.7500/127.05
    execution time (avg/stddev):   17.9470/0.00

