sysbench 1.0.20 (using system LuaJIT 2.1.0-beta3)

Running the test with following options:
Number of threads: 4
Report intermediate results every 2 second(s)
Initializing random number generator from current time


Initializing worker threads...

Threads started!

[ 2s ] thds: 4 tps: 6311.51 qps: 6311.51 (r/w/o: 6311.51/0.00/0.00) lat (ms,95%): 0.86 err/s: 0.00 reconn/s: 0.00
[ 4s ] thds: 4 tps: 6409.21 qps: 6409.21 (r/w/o: 6409.21/0.00/0.00) lat (ms,95%): 0.84 err/s: 0.00 reconn/s: 0.00
[ 6s ] thds: 4 tps: 6404.91 qps: 6404.91 (r/w/o: 6404.91/0.00/0.00) lat (ms,95%): 0.84 err/s: 0.00 reconn/s: 0.00
[ 8s ] thds: 4 tps: 6378.01 qps: 6378.01 (r/w/o: 6378.01/0.00/0.00) lat (ms,95%): 0.84 err/s: 0.00 reconn/s: 0.00
[ 10s ] thds: 4 tps: 6398.51 qps: 6398.51 (r/w/o: 6398.51/0.00/0.00) lat (ms,95%): 0.84 err/s: 0.00 reconn/s: 0.00
[ 12s ] thds: 4 tps: 6414.11 qps: 6414.11 (r/w/o: 6414.11/0.00/0.00) lat (ms,95%): 0.83 err/s: 0.00 reconn/s: 0.00
[ 14s ] thds: 4 tps: 6397.40 qps: 6397.40 (r/w/o: 6397.40/0.00/0.00) lat (ms,95%): 0.84 err/s: 0.00 reconn/s: 0.00
[ 16s ] thds: 4 tps: 6387.97 qps: 6387.97 (r/w/o: 6387.97/0.00/0.00) lat (ms,95%): 0.86 err/s: 0.00 reconn/s: 0.00
[ 18s ] thds: 4 tps: 6394.68 qps: 6395.18 (r/w/o: 6395.18/0.00/0.00) lat (ms,95%): 0.86 err/s: 0.00 reconn/s: 0.00
SQL statistics:
    queries performed:
        read:                            114999
        write:                           0
        other:                           0
        total:                           114999
    transactions:                        114999 (6388.30 per sec.)
    queries:                             114999 (6388.30 per sec.)
    ignored errors:                      0      (0.00 per sec.)
    reconnects:                          0      (0.00 per sec.)

General statistics:
    total time:                          18.0011s
    total number of events:              114999

Latency (ms):
         min:                                    0.33
         avg:                                    0.62
         max:                                   18.37
         95th percentile:                        0.84
         sum:                                71856.94

Threads fairness:
    events (avg/stddev):           28749.7500/139.55
    execution time (avg/stddev):   17.9642/0.00

