sysbench 1.0.20 (using system LuaJIT 2.1.0-beta3)

Running the test with following options:
Number of threads: 4
Report intermediate results every 2 second(s)
Initializing random number generator from current time


Initializing worker threads...

Threads started!

[ 2s ] thds: 4 tps: 1242.43 qps: 1242.43 (r/w/o: 1242.43/0.00/0.00) lat (ms,95%): 4.10 err/s: 0.00 reconn/s: 0.00
[ 4s ] thds: 4 tps: 1251.71 qps: 1251.71 (r/w/o: 1251.71/0.00/0.00) lat (ms,95%): 4.18 err/s: 0.00 reconn/s: 0.00
[ 6s ] thds: 4 tps: 1257.50 qps: 1257.50 (r/w/o: 1257.50/0.00/0.00) lat (ms,95%): 4.10 err/s: 0.00 reconn/s: 0.00
[ 8s ] thds: 4 tps: 1212.51 qps: 1212.51 (r/w/o: 1212.51/0.00/0.00) lat (ms,95%): 4.57 err/s: 0.00 reconn/s: 0.00
[ 10s ] thds: 4 tps: 1238.95 qps: 1238.95 (r/w/o: 1238.95/0.00/0.00) lat (ms,95%): 4.18 err/s: 0.00 reconn/s: 0.00
[ 12s ] thds: 4 tps: 1257.54 qps: 1257.54 (r/w/o: 1257.54/0.00/0.00) lat (ms,95%): 4.10 err/s: 0.00 reconn/s: 0.00
[ 14s ] thds: 4 tps: 1258.49 qps: 1258.49 (r/w/o: 1258.49/0.00/0.00) lat (ms,95%): 4.18 err/s: 0.00 reconn/s: 0.00
[ 16s ] thds: 4 tps: 1255.97 qps: 1255.97 (r/w/o: 1255.97/0.00/0.00) lat (ms,95%): 4.10 err/s: 0.00 reconn/s: 0.00
[ 18s ] thds: 4 tps: 1253.04 qps: 1253.04 (r/w/o: 1253.04/0.00/0.00) lat (ms,95%): 4.10 err/s: 0.00 reconn/s: 0.00
SQL statistics:
    queries performed:
        read:                            22461
        write:                           0
        other:                           0
        total:                           22461
    transactions:                        22461  (1247.57 per sec.)
    queries:                             22461  (1247.57 per sec.)
    ignored errors:                      0      (0.00 per sec.)
    reconnects:                          0      (0.00 per sec.)

General statistics:
    total time:                          18.0034s
    total number of events:              22461

Latency (ms):
         min:                                    1.47
         avg:                                    3.20
         max:                                   20.49
         95th percentile:                        4.18
         sum:                                71977.47

Threads fairness:
    events (avg/stddev):           5615.2500/66.86
    execution time (avg/stddev):   17.9944/0.00

