sysbench 1.0.20 (using system LuaJIT 2.1.0-beta3)

Running the test with following options:
Number of threads: 4
Report intermediate results every 2 second(s)
Initializing random number generator from current time


Initializing worker threads...

Threads started!

[ 2s ] thds: 4 tps: 2301.51 qps: 6906.53 (r/w/o: 6906.53/0.00/0.00) lat (ms,95%): 2.26 err/s: 0.00 reconn/s: 0.00
[ 4s ] thds: 4 tps: 2340.88 qps: 7021.63 (r/w/o: 7021.63/0.00/0.00) lat (ms,95%): 2.18 err/s: 0.00 reconn/s: 0.00
[ 6s ] thds: 4 tps: 2324.47 qps: 6974.41 (r/w/o: 6974.41/0.00/0.00) lat (ms,95%): 2.22 err/s: 0.00 reconn/s: 0.00
[ 8s ] thds: 4 tps: 2340.06 qps: 7020.17 (r/w/o: 7020.17/0.00/0.00) lat (ms,95%): 2.18 err/s: 0.00 reconn/s: 0.00
[ 10s ] thds: 4 tps: 2349.39 qps: 7048.67 (r/w/o: 7048.67/0.00/0.00) lat (ms,95%): 2.18 err/s: 0.00 reconn/s: 0.00
[ 12s ] thds: 4 tps: 2310.09 qps: 6929.76 (r/w/o: 6929.76/0.00/0.00) lat (ms,95%): 2.26 err/s: 0.00 reconn/s: 0.00
[ 14s ] thds: 4 tps: 2330.45 qps: 6991.34 (r/w/o: 6991.34/0.00/0.00) lat (ms,95%): 2.18 err/s: 0.00 reconn/s: 0.00
[ 16s ] thds: 4 tps: 2342.55 qps: 7028.16 (r/w/o: 7028.16/0.00/0.00) lat (ms,95%): 2.18 err/s: 0.00 reconn/s: 0.00
[ 18s ] thds: 4 tps: 2349.98 qps: 7049.93 (r/w/o: 7049.93/0.00/0.00) lat (ms,95%): 2.18 err/s: 0.00 reconn/s: 0.00
SQL statistics:
    queries performed:
        read:                            125952
        write:                           0
        other:                           0
        total:                           125952
    transactions:                        41984  (2332.17 per sec.)
    queries:                             125952 (6996.50 per sec.)
    ignored errors:                      0      (0.00 per sec.)
    reconnects:                          0      (0.00 per sec.)

General statistics:
    total time:                          18.0018s
    total number of events:              41984

Latency (ms):
         min:                                    1.01
         avg:                                    1.71
         max:                                   20.44
         95th percentile:                        2.22
         sum:                                71945.72

Threads fairness:
    events (avg/stddev):           10496.0000/148.30
    execution time (avg/stddev):   17.9864/0.00

