sysbench 1.0.20 (using system LuaJIT 2.1.0-beta3)

Running the test with following options:
Number of threads: 4
Report intermediate results every 2 second(s)
Initializing random number generator from current time


Initializing worker threads...

Threads started!

[ 2s ] thds: 4 tps: 2828.22 qps: 2828.22 (r/w/o: 2828.22/0.00/0.00) lat (ms,95%): 1.82 err/s: 0.00 reconn/s: 0.00
[ 4s ] thds: 4 tps: 2851.53 qps: 2851.53 (r/w/o: 2851.53/0.00/0.00) lat (ms,95%): 1.79 err/s: 0.00 reconn/s: 0.00
[ 6s ] thds: 4 tps: 2844.91 qps: 2844.91 (r/w/o: 2844.91/0.00/0.00) lat (ms,95%): 1.82 err/s: 0.00 reconn/s: 0.00
[ 8s ] thds: 4 tps: 2845.97 qps: 2845.97 (r/w/o: 2845.97/0.00/0.00) lat (ms,95%): 1.82 err/s: 0.00 reconn/s: 0.00
[ 10s ] thds: 4 tps: 2850.03 qps: 2850.03 (r/w/o: 2850.03/0.00/0.00) lat (ms,95%): 1.82 err/s: 0.00 reconn/s: 0.00
[ 12s ] thds: 4 tps: 2847.49 qps: 2847.49 (r/w/o: 2847.49/0.00/0.00) lat (ms,95%): 1.79 err/s: 0.00 reconn/s: 0.00
[ 14s ] thds: 4 tps: 2852.52 qps: 2852.52 (r/w/o: 2852.52/0.00/0.00) lat (ms,95%): 1.79 err/s: 0.00 reconn/s: 0.00
[ 16s ] thds: 4 tps: 2854.44 qps: 2854.44 (r/w/o: 2854.44/0.00/0.00) lat (ms,95%): 1.82 err/s: 0.00 reconn/s: 0.00
[ 18s ] thds: 4 tps: 2847.50 qps: 2847.50 (r/w/o: 2847.50/0.00/0.00) lat (ms,95%): 1.86 err/s: 0.00 reconn/s: 0.00
SQL statistics:
    queries performed:
        read:                            51251
        write:                           0
        other:                           0
        total:                           51251
    transactions:                        51251  (2846.94 per sec.)
    queries:                             51251  (2846.94 per sec.)
    ignored errors:                      0      (0.00 per sec.)
    reconnects:                          0      (0.00 per sec.)

General statistics:
    total time:                          18.0017s
    total number of events:              51251

Latency (ms):
         min:                                    0.71
         avg:                                    1.40
         max:                                   18.51
         95th percentile:                        1.82
         sum:                                71930.50

Threads fairness:
    events (avg/stddev):           12812.7500/12.54
    execution time (avg/stddev):   17.9826/0.00

