sysbench 1.0.20 (using system LuaJIT 2.1.1725453128)

Running the test with following options:
Number of threads: 8
Report intermediate results every 4 second(s)
Initializing random number generator from current time


Initializing worker threads...

Threads started!

[ 4s ] thds: 8 tps: 0.00 qps: 33410.34 (r/w/o: 0.00/4175.29/29235.05) lat (ms,95%): 0.00 err/s: 0.00 reconn/s: 0.00
[ 8s ] thds: 8 tps: 2.00 qps: 34859.81 (r/w/o: 0.00/4436.01/30423.80) lat (ms,95%): 0.00 err/s: 13.50 reconn/s: 0.00
[ 12s ] thds: 8 tps: 2.00 qps: 34578.32 (r/w/o: 0.00/4340.01/30238.31) lat (ms,95%): 0.00 err/s: 4.00 reconn/s: 0.00
[ 16s ] thds: 8 tps: 2.00 qps: 34666.72 (r/w/o: 0.00/4420.74/30245.98) lat (ms,95%): 0.00 err/s: 15.24 reconn/s: 0.00
[ 20s ] thds: 8 tps: 0.00 qps: 36371.99 (r/w/o: 0.00/4546.50/31825.50) lat (ms,95%): 0.00 err/s: 0.00 reconn/s: 0.00
[ 24s ] thds: 8 tps: 2.00 qps: 34771.71 (r/w/o: 0.00/4403.91/30367.80) lat (ms,95%): 0.00 err/s: 7.00 reconn/s: 0.00
[ 28s ] thds: 8 tps: 2.00 qps: 34537.25 (r/w/o: 0.00/4337.12/30200.13) lat (ms,95%): 0.00 err/s: 6.25 reconn/s: 0.00
[ 32s ] thds: 8 tps: 2.00 qps: 34881.80 (r/w/o: 0.00/4382.07/30499.73) lat (ms,95%): 0.00 err/s: 4.75 reconn/s: 0.00
SQL statistics:
    queries performed:
        read:                            0
        write:                           156386
        other:                           1085680
        total:                           1242066
    transactions:                        56     (1.57 per sec.)
    queries:                             1242066 (34928.49 per sec.)
    ignored errors:                      203    (5.71 per sec.)
    reconnects:                          0      (0.00 per sec.)

General statistics:
    total time:                          35.5600s
    total number of events:              56

Latency (ms):
         min:                                 5009.47
         avg:                                 5079.79
         max:                                 5176.79
         95th percentile:                        0.00
         sum:                               284468.16

Threads fairness:
    events (avg/stddev):           7.0000/0.00
    execution time (avg/stddev):   35.5585/0.00

