sysbench 1.0.20 (using system LuaJIT 2.1.0-beta3)

Running the test with following options:
Number of threads: 4
Report intermediate results every 2 second(s)
Initializing random number generator from current time


Initializing worker threads...

Threads started!

[ 2s ] thds: 4 tps: 0.00 qps: 2998.41 (r/w/o: 0.00/748.10/2250.31) lat (ms,95%): 0.00 err/s: 0.00 reconn/s: 0.00
[ 4s ] thds: 4 tps: 0.00 qps: 3062.76 (r/w/o: 0.00/765.69/2297.07) lat (ms,95%): 0.00 err/s: 0.00 reconn/s: 0.00
[ 6s ] thds: 4 tps: 0.00 qps: 3344.06 (r/w/o: 0.00/836.01/2508.04) lat (ms,95%): 0.00 err/s: 0.00 reconn/s: 0.00
[ 8s ] thds: 4 tps: 2.00 qps: 2947.45 (r/w/o: 0.00/753.49/2193.96) lat (ms,95%): 6360.91 err/s: 4.50 reconn/s: 0.00
[ 10s ] thds: 4 tps: 0.00 qps: 3170.16 (r/w/o: 0.00/792.54/2377.62) lat (ms,95%): 0.00 err/s: 0.00 reconn/s: 0.00
[ 12s ] thds: 4 tps: 0.00 qps: 3429.82 (r/w/o: 0.00/857.46/2572.37) lat (ms,95%): 0.00 err/s: 0.00 reconn/s: 0.00
[ 14s ] thds: 4 tps: 2.00 qps: 3135.12 (r/w/o: 0.00/798.53/2336.59) lat (ms,95%): 6360.91 err/s: 4.50 reconn/s: 0.00
[ 16s ] thds: 4 tps: 0.00 qps: 3230.03 (r/w/o: 0.00/807.51/2422.52) lat (ms,95%): 0.00 err/s: 0.00 reconn/s: 0.00
[ 18s ] thds: 4 tps: 0.00 qps: 3186.02 (r/w/o: 0.00/796.51/2389.52) lat (ms,95%): 0.00 err/s: 0.00 reconn/s: 0.00
SQL statistics:
    queries performed:
        read:                            0
        write:                           15110
        other:                           45091
        total:                           60201
    transactions:                        12     (0.63 per sec.)
    queries:                             60201  (3164.22 per sec.)
    ignored errors:                      18     (0.95 per sec.)
    reconnects:                          0      (0.00 per sec.)

General statistics:
    total time:                          19.0252s
    total number of events:              12

Latency (ms):
         min:                                 6305.74
         avg:                                 6341.33
         max:                                 6362.59
         95th percentile:                     6360.91
         sum:                                76095.94

Threads fairness:
    events (avg/stddev):           3.0000/0.00
    execution time (avg/stddev):   19.0240/0.00

