sysbench 1.0.20 (using system LuaJIT 2.1.0-beta3)

Running the test with following options:
Number of threads: 4
Report intermediate results every 2 second(s)
Initializing random number generator from current time


Initializing worker threads...

Threads started!

[ 2s ] thds: 4 tps: 3242.55 qps: 3242.55 (r/w/o: 3242.55/0.00/0.00) lat (ms,95%): 1.64 err/s: 0.00 reconn/s: 0.00
[ 4s ] thds: 4 tps: 3267.53 qps: 3267.53 (r/w/o: 3267.53/0.00/0.00) lat (ms,95%): 1.64 err/s: 0.00 reconn/s: 0.00
[ 6s ] thds: 4 tps: 3278.01 qps: 3278.01 (r/w/o: 3278.01/0.00/0.00) lat (ms,95%): 1.64 err/s: 0.00 reconn/s: 0.00
[ 8s ] thds: 4 tps: 3270.49 qps: 3270.49 (r/w/o: 3270.49/0.00/0.00) lat (ms,95%): 1.61 err/s: 0.00 reconn/s: 0.00
[ 10s ] thds: 4 tps: 3273.99 qps: 3273.99 (r/w/o: 3273.99/0.00/0.00) lat (ms,95%): 1.64 err/s: 0.00 reconn/s: 0.00
[ 12s ] thds: 4 tps: 3264.00 qps: 3264.00 (r/w/o: 3264.00/0.00/0.00) lat (ms,95%): 1.64 err/s: 0.00 reconn/s: 0.00
[ 14s ] thds: 4 tps: 3275.01 qps: 3275.01 (r/w/o: 3275.01/0.00/0.00) lat (ms,95%): 1.61 err/s: 0.00 reconn/s: 0.00
[ 16s ] thds: 4 tps: 3278.53 qps: 3278.53 (r/w/o: 3278.53/0.00/0.00) lat (ms,95%): 1.61 err/s: 0.00 reconn/s: 0.00
[ 18s ] thds: 4 tps: 3254.45 qps: 3254.45 (r/w/o: 3254.45/0.00/0.00) lat (ms,95%): 1.61 err/s: 0.00 reconn/s: 0.00
SQL statistics:
    queries performed:
        read:                            58815
        write:                           0
        other:                           0
        total:                           58815
    transactions:                        58815  (3267.08 per sec.)
    queries:                             58815  (3267.08 per sec.)
    ignored errors:                      0      (0.00 per sec.)
    reconnects:                          0      (0.00 per sec.)

General statistics:
    total time:                          18.0019s
    total number of events:              58815

Latency (ms):
         min:                                    0.58
         avg:                                    1.22
         max:                                   20.39
         95th percentile:                        1.64
         sum:                                71928.27

Threads fairness:
    events (avg/stddev):           14703.7500/77.36
    execution time (avg/stddev):   17.9821/0.00

