sysbench 1.0.20 (using system LuaJIT 2.1.0-beta3)

Running the test with following options:
Number of threads: 4
Report intermediate results every 2 second(s)
Initializing random number generator from current time


Initializing worker threads...

Threads started!

[ 2s ] thds: 4 tps: 1336.87 qps: 1336.87 (r/w/o: 1336.87/0.00/0.00) lat (ms,95%): 3.75 err/s: 0.00 reconn/s: 0.00
[ 4s ] thds: 4 tps: 1340.72 qps: 1340.72 (r/w/o: 1340.72/0.00/0.00) lat (ms,95%): 3.89 err/s: 0.00 reconn/s: 0.00
[ 6s ] thds: 4 tps: 1308.48 qps: 1308.48 (r/w/o: 1308.48/0.00/0.00) lat (ms,95%): 4.18 err/s: 0.00 reconn/s: 0.00
[ 8s ] thds: 4 tps: 1351.46 qps: 1351.46 (r/w/o: 1351.46/0.00/0.00) lat (ms,95%): 3.89 err/s: 0.00 reconn/s: 0.00
[ 10s ] thds: 4 tps: 1349.07 qps: 1349.07 (r/w/o: 1349.07/0.00/0.00) lat (ms,95%): 3.82 err/s: 0.00 reconn/s: 0.00
[ 12s ] thds: 4 tps: 1355.50 qps: 1355.50 (r/w/o: 1355.50/0.00/0.00) lat (ms,95%): 3.82 err/s: 0.00 reconn/s: 0.00
[ 14s ] thds: 4 tps: 1349.99 qps: 1349.99 (r/w/o: 1349.99/0.00/0.00) lat (ms,95%): 3.89 err/s: 0.00 reconn/s: 0.00
[ 16s ] thds: 4 tps: 1353.01 qps: 1353.01 (r/w/o: 1353.01/0.00/0.00) lat (ms,95%): 3.75 err/s: 0.00 reconn/s: 0.00
[ 18s ] thds: 4 tps: 1354.01 qps: 1354.01 (r/w/o: 1354.01/0.00/0.00) lat (ms,95%): 3.82 err/s: 0.00 reconn/s: 0.00
SQL statistics:
    queries performed:
        read:                            24203
        write:                           0
        other:                           0
        total:                           24203
    transactions:                        24203  (1344.42 per sec.)
    queries:                             24203  (1344.42 per sec.)
    ignored errors:                      0      (0.00 per sec.)
    reconnects:                          0      (0.00 per sec.)

General statistics:
    total time:                          18.0022s
    total number of events:              24203

Latency (ms):
         min:                                    1.32
         avg:                                    2.97
         max:                                   21.05
         95th percentile:                        3.82
         sum:                                71971.21

Threads fairness:
    events (avg/stddev):           6050.7500/46.94
    execution time (avg/stddev):   17.9928/0.00

