sysbench 1.0.20 (using system LuaJIT 2.1.0-beta3)

Running the test with following options:
Number of threads: 4
Report intermediate results every 2 second(s)
Initializing random number generator from current time


Initializing worker threads...

Threads started!

[ 2s ] thds: 4 tps: 10308.70 qps: 10308.70 (r/w/o: 10308.70/0.00/0.00) lat (ms,95%): 0.55 err/s: 0.00 reconn/s: 0.00
[ 4s ] thds: 4 tps: 10564.19 qps: 10564.19 (r/w/o: 10564.19/0.00/0.00) lat (ms,95%): 0.53 err/s: 0.00 reconn/s: 0.00
[ 6s ] thds: 4 tps: 10519.48 qps: 10519.48 (r/w/o: 10519.48/0.00/0.00) lat (ms,95%): 0.54 err/s: 0.00 reconn/s: 0.00
[ 8s ] thds: 4 tps: 10510.51 qps: 10510.51 (r/w/o: 10510.51/0.00/0.00) lat (ms,95%): 0.54 err/s: 0.00 reconn/s: 0.00
[ 10s ] thds: 4 tps: 10482.52 qps: 10482.52 (r/w/o: 10482.52/0.00/0.00) lat (ms,95%): 0.55 err/s: 0.00 reconn/s: 0.00
[ 12s ] thds: 4 tps: 10491.61 qps: 10491.61 (r/w/o: 10491.61/0.00/0.00) lat (ms,95%): 0.53 err/s: 0.00 reconn/s: 0.00
[ 14s ] thds: 4 tps: 10555.34 qps: 10555.34 (r/w/o: 10555.34/0.00/0.00) lat (ms,95%): 0.54 err/s: 0.00 reconn/s: 0.00
[ 16s ] thds: 4 tps: 10538.01 qps: 10538.01 (r/w/o: 10538.01/0.00/0.00) lat (ms,95%): 0.54 err/s: 0.00 reconn/s: 0.00
SQL statistics:
    queries performed:
        read:                            188988
        write:                           0
        other:                           0
        total:                           188988
    transactions:                        188988 (10498.43 per sec.)
    queries:                             188988 (10498.43 per sec.)
    ignored errors:                      0      (0.00 per sec.)
    reconnects:                          0      (0.00 per sec.)

General statistics:
    total time:                          18.0012s
    total number of events:              188988

Latency (ms):
         min:                                    0.21
         avg:                                    0.38
         max:                                   17.51
         95th percentile:                        0.54
         sum:                                71786.10

Threads fairness:
    events (avg/stddev):           47247.0000/127.21
    execution time (avg/stddev):   17.9465/0.00

