sysbench 1.0.20 (using system LuaJIT 2.1.0-beta3)

Running the test with following options:
Number of threads: 4
Report intermediate results every 2 second(s)
Initializing random number generator from current time


Initializing worker threads...

Threads started!

[ 2s ] thds: 4 tps: 5627.49 qps: 5627.49 (r/w/o: 5627.49/0.00/0.00) lat (ms,95%): 0.95 err/s: 0.00 reconn/s: 0.00
[ 4s ] thds: 4 tps: 5672.90 qps: 5672.90 (r/w/o: 5672.90/0.00/0.00) lat (ms,95%): 0.95 err/s: 0.00 reconn/s: 0.00
[ 6s ] thds: 4 tps: 5667.99 qps: 5667.99 (r/w/o: 5667.99/0.00/0.00) lat (ms,95%): 0.95 err/s: 0.00 reconn/s: 0.00
[ 8s ] thds: 4 tps: 5678.12 qps: 5678.12 (r/w/o: 5678.12/0.00/0.00) lat (ms,95%): 0.94 err/s: 0.00 reconn/s: 0.00
[ 10s ] thds: 4 tps: 5636.85 qps: 5636.85 (r/w/o: 5636.85/0.00/0.00) lat (ms,95%): 0.97 err/s: 0.00 reconn/s: 0.00
[ 12s ] thds: 4 tps: 5641.58 qps: 5641.58 (r/w/o: 5641.58/0.00/0.00) lat (ms,95%): 0.95 err/s: 0.00 reconn/s: 0.00
[ 14s ] thds: 4 tps: 5656.97 qps: 5656.97 (r/w/o: 5656.97/0.00/0.00) lat (ms,95%): 0.95 err/s: 0.00 reconn/s: 0.00
[ 16s ] thds: 4 tps: 5656.99 qps: 5656.99 (r/w/o: 5656.99/0.00/0.00) lat (ms,95%): 0.95 err/s: 0.00 reconn/s: 0.00
[ 18s ] thds: 4 tps: 5634.53 qps: 5635.03 (r/w/o: 5635.03/0.00/0.00) lat (ms,95%): 0.95 err/s: 0.00 reconn/s: 0.00
SQL statistics:
    queries performed:
        read:                            101754
        write:                           0
        other:                           0
        total:                           101754
    transactions:                        101754 (5652.47 per sec.)
    queries:                             101754 (5652.47 per sec.)
    ignored errors:                      0      (0.00 per sec.)
    reconnects:                          0      (0.00 per sec.)

General statistics:
    total time:                          18.0013s
    total number of events:              101754

Latency (ms):
         min:                                    0.37
         avg:                                    0.71
         max:                                   20.41
         95th percentile:                        0.95
         sum:                                71874.48

Threads fairness:
    events (avg/stddev):           25438.5000/85.70
    execution time (avg/stddev):   17.9686/0.00

