sysbench 1.0.20 (using system LuaJIT 2.1.0-beta3)

Running the test with following options:
Number of threads: 1
Report intermediate results every 1 second(s)
Initializing random number generator from current time


Initializing worker threads...

Threads started!

[ 1s ] thds: 1 tps: 1535.93 qps: 4607.79 (r/w/o: 4607.79/0.00/0.00) lat (ms,95%): 0.68 err/s: 0.00 reconn/s: 0.00
[ 2s ] thds: 1 tps: 1531.37 qps: 4595.12 (r/w/o: 4595.12/0.00/0.00) lat (ms,95%): 0.73 err/s: 0.00 reconn/s: 0.00
[ 3s ] thds: 1 tps: 1444.97 qps: 4335.90 (r/w/o: 4335.90/0.00/0.00) lat (ms,95%): 0.77 err/s: 0.00 reconn/s: 0.00
[ 4s ] thds: 1 tps: 1473.00 qps: 4416.99 (r/w/o: 4416.99/0.00/0.00) lat (ms,95%): 0.75 err/s: 0.00 reconn/s: 0.00
[ 5s ] thds: 1 tps: 1537.00 qps: 4611.99 (r/w/o: 4611.99/0.00/0.00) lat (ms,95%): 0.73 err/s: 0.00 reconn/s: 0.00
[ 6s ] thds: 1 tps: 1478.02 qps: 4435.07 (r/w/o: 4435.07/0.00/0.00) lat (ms,95%): 0.75 err/s: 0.00 reconn/s: 0.00
[ 7s ] thds: 1 tps: 1554.03 qps: 4662.09 (r/w/o: 4662.09/0.00/0.00) lat (ms,95%): 0.72 err/s: 0.00 reconn/s: 0.00
SQL statistics:
    queries performed:
        read:                            36285
        write:                           0
        other:                           0
        total:                           36285
    transactions:                        12095  (1511.67 per sec.)
    queries:                             36285  (4535.00 per sec.)
    ignored errors:                      0      (0.00 per sec.)
    reconnects:                          0      (0.00 per sec.)

General statistics:
    total time:                          8.0007s
    total number of events:              12095

Latency (ms):
         min:                                    0.58
         avg:                                    0.66
         max:                                    8.32
         95th percentile:                        0.74
         sum:                                 7987.99

Threads fairness:
    events (avg/stddev):           12095.0000/0.00
    execution time (avg/stddev):   7.9880/0.00

