sysbench 1.0.20 (using system LuaJIT 2.1.0-beta3)

Running the test with following options:
Number of threads: 1
Report intermediate results every 1 second(s)
Initializing random number generator from current time


Initializing worker threads...

Threads started!

[ 1s ] thds: 1 tps: 86.93 qps: 1052.17 (r/w/o: 0.00/875.31/176.86) lat (ms,95%): 14.21 err/s: 0.00 reconn/s: 0.00
[ 2s ] thds: 1 tps: 86.03 qps: 1033.37 (r/w/o: 0.00/861.31/172.06) lat (ms,95%): 15.00 err/s: 0.00 reconn/s: 0.00
[ 3s ] thds: 1 tps: 93.00 qps: 1110.97 (r/w/o: 0.00/924.98/186.00) lat (ms,95%): 13.70 err/s: 0.00 reconn/s: 0.00
[ 4s ] thds: 1 tps: 97.99 qps: 1172.94 (r/w/o: 0.00/977.95/194.99) lat (ms,95%): 12.75 err/s: 0.00 reconn/s: 0.00
[ 5s ] thds: 1 tps: 92.00 qps: 1109.03 (r/w/o: 0.00/924.03/185.01) lat (ms,95%): 12.75 err/s: 0.00 reconn/s: 0.00
[ 6s ] thds: 1 tps: 90.99 qps: 1084.93 (r/w/o: 0.00/904.94/179.99) lat (ms,95%): 13.22 err/s: 0.00 reconn/s: 0.00
[ 7s ] thds: 1 tps: 93.00 qps: 1123.05 (r/w/o: 0.00/935.05/188.01) lat (ms,95%): 12.52 err/s: 0.00 reconn/s: 0.00
[ 8s ] thds: 1 tps: 94.00 qps: 1127.05 (r/w/o: 0.00/939.04/188.01) lat (ms,95%): 11.65 err/s: 0.00 reconn/s: 0.00
SQL statistics:
    queries performed:
        read:                            0
        write:                           7349
        other:                           1471
        total:                           8820
    transactions:                        735    (91.81 per sec.)
    queries:                             8820   (1101.68 per sec.)
    ignored errors:                      0      (0.00 per sec.)
    reconnects:                          0      (0.00 per sec.)

General statistics:
    total time:                          8.0056s
    total number of events:              735

Latency (ms):
         min:                                    7.90
         avg:                                   10.89
         max:                                   27.62
         95th percentile:                       13.46
         sum:                                 8003.71

Threads fairness:
    events (avg/stddev):           735.0000/0.00
    execution time (avg/stddev):   8.0037/0.00

