sysbench 1.0.20 (using system LuaJIT 2.1.0-beta3)

Running the test with following options:
Number of threads: 4
Report intermediate results every 2 second(s)
Initializing random number generator from current time


Initializing worker threads...

Threads started!

[ 2s ] thds: 4 tps: 100.45 qps: 100.45 (r/w/o: 100.45/0.00/0.00) lat (ms,95%): 51.02 err/s: 0.00 reconn/s: 0.00
[ 4s ] thds: 4 tps: 102.02 qps: 102.02 (r/w/o: 102.02/0.00/0.00) lat (ms,95%): 44.17 err/s: 0.00 reconn/s: 0.00
[ 6s ] thds: 4 tps: 105.00 qps: 105.00 (r/w/o: 105.00/0.00/0.00) lat (ms,95%): 38.94 err/s: 0.00 reconn/s: 0.00
[ 8s ] thds: 4 tps: 103.50 qps: 103.50 (r/w/o: 103.50/0.00/0.00) lat (ms,95%): 40.37 err/s: 0.00 reconn/s: 0.00
[ 10s ] thds: 4 tps: 104.50 qps: 104.50 (r/w/o: 104.50/0.00/0.00) lat (ms,95%): 38.25 err/s: 0.00 reconn/s: 0.00
[ 12s ] thds: 4 tps: 105.50 qps: 105.50 (r/w/o: 105.50/0.00/0.00) lat (ms,95%): 38.94 err/s: 0.00 reconn/s: 0.00
[ 14s ] thds: 4 tps: 105.00 qps: 105.00 (r/w/o: 105.00/0.00/0.00) lat (ms,95%): 38.94 err/s: 0.00 reconn/s: 0.00
[ 16s ] thds: 4 tps: 104.00 qps: 104.00 (r/w/o: 104.00/0.00/0.00) lat (ms,95%): 38.94 err/s: 0.00 reconn/s: 0.00
[ 18s ] thds: 4 tps: 105.00 qps: 105.00 (r/w/o: 105.00/0.00/0.00) lat (ms,95%): 39.65 err/s: 0.00 reconn/s: 0.00
SQL statistics:
    queries performed:
        read:                            1874
        write:                           0
        other:                           0
        total:                           1874
    transactions:                        1874   (103.96 per sec.)
    queries:                             1874   (103.96 per sec.)
    ignored errors:                      0      (0.00 per sec.)
    reconnects:                          0      (0.00 per sec.)

General statistics:
    total time:                          18.0249s
    total number of events:              1874

Latency (ms):
         min:                                   27.61
         avg:                                   38.44
         max:                                   82.44
         95th percentile:                       39.65
         sum:                                72042.06

Threads fairness:
    events (avg/stddev):           468.5000/0.50
    execution time (avg/stddev):   18.0105/0.01

