sysbench 1.0.20 (using system LuaJIT 2.1.0-beta3)

Running the test with following options:
Number of threads: 4
Report intermediate results every 2 second(s)
Initializing random number generator from current time


Initializing worker threads...

Threads started!

[ 2s ] thds: 4 tps: 0.00 qps: 2208.97 (r/w/o: 0.00/550.24/1658.73) lat (ms,95%): 0.00 err/s: 0.00 reconn/s: 0.00
[ 4s ] thds: 4 tps: 0.00 qps: 2056.51 (r/w/o: 0.00/514.13/1542.38) lat (ms,95%): 0.00 err/s: 0.00 reconn/s: 0.00
[ 6s ] thds: 4 tps: 0.00 qps: 3343.83 (r/w/o: 0.00/835.96/2507.87) lat (ms,95%): 0.00 err/s: 0.00 reconn/s: 0.00
[ 8s ] thds: 4 tps: 0.00 qps: 3464.10 (r/w/o: 0.00/866.03/2598.08) lat (ms,95%): 0.00 err/s: 0.00 reconn/s: 0.00
[ 10s ] thds: 4 tps: 0.00 qps: 2631.99 (r/w/o: 0.00/658.00/1973.99) lat (ms,95%): 0.00 err/s: 0.00 reconn/s: 0.00
[ 12s ] thds: 4 tps: 0.00 qps: 2468.05 (r/w/o: 0.00/617.01/1851.04) lat (ms,95%): 0.00 err/s: 0.00 reconn/s: 0.00
[ 14s ] thds: 4 tps: 0.00 qps: 2159.96 (r/w/o: 0.00/539.99/1619.97) lat (ms,95%): 0.00 err/s: 0.00 reconn/s: 0.00
[ 16s ] thds: 4 tps: 0.00 qps: 2555.97 (r/w/o: 0.00/638.99/1916.97) lat (ms,95%): 0.00 err/s: 0.00 reconn/s: 0.00
[ 18s ] thds: 4 tps: 0.00 qps: 2638.05 (r/w/o: 0.00/659.51/1978.54) lat (ms,95%): 0.00 err/s: 0.00 reconn/s: 0.00
[ 20s ] thds: 4 tps: 0.00 qps: 2583.93 (r/w/o: 0.00/645.98/1937.95) lat (ms,95%): 0.00 err/s: 0.00 reconn/s: 0.00
[ 22s ] thds: 4 tps: 0.00 qps: 2948.08 (r/w/o: 0.00/737.02/2211.06) lat (ms,95%): 0.00 err/s: 0.00 reconn/s: 0.00
[ 24s ] thds: 4 tps: 0.00 qps: 3117.97 (r/w/o: 0.00/779.49/2338.48) lat (ms,95%): 0.00 err/s: 0.00 reconn/s: 0.00
[ 26s ] thds: 4 tps: 0.00 qps: 3383.99 (r/w/o: 0.00/846.00/2537.99) lat (ms,95%): 0.00 err/s: 0.00 reconn/s: 0.00
[ 28s ] thds: 4 tps: 0.00 qps: 3368.02 (r/w/o: 0.00/842.01/2526.02) lat (ms,95%): 0.00 err/s: 0.00 reconn/s: 0.00
[ 30s ] thds: 4 tps: 0.00 qps: 3390.01 (r/w/o: 0.00/847.50/2542.51) lat (ms,95%): 0.00 err/s: 0.00 reconn/s: 0.00
SQL statistics:
    queries performed:
        read:                            0
        write:                           22000
        other:                           66016
        total:                           88016
    transactions:                        4      (0.13 per sec.)
    queries:                             88016  (2824.88 per sec.)
    ignored errors:                      0      (0.00 per sec.)
    reconnects:                          0      (0.00 per sec.)

General statistics:
    total time:                          31.1570s
    total number of events:              4

Latency (ms):
         min:                                31155.98
         avg:                                31156.06
         max:                                31156.26
         95th percentile:                    31023.52
         sum:                               124624.23

Threads fairness:
    events (avg/stddev):           1.0000/0.00
    execution time (avg/stddev):   31.1561/0.00

