sysbench 1.0.20 (using system LuaJIT 2.1.0-beta3)

Running the test with following options:
Number of threads: 1
Report intermediate results every 1 second(s)
Initializing random number generator from current time


Initializing worker threads...

Threads started!

[ 1s ] thds: 1 tps: 295.79 qps: 888.37 (r/w/o: 888.37/0.00/0.00) lat (ms,95%): 3.49 err/s: 0.00 reconn/s: 0.00
[ 2s ] thds: 1 tps: 298.08 qps: 895.25 (r/w/o: 895.25/0.00/0.00) lat (ms,95%): 3.49 err/s: 0.00 reconn/s: 0.00
[ 3s ] thds: 1 tps: 299.00 qps: 897.01 (r/w/o: 897.01/0.00/0.00) lat (ms,95%): 3.49 err/s: 0.00 reconn/s: 0.00
[ 4s ] thds: 1 tps: 301.00 qps: 902.99 (r/w/o: 902.99/0.00/0.00) lat (ms,95%): 3.49 err/s: 0.00 reconn/s: 0.00
[ 5s ] thds: 1 tps: 294.98 qps: 882.93 (r/w/o: 882.93/0.00/0.00) lat (ms,95%): 3.55 err/s: 0.00 reconn/s: 0.00
[ 6s ] thds: 1 tps: 300.01 qps: 902.03 (r/w/o: 902.03/0.00/0.00) lat (ms,95%): 3.49 err/s: 0.00 reconn/s: 0.00
[ 7s ] thds: 1 tps: 298.00 qps: 892.99 (r/w/o: 892.99/0.00/0.00) lat (ms,95%): 3.55 err/s: 0.00 reconn/s: 0.00
[ 8s ] thds: 1 tps: 298.01 qps: 894.02 (r/w/o: 894.02/0.00/0.00) lat (ms,95%): 3.49 err/s: 0.00 reconn/s: 0.00
SQL statistics:
    queries performed:
        read:                            7158
        write:                           0
        other:                           0
        total:                           7158
    transactions:                        2386   (298.14 per sec.)
    queries:                             7158   (894.42 per sec.)
    ignored errors:                      0      (0.00 per sec.)
    reconnects:                          0      (0.00 per sec.)

General statistics:
    total time:                          8.0025s
    total number of events:              2386

Latency (ms):
         min:                                    3.17
         avg:                                    3.35
         max:                                   11.21
         95th percentile:                        3.49
         sum:                                 7998.94

Threads fairness:
    events (avg/stddev):           2386.0000/0.00
    execution time (avg/stddev):   7.9989/0.00

