sysbench 1.0.20 (using system LuaJIT 2.1.0-beta3)

Running the test with following options:
Number of threads: 1
Report intermediate results every 1 second(s)
Initializing random number generator from current time


Initializing worker threads...

Threads started!

[ 1s ] thds: 1 tps: 0.00 qps: 893.22 (r/w/o: 0.00/890.22/3.00) lat (ms,95%): 0.00 err/s: 0.00 reconn/s: 0.00
[ 2s ] thds: 1 tps: 0.00 qps: 855.40 (r/w/o: 0.00/855.40/0.00) lat (ms,95%): 0.00 err/s: 0.00 reconn/s: 0.00
[ 3s ] thds: 1 tps: 0.00 qps: 859.96 (r/w/o: 0.00/859.96/0.00) lat (ms,95%): 0.00 err/s: 0.00 reconn/s: 0.00
[ 4s ] thds: 1 tps: 0.00 qps: 865.02 (r/w/o: 0.00/865.02/0.00) lat (ms,95%): 0.00 err/s: 0.00 reconn/s: 0.00
[ 5s ] thds: 1 tps: 0.00 qps: 885.00 (r/w/o: 0.00/885.00/0.00) lat (ms,95%): 0.00 err/s: 0.00 reconn/s: 0.00
[ 6s ] thds: 1 tps: 1.00 qps: 852.97 (r/w/o: 0.00/850.97/2.00) lat (ms,95%): 5709.50 err/s: 0.00 reconn/s: 0.00
[ 7s ] thds: 1 tps: 0.00 qps: 876.01 (r/w/o: 0.00/876.01/0.00) lat (ms,95%): 0.00 err/s: 0.00 reconn/s: 0.00
[ 8s ] thds: 1 tps: 0.00 qps: 891.98 (r/w/o: 0.00/891.98/0.00) lat (ms,95%): 0.00 err/s: 0.00 reconn/s: 0.00
[ 9s ] thds: 1 tps: 0.00 qps: 890.05 (r/w/o: 0.00/890.05/0.00) lat (ms,95%): 0.00 err/s: 0.00 reconn/s: 0.00
[ 10s ] thds: 1 tps: 0.00 qps: 874.98 (r/w/o: 0.00/874.98/0.00) lat (ms,95%): 0.00 err/s: 0.00 reconn/s: 0.00
[ 11s ] thds: 1 tps: 0.00 qps: 880.02 (r/w/o: 0.00/880.02/0.00) lat (ms,95%): 0.00 err/s: 0.00 reconn/s: 0.00
SQL statistics:
    queries performed:
        read:                            0
        write:                           9999
        other:                           5
        total:                           10004
    transactions:                        2      (0.18 per sec.)
    queries:                             10004  (876.46 per sec.)
    ignored errors:                      0      (0.00 per sec.)
    reconnects:                          0      (0.00 per sec.)

General statistics:
    total time:                          11.4137s
    total number of events:              2

Latency (ms):
         min:                                 5673.41
         avg:                                 5706.55
         max:                                 5739.70
         95th percentile:                     5709.50
         sum:                                11413.10

Threads fairness:
    events (avg/stddev):           2.0000/0.00
    execution time (avg/stddev):   11.4131/0.00

