sysbench 1.0.20 (using system LuaJIT 2.1.0-beta3)

Running the test with following options:
Number of threads: 1
Report intermediate results every 1 second(s)
Initializing random number generator from current time


Initializing worker threads...

Threads started!

[ 1s ] thds: 1 tps: 95.92 qps: 95.92 (r/w/o: 95.92/0.00/0.00) lat (ms,95%): 10.65 err/s: 0.00 reconn/s: 0.00
[ 2s ] thds: 1 tps: 97.03 qps: 97.03 (r/w/o: 97.03/0.00/0.00) lat (ms,95%): 10.27 err/s: 0.00 reconn/s: 0.00
[ 3s ] thds: 1 tps: 96.99 qps: 96.99 (r/w/o: 96.99/0.00/0.00) lat (ms,95%): 10.27 err/s: 0.00 reconn/s: 0.00
[ 4s ] thds: 1 tps: 97.01 qps: 97.01 (r/w/o: 97.01/0.00/0.00) lat (ms,95%): 10.46 err/s: 0.00 reconn/s: 0.00
[ 5s ] thds: 1 tps: 98.00 qps: 98.00 (r/w/o: 98.00/0.00/0.00) lat (ms,95%): 10.46 err/s: 0.00 reconn/s: 0.00
[ 6s ] thds: 1 tps: 98.00 qps: 98.00 (r/w/o: 98.00/0.00/0.00) lat (ms,95%): 10.27 err/s: 0.00 reconn/s: 0.00
[ 7s ] thds: 1 tps: 98.00 qps: 98.00 (r/w/o: 98.00/0.00/0.00) lat (ms,95%): 10.27 err/s: 0.00 reconn/s: 0.00
[ 8s ] thds: 1 tps: 98.00 qps: 98.00 (r/w/o: 98.00/0.00/0.00) lat (ms,95%): 10.27 err/s: 0.00 reconn/s: 0.00
SQL statistics:
    queries performed:
        read:                            780
        write:                           0
        other:                           0
        total:                           780
    transactions:                        780    (97.44 per sec.)
    queries:                             780    (97.44 per sec.)
    ignored errors:                      0      (0.00 per sec.)
    reconnects:                          0      (0.00 per sec.)

General statistics:
    total time:                          8.0046s
    total number of events:              780

Latency (ms):
         min:                                   10.10
         avg:                                   10.26
         max:                                   18.91
         95th percentile:                       10.46
         sum:                                 8002.61

Threads fairness:
    events (avg/stddev):           780.0000/0.00
    execution time (avg/stddev):   8.0026/0.00

