sysbench 1.0.20 (using system LuaJIT 2.1.0-beta3)

Running the test with following options:
Number of threads: 1
Report intermediate results every 1 second(s)
Initializing random number generator from current time


Initializing worker threads...

Threads started!

[ 1s ] thds: 1 tps: 20.98 qps: 905.11 (r/w/o: 0.00/860.15/44.96) lat (ms,95%): 62.19 err/s: 0.00 reconn/s: 0.00
[ 2s ] thds: 1 tps: 23.01 qps: 994.46 (r/w/o: 0.00/948.44/46.02) lat (ms,95%): 51.94 err/s: 0.00 reconn/s: 0.00
[ 3s ] thds: 1 tps: 24.00 qps: 1055.03 (r/w/o: 0.00/1007.03/48.00) lat (ms,95%): 47.47 err/s: 0.00 reconn/s: 0.00
[ 4s ] thds: 1 tps: 23.00 qps: 984.95 (r/w/o: 0.00/938.96/46.00) lat (ms,95%): 51.94 err/s: 0.00 reconn/s: 0.00
[ 5s ] thds: 1 tps: 22.00 qps: 921.03 (r/w/o: 0.00/878.03/43.00) lat (ms,95%): 51.02 err/s: 0.00 reconn/s: 0.00
[ 6s ] thds: 1 tps: 21.00 qps: 919.98 (r/w/o: 0.00/876.98/43.00) lat (ms,95%): 52.89 err/s: 0.00 reconn/s: 0.00
[ 7s ] thds: 1 tps: 23.00 qps: 978.96 (r/w/o: 0.00/932.97/46.00) lat (ms,95%): 53.85 err/s: 0.00 reconn/s: 0.00
[ 8s ] thds: 1 tps: 23.00 qps: 992.02 (r/w/o: 0.00/946.02/46.00) lat (ms,95%): 50.11 err/s: 0.00 reconn/s: 0.00
SQL statistics:
    queries performed:
        read:                            0
        write:                           7420
        other:                           363
        total:                           7783
    transactions:                        181    (22.53 per sec.)
    queries:                             7783   (968.81 per sec.)
    ignored errors:                      0      (0.00 per sec.)
    reconnects:                          0      (0.00 per sec.)

General statistics:
    total time:                          8.0332s
    total number of events:              181

Latency (ms):
         min:                                   34.67
         avg:                                   44.38
         max:                                  103.45
         95th percentile:                       52.89
         sum:                                 8031.90

Threads fairness:
    events (avg/stddev):           181.0000/0.00
    execution time (avg/stddev):   8.0319/0.00

