sysbench 1.0.20 (using system LuaJIT 2.1.0-beta3)

Running the test with following options:
Number of threads: 4
Report intermediate results every 2 second(s)
Initializing random number generator from current time


Initializing worker threads...

Threads started!

[ 2s ] thds: 4 tps: 3454.40 qps: 10364.70 (r/w/o: 10364.70/0.00/0.00) lat (ms,95%): 1.44 err/s: 0.00 reconn/s: 0.00
[ 4s ] thds: 4 tps: 3473.07 qps: 10419.70 (r/w/o: 10419.70/0.00/0.00) lat (ms,95%): 1.47 err/s: 0.00 reconn/s: 0.00
[ 6s ] thds: 4 tps: 3422.09 qps: 10265.77 (r/w/o: 10265.77/0.00/0.00) lat (ms,95%): 1.52 err/s: 0.00 reconn/s: 0.00
[ 8s ] thds: 4 tps: 3426.88 qps: 10280.63 (r/w/o: 10280.63/0.00/0.00) lat (ms,95%): 1.52 err/s: 0.00 reconn/s: 0.00
[ 10s ] thds: 4 tps: 3485.54 qps: 10457.62 (r/w/o: 10457.62/0.00/0.00) lat (ms,95%): 1.47 err/s: 0.00 reconn/s: 0.00
[ 12s ] thds: 4 tps: 3431.58 qps: 10295.74 (r/w/o: 10295.74/0.00/0.00) lat (ms,95%): 1.52 err/s: 0.00 reconn/s: 0.00
[ 14s ] thds: 4 tps: 3464.45 qps: 10392.85 (r/w/o: 10392.85/0.00/0.00) lat (ms,95%): 1.47 err/s: 0.00 reconn/s: 0.00
[ 16s ] thds: 4 tps: 3454.97 qps: 10363.90 (r/w/o: 10363.90/0.00/0.00) lat (ms,95%): 1.50 err/s: 0.00 reconn/s: 0.00
[ 18s ] thds: 4 tps: 3460.50 qps: 10380.51 (r/w/o: 10380.51/0.00/0.00) lat (ms,95%): 1.50 err/s: 0.00 reconn/s: 0.00
SQL statistics:
    queries performed:
        read:                            186456
        write:                           0
        other:                           0
        total:                           186456
    transactions:                        62152  (3452.48 per sec.)
    queries:                             186456 (10357.43 per sec.)
    ignored errors:                      0      (0.00 per sec.)
    reconnects:                          0      (0.00 per sec.)

General statistics:
    total time:                          18.0018s
    total number of events:              62152

Latency (ms):
         min:                                    0.68
         avg:                                    1.16
         max:                                   19.24
         95th percentile:                        1.50
         sum:                                71922.00

Threads fairness:
    events (avg/stddev):           15538.0000/79.27
    execution time (avg/stddev):   17.9805/0.00

