sysbench 1.0.20 (using system LuaJIT 2.1.0-beta3)

Running the test with following options:
Number of threads: 1
Report intermediate results every 1 second(s)
Initializing random number generator from current time


Initializing worker threads...

Threads started!

[ 1s ] thds: 1 tps: 1.00 qps: 960.07 (r/w/o: 0.00/955.07/5.00) lat (ms,95%): 530.08 err/s: 0.00 reconn/s: 0.00
[ 2s ] thds: 1 tps: 2.00 qps: 983.52 (r/w/o: 0.00/979.51/4.00) lat (ms,95%): 511.33 err/s: 0.00 reconn/s: 0.00
[ 3s ] thds: 1 tps: 2.00 qps: 1011.99 (r/w/o: 0.00/1007.99/4.00) lat (ms,95%): 511.33 err/s: 0.00 reconn/s: 0.00
[ 4s ] thds: 1 tps: 2.00 qps: 1012.02 (r/w/o: 0.00/1008.02/4.00) lat (ms,95%): 511.33 err/s: 0.00 reconn/s: 0.00
[ 5s ] thds: 1 tps: 2.00 qps: 986.99 (r/w/o: 0.00/982.99/4.00) lat (ms,95%): 520.62 err/s: 0.00 reconn/s: 0.00
[ 6s ] thds: 1 tps: 2.00 qps: 963.98 (r/w/o: 0.00/959.98/4.00) lat (ms,95%): 511.33 err/s: 0.00 reconn/s: 0.00
[ 7s ] thds: 1 tps: 2.00 qps: 986.97 (r/w/o: 0.00/982.97/4.00) lat (ms,95%): 530.08 err/s: 0.00 reconn/s: 0.00
[ 8s ] thds: 1 tps: 2.00 qps: 1010.99 (r/w/o: 0.00/1006.99/4.00) lat (ms,95%): 511.33 err/s: 0.00 reconn/s: 0.00
SQL statistics:
    queries performed:
        read:                            0
        write:                           7999
        other:                           33
        total:                           8032
    transactions:                        16     (1.97 per sec.)
    queries:                             8032   (989.77 per sec.)
    ignored errors:                      0      (0.00 per sec.)
    reconnects:                          0      (0.00 per sec.)

General statistics:
    total time:                          8.1147s
    total number of events:              16

Latency (ms):
         min:                                  485.27
         avg:                                  507.12
         max:                                  533.62
         95th percentile:                      530.08
         sum:                                 8113.98

Threads fairness:
    events (avg/stddev):           16.0000/0.00
    execution time (avg/stddev):   8.1140/0.00

