sysbench 1.0.20 (using system LuaJIT 2.1.0-beta3)

Running the test with following options:
Number of threads: 1
Report intermediate results every 1 second(s)
Initializing random number generator from current time


Initializing worker threads...

Threads started!

[ 1s ] thds: 1 tps: 1019.14 qps: 3059.43 (r/w/o: 3059.43/0.00/0.00) lat (ms,95%): 1.04 err/s: 0.00 reconn/s: 0.00
[ 2s ] thds: 1 tps: 1027.38 qps: 3080.15 (r/w/o: 3080.15/0.00/0.00) lat (ms,95%): 1.04 err/s: 0.00 reconn/s: 0.00
[ 3s ] thds: 1 tps: 1018.00 qps: 3056.01 (r/w/o: 3056.01/0.00/0.00) lat (ms,95%): 1.04 err/s: 0.00 reconn/s: 0.00
[ 4s ] thds: 1 tps: 1025.01 qps: 3075.04 (r/w/o: 3075.04/0.00/0.00) lat (ms,95%): 1.06 err/s: 0.00 reconn/s: 0.00
[ 5s ] thds: 1 tps: 1012.95 qps: 3038.86 (r/w/o: 3038.86/0.00/0.00) lat (ms,95%): 1.06 err/s: 0.00 reconn/s: 0.00
[ 6s ] thds: 1 tps: 1018.06 qps: 3053.17 (r/w/o: 3053.17/0.00/0.00) lat (ms,95%): 1.06 err/s: 0.00 reconn/s: 0.00
[ 7s ] thds: 1 tps: 1027.06 qps: 3082.17 (r/w/o: 3082.17/0.00/0.00) lat (ms,95%): 1.04 err/s: 0.00 reconn/s: 0.00
[ 8s ] thds: 1 tps: 1036.88 qps: 3110.63 (r/w/o: 3110.63/0.00/0.00) lat (ms,95%): 1.03 err/s: 0.00 reconn/s: 0.00
SQL statistics:
    queries performed:
        read:                            24558
        write:                           0
        other:                           0
        total:                           24558
    transactions:                        8186   (1023.07 per sec.)
    queries:                             24558  (3069.20 per sec.)
    ignored errors:                      0      (0.00 per sec.)
    reconnects:                          0      (0.00 per sec.)

General statistics:
    total time:                          8.0011s
    total number of events:              8186

Latency (ms):
         min:                                    0.89
         avg:                                    0.98
         max:                                    8.93
         95th percentile:                        1.04
         sum:                                 7991.11

Threads fairness:
    events (avg/stddev):           8186.0000/0.00
    execution time (avg/stddev):   7.9911/0.00

