sysbench 1.0.20 (using system LuaJIT 2.1.0-beta3)

Running the test with following options:
Number of threads: 1
Report intermediate results every 1 second(s)
Initializing random number generator from current time


Initializing worker threads...

Threads started!

[ 1s ] thds: 1 tps: 59.95 qps: 722.44 (r/w/o: 0.00/599.54/122.90) lat (ms,95%): 20.00 err/s: 0.00 reconn/s: 0.00
[ 2s ] thds: 1 tps: 70.02 qps: 848.25 (r/w/o: 0.00/708.21/140.04) lat (ms,95%): 18.95 err/s: 0.00 reconn/s: 0.00
[ 3s ] thds: 1 tps: 72.00 qps: 857.95 (r/w/o: 0.00/713.96/143.99) lat (ms,95%): 20.00 err/s: 0.00 reconn/s: 0.00
[ 4s ] thds: 1 tps: 65.01 qps: 785.09 (r/w/o: 0.00/655.07/130.01) lat (ms,95%): 20.00 err/s: 0.00 reconn/s: 0.00
[ 5s ] thds: 1 tps: 57.00 qps: 677.96 (r/w/o: 0.00/563.97/113.99) lat (ms,95%): 24.38 err/s: 0.00 reconn/s: 0.00
[ 6s ] thds: 1 tps: 67.00 qps: 808.98 (r/w/o: 0.00/674.98/134.00) lat (ms,95%): 18.28 err/s: 0.00 reconn/s: 0.00
[ 7s ] thds: 1 tps: 74.00 qps: 883.05 (r/w/o: 0.00/735.04/148.01) lat (ms,95%): 18.28 err/s: 0.00 reconn/s: 0.00
[ 8s ] thds: 1 tps: 65.99 qps: 792.93 (r/w/o: 0.00/660.94/131.99) lat (ms,95%): 18.61 err/s: 0.00 reconn/s: 0.00
SQL statistics:
    queries performed:
        read:                            0
        write:                           5319
        other:                           1065
        total:                           6384
    transactions:                        532    (66.42 per sec.)
    queries:                             6384   (797.03 per sec.)
    ignored errors:                      0      (0.00 per sec.)
    reconnects:                          0      (0.00 per sec.)

General statistics:
    total time:                          8.0094s
    total number of events:              532

Latency (ms):
         min:                                    7.71
         avg:                                   15.05
         max:                                   32.50
         95th percentile:                       20.00
         sum:                                 8007.77

Threads fairness:
    events (avg/stddev):           532.0000/0.00
    execution time (avg/stddev):   8.0078/0.00

