sysbench 1.0.20 (using system LuaJIT 2.1.0-beta3)

Running the test with following options:
Number of threads: 1
Report intermediate results every 1 second(s)
Initializing random number generator from current time


Initializing worker threads...

Threads started!

[ 1s ] thds: 1 tps: 1582.84 qps: 4749.53 (r/w/o: 4749.53/0.00/0.00) lat (ms,95%): 0.70 err/s: 0.00 reconn/s: 0.00
[ 2s ] thds: 1 tps: 1572.40 qps: 4716.20 (r/w/o: 4716.20/0.00/0.00) lat (ms,95%): 0.72 err/s: 0.00 reconn/s: 0.00
[ 3s ] thds: 1 tps: 1556.02 qps: 4668.06 (r/w/o: 4668.06/0.00/0.00) lat (ms,95%): 0.72 err/s: 0.00 reconn/s: 0.00
[ 4s ] thds: 1 tps: 1579.99 qps: 4739.97 (r/w/o: 4739.97/0.00/0.00) lat (ms,95%): 0.70 err/s: 0.00 reconn/s: 0.00
[ 5s ] thds: 1 tps: 1570.02 qps: 4711.05 (r/w/o: 4711.05/0.00/0.00) lat (ms,95%): 0.72 err/s: 0.00 reconn/s: 0.00
[ 6s ] thds: 1 tps: 1568.97 qps: 4707.92 (r/w/o: 4707.92/0.00/0.00) lat (ms,95%): 0.72 err/s: 0.00 reconn/s: 0.00
[ 7s ] thds: 1 tps: 1574.02 qps: 4722.06 (r/w/o: 4722.06/0.00/0.00) lat (ms,95%): 0.70 err/s: 0.00 reconn/s: 0.00
[ 8s ] thds: 1 tps: 1606.94 qps: 4819.82 (r/w/o: 4819.82/0.00/0.00) lat (ms,95%): 0.68 err/s: 0.00 reconn/s: 0.00
SQL statistics:
    queries performed:
        read:                            37839
        write:                           0
        other:                           0
        total:                           37839
    transactions:                        12613  (1576.39 per sec.)
    queries:                             37839  (4729.17 per sec.)
    ignored errors:                      0      (0.00 per sec.)
    reconnects:                          0      (0.00 per sec.)

General statistics:
    total time:                          8.0008s
    total number of events:              12613

Latency (ms):
         min:                                    0.56
         avg:                                    0.63
         max:                                    8.07
         95th percentile:                        0.72
         sum:                                 7987.85

Threads fairness:
    events (avg/stddev):           12613.0000/0.00
    execution time (avg/stddev):   7.9879/0.00

