sysbench 1.0.20 (using system LuaJIT 2.1.0-beta3)

Running the test with following options:
Number of threads: 4
Report intermediate results every 2 second(s)
Initializing random number generator from current time


Initializing worker threads...

Threads started!

[ 2s ] thds: 4 tps: 0.00 qps: 3590.04 (r/w/o: 0.00/896.01/2694.03) lat (ms,95%): 0.00 err/s: 0.00 reconn/s: 0.00
[ 4s ] thds: 4 tps: 0.00 qps: 3371.05 (r/w/o: 0.00/842.76/2528.28) lat (ms,95%): 0.00 err/s: 0.00 reconn/s: 0.00
[ 6s ] thds: 4 tps: 2.00 qps: 3246.96 (r/w/o: 0.00/819.49/2427.47) lat (ms,95%): 5813.24 err/s: 3.00 reconn/s: 0.00
[ 8s ] thds: 4 tps: 0.00 qps: 3481.39 (r/w/o: 0.00/870.47/2610.92) lat (ms,95%): 0.00 err/s: 0.00 reconn/s: 0.00
[ 10s ] thds: 4 tps: 0.00 qps: 3492.51 (r/w/o: 0.00/873.00/2619.50) lat (ms,95%): 0.00 err/s: 0.00 reconn/s: 0.00
[ 12s ] thds: 4 tps: 2.00 qps: 3381.08 (r/w/o: 0.00/848.52/2532.56) lat (ms,95%): 5813.24 err/s: 2.00 reconn/s: 0.00
[ 14s ] thds: 4 tps: 0.00 qps: 3507.99 (r/w/o: 0.00/877.00/2631.00) lat (ms,95%): 0.00 err/s: 0.00 reconn/s: 0.00
[ 16s ] thds: 4 tps: 0.00 qps: 3451.97 (r/w/o: 0.00/862.99/2588.97) lat (ms,95%): 0.00 err/s: 0.00 reconn/s: 0.00
[ 18s ] thds: 4 tps: 2.00 qps: 3358.95 (r/w/o: 0.00/841.49/2517.46) lat (ms,95%): 5813.24 err/s: 1.50 reconn/s: 0.00
[ 20s ] thds: 4 tps: 0.00 qps: 3404.15 (r/w/o: 0.00/851.04/2553.11) lat (ms,95%): 0.00 err/s: 0.00 reconn/s: 0.00
[ 22s ] thds: 4 tps: 0.00 qps: 3427.92 (r/w/o: 0.00/856.98/2570.94) lat (ms,95%): 0.00 err/s: 0.00 reconn/s: 0.00
SQL statistics:
    queries performed:
        read:                            0
        write:                           20049
        other:                           60057
        total:                           80106
    transactions:                        16     (0.68 per sec.)
    queries:                             80106  (3429.23 per sec.)
    ignored errors:                      13     (0.56 per sec.)
    reconnects:                          0      (0.00 per sec.)

General statistics:
    total time:                          23.3594s
    total number of events:              16

Latency (ms):
         min:                                 5786.41
         avg:                                 5839.59
         max:                                 5922.71
         95th percentile:                     5918.87
         sum:                                93433.51

Threads fairness:
    events (avg/stddev):           4.0000/0.00
    execution time (avg/stddev):   23.3584/0.00

