sysbench 1.0.20 (using system LuaJIT 2.1.0-beta3)

Running the test with following options:
Number of threads: 1
Report intermediate results every 1 second(s)
Initializing random number generator from current time


Initializing worker threads...

Threads started!

[ 1s ] thds: 1 tps: 73.94 qps: 896.31 (r/w/o: 0.00/745.42/150.88) lat (ms,95%): 16.71 err/s: 0.00 reconn/s: 0.00
[ 2s ] thds: 1 tps: 73.02 qps: 870.28 (r/w/o: 0.00/724.23/146.05) lat (ms,95%): 16.71 err/s: 0.00 reconn/s: 0.00
[ 3s ] thds: 1 tps: 71.00 qps: 859.03 (r/w/o: 0.00/717.03/142.01) lat (ms,95%): 17.32 err/s: 0.00 reconn/s: 0.00
[ 4s ] thds: 1 tps: 74.00 qps: 881.97 (r/w/o: 0.00/733.97/147.99) lat (ms,95%): 17.63 err/s: 0.00 reconn/s: 0.00
[ 5s ] thds: 1 tps: 73.00 qps: 877.04 (r/w/o: 0.00/731.04/146.01) lat (ms,95%): 17.32 err/s: 0.00 reconn/s: 0.00
[ 6s ] thds: 1 tps: 70.00 qps: 846.00 (r/w/o: 0.00/706.00/140.00) lat (ms,95%): 20.37 err/s: 0.00 reconn/s: 0.00
[ 7s ] thds: 1 tps: 77.00 qps: 922.98 (r/w/o: 0.00/768.98/154.00) lat (ms,95%): 17.63 err/s: 0.00 reconn/s: 0.00
[ 8s ] thds: 1 tps: 80.00 qps: 950.95 (r/w/o: 0.00/791.96/158.99) lat (ms,95%): 16.41 err/s: 0.00 reconn/s: 0.00
SQL statistics:
    queries performed:
        read:                            0
        write:                           5929
        other:                           1187
        total:                           7116
    transactions:                        593    (74.01 per sec.)
    queries:                             7116   (888.09 per sec.)
    ignored errors:                      0      (0.00 per sec.)
    reconnects:                          0      (0.00 per sec.)

General statistics:
    total time:                          8.0123s
    total number of events:              593

Latency (ms):
         min:                                    8.26
         avg:                                   13.51
         max:                                   24.08
         95th percentile:                       17.63
         sum:                                 8010.64

Threads fairness:
    events (avg/stddev):           593.0000/0.00
    execution time (avg/stddev):   8.0106/0.00

