sysbench 1.0.20 (using system LuaJIT 2.1.0-beta3)

Running the test with following options:
Number of threads: 1
Report intermediate results every 1 second(s)
Initializing random number generator from current time


Initializing worker threads...

Threads started!

[ 1s ] thds: 1 tps: 1543.86 qps: 4632.59 (r/w/o: 4632.59/0.00/0.00) lat (ms,95%): 0.73 err/s: 0.00 reconn/s: 0.00
[ 2s ] thds: 1 tps: 1584.46 qps: 4752.38 (r/w/o: 4752.38/0.00/0.00) lat (ms,95%): 0.70 err/s: 0.00 reconn/s: 0.00
[ 3s ] thds: 1 tps: 1581.01 qps: 4743.04 (r/w/o: 4743.04/0.00/0.00) lat (ms,95%): 0.70 err/s: 0.00 reconn/s: 0.00
[ 4s ] thds: 1 tps: 1582.98 qps: 4750.94 (r/w/o: 4750.94/0.00/0.00) lat (ms,95%): 0.70 err/s: 0.00 reconn/s: 0.00
[ 5s ] thds: 1 tps: 1564.98 qps: 4692.94 (r/w/o: 4692.94/0.00/0.00) lat (ms,95%): 0.72 err/s: 0.00 reconn/s: 0.00
[ 6s ] thds: 1 tps: 1577.02 qps: 4731.06 (r/w/o: 4731.06/0.00/0.00) lat (ms,95%): 0.72 err/s: 0.00 reconn/s: 0.00
[ 7s ] thds: 1 tps: 1577.92 qps: 4735.77 (r/w/o: 4735.77/0.00/0.00) lat (ms,95%): 0.72 err/s: 0.00 reconn/s: 0.00
[ 8s ] thds: 1 tps: 1577.07 qps: 4730.22 (r/w/o: 4730.22/0.00/0.00) lat (ms,95%): 0.70 err/s: 0.00 reconn/s: 0.00
SQL statistics:
    queries performed:
        read:                            37773
        write:                           0
        other:                           0
        total:                           37773
    transactions:                        12591  (1573.62 per sec.)
    queries:                             37773  (4720.86 per sec.)
    ignored errors:                      0      (0.00 per sec.)
    reconnects:                          0      (0.00 per sec.)

General statistics:
    total time:                          8.0009s
    total number of events:              12591

Latency (ms):
         min:                                    0.56
         avg:                                    0.63
         max:                                    8.64
         95th percentile:                        0.72
         sum:                                 7988.10

Threads fairness:
    events (avg/stddev):           12591.0000/0.00
    execution time (avg/stddev):   7.9881/0.00

