sysbench 1.0.20 (using system LuaJIT 2.1.0-beta3)

Running the test with following options:
Number of threads: 4
Report intermediate results every 2 second(s)
Initializing random number generator from current time


Initializing worker threads...

Threads started!

[ 2s ] thds: 4 tps: 3392.51 qps: 10180.03 (r/w/o: 10180.03/0.00/0.00) lat (ms,95%): 1.52 err/s: 0.00 reconn/s: 0.00
[ 4s ] thds: 4 tps: 3437.49 qps: 10312.47 (r/w/o: 10312.47/0.00/0.00) lat (ms,95%): 1.52 err/s: 0.00 reconn/s: 0.00
[ 6s ] thds: 4 tps: 3312.77 qps: 9936.30 (r/w/o: 9936.30/0.00/0.00) lat (ms,95%): 1.64 err/s: 0.00 reconn/s: 0.00
[ 8s ] thds: 4 tps: 3456.30 qps: 10369.41 (r/w/o: 10369.41/0.00/0.00) lat (ms,95%): 1.50 err/s: 0.00 reconn/s: 0.00
[ 10s ] thds: 4 tps: 3469.50 qps: 10408.99 (r/w/o: 10408.99/0.00/0.00) lat (ms,95%): 1.50 err/s: 0.00 reconn/s: 0.00
[ 12s ] thds: 4 tps: 3477.93 qps: 10434.29 (r/w/o: 10434.29/0.00/0.00) lat (ms,95%): 1.50 err/s: 0.00 reconn/s: 0.00
[ 14s ] thds: 4 tps: 3442.04 qps: 10326.11 (r/w/o: 10326.11/0.00/0.00) lat (ms,95%): 1.50 err/s: 0.00 reconn/s: 0.00
[ 16s ] thds: 4 tps: 3485.03 qps: 10456.10 (r/w/o: 10456.10/0.00/0.00) lat (ms,95%): 1.47 err/s: 0.00 reconn/s: 0.00
[ 18s ] thds: 4 tps: 3469.48 qps: 10407.95 (r/w/o: 10407.95/0.00/0.00) lat (ms,95%): 1.50 err/s: 0.00 reconn/s: 0.00
SQL statistics:
    queries performed:
        read:                            185676
        write:                           0
        other:                           0
        total:                           185676
    transactions:                        61892  (3438.09 per sec.)
    queries:                             185676 (10314.27 per sec.)
    ignored errors:                      0      (0.00 per sec.)
    reconnects:                          0      (0.00 per sec.)

General statistics:
    total time:                          18.0015s
    total number of events:              61892

Latency (ms):
         min:                                    0.69
         avg:                                    1.16
         max:                                   19.34
         95th percentile:                        1.52
         sum:                                71925.15

Threads fairness:
    events (avg/stddev):           15473.0000/52.40
    execution time (avg/stddev):   17.9813/0.00

