sysbench 1.0.20 (using system LuaJIT 2.1.0-beta3)

Running the test with following options:
Number of threads: 1
Report intermediate results every 1 second(s)
Initializing random number generator from current time


Initializing worker threads...

Threads started!

[ 1s ] thds: 1 tps: 5928.23 qps: 5928.23 (r/w/o: 5928.23/0.00/0.00) lat (ms,95%): 0.19 err/s: 0.00 reconn/s: 0.00
[ 2s ] thds: 1 tps: 5954.65 qps: 5954.65 (r/w/o: 5954.65/0.00/0.00) lat (ms,95%): 0.19 err/s: 0.00 reconn/s: 0.00
[ 3s ] thds: 1 tps: 5848.54 qps: 5848.54 (r/w/o: 5848.54/0.00/0.00) lat (ms,95%): 0.20 err/s: 0.00 reconn/s: 0.00
[ 4s ] thds: 1 tps: 5930.83 qps: 5930.83 (r/w/o: 5930.83/0.00/0.00) lat (ms,95%): 0.20 err/s: 0.00 reconn/s: 0.00
[ 5s ] thds: 1 tps: 5828.68 qps: 5828.68 (r/w/o: 5828.68/0.00/0.00) lat (ms,95%): 0.20 err/s: 0.00 reconn/s: 0.00
[ 6s ] thds: 1 tps: 5892.27 qps: 5892.27 (r/w/o: 5892.27/0.00/0.00) lat (ms,95%): 0.20 err/s: 0.00 reconn/s: 0.00
[ 7s ] thds: 1 tps: 5929.89 qps: 5929.89 (r/w/o: 5929.89/0.00/0.00) lat (ms,95%): 0.19 err/s: 0.00 reconn/s: 0.00
SQL statistics:
    queries performed:
        read:                            47331
        write:                           0
        other:                           0
        total:                           47331
    transactions:                        47331  (5915.62 per sec.)
    queries:                             47331  (5915.62 per sec.)
    ignored errors:                      0      (0.00 per sec.)
    reconnects:                          0      (0.00 per sec.)

General statistics:
    total time:                          8.0007s
    total number of events:              47331

Latency (ms):
         min:                                    0.14
         avg:                                    0.17
         max:                                    7.64
         95th percentile:                        0.20
         sum:                                 7957.85

Threads fairness:
    events (avg/stddev):           47331.0000/0.00
    execution time (avg/stddev):   7.9579/0.00

