sysbench 1.0.20 (using system LuaJIT 2.1.0-beta3)

Running the test with following options:
Number of threads: 1
Report intermediate results every 1 second(s)
Initializing random number generator from current time


Initializing worker threads...

Threads started!

[ 1s ] thds: 1 tps: 4536.68 qps: 4536.68 (r/w/o: 4536.68/0.00/0.00) lat (ms,95%): 0.24 err/s: 0.00 reconn/s: 0.00
[ 2s ] thds: 1 tps: 4549.26 qps: 4549.26 (r/w/o: 4549.26/0.00/0.00) lat (ms,95%): 0.24 err/s: 0.00 reconn/s: 0.00
[ 3s ] thds: 1 tps: 4592.70 qps: 4592.70 (r/w/o: 4592.70/0.00/0.00) lat (ms,95%): 0.24 err/s: 0.00 reconn/s: 0.00
[ 4s ] thds: 1 tps: 4609.87 qps: 4609.87 (r/w/o: 4609.87/0.00/0.00) lat (ms,95%): 0.24 err/s: 0.00 reconn/s: 0.00
[ 5s ] thds: 1 tps: 4606.42 qps: 4606.42 (r/w/o: 4606.42/0.00/0.00) lat (ms,95%): 0.24 err/s: 0.00 reconn/s: 0.00
[ 6s ] thds: 1 tps: 4542.95 qps: 4542.95 (r/w/o: 4542.95/0.00/0.00) lat (ms,95%): 0.24 err/s: 0.00 reconn/s: 0.00
[ 7s ] thds: 1 tps: 4617.57 qps: 4618.57 (r/w/o: 4618.57/0.00/0.00) lat (ms,95%): 0.24 err/s: 0.00 reconn/s: 0.00
[ 8s ] thds: 1 tps: 4621.44 qps: 4620.44 (r/w/o: 4620.44/0.00/0.00) lat (ms,95%): 0.24 err/s: 0.00 reconn/s: 0.00
SQL statistics:
    queries performed:
        read:                            36680
        write:                           0
        other:                           0
        total:                           36680
    transactions:                        36680  (4584.40 per sec.)
    queries:                             36680  (4584.40 per sec.)
    ignored errors:                      0      (0.00 per sec.)
    reconnects:                          0      (0.00 per sec.)

General statistics:
    total time:                          8.0007s
    total number of events:              36680

Latency (ms):
         min:                                    0.19
         avg:                                    0.22
         max:                                    7.86
         95th percentile:                        0.24
         sum:                                 7968.01

Threads fairness:
    events (avg/stddev):           36680.0000/0.00
    execution time (avg/stddev):   7.9680/0.00

