sysbench 1.0.20 (using system LuaJIT 2.1.0-beta3)

Running the test with following options:
Number of threads: 1
Report intermediate results every 1 second(s)
Initializing random number generator from current time


Initializing worker threads...

Threads started!

[ 1s ] thds: 1 tps: 1371.08 qps: 1371.08 (r/w/o: 1371.08/0.00/0.00) lat (ms,95%): 0.75 err/s: 0.00 reconn/s: 0.00
[ 2s ] thds: 1 tps: 1398.35 qps: 1398.35 (r/w/o: 1398.35/0.00/0.00) lat (ms,95%): 0.74 err/s: 0.00 reconn/s: 0.00
[ 3s ] thds: 1 tps: 1391.74 qps: 1391.74 (r/w/o: 1391.74/0.00/0.00) lat (ms,95%): 0.75 err/s: 0.00 reconn/s: 0.00
[ 4s ] thds: 1 tps: 1394.26 qps: 1394.26 (r/w/o: 1394.26/0.00/0.00) lat (ms,95%): 0.75 err/s: 0.00 reconn/s: 0.00
[ 5s ] thds: 1 tps: 1396.00 qps: 1396.00 (r/w/o: 1396.00/0.00/0.00) lat (ms,95%): 0.74 err/s: 0.00 reconn/s: 0.00
[ 6s ] thds: 1 tps: 1396.01 qps: 1396.01 (r/w/o: 1396.01/0.00/0.00) lat (ms,95%): 0.74 err/s: 0.00 reconn/s: 0.00
[ 7s ] thds: 1 tps: 1390.97 qps: 1390.97 (r/w/o: 1390.97/0.00/0.00) lat (ms,95%): 0.74 err/s: 0.00 reconn/s: 0.00
[ 8s ] thds: 1 tps: 1403.03 qps: 1403.03 (r/w/o: 1403.03/0.00/0.00) lat (ms,95%): 0.74 err/s: 0.00 reconn/s: 0.00
SQL statistics:
    queries performed:
        read:                            11143
        write:                           0
        other:                           0
        total:                           11143
    transactions:                        11143  (1392.63 per sec.)
    queries:                             11143  (1392.63 per sec.)
    ignored errors:                      0      (0.00 per sec.)
    reconnects:                          0      (0.00 per sec.)

General statistics:
    total time:                          8.0011s
    total number of events:              11143

Latency (ms):
         min:                                    0.66
         avg:                                    0.72
         max:                                    8.68
         95th percentile:                        0.74
         sum:                                 7990.72

Threads fairness:
    events (avg/stddev):           11143.0000/0.00
    execution time (avg/stddev):   7.9907/0.00

