sysbench 1.0.20 (using system LuaJIT 2.1.0-beta3)

Running the test with following options:
Number of threads: 1
Report intermediate results every 1 second(s)
Initializing random number generator from current time


Initializing worker threads...

Threads started!

[ 1s ] thds: 1 tps: 1570.85 qps: 4714.54 (r/w/o: 4714.54/0.00/0.00) lat (ms,95%): 0.72 err/s: 0.00 reconn/s: 0.00
[ 2s ] thds: 1 tps: 1591.48 qps: 4774.43 (r/w/o: 4774.43/0.00/0.00) lat (ms,95%): 0.70 err/s: 0.00 reconn/s: 0.00
[ 3s ] thds: 1 tps: 1518.80 qps: 4555.39 (r/w/o: 4555.39/0.00/0.00) lat (ms,95%): 0.73 err/s: 0.00 reconn/s: 0.00
[ 4s ] thds: 1 tps: 1585.08 qps: 4756.24 (r/w/o: 4756.24/0.00/0.00) lat (ms,95%): 0.70 err/s: 0.00 reconn/s: 0.00
[ 5s ] thds: 1 tps: 1585.06 qps: 4755.19 (r/w/o: 4755.19/0.00/0.00) lat (ms,95%): 0.72 err/s: 0.00 reconn/s: 0.00
[ 6s ] thds: 1 tps: 1572.96 qps: 4717.87 (r/w/o: 4717.87/0.00/0.00) lat (ms,95%): 0.72 err/s: 0.00 reconn/s: 0.00
[ 7s ] thds: 1 tps: 1573.06 qps: 4720.18 (r/w/o: 4720.18/0.00/0.00) lat (ms,95%): 0.72 err/s: 0.00 reconn/s: 0.00
[ 8s ] thds: 1 tps: 1548.92 qps: 4646.75 (r/w/o: 4646.75/0.00/0.00) lat (ms,95%): 0.72 err/s: 0.00 reconn/s: 0.00
SQL statistics:
    queries performed:
        read:                            37644
        write:                           0
        other:                           0
        total:                           37644
    transactions:                        12548  (1568.29 per sec.)
    queries:                             37644  (4704.86 per sec.)
    ignored errors:                      0      (0.00 per sec.)
    reconnects:                          0      (0.00 per sec.)

General statistics:
    total time:                          8.0007s
    total number of events:              12548

Latency (ms):
         min:                                    0.56
         avg:                                    0.64
         max:                                    8.03
         95th percentile:                        0.72
         sum:                                 7987.22

Threads fairness:
    events (avg/stddev):           12548.0000/0.00
    execution time (avg/stddev):   7.9872/0.00

