sysbench 1.0.20 (using system LuaJIT 2.1.0-beta3)

Running the test with following options:
Number of threads: 4
Report intermediate results every 2 second(s)
Initializing random number generator from current time


Initializing worker threads...

Threads started!

[ 2s ] thds: 4 tps: 3891.35 qps: 11675.55 (r/w/o: 11675.55/0.00/0.00) lat (ms,95%): 1.30 err/s: 0.00 reconn/s: 0.00
[ 4s ] thds: 4 tps: 3869.57 qps: 11609.20 (r/w/o: 11609.20/0.00/0.00) lat (ms,95%): 1.34 err/s: 0.00 reconn/s: 0.00
[ 6s ] thds: 4 tps: 3897.99 qps: 11695.47 (r/w/o: 11695.47/0.00/0.00) lat (ms,95%): 1.32 err/s: 0.00 reconn/s: 0.00
[ 8s ] thds: 4 tps: 3915.50 qps: 11744.99 (r/w/o: 11744.99/0.00/0.00) lat (ms,95%): 1.30 err/s: 0.00 reconn/s: 0.00
[ 10s ] thds: 4 tps: 3954.22 qps: 11862.16 (r/w/o: 11862.16/0.00/0.00) lat (ms,95%): 1.30 err/s: 0.00 reconn/s: 0.00
[ 12s ] thds: 4 tps: 3941.25 qps: 11823.74 (r/w/o: 11823.74/0.00/0.00) lat (ms,95%): 1.30 err/s: 0.00 reconn/s: 0.00
[ 14s ] thds: 4 tps: 3942.54 qps: 11829.12 (r/w/o: 11829.12/0.00/0.00) lat (ms,95%): 1.30 err/s: 0.00 reconn/s: 0.00
[ 16s ] thds: 4 tps: 3935.00 qps: 11804.51 (r/w/o: 11804.51/0.00/0.00) lat (ms,95%): 1.30 err/s: 0.00 reconn/s: 0.00
[ 18s ] thds: 4 tps: 3939.50 qps: 11818.49 (r/w/o: 11818.49/0.00/0.00) lat (ms,95%): 1.27 err/s: 0.00 reconn/s: 0.00
SQL statistics:
    queries performed:
        read:                            211740
        write:                           0
        other:                           0
        total:                           211740
    transactions:                        70580  (3920.69 per sec.)
    queries:                             211740 (11762.06 per sec.)
    ignored errors:                      0      (0.00 per sec.)
    reconnects:                          0      (0.00 per sec.)

General statistics:
    total time:                          18.0015s
    total number of events:              70580

Latency (ms):
         min:                                    0.66
         avg:                                    1.02
         max:                                   19.65
         95th percentile:                        1.30
         sum:                                71913.28

Threads fairness:
    events (avg/stddev):           17645.0000/22.75
    execution time (avg/stddev):   17.9783/0.00

