sysbench 1.0.20 (using system LuaJIT 2.1.0-beta3)

Running the test with following options:
Number of threads: 1
Report intermediate results every 1 second(s)
Initializing random number generator from current time


Initializing worker threads...

Threads started!

[ 1s ] thds: 1 tps: 1.00 qps: 1255.88 (r/w/o: 0.00/1250.88/5.00) lat (ms,95%): 802.05 err/s: 0.00 reconn/s: 0.00
[ 2s ] thds: 1 tps: 1.00 qps: 1229.54 (r/w/o: 0.00/1227.54/2.00) lat (ms,95%): 802.05 err/s: 0.00 reconn/s: 0.00
[ 3s ] thds: 1 tps: 1.00 qps: 1206.02 (r/w/o: 0.00/1204.02/2.00) lat (ms,95%): 831.46 err/s: 0.00 reconn/s: 0.00
[ 4s ] thds: 1 tps: 1.00 qps: 1224.99 (r/w/o: 0.00/1222.99/2.00) lat (ms,95%): 816.63 err/s: 0.00 reconn/s: 0.00
[ 5s ] thds: 1 tps: 2.00 qps: 1200.01 (r/w/o: 0.00/1196.01/4.00) lat (ms,95%): 846.57 err/s: 0.00 reconn/s: 0.00
[ 6s ] thds: 1 tps: 1.00 qps: 1233.00 (r/w/o: 0.00/1231.00/2.00) lat (ms,95%): 802.05 err/s: 0.00 reconn/s: 0.00
[ 7s ] thds: 1 tps: 1.00 qps: 1156.84 (r/w/o: 0.00/1154.84/2.00) lat (ms,95%): 861.95 err/s: 0.00 reconn/s: 0.00
[ 8s ] thds: 1 tps: 1.00 qps: 1319.11 (r/w/o: 0.00/1317.11/2.00) lat (ms,95%): 802.05 err/s: 0.00 reconn/s: 0.00
SQL statistics:
    queries performed:
        read:                            0
        write:                           10009
        other:                           21
        total:                           10030
    transactions:                        10     (1.23 per sec.)
    queries:                             10030  (1228.91 per sec.)
    ignored errors:                      0      (0.00 per sec.)
    reconnects:                          0      (0.00 per sec.)

General statistics:
    total time:                          8.1614s
    total number of events:              10

Latency (ms):
         min:                                  772.08
         avg:                                  816.07
         max:                                  867.15
         95th percentile:                      861.95
         sum:                                 8160.68

Threads fairness:
    events (avg/stddev):           10.0000/0.00
    execution time (avg/stddev):   8.1607/0.00

