sysbench 1.0.20 (using system LuaJIT 2.1.0-beta3)

Running the test with following options:
Number of threads: 4
Report intermediate results every 2 second(s)
Initializing random number generator from current time


Initializing worker threads...

Threads started!

[ 2s ] thds: 4 tps: 0.00 qps: 3572.19 (r/w/o: 0.00/891.05/2681.14) lat (ms,95%): 0.00 err/s: 0.00 reconn/s: 0.00
[ 4s ] thds: 4 tps: 0.00 qps: 3742.95 (r/w/o: 0.00/935.74/2807.21) lat (ms,95%): 0.00 err/s: 0.00 reconn/s: 0.00
[ 6s ] thds: 4 tps: 0.00 qps: 3771.94 (r/w/o: 0.00/942.98/2828.95) lat (ms,95%): 0.00 err/s: 0.00 reconn/s: 0.00
[ 8s ] thds: 4 tps: 0.00 qps: 3520.08 (r/w/o: 0.00/880.02/2640.06) lat (ms,95%): 0.00 err/s: 0.00 reconn/s: 0.00
[ 10s ] thds: 4 tps: 0.00 qps: 2777.91 (r/w/o: 0.00/694.48/2083.43) lat (ms,95%): 0.00 err/s: 0.00 reconn/s: 0.00
[ 12s ] thds: 4 tps: 0.00 qps: 2949.97 (r/w/o: 0.00/737.49/2212.48) lat (ms,95%): 0.00 err/s: 0.00 reconn/s: 0.00
[ 14s ] thds: 4 tps: 0.00 qps: 2306.02 (r/w/o: 0.00/576.50/1729.51) lat (ms,95%): 0.00 err/s: 0.00 reconn/s: 0.00
[ 16s ] thds: 4 tps: 0.00 qps: 2602.12 (r/w/o: 0.00/650.53/1951.59) lat (ms,95%): 0.00 err/s: 0.00 reconn/s: 0.00
[ 18s ] thds: 4 tps: 0.00 qps: 3231.84 (r/w/o: 0.00/807.96/2423.88) lat (ms,95%): 0.00 err/s: 0.00 reconn/s: 0.00
[ 20s ] thds: 4 tps: 0.00 qps: 3405.93 (r/w/o: 0.00/851.48/2554.45) lat (ms,95%): 0.00 err/s: 0.00 reconn/s: 0.00
[ 22s ] thds: 4 tps: 0.00 qps: 3602.12 (r/w/o: 0.00/900.53/2701.59) lat (ms,95%): 0.00 err/s: 0.00 reconn/s: 0.00
[ 24s ] thds: 4 tps: 0.00 qps: 4147.98 (r/w/o: 0.00/1036.99/3110.98) lat (ms,95%): 0.00 err/s: 0.00 reconn/s: 0.00
[ 26s ] thds: 4 tps: 0.00 qps: 4088.15 (r/w/o: 0.00/1022.04/3066.11) lat (ms,95%): 0.00 err/s: 0.00 reconn/s: 0.00
SQL statistics:
    queries performed:
        read:                            0
        write:                           22000
        other:                           66016
        total:                           88016
    transactions:                        4      (0.15 per sec.)
    queries:                             88016  (3362.38 per sec.)
    ignored errors:                      0      (0.00 per sec.)
    reconnects:                          0      (0.00 per sec.)

General statistics:
    total time:                          26.1763s
    total number of events:              4

Latency (ms):
         min:                                26175.23
         avg:                                26175.25
         max:                                26175.28
         95th percentile:                    26382.13
         sum:                               104701.00

Threads fairness:
    events (avg/stddev):           1.0000/0.00
    execution time (avg/stddev):   26.1753/0.00

