sysbench 1.0.20 (using system LuaJIT 2.1.0-beta3)

Running the test with following options:
Number of threads: 1
Report intermediate results every 1 second(s)
Initializing random number generator from current time


Initializing worker threads...

Threads started!

[ 1s ] thds: 1 tps: 256.80 qps: 256.80 (r/w/o: 256.80/0.00/0.00) lat (ms,95%): 4.18 err/s: 0.00 reconn/s: 0.00
[ 2s ] thds: 1 tps: 259.08 qps: 259.08 (r/w/o: 259.08/0.00/0.00) lat (ms,95%): 4.10 err/s: 0.00 reconn/s: 0.00
[ 3s ] thds: 1 tps: 265.00 qps: 265.00 (r/w/o: 265.00/0.00/0.00) lat (ms,95%): 4.18 err/s: 0.00 reconn/s: 0.00
[ 4s ] thds: 1 tps: 264.01 qps: 264.01 (r/w/o: 264.01/0.00/0.00) lat (ms,95%): 4.18 err/s: 0.00 reconn/s: 0.00
[ 5s ] thds: 1 tps: 262.99 qps: 262.99 (r/w/o: 262.99/0.00/0.00) lat (ms,95%): 4.18 err/s: 0.00 reconn/s: 0.00
[ 6s ] thds: 1 tps: 264.01 qps: 264.01 (r/w/o: 264.01/0.00/0.00) lat (ms,95%): 4.18 err/s: 0.00 reconn/s: 0.00
[ 7s ] thds: 1 tps: 259.99 qps: 259.99 (r/w/o: 259.99/0.00/0.00) lat (ms,95%): 4.18 err/s: 0.00 reconn/s: 0.00
[ 8s ] thds: 1 tps: 263.00 qps: 263.00 (r/w/o: 263.00/0.00/0.00) lat (ms,95%): 4.18 err/s: 0.00 reconn/s: 0.00
SQL statistics:
    queries performed:
        read:                            2096
        write:                           0
        other:                           0
        total:                           2096
    transactions:                        2096   (261.88 per sec.)
    queries:                             2096   (261.88 per sec.)
    ignored errors:                      0      (0.00 per sec.)
    reconnects:                          0      (0.00 per sec.)

General statistics:
    total time:                          8.0034s
    total number of events:              2096

Latency (ms):
         min:                                    3.37
         avg:                                    3.82
         max:                                   12.61
         95th percentile:                        4.18
         sum:                                 8000.08

Threads fairness:
    events (avg/stddev):           2096.0000/0.00
    execution time (avg/stddev):   8.0001/0.00

