sysbench 1.0.20 (using system LuaJIT 2.1.1725453128)

Running the test with following options:
Number of threads: 8
Report intermediate results every 4 second(s)
Initializing random number generator from current time


Initializing worker threads...

Threads started!

[ 4s ] thds: 8 tps: 0.00 qps: 33796.14 (r/w/o: 0.00/4223.52/29572.62) lat (ms,95%): 0.00 err/s: 0.00 reconn/s: 0.00
[ 8s ] thds: 8 tps: 2.00 qps: 34553.44 (r/w/o: 0.00/4356.51/30196.93) lat (ms,95%): 0.00 err/s: 4.00 reconn/s: 0.00
[ 12s ] thds: 8 tps: 2.00 qps: 34609.40 (r/w/o: 0.00/4351.00/30258.40) lat (ms,95%): 0.00 err/s: 6.75 reconn/s: 0.00
[ 16s ] thds: 8 tps: 2.00 qps: 33966.42 (r/w/o: 0.00/4296.46/29669.96) lat (ms,95%): 0.00 err/s: 8.75 reconn/s: 0.00
[ 20s ] thds: 8 tps: 0.00 qps: 36078.62 (r/w/o: 0.00/4509.83/31568.80) lat (ms,95%): 0.00 err/s: 0.00 reconn/s: 0.00
[ 24s ] thds: 8 tps: 2.00 qps: 34370.25 (r/w/o: 0.00/4301.35/30068.90) lat (ms,95%): 0.00 err/s: 1.50 reconn/s: 0.00
[ 28s ] thds: 8 tps: 2.00 qps: 34154.11 (r/w/o: 0.00/4326.57/29827.53) lat (ms,95%): 0.00 err/s: 10.00 reconn/s: 0.00
[ 32s ] thds: 8 tps: 2.00 qps: 34278.96 (r/w/o: 0.00/4306.97/29971.99) lat (ms,95%): 0.00 err/s: 4.50 reconn/s: 0.00
SQL statistics:
    queries performed:
        read:                            0
        write:                           155547
        other:                           1082548
        total:                           1238095
    transactions:                        56     (1.56 per sec.)
    queries:                             1238095 (34495.12 per sec.)
    ignored errors:                      142    (3.96 per sec.)
    reconnects:                          0      (0.00 per sec.)

General statistics:
    total time:                          35.8917s
    total number of events:              56

Latency (ms):
         min:                                 5048.84
         avg:                                 5127.12
         max:                                 5241.83
         95th percentile:                        0.00
         sum:                               287118.75

Threads fairness:
    events (avg/stddev):           7.0000/0.00
    execution time (avg/stddev):   35.8898/0.00

