sysbench 1.0.20 (using system LuaJIT 2.1.1725453128)

Running the test with following options:
Number of threads: 8
Report intermediate results every 4 second(s)
Initializing random number generator from current time


Initializing worker threads...

Threads started!

[ 4s ] thds: 8 tps: 410.68 qps: 410.68 (r/w/o: 410.68/0.00/0.00) lat (ms,95%): 0.00 err/s: 0.00 reconn/s: 0.00
[ 8s ] thds: 8 tps: 417.51 qps: 417.51 (r/w/o: 417.51/0.00/0.00) lat (ms,95%): 0.00 err/s: 0.00 reconn/s: 0.00
[ 12s ] thds: 8 tps: 417.25 qps: 417.25 (r/w/o: 417.25/0.00/0.00) lat (ms,95%): 0.00 err/s: 0.00 reconn/s: 0.00
[ 16s ] thds: 8 tps: 419.33 qps: 419.33 (r/w/o: 419.33/0.00/0.00) lat (ms,95%): 0.00 err/s: 0.00 reconn/s: 0.00
[ 20s ] thds: 8 tps: 419.55 qps: 419.55 (r/w/o: 419.55/0.00/0.00) lat (ms,95%): 0.00 err/s: 0.00 reconn/s: 0.00
[ 24s ] thds: 8 tps: 419.34 qps: 419.34 (r/w/o: 419.34/0.00/0.00) lat (ms,95%): 0.00 err/s: 0.00 reconn/s: 0.00
[ 28s ] thds: 8 tps: 419.05 qps: 419.05 (r/w/o: 419.05/0.00/0.00) lat (ms,95%): 0.00 err/s: 0.00 reconn/s: 0.00
[ 32s ] thds: 8 tps: 419.50 qps: 419.50 (r/w/o: 419.50/0.00/0.00) lat (ms,95%): 0.00 err/s: 0.00 reconn/s: 0.00
SQL statistics:
    queries performed:
        read:                            13376
        write:                           0
        other:                           0
        total:                           13376
    transactions:                        13376  (417.79 per sec.)
    queries:                             13376  (417.79 per sec.)
    ignored errors:                      0      (0.00 per sec.)
    reconnects:                          0      (0.00 per sec.)

General statistics:
    total time:                          32.0160s
    total number of events:              13376

Latency (ms):
         min:                                   15.57
         avg:                                   19.14
         max:                                   59.68
         95th percentile:                        0.00
         sum:                               256042.73

Threads fairness:
    events (avg/stddev):           1672.0000/4.58
    execution time (avg/stddev):   32.0053/0.00

