sysbench 1.0.20 (using system LuaJIT 2.1.0-beta3)

Running the test with following options:
Number of threads: 1
Report intermediate results every 1 second(s)
Initializing random number generator from current time


Initializing worker threads...

Threads started!

[ 1s ] thds: 1 tps: 0.00 qps: 1029.06 (r/w/o: 0.00/1026.06/3.00) lat (ms,95%): 0.00 err/s: 0.00 reconn/s: 0.00
[ 2s ] thds: 1 tps: 0.00 qps: 1002.51 (r/w/o: 0.00/1002.51/0.00) lat (ms,95%): 0.00 err/s: 0.00 reconn/s: 0.00
[ 3s ] thds: 1 tps: 0.00 qps: 1041.93 (r/w/o: 0.00/1041.93/0.00) lat (ms,95%): 0.00 err/s: 0.00 reconn/s: 0.00
[ 4s ] thds: 1 tps: 1.00 qps: 1067.00 (r/w/o: 0.00/1065.00/2.00) lat (ms,95%): 3841.98 err/s: 0.00 reconn/s: 0.00
[ 5s ] thds: 1 tps: 0.00 qps: 1027.00 (r/w/o: 0.00/1027.00/0.00) lat (ms,95%): 0.00 err/s: 0.00 reconn/s: 0.00
[ 6s ] thds: 1 tps: 0.00 qps: 1056.01 (r/w/o: 0.00/1056.01/0.00) lat (ms,95%): 0.00 err/s: 0.00 reconn/s: 0.00
[ 7s ] thds: 1 tps: 0.00 qps: 1003.00 (r/w/o: 0.00/1003.00/0.00) lat (ms,95%): 0.00 err/s: 0.00 reconn/s: 0.00
[ 8s ] thds: 1 tps: 1.00 qps: 982.92 (r/w/o: 0.00/980.92/2.00) lat (ms,95%): 3911.79 err/s: 0.00 reconn/s: 0.00
[ 9s ] thds: 1 tps: 0.00 qps: 1057.05 (r/w/o: 0.00/1057.05/0.00) lat (ms,95%): 0.00 err/s: 0.00 reconn/s: 0.00
[ 10s ] thds: 1 tps: 0.00 qps: 1039.03 (r/w/o: 0.00/1039.03/0.00) lat (ms,95%): 0.00 err/s: 0.00 reconn/s: 0.00
[ 11s ] thds: 1 tps: 0.00 qps: 1000.01 (r/w/o: 0.00/1000.01/0.00) lat (ms,95%): 0.00 err/s: 0.00 reconn/s: 0.00
SQL statistics:
    queries performed:
        read:                            0
        write:                           12002
        other:                           7
        total:                           12009
    transactions:                        3      (0.26 per sec.)
    queries:                             12009  (1026.05 per sec.)
    ignored errors:                      0      (0.00 per sec.)
    reconnects:                          0      (0.00 per sec.)

General statistics:
    total time:                          11.7037s
    total number of events:              3

Latency (ms):
         min:                                 3823.67
         avg:                                 3901.03
         max:                                 3944.55
         95th percentile:                     3911.79
         sum:                                11703.09

Threads fairness:
    events (avg/stddev):           3.0000/0.00
    execution time (avg/stddev):   11.7031/0.00

