sysbench 1.0.20 (using system LuaJIT 2.1.1725453128)

Running the test with following options:
Number of threads: 8
Report intermediate results every 4 second(s)
Initializing random number generator from current time


Initializing worker threads...

Threads started!

[ 4s ] thds: 8 tps: 41.94 qps: 43078.43 (r/w/o: 0.00/5378.91/37699.52) lat (ms,95%): 0.00 err/s: 0.00 reconn/s: 0.00
[ 8s ] thds: 8 tps: 44.00 qps: 43282.29 (r/w/o: 0.00/5402.22/37880.06) lat (ms,95%): 0.00 err/s: 0.00 reconn/s: 0.00
[ 12s ] thds: 8 tps: 42.04 qps: 43456.00 (r/w/o: 0.00/5424.56/38031.45) lat (ms,95%): 0.00 err/s: 0.00 reconn/s: 0.00
[ 16s ] thds: 8 tps: 43.97 qps: 43458.27 (r/w/o: 0.00/5424.23/38034.05) lat (ms,95%): 0.00 err/s: 0.00 reconn/s: 0.00
[ 20s ] thds: 8 tps: 44.04 qps: 43417.28 (r/w/o: 0.00/5418.15/37999.13) lat (ms,95%): 0.00 err/s: 0.00 reconn/s: 0.00
[ 24s ] thds: 8 tps: 41.95 qps: 43430.52 (r/w/o: 0.00/5419.33/38011.20) lat (ms,95%): 0.00 err/s: 0.00 reconn/s: 0.00
[ 28s ] thds: 8 tps: 44.03 qps: 43437.89 (r/w/o: 0.00/5421.20/38016.69) lat (ms,95%): 0.00 err/s: 0.00 reconn/s: 0.00
[ 32s ] thds: 8 tps: 41.97 qps: 42731.54 (r/w/o: 0.00/5333.04/37398.50) lat (ms,95%): 0.00 err/s: 0.00 reconn/s: 0.00
SQL statistics:
    queries performed:
        read:                            0
        write:                           173259
        other:                           1214893
        total:                           1388152
    transactions:                        1384   (43.15 per sec.)
    queries:                             1388152 (43284.24 per sec.)
    ignored errors:                      0      (0.00 per sec.)
    reconnects:                          0      (0.00 per sec.)

General statistics:
    total time:                          32.0703s
    total number of events:              1384

Latency (ms):
         min:                                  179.99
         avg:                                  185.37
         max:                                  219.43
         95th percentile:                        0.00
         sum:                               256547.05

Threads fairness:
    events (avg/stddev):           173.0000/0.00
    execution time (avg/stddev):   32.0684/0.00

