sysbench 1.0.20 (using system LuaJIT 2.1.0-beta3)

Running the test with following options:
Number of threads: 1
Report intermediate results every 1 second(s)
Initializing random number generator from current time


Initializing worker threads...

Threads started!

[ 1s ] thds: 1 tps: 4412.87 qps: 4412.87 (r/w/o: 4412.87/0.00/0.00) lat (ms,95%): 0.25 err/s: 0.00 reconn/s: 0.00
[ 2s ] thds: 1 tps: 4475.74 qps: 4475.74 (r/w/o: 4475.74/0.00/0.00) lat (ms,95%): 0.25 err/s: 0.00 reconn/s: 0.00
[ 3s ] thds: 1 tps: 4503.28 qps: 4503.28 (r/w/o: 4503.28/0.00/0.00) lat (ms,95%): 0.25 err/s: 0.00 reconn/s: 0.00
[ 4s ] thds: 1 tps: 4547.69 qps: 4547.69 (r/w/o: 4547.69/0.00/0.00) lat (ms,95%): 0.24 err/s: 0.00 reconn/s: 0.00
[ 5s ] thds: 1 tps: 4561.30 qps: 4561.30 (r/w/o: 4561.30/0.00/0.00) lat (ms,95%): 0.24 err/s: 0.00 reconn/s: 0.00
[ 6s ] thds: 1 tps: 4546.17 qps: 4546.17 (r/w/o: 4546.17/0.00/0.00) lat (ms,95%): 0.24 err/s: 0.00 reconn/s: 0.00
[ 7s ] thds: 1 tps: 4503.57 qps: 4503.57 (r/w/o: 4503.57/0.00/0.00) lat (ms,95%): 0.25 err/s: 0.00 reconn/s: 0.00
SQL statistics:
    queries performed:
        read:                            36098
        write:                           0
        other:                           0
        total:                           36098
    transactions:                        36098  (4511.66 per sec.)
    queries:                             36098  (4511.66 per sec.)
    ignored errors:                      0      (0.00 per sec.)
    reconnects:                          0      (0.00 per sec.)

General statistics:
    total time:                          8.0007s
    total number of events:              36098

Latency (ms):
         min:                                    0.20
         avg:                                    0.22
         max:                                    7.73
         95th percentile:                        0.25
         sum:                                 7967.30

Threads fairness:
    events (avg/stddev):           36098.0000/0.00
    execution time (avg/stddev):   7.9673/0.00

