sysbench 1.0.20 (using system LuaJIT 2.1.0-beta3)

Running the test with following options:
Number of threads: 1
Report intermediate results every 1 second(s)
Initializing random number generator from current time


Initializing worker threads...

Threads started!

[ 1s ] thds: 1 tps: 0.00 qps: 1296.82 (r/w/o: 0.00/1293.82/3.00) lat (ms,95%): 0.00 err/s: 0.00 reconn/s: 0.00
[ 2s ] thds: 1 tps: 0.00 qps: 1306.60 (r/w/o: 0.00/1306.60/0.00) lat (ms,95%): 0.00 err/s: 0.00 reconn/s: 0.00
[ 3s ] thds: 1 tps: 1.00 qps: 1273.97 (r/w/o: 0.00/1271.97/2.00) lat (ms,95%): 2320.55 err/s: 0.00 reconn/s: 0.00
[ 4s ] thds: 1 tps: 0.00 qps: 1318.96 (r/w/o: 0.00/1318.96/0.00) lat (ms,95%): 0.00 err/s: 0.00 reconn/s: 0.00
[ 5s ] thds: 1 tps: 1.00 qps: 1295.00 (r/w/o: 0.00/1293.00/2.00) lat (ms,95%): 2279.14 err/s: 0.00 reconn/s: 0.00
[ 6s ] thds: 1 tps: 0.00 qps: 1294.04 (r/w/o: 0.00/1294.04/0.00) lat (ms,95%): 0.00 err/s: 0.00 reconn/s: 0.00
[ 7s ] thds: 1 tps: 1.00 qps: 1466.02 (r/w/o: 0.00/1464.02/2.00) lat (ms,95%): 2238.47 err/s: 0.00 reconn/s: 0.00
[ 8s ] thds: 1 tps: 0.00 qps: 1551.98 (r/w/o: 0.00/1551.98/0.00) lat (ms,95%): 0.00 err/s: 0.00 reconn/s: 0.00
SQL statistics:
    queries performed:
        read:                            0
        write:                           12003
        other:                           9
        total:                           12012
    transactions:                        4      (0.45 per sec.)
    queries:                             12012  (1364.02 per sec.)
    ignored errors:                      0      (0.00 per sec.)
    reconnects:                          0      (0.00 per sec.)

General statistics:
    total time:                          8.8059s
    total number of events:              4

Latency (ms):
         min:                                 1971.41
         avg:                                 2201.34
         max:                                 2320.73
         95th percentile:                     2320.55
         sum:                                 8805.36

Threads fairness:
    events (avg/stddev):           4.0000/0.00
    execution time (avg/stddev):   8.8054/0.00

