sysbench 1.0.20 (using system LuaJIT 2.1.0-beta3)

Running the test with following options:
Number of threads: 1
Report intermediate results every 1 second(s)
Initializing random number generator from current time


Initializing worker threads...

Threads started!

[ 1s ] thds: 1 tps: 4507.97 qps: 4507.97 (r/w/o: 4507.97/0.00/0.00) lat (ms,95%): 0.24 err/s: 0.00 reconn/s: 0.00
[ 2s ] thds: 1 tps: 4484.92 qps: 4484.92 (r/w/o: 4484.92/0.00/0.00) lat (ms,95%): 0.25 err/s: 0.00 reconn/s: 0.00
[ 3s ] thds: 1 tps: 4227.02 qps: 4227.02 (r/w/o: 4227.02/0.00/0.00) lat (ms,95%): 0.26 err/s: 0.00 reconn/s: 0.00
[ 4s ] thds: 1 tps: 4414.70 qps: 4414.70 (r/w/o: 4414.70/0.00/0.00) lat (ms,95%): 0.25 err/s: 0.00 reconn/s: 0.00
[ 5s ] thds: 1 tps: 4573.24 qps: 4573.24 (r/w/o: 4573.24/0.00/0.00) lat (ms,95%): 0.24 err/s: 0.00 reconn/s: 0.00
[ 6s ] thds: 1 tps: 4570.82 qps: 4570.82 (r/w/o: 4570.82/0.00/0.00) lat (ms,95%): 0.24 err/s: 0.00 reconn/s: 0.00
[ 7s ] thds: 1 tps: 4507.25 qps: 4507.25 (r/w/o: 4507.25/0.00/0.00) lat (ms,95%): 0.25 err/s: 0.00 reconn/s: 0.00
SQL statistics:
    queries performed:
        read:                            35806
        write:                           0
        other:                           0
        total:                           35806
    transactions:                        35806  (4475.14 per sec.)
    queries:                             35806  (4475.14 per sec.)
    ignored errors:                      0      (0.00 per sec.)
    reconnects:                          0      (0.00 per sec.)

General statistics:
    total time:                          8.0007s
    total number of events:              35806

Latency (ms):
         min:                                    0.19
         avg:                                    0.22
         max:                                    7.70
         95th percentile:                        0.25
         sum:                                 7967.79

Threads fairness:
    events (avg/stddev):           35806.0000/0.00
    execution time (avg/stddev):   7.9678/0.00

