sysbench 1.0.20 (using system LuaJIT 2.1.0-beta3)

Running the test with following options:
Number of threads: 1
Report intermediate results every 1 second(s)
Initializing random number generator from current time


Initializing worker threads...

Threads started!

[ 1s ] thds: 1 tps: 2.00 qps: 1004.08 (r/w/o: 0.00/998.09/5.99) lat (ms,95%): 502.20 err/s: 0.00 reconn/s: 0.00
[ 2s ] thds: 1 tps: 2.00 qps: 1021.40 (r/w/o: 0.00/1016.40/5.00) lat (ms,95%): 493.24 err/s: 0.00 reconn/s: 0.00
[ 3s ] thds: 1 tps: 2.00 qps: 1054.08 (r/w/o: 0.00/1050.08/4.00) lat (ms,95%): 493.24 err/s: 0.00 reconn/s: 0.00
[ 4s ] thds: 1 tps: 2.00 qps: 1034.97 (r/w/o: 0.00/1030.97/4.00) lat (ms,95%): 493.24 err/s: 0.00 reconn/s: 0.00
[ 5s ] thds: 1 tps: 2.00 qps: 1014.01 (r/w/o: 0.00/1010.01/4.00) lat (ms,95%): 493.24 err/s: 0.00 reconn/s: 0.00
[ 6s ] thds: 1 tps: 2.00 qps: 1018.01 (r/w/o: 0.00/1014.01/4.00) lat (ms,95%): 502.20 err/s: 0.00 reconn/s: 0.00
[ 7s ] thds: 1 tps: 2.00 qps: 1028.96 (r/w/o: 0.00/1024.96/4.00) lat (ms,95%): 484.44 err/s: 0.00 reconn/s: 0.00
[ 8s ] thds: 1 tps: 2.00 qps: 1060.97 (r/w/o: 0.00/1056.97/4.00) lat (ms,95%): 493.24 err/s: 0.00 reconn/s: 0.00
SQL statistics:
    queries performed:
        read:                            0
        write:                           8499
        other:                           35
        total:                           8534
    transactions:                        17     (2.05 per sec.)
    queries:                             8534   (1029.49 per sec.)
    ignored errors:                      0      (0.00 per sec.)
    reconnects:                          0      (0.00 per sec.)

General statistics:
    total time:                          8.2892s
    total number of events:              17

Latency (ms):
         min:                                  463.81
         avg:                                  487.56
         max:                                  505.65
         95th percentile:                      502.20
         sum:                                 8288.54

Threads fairness:
    events (avg/stddev):           17.0000/0.00
    execution time (avg/stddev):   8.2885/0.00

