sysbench 1.0.20 (using system LuaJIT 2.1.0-beta3)

Running the test with following options:
Number of threads: 4
Report intermediate results every 2 second(s)
Initializing random number generator from current time


Initializing worker threads...

Threads started!

[ 2s ] thds: 4 tps: 290.38 qps: 873.15 (r/w/o: 873.15/0.00/0.00) lat (ms,95%): 15.27 err/s: 0.00 reconn/s: 0.00
[ 4s ] thds: 4 tps: 293.04 qps: 879.13 (r/w/o: 879.13/0.00/0.00) lat (ms,95%): 15.00 err/s: 0.00 reconn/s: 0.00
[ 6s ] thds: 4 tps: 290.50 qps: 869.50 (r/w/o: 869.50/0.00/0.00) lat (ms,95%): 15.55 err/s: 0.00 reconn/s: 0.00
[ 8s ] thds: 4 tps: 288.49 qps: 869.47 (r/w/o: 869.47/0.00/0.00) lat (ms,95%): 15.55 err/s: 0.00 reconn/s: 0.00
[ 10s ] thds: 4 tps: 293.01 qps: 875.52 (r/w/o: 875.52/0.00/0.00) lat (ms,95%): 15.00 err/s: 0.00 reconn/s: 0.00
[ 12s ] thds: 4 tps: 293.50 qps: 882.00 (r/w/o: 882.00/0.00/0.00) lat (ms,95%): 14.73 err/s: 0.00 reconn/s: 0.00
[ 14s ] thds: 4 tps: 294.50 qps: 883.01 (r/w/o: 883.01/0.00/0.00) lat (ms,95%): 14.73 err/s: 0.00 reconn/s: 0.00
[ 16s ] thds: 4 tps: 293.00 qps: 880.50 (r/w/o: 880.50/0.00/0.00) lat (ms,95%): 14.73 err/s: 0.00 reconn/s: 0.00
[ 18s ] thds: 4 tps: 294.50 qps: 882.00 (r/w/o: 882.00/0.00/0.00) lat (ms,95%): 14.73 err/s: 0.00 reconn/s: 0.00
SQL statistics:
    queries performed:
        read:                            15798
        write:                           0
        other:                           0
        total:                           15798
    transactions:                        5266   (292.38 per sec.)
    queries:                             15798  (877.15 per sec.)
    ignored errors:                      0      (0.00 per sec.)
    reconnects:                          0      (0.00 per sec.)

General statistics:
    total time:                          18.0103s
    total number of events:              5266

Latency (ms):
         min:                                    7.96
         avg:                                   13.68
         max:                                   36.57
         95th percentile:                       15.00
         sum:                                72019.12

Threads fairness:
    events (avg/stddev):           1316.5000/5.17
    execution time (avg/stddev):   18.0048/0.00

