sysbench 1.0.20 (using system LuaJIT 2.1.0-beta3)

Running the test with following options:
Number of threads: 4
Report intermediate results every 2 second(s)
Initializing random number generator from current time


Initializing worker threads...

Threads started!

[ 2s ] thds: 4 tps: 0.00 qps: 3775.90 (r/w/o: 0.00/942.48/2833.42) lat (ms,95%): 0.00 err/s: 0.00 reconn/s: 0.00
[ 4s ] thds: 4 tps: 0.00 qps: 3691.26 (r/w/o: 0.00/922.81/2768.44) lat (ms,95%): 0.00 err/s: 0.00 reconn/s: 0.00
[ 6s ] thds: 4 tps: 2.00 qps: 3567.45 (r/w/o: 0.00/895.99/2671.46) lat (ms,95%): 5409.26 err/s: 2.50 reconn/s: 0.00
[ 8s ] thds: 4 tps: 0.00 qps: 3689.98 (r/w/o: 0.00/922.49/2767.48) lat (ms,95%): 0.00 err/s: 0.00 reconn/s: 0.00
[ 10s ] thds: 4 tps: 0.00 qps: 3655.86 (r/w/o: 0.00/913.97/2741.90) lat (ms,95%): 0.00 err/s: 0.00 reconn/s: 0.00
[ 12s ] thds: 4 tps: 2.00 qps: 3583.18 (r/w/o: 0.00/907.05/2676.13) lat (ms,95%): 5507.54 err/s: 4.00 reconn/s: 0.00
[ 14s ] thds: 4 tps: 0.00 qps: 3755.80 (r/w/o: 0.00/938.95/2816.85) lat (ms,95%): 0.00 err/s: 0.00 reconn/s: 0.00
[ 16s ] thds: 4 tps: 0.00 qps: 3741.95 (r/w/o: 0.00/935.49/2806.46) lat (ms,95%): 0.00 err/s: 0.00 reconn/s: 0.00
[ 18s ] thds: 4 tps: 2.00 qps: 3688.65 (r/w/o: 0.00/942.54/2746.11) lat (ms,95%): 5409.26 err/s: 5.50 reconn/s: 0.00
[ 20s ] thds: 4 tps: 0.00 qps: 3717.96 (r/w/o: 0.00/929.49/2788.47) lat (ms,95%): 0.00 err/s: 0.00 reconn/s: 0.00
SQL statistics:
    queries performed:
        read:                            0
        write:                           20141
        other:                           60149
        total:                           80290
    transactions:                        16     (0.74 per sec.)
    queries:                             80290  (3688.44 per sec.)
    ignored errors:                      24     (1.10 per sec.)
    reconnects:                          0      (0.00 per sec.)

General statistics:
    total time:                          21.7677s
    total number of events:              16

Latency (ms):
         min:                                 5391.48
         avg:                                 5441.66
         max:                                 5513.85
         95th percentile:                     5507.54
         sum:                                87066.50

Threads fairness:
    events (avg/stddev):           4.0000/0.00
    execution time (avg/stddev):   21.7666/0.00

