sysbench 1.0.20 (using system LuaJIT 2.1.0-beta3)

Running the test with following options:
Number of threads: 4
Report intermediate results every 3 second(s)
Initializing random number generator from current time


Initializing worker threads...

Threads started!

[ 3s ] thds: 4 tps: 1560.85 qps: 1560.85 (r/w/o: 1560.85/0.00/0.00) lat (ms,95%): 3.25 err/s: 0.00 reconn/s: 0.00
[ 6s ] thds: 4 tps: 1570.15 qps: 1570.15 (r/w/o: 1570.15/0.00/0.00) lat (ms,95%): 3.36 err/s: 0.00 reconn/s: 0.00
[ 9s ] thds: 4 tps: 1576.67 qps: 1576.67 (r/w/o: 1576.67/0.00/0.00) lat (ms,95%): 3.25 err/s: 0.00 reconn/s: 0.00
[ 12s ] thds: 4 tps: 1578.00 qps: 1578.00 (r/w/o: 1578.00/0.00/0.00) lat (ms,95%): 3.30 err/s: 0.00 reconn/s: 0.00
[ 15s ] thds: 4 tps: 1568.67 qps: 1568.67 (r/w/o: 1568.67/0.00/0.00) lat (ms,95%): 3.30 err/s: 0.00 reconn/s: 0.00
[ 18s ] thds: 4 tps: 1576.33 qps: 1576.33 (r/w/o: 1576.33/0.00/0.00) lat (ms,95%): 3.25 err/s: 0.00 reconn/s: 0.00
[ 21s ] thds: 4 tps: 1577.32 qps: 1577.32 (r/w/o: 1577.32/0.00/0.00) lat (ms,95%): 3.25 err/s: 0.00 reconn/s: 0.00
[ 24s ] thds: 4 tps: 1569.35 qps: 1569.35 (r/w/o: 1569.35/0.00/0.00) lat (ms,95%): 3.30 err/s: 0.00 reconn/s: 0.00
[ 27s ] thds: 4 tps: 1578.31 qps: 1578.31 (r/w/o: 1578.31/0.00/0.00) lat (ms,95%): 3.25 err/s: 0.00 reconn/s: 0.00
[ 30s ] thds: 4 tps: 1578.36 qps: 1578.36 (r/w/o: 1578.36/0.00/0.00) lat (ms,95%): 3.30 err/s: 0.00 reconn/s: 0.00
[ 33s ] thds: 4 tps: 1578.33 qps: 1578.33 (r/w/o: 1578.33/0.00/0.00) lat (ms,95%): 3.36 err/s: 0.00 reconn/s: 0.00
[ 36s ] thds: 4 tps: 1579.00 qps: 1579.00 (r/w/o: 1579.00/0.00/0.00) lat (ms,95%): 3.30 err/s: 0.00 reconn/s: 0.00
[ 39s ] thds: 4 tps: 1581.01 qps: 1581.01 (r/w/o: 1581.01/0.00/0.00) lat (ms,95%): 3.30 err/s: 0.00 reconn/s: 0.00
[ 42s ] thds: 4 tps: 1575.66 qps: 1575.66 (r/w/o: 1575.66/0.00/0.00) lat (ms,95%): 3.30 err/s: 0.00 reconn/s: 0.00
[ 45s ] thds: 4 tps: 1581.34 qps: 1581.34 (r/w/o: 1581.34/0.00/0.00) lat (ms,95%): 3.25 err/s: 0.00 reconn/s: 0.00
[ 48s ] thds: 4 tps: 1579.33 qps: 1579.33 (r/w/o: 1579.33/0.00/0.00) lat (ms,95%): 3.30 err/s: 0.00 reconn/s: 0.00
[ 51s ] thds: 4 tps: 1569.53 qps: 1569.53 (r/w/o: 1569.53/0.00/0.00) lat (ms,95%): 3.30 err/s: 0.00 reconn/s: 0.00
[ 54s ] thds: 4 tps: 1554.79 qps: 1554.79 (r/w/o: 1554.79/0.00/0.00) lat (ms,95%): 3.43 err/s: 0.00 reconn/s: 0.00
[ 57s ] thds: 4 tps: 1577.17 qps: 1577.17 (r/w/o: 1577.17/0.00/0.00) lat (ms,95%): 3.25 err/s: 0.00 reconn/s: 0.00
[ 60s ] thds: 4 tps: 1574.84 qps: 1574.84 (r/w/o: 1574.84/0.00/0.00) lat (ms,95%): 3.36 err/s: 0.00 reconn/s: 0.00
SQL statistics:
    queries performed:
        read:                            94460
        write:                           0
        other:                           0
        total:                           94460
    transactions:                        94460  (1574.24 per sec.)
    queries:                             94460  (1574.24 per sec.)
    ignored errors:                      0      (0.00 per sec.)
    reconnects:                          0      (0.00 per sec.)

General statistics:
    total time:                          60.0030s
    total number of events:              94460

Latency (ms):
         min:                                    1.14
         avg:                                    2.54
         max:                                   20.87
         95th percentile:                        3.30
         sum:                               239858.39

Threads fairness:
    events (avg/stddev):           23615.0000/106.12
    execution time (avg/stddev):   59.9646/0.00

