sysbench 1.0.20 (using system LuaJIT 2.1.0-beta3)

Running the test with following options:
Number of threads: 4
Report intermediate results every 3 second(s)
Initializing random number generator from current time


Initializing worker threads...

Threads started!

[ 3s ] thds: 4 tps: 8134.51 qps: 8134.51 (r/w/o: 8134.51/0.00/0.00) lat (ms,95%): 0.68 err/s: 0.00 reconn/s: 0.00
[ 6s ] thds: 4 tps: 8237.52 qps: 8237.52 (r/w/o: 8237.52/0.00/0.00) lat (ms,95%): 0.67 err/s: 0.00 reconn/s: 0.00
[ 9s ] thds: 4 tps: 8268.98 qps: 8268.98 (r/w/o: 8268.98/0.00/0.00) lat (ms,95%): 0.65 err/s: 0.00 reconn/s: 0.00
[ 12s ] thds: 4 tps: 8199.36 qps: 8199.36 (r/w/o: 8199.36/0.00/0.00) lat (ms,95%): 0.67 err/s: 0.00 reconn/s: 0.00
[ 15s ] thds: 4 tps: 8161.45 qps: 8161.45 (r/w/o: 8161.45/0.00/0.00) lat (ms,95%): 0.68 err/s: 0.00 reconn/s: 0.00
[ 18s ] thds: 4 tps: 8205.88 qps: 8205.88 (r/w/o: 8205.88/0.00/0.00) lat (ms,95%): 0.68 err/s: 0.00 reconn/s: 0.00
[ 21s ] thds: 4 tps: 8226.03 qps: 8226.03 (r/w/o: 8226.03/0.00/0.00) lat (ms,95%): 0.67 err/s: 0.00 reconn/s: 0.00
[ 24s ] thds: 4 tps: 8197.66 qps: 8197.66 (r/w/o: 8197.66/0.00/0.00) lat (ms,95%): 0.68 err/s: 0.00 reconn/s: 0.00
[ 27s ] thds: 4 tps: 8220.78 qps: 8220.78 (r/w/o: 8220.78/0.00/0.00) lat (ms,95%): 0.67 err/s: 0.00 reconn/s: 0.00
[ 30s ] thds: 4 tps: 8232.22 qps: 8232.22 (r/w/o: 8232.22/0.00/0.00) lat (ms,95%): 0.67 err/s: 0.00 reconn/s: 0.00
[ 33s ] thds: 4 tps: 8230.34 qps: 8230.34 (r/w/o: 8230.34/0.00/0.00) lat (ms,95%): 0.67 err/s: 0.00 reconn/s: 0.00
[ 36s ] thds: 4 tps: 8224.83 qps: 8224.83 (r/w/o: 8224.83/0.00/0.00) lat (ms,95%): 0.67 err/s: 0.00 reconn/s: 0.00
[ 39s ] thds: 4 tps: 8235.81 qps: 8235.81 (r/w/o: 8235.81/0.00/0.00) lat (ms,95%): 0.67 err/s: 0.00 reconn/s: 0.00
[ 42s ] thds: 4 tps: 8240.99 qps: 8240.99 (r/w/o: 8240.99/0.00/0.00) lat (ms,95%): 0.67 err/s: 0.00 reconn/s: 0.00
[ 45s ] thds: 4 tps: 8265.51 qps: 8265.51 (r/w/o: 8265.51/0.00/0.00) lat (ms,95%): 0.65 err/s: 0.00 reconn/s: 0.00
[ 48s ] thds: 4 tps: 8241.50 qps: 8241.50 (r/w/o: 8241.50/0.00/0.00) lat (ms,95%): 0.67 err/s: 0.00 reconn/s: 0.00
[ 51s ] thds: 4 tps: 8241.03 qps: 8241.03 (r/w/o: 8241.03/0.00/0.00) lat (ms,95%): 0.67 err/s: 0.00 reconn/s: 0.00
[ 54s ] thds: 4 tps: 8176.33 qps: 8176.33 (r/w/o: 8176.33/0.00/0.00) lat (ms,95%): 0.68 err/s: 0.00 reconn/s: 0.00
[ 57s ] thds: 4 tps: 8251.35 qps: 8251.35 (r/w/o: 8251.35/0.00/0.00) lat (ms,95%): 0.67 err/s: 0.00 reconn/s: 0.00
[ 60s ] thds: 4 tps: 8171.98 qps: 8171.98 (r/w/o: 8171.98/0.00/0.00) lat (ms,95%): 0.68 err/s: 0.00 reconn/s: 0.00
SQL statistics:
    queries performed:
        read:                            493100
        write:                           0
        other:                           0
        total:                           493100
    transactions:                        493100 (8218.14 per sec.)
    queries:                             493100 (8218.14 per sec.)
    ignored errors:                      0      (0.00 per sec.)
    reconnects:                          0      (0.00 per sec.)

General statistics:
    total time:                          60.0011s
    total number of events:              493100

Latency (ms):
         min:                                    0.25
         avg:                                    0.49
         max:                                   18.95
         95th percentile:                        0.67
         sum:                               239396.68

Threads fairness:
    events (avg/stddev):           123275.0000/165.08
    execution time (avg/stddev):   59.8492/0.00

