sysbench 1.0.20 (using system LuaJIT 2.1.0-beta3)

Running the test with following options:
Number of threads: 4
Report intermediate results every 3 second(s)
Initializing random number generator from current time


Initializing worker threads...

Threads started!

[ 3s ] thds: 4 tps: 3769.21 qps: 3769.21 (r/w/o: 3769.21/0.00/0.00) lat (ms,95%): 1.42 err/s: 0.00 reconn/s: 0.00
[ 6s ] thds: 4 tps: 3792.09 qps: 3792.09 (r/w/o: 3792.09/0.00/0.00) lat (ms,95%): 1.42 err/s: 0.00 reconn/s: 0.00
[ 9s ] thds: 4 tps: 3777.68 qps: 3777.68 (r/w/o: 3777.68/0.00/0.00) lat (ms,95%): 1.42 err/s: 0.00 reconn/s: 0.00
[ 12s ] thds: 4 tps: 3787.98 qps: 3787.98 (r/w/o: 3787.98/0.00/0.00) lat (ms,95%): 1.42 err/s: 0.00 reconn/s: 0.00
[ 15s ] thds: 4 tps: 3777.63 qps: 3777.63 (r/w/o: 3777.63/0.00/0.00) lat (ms,95%): 1.44 err/s: 0.00 reconn/s: 0.00
[ 18s ] thds: 4 tps: 3786.33 qps: 3786.33 (r/w/o: 3786.33/0.00/0.00) lat (ms,95%): 1.44 err/s: 0.00 reconn/s: 0.00
[ 21s ] thds: 4 tps: 3781.70 qps: 3781.70 (r/w/o: 3781.70/0.00/0.00) lat (ms,95%): 1.42 err/s: 0.00 reconn/s: 0.00
[ 24s ] thds: 4 tps: 3793.35 qps: 3793.35 (r/w/o: 3793.35/0.00/0.00) lat (ms,95%): 1.42 err/s: 0.00 reconn/s: 0.00
[ 27s ] thds: 4 tps: 3787.60 qps: 3787.60 (r/w/o: 3787.60/0.00/0.00) lat (ms,95%): 1.44 err/s: 0.00 reconn/s: 0.00
[ 30s ] thds: 4 tps: 3792.74 qps: 3792.74 (r/w/o: 3792.74/0.00/0.00) lat (ms,95%): 1.39 err/s: 0.00 reconn/s: 0.00
[ 33s ] thds: 4 tps: 3795.30 qps: 3795.64 (r/w/o: 3795.64/0.00/0.00) lat (ms,95%): 1.42 err/s: 0.00 reconn/s: 0.00
[ 36s ] thds: 4 tps: 3792.67 qps: 3792.34 (r/w/o: 3792.34/0.00/0.00) lat (ms,95%): 1.42 err/s: 0.00 reconn/s: 0.00
[ 39s ] thds: 4 tps: 3785.00 qps: 3785.00 (r/w/o: 3785.00/0.00/0.00) lat (ms,95%): 1.42 err/s: 0.00 reconn/s: 0.00
[ 42s ] thds: 4 tps: 3788.29 qps: 3788.29 (r/w/o: 3788.29/0.00/0.00) lat (ms,95%): 1.42 err/s: 0.00 reconn/s: 0.00
[ 45s ] thds: 4 tps: 3770.39 qps: 3770.39 (r/w/o: 3770.39/0.00/0.00) lat (ms,95%): 1.44 err/s: 0.00 reconn/s: 0.00
[ 48s ] thds: 4 tps: 3518.35 qps: 3518.35 (r/w/o: 3518.35/0.00/0.00) lat (ms,95%): 1.58 err/s: 0.00 reconn/s: 0.00
[ 51s ] thds: 4 tps: 3778.63 qps: 3778.63 (r/w/o: 3778.63/0.00/0.00) lat (ms,95%): 1.39 err/s: 0.00 reconn/s: 0.00
[ 54s ] thds: 4 tps: 3805.96 qps: 3805.96 (r/w/o: 3805.96/0.00/0.00) lat (ms,95%): 1.42 err/s: 0.00 reconn/s: 0.00
[ 57s ] thds: 4 tps: 3792.67 qps: 3792.67 (r/w/o: 3792.67/0.00/0.00) lat (ms,95%): 1.42 err/s: 0.00 reconn/s: 0.00
[ 60s ] thds: 4 tps: 3784.88 qps: 3784.88 (r/w/o: 3784.88/0.00/0.00) lat (ms,95%): 1.42 err/s: 0.00 reconn/s: 0.00
SQL statistics:
    queries performed:
        read:                            226382
        write:                           0
        other:                           0
        total:                           226382
    transactions:                        226382 (3772.90 per sec.)
    queries:                             226382 (3772.90 per sec.)
    ignored errors:                      0      (0.00 per sec.)
    reconnects:                          0      (0.00 per sec.)

General statistics:
    total time:                          60.0017s
    total number of events:              226382

Latency (ms):
         min:                                    0.52
         avg:                                    1.06
         max:                                   19.24
         95th percentile:                        1.44
         sum:                               239702.05

Threads fairness:
    events (avg/stddev):           56595.5000/56.70
    execution time (avg/stddev):   59.9255/0.00

