sysbench 1.0.20 (using system LuaJIT 2.1.0-beta3)

Running the test with following options:
Number of threads: 1
Report intermediate results every 1 second(s)
Initializing random number generator from current time


Initializing worker threads...

Threads started!

[ 1s ] thds: 1 tps: 151.87 qps: 455.61 (r/w/o: 455.61/0.00/0.00) lat (ms,95%): 8.90 err/s: 0.00 reconn/s: 0.00
[ 2s ] thds: 1 tps: 157.05 qps: 473.16 (r/w/o: 473.16/0.00/0.00) lat (ms,95%): 6.43 err/s: 0.00 reconn/s: 0.00
[ 3s ] thds: 1 tps: 157.00 qps: 469.01 (r/w/o: 469.01/0.00/0.00) lat (ms,95%): 6.55 err/s: 0.00 reconn/s: 0.00
[ 4s ] thds: 1 tps: 156.00 qps: 469.99 (r/w/o: 469.99/0.00/0.00) lat (ms,95%): 6.43 err/s: 0.00 reconn/s: 0.00
[ 5s ] thds: 1 tps: 156.99 qps: 468.98 (r/w/o: 468.98/0.00/0.00) lat (ms,95%): 6.55 err/s: 0.00 reconn/s: 0.00
[ 6s ] thds: 1 tps: 157.01 qps: 473.02 (r/w/o: 473.02/0.00/0.00) lat (ms,95%): 6.43 err/s: 0.00 reconn/s: 0.00
[ 7s ] thds: 1 tps: 159.00 qps: 475.00 (r/w/o: 475.00/0.00/0.00) lat (ms,95%): 6.43 err/s: 0.00 reconn/s: 0.00
[ 8s ] thds: 1 tps: 158.01 qps: 475.02 (r/w/o: 475.02/0.00/0.00) lat (ms,95%): 6.43 err/s: 0.00 reconn/s: 0.00
SQL statistics:
    queries performed:
        read:                            3762
        write:                           0
        other:                           0
        total:                           3762
    transactions:                        1254   (156.66 per sec.)
    queries:                             3762   (469.98 per sec.)
    ignored errors:                      0      (0.00 per sec.)
    reconnects:                          0      (0.00 per sec.)

General statistics:
    total time:                          8.0042s
    total number of events:              1254

Latency (ms):
         min:                                    6.15
         avg:                                    6.38
         max:                                   14.17
         95th percentile:                        6.43
         sum:                                 8001.81

Threads fairness:
    events (avg/stddev):           1254.0000/0.00
    execution time (avg/stddev):   8.0018/0.00

