sysbench 1.0.20 (using system LuaJIT 2.1.0-beta3)

Running the test with following options:
Number of threads: 1
Report intermediate results every 1 second(s)
Initializing random number generator from current time


Initializing worker threads...

Threads started!

[ 1s ] thds: 1 tps: 3.00 qps: 1232.66 (r/w/o: 0.00/1223.67/8.99) lat (ms,95%): 325.98 err/s: 0.00 reconn/s: 0.00
[ 2s ] thds: 1 tps: 1.00 qps: 712.45 (r/w/o: 0.00/710.45/2.00) lat (ms,95%): 549.52 err/s: 0.00 reconn/s: 0.00
[ 3s ] thds: 1 tps: 2.00 qps: 845.97 (r/w/o: 0.00/841.97/4.00) lat (ms,95%): 539.71 err/s: 0.00 reconn/s: 0.00
[ 4s ] thds: 1 tps: 3.00 qps: 1097.09 (r/w/o: 0.00/1091.09/6.00) lat (ms,95%): 549.52 err/s: 0.00 reconn/s: 0.00
[ 5s ] thds: 1 tps: 3.00 qps: 1104.87 (r/w/o: 0.00/1098.87/6.00) lat (ms,95%): 376.49 err/s: 0.00 reconn/s: 0.00
[ 6s ] thds: 1 tps: 3.00 qps: 1115.02 (r/w/o: 0.00/1109.02/6.00) lat (ms,95%): 369.77 err/s: 0.00 reconn/s: 0.00
[ 7s ] thds: 1 tps: 3.00 qps: 1162.99 (r/w/o: 0.00/1156.99/6.00) lat (ms,95%): 383.33 err/s: 0.00 reconn/s: 0.00
[ 8s ] thds: 1 tps: 3.00 qps: 1203.98 (r/w/o: 0.00/1197.98/6.00) lat (ms,95%): 344.08 err/s: 0.00 reconn/s: 0.00
SQL statistics:
    queries performed:
        read:                            0
        write:                           8799
        other:                           45
        total:                           8844
    transactions:                        22     (2.65 per sec.)
    queries:                             8844   (1064.50 per sec.)
    ignored errors:                      0      (0.00 per sec.)
    reconnects:                          0      (0.00 per sec.)

General statistics:
    total time:                          8.3075s
    total number of events:              22

Latency (ms):
         min:                                  321.47
         avg:                                  377.56
         max:                                  548.44
         95th percentile:                      549.52
         sum:                                 8306.42

Threads fairness:
    events (avg/stddev):           22.0000/0.00
    execution time (avg/stddev):   8.3064/0.00

