sysbench 1.0.20 (using system LuaJIT 2.1.0-beta3)

Running the test with following options:
Number of threads: 4
Report intermediate results every 2 second(s)
Initializing random number generator from current time


Initializing worker threads...

Threads started!

[ 2s ] thds: 4 tps: 47.98 qps: 3302.96 (r/w/o: 0.00/1165.96/2137.00) lat (ms,95%): 127.81 err/s: 63.97 reconn/s: 0.00
[ 4s ] thds: 4 tps: 51.01 qps: 3377.14 (r/w/o: 0.00/1131.72/2245.43) lat (ms,95%): 127.81 err/s: 71.51 reconn/s: 0.00
[ 6s ] thds: 4 tps: 49.50 qps: 3378.59 (r/w/o: 0.00/1283.53/2095.06) lat (ms,95%): 134.90 err/s: 68.00 reconn/s: 0.00
[ 8s ] thds: 4 tps: 48.00 qps: 3465.84 (r/w/o: 0.00/1279.44/2186.40) lat (ms,95%): 125.52 err/s: 70.00 reconn/s: 0.00
[ 10s ] thds: 4 tps: 51.50 qps: 3472.06 (r/w/o: 0.00/1225.02/2247.04) lat (ms,95%): 114.72 err/s: 71.00 reconn/s: 0.00
[ 12s ] thds: 4 tps: 53.00 qps: 3578.99 (r/w/o: 0.00/1226.50/2352.50) lat (ms,95%): 130.13 err/s: 86.00 reconn/s: 0.00
[ 14s ] thds: 4 tps: 48.00 qps: 3426.07 (r/w/o: 0.00/1251.03/2175.05) lat (ms,95%): 139.85 err/s: 70.00 reconn/s: 0.00
[ 16s ] thds: 4 tps: 52.00 qps: 3369.53 (r/w/o: 0.00/1203.01/2166.52) lat (ms,95%): 118.92 err/s: 61.50 reconn/s: 0.00
[ 18s ] thds: 4 tps: 52.00 qps: 3397.92 (r/w/o: 0.00/1288.97/2108.95) lat (ms,95%): 130.13 err/s: 66.50 reconn/s: 0.00
SQL statistics:
    queries performed:
        read:                            0
        write:                           22199
        other:                           39579
        total:                           61778
    transactions:                        910    (50.36 per sec.)
    queries:                             61778  (3419.11 per sec.)
    ignored errors:                      1262   (69.85 per sec.)
    reconnects:                          0      (0.00 per sec.)

General statistics:
    total time:                          18.0680s
    total number of events:              910

Latency (ms):
         min:                                   31.11
         avg:                                   79.41
         max:                                  292.34
         95th percentile:                      132.49
         sum:                                72266.84

Threads fairness:
    events (avg/stddev):           227.5000/2.50
    execution time (avg/stddev):   18.0667/0.00

