sysbench 1.0.20 (using system LuaJIT 2.1.0-beta3)

Running the test with following options:
Number of threads: 1
Report intermediate results every 1 second(s)
Initializing random number generator from current time


Initializing worker threads...

Threads started!

[ 1s ] thds: 1 tps: 2.00 qps: 603.48 (r/w/o: 0.00/596.49/6.99) lat (ms,95%): 442.73 err/s: 0.00 reconn/s: 0.00
[ 2s ] thds: 1 tps: 3.00 qps: 714.29 (r/w/o: 0.00/708.28/6.00) lat (ms,95%): 442.73 err/s: 0.00 reconn/s: 0.00
[ 3s ] thds: 1 tps: 2.00 qps: 681.99 (r/w/o: 0.00/677.99/4.00) lat (ms,95%): 383.33 err/s: 0.00 reconn/s: 0.00
[ 4s ] thds: 1 tps: 3.00 qps: 676.02 (r/w/o: 0.00/670.02/6.00) lat (ms,95%): 404.61 err/s: 0.00 reconn/s: 0.00
[ 5s ] thds: 1 tps: 3.00 qps: 680.99 (r/w/o: 0.00/674.99/6.00) lat (ms,95%): 404.61 err/s: 0.00 reconn/s: 0.00
[ 6s ] thds: 1 tps: 2.00 qps: 646.99 (r/w/o: 0.00/642.99/4.00) lat (ms,95%): 397.39 err/s: 0.00 reconn/s: 0.00
[ 7s ] thds: 1 tps: 3.00 qps: 656.03 (r/w/o: 0.00/650.03/6.00) lat (ms,95%): 467.30 err/s: 0.00 reconn/s: 0.00
[ 8s ] thds: 1 tps: 2.00 qps: 660.01 (r/w/o: 0.00/656.01/4.00) lat (ms,95%): 369.77 err/s: 0.00 reconn/s: 0.00
SQL statistics:
    queries performed:
        read:                            0
        write:                           5354
        other:                           43
        total:                           5397
    transactions:                        21     (2.58 per sec.)
    queries:                             5397   (664.03 per sec.)
    ignored errors:                      0      (0.00 per sec.)
    reconnects:                          0      (0.00 per sec.)

General statistics:
    total time:                          8.1273s
    total number of events:              21

Latency (ms):
         min:                                  326.69
         avg:                                  386.98
         max:                                  464.13
         95th percentile:                      450.77
         sum:                                 8126.64

Threads fairness:
    events (avg/stddev):           21.0000/0.00
    execution time (avg/stddev):   8.1266/0.00

