sysbench 1.0.20 (using system LuaJIT 2.1.0-beta3)

Running the test with following options:
Number of threads: 1
Report intermediate results every 1 second(s)
Initializing random number generator from current time


Initializing worker threads...

Threads started!

[ 1s ] thds: 1 tps: 444.70 qps: 444.70 (r/w/o: 444.70/0.00/0.00) lat (ms,95%): 2.26 err/s: 0.00 reconn/s: 0.00
[ 2s ] thds: 1 tps: 451.11 qps: 451.11 (r/w/o: 451.11/0.00/0.00) lat (ms,95%): 2.26 err/s: 0.00 reconn/s: 0.00
[ 3s ] thds: 1 tps: 448.95 qps: 448.95 (r/w/o: 448.95/0.00/0.00) lat (ms,95%): 2.26 err/s: 0.00 reconn/s: 0.00
[ 4s ] thds: 1 tps: 445.03 qps: 445.03 (r/w/o: 445.03/0.00/0.00) lat (ms,95%): 2.30 err/s: 0.00 reconn/s: 0.00
[ 5s ] thds: 1 tps: 451.00 qps: 451.00 (r/w/o: 451.00/0.00/0.00) lat (ms,95%): 2.26 err/s: 0.00 reconn/s: 0.00
[ 6s ] thds: 1 tps: 451.02 qps: 451.02 (r/w/o: 451.02/0.00/0.00) lat (ms,95%): 2.26 err/s: 0.00 reconn/s: 0.00
[ 7s ] thds: 1 tps: 452.00 qps: 452.00 (r/w/o: 452.00/0.00/0.00) lat (ms,95%): 2.22 err/s: 0.00 reconn/s: 0.00
[ 8s ] thds: 1 tps: 444.95 qps: 444.95 (r/w/o: 444.95/0.00/0.00) lat (ms,95%): 2.26 err/s: 0.00 reconn/s: 0.00
SQL statistics:
    queries performed:
        read:                            3590
        write:                           0
        other:                           0
        total:                           3590
    transactions:                        3590   (448.63 per sec.)
    queries:                             3590   (448.63 per sec.)
    ignored errors:                      0      (0.00 per sec.)
    reconnects:                          0      (0.00 per sec.)

General statistics:
    total time:                          8.0019s
    total number of events:              3590

Latency (ms):
         min:                                    2.16
         avg:                                    2.23
         max:                                   10.22
         95th percentile:                        2.26
         sum:                                 7996.98

Threads fairness:
    events (avg/stddev):           3590.0000/0.00
    execution time (avg/stddev):   7.9970/0.00

