sysbench 1.0.20 (using system LuaJIT 2.1.0-beta3)

Running the test with following options:
Number of threads: 1
Report intermediate results every 1 second(s)
Initializing random number generator from current time


Initializing worker threads...

Threads started!

[ 1s ] thds: 1 tps: 25.98 qps: 25.98 (r/w/o: 25.98/0.00/0.00) lat (ms,95%): 42.61 err/s: 0.00 reconn/s: 0.00
[ 2s ] thds: 1 tps: 26.01 qps: 26.01 (r/w/o: 26.01/0.00/0.00) lat (ms,95%): 38.94 err/s: 0.00 reconn/s: 0.00
[ 3s ] thds: 1 tps: 27.00 qps: 27.00 (r/w/o: 27.00/0.00/0.00) lat (ms,95%): 41.10 err/s: 0.00 reconn/s: 0.00
[ 4s ] thds: 1 tps: 27.00 qps: 27.00 (r/w/o: 27.00/0.00/0.00) lat (ms,95%): 41.85 err/s: 0.00 reconn/s: 0.00
[ 5s ] thds: 1 tps: 26.00 qps: 26.00 (r/w/o: 26.00/0.00/0.00) lat (ms,95%): 38.25 err/s: 0.00 reconn/s: 0.00
[ 6s ] thds: 1 tps: 27.00 qps: 27.00 (r/w/o: 27.00/0.00/0.00) lat (ms,95%): 38.25 err/s: 0.00 reconn/s: 0.00
[ 7s ] thds: 1 tps: 27.00 qps: 27.00 (r/w/o: 27.00/0.00/0.00) lat (ms,95%): 38.25 err/s: 0.00 reconn/s: 0.00
[ 8s ] thds: 1 tps: 26.00 qps: 26.00 (r/w/o: 26.00/0.00/0.00) lat (ms,95%): 38.25 err/s: 0.00 reconn/s: 0.00
SQL statistics:
    queries performed:
        read:                            213
        write:                           0
        other:                           0
        total:                           213
    transactions:                        213    (26.60 per sec.)
    queries:                             213    (26.60 per sec.)
    ignored errors:                      0      (0.00 per sec.)
    reconnects:                          0      (0.00 per sec.)

General statistics:
    total time:                          8.0061s
    total number of events:              213

Latency (ms):
         min:                                   35.92
         avg:                                   37.58
         max:                                   50.22
         95th percentile:                       38.94
         sum:                                 8004.56

Threads fairness:
    events (avg/stddev):           213.0000/0.00
    execution time (avg/stddev):   8.0046/0.00

