sysbench 1.0.20 (using system LuaJIT 2.1.0-beta3)

Running the test with following options:
Number of threads: 4
Report intermediate results every 3 second(s)
Initializing random number generator from current time


Initializing worker threads...

Threads started!

[ 3s ] thds: 4 tps: 5.33 qps: 4567.74 (r/w/o: 0.00/1138.27/3429.47) lat (ms,95%): 787.74 err/s: 0.00 reconn/s: 0.00
[ 6s ] thds: 4 tps: 5.33 qps: 4763.48 (r/w/o: 0.00/1188.20/3575.27) lat (ms,95%): 707.07 err/s: 0.00 reconn/s: 0.00
[ 9s ] thds: 4 tps: 6.67 qps: 5266.55 (r/w/o: 0.00/1313.31/3953.25) lat (ms,95%): 719.92 err/s: 0.00 reconn/s: 0.00
[ 12s ] thds: 4 tps: 6.67 qps: 5701.46 (r/w/o: 0.00/1422.03/4279.43) lat (ms,95%): 569.67 err/s: 0.00 reconn/s: 0.00
[ 15s ] thds: 4 tps: 6.67 qps: 5000.02 (r/w/o: 0.00/1246.67/3753.35) lat (ms,95%): 669.89 err/s: 0.00 reconn/s: 0.00
[ 18s ] thds: 4 tps: 5.33 qps: 4567.99 (r/w/o: 0.00/1139.33/3428.66) lat (ms,95%): 733.00 err/s: 0.00 reconn/s: 0.00
[ 21s ] thds: 4 tps: 6.67 qps: 4943.97 (r/w/o: 0.00/1232.66/3711.31) lat (ms,95%): 733.00 err/s: 0.00 reconn/s: 0.00
[ 24s ] thds: 4 tps: 5.33 qps: 4641.42 (r/w/o: 0.00/1157.69/3483.73) lat (ms,95%): 707.07 err/s: 0.00 reconn/s: 0.00
[ 27s ] thds: 4 tps: 6.67 qps: 4486.57 (r/w/o: 0.00/1118.31/3368.26) lat (ms,95%): 733.00 err/s: 0.00 reconn/s: 0.00
[ 30s ] thds: 4 tps: 5.33 qps: 4561.28 (r/w/o: 0.00/1137.65/3423.63) lat (ms,95%): 733.00 err/s: 0.00 reconn/s: 0.00
[ 33s ] thds: 4 tps: 5.33 qps: 4557.44 (r/w/o: 0.00/1136.69/3420.74) lat (ms,95%): 773.68 err/s: 0.00 reconn/s: 0.00
[ 36s ] thds: 4 tps: 5.33 qps: 4709.34 (r/w/o: 0.00/1174.67/3534.67) lat (ms,95%): 694.45 err/s: 0.00 reconn/s: 0.00
[ 39s ] thds: 4 tps: 6.67 qps: 4664.04 (r/w/o: 0.00/1162.68/3501.36) lat (ms,95%): 733.00 err/s: 0.00 reconn/s: 0.00
[ 42s ] thds: 4 tps: 5.33 qps: 4662.66 (r/w/o: 0.00/1163.00/3499.66) lat (ms,95%): 707.07 err/s: 0.00 reconn/s: 0.00
[ 45s ] thds: 4 tps: 6.67 qps: 5265.26 (r/w/o: 0.00/1312.98/3952.28) lat (ms,95%): 669.89 err/s: 0.00 reconn/s: 0.00
[ 48s ] thds: 4 tps: 6.67 qps: 5001.28 (r/w/o: 0.00/1246.99/3754.29) lat (ms,95%): 657.93 err/s: 0.00 reconn/s: 0.00
[ 51s ] thds: 4 tps: 5.33 qps: 4444.03 (r/w/o: 0.00/1108.34/3335.69) lat (ms,95%): 733.00 err/s: 0.00 reconn/s: 0.00
[ 54s ] thds: 4 tps: 5.33 qps: 4430.61 (r/w/o: 0.00/1104.99/3325.63) lat (ms,95%): 733.00 err/s: 0.00 reconn/s: 0.00
[ 57s ] thds: 4 tps: 5.33 qps: 4661.51 (r/w/o: 0.00/1162.71/3498.80) lat (ms,95%): 733.00 err/s: 0.00 reconn/s: 0.00
[ 60s ] thds: 4 tps: 6.67 qps: 4583.98 (r/w/o: 0.00/1142.66/3441.32) lat (ms,95%): 759.88 err/s: 0.00 reconn/s: 0.00
SQL statistics:
    queries performed:
        read:                            0
        write:                           72089
        other:                           216991
        total:                           289080
    transactions:                        360    (5.94 per sec.)
    queries:                             289080 (4772.95 per sec.)
    ignored errors:                      0      (0.00 per sec.)
    reconnects:                          0      (0.00 per sec.)

General statistics:
    total time:                          60.5660s
    total number of events:              360

Latency (ms):
         min:                                  535.48
         avg:                                  672.94
         max:                                  789.15
         95th percentile:                      733.00
         sum:                               242259.06

Threads fairness:
    events (avg/stddev):           90.0000/0.00
    execution time (avg/stddev):   60.5648/0.00

