sysbench 1.0.20 (using system LuaJIT 2.1.0-beta3)

Running the test with following options:
Number of threads: 1
Report intermediate results every 1 second(s)
Initializing random number generator from current time


Initializing worker threads...

Threads started!

[ 1s ] thds: 1 tps: 73.94 qps: 966.24 (r/w/o: 0.00/815.36/150.88) lat (ms,95%): 16.71 err/s: 0.00 reconn/s: 0.00
[ 2s ] thds: 1 tps: 84.03 qps: 1088.37 (r/w/o: 0.00/921.31/167.06) lat (ms,95%): 14.73 err/s: 0.00 reconn/s: 0.00
[ 3s ] thds: 1 tps: 84.00 qps: 1097.02 (r/w/o: 0.00/928.02/169.00) lat (ms,95%): 14.73 err/s: 0.00 reconn/s: 0.00
[ 4s ] thds: 1 tps: 83.99 qps: 1096.91 (r/w/o: 0.00/928.93/167.99) lat (ms,95%): 15.27 err/s: 0.00 reconn/s: 0.00
[ 5s ] thds: 1 tps: 90.00 qps: 1169.06 (r/w/o: 0.00/989.05/180.01) lat (ms,95%): 14.73 err/s: 0.00 reconn/s: 0.00
[ 6s ] thds: 1 tps: 83.00 qps: 1080.95 (r/w/o: 0.00/914.96/165.99) lat (ms,95%): 15.83 err/s: 0.00 reconn/s: 0.00
[ 7s ] thds: 1 tps: 97.00 qps: 1252.02 (r/w/o: 0.00/1058.02/194.00) lat (ms,95%): 11.65 err/s: 0.00 reconn/s: 0.00
[ 8s ] thds: 1 tps: 96.00 qps: 1248.99 (r/w/o: 0.00/1056.99/192.00) lat (ms,95%): 12.75 err/s: 0.00 reconn/s: 0.00
SQL statistics:
    queries performed:
        read:                            0
        write:                           7622
        other:                           1387
        total:                           9009
    transactions:                        693    (86.54 per sec.)
    queries:                             9009   (1124.97 per sec.)
    ignored errors:                      0      (0.00 per sec.)
    reconnects:                          0      (0.00 per sec.)

General statistics:
    total time:                          8.0078s
    total number of events:              693

Latency (ms):
         min:                                    8.82
         avg:                                   11.55
         max:                                   48.22
         95th percentile:                       15.00
         sum:                                 8005.61

Threads fairness:
    events (avg/stddev):           693.0000/0.00
    execution time (avg/stddev):   8.0056/0.00

