sysbench 1.0.20 (using system LuaJIT 2.1.0-beta3)

Running the test with following options:
Number of threads: 1
Report intermediate results every 1 second(s)
Initializing random number generator from current time


Initializing worker threads...

Threads started!

[ 1s ] thds: 1 tps: 1492.92 qps: 4478.75 (r/w/o: 4478.75/0.00/0.00) lat (ms,95%): 0.75 err/s: 0.00 reconn/s: 0.00
[ 2s ] thds: 1 tps: 1547.24 qps: 4642.73 (r/w/o: 4642.73/0.00/0.00) lat (ms,95%): 0.72 err/s: 0.00 reconn/s: 0.00
[ 3s ] thds: 1 tps: 1541.12 qps: 4623.37 (r/w/o: 4623.37/0.00/0.00) lat (ms,95%): 0.72 err/s: 0.00 reconn/s: 0.00
[ 4s ] thds: 1 tps: 1514.05 qps: 4542.16 (r/w/o: 4542.16/0.00/0.00) lat (ms,95%): 0.73 err/s: 0.00 reconn/s: 0.00
[ 5s ] thds: 1 tps: 1416.83 qps: 4251.49 (r/w/o: 4251.49/0.00/0.00) lat (ms,95%): 0.80 err/s: 0.00 reconn/s: 0.00
[ 6s ] thds: 1 tps: 1494.18 qps: 4481.55 (r/w/o: 4481.55/0.00/0.00) lat (ms,95%): 0.73 err/s: 0.00 reconn/s: 0.00
[ 7s ] thds: 1 tps: 1540.84 qps: 4622.51 (r/w/o: 4622.51/0.00/0.00) lat (ms,95%): 0.73 err/s: 0.00 reconn/s: 0.00
[ 8s ] thds: 1 tps: 1541.12 qps: 4623.37 (r/w/o: 4623.37/0.00/0.00) lat (ms,95%): 0.72 err/s: 0.00 reconn/s: 0.00
SQL statistics:
    queries performed:
        read:                            36270
        write:                           0
        other:                           0
        total:                           36270
    transactions:                        12090  (1511.00 per sec.)
    queries:                             36270  (4532.99 per sec.)
    ignored errors:                      0      (0.00 per sec.)
    reconnects:                          0      (0.00 per sec.)

General statistics:
    total time:                          8.0010s
    total number of events:              12090

Latency (ms):
         min:                                    0.57
         avg:                                    0.66
         max:                                    8.22
         95th percentile:                        0.74
         sum:                                 7987.93

Threads fairness:
    events (avg/stddev):           12090.0000/0.00
    execution time (avg/stddev):   7.9879/0.00

