sysbench 1.0.20 (using system LuaJIT 2.1.0-beta3)

Running the test with following options:
Number of threads: 1
Report intermediate results every 1 second(s)
Initializing random number generator from current time


Initializing worker threads...

Threads started!

[ 1s ] thds: 1 tps: 66.94 qps: 66.94 (r/w/o: 66.94/0.00/0.00) lat (ms,95%): 15.00 err/s: 0.00 reconn/s: 0.00
[ 2s ] thds: 1 tps: 67.03 qps: 67.03 (r/w/o: 67.03/0.00/0.00) lat (ms,95%): 15.00 err/s: 0.00 reconn/s: 0.00
[ 3s ] thds: 1 tps: 67.00 qps: 67.00 (r/w/o: 67.00/0.00/0.00) lat (ms,95%): 16.71 err/s: 0.00 reconn/s: 0.00
[ 4s ] thds: 1 tps: 67.00 qps: 67.00 (r/w/o: 67.00/0.00/0.00) lat (ms,95%): 15.00 err/s: 0.00 reconn/s: 0.00
[ 5s ] thds: 1 tps: 68.00 qps: 68.00 (r/w/o: 68.00/0.00/0.00) lat (ms,95%): 15.27 err/s: 0.00 reconn/s: 0.00
[ 6s ] thds: 1 tps: 67.01 qps: 67.01 (r/w/o: 67.01/0.00/0.00) lat (ms,95%): 15.00 err/s: 0.00 reconn/s: 0.00
[ 7s ] thds: 1 tps: 67.99 qps: 67.99 (r/w/o: 67.99/0.00/0.00) lat (ms,95%): 15.00 err/s: 0.00 reconn/s: 0.00
[ 8s ] thds: 1 tps: 67.00 qps: 67.00 (r/w/o: 67.00/0.00/0.00) lat (ms,95%): 14.73 err/s: 0.00 reconn/s: 0.00
SQL statistics:
    queries performed:
        read:                            539
        write:                           0
        other:                           0
        total:                           539
    transactions:                        539    (67.31 per sec.)
    queries:                             539    (67.31 per sec.)
    ignored errors:                      0      (0.00 per sec.)
    reconnects:                          0      (0.00 per sec.)

General statistics:
    total time:                          8.0069s
    total number of events:              539

Latency (ms):
         min:                                   14.61
         avg:                                   14.85
         max:                                   22.84
         95th percentile:                       15.00
         sum:                                 8005.49

Threads fairness:
    events (avg/stddev):           539.0000/0.00
    execution time (avg/stddev):   8.0055/0.00

