sysbench 1.0.20 (using system LuaJIT 2.1.0-beta3)

Running the test with following options:
Number of threads: 1
Report intermediate results every 1 second(s)
Initializing random number generator from current time


Initializing worker threads...

Threads started!

[ 1s ] thds: 1 tps: 451.62 qps: 451.62 (r/w/o: 451.62/0.00/0.00) lat (ms,95%): 2.22 err/s: 0.00 reconn/s: 0.00
[ 2s ] thds: 1 tps: 454.14 qps: 454.14 (r/w/o: 454.14/0.00/0.00) lat (ms,95%): 2.26 err/s: 0.00 reconn/s: 0.00
[ 3s ] thds: 1 tps: 459.04 qps: 459.04 (r/w/o: 459.04/0.00/0.00) lat (ms,95%): 2.22 err/s: 0.00 reconn/s: 0.00
[ 4s ] thds: 1 tps: 449.96 qps: 449.96 (r/w/o: 449.96/0.00/0.00) lat (ms,95%): 2.26 err/s: 0.00 reconn/s: 0.00
[ 5s ] thds: 1 tps: 440.03 qps: 440.03 (r/w/o: 440.03/0.00/0.00) lat (ms,95%): 3.30 err/s: 0.00 reconn/s: 0.00
[ 6s ] thds: 1 tps: 455.95 qps: 455.95 (r/w/o: 455.95/0.00/0.00) lat (ms,95%): 2.26 err/s: 0.00 reconn/s: 0.00
[ 7s ] thds: 1 tps: 458.07 qps: 458.07 (r/w/o: 458.07/0.00/0.00) lat (ms,95%): 2.22 err/s: 0.00 reconn/s: 0.00
[ 8s ] thds: 1 tps: 455.00 qps: 455.00 (r/w/o: 455.00/0.00/0.00) lat (ms,95%): 2.26 err/s: 0.00 reconn/s: 0.00
SQL statistics:
    queries performed:
        read:                            3625
        write:                           0
        other:                           0
        total:                           3625
    transactions:                        3625   (452.99 per sec.)
    queries:                             3625   (452.99 per sec.)
    ignored errors:                      0      (0.00 per sec.)
    reconnects:                          0      (0.00 per sec.)

General statistics:
    total time:                          8.0020s
    total number of events:              3625

Latency (ms):
         min:                                    2.13
         avg:                                    2.21
         max:                                    9.86
         95th percentile:                        2.26
         sum:                                 7997.59

Threads fairness:
    events (avg/stddev):           3625.0000/0.00
    execution time (avg/stddev):   7.9976/0.00

