sysbench 1.0.20 (using system LuaJIT 2.1.0-beta3)

Running the test with following options:
Number of threads: 1
Report intermediate results every 1 second(s)
Initializing random number generator from current time


Initializing worker threads...

Threads started!

[ 1s ] thds: 1 tps: 769.48 qps: 2310.43 (r/w/o: 2310.43/0.00/0.00) lat (ms,95%): 1.34 err/s: 0.00 reconn/s: 0.00
[ 2s ] thds: 1 tps: 776.17 qps: 2327.50 (r/w/o: 2327.50/0.00/0.00) lat (ms,95%): 1.37 err/s: 0.00 reconn/s: 0.00
[ 3s ] thds: 1 tps: 772.01 qps: 2317.03 (r/w/o: 2317.03/0.00/0.00) lat (ms,95%): 1.37 err/s: 0.00 reconn/s: 0.00
[ 4s ] thds: 1 tps: 771.00 qps: 2310.99 (r/w/o: 2310.99/0.00/0.00) lat (ms,95%): 1.37 err/s: 0.00 reconn/s: 0.00
[ 5s ] thds: 1 tps: 767.96 qps: 2305.89 (r/w/o: 2305.89/0.00/0.00) lat (ms,95%): 1.37 err/s: 0.00 reconn/s: 0.00
[ 6s ] thds: 1 tps: 770.06 qps: 2310.18 (r/w/o: 2310.18/0.00/0.00) lat (ms,95%): 1.44 err/s: 0.00 reconn/s: 0.00
[ 7s ] thds: 1 tps: 771.94 qps: 2315.81 (r/w/o: 2315.81/0.00/0.00) lat (ms,95%): 1.37 err/s: 0.00 reconn/s: 0.00
SQL statistics:
    queries performed:
        read:                            18549
        write:                           0
        other:                           0
        total:                           18549
    transactions:                        6183   (772.77 per sec.)
    queries:                             18549  (2318.32 per sec.)
    ignored errors:                      0      (0.00 per sec.)
    reconnects:                          0      (0.00 per sec.)

General statistics:
    total time:                          8.0007s
    total number of events:              6183

Latency (ms):
         min:                                    1.20
         avg:                                    1.29
         max:                                    9.00
         95th percentile:                        1.37
         sum:                                 7993.13

Threads fairness:
    events (avg/stddev):           6183.0000/0.00
    execution time (avg/stddev):   7.9931/0.00

