sysbench 1.0.20 (using system LuaJIT 2.1.0-beta3)

Running the test with following options:
Number of threads: 4
Report intermediate results every 2 second(s)
Initializing random number generator from current time


Initializing worker threads...

Threads started!

[ 2s ] thds: 4 tps: 3365.50 qps: 10097.00 (r/w/o: 10097.00/0.00/0.00) lat (ms,95%): 1.52 err/s: 0.00 reconn/s: 0.00
[ 4s ] thds: 4 tps: 3347.57 qps: 10043.71 (r/w/o: 10043.71/0.00/0.00) lat (ms,95%): 1.58 err/s: 0.00 reconn/s: 0.00
[ 6s ] thds: 4 tps: 3434.04 qps: 10302.13 (r/w/o: 10302.13/0.00/0.00) lat (ms,95%): 1.50 err/s: 0.00 reconn/s: 0.00
[ 8s ] thds: 4 tps: 3409.02 qps: 10228.07 (r/w/o: 10228.07/0.00/0.00) lat (ms,95%): 1.52 err/s: 0.00 reconn/s: 0.00
[ 10s ] thds: 4 tps: 3425.91 qps: 10276.22 (r/w/o: 10276.22/0.00/0.00) lat (ms,95%): 1.50 err/s: 0.00 reconn/s: 0.00
[ 12s ] thds: 4 tps: 3422.01 qps: 10267.03 (r/w/o: 10267.03/0.00/0.00) lat (ms,95%): 1.50 err/s: 0.00 reconn/s: 0.00
[ 14s ] thds: 4 tps: 3440.50 qps: 10320.00 (r/w/o: 10320.00/0.00/0.00) lat (ms,95%): 1.50 err/s: 0.00 reconn/s: 0.00
[ 16s ] thds: 4 tps: 3448.02 qps: 10346.57 (r/w/o: 10346.57/0.00/0.00) lat (ms,95%): 1.50 err/s: 0.00 reconn/s: 0.00
[ 18s ] thds: 4 tps: 3426.97 qps: 10279.91 (r/w/o: 10279.91/0.00/0.00) lat (ms,95%): 1.50 err/s: 0.00 reconn/s: 0.00
SQL statistics:
    queries performed:
        read:                            184335
        write:                           0
        other:                           0
        total:                           184335
    transactions:                        61445  (3413.23 per sec.)
    queries:                             184335 (10239.68 per sec.)
    ignored errors:                      0      (0.00 per sec.)
    reconnects:                          0      (0.00 per sec.)

General statistics:
    total time:                          18.0017s
    total number of events:              61445

Latency (ms):
         min:                                    0.71
         avg:                                    1.17
         max:                                   19.46
         95th percentile:                        1.52
         sum:                                71921.70

Threads fairness:
    events (avg/stddev):           15361.2500/58.19
    execution time (avg/stddev):   17.9804/0.00

