sysbench 1.0.20 (using system LuaJIT 2.1.0-beta3)

Running the test with following options:
Number of threads: 4
Report intermediate results every 2 second(s)
Initializing random number generator from current time


Initializing worker threads...

Threads started!

[ 2s ] thds: 4 tps: 4.00 qps: 5714.68 (r/w/o: 0.00/1427.30/4287.38) lat (ms,95%): 707.07 err/s: 0.00 reconn/s: 0.00
[ 4s ] thds: 4 tps: 6.00 qps: 5649.33 (r/w/o: 0.00/1409.21/4240.12) lat (ms,95%): 707.07 err/s: 0.00 reconn/s: 0.00
[ 6s ] thds: 4 tps: 6.00 qps: 5268.36 (r/w/o: 0.00/1314.09/3954.27) lat (ms,95%): 746.32 err/s: 0.00 reconn/s: 0.00
[ 8s ] thds: 4 tps: 4.00 qps: 4284.32 (r/w/o: 0.00/1069.08/3215.24) lat (ms,95%): 960.30 err/s: 0.00 reconn/s: 0.00
[ 10s ] thds: 4 tps: 4.00 qps: 4350.72 (r/w/o: 0.00/1085.93/3264.79) lat (ms,95%): 995.51 err/s: 0.00 reconn/s: 0.00
[ 12s ] thds: 4 tps: 4.00 qps: 4635.01 (r/w/o: 0.00/1156.50/3478.51) lat (ms,95%): 877.61 err/s: 0.00 reconn/s: 0.00
[ 14s ] thds: 4 tps: 6.00 qps: 4612.16 (r/w/o: 0.00/1150.04/3462.12) lat (ms,95%): 909.80 err/s: 0.00 reconn/s: 0.00
[ 16s ] thds: 4 tps: 4.00 qps: 4505.88 (r/w/o: 0.00/1124.47/3381.41) lat (ms,95%): 977.74 err/s: 0.00 reconn/s: 0.00
[ 18s ] thds: 4 tps: 4.00 qps: 4981.96 (r/w/o: 0.00/1243.49/3738.47) lat (ms,95%): 816.63 err/s: 0.00 reconn/s: 0.00
SQL statistics:
    queries performed:
        read:                            0
        write:                           22025
        other:                           66239
        total:                           88264
    transactions:                        88     (4.87 per sec.)
    queries:                             88264  (4889.11 per sec.)
    ignored errors:                      0      (0.00 per sec.)
    reconnects:                          0      (0.00 per sec.)

General statistics:
    total time:                          18.0528s
    total number of events:              88

Latency (ms):
         min:                                  688.28
         avg:                                  820.54
         max:                                  993.18
         95th percentile:                      977.74
         sum:                                72207.17

Threads fairness:
    events (avg/stddev):           22.0000/0.00
    execution time (avg/stddev):   18.0518/0.00

