sysbench 1.0.20 (using system LuaJIT 2.1.0-beta3)

Running the test with following options:
Number of threads: 4
Report intermediate results every 2 second(s)
Initializing random number generator from current time


Initializing worker threads...

Threads started!

[ 2s ] thds: 4 tps: 3175.48 qps: 3175.48 (r/w/o: 3175.48/0.00/0.00) lat (ms,95%): 1.52 err/s: 0.00 reconn/s: 0.00
[ 4s ] thds: 4 tps: 3183.00 qps: 3183.00 (r/w/o: 3183.00/0.00/0.00) lat (ms,95%): 1.58 err/s: 0.00 reconn/s: 0.00
[ 6s ] thds: 4 tps: 3177.02 qps: 3177.02 (r/w/o: 3177.02/0.00/0.00) lat (ms,95%): 1.58 err/s: 0.00 reconn/s: 0.00
[ 8s ] thds: 4 tps: 3220.47 qps: 3220.47 (r/w/o: 3220.47/0.00/0.00) lat (ms,95%): 1.50 err/s: 0.00 reconn/s: 0.00
[ 10s ] thds: 4 tps: 3204.48 qps: 3204.48 (r/w/o: 3204.48/0.00/0.00) lat (ms,95%): 1.55 err/s: 0.00 reconn/s: 0.00
[ 12s ] thds: 4 tps: 3209.08 qps: 3209.08 (r/w/o: 3209.08/0.00/0.00) lat (ms,95%): 1.55 err/s: 0.00 reconn/s: 0.00
[ 14s ] thds: 4 tps: 3216.46 qps: 3216.46 (r/w/o: 3216.46/0.00/0.00) lat (ms,95%): 1.52 err/s: 0.00 reconn/s: 0.00
[ 16s ] thds: 4 tps: 3209.00 qps: 3209.00 (r/w/o: 3209.00/0.00/0.00) lat (ms,95%): 1.55 err/s: 0.00 reconn/s: 0.00
[ 18s ] thds: 4 tps: 3216.10 qps: 3216.10 (r/w/o: 3216.10/0.00/0.00) lat (ms,95%): 1.52 err/s: 0.00 reconn/s: 0.00
SQL statistics:
    queries performed:
        read:                            57628
        write:                           0
        other:                           0
        total:                           57628
    transactions:                        57628  (3201.20 per sec.)
    queries:                             57628  (3201.20 per sec.)
    ignored errors:                      0      (0.00 per sec.)
    reconnects:                          0      (0.00 per sec.)

General statistics:
    total time:                          18.0016s
    total number of events:              57628

Latency (ms):
         min:                                    0.65
         avg:                                    1.25
         max:                                   19.67
         95th percentile:                        1.55
         sum:                                71924.64

Threads fairness:
    events (avg/stddev):           14407.0000/98.84
    execution time (avg/stddev):   17.9812/0.00

