sysbench 1.0.20 (using system LuaJIT 2.1.0-beta3)

Running the test with following options:
Number of threads: 4
Report intermediate results every 2 second(s)
Initializing random number generator from current time


Initializing worker threads...

Threads started!

[ 2s ] thds: 4 tps: 2843.64 qps: 2843.64 (r/w/o: 2843.64/0.00/0.00) lat (ms,95%): 1.86 err/s: 0.00 reconn/s: 0.00
[ 4s ] thds: 4 tps: 2820.19 qps: 2820.19 (r/w/o: 2820.19/0.00/0.00) lat (ms,95%): 1.96 err/s: 0.00 reconn/s: 0.00
[ 6s ] thds: 4 tps: 2910.71 qps: 2910.71 (r/w/o: 2910.71/0.00/0.00) lat (ms,95%): 1.76 err/s: 0.00 reconn/s: 0.00
[ 8s ] thds: 4 tps: 2906.02 qps: 2906.02 (r/w/o: 2906.02/0.00/0.00) lat (ms,95%): 1.79 err/s: 0.00 reconn/s: 0.00
[ 10s ] thds: 4 tps: 2903.82 qps: 2904.32 (r/w/o: 2904.32/0.00/0.00) lat (ms,95%): 1.82 err/s: 0.00 reconn/s: 0.00
[ 12s ] thds: 4 tps: 2917.17 qps: 2916.67 (r/w/o: 2916.67/0.00/0.00) lat (ms,95%): 1.76 err/s: 0.00 reconn/s: 0.00
[ 14s ] thds: 4 tps: 2911.48 qps: 2911.98 (r/w/o: 2911.98/0.00/0.00) lat (ms,95%): 1.76 err/s: 0.00 reconn/s: 0.00
[ 16s ] thds: 4 tps: 2907.05 qps: 2906.55 (r/w/o: 2906.55/0.00/0.00) lat (ms,95%): 1.76 err/s: 0.00 reconn/s: 0.00
[ 18s ] thds: 4 tps: 2886.05 qps: 2886.05 (r/w/o: 2886.05/0.00/0.00) lat (ms,95%): 1.82 err/s: 0.00 reconn/s: 0.00
SQL statistics:
    queries performed:
        read:                            52018
        write:                           0
        other:                           0
        total:                           52018
    transactions:                        52018  (2889.56 per sec.)
    queries:                             52018  (2889.56 per sec.)
    ignored errors:                      0      (0.00 per sec.)
    reconnects:                          0      (0.00 per sec.)

General statistics:
    total time:                          18.0017s
    total number of events:              52018

Latency (ms):
         min:                                    0.67
         avg:                                    1.38
         max:                                   19.16
         95th percentile:                        1.82
         sum:                                71927.52

Threads fairness:
    events (avg/stddev):           13004.5000/114.69
    execution time (avg/stddev):   17.9819/0.00

