sysbench 1.0.20 (using system LuaJIT 2.1.0-beta3)

Running the test with following options:
Number of threads: 4
Report intermediate results every 2 second(s)
Initializing random number generator from current time


Initializing worker threads...

Threads started!

[ 2s ] thds: 4 tps: 6.00 qps: 6089.18 (r/w/o: 0.00/1518.80/4570.39) lat (ms,95%): 669.89 err/s: 0.00 reconn/s: 0.00
[ 4s ] thds: 4 tps: 4.00 qps: 5645.37 (r/w/o: 0.00/1409.34/4236.03) lat (ms,95%): 773.68 err/s: 0.00 reconn/s: 0.00
[ 6s ] thds: 4 tps: 6.00 qps: 6101.82 (r/w/o: 0.00/1522.45/4579.36) lat (ms,95%): 657.93 err/s: 0.00 reconn/s: 0.00
[ 8s ] thds: 4 tps: 6.00 qps: 5939.97 (r/w/o: 0.00/1481.99/4457.97) lat (ms,95%): 694.45 err/s: 0.00 reconn/s: 0.00
[ 10s ] thds: 4 tps: 6.00 qps: 6031.95 (r/w/o: 0.00/1504.99/4526.96) lat (ms,95%): 669.89 err/s: 0.00 reconn/s: 0.00
[ 12s ] thds: 4 tps: 6.00 qps: 6167.96 (r/w/o: 0.00/1538.99/4628.97) lat (ms,95%): 682.06 err/s: 0.00 reconn/s: 0.00
[ 14s ] thds: 4 tps: 6.00 qps: 6016.01 (r/w/o: 0.00/1501.00/4515.01) lat (ms,95%): 669.89 err/s: 0.00 reconn/s: 0.00
[ 16s ] thds: 4 tps: 6.00 qps: 5866.18 (r/w/o: 0.00/1463.54/4402.63) lat (ms,95%): 694.45 err/s: 0.00 reconn/s: 0.00
[ 18s ] thds: 4 tps: 6.00 qps: 6107.37 (r/w/o: 0.00/1523.97/4583.40) lat (ms,95%): 669.89 err/s: 0.00 reconn/s: 0.00
SQL statistics:
    queries performed:
        read:                            0
        write:                           27028
        other:                           81296
        total:                           108324
    transactions:                        108    (5.98 per sec.)
    queries:                             108324 (5997.11 per sec.)
    ignored errors:                      0      (0.00 per sec.)
    reconnects:                          0      (0.00 per sec.)

General statistics:
    total time:                          18.0623s
    total number of events:              108

Latency (ms):
         min:                                  631.59
         avg:                                  668.94
         max:                                  778.04
         95th percentile:                      694.45
         sum:                                72245.47

Threads fairness:
    events (avg/stddev):           27.0000/0.00
    execution time (avg/stddev):   18.0614/0.00

