sysbench 1.0.20 (using system LuaJIT 2.1.0-beta3)

Running the test with following options:
Number of threads: 4
Report intermediate results every 2 second(s)
Initializing random number generator from current time


Initializing worker threads...

Threads started!

[ 2s ] thds: 4 tps: 11715.27 qps: 11715.27 (r/w/o: 11715.27/0.00/0.00) lat (ms,95%): 0.48 err/s: 0.00 reconn/s: 0.00
[ 4s ] thds: 4 tps: 11965.21 qps: 11965.21 (r/w/o: 11965.21/0.00/0.00) lat (ms,95%): 0.48 err/s: 0.00 reconn/s: 0.00
[ 6s ] thds: 4 tps: 12148.80 qps: 12148.80 (r/w/o: 12148.80/0.00/0.00) lat (ms,95%): 0.48 err/s: 0.00 reconn/s: 0.00
[ 8s ] thds: 4 tps: 11995.67 qps: 11995.67 (r/w/o: 11995.67/0.00/0.00) lat (ms,95%): 0.47 err/s: 0.00 reconn/s: 0.00
[ 10s ] thds: 4 tps: 12001.35 qps: 12001.35 (r/w/o: 12001.35/0.00/0.00) lat (ms,95%): 0.47 err/s: 0.00 reconn/s: 0.00
[ 12s ] thds: 4 tps: 12039.61 qps: 12039.61 (r/w/o: 12039.61/0.00/0.00) lat (ms,95%): 0.47 err/s: 0.00 reconn/s: 0.00
[ 14s ] thds: 4 tps: 11960.45 qps: 11960.45 (r/w/o: 11960.45/0.00/0.00) lat (ms,95%): 0.48 err/s: 0.00 reconn/s: 0.00
[ 16s ] thds: 4 tps: 11916.98 qps: 11916.98 (r/w/o: 11916.98/0.00/0.00) lat (ms,95%): 0.48 err/s: 0.00 reconn/s: 0.00
[ 18s ] thds: 4 tps: 11986.83 qps: 11986.83 (r/w/o: 11986.83/0.00/0.00) lat (ms,95%): 0.47 err/s: 0.00 reconn/s: 0.00
SQL statistics:
    queries performed:
        read:                            215468
        write:                           0
        other:                           0
        total:                           215468
    transactions:                        215468 (11969.54 per sec.)
    queries:                             215468 (11969.54 per sec.)
    ignored errors:                      0      (0.00 per sec.)
    reconnects:                          0      (0.00 per sec.)

General statistics:
    total time:                          18.0010s
    total number of events:              215468

Latency (ms):
         min:                                    0.19
         avg:                                    0.33
         max:                                   17.76
         95th percentile:                        0.47
         sum:                                71759.99

Threads fairness:
    events (avg/stddev):           53867.0000/269.00
    execution time (avg/stddev):   17.9400/0.00

