sysbench 1.0.20 (using system LuaJIT 2.1.0-beta3)

Running the test with following options:
Number of threads: 4
Report intermediate results every 2 second(s)
Initializing random number generator from current time


Initializing worker threads...

Threads started!

[ 2s ] thds: 4 tps: 182.93 qps: 2910.83 (r/w/o: 0.00/1074.57/1836.26) lat (ms,95%): 40.37 err/s: 148.94 reconn/s: 0.00
[ 4s ] thds: 4 tps: 209.53 qps: 3237.01 (r/w/o: 0.00/1194.19/2042.82) lat (ms,95%): 36.89 err/s: 154.52 reconn/s: 0.00
[ 6s ] thds: 4 tps: 219.48 qps: 3481.73 (r/w/o: 0.00/1299.90/2181.83) lat (ms,95%): 35.59 err/s: 179.99 reconn/s: 0.00
[ 8s ] thds: 4 tps: 193.01 qps: 3174.20 (r/w/o: 0.00/1322.58/1851.62) lat (ms,95%): 41.10 err/s: 164.01 reconn/s: 0.00
[ 10s ] thds: 4 tps: 184.50 qps: 2961.44 (r/w/o: 0.00/1136.48/1824.96) lat (ms,95%): 43.39 err/s: 156.00 reconn/s: 0.00
[ 12s ] thds: 4 tps: 175.00 qps: 2774.53 (r/w/o: 0.00/1012.01/1762.52) lat (ms,95%): 48.34 err/s: 147.00 reconn/s: 0.00
[ 14s ] thds: 4 tps: 195.49 qps: 3101.27 (r/w/o: 0.00/1138.91/1962.35) lat (ms,95%): 44.98 err/s: 154.99 reconn/s: 0.00
[ 16s ] thds: 4 tps: 192.52 qps: 3059.75 (r/w/o: 0.00/1162.59/1897.15) lat (ms,95%): 41.10 err/s: 156.01 reconn/s: 0.00
[ 18s ] thds: 4 tps: 196.99 qps: 3049.92 (r/w/o: 0.00/1109.97/1939.95) lat (ms,95%): 38.94 err/s: 153.50 reconn/s: 0.00
SQL statistics:
    queries performed:
        read:                            0
        write:                           20918
        other:                           34623
        total:                           55541
    transactions:                        3503   (194.48 per sec.)
    queries:                             55541  (3083.48 per sec.)
    ignored errors:                      2830   (157.11 per sec.)
    reconnects:                          0      (0.00 per sec.)

General statistics:
    total time:                          18.0121s
    total number of events:              3503

Latency (ms):
         min:                                    5.96
         avg:                                   20.56
         max:                                  110.37
         95th percentile:                       41.85
         sum:                                72035.46

Threads fairness:
    events (avg/stddev):           875.7500/9.91
    execution time (avg/stddev):   18.0089/0.00

