sysbench 1.0.20 (using system LuaJIT 2.1.0-beta3)

Running the test with following options:
Number of threads: 4
Report intermediate results every 2 second(s)
Initializing random number generator from current time


Initializing worker threads...

Threads started!

[ 2s ] thds: 4 tps: 6.00 qps: 3199.85 (r/w/o: 0.00/831.57/2368.28) lat (ms,95%): 634.66 err/s: 9.99 reconn/s: 0.00
[ 4s ] thds: 4 tps: 4.00 qps: 2832.22 (r/w/o: 0.00/729.19/2103.04) lat (ms,95%): 746.32 err/s: 9.00 reconn/s: 0.00
[ 6s ] thds: 4 tps: 6.00 qps: 3150.57 (r/w/o: 0.00/832.52/2318.05) lat (ms,95%): 759.88 err/s: 11.50 reconn/s: 0.00
[ 8s ] thds: 4 tps: 6.00 qps: 3172.99 (r/w/o: 0.00/837.00/2336.00) lat (ms,95%): 682.06 err/s: 11.50 reconn/s: 0.00
[ 10s ] thds: 4 tps: 6.00 qps: 3175.00 (r/w/o: 0.00/814.00/2361.00) lat (ms,95%): 657.93 err/s: 9.00 reconn/s: 0.00
[ 12s ] thds: 4 tps: 8.00 qps: 3210.88 (r/w/o: 0.00/811.47/2399.41) lat (ms,95%): 646.19 err/s: 6.00 reconn/s: 0.00
[ 14s ] thds: 4 tps: 6.00 qps: 3258.12 (r/w/o: 0.00/821.03/2437.09) lat (ms,95%): 634.66 err/s: 4.00 reconn/s: 0.00
[ 16s ] thds: 4 tps: 6.00 qps: 3193.53 (r/w/o: 0.00/831.01/2362.52) lat (ms,95%): 646.19 err/s: 8.00 reconn/s: 0.00
[ 18s ] thds: 4 tps: 6.00 qps: 3237.01 (r/w/o: 0.00/844.00/2393.01) lat (ms,95%): 682.06 err/s: 8.50 reconn/s: 0.00
SQL statistics:
    queries performed:
        read:                            0
        write:                           14901
        other:                           42749
        total:                           57650
    transactions:                        112    (6.14 per sec.)
    queries:                             57650  (3158.27 per sec.)
    ignored errors:                      155    (8.49 per sec.)
    reconnects:                          0      (0.00 per sec.)

General statistics:
    total time:                          18.2533s
    total number of events:              112

Latency (ms):
         min:                                  597.41
         avg:                                  651.86
         max:                                  763.80
         95th percentile:                      746.32
         sum:                                73008.58

Threads fairness:
    events (avg/stddev):           28.0000/0.00
    execution time (avg/stddev):   18.2521/0.00

