sysbench 1.0.20 (using system LuaJIT 2.1.0-beta3)

Running the test with following options:
Number of threads: 1
Report intermediate results every 1 second(s)
Initializing random number generator from current time


Initializing worker threads...

Threads started!

[ 1s ] thds: 1 tps: 753.50 qps: 2262.50 (r/w/o: 2262.50/0.00/0.00) lat (ms,95%): 1.37 err/s: 0.00 reconn/s: 0.00
[ 2s ] thds: 1 tps: 763.16 qps: 2288.49 (r/w/o: 2288.49/0.00/0.00) lat (ms,95%): 1.37 err/s: 0.00 reconn/s: 0.00
[ 3s ] thds: 1 tps: 763.95 qps: 2292.86 (r/w/o: 2292.86/0.00/0.00) lat (ms,95%): 1.37 err/s: 0.00 reconn/s: 0.00
[ 4s ] thds: 1 tps: 770.07 qps: 2310.20 (r/w/o: 2310.20/0.00/0.00) lat (ms,95%): 1.37 err/s: 0.00 reconn/s: 0.00
[ 5s ] thds: 1 tps: 750.99 qps: 2250.97 (r/w/o: 2250.97/0.00/0.00) lat (ms,95%): 1.39 err/s: 0.00 reconn/s: 0.00
[ 6s ] thds: 1 tps: 766.01 qps: 2298.04 (r/w/o: 2298.04/0.00/0.00) lat (ms,95%): 1.37 err/s: 0.00 reconn/s: 0.00
[ 7s ] thds: 1 tps: 763.98 qps: 2291.95 (r/w/o: 2291.95/0.00/0.00) lat (ms,95%): 1.37 err/s: 0.00 reconn/s: 0.00
[ 8s ] thds: 1 tps: 770.00 qps: 2312.00 (r/w/o: 2312.00/0.00/0.00) lat (ms,95%): 1.37 err/s: 0.00 reconn/s: 0.00
SQL statistics:
    queries performed:
        read:                            18309
        write:                           0
        other:                           0
        total:                           18309
    transactions:                        6103   (762.76 per sec.)
    queries:                             18309  (2288.28 per sec.)
    ignored errors:                      0      (0.00 per sec.)
    reconnects:                          0      (0.00 per sec.)

General statistics:
    total time:                          8.0008s
    total number of events:              6103

Latency (ms):
         min:                                    1.21
         avg:                                    1.31
         max:                                    8.78
         95th percentile:                        1.37
         sum:                                 7993.62

Threads fairness:
    events (avg/stddev):           6103.0000/0.00
    execution time (avg/stddev):   7.9936/0.00

