sysbench 1.0.20 (using system LuaJIT 2.1.0-beta3)

Running the test with following options:
Number of threads: 1
Report intermediate results every 1 second(s)
Initializing random number generator from current time


Initializing worker threads...

Threads started!

[ 1s ] thds: 1 tps: 1.00 qps: 731.31 (r/w/o: 0.00/726.32/5.00) lat (ms,95%): 682.06 err/s: 0.00 reconn/s: 0.00
[ 2s ] thds: 1 tps: 2.00 qps: 835.40 (r/w/o: 0.00/831.40/4.00) lat (ms,95%): 682.06 err/s: 0.00 reconn/s: 0.00
[ 3s ] thds: 1 tps: 1.00 qps: 934.99 (r/w/o: 0.00/932.99/2.00) lat (ms,95%): 530.08 err/s: 0.00 reconn/s: 0.00
[ 4s ] thds: 1 tps: 2.00 qps: 842.96 (r/w/o: 0.00/838.96/4.00) lat (ms,95%): 580.02 err/s: 0.00 reconn/s: 0.00
[ 5s ] thds: 1 tps: 2.00 qps: 856.03 (r/w/o: 0.00/852.03/4.00) lat (ms,95%): 623.33 err/s: 0.00 reconn/s: 0.00
[ 6s ] thds: 1 tps: 2.00 qps: 994.00 (r/w/o: 0.00/990.00/4.00) lat (ms,95%): 502.20 err/s: 0.00 reconn/s: 0.00
[ 7s ] thds: 1 tps: 2.00 qps: 995.02 (r/w/o: 0.00/991.02/4.00) lat (ms,95%): 511.33 err/s: 0.00 reconn/s: 0.00
[ 8s ] thds: 1 tps: 2.00 qps: 917.97 (r/w/o: 0.00/913.97/4.00) lat (ms,95%): 569.67 err/s: 0.00 reconn/s: 0.00
SQL statistics:
    queries performed:
        read:                            0
        write:                           7499
        other:                           31
        total:                           7530
    transactions:                        15     (1.76 per sec.)
    queries:                             7530   (885.28 per sec.)
    ignored errors:                      0      (0.00 per sec.)
    reconnects:                          0      (0.00 per sec.)

General statistics:
    total time:                          8.5054s
    total number of events:              15

Latency (ms):
         min:                                  492.85
         avg:                                  566.98
         max:                                  687.96
         95th percentile:                      682.06
         sum:                                 8504.74

Threads fairness:
    events (avg/stddev):           15.0000/0.00
    execution time (avg/stddev):   8.5047/0.00

