sysbench 1.0.20 (using system LuaJIT 2.1.0-beta3)

Running the test with following options:
Number of threads: 4
Report intermediate results every 2 second(s)
Initializing random number generator from current time


Initializing worker threads...

Threads started!

[ 2s ] thds: 4 tps: 194.41 qps: 2960.16 (r/w/o: 0.00/1081.01/1879.15) lat (ms,95%): 36.24 err/s: 141.94 reconn/s: 0.00
[ 4s ] thds: 4 tps: 206.54 qps: 3012.13 (r/w/o: 0.00/1015.71/1996.42) lat (ms,95%): 31.37 err/s: 135.53 reconn/s: 0.00
[ 6s ] thds: 4 tps: 189.99 qps: 2839.35 (r/w/o: 0.00/994.45/1844.90) lat (ms,95%): 35.59 err/s: 139.99 reconn/s: 0.00
[ 8s ] thds: 4 tps: 186.51 qps: 2773.10 (r/w/o: 0.00/969.03/1804.06) lat (ms,95%): 33.72 err/s: 139.50 reconn/s: 0.00
[ 10s ] thds: 4 tps: 169.00 qps: 2601.96 (r/w/o: 0.00/921.99/1679.97) lat (ms,95%): 45.79 err/s: 132.00 reconn/s: 0.00
[ 12s ] thds: 4 tps: 189.51 qps: 2849.60 (r/w/o: 0.00/961.54/1888.07) lat (ms,95%): 31.94 err/s: 145.01 reconn/s: 0.00
[ 14s ] thds: 4 tps: 190.00 qps: 2811.99 (r/w/o: 0.00/943.00/1869.00) lat (ms,95%): 31.94 err/s: 141.00 reconn/s: 0.00
[ 16s ] thds: 4 tps: 192.00 qps: 2878.96 (r/w/o: 0.00/990.99/1887.97) lat (ms,95%): 30.26 err/s: 144.50 reconn/s: 0.00
[ 18s ] thds: 4 tps: 187.00 qps: 2809.53 (r/w/o: 0.00/936.01/1873.52) lat (ms,95%): 37.56 err/s: 141.50 reconn/s: 0.00
SQL statistics:
    queries performed:
        read:                            0
        write:                           17649
        other:                           33471
        total:                           51120
    transactions:                        3414   (189.41 per sec.)
    queries:                             51120  (2836.12 per sec.)
    ignored errors:                      2524   (140.03 per sec.)
    reconnects:                          0      (0.00 per sec.)

General statistics:
    total time:                          18.0242s
    total number of events:              3414

Latency (ms):
         min:                                    6.72
         avg:                                   21.11
         max:                                  122.93
         95th percentile:                       35.59
         sum:                                72079.37

Threads fairness:
    events (avg/stddev):           853.5000/11.41
    execution time (avg/stddev):   18.0198/0.00

