sysbench 1.0.20 (using system LuaJIT 2.1.0-beta3)

Running the test with following options:
Number of threads: 4
Report intermediate results every 2 second(s)
Initializing random number generator from current time


Initializing worker threads...

Threads started!

[ 2s ] thds: 4 tps: 3974.18 qps: 11924.05 (r/w/o: 11924.05/0.00/0.00) lat (ms,95%): 1.27 err/s: 0.00 reconn/s: 0.00
[ 4s ] thds: 4 tps: 3918.64 qps: 11755.92 (r/w/o: 11755.92/0.00/0.00) lat (ms,95%): 1.37 err/s: 0.00 reconn/s: 0.00
[ 6s ] thds: 4 tps: 4013.49 qps: 12041.48 (r/w/o: 12041.48/0.00/0.00) lat (ms,95%): 1.27 err/s: 0.00 reconn/s: 0.00
[ 8s ] thds: 4 tps: 4065.04 qps: 12195.61 (r/w/o: 12195.61/0.00/0.00) lat (ms,95%): 1.25 err/s: 0.00 reconn/s: 0.00
[ 10s ] thds: 4 tps: 4014.97 qps: 12043.42 (r/w/o: 12043.42/0.00/0.00) lat (ms,95%): 1.25 err/s: 0.00 reconn/s: 0.00
[ 12s ] thds: 4 tps: 4034.51 qps: 12104.53 (r/w/o: 12104.53/0.00/0.00) lat (ms,95%): 1.27 err/s: 0.00 reconn/s: 0.00
[ 14s ] thds: 4 tps: 4067.97 qps: 12203.92 (r/w/o: 12203.92/0.00/0.00) lat (ms,95%): 1.27 err/s: 0.00 reconn/s: 0.00
[ 16s ] thds: 4 tps: 4111.01 qps: 12332.54 (r/w/o: 12332.54/0.00/0.00) lat (ms,95%): 1.23 err/s: 0.00 reconn/s: 0.00
[ 18s ] thds: 4 tps: 4023.49 qps: 12070.48 (r/w/o: 12070.48/0.00/0.00) lat (ms,95%): 1.27 err/s: 0.00 reconn/s: 0.00
SQL statistics:
    queries performed:
        read:                            217356
        write:                           0
        other:                           0
        total:                           217356
    transactions:                        72452  (4024.67 per sec.)
    queries:                             217356 (12074.00 per sec.)
    ignored errors:                      0      (0.00 per sec.)
    reconnects:                          0      (0.00 per sec.)

General statistics:
    total time:                          18.0016s
    total number of events:              72452

Latency (ms):
         min:                                    0.63
         avg:                                    0.99
         max:                                   18.28
         95th percentile:                        1.27
         sum:                                71908.40

Threads fairness:
    events (avg/stddev):           18113.0000/73.88
    execution time (avg/stddev):   17.9771/0.00

