sysbench 1.0.20 (using system LuaJIT 2.1.0-beta3)

Running the test with following options:
Number of threads: 1
Report intermediate results every 1 second(s)
Initializing random number generator from current time


Initializing worker threads...

Threads started!

[ 1s ] thds: 1 tps: 59.94 qps: 59.94 (r/w/o: 59.94/0.00/0.00) lat (ms,95%): 17.01 err/s: 0.00 reconn/s: 0.00
[ 2s ] thds: 1 tps: 61.03 qps: 61.03 (r/w/o: 61.03/0.00/0.00) lat (ms,95%): 17.01 err/s: 0.00 reconn/s: 0.00
[ 3s ] thds: 1 tps: 60.00 qps: 60.00 (r/w/o: 60.00/0.00/0.00) lat (ms,95%): 17.01 err/s: 0.00 reconn/s: 0.00
[ 4s ] thds: 1 tps: 60.00 qps: 60.00 (r/w/o: 60.00/0.00/0.00) lat (ms,95%): 16.71 err/s: 0.00 reconn/s: 0.00
[ 5s ] thds: 1 tps: 61.00 qps: 61.00 (r/w/o: 61.00/0.00/0.00) lat (ms,95%): 16.71 err/s: 0.00 reconn/s: 0.00
[ 6s ] thds: 1 tps: 59.99 qps: 59.99 (r/w/o: 59.99/0.00/0.00) lat (ms,95%): 16.71 err/s: 0.00 reconn/s: 0.00
[ 7s ] thds: 1 tps: 60.00 qps: 60.00 (r/w/o: 60.00/0.00/0.00) lat (ms,95%): 17.01 err/s: 0.00 reconn/s: 0.00
[ 8s ] thds: 1 tps: 60.00 qps: 60.00 (r/w/o: 60.00/0.00/0.00) lat (ms,95%): 17.01 err/s: 0.00 reconn/s: 0.00
SQL statistics:
    queries performed:
        read:                            483
        write:                           0
        other:                           0
        total:                           483
    transactions:                        483    (60.32 per sec.)
    queries:                             483    (60.32 per sec.)
    ignored errors:                      0      (0.00 per sec.)
    reconnects:                          0      (0.00 per sec.)

General statistics:
    total time:                          8.0070s
    total number of events:              483

Latency (ms):
         min:                                   15.48
         avg:                                   16.57
         max:                                   24.99
         95th percentile:                       17.01
         sum:                                 8005.64

Threads fairness:
    events (avg/stddev):           483.0000/0.00
    execution time (avg/stddev):   8.0056/0.00

