sysbench 1.0.20 (using system LuaJIT 2.1.0-beta3)

Running the test with following options:
Number of threads: 1
Report intermediate results every 1 second(s)
Initializing random number generator from current time


Initializing worker threads...

Threads started!

[ 1s ] thds: 1 tps: 2781.14 qps: 2781.14 (r/w/o: 2781.14/0.00/0.00) lat (ms,95%): 0.39 err/s: 0.00 reconn/s: 0.00
[ 2s ] thds: 1 tps: 2857.63 qps: 2857.63 (r/w/o: 2857.63/0.00/0.00) lat (ms,95%): 0.38 err/s: 0.00 reconn/s: 0.00
[ 3s ] thds: 1 tps: 2856.01 qps: 2856.01 (r/w/o: 2856.01/0.00/0.00) lat (ms,95%): 0.37 err/s: 0.00 reconn/s: 0.00
[ 4s ] thds: 1 tps: 2819.96 qps: 2819.96 (r/w/o: 2819.96/0.00/0.00) lat (ms,95%): 0.38 err/s: 0.00 reconn/s: 0.00
[ 5s ] thds: 1 tps: 2827.02 qps: 2827.02 (r/w/o: 2827.02/0.00/0.00) lat (ms,95%): 0.38 err/s: 0.00 reconn/s: 0.00
[ 6s ] thds: 1 tps: 2833.95 qps: 2833.95 (r/w/o: 2833.95/0.00/0.00) lat (ms,95%): 0.38 err/s: 0.00 reconn/s: 0.00
[ 7s ] thds: 1 tps: 2848.00 qps: 2848.00 (r/w/o: 2848.00/0.00/0.00) lat (ms,95%): 0.38 err/s: 0.00 reconn/s: 0.00
[ 8s ] thds: 1 tps: 2863.07 qps: 2863.07 (r/w/o: 2863.07/0.00/0.00) lat (ms,95%): 0.37 err/s: 0.00 reconn/s: 0.00
SQL statistics:
    queries performed:
        read:                            22689
        write:                           0
        other:                           0
        total:                           22689
    transactions:                        22689  (2835.65 per sec.)
    queries:                             22689  (2835.65 per sec.)
    ignored errors:                      0      (0.00 per sec.)
    reconnects:                          0      (0.00 per sec.)

General statistics:
    total time:                          8.0010s
    total number of events:              22689

Latency (ms):
         min:                                    0.32
         avg:                                    0.35
         max:                                    8.28
         95th percentile:                        0.38
         sum:                                 7981.25

Threads fairness:
    events (avg/stddev):           22689.0000/0.00
    execution time (avg/stddev):   7.9813/0.00

