sysbench 1.0.20 (using system LuaJIT 2.1.0-beta3)

Running the test with following options:
Number of threads: 1
Report intermediate results every 1 second(s)
Initializing random number generator from current time


Initializing worker threads...

Threads started!

[ 1s ] thds: 1 tps: 687.53 qps: 687.53 (r/w/o: 687.53/0.00/0.00) lat (ms,95%): 1.50 err/s: 0.00 reconn/s: 0.00
[ 2s ] thds: 1 tps: 691.13 qps: 691.13 (r/w/o: 691.13/0.00/0.00) lat (ms,95%): 1.50 err/s: 0.00 reconn/s: 0.00
[ 3s ] thds: 1 tps: 687.04 qps: 687.04 (r/w/o: 687.04/0.00/0.00) lat (ms,95%): 1.52 err/s: 0.00 reconn/s: 0.00
[ 4s ] thds: 1 tps: 693.93 qps: 693.93 (r/w/o: 693.93/0.00/0.00) lat (ms,95%): 1.50 err/s: 0.00 reconn/s: 0.00
[ 5s ] thds: 1 tps: 690.07 qps: 690.07 (r/w/o: 690.07/0.00/0.00) lat (ms,95%): 1.52 err/s: 0.00 reconn/s: 0.00
[ 6s ] thds: 1 tps: 692.94 qps: 692.94 (r/w/o: 692.94/0.00/0.00) lat (ms,95%): 1.50 err/s: 0.00 reconn/s: 0.00
[ 7s ] thds: 1 tps: 688.04 qps: 688.04 (r/w/o: 688.04/0.00/0.00) lat (ms,95%): 1.50 err/s: 0.00 reconn/s: 0.00
[ 8s ] thds: 1 tps: 685.93 qps: 685.93 (r/w/o: 685.93/0.00/0.00) lat (ms,95%): 1.50 err/s: 0.00 reconn/s: 0.00
SQL statistics:
    queries performed:
        read:                            5518
        write:                           0
        other:                           0
        total:                           5518
    transactions:                        5518   (689.58 per sec.)
    queries:                             5518   (689.58 per sec.)
    ignored errors:                      0      (0.00 per sec.)
    reconnects:                          0      (0.00 per sec.)

General statistics:
    total time:                          8.0016s
    total number of events:              5518

Latency (ms):
         min:                                    1.25
         avg:                                    1.45
         max:                                   10.25
         95th percentile:                        1.50
         sum:                                 7995.59

Threads fairness:
    events (avg/stddev):           5518.0000/0.00
    execution time (avg/stddev):   7.9956/0.00

