sysbench 1.0.20 (using system LuaJIT 2.1.0-beta3)

Running the test with following options:
Number of threads: 1
Report intermediate results every 1 second(s)
Initializing random number generator from current time


Initializing worker threads...

Threads started!

[ 1s ] thds: 1 tps: 260.78 qps: 260.78 (r/w/o: 260.78/0.00/0.00) lat (ms,95%): 4.10 err/s: 0.00 reconn/s: 0.00
[ 2s ] thds: 1 tps: 260.10 qps: 260.10 (r/w/o: 260.10/0.00/0.00) lat (ms,95%): 4.10 err/s: 0.00 reconn/s: 0.00
[ 3s ] thds: 1 tps: 265.99 qps: 265.99 (r/w/o: 265.99/0.00/0.00) lat (ms,95%): 4.10 err/s: 0.00 reconn/s: 0.00
[ 4s ] thds: 1 tps: 266.00 qps: 266.00 (r/w/o: 266.00/0.00/0.00) lat (ms,95%): 3.96 err/s: 0.00 reconn/s: 0.00
[ 5s ] thds: 1 tps: 263.00 qps: 263.00 (r/w/o: 263.00/0.00/0.00) lat (ms,95%): 4.10 err/s: 0.00 reconn/s: 0.00
[ 6s ] thds: 1 tps: 263.02 qps: 263.02 (r/w/o: 263.02/0.00/0.00) lat (ms,95%): 4.10 err/s: 0.00 reconn/s: 0.00
[ 7s ] thds: 1 tps: 257.97 qps: 257.97 (r/w/o: 257.97/0.00/0.00) lat (ms,95%): 4.25 err/s: 0.00 reconn/s: 0.00
[ 8s ] thds: 1 tps: 264.02 qps: 264.02 (r/w/o: 264.02/0.00/0.00) lat (ms,95%): 4.10 err/s: 0.00 reconn/s: 0.00
SQL statistics:
    queries performed:
        read:                            2102
        write:                           0
        other:                           0
        total:                           2102
    transactions:                        2102   (262.65 per sec.)
    queries:                             2102   (262.65 per sec.)
    ignored errors:                      0      (0.00 per sec.)
    reconnects:                          0      (0.00 per sec.)

General statistics:
    total time:                          8.0026s
    total number of events:              2102

Latency (ms):
         min:                                    3.07
         avg:                                    3.81
         max:                                   12.96
         95th percentile:                        4.10
         sum:                                 7999.58

Threads fairness:
    events (avg/stddev):           2102.0000/0.00
    execution time (avg/stddev):   7.9996/0.00

