sysbench 1.0.20 (using system LuaJIT 2.1.0-beta3)

Running the test with following options:
Number of threads: 1
Report intermediate results every 1 second(s)
Initializing random number generator from current time


Initializing worker threads...

Threads started!

[ 1s ] thds: 1 tps: 3473.64 qps: 3473.64 (r/w/o: 3473.64/0.00/0.00) lat (ms,95%): 0.31 err/s: 0.00 reconn/s: 0.00
[ 2s ] thds: 1 tps: 3512.84 qps: 3512.84 (r/w/o: 3512.84/0.00/0.00) lat (ms,95%): 0.31 err/s: 0.00 reconn/s: 0.00
[ 3s ] thds: 1 tps: 3479.81 qps: 3479.81 (r/w/o: 3479.81/0.00/0.00) lat (ms,95%): 0.31 err/s: 0.00 reconn/s: 0.00
[ 4s ] thds: 1 tps: 3545.21 qps: 3545.21 (r/w/o: 3545.21/0.00/0.00) lat (ms,95%): 0.31 err/s: 0.00 reconn/s: 0.00
[ 5s ] thds: 1 tps: 3503.80 qps: 3503.80 (r/w/o: 3503.80/0.00/0.00) lat (ms,95%): 0.31 err/s: 0.00 reconn/s: 0.00
[ 6s ] thds: 1 tps: 3520.16 qps: 3520.16 (r/w/o: 3520.16/0.00/0.00) lat (ms,95%): 0.31 err/s: 0.00 reconn/s: 0.00
[ 7s ] thds: 1 tps: 3497.69 qps: 3497.69 (r/w/o: 3497.69/0.00/0.00) lat (ms,95%): 0.31 err/s: 0.00 reconn/s: 0.00
[ 8s ] thds: 1 tps: 3551.16 qps: 3551.16 (r/w/o: 3551.16/0.00/0.00) lat (ms,95%): 0.31 err/s: 0.00 reconn/s: 0.00
SQL statistics:
    queries performed:
        read:                            28087
        write:                           0
        other:                           0
        total:                           28087
    transactions:                        28087  (3510.37 per sec.)
    queries:                             28087  (3510.37 per sec.)
    ignored errors:                      0      (0.00 per sec.)
    reconnects:                          0      (0.00 per sec.)

General statistics:
    total time:                          8.0008s
    total number of events:              28087

Latency (ms):
         min:                                    0.25
         avg:                                    0.28
         max:                                    8.12
         95th percentile:                        0.31
         sum:                                 7974.29

Threads fairness:
    events (avg/stddev):           28087.0000/0.00
    execution time (avg/stddev):   7.9743/0.00

