sysbench 1.0.20 (using system LuaJIT 2.1.0-beta3)

Running the test with following options:
Number of threads: 4
Report intermediate results every 2 second(s)
Initializing random number generator from current time


Initializing worker threads...

Threads started!

[ 2s ] thds: 4 tps: 563.71 qps: 563.71 (r/w/o: 563.71/0.00/0.00) lat (ms,95%): 9.06 err/s: 0.00 reconn/s: 0.00
[ 4s ] thds: 4 tps: 571.11 qps: 571.11 (r/w/o: 571.11/0.00/0.00) lat (ms,95%): 9.06 err/s: 0.00 reconn/s: 0.00
[ 6s ] thds: 4 tps: 581.02 qps: 581.02 (r/w/o: 581.02/0.00/0.00) lat (ms,95%): 8.74 err/s: 0.00 reconn/s: 0.00
[ 8s ] thds: 4 tps: 579.98 qps: 579.98 (r/w/o: 579.98/0.00/0.00) lat (ms,95%): 8.90 err/s: 0.00 reconn/s: 0.00
[ 10s ] thds: 4 tps: 578.02 qps: 578.02 (r/w/o: 578.02/0.00/0.00) lat (ms,95%): 8.90 err/s: 0.00 reconn/s: 0.00
[ 12s ] thds: 4 tps: 580.50 qps: 580.50 (r/w/o: 580.50/0.00/0.00) lat (ms,95%): 8.58 err/s: 0.00 reconn/s: 0.00
[ 14s ] thds: 4 tps: 580.00 qps: 580.00 (r/w/o: 580.00/0.00/0.00) lat (ms,95%): 9.06 err/s: 0.00 reconn/s: 0.00
[ 16s ] thds: 4 tps: 578.50 qps: 578.50 (r/w/o: 578.50/0.00/0.00) lat (ms,95%): 8.58 err/s: 0.00 reconn/s: 0.00
[ 18s ] thds: 4 tps: 578.50 qps: 578.50 (r/w/o: 578.50/0.00/0.00) lat (ms,95%): 8.74 err/s: 0.00 reconn/s: 0.00
SQL statistics:
    queries performed:
        read:                            10387
        write:                           0
        other:                           0
        total:                           10387
    transactions:                        10387  (576.87 per sec.)
    queries:                             10387  (576.87 per sec.)
    ignored errors:                      0      (0.00 per sec.)
    reconnects:                          0      (0.00 per sec.)

General statistics:
    total time:                          18.0054s
    total number of events:              10387

Latency (ms):
         min:                                    2.86
         avg:                                    6.93
         max:                                   28.33
         95th percentile:                        8.90
         sum:                                71998.62

Threads fairness:
    events (avg/stddev):           2596.7500/13.77
    execution time (avg/stddev):   17.9997/0.00

