sysbench 1.0.20 (using system LuaJIT 2.1.0-beta3)

Running the test with following options:
Number of threads: 4
Report intermediate results every 2 second(s)
Initializing random number generator from current time


Initializing worker threads...

Threads started!

[ 2s ] thds: 4 tps: 10314.15 qps: 10314.15 (r/w/o: 10314.15/0.00/0.00) lat (ms,95%): 0.55 err/s: 0.00 reconn/s: 0.00
[ 4s ] thds: 4 tps: 10485.82 qps: 10485.82 (r/w/o: 10485.82/0.00/0.00) lat (ms,95%): 0.53 err/s: 0.00 reconn/s: 0.00
[ 6s ] thds: 4 tps: 10477.04 qps: 10477.04 (r/w/o: 10477.04/0.00/0.00) lat (ms,95%): 0.54 err/s: 0.00 reconn/s: 0.00
[ 8s ] thds: 4 tps: 10496.05 qps: 10496.05 (r/w/o: 10496.05/0.00/0.00) lat (ms,95%): 0.53 err/s: 0.00 reconn/s: 0.00
[ 10s ] thds: 4 tps: 10440.50 qps: 10441.00 (r/w/o: 10441.00/0.00/0.00) lat (ms,95%): 0.54 err/s: 0.00 reconn/s: 0.00
[ 12s ] thds: 4 tps: 10429.44 qps: 10428.94 (r/w/o: 10428.94/0.00/0.00) lat (ms,95%): 0.54 err/s: 0.00 reconn/s: 0.00
[ 14s ] thds: 4 tps: 10497.05 qps: 10497.05 (r/w/o: 10497.05/0.00/0.00) lat (ms,95%): 0.54 err/s: 0.00 reconn/s: 0.00
[ 16s ] thds: 4 tps: 10473.47 qps: 10473.47 (r/w/o: 10473.47/0.00/0.00) lat (ms,95%): 0.54 err/s: 0.00 reconn/s: 0.00
[ 18s ] thds: 4 tps: 10638.02 qps: 10638.02 (r/w/o: 10638.02/0.00/0.00) lat (ms,95%): 0.52 err/s: 0.00 reconn/s: 0.00
SQL statistics:
    queries performed:
        read:                            188511
        write:                           0
        other:                           0
        total:                           188511
    transactions:                        188511 (10471.99 per sec.)
    queries:                             188511 (10471.99 per sec.)
    ignored errors:                      0      (0.00 per sec.)
    reconnects:                          0      (0.00 per sec.)

General statistics:
    total time:                          18.0011s
    total number of events:              188511

Latency (ms):
         min:                                    0.21
         avg:                                    0.38
         max:                                   18.57
         95th percentile:                        0.54
         sum:                                71771.45

Threads fairness:
    events (avg/stddev):           47127.7500/150.76
    execution time (avg/stddev):   17.9429/0.00

