sysbench 1.0.20 (using system LuaJIT 2.1.0-beta3)

Running the test with following options:
Number of threads: 4
Report intermediate results every 2 second(s)
Initializing random number generator from current time


Initializing worker threads...

Threads started!

[ 2s ] thds: 4 tps: 463.83 qps: 463.83 (r/w/o: 463.83/0.00/0.00) lat (ms,95%): 11.87 err/s: 0.00 reconn/s: 0.00
[ 4s ] thds: 4 tps: 463.53 qps: 463.53 (r/w/o: 463.53/0.00/0.00) lat (ms,95%): 11.87 err/s: 0.00 reconn/s: 0.00
[ 6s ] thds: 4 tps: 468.50 qps: 468.50 (r/w/o: 468.50/0.00/0.00) lat (ms,95%): 12.08 err/s: 0.00 reconn/s: 0.00
[ 8s ] thds: 4 tps: 469.50 qps: 469.50 (r/w/o: 469.50/0.00/0.00) lat (ms,95%): 11.24 err/s: 0.00 reconn/s: 0.00
[ 10s ] thds: 4 tps: 470.49 qps: 470.49 (r/w/o: 470.49/0.00/0.00) lat (ms,95%): 11.65 err/s: 0.00 reconn/s: 0.00
[ 12s ] thds: 4 tps: 472.50 qps: 472.50 (r/w/o: 472.50/0.00/0.00) lat (ms,95%): 12.08 err/s: 0.00 reconn/s: 0.00
[ 14s ] thds: 4 tps: 471.50 qps: 471.50 (r/w/o: 471.50/0.00/0.00) lat (ms,95%): 12.30 err/s: 0.00 reconn/s: 0.00
[ 16s ] thds: 4 tps: 471.01 qps: 471.01 (r/w/o: 471.01/0.00/0.00) lat (ms,95%): 11.45 err/s: 0.00 reconn/s: 0.00
[ 18s ] thds: 4 tps: 468.50 qps: 468.50 (r/w/o: 468.50/0.00/0.00) lat (ms,95%): 11.65 err/s: 0.00 reconn/s: 0.00
SQL statistics:
    queries performed:
        read:                            8443
        write:                           0
        other:                           0
        total:                           8443
    transactions:                        8443   (468.92 per sec.)
    queries:                             8443   (468.92 per sec.)
    ignored errors:                      0      (0.00 per sec.)
    reconnects:                          0      (0.00 per sec.)

General statistics:
    total time:                          18.0050s
    total number of events:              8443

Latency (ms):
         min:                                    4.02
         avg:                                    8.53
         max:                                   27.29
         95th percentile:                       11.87
         sum:                                71996.72

Threads fairness:
    events (avg/stddev):           2110.7500/28.71
    execution time (avg/stddev):   17.9992/0.00

