sysbench 1.0.20 (using system LuaJIT 2.1.0-beta3)

Running the test with following options:
Number of threads: 4
Report intermediate results every 2 second(s)
Initializing random number generator from current time


Initializing worker threads...

Threads started!

[ 2s ] thds: 4 tps: 6409.18 qps: 6409.18 (r/w/o: 6409.18/0.00/0.00) lat (ms,95%): 0.86 err/s: 0.00 reconn/s: 0.00
[ 4s ] thds: 4 tps: 6555.54 qps: 6555.54 (r/w/o: 6555.54/0.00/0.00) lat (ms,95%): 0.81 err/s: 0.00 reconn/s: 0.00
[ 6s ] thds: 4 tps: 6555.99 qps: 6555.99 (r/w/o: 6555.99/0.00/0.00) lat (ms,95%): 0.83 err/s: 0.00 reconn/s: 0.00
[ 8s ] thds: 4 tps: 6579.63 qps: 6579.63 (r/w/o: 6579.63/0.00/0.00) lat (ms,95%): 0.81 err/s: 0.00 reconn/s: 0.00
[ 10s ] thds: 4 tps: 6571.37 qps: 6571.37 (r/w/o: 6571.37/0.00/0.00) lat (ms,95%): 0.84 err/s: 0.00 reconn/s: 0.00
[ 12s ] thds: 4 tps: 6626.51 qps: 6627.01 (r/w/o: 6627.01/0.00/0.00) lat (ms,95%): 0.81 err/s: 0.00 reconn/s: 0.00
[ 14s ] thds: 4 tps: 6582.94 qps: 6582.44 (r/w/o: 6582.44/0.00/0.00) lat (ms,95%): 0.83 err/s: 0.00 reconn/s: 0.00
[ 16s ] thds: 4 tps: 6561.55 qps: 6561.55 (r/w/o: 6561.55/0.00/0.00) lat (ms,95%): 0.83 err/s: 0.00 reconn/s: 0.00
[ 18s ] thds: 4 tps: 6574.05 qps: 6574.05 (r/w/o: 6574.05/0.00/0.00) lat (ms,95%): 0.83 err/s: 0.00 reconn/s: 0.00
SQL statistics:
    queries performed:
        read:                            118041
        write:                           0
        other:                           0
        total:                           118041
    transactions:                        118041 (6557.24 per sec.)
    queries:                             118041 (6557.24 per sec.)
    ignored errors:                      0      (0.00 per sec.)
    reconnects:                          0      (0.00 per sec.)

General statistics:
    total time:                          18.0012s
    total number of events:              118041

Latency (ms):
         min:                                    0.33
         avg:                                    0.61
         max:                                   18.93
         95th percentile:                        0.83
         sum:                                71849.44

Threads fairness:
    events (avg/stddev):           29510.2500/99.55
    execution time (avg/stddev):   17.9624/0.00

