sysbench 1.0.20 (using system LuaJIT 2.1.0-beta3)

Running the test with following options:
Number of threads: 4
Report intermediate results every 2 second(s)
Initializing random number generator from current time


Initializing worker threads...

Threads started!

[ 2s ] thds: 4 tps: 2487.90 qps: 2487.90 (r/w/o: 2487.90/0.00/0.00) lat (ms,95%): 2.14 err/s: 0.00 reconn/s: 0.00
[ 4s ] thds: 4 tps: 2492.90 qps: 2492.90 (r/w/o: 2492.90/0.00/0.00) lat (ms,95%): 2.14 err/s: 0.00 reconn/s: 0.00
[ 6s ] thds: 4 tps: 2502.49 qps: 2502.49 (r/w/o: 2502.49/0.00/0.00) lat (ms,95%): 2.14 err/s: 0.00 reconn/s: 0.00
[ 8s ] thds: 4 tps: 2504.52 qps: 2504.52 (r/w/o: 2504.52/0.00/0.00) lat (ms,95%): 2.18 err/s: 0.00 reconn/s: 0.00
[ 10s ] thds: 4 tps: 2512.99 qps: 2512.99 (r/w/o: 2512.99/0.00/0.00) lat (ms,95%): 2.14 err/s: 0.00 reconn/s: 0.00
[ 12s ] thds: 4 tps: 2518.49 qps: 2518.49 (r/w/o: 2518.49/0.00/0.00) lat (ms,95%): 2.14 err/s: 0.00 reconn/s: 0.00
[ 14s ] thds: 4 tps: 2519.49 qps: 2519.49 (r/w/o: 2519.49/0.00/0.00) lat (ms,95%): 2.14 err/s: 0.00 reconn/s: 0.00
[ 16s ] thds: 4 tps: 2505.00 qps: 2505.00 (r/w/o: 2505.00/0.00/0.00) lat (ms,95%): 2.14 err/s: 0.00 reconn/s: 0.00
[ 18s ] thds: 4 tps: 2508.51 qps: 2508.51 (r/w/o: 2508.51/0.00/0.00) lat (ms,95%): 2.18 err/s: 0.00 reconn/s: 0.00
SQL statistics:
    queries performed:
        read:                            45110
        write:                           0
        other:                           0
        total:                           45110
    transactions:                        45110  (2505.75 per sec.)
    queries:                             45110  (2505.75 per sec.)
    ignored errors:                      0      (0.00 per sec.)
    reconnects:                          0      (0.00 per sec.)

General statistics:
    total time:                          18.0022s
    total number of events:              45110

Latency (ms):
         min:                                    0.73
         avg:                                    1.59
         max:                                   19.57
         95th percentile:                        2.14
         sum:                                71944.13

Threads fairness:
    events (avg/stddev):           11277.5000/76.06
    execution time (avg/stddev):   17.9860/0.00

