sysbench 1.0.20 (using system LuaJIT 2.1.0-beta3)

Running the test with following options:
Number of threads: 4
Report intermediate results every 2 second(s)
Initializing random number generator from current time


Initializing worker threads...

Threads started!

[ 2s ] thds: 4 tps: 3118.55 qps: 3118.55 (r/w/o: 3118.55/0.00/0.00) lat (ms,95%): 1.70 err/s: 0.00 reconn/s: 0.00
[ 4s ] thds: 4 tps: 3146.05 qps: 3146.05 (r/w/o: 3146.05/0.00/0.00) lat (ms,95%): 1.70 err/s: 0.00 reconn/s: 0.00
[ 6s ] thds: 4 tps: 3145.97 qps: 3145.97 (r/w/o: 3145.97/0.00/0.00) lat (ms,95%): 1.70 err/s: 0.00 reconn/s: 0.00
[ 8s ] thds: 4 tps: 3143.53 qps: 3143.53 (r/w/o: 3143.53/0.00/0.00) lat (ms,95%): 1.70 err/s: 0.00 reconn/s: 0.00
[ 10s ] thds: 4 tps: 3155.04 qps: 3155.04 (r/w/o: 3155.04/0.00/0.00) lat (ms,95%): 1.67 err/s: 0.00 reconn/s: 0.00
[ 12s ] thds: 4 tps: 3156.48 qps: 3156.48 (r/w/o: 3156.48/0.00/0.00) lat (ms,95%): 1.67 err/s: 0.00 reconn/s: 0.00
[ 14s ] thds: 4 tps: 3161.48 qps: 3161.48 (r/w/o: 3161.48/0.00/0.00) lat (ms,95%): 1.67 err/s: 0.00 reconn/s: 0.00
[ 16s ] thds: 4 tps: 3147.49 qps: 3147.49 (r/w/o: 3147.49/0.00/0.00) lat (ms,95%): 1.70 err/s: 0.00 reconn/s: 0.00
[ 18s ] thds: 4 tps: 3156.09 qps: 3156.09 (r/w/o: 3156.09/0.00/0.00) lat (ms,95%): 1.64 err/s: 0.00 reconn/s: 0.00
SQL statistics:
    queries performed:
        read:                            56667
        write:                           0
        other:                           0
        total:                           56667
    transactions:                        56667  (3147.82 per sec.)
    queries:                             56667  (3147.82 per sec.)
    ignored errors:                      0      (0.00 per sec.)
    reconnects:                          0      (0.00 per sec.)

General statistics:
    total time:                          18.0016s
    total number of events:              56667

Latency (ms):
         min:                                    0.60
         avg:                                    1.27
         max:                                   19.91
         95th percentile:                        1.67
         sum:                                71927.97

Threads fairness:
    events (avg/stddev):           14166.7500/92.72
    execution time (avg/stddev):   17.9820/0.00

