sysbench 1.0.20 (using system LuaJIT 2.1.0-beta3)

Running the test with following options:
Number of threads: 1
Report intermediate results every 1 second(s)
Initializing random number generator from current time


Initializing worker threads...

Threads started!

[ 1s ] thds: 1 tps: 0.00 qps: 952.06 (r/w/o: 0.00/949.07/3.00) lat (ms,95%): 0.00 err/s: 0.00 reconn/s: 0.00
[ 2s ] thds: 1 tps: 0.00 qps: 936.48 (r/w/o: 0.00/936.48/0.00) lat (ms,95%): 0.00 err/s: 0.00 reconn/s: 0.00
[ 3s ] thds: 1 tps: 0.00 qps: 984.99 (r/w/o: 0.00/984.99/0.00) lat (ms,95%): 0.00 err/s: 0.00 reconn/s: 0.00
[ 4s ] thds: 1 tps: 0.00 qps: 978.97 (r/w/o: 0.00/978.97/0.00) lat (ms,95%): 0.00 err/s: 0.00 reconn/s: 0.00
[ 5s ] thds: 1 tps: 1.00 qps: 883.00 (r/w/o: 0.00/881.00/2.00) lat (ms,95%): 4128.91 err/s: 0.00 reconn/s: 0.00
[ 6s ] thds: 1 tps: 0.00 qps: 937.05 (r/w/o: 0.00/937.05/0.00) lat (ms,95%): 0.00 err/s: 0.00 reconn/s: 0.00
[ 7s ] thds: 1 tps: 0.00 qps: 939.99 (r/w/o: 0.00/939.99/0.00) lat (ms,95%): 0.00 err/s: 0.00 reconn/s: 0.00
[ 8s ] thds: 1 tps: 0.00 qps: 941.02 (r/w/o: 0.00/941.02/0.00) lat (ms,95%): 0.00 err/s: 0.00 reconn/s: 0.00
SQL statistics:
    queries performed:
        read:                            0
        write:                           8001
        other:                           5
        total:                           8006
    transactions:                        2      (0.24 per sec.)
    queries:                             8006   (944.54 per sec.)
    ignored errors:                      0      (0.00 per sec.)
    reconnects:                          0      (0.00 per sec.)

General statistics:
    total time:                          8.4757s
    total number of events:              2

Latency (ms):
         min:                                 4162.17
         avg:                                 4237.58
         max:                                 4312.99
         95th percentile:                     4280.32
         sum:                                 8475.16

Threads fairness:
    events (avg/stddev):           2.0000/0.00
    execution time (avg/stddev):   8.4752/0.00

