sysbench 1.0.20 (using system LuaJIT 2.1.0-beta3)

Running the test with following options:
Number of threads: 1
Report intermediate results every 1 second(s)
Initializing random number generator from current time


Initializing worker threads...

Threads started!

[ 1s ] thds: 1 tps: 0.00 qps: 1268.89 (r/w/o: 0.00/1265.89/3.00) lat (ms,95%): 0.00 err/s: 0.00 reconn/s: 0.00
[ 2s ] thds: 1 tps: 0.00 qps: 1293.49 (r/w/o: 0.00/1293.49/0.00) lat (ms,95%): 0.00 err/s: 0.00 reconn/s: 0.00
[ 3s ] thds: 1 tps: 1.00 qps: 1351.06 (r/w/o: 0.00/1349.06/2.00) lat (ms,95%): 2320.55 err/s: 0.00 reconn/s: 0.00
[ 4s ] thds: 1 tps: 0.00 qps: 1458.98 (r/w/o: 0.00/1458.98/0.00) lat (ms,95%): 0.00 err/s: 0.00 reconn/s: 0.00
[ 5s ] thds: 1 tps: 1.00 qps: 1332.04 (r/w/o: 0.00/1330.04/2.00) lat (ms,95%): 2082.91 err/s: 0.00 reconn/s: 0.00
[ 6s ] thds: 1 tps: 0.00 qps: 1290.99 (r/w/o: 0.00/1290.99/0.00) lat (ms,95%): 0.00 err/s: 0.00 reconn/s: 0.00
[ 7s ] thds: 1 tps: 1.00 qps: 1398.98 (r/w/o: 0.00/1396.98/2.00) lat (ms,95%): 2279.14 err/s: 0.00 reconn/s: 0.00
[ 8s ] thds: 1 tps: 0.00 qps: 1322.01 (r/w/o: 0.00/1322.01/0.00) lat (ms,95%): 0.00 err/s: 0.00 reconn/s: 0.00
[ 9s ] thds: 1 tps: 0.00 qps: 1285.01 (r/w/o: 0.00/1285.01/0.00) lat (ms,95%): 0.00 err/s: 0.00 reconn/s: 0.00
SQL statistics:
    queries performed:
        read:                            0
        write:                           12003
        other:                           9
        total:                           12012
    transactions:                        4      (0.44 per sec.)
    queries:                             12012  (1333.63 per sec.)
    ignored errors:                      0      (0.00 per sec.)
    reconnects:                          0      (0.00 per sec.)

General statistics:
    total time:                          9.0066s
    total number of events:              4

Latency (ms):
         min:                                 2080.91
         avg:                                 2251.51
         max:                                 2340.75
         95th percentile:                     2320.55
         sum:                                 9006.06

Threads fairness:
    events (avg/stddev):           4.0000/0.00
    execution time (avg/stddev):   9.0061/0.00

