sysbench 1.0.20 (using system LuaJIT 2.1.0-beta3)

Running the test with following options:
Number of threads: 1
Report intermediate results every 1 second(s)
Initializing random number generator from current time


Initializing worker threads...

Threads started!

[ 1s ] thds: 1 tps: 1420.77 qps: 1420.77 (r/w/o: 1420.77/0.00/0.00) lat (ms,95%): 0.77 err/s: 0.00 reconn/s: 0.00
[ 2s ] thds: 1 tps: 1453.66 qps: 1453.66 (r/w/o: 1453.66/0.00/0.00) lat (ms,95%): 0.74 err/s: 0.00 reconn/s: 0.00
[ 3s ] thds: 1 tps: 1412.98 qps: 1412.98 (r/w/o: 1412.98/0.00/0.00) lat (ms,95%): 0.80 err/s: 0.00 reconn/s: 0.00
[ 4s ] thds: 1 tps: 1428.78 qps: 1428.78 (r/w/o: 1428.78/0.00/0.00) lat (ms,95%): 0.75 err/s: 0.00 reconn/s: 0.00
[ 5s ] thds: 1 tps: 1421.93 qps: 1421.93 (r/w/o: 1421.93/0.00/0.00) lat (ms,95%): 0.78 err/s: 0.00 reconn/s: 0.00
[ 6s ] thds: 1 tps: 1420.26 qps: 1420.26 (r/w/o: 1420.26/0.00/0.00) lat (ms,95%): 0.78 err/s: 0.00 reconn/s: 0.00
[ 7s ] thds: 1 tps: 1323.78 qps: 1323.78 (r/w/o: 1323.78/0.00/0.00) lat (ms,95%): 0.99 err/s: 0.00 reconn/s: 0.00
[ 8s ] thds: 1 tps: 1321.26 qps: 1321.26 (r/w/o: 1321.26/0.00/0.00) lat (ms,95%): 0.92 err/s: 0.00 reconn/s: 0.00
SQL statistics:
    queries performed:
        read:                            11205
        write:                           0
        other:                           0
        total:                           11205
    transactions:                        11205  (1400.37 per sec.)
    queries:                             11205  (1400.37 per sec.)
    ignored errors:                      0      (0.00 per sec.)
    reconnects:                          0      (0.00 per sec.)

General statistics:
    total time:                          8.0011s
    total number of events:              11205

Latency (ms):
         min:                                    0.64
         avg:                                    0.71
         max:                                    8.82
         95th percentile:                        0.84
         sum:                                 7990.06

Threads fairness:
    events (avg/stddev):           11205.0000/0.00
    execution time (avg/stddev):   7.9901/0.00

