sysbench 1.0.20 (using system LuaJIT 2.1.0-beta3)

Running the test with following options:
Number of threads: 4
Report intermediate results every 2 second(s)
Initializing random number generator from current time


Initializing worker threads...

Threads started!

[ 2s ] thds: 4 tps: 2353.92 qps: 7062.26 (r/w/o: 7062.26/0.00/0.00) lat (ms,95%): 2.11 err/s: 0.00 reconn/s: 0.00
[ 4s ] thds: 4 tps: 2324.42 qps: 6974.26 (r/w/o: 6974.26/0.00/0.00) lat (ms,95%): 2.22 err/s: 0.00 reconn/s: 0.00
[ 6s ] thds: 4 tps: 2358.02 qps: 7073.06 (r/w/o: 7073.06/0.00/0.00) lat (ms,95%): 2.14 err/s: 0.00 reconn/s: 0.00
[ 8s ] thds: 4 tps: 2372.43 qps: 7118.80 (r/w/o: 7118.80/0.00/0.00) lat (ms,95%): 2.11 err/s: 0.00 reconn/s: 0.00
[ 10s ] thds: 4 tps: 2368.54 qps: 7106.62 (r/w/o: 7106.62/0.00/0.00) lat (ms,95%): 2.11 err/s: 0.00 reconn/s: 0.00
[ 12s ] thds: 4 tps: 2378.00 qps: 7132.99 (r/w/o: 7132.99/0.00/0.00) lat (ms,95%): 2.11 err/s: 0.00 reconn/s: 0.00
[ 14s ] thds: 4 tps: 2378.60 qps: 7135.81 (r/w/o: 7135.81/0.00/0.00) lat (ms,95%): 2.14 err/s: 0.00 reconn/s: 0.00
[ 16s ] thds: 4 tps: 2356.38 qps: 7071.15 (r/w/o: 7071.15/0.00/0.00) lat (ms,95%): 2.18 err/s: 0.00 reconn/s: 0.00
[ 18s ] thds: 4 tps: 2306.99 qps: 6918.48 (r/w/o: 6918.48/0.00/0.00) lat (ms,95%): 2.30 err/s: 0.00 reconn/s: 0.00
SQL statistics:
    queries performed:
        read:                            127200
        write:                           0
        other:                           0
        total:                           127200
    transactions:                        42400  (2355.19 per sec.)
    queries:                             127200 (7065.58 per sec.)
    ignored errors:                      0      (0.00 per sec.)
    reconnects:                          0      (0.00 per sec.)

General statistics:
    total time:                          18.0024s
    total number of events:              42400

Latency (ms):
         min:                                    0.98
         avg:                                    1.70
         max:                                   21.21
         95th percentile:                        2.18
         sum:                                71951.92

Threads fairness:
    events (avg/stddev):           10600.0000/40.99
    execution time (avg/stddev):   17.9880/0.00

