sysbench 1.0.20 (using system LuaJIT 2.1.0-beta3)

Running the test with following options:
Number of threads: 1
Report intermediate results every 1 second(s)
Initializing random number generator from current time


Initializing worker threads...

Threads started!

[ 1s ] thds: 1 tps: 20.98 qps: 1137.02 (r/w/o: 0.00/1092.06/44.96) lat (ms,95%): 51.02 err/s: 0.00 reconn/s: 0.00
[ 2s ] thds: 1 tps: 22.01 qps: 1100.48 (r/w/o: 0.00/1057.46/43.02) lat (ms,95%): 54.83 err/s: 0.00 reconn/s: 0.00
[ 3s ] thds: 1 tps: 19.00 qps: 1012.00 (r/w/o: 0.00/973.00/39.00) lat (ms,95%): 63.32 err/s: 0.00 reconn/s: 0.00
[ 4s ] thds: 1 tps: 19.00 qps: 989.00 (r/w/o: 0.00/951.00/38.00) lat (ms,95%): 58.92 err/s: 0.00 reconn/s: 0.00
[ 5s ] thds: 1 tps: 20.00 qps: 1034.97 (r/w/o: 0.00/994.97/40.00) lat (ms,95%): 58.92 err/s: 0.00 reconn/s: 0.00
[ 6s ] thds: 1 tps: 21.00 qps: 1088.00 (r/w/o: 0.00/1046.00/42.00) lat (ms,95%): 51.94 err/s: 0.00 reconn/s: 0.00
[ 7s ] thds: 1 tps: 21.00 qps: 1095.04 (r/w/o: 0.00/1053.04/42.00) lat (ms,95%): 51.94 err/s: 0.00 reconn/s: 0.00
[ 8s ] thds: 1 tps: 21.00 qps: 1075.95 (r/w/o: 0.00/1033.95/42.00) lat (ms,95%): 52.89 err/s: 0.00 reconn/s: 0.00
SQL statistics:
    queries performed:
        read:                            0
        write:                           8249
        other:                           331
        total:                           8580
    transactions:                        165    (20.52 per sec.)
    queries:                             8580   (1067.12 per sec.)
    ignored errors:                      0      (0.00 per sec.)
    reconnects:                          0      (0.00 per sec.)

General statistics:
    total time:                          8.0399s
    total number of events:              165

Latency (ms):
         min:                                   41.05
         avg:                                   48.72
         max:                                   64.18
         95th percentile:                       58.92
         sum:                                 8038.71

Threads fairness:
    events (avg/stddev):           165.0000/0.00
    execution time (avg/stddev):   8.0387/0.00

