sysbench 1.0.20 (using system LuaJIT 2.1.0-beta3)

Running the test with following options:
Number of threads: 1
Report intermediate results every 1 second(s)
Initializing random number generator from current time


Initializing worker threads...

Threads started!

[ 1s ] thds: 1 tps: 1398.90 qps: 4196.71 (r/w/o: 4196.71/0.00/0.00) lat (ms,95%): 0.78 err/s: 0.00 reconn/s: 0.00
[ 2s ] thds: 1 tps: 1428.44 qps: 4287.33 (r/w/o: 4287.33/0.00/0.00) lat (ms,95%): 0.78 err/s: 0.00 reconn/s: 0.00
[ 3s ] thds: 1 tps: 1444.99 qps: 4333.97 (r/w/o: 4333.97/0.00/0.00) lat (ms,95%): 0.73 err/s: 0.00 reconn/s: 0.00
[ 4s ] thds: 1 tps: 1413.01 qps: 4240.04 (r/w/o: 4240.04/0.00/0.00) lat (ms,95%): 0.78 err/s: 0.00 reconn/s: 0.00
[ 5s ] thds: 1 tps: 1435.99 qps: 4305.98 (r/w/o: 4305.98/0.00/0.00) lat (ms,95%): 0.77 err/s: 0.00 reconn/s: 0.00
[ 6s ] thds: 1 tps: 1433.90 qps: 4302.70 (r/w/o: 4302.70/0.00/0.00) lat (ms,95%): 0.77 err/s: 0.00 reconn/s: 0.00
[ 7s ] thds: 1 tps: 1429.04 qps: 4288.12 (r/w/o: 4288.12/0.00/0.00) lat (ms,95%): 0.78 err/s: 0.00 reconn/s: 0.00
[ 8s ] thds: 1 tps: 1438.08 qps: 4312.23 (r/w/o: 4312.23/0.00/0.00) lat (ms,95%): 0.77 err/s: 0.00 reconn/s: 0.00
SQL statistics:
    queries performed:
        read:                            34272
        write:                           0
        other:                           0
        total:                           34272
    transactions:                        11424  (1427.74 per sec.)
    queries:                             34272  (4283.22 per sec.)
    ignored errors:                      0      (0.00 per sec.)
    reconnects:                          0      (0.00 per sec.)

General statistics:
    total time:                          8.0011s
    total number of events:              11424

Latency (ms):
         min:                                    0.63
         avg:                                    0.70
         max:                                    8.45
         95th percentile:                        0.77
         sum:                                 7988.58

Threads fairness:
    events (avg/stddev):           11424.0000/0.00
    execution time (avg/stddev):   7.9886/0.00

