sysbench 1.0.20 (using system LuaJIT 2.1.0-beta3)

Running the test with following options:
Number of threads: 1
Report intermediate results every 1 second(s)
Initializing random number generator from current time


Initializing worker threads...

Threads started!

[ 1s ] thds: 1 tps: 872.34 qps: 872.34 (r/w/o: 872.34/0.00/0.00) lat (ms,95%): 1.16 err/s: 0.00 reconn/s: 0.00
[ 2s ] thds: 1 tps: 874.25 qps: 874.25 (r/w/o: 874.25/0.00/0.00) lat (ms,95%): 1.16 err/s: 0.00 reconn/s: 0.00
[ 3s ] thds: 1 tps: 876.00 qps: 876.00 (r/w/o: 876.00/0.00/0.00) lat (ms,95%): 1.18 err/s: 0.00 reconn/s: 0.00
[ 4s ] thds: 1 tps: 886.00 qps: 886.00 (r/w/o: 886.00/0.00/0.00) lat (ms,95%): 1.16 err/s: 0.00 reconn/s: 0.00
[ 5s ] thds: 1 tps: 886.96 qps: 886.96 (r/w/o: 886.96/0.00/0.00) lat (ms,95%): 1.16 err/s: 0.00 reconn/s: 0.00
[ 6s ] thds: 1 tps: 884.01 qps: 884.01 (r/w/o: 884.01/0.00/0.00) lat (ms,95%): 1.16 err/s: 0.00 reconn/s: 0.00
[ 7s ] thds: 1 tps: 871.99 qps: 871.99 (r/w/o: 871.99/0.00/0.00) lat (ms,95%): 1.18 err/s: 0.00 reconn/s: 0.00
SQL statistics:
    queries performed:
        read:                            7024
        write:                           0
        other:                           0
        total:                           7024
    transactions:                        7024   (877.88 per sec.)
    queries:                             7024   (877.88 per sec.)
    ignored errors:                      0      (0.00 per sec.)
    reconnects:                          0      (0.00 per sec.)

General statistics:
    total time:                          8.0007s
    total number of events:              7024

Latency (ms):
         min:                                    1.10
         avg:                                    1.14
         max:                                    8.81
         95th percentile:                        1.18
         sum:                                 7993.18

Threads fairness:
    events (avg/stddev):           7024.0000/0.00
    execution time (avg/stddev):   7.9932/0.00

