sysbench 1.0.20 (using system LuaJIT 2.1.0-beta3)

Running the test with following options:
Number of threads: 1
Report intermediate results every 1 second(s)
Initializing random number generator from current time


Initializing worker threads...

Threads started!

[ 1s ] thds: 1 tps: 5867.56 qps: 5867.56 (r/w/o: 5867.56/0.00/0.00) lat (ms,95%): 0.19 err/s: 0.00 reconn/s: 0.00
[ 2s ] thds: 1 tps: 5893.05 qps: 5893.05 (r/w/o: 5893.05/0.00/0.00) lat (ms,95%): 0.20 err/s: 0.00 reconn/s: 0.00
[ 3s ] thds: 1 tps: 6011.15 qps: 6011.15 (r/w/o: 6011.15/0.00/0.00) lat (ms,95%): 0.19 err/s: 0.00 reconn/s: 0.00
[ 4s ] thds: 1 tps: 5968.53 qps: 5968.53 (r/w/o: 5968.53/0.00/0.00) lat (ms,95%): 0.19 err/s: 0.00 reconn/s: 0.00
[ 5s ] thds: 1 tps: 5796.01 qps: 5796.01 (r/w/o: 5796.01/0.00/0.00) lat (ms,95%): 0.19 err/s: 0.00 reconn/s: 0.00
[ 6s ] thds: 1 tps: 5996.68 qps: 5996.68 (r/w/o: 5996.68/0.00/0.00) lat (ms,95%): 0.19 err/s: 0.00 reconn/s: 0.00
[ 7s ] thds: 1 tps: 5683.29 qps: 5683.29 (r/w/o: 5683.29/0.00/0.00) lat (ms,95%): 0.20 err/s: 0.00 reconn/s: 0.00
SQL statistics:
    queries performed:
        read:                            47253
        write:                           0
        other:                           0
        total:                           47253
    transactions:                        47253  (5905.85 per sec.)
    queries:                             47253  (5905.85 per sec.)
    ignored errors:                      0      (0.00 per sec.)
    reconnects:                          0      (0.00 per sec.)

General statistics:
    total time:                          8.0007s
    total number of events:              47253

Latency (ms):
         min:                                    0.14
         avg:                                    0.17
         max:                                    7.63
         95th percentile:                        0.19
         sum:                                 7960.28

Threads fairness:
    events (avg/stddev):           47253.0000/0.00
    execution time (avg/stddev):   7.9603/0.00

