sysbench 1.0.20 (using system LuaJIT 2.1.0-beta3)

Running the test with following options:
Number of threads: 1
Report intermediate results every 1 second(s)
Initializing random number generator from current time


Initializing worker threads...

Threads started!

[ 1s ] thds: 1 tps: 4985.55 qps: 4985.55 (r/w/o: 4985.55/0.00/0.00) lat (ms,95%): 0.22 err/s: 0.00 reconn/s: 0.00
[ 2s ] thds: 1 tps: 5041.13 qps: 5041.13 (r/w/o: 5041.13/0.00/0.00) lat (ms,95%): 0.22 err/s: 0.00 reconn/s: 0.00
[ 3s ] thds: 1 tps: 4984.97 qps: 4984.97 (r/w/o: 4984.97/0.00/0.00) lat (ms,95%): 0.23 err/s: 0.00 reconn/s: 0.00
[ 4s ] thds: 1 tps: 4892.99 qps: 4892.99 (r/w/o: 4892.99/0.00/0.00) lat (ms,95%): 0.23 err/s: 0.00 reconn/s: 0.00
[ 5s ] thds: 1 tps: 5012.02 qps: 5012.02 (r/w/o: 5012.02/0.00/0.00) lat (ms,95%): 0.22 err/s: 0.00 reconn/s: 0.00
[ 6s ] thds: 1 tps: 4945.12 qps: 4945.12 (r/w/o: 4945.12/0.00/0.00) lat (ms,95%): 0.23 err/s: 0.00 reconn/s: 0.00
[ 7s ] thds: 1 tps: 4993.84 qps: 4993.84 (r/w/o: 4993.84/0.00/0.00) lat (ms,95%): 0.22 err/s: 0.00 reconn/s: 0.00
SQL statistics:
    queries performed:
        read:                            39882
        write:                           0
        other:                           0
        total:                           39882
    transactions:                        39882  (4984.61 per sec.)
    queries:                             39882  (4984.61 per sec.)
    ignored errors:                      0      (0.00 per sec.)
    reconnects:                          0      (0.00 per sec.)

General statistics:
    total time:                          8.0007s
    total number of events:              39882

Latency (ms):
         min:                                    0.17
         avg:                                    0.20
         max:                                    7.90
         95th percentile:                        0.23
         sum:                                 7964.34

Threads fairness:
    events (avg/stddev):           39882.0000/0.00
    execution time (avg/stddev):   7.9643/0.00

