sysbench 1.0.20 (using system LuaJIT 2.1.0-beta3)

Running the test with following options:
Number of threads: 1
Report intermediate results every 1 second(s)
Initializing random number generator from current time


Initializing worker threads...

Threads started!

[ 1s ] thds: 1 tps: 212.82 qps: 212.82 (r/w/o: 212.82/0.00/0.00) lat (ms,95%): 5.09 err/s: 0.00 reconn/s: 0.00
[ 2s ] thds: 1 tps: 215.07 qps: 215.07 (r/w/o: 215.07/0.00/0.00) lat (ms,95%): 5.00 err/s: 0.00 reconn/s: 0.00
[ 3s ] thds: 1 tps: 186.00 qps: 186.00 (r/w/o: 186.00/0.00/0.00) lat (ms,95%): 5.99 err/s: 0.00 reconn/s: 0.00
[ 4s ] thds: 1 tps: 183.99 qps: 183.99 (r/w/o: 183.99/0.00/0.00) lat (ms,95%): 5.99 err/s: 0.00 reconn/s: 0.00
[ 5s ] thds: 1 tps: 213.01 qps: 214.01 (r/w/o: 214.01/0.00/0.00) lat (ms,95%): 5.57 err/s: 0.00 reconn/s: 0.00
[ 6s ] thds: 1 tps: 212.00 qps: 211.00 (r/w/o: 211.00/0.00/0.00) lat (ms,95%): 5.18 err/s: 0.00 reconn/s: 0.00
[ 7s ] thds: 1 tps: 221.00 qps: 221.00 (r/w/o: 221.00/0.00/0.00) lat (ms,95%): 4.74 err/s: 0.00 reconn/s: 0.00
[ 8s ] thds: 1 tps: 217.00 qps: 217.00 (r/w/o: 217.00/0.00/0.00) lat (ms,95%): 5.00 err/s: 0.00 reconn/s: 0.00
SQL statistics:
    queries performed:
        read:                            1662
        write:                           0
        other:                           0
        total:                           1662
    transactions:                        1662   (207.68 per sec.)
    queries:                             1662   (207.68 per sec.)
    ignored errors:                      0      (0.00 per sec.)
    reconnects:                          0      (0.00 per sec.)

General statistics:
    total time:                          8.0023s
    total number of events:              1662

Latency (ms):
         min:                                    3.69
         avg:                                    4.81
         max:                                   17.13
         95th percentile:                        5.99
         sum:                                 7999.75

Threads fairness:
    events (avg/stddev):           1662.0000/0.00
    execution time (avg/stddev):   7.9997/0.00

