sysbench 1.0.20 (using system LuaJIT 2.1.0-beta3)

Running the test with following options:
Number of threads: 1
Report intermediate results every 1 second(s)
Initializing random number generator from current time


Initializing worker threads...

Threads started!

[ 1s ] thds: 1 tps: 2412.19 qps: 2412.19 (r/w/o: 2412.19/0.00/0.00) lat (ms,95%): 0.44 err/s: 0.00 reconn/s: 0.00
[ 2s ] thds: 1 tps: 2444.69 qps: 2444.69 (r/w/o: 2444.69/0.00/0.00) lat (ms,95%): 0.44 err/s: 0.00 reconn/s: 0.00
[ 3s ] thds: 1 tps: 2393.78 qps: 2393.78 (r/w/o: 2393.78/0.00/0.00) lat (ms,95%): 0.45 err/s: 0.00 reconn/s: 0.00
[ 4s ] thds: 1 tps: 2469.24 qps: 2469.24 (r/w/o: 2469.24/0.00/0.00) lat (ms,95%): 0.43 err/s: 0.00 reconn/s: 0.00
[ 5s ] thds: 1 tps: 2464.97 qps: 2464.97 (r/w/o: 2464.97/0.00/0.00) lat (ms,95%): 0.43 err/s: 0.00 reconn/s: 0.00
[ 6s ] thds: 1 tps: 2439.76 qps: 2439.76 (r/w/o: 2439.76/0.00/0.00) lat (ms,95%): 0.44 err/s: 0.00 reconn/s: 0.00
[ 7s ] thds: 1 tps: 2448.20 qps: 2448.20 (r/w/o: 2448.20/0.00/0.00) lat (ms,95%): 0.44 err/s: 0.00 reconn/s: 0.00
[ 8s ] thds: 1 tps: 2404.94 qps: 2404.94 (r/w/o: 2404.94/0.00/0.00) lat (ms,95%): 0.45 err/s: 0.00 reconn/s: 0.00
SQL statistics:
    queries performed:
        read:                            19480
        write:                           0
        other:                           0
        total:                           19480
    transactions:                        19480  (2434.66 per sec.)
    queries:                             19480  (2434.66 per sec.)
    ignored errors:                      0      (0.00 per sec.)
    reconnects:                          0      (0.00 per sec.)

General statistics:
    total time:                          8.0007s
    total number of events:              19480

Latency (ms):
         min:                                    0.38
         avg:                                    0.41
         max:                                    8.04
         95th percentile:                        0.44
         sum:                                 7982.95

Threads fairness:
    events (avg/stddev):           19480.0000/0.00
    execution time (avg/stddev):   7.9829/0.00

