sysbench 1.0.20 (using system LuaJIT 2.1.0-beta3)

Running the test with following options:
Number of threads: 1
Report intermediate results every 1 second(s)
Initializing random number generator from current time


Initializing worker threads...

Threads started!

[ 1s ] thds: 1 tps: 1576.87 qps: 1576.87 (r/w/o: 1576.87/0.00/0.00) lat (ms,95%): 0.67 err/s: 0.00 reconn/s: 0.00
[ 2s ] thds: 1 tps: 1585.36 qps: 1585.36 (r/w/o: 1585.36/0.00/0.00) lat (ms,95%): 0.67 err/s: 0.00 reconn/s: 0.00
[ 3s ] thds: 1 tps: 1577.01 qps: 1577.01 (r/w/o: 1577.01/0.00/0.00) lat (ms,95%): 0.67 err/s: 0.00 reconn/s: 0.00
[ 4s ] thds: 1 tps: 1583.95 qps: 1583.95 (r/w/o: 1583.95/0.00/0.00) lat (ms,95%): 0.67 err/s: 0.00 reconn/s: 0.00
[ 5s ] thds: 1 tps: 1586.89 qps: 1586.89 (r/w/o: 1586.89/0.00/0.00) lat (ms,95%): 0.67 err/s: 0.00 reconn/s: 0.00
[ 6s ] thds: 1 tps: 1594.15 qps: 1594.15 (r/w/o: 1594.15/0.00/0.00) lat (ms,95%): 0.67 err/s: 0.00 reconn/s: 0.00
[ 7s ] thds: 1 tps: 1597.86 qps: 1597.86 (r/w/o: 1597.86/0.00/0.00) lat (ms,95%): 0.65 err/s: 0.00 reconn/s: 0.00
SQL statistics:
    queries performed:
        read:                            12690
        write:                           0
        other:                           0
        total:                           12690
    transactions:                        12690  (1586.04 per sec.)
    queries:                             12690  (1586.04 per sec.)
    ignored errors:                      0      (0.00 per sec.)
    reconnects:                          0      (0.00 per sec.)

General statistics:
    total time:                          8.0007s
    total number of events:              12690

Latency (ms):
         min:                                    0.57
         avg:                                    0.63
         max:                                    8.38
         95th percentile:                        0.67
         sum:                                 7989.55

Threads fairness:
    events (avg/stddev):           12690.0000/0.00
    execution time (avg/stddev):   7.9896/0.00

