sysbench 1.0.20 (using system LuaJIT 2.1.0-beta3)

Running the test with following options:
Number of threads: 1
Report intermediate results every 1 second(s)
Initializing random number generator from current time


Initializing worker threads...

Threads started!

[ 1s ] thds: 1 tps: 694.52 qps: 694.52 (r/w/o: 694.52/0.00/0.00) lat (ms,95%): 1.50 err/s: 0.00 reconn/s: 0.00
[ 2s ] thds: 1 tps: 710.18 qps: 710.18 (r/w/o: 710.18/0.00/0.00) lat (ms,95%): 1.50 err/s: 0.00 reconn/s: 0.00
[ 3s ] thds: 1 tps: 701.98 qps: 701.98 (r/w/o: 701.98/0.00/0.00) lat (ms,95%): 1.47 err/s: 0.00 reconn/s: 0.00
[ 4s ] thds: 1 tps: 697.94 qps: 697.94 (r/w/o: 697.94/0.00/0.00) lat (ms,95%): 1.47 err/s: 0.00 reconn/s: 0.00
[ 5s ] thds: 1 tps: 700.05 qps: 700.05 (r/w/o: 700.05/0.00/0.00) lat (ms,95%): 1.50 err/s: 0.00 reconn/s: 0.00
[ 6s ] thds: 1 tps: 707.02 qps: 707.02 (r/w/o: 707.02/0.00/0.00) lat (ms,95%): 1.50 err/s: 0.00 reconn/s: 0.00
[ 7s ] thds: 1 tps: 699.98 qps: 699.98 (r/w/o: 699.98/0.00/0.00) lat (ms,95%): 1.50 err/s: 0.00 reconn/s: 0.00
[ 8s ] thds: 1 tps: 707.94 qps: 707.94 (r/w/o: 707.94/0.00/0.00) lat (ms,95%): 1.50 err/s: 0.00 reconn/s: 0.00
SQL statistics:
    queries performed:
        read:                            5621
        write:                           0
        other:                           0
        total:                           5621
    transactions:                        5621   (702.50 per sec.)
    queries:                             5621   (702.50 per sec.)
    ignored errors:                      0      (0.00 per sec.)
    reconnects:                          0      (0.00 per sec.)

General statistics:
    total time:                          8.0011s
    total number of events:              5621

Latency (ms):
         min:                                    1.24
         avg:                                    1.42
         max:                                    9.84
         95th percentile:                        1.50
         sum:                                 7995.25

Threads fairness:
    events (avg/stddev):           5621.0000/0.00
    execution time (avg/stddev):   7.9952/0.00

