sysbench 1.0.20 (using system LuaJIT 2.1.0-beta3)

Running the test with following options:
Number of threads: 1
Report intermediate results every 1 second(s)
Initializing random number generator from current time


Initializing worker threads...

Threads started!

[ 1s ] thds: 1 tps: 265.80 qps: 265.80 (r/w/o: 265.80/0.00/0.00) lat (ms,95%): 4.03 err/s: 0.00 reconn/s: 0.00
[ 2s ] thds: 1 tps: 268.07 qps: 268.07 (r/w/o: 268.07/0.00/0.00) lat (ms,95%): 4.03 err/s: 0.00 reconn/s: 0.00
[ 3s ] thds: 1 tps: 262.00 qps: 262.00 (r/w/o: 262.00/0.00/0.00) lat (ms,95%): 4.10 err/s: 0.00 reconn/s: 0.00
[ 4s ] thds: 1 tps: 268.00 qps: 268.00 (r/w/o: 268.00/0.00/0.00) lat (ms,95%): 3.89 err/s: 0.00 reconn/s: 0.00
[ 5s ] thds: 1 tps: 269.99 qps: 269.99 (r/w/o: 269.99/0.00/0.00) lat (ms,95%): 4.03 err/s: 0.00 reconn/s: 0.00
[ 6s ] thds: 1 tps: 269.00 qps: 269.00 (r/w/o: 269.00/0.00/0.00) lat (ms,95%): 4.03 err/s: 0.00 reconn/s: 0.00
[ 7s ] thds: 1 tps: 268.00 qps: 268.00 (r/w/o: 268.00/0.00/0.00) lat (ms,95%): 4.03 err/s: 0.00 reconn/s: 0.00
[ 8s ] thds: 1 tps: 265.00 qps: 265.00 (r/w/o: 265.00/0.00/0.00) lat (ms,95%): 4.03 err/s: 0.00 reconn/s: 0.00
SQL statistics:
    queries performed:
        read:                            2137
        write:                           0
        other:                           0
        total:                           2137
    transactions:                        2137   (267.00 per sec.)
    queries:                             2137   (267.00 per sec.)
    ignored errors:                      0      (0.00 per sec.)
    reconnects:                          0      (0.00 per sec.)

General statistics:
    total time:                          8.0033s
    total number of events:              2137

Latency (ms):
         min:                                    3.06
         avg:                                    3.74
         max:                                   11.66
         95th percentile:                        4.03
         sum:                                 8000.15

Threads fairness:
    events (avg/stddev):           2137.0000/0.00
    execution time (avg/stddev):   8.0001/0.00

