sysbench 1.0.20 (using system LuaJIT 2.1.0-beta3)

Running the test with following options:
Number of threads: 1
Report intermediate results every 1 second(s)
Initializing random number generator from current time


Initializing worker threads...

Threads started!

[ 1s ] thds: 1 tps: 1314.03 qps: 1314.03 (r/w/o: 1314.03/0.00/0.00) lat (ms,95%): 0.78 err/s: 0.00 reconn/s: 0.00
[ 2s ] thds: 1 tps: 1342.38 qps: 1342.38 (r/w/o: 1342.38/0.00/0.00) lat (ms,95%): 0.78 err/s: 0.00 reconn/s: 0.00
[ 3s ] thds: 1 tps: 1341.00 qps: 1341.00 (r/w/o: 1341.00/0.00/0.00) lat (ms,95%): 0.77 err/s: 0.00 reconn/s: 0.00
[ 4s ] thds: 1 tps: 1323.00 qps: 1323.00 (r/w/o: 1323.00/0.00/0.00) lat (ms,95%): 0.80 err/s: 0.00 reconn/s: 0.00
[ 5s ] thds: 1 tps: 1334.99 qps: 1334.99 (r/w/o: 1334.99/0.00/0.00) lat (ms,95%): 0.78 err/s: 0.00 reconn/s: 0.00
[ 6s ] thds: 1 tps: 1347.00 qps: 1347.00 (r/w/o: 1347.00/0.00/0.00) lat (ms,95%): 0.77 err/s: 0.00 reconn/s: 0.00
[ 7s ] thds: 1 tps: 1338.92 qps: 1338.92 (r/w/o: 1338.92/0.00/0.00) lat (ms,95%): 0.78 err/s: 0.00 reconn/s: 0.00
[ 8s ] thds: 1 tps: 1338.10 qps: 1338.10 (r/w/o: 1338.10/0.00/0.00) lat (ms,95%): 0.78 err/s: 0.00 reconn/s: 0.00
SQL statistics:
    queries performed:
        read:                            10681
        write:                           0
        other:                           0
        total:                           10681
    transactions:                        10681  (1334.90 per sec.)
    queries:                             10681  (1334.90 per sec.)
    ignored errors:                      0      (0.00 per sec.)
    reconnects:                          0      (0.00 per sec.)

General statistics:
    total time:                          8.0010s
    total number of events:              10681

Latency (ms):
         min:                                    0.68
         avg:                                    0.75
         max:                                    8.44
         95th percentile:                        0.78
         sum:                                 7990.76

Threads fairness:
    events (avg/stddev):           10681.0000/0.00
    execution time (avg/stddev):   7.9908/0.00

