sysbench 1.0.20 (using system LuaJIT 2.1.0-beta3)

Running the test with following options:
Number of threads: 1
Report intermediate results every 1 second(s)
Initializing random number generator from current time


Initializing worker threads...

Threads started!

[ 1s ] thds: 1 tps: 4067.37 qps: 4067.37 (r/w/o: 4067.37/0.00/0.00) lat (ms,95%): 0.28 err/s: 0.00 reconn/s: 0.00
[ 2s ] thds: 1 tps: 4184.81 qps: 4184.81 (r/w/o: 4184.81/0.00/0.00) lat (ms,95%): 0.26 err/s: 0.00 reconn/s: 0.00
[ 3s ] thds: 1 tps: 4205.67 qps: 4205.67 (r/w/o: 4205.67/0.00/0.00) lat (ms,95%): 0.26 err/s: 0.00 reconn/s: 0.00
[ 4s ] thds: 1 tps: 4193.30 qps: 4193.30 (r/w/o: 4193.30/0.00/0.00) lat (ms,95%): 0.27 err/s: 0.00 reconn/s: 0.00
[ 5s ] thds: 1 tps: 4147.05 qps: 4147.05 (r/w/o: 4147.05/0.00/0.00) lat (ms,95%): 0.27 err/s: 0.00 reconn/s: 0.00
[ 6s ] thds: 1 tps: 4191.62 qps: 4191.62 (r/w/o: 4191.62/0.00/0.00) lat (ms,95%): 0.27 err/s: 0.00 reconn/s: 0.00
[ 7s ] thds: 1 tps: 4189.39 qps: 4189.39 (r/w/o: 4189.39/0.00/0.00) lat (ms,95%): 0.27 err/s: 0.00 reconn/s: 0.00
[ 8s ] thds: 1 tps: 4201.85 qps: 4201.85 (r/w/o: 4201.85/0.00/0.00) lat (ms,95%): 0.26 err/s: 0.00 reconn/s: 0.00
SQL statistics:
    queries performed:
        read:                            33384
        write:                           0
        other:                           0
        total:                           33384
    transactions:                        33384  (4172.40 per sec.)
    queries:                             33384  (4172.40 per sec.)
    ignored errors:                      0      (0.00 per sec.)
    reconnects:                          0      (0.00 per sec.)

General statistics:
    total time:                          8.0007s
    total number of events:              33384

Latency (ms):
         min:                                    0.21
         avg:                                    0.24
         max:                                    7.83
         95th percentile:                        0.27
         sum:                                 7969.78

Threads fairness:
    events (avg/stddev):           33384.0000/0.00
    execution time (avg/stddev):   7.9698/0.00

