sysbench 1.0.20 (using system LuaJIT 2.1.0-beta3)

Running the test with following options:
Number of threads: 1
Report intermediate results every 1 second(s)
Initializing random number generator from current time


Initializing worker threads...

Threads started!

[ 1s ] thds: 1 tps: 57.94 qps: 57.94 (r/w/o: 57.94/0.00/0.00) lat (ms,95%): 17.01 err/s: 0.00 reconn/s: 0.00
[ 2s ] thds: 1 tps: 58.03 qps: 58.03 (r/w/o: 58.03/0.00/0.00) lat (ms,95%): 17.32 err/s: 0.00 reconn/s: 0.00
[ 3s ] thds: 1 tps: 59.00 qps: 59.00 (r/w/o: 59.00/0.00/0.00) lat (ms,95%): 17.63 err/s: 0.00 reconn/s: 0.00
[ 4s ] thds: 1 tps: 57.99 qps: 57.99 (r/w/o: 57.99/0.00/0.00) lat (ms,95%): 17.32 err/s: 0.00 reconn/s: 0.00
[ 5s ] thds: 1 tps: 59.01 qps: 59.01 (r/w/o: 59.01/0.00/0.00) lat (ms,95%): 17.63 err/s: 0.00 reconn/s: 0.00
[ 6s ] thds: 1 tps: 58.99 qps: 58.99 (r/w/o: 58.99/0.00/0.00) lat (ms,95%): 17.32 err/s: 0.00 reconn/s: 0.00
[ 7s ] thds: 1 tps: 59.00 qps: 59.00 (r/w/o: 59.00/0.00/0.00) lat (ms,95%): 17.01 err/s: 0.00 reconn/s: 0.00
[ 8s ] thds: 1 tps: 58.00 qps: 58.00 (r/w/o: 58.00/0.00/0.00) lat (ms,95%): 17.32 err/s: 0.00 reconn/s: 0.00
SQL statistics:
    queries performed:
        read:                            469
        write:                           0
        other:                           0
        total:                           469
    transactions:                        469    (58.61 per sec.)
    queries:                             469    (58.61 per sec.)
    ignored errors:                      0      (0.00 per sec.)
    reconnects:                          0      (0.00 per sec.)

General statistics:
    total time:                          8.0014s
    total number of events:              469

Latency (ms):
         min:                                   16.68
         avg:                                   17.06
         max:                                   29.01
         95th percentile:                       17.32
         sum:                                 7999.35

Threads fairness:
    events (avg/stddev):           469.0000/0.00
    execution time (avg/stddev):   7.9994/0.00

