sysbench 1.0.20 (using system LuaJIT 2.1.0-beta3)

Running the test with following options:
Number of threads: 4
Report intermediate results every 2 second(s)
Initializing random number generator from current time


Initializing worker threads...

Threads started!

[ 2s ] thds: 4 tps: 3612.90 qps: 10841.70 (r/w/o: 10841.70/0.00/0.00) lat (ms,95%): 1.39 err/s: 0.00 reconn/s: 0.00
[ 4s ] thds: 4 tps: 3624.08 qps: 10870.73 (r/w/o: 10870.73/0.00/0.00) lat (ms,95%): 1.42 err/s: 0.00 reconn/s: 0.00
[ 6s ] thds: 4 tps: 3626.00 qps: 10879.01 (r/w/o: 10879.01/0.00/0.00) lat (ms,95%): 1.42 err/s: 0.00 reconn/s: 0.00
[ 8s ] thds: 4 tps: 3647.03 qps: 10940.60 (r/w/o: 10940.60/0.00/0.00) lat (ms,95%): 1.39 err/s: 0.00 reconn/s: 0.00
[ 10s ] thds: 4 tps: 3647.48 qps: 10942.44 (r/w/o: 10942.44/0.00/0.00) lat (ms,95%): 1.42 err/s: 0.00 reconn/s: 0.00
[ 12s ] thds: 4 tps: 3705.49 qps: 11116.48 (r/w/o: 11116.48/0.00/0.00) lat (ms,95%): 1.39 err/s: 0.00 reconn/s: 0.00
[ 14s ] thds: 4 tps: 3658.00 qps: 10973.00 (r/w/o: 10973.00/0.00/0.00) lat (ms,95%): 1.39 err/s: 0.00 reconn/s: 0.00
[ 16s ] thds: 4 tps: 3652.00 qps: 10956.49 (r/w/o: 10956.49/0.00/0.00) lat (ms,95%): 1.39 err/s: 0.00 reconn/s: 0.00
[ 18s ] thds: 4 tps: 3600.89 qps: 10802.18 (r/w/o: 10802.18/0.00/0.00) lat (ms,95%): 1.47 err/s: 0.00 reconn/s: 0.00
SQL statistics:
    queries performed:
        read:                            196662
        write:                           0
        other:                           0
        total:                           196662
    transactions:                        65554  (3641.43 per sec.)
    queries:                             196662 (10924.29 per sec.)
    ignored errors:                      0      (0.00 per sec.)
    reconnects:                          0      (0.00 per sec.)

General statistics:
    total time:                          18.0019s
    total number of events:              65554

Latency (ms):
         min:                                    0.67
         avg:                                    1.10
         max:                                   19.32
         95th percentile:                        1.42
         sum:                                71920.97

Threads fairness:
    events (avg/stddev):           16388.5000/33.26
    execution time (avg/stddev):   17.9802/0.00

