sysbench 1.0.20 (using system LuaJIT 2.1.0-beta3)

Running the test with following options:
Number of threads: 4
Report intermediate results every 2 second(s)
Initializing random number generator from current time


Initializing worker threads...

Threads started!

[ 2s ] thds: 4 tps: 47.48 qps: 3469.79 (r/w/o: 0.00/1247.39/2222.41) lat (ms,95%): 161.51 err/s: 67.97 reconn/s: 0.00
[ 4s ] thds: 4 tps: 43.51 qps: 2823.25 (r/w/o: 0.00/982.76/1840.49) lat (ms,95%): 147.61 err/s: 56.51 reconn/s: 0.00
[ 6s ] thds: 4 tps: 40.00 qps: 2579.84 (r/w/o: 0.00/781.45/1798.39) lat (ms,95%): 106.75 err/s: 60.00 reconn/s: 0.00
[ 8s ] thds: 4 tps: 41.00 qps: 2458.04 (r/w/o: 0.00/732.01/1726.03) lat (ms,95%): 127.81 err/s: 43.00 reconn/s: 0.00
[ 10s ] thds: 4 tps: 38.00 qps: 2392.50 (r/w/o: 0.00/860.00/1532.50) lat (ms,95%): 147.61 err/s: 41.50 reconn/s: 0.00
[ 12s ] thds: 4 tps: 40.00 qps: 2603.56 (r/w/o: 0.00/905.52/1698.04) lat (ms,95%): 150.29 err/s: 50.00 reconn/s: 0.00
[ 14s ] thds: 4 tps: 47.50 qps: 3381.91 (r/w/o: 0.00/1320.46/2061.44) lat (ms,95%): 142.39 err/s: 67.50 reconn/s: 0.00
[ 16s ] thds: 4 tps: 45.50 qps: 3281.43 (r/w/o: 0.00/1121.98/2159.45) lat (ms,95%): 144.97 err/s: 67.50 reconn/s: 0.00
[ 18s ] thds: 4 tps: 47.50 qps: 3330.49 (r/w/o: 0.00/1110.50/2219.99) lat (ms,95%): 132.49 err/s: 71.00 reconn/s: 0.00
SQL statistics:
    queries performed:
        read:                            0
        write:                           18211
        other:                           34704
        total:                           52915
    transactions:                        785    (43.41 per sec.)
    queries:                             52915  (2926.44 per sec.)
    ignored errors:                      1054   (58.29 per sec.)
    reconnects:                          0      (0.00 per sec.)

General statistics:
    total time:                          18.0813s
    total number of events:              785

Latency (ms):
         min:                                   34.21
         avg:                                   92.08
         max:                                  315.80
         95th percentile:                      147.61
         sum:                                72280.88

Threads fairness:
    events (avg/stddev):           196.2500/0.83
    execution time (avg/stddev):   18.0702/0.02

