sysbench 1.0.20 (using system LuaJIT 2.1.0-beta3)

Running the test with following options:
Number of threads: 1
Report intermediate results every 1 second(s)
Initializing random number generator from current time


Initializing worker threads...

Threads started!

[ 1s ] thds: 1 tps: 4923.47 qps: 4923.47 (r/w/o: 4923.47/0.00/0.00) lat (ms,95%): 0.23 err/s: 0.00 reconn/s: 0.00
[ 2s ] thds: 1 tps: 4980.79 qps: 4980.79 (r/w/o: 4980.79/0.00/0.00) lat (ms,95%): 0.23 err/s: 0.00 reconn/s: 0.00
[ 3s ] thds: 1 tps: 4870.06 qps: 4870.06 (r/w/o: 4870.06/0.00/0.00) lat (ms,95%): 0.23 err/s: 0.00 reconn/s: 0.00
[ 4s ] thds: 1 tps: 4959.35 qps: 4959.35 (r/w/o: 4959.35/0.00/0.00) lat (ms,95%): 0.23 err/s: 0.00 reconn/s: 0.00
[ 5s ] thds: 1 tps: 5002.56 qps: 5002.56 (r/w/o: 5002.56/0.00/0.00) lat (ms,95%): 0.22 err/s: 0.00 reconn/s: 0.00
[ 6s ] thds: 1 tps: 5045.45 qps: 5045.45 (r/w/o: 5045.45/0.00/0.00) lat (ms,95%): 0.22 err/s: 0.00 reconn/s: 0.00
[ 7s ] thds: 1 tps: 4984.89 qps: 4984.89 (r/w/o: 4984.89/0.00/0.00) lat (ms,95%): 0.22 err/s: 0.00 reconn/s: 0.00
SQL statistics:
    queries performed:
        read:                            39806
        write:                           0
        other:                           0
        total:                           39806
    transactions:                        39806  (4975.09 per sec.)
    queries:                             39806  (4975.09 per sec.)
    ignored errors:                      0      (0.00 per sec.)
    reconnects:                          0      (0.00 per sec.)

General statistics:
    total time:                          8.0007s
    total number of events:              39806

Latency (ms):
         min:                                    0.17
         avg:                                    0.20
         max:                                    7.57
         95th percentile:                        0.23
         sum:                                 7965.49

Threads fairness:
    events (avg/stddev):           39806.0000/0.00
    execution time (avg/stddev):   7.9655/0.00

