sysbench 1.0.20 (using system LuaJIT 2.1.0-beta3)

Running the test with following options:
Number of threads: 4
Report intermediate results every 3 second(s)
Initializing random number generator from current time


Initializing worker threads...

Threads started!

[ 3s ] thds: 4 tps: 3770.82 qps: 11313.14 (r/w/o: 11313.14/0.00/0.00) lat (ms,95%): 1.37 err/s: 0.00 reconn/s: 0.00
[ 6s ] thds: 4 tps: 3818.45 qps: 11456.34 (r/w/o: 11456.34/0.00/0.00) lat (ms,95%): 1.34 err/s: 0.00 reconn/s: 0.00
[ 9s ] thds: 4 tps: 3831.31 qps: 11493.59 (r/w/o: 11493.59/0.00/0.00) lat (ms,95%): 1.34 err/s: 0.00 reconn/s: 0.00
[ 12s ] thds: 4 tps: 3815.68 qps: 11447.71 (r/w/o: 11447.71/0.00/0.00) lat (ms,95%): 1.34 err/s: 0.00 reconn/s: 0.00
[ 15s ] thds: 4 tps: 3836.32 qps: 11508.30 (r/w/o: 11508.30/0.00/0.00) lat (ms,95%): 1.32 err/s: 0.00 reconn/s: 0.00
[ 18s ] thds: 4 tps: 3824.34 qps: 11473.03 (r/w/o: 11473.03/0.00/0.00) lat (ms,95%): 1.34 err/s: 0.00 reconn/s: 0.00
[ 21s ] thds: 4 tps: 3826.01 qps: 11478.02 (r/w/o: 11478.02/0.00/0.00) lat (ms,95%): 1.32 err/s: 0.00 reconn/s: 0.00
[ 24s ] thds: 4 tps: 3804.63 qps: 11413.54 (r/w/o: 11413.54/0.00/0.00) lat (ms,95%): 1.37 err/s: 0.00 reconn/s: 0.00
[ 27s ] thds: 4 tps: 3836.67 qps: 11510.68 (r/w/o: 11510.68/0.00/0.00) lat (ms,95%): 1.34 err/s: 0.00 reconn/s: 0.00
[ 30s ] thds: 4 tps: 3858.35 qps: 11575.06 (r/w/o: 11575.06/0.00/0.00) lat (ms,95%): 1.32 err/s: 0.00 reconn/s: 0.00
[ 33s ] thds: 4 tps: 3876.66 qps: 11630.31 (r/w/o: 11630.31/0.00/0.00) lat (ms,95%): 1.32 err/s: 0.00 reconn/s: 0.00
[ 36s ] thds: 4 tps: 3877.69 qps: 11632.08 (r/w/o: 11632.08/0.00/0.00) lat (ms,95%): 1.32 err/s: 0.00 reconn/s: 0.00
[ 39s ] thds: 4 tps: 3829.65 qps: 11488.94 (r/w/o: 11488.94/0.00/0.00) lat (ms,95%): 1.34 err/s: 0.00 reconn/s: 0.00
[ 42s ] thds: 4 tps: 3831.00 qps: 11494.01 (r/w/o: 11494.01/0.00/0.00) lat (ms,95%): 1.32 err/s: 0.00 reconn/s: 0.00
[ 45s ] thds: 4 tps: 3901.38 qps: 11703.80 (r/w/o: 11703.80/0.00/0.00) lat (ms,95%): 1.32 err/s: 0.00 reconn/s: 0.00
[ 48s ] thds: 4 tps: 3816.35 qps: 11448.71 (r/w/o: 11448.71/0.00/0.00) lat (ms,95%): 1.37 err/s: 0.00 reconn/s: 0.00
[ 51s ] thds: 4 tps: 3835.26 qps: 11506.11 (r/w/o: 11506.11/0.00/0.00) lat (ms,95%): 1.34 err/s: 0.00 reconn/s: 0.00
[ 54s ] thds: 4 tps: 3803.02 qps: 11409.05 (r/w/o: 11409.05/0.00/0.00) lat (ms,95%): 1.37 err/s: 0.00 reconn/s: 0.00
[ 57s ] thds: 4 tps: 3813.00 qps: 11438.00 (r/w/o: 11438.00/0.00/0.00) lat (ms,95%): 1.37 err/s: 0.00 reconn/s: 0.00
[ 60s ] thds: 4 tps: 3803.34 qps: 11411.03 (r/w/o: 11411.03/0.00/0.00) lat (ms,95%): 1.34 err/s: 0.00 reconn/s: 0.00
SQL statistics:
    queries performed:
        read:                            689508
        write:                           0
        other:                           0
        total:                           689508
    transactions:                        229836 (3830.48 per sec.)
    queries:                             689508 (11491.43 per sec.)
    ignored errors:                      0      (0.00 per sec.)
    reconnects:                          0      (0.00 per sec.)

General statistics:
    total time:                          60.0016s
    total number of events:              229836

Latency (ms):
         min:                                    0.66
         avg:                                    1.04
         max:                                   19.55
         95th percentile:                        1.34
         sum:                               239712.29

Threads fairness:
    events (avg/stddev):           57459.0000/116.98
    execution time (avg/stddev):   59.9281/0.00

