sysbench 1.0.20 (using system LuaJIT 2.1.0-beta3)

Running the test with following options:
Number of threads: 1
Report intermediate results every 1 second(s)
Initializing random number generator from current time


Initializing worker threads...

Threads started!

[ 1s ] thds: 1 tps: 271.81 qps: 271.81 (r/w/o: 271.81/0.00/0.00) lat (ms,95%): 3.68 err/s: 0.00 reconn/s: 0.00
[ 2s ] thds: 1 tps: 273.04 qps: 273.04 (r/w/o: 273.04/0.00/0.00) lat (ms,95%): 3.68 err/s: 0.00 reconn/s: 0.00
[ 3s ] thds: 1 tps: 271.00 qps: 271.00 (r/w/o: 271.00/0.00/0.00) lat (ms,95%): 3.75 err/s: 0.00 reconn/s: 0.00
[ 4s ] thds: 1 tps: 275.03 qps: 275.03 (r/w/o: 275.03/0.00/0.00) lat (ms,95%): 3.68 err/s: 0.00 reconn/s: 0.00
[ 5s ] thds: 1 tps: 273.97 qps: 273.97 (r/w/o: 273.97/0.00/0.00) lat (ms,95%): 3.68 err/s: 0.00 reconn/s: 0.00
[ 6s ] thds: 1 tps: 275.02 qps: 275.02 (r/w/o: 275.02/0.00/0.00) lat (ms,95%): 3.68 err/s: 0.00 reconn/s: 0.00
[ 7s ] thds: 1 tps: 273.98 qps: 273.98 (r/w/o: 273.98/0.00/0.00) lat (ms,95%): 3.68 err/s: 0.00 reconn/s: 0.00
[ 8s ] thds: 1 tps: 274.00 qps: 274.00 (r/w/o: 274.00/0.00/0.00) lat (ms,95%): 3.68 err/s: 0.00 reconn/s: 0.00
SQL statistics:
    queries performed:
        read:                            2189
        write:                           0
        other:                           0
        total:                           2189
    transactions:                        2189   (273.54 per sec.)
    queries:                             2189   (273.54 per sec.)
    ignored errors:                      0      (0.00 per sec.)
    reconnects:                          0      (0.00 per sec.)

General statistics:
    total time:                          8.0020s
    total number of events:              2189

Latency (ms):
         min:                                    3.57
         avg:                                    3.65
         max:                                   11.60
         95th percentile:                        3.68
         sum:                                 7998.85

Threads fairness:
    events (avg/stddev):           2189.0000/0.00
    execution time (avg/stddev):   7.9988/0.00

