sysbench 1.0.20 (using system LuaJIT 2.1.0-beta3)

Running the test with following options:
Number of threads: 1
Report intermediate results every 1 second(s)
Initializing random number generator from current time


Initializing worker threads...

Threads started!

[ 1s ] thds: 1 tps: 242.79 qps: 242.79 (r/w/o: 242.79/0.00/0.00) lat (ms,95%): 4.10 err/s: 0.00 reconn/s: 0.00
[ 2s ] thds: 1 tps: 245.08 qps: 245.08 (r/w/o: 245.08/0.00/0.00) lat (ms,95%): 4.18 err/s: 0.00 reconn/s: 0.00
[ 3s ] thds: 1 tps: 239.00 qps: 239.00 (r/w/o: 239.00/0.00/0.00) lat (ms,95%): 4.65 err/s: 0.00 reconn/s: 0.00
[ 4s ] thds: 1 tps: 244.01 qps: 244.01 (r/w/o: 244.01/0.00/0.00) lat (ms,95%): 4.25 err/s: 0.00 reconn/s: 0.00
[ 5s ] thds: 1 tps: 243.00 qps: 243.00 (r/w/o: 243.00/0.00/0.00) lat (ms,95%): 4.18 err/s: 0.00 reconn/s: 0.00
[ 6s ] thds: 1 tps: 240.97 qps: 240.97 (r/w/o: 240.97/0.00/0.00) lat (ms,95%): 4.57 err/s: 0.00 reconn/s: 0.00
[ 7s ] thds: 1 tps: 239.03 qps: 239.03 (r/w/o: 239.03/0.00/0.00) lat (ms,95%): 5.18 err/s: 0.00 reconn/s: 0.00
[ 8s ] thds: 1 tps: 246.00 qps: 246.00 (r/w/o: 246.00/0.00/0.00) lat (ms,95%): 4.10 err/s: 0.00 reconn/s: 0.00
SQL statistics:
    queries performed:
        read:                            1941
        write:                           0
        other:                           0
        total:                           1941
    transactions:                        1941   (242.52 per sec.)
    queries:                             1941   (242.52 per sec.)
    ignored errors:                      0      (0.00 per sec.)
    reconnects:                          0      (0.00 per sec.)

General statistics:
    total time:                          8.0032s
    total number of events:              1941

Latency (ms):
         min:                                    3.82
         avg:                                    4.12
         max:                                   11.82
         95th percentile:                        4.25
         sum:                                 7998.95

Threads fairness:
    events (avg/stddev):           1941.0000/0.00
    execution time (avg/stddev):   7.9989/0.00

