sysbench 1.0.20 (using system LuaJIT 2.1.0-beta3)

Running the test with following options:
Number of threads: 1
Report intermediate results every 1 second(s)
Initializing random number generator from current time


Initializing worker threads...

Threads started!

[ 1s ] thds: 1 tps: 674.43 qps: 674.43 (r/w/o: 674.43/0.00/0.00) lat (ms,95%): 1.52 err/s: 0.00 reconn/s: 0.00
[ 2s ] thds: 1 tps: 666.17 qps: 666.17 (r/w/o: 666.17/0.00/0.00) lat (ms,95%): 1.64 err/s: 0.00 reconn/s: 0.00
[ 3s ] thds: 1 tps: 670.03 qps: 670.03 (r/w/o: 670.03/0.00/0.00) lat (ms,95%): 1.58 err/s: 0.00 reconn/s: 0.00
[ 4s ] thds: 1 tps: 668.97 qps: 668.97 (r/w/o: 668.97/0.00/0.00) lat (ms,95%): 1.55 err/s: 0.00 reconn/s: 0.00
[ 5s ] thds: 1 tps: 674.01 qps: 674.01 (r/w/o: 674.01/0.00/0.00) lat (ms,95%): 1.52 err/s: 0.00 reconn/s: 0.00
[ 6s ] thds: 1 tps: 674.03 qps: 674.03 (r/w/o: 674.03/0.00/0.00) lat (ms,95%): 1.52 err/s: 0.00 reconn/s: 0.00
[ 7s ] thds: 1 tps: 673.97 qps: 673.97 (r/w/o: 673.97/0.00/0.00) lat (ms,95%): 1.52 err/s: 0.00 reconn/s: 0.00
[ 8s ] thds: 1 tps: 532.05 qps: 532.05 (r/w/o: 532.05/0.00/0.00) lat (ms,95%): 2.22 err/s: 0.00 reconn/s: 0.00
SQL statistics:
    queries performed:
        read:                            5234
        write:                           0
        other:                           0
        total:                           5234
    transactions:                        5234   (654.13 per sec.)
    queries:                             5234   (654.13 per sec.)
    ignored errors:                      0      (0.00 per sec.)
    reconnects:                          0      (0.00 per sec.)

General statistics:
    total time:                          8.0011s
    total number of events:              5234

Latency (ms):
         min:                                    1.35
         avg:                                    1.53
         max:                                    9.91
         95th percentile:                        2.03
         sum:                                 7992.48

Threads fairness:
    events (avg/stddev):           5234.0000/0.00
    execution time (avg/stddev):   7.9925/0.00

