sysbench 1.0.20 (using system LuaJIT 2.1.0-beta3)

Running the test with following options:
Number of threads: 1
Report intermediate results every 1 second(s)
Initializing random number generator from current time


Initializing worker threads...

Threads started!

[ 1s ] thds: 1 tps: 306.73 qps: 306.73 (r/w/o: 306.73/0.00/0.00) lat (ms,95%): 3.30 err/s: 0.00 reconn/s: 0.00
[ 2s ] thds: 1 tps: 304.09 qps: 304.09 (r/w/o: 304.09/0.00/0.00) lat (ms,95%): 3.36 err/s: 0.00 reconn/s: 0.00
[ 3s ] thds: 1 tps: 303.99 qps: 303.99 (r/w/o: 303.99/0.00/0.00) lat (ms,95%): 3.49 err/s: 0.00 reconn/s: 0.00
[ 4s ] thds: 1 tps: 308.02 qps: 308.02 (r/w/o: 308.02/0.00/0.00) lat (ms,95%): 3.36 err/s: 0.00 reconn/s: 0.00
[ 5s ] thds: 1 tps: 305.99 qps: 305.99 (r/w/o: 305.99/0.00/0.00) lat (ms,95%): 3.36 err/s: 0.00 reconn/s: 0.00
[ 6s ] thds: 1 tps: 303.99 qps: 303.99 (r/w/o: 303.99/0.00/0.00) lat (ms,95%): 3.36 err/s: 0.00 reconn/s: 0.00
[ 7s ] thds: 1 tps: 302.99 qps: 302.99 (r/w/o: 302.99/0.00/0.00) lat (ms,95%): 3.36 err/s: 0.00 reconn/s: 0.00
[ 8s ] thds: 1 tps: 309.01 qps: 309.01 (r/w/o: 309.01/0.00/0.00) lat (ms,95%): 3.30 err/s: 0.00 reconn/s: 0.00
SQL statistics:
    queries performed:
        read:                            2446
        write:                           0
        other:                           0
        total:                           2446
    transactions:                        2446   (305.62 per sec.)
    queries:                             2446   (305.62 per sec.)
    ignored errors:                      0      (0.00 per sec.)
    reconnects:                          0      (0.00 per sec.)

General statistics:
    total time:                          8.0031s
    total number of events:              2446

Latency (ms):
         min:                                    3.10
         avg:                                    3.27
         max:                                   11.23
         95th percentile:                        3.36
         sum:                                 7998.74

Threads fairness:
    events (avg/stddev):           2446.0000/0.00
    execution time (avg/stddev):   7.9987/0.00

