sysbench 1.0.20 (using system LuaJIT 2.1.0-beta3)

Running the test with following options:
Number of threads: 1
Report intermediate results every 1 second(s)
Initializing random number generator from current time


Initializing worker threads...

Threads started!

[ 1s ] thds: 1 tps: 1780.39 qps: 1780.39 (r/w/o: 1780.39/0.00/0.00) lat (ms,95%): 0.59 err/s: 0.00 reconn/s: 0.00
[ 2s ] thds: 1 tps: 1799.60 qps: 1799.60 (r/w/o: 1799.60/0.00/0.00) lat (ms,95%): 0.59 err/s: 0.00 reconn/s: 0.00
[ 3s ] thds: 1 tps: 1781.99 qps: 1781.99 (r/w/o: 1781.99/0.00/0.00) lat (ms,95%): 0.59 err/s: 0.00 reconn/s: 0.00
[ 4s ] thds: 1 tps: 1782.00 qps: 1782.00 (r/w/o: 1782.00/0.00/0.00) lat (ms,95%): 0.59 err/s: 0.00 reconn/s: 0.00
[ 5s ] thds: 1 tps: 1798.02 qps: 1798.02 (r/w/o: 1798.02/0.00/0.00) lat (ms,95%): 0.59 err/s: 0.00 reconn/s: 0.00
[ 6s ] thds: 1 tps: 1750.11 qps: 1750.11 (r/w/o: 1750.11/0.00/0.00) lat (ms,95%): 0.65 err/s: 0.00 reconn/s: 0.00
[ 7s ] thds: 1 tps: 1758.06 qps: 1758.06 (r/w/o: 1758.06/0.00/0.00) lat (ms,95%): 0.74 err/s: 0.00 reconn/s: 0.00
[ 8s ] thds: 1 tps: 1803.87 qps: 1803.87 (r/w/o: 1803.87/0.00/0.00) lat (ms,95%): 0.59 err/s: 0.00 reconn/s: 0.00
SQL statistics:
    queries performed:
        read:                            14256
        write:                           0
        other:                           0
        total:                           14256
    transactions:                        14256  (1781.66 per sec.)
    queries:                             14256  (1781.66 per sec.)
    ignored errors:                      0      (0.00 per sec.)
    reconnects:                          0      (0.00 per sec.)

General statistics:
    total time:                          8.0012s
    total number of events:              14256

Latency (ms):
         min:                                    0.52
         avg:                                    0.56
         max:                                    8.44
         95th percentile:                        0.60
         sum:                                 7984.30

Threads fairness:
    events (avg/stddev):           14256.0000/0.00
    execution time (avg/stddev):   7.9843/0.00

