sysbench 1.0.20 (using system LuaJIT 2.1.0-beta3)

Running the test with following options:
Number of threads: 1
Report intermediate results every 1 second(s)
Initializing random number generator from current time


Initializing worker threads...

Threads started!

[ 1s ] thds: 1 tps: 1314.82 qps: 1314.82 (r/w/o: 1314.82/0.00/0.00) lat (ms,95%): 0.78 err/s: 0.00 reconn/s: 0.00
[ 2s ] thds: 1 tps: 1326.48 qps: 1326.48 (r/w/o: 1326.48/0.00/0.00) lat (ms,95%): 0.78 err/s: 0.00 reconn/s: 0.00
[ 3s ] thds: 1 tps: 1321.96 qps: 1321.96 (r/w/o: 1321.96/0.00/0.00) lat (ms,95%): 0.80 err/s: 0.00 reconn/s: 0.00
[ 4s ] thds: 1 tps: 1327.09 qps: 1327.09 (r/w/o: 1327.09/0.00/0.00) lat (ms,95%): 0.78 err/s: 0.00 reconn/s: 0.00
[ 5s ] thds: 1 tps: 1318.96 qps: 1318.96 (r/w/o: 1318.96/0.00/0.00) lat (ms,95%): 0.80 err/s: 0.00 reconn/s: 0.00
[ 6s ] thds: 1 tps: 1315.99 qps: 1315.99 (r/w/o: 1315.99/0.00/0.00) lat (ms,95%): 0.80 err/s: 0.00 reconn/s: 0.00
[ 7s ] thds: 1 tps: 1268.86 qps: 1268.86 (r/w/o: 1268.86/0.00/0.00) lat (ms,95%): 1.08 err/s: 0.00 reconn/s: 0.00
[ 8s ] thds: 1 tps: 1294.16 qps: 1294.16 (r/w/o: 1294.16/0.00/0.00) lat (ms,95%): 0.87 err/s: 0.00 reconn/s: 0.00
SQL statistics:
    queries performed:
        read:                            10490
        write:                           0
        other:                           0
        total:                           10490
    transactions:                        10490  (1311.03 per sec.)
    queries:                             10490  (1311.03 per sec.)
    ignored errors:                      0      (0.00 per sec.)
    reconnects:                          0      (0.00 per sec.)

General statistics:
    total time:                          8.0009s
    total number of events:              10490

Latency (ms):
         min:                                    0.68
         avg:                                    0.76
         max:                                    8.45
         95th percentile:                        0.80
         sum:                                 7985.81

Threads fairness:
    events (avg/stddev):           10490.0000/0.00
    execution time (avg/stddev):   7.9858/0.00

