sysbench 1.0.20 (using system LuaJIT 2.1.0-beta3)

Running the test with following options:
Number of threads: 1
Report intermediate results every 1 second(s)
Initializing random number generator from current time


Initializing worker threads...

Threads started!

[ 1s ] thds: 1 tps: 2424.72 qps: 2424.72 (r/w/o: 2424.72/0.00/0.00) lat (ms,95%): 0.44 err/s: 0.00 reconn/s: 0.00
[ 2s ] thds: 1 tps: 2464.20 qps: 2464.20 (r/w/o: 2464.20/0.00/0.00) lat (ms,95%): 0.44 err/s: 0.00 reconn/s: 0.00
[ 3s ] thds: 1 tps: 2469.68 qps: 2469.68 (r/w/o: 2469.68/0.00/0.00) lat (ms,95%): 0.43 err/s: 0.00 reconn/s: 0.00
[ 4s ] thds: 1 tps: 2401.13 qps: 2401.13 (r/w/o: 2401.13/0.00/0.00) lat (ms,95%): 0.55 err/s: 0.00 reconn/s: 0.00
[ 5s ] thds: 1 tps: 2457.13 qps: 2457.13 (r/w/o: 2457.13/0.00/0.00) lat (ms,95%): 0.44 err/s: 0.00 reconn/s: 0.00
[ 6s ] thds: 1 tps: 2425.72 qps: 2425.72 (r/w/o: 2425.72/0.00/0.00) lat (ms,95%): 0.46 err/s: 0.00 reconn/s: 0.00
[ 7s ] thds: 1 tps: 2463.04 qps: 2463.04 (r/w/o: 2463.04/0.00/0.00) lat (ms,95%): 0.43 err/s: 0.00 reconn/s: 0.00
[ 8s ] thds: 1 tps: 2463.22 qps: 2463.22 (r/w/o: 2463.22/0.00/0.00) lat (ms,95%): 0.43 err/s: 0.00 reconn/s: 0.00
SQL statistics:
    queries performed:
        read:                            19571
        write:                           0
        other:                           0
        total:                           19571
    transactions:                        19571  (2445.92 per sec.)
    queries:                             19571  (2445.92 per sec.)
    ignored errors:                      0      (0.00 per sec.)
    reconnects:                          0      (0.00 per sec.)

General statistics:
    total time:                          8.0011s
    total number of events:              19571

Latency (ms):
         min:                                    0.36
         avg:                                    0.41
         max:                                    8.16
         95th percentile:                        0.44
         sum:                                 7978.14

Threads fairness:
    events (avg/stddev):           19571.0000/0.00
    execution time (avg/stddev):   7.9781/0.00

