sysbench 1.0.20 (using system LuaJIT 2.1.0-beta3)

Running the test with following options:
Number of threads: 4
Report intermediate results every 2 second(s)
Initializing random number generator from current time


Initializing worker threads...

Threads started!

[ 2s ] thds: 4 tps: 2297.53 qps: 6893.58 (r/w/o: 6893.58/0.00/0.00) lat (ms,95%): 2.22 err/s: 0.00 reconn/s: 0.00
[ 4s ] thds: 4 tps: 2314.85 qps: 6946.56 (r/w/o: 6946.56/0.00/0.00) lat (ms,95%): 2.35 err/s: 0.00 reconn/s: 0.00
[ 6s ] thds: 4 tps: 2352.55 qps: 7055.65 (r/w/o: 7055.65/0.00/0.00) lat (ms,95%): 2.22 err/s: 0.00 reconn/s: 0.00
[ 8s ] thds: 4 tps: 2348.44 qps: 7045.33 (r/w/o: 7045.33/0.00/0.00) lat (ms,95%): 2.18 err/s: 0.00 reconn/s: 0.00
[ 10s ] thds: 4 tps: 2370.03 qps: 7110.58 (r/w/o: 7110.58/0.00/0.00) lat (ms,95%): 2.18 err/s: 0.00 reconn/s: 0.00
[ 12s ] thds: 4 tps: 2367.01 qps: 7102.02 (r/w/o: 7102.02/0.00/0.00) lat (ms,95%): 2.14 err/s: 0.00 reconn/s: 0.00
[ 14s ] thds: 4 tps: 2341.48 qps: 7025.44 (r/w/o: 7025.44/0.00/0.00) lat (ms,95%): 2.22 err/s: 0.00 reconn/s: 0.00
[ 16s ] thds: 4 tps: 2359.50 qps: 7077.01 (r/w/o: 7077.01/0.00/0.00) lat (ms,95%): 2.22 err/s: 0.00 reconn/s: 0.00
[ 18s ] thds: 4 tps: 2364.49 qps: 7092.98 (r/w/o: 7092.98/0.00/0.00) lat (ms,95%): 2.18 err/s: 0.00 reconn/s: 0.00
SQL statistics:
    queries performed:
        read:                            126708
        write:                           0
        other:                           0
        total:                           126708
    transactions:                        42236  (2346.16 per sec.)
    queries:                             126708 (7038.48 per sec.)
    ignored errors:                      0      (0.00 per sec.)
    reconnects:                          0      (0.00 per sec.)

General statistics:
    total time:                          18.0018s
    total number of events:              42236

Latency (ms):
         min:                                    0.95
         avg:                                    1.70
         max:                                   19.52
         95th percentile:                        2.22
         sum:                                71948.76

Threads fairness:
    events (avg/stddev):           10559.0000/81.72
    execution time (avg/stddev):   17.9872/0.00

