sysbench 1.0.20 (using system LuaJIT 2.1.0-beta3)

Running the test with following options:
Number of threads: 4
Report intermediate results every 2 second(s)
Initializing random number generator from current time


Initializing worker threads...

Threads started!

[ 2s ] thds: 4 tps: 6.00 qps: 3465.04 (r/w/o: 0.00/937.97/2527.07) lat (ms,95%): 612.21 err/s: 15.49 reconn/s: 0.00
[ 4s ] thds: 4 tps: 6.00 qps: 3833.19 (r/w/o: 0.00/1003.31/2829.87) lat (ms,95%): 580.02 err/s: 11.50 reconn/s: 0.00
[ 6s ] thds: 4 tps: 8.00 qps: 4022.90 (r/w/o: 0.00/1057.47/2965.42) lat (ms,95%): 549.52 err/s: 14.50 reconn/s: 0.00
[ 8s ] thds: 4 tps: 8.00 qps: 3966.68 (r/w/o: 0.00/1043.05/2923.63) lat (ms,95%): 539.71 err/s: 12.00 reconn/s: 0.00
[ 10s ] thds: 4 tps: 8.00 qps: 3502.92 (r/w/o: 0.00/911.48/2591.44) lat (ms,95%): 601.29 err/s: 13.00 reconn/s: 0.00
[ 12s ] thds: 4 tps: 6.00 qps: 3475.56 (r/w/o: 0.00/878.52/2597.05) lat (ms,95%): 612.21 err/s: 7.00 reconn/s: 0.00
[ 14s ] thds: 4 tps: 6.00 qps: 3653.88 (r/w/o: 0.00/973.97/2679.91) lat (ms,95%): 623.33 err/s: 12.50 reconn/s: 0.00
[ 16s ] thds: 4 tps: 8.00 qps: 3334.57 (r/w/o: 0.00/914.02/2420.55) lat (ms,95%): 682.06 err/s: 18.00 reconn/s: 0.00
[ 18s ] thds: 4 tps: 6.00 qps: 3649.90 (r/w/o: 0.00/968.47/2681.43) lat (ms,95%): 612.21 err/s: 13.50 reconn/s: 0.00
SQL statistics:
    queries performed:
        read:                            0
        write:                           17609
        other:                           49130
        total:                           66739
    transactions:                        128    (7.01 per sec.)
    queries:                             66739  (3653.54 per sec.)
    ignored errors:                      235    (12.86 per sec.)
    reconnects:                          0      (0.00 per sec.)

General statistics:
    total time:                          18.2666s
    total number of events:              128

Latency (ms):
         min:                                  491.82
         avg:                                  570.80
         max:                                  682.73
         95th percentile:                      623.33
         sum:                                73061.89

Threads fairness:
    events (avg/stddev):           32.0000/0.00
    execution time (avg/stddev):   18.2655/0.00

