sysbench 1.0.20 (using system LuaJIT 2.1.0-beta3)

Running the test with following options:
Number of threads: 1
Report intermediate results every 1 second(s)
Initializing random number generator from current time


Initializing worker threads...

Threads started!

[ 1s ] thds: 1 tps: 1544.74 qps: 4635.23 (r/w/o: 4635.23/0.00/0.00) lat (ms,95%): 0.72 err/s: 0.00 reconn/s: 0.00
[ 2s ] thds: 1 tps: 1588.52 qps: 4764.57 (r/w/o: 4764.57/0.00/0.00) lat (ms,95%): 0.69 err/s: 0.00 reconn/s: 0.00
[ 3s ] thds: 1 tps: 1541.01 qps: 4624.02 (r/w/o: 4624.02/0.00/0.00) lat (ms,95%): 0.72 err/s: 0.00 reconn/s: 0.00
[ 4s ] thds: 1 tps: 1584.01 qps: 4751.02 (r/w/o: 4751.02/0.00/0.00) lat (ms,95%): 0.70 err/s: 0.00 reconn/s: 0.00
[ 5s ] thds: 1 tps: 1553.93 qps: 4662.80 (r/w/o: 4662.80/0.00/0.00) lat (ms,95%): 0.75 err/s: 0.00 reconn/s: 0.00
[ 6s ] thds: 1 tps: 1562.06 qps: 4686.19 (r/w/o: 4686.19/0.00/0.00) lat (ms,95%): 0.72 err/s: 0.00 reconn/s: 0.00
[ 7s ] thds: 1 tps: 1592.02 qps: 4777.05 (r/w/o: 4777.05/0.00/0.00) lat (ms,95%): 0.69 err/s: 0.00 reconn/s: 0.00
SQL statistics:
    queries performed:
        read:                            37635
        write:                           0
        other:                           0
        total:                           37635
    transactions:                        12545  (1567.92 per sec.)
    queries:                             37635  (4703.77 per sec.)
    ignored errors:                      0      (0.00 per sec.)
    reconnects:                          0      (0.00 per sec.)

General statistics:
    total time:                          8.0007s
    total number of events:              12545

Latency (ms):
         min:                                    0.57
         avg:                                    0.64
         max:                                    8.31
         95th percentile:                        0.72
         sum:                                 7988.12

Threads fairness:
    events (avg/stddev):           12545.0000/0.00
    execution time (avg/stddev):   7.9881/0.00

