sysbench 1.0.20 (using system LuaJIT 2.1.0-beta3)

Running the test with following options:
Number of threads: 1
Report intermediate results every 1 second(s)
Initializing random number generator from current time


Initializing worker threads...

Threads started!

[ 1s ] thds: 1 tps: 0.00 qps: 1360.70 (r/w/o: 0.00/1356.70/4.00) lat (ms,95%): 0.00 err/s: 0.00 reconn/s: 0.00
[ 2s ] thds: 1 tps: 0.00 qps: 1353.68 (r/w/o: 0.00/1353.68/0.00) lat (ms,95%): 0.00 err/s: 0.00 reconn/s: 0.00
[ 3s ] thds: 1 tps: 0.00 qps: 1357.01 (r/w/o: 0.00/1357.01/0.00) lat (ms,95%): 0.00 err/s: 0.00 reconn/s: 0.00
[ 4s ] thds: 1 tps: 0.00 qps: 1382.98 (r/w/o: 0.00/1382.98/0.00) lat (ms,95%): 0.00 err/s: 0.00 reconn/s: 0.00
[ 5s ] thds: 1 tps: 0.00 qps: 1342.02 (r/w/o: 0.00/1342.02/0.00) lat (ms,95%): 0.00 err/s: 0.00 reconn/s: 0.00
[ 6s ] thds: 1 tps: 0.00 qps: 1388.02 (r/w/o: 0.00/1388.02/0.00) lat (ms,95%): 0.00 err/s: 0.00 reconn/s: 0.00
[ 7s ] thds: 1 tps: 0.00 qps: 1368.95 (r/w/o: 0.00/1368.95/0.00) lat (ms,95%): 0.00 err/s: 0.00 reconn/s: 0.00
[ 8s ] thds: 1 tps: 1.00 qps: 1219.02 (r/w/o: 0.00/1217.02/2.00) lat (ms,95%): 7346.49 err/s: 0.00 reconn/s: 0.00
[ 9s ] thds: 1 tps: 0.00 qps: 1375.01 (r/w/o: 0.00/1375.01/0.00) lat (ms,95%): 0.00 err/s: 0.00 reconn/s: 0.00
[ 10s ] thds: 1 tps: 0.00 qps: 1383.00 (r/w/o: 0.00/1383.00/0.00) lat (ms,95%): 0.00 err/s: 0.00 reconn/s: 0.00
[ 11s ] thds: 1 tps: 0.00 qps: 1370.95 (r/w/o: 0.00/1370.95/0.00) lat (ms,95%): 0.00 err/s: 0.00 reconn/s: 0.00
[ 12s ] thds: 1 tps: 0.00 qps: 1366.02 (r/w/o: 0.00/1366.02/0.00) lat (ms,95%): 0.00 err/s: 0.00 reconn/s: 0.00
[ 13s ] thds: 1 tps: 0.00 qps: 1373.99 (r/w/o: 0.00/1373.99/0.00) lat (ms,95%): 0.00 err/s: 0.00 reconn/s: 0.00
[ 14s ] thds: 1 tps: 0.00 qps: 1346.04 (r/w/o: 0.00/1346.04/0.00) lat (ms,95%): 0.00 err/s: 0.00 reconn/s: 0.00
SQL statistics:
    queries performed:
        read:                            0
        write:                           20002
        other:                           6
        total:                           20008
    transactions:                        2      (0.14 per sec.)
    queries:                             20008  (1356.99 per sec.)
    ignored errors:                      0      (0.00 per sec.)
    reconnects:                          0      (0.00 per sec.)

General statistics:
    total time:                          14.7440s
    total number of events:              2

Latency (ms):
         min:                                 7325.55
         avg:                                 7371.77
         max:                                 7417.99
         95th percentile:                     7479.98
         sum:                                14743.53

Threads fairness:
    events (avg/stddev):           2.0000/0.00
    execution time (avg/stddev):   14.7435/0.00

