sysbench 1.0.20 (using system LuaJIT 2.1.0-beta3)

Running the test with following options:
Number of threads: 1
Report intermediate results every 1 second(s)
Initializing random number generator from current time


Initializing worker threads...

Threads started!

[ 1s ] thds: 1 tps: 307.72 qps: 307.72 (r/w/o: 307.72/0.00/0.00) lat (ms,95%): 3.30 err/s: 0.00 reconn/s: 0.00
[ 2s ] thds: 1 tps: 310.14 qps: 310.14 (r/w/o: 310.14/0.00/0.00) lat (ms,95%): 3.30 err/s: 0.00 reconn/s: 0.00
[ 3s ] thds: 1 tps: 310.00 qps: 310.00 (r/w/o: 310.00/0.00/0.00) lat (ms,95%): 3.30 err/s: 0.00 reconn/s: 0.00
[ 4s ] thds: 1 tps: 310.99 qps: 310.99 (r/w/o: 310.99/0.00/0.00) lat (ms,95%): 3.25 err/s: 0.00 reconn/s: 0.00
[ 5s ] thds: 1 tps: 309.99 qps: 309.99 (r/w/o: 309.99/0.00/0.00) lat (ms,95%): 3.25 err/s: 0.00 reconn/s: 0.00
[ 6s ] thds: 1 tps: 314.01 qps: 314.01 (r/w/o: 314.01/0.00/0.00) lat (ms,95%): 3.25 err/s: 0.00 reconn/s: 0.00
[ 7s ] thds: 1 tps: 314.00 qps: 314.00 (r/w/o: 314.00/0.00/0.00) lat (ms,95%): 3.25 err/s: 0.00 reconn/s: 0.00
[ 8s ] thds: 1 tps: 311.03 qps: 311.03 (r/w/o: 311.03/0.00/0.00) lat (ms,95%): 3.25 err/s: 0.00 reconn/s: 0.00
SQL statistics:
    queries performed:
        read:                            2489
        write:                           0
        other:                           0
        total:                           2489
    transactions:                        2489   (311.02 per sec.)
    queries:                             2489   (311.02 per sec.)
    ignored errors:                      0      (0.00 per sec.)
    reconnects:                          0      (0.00 per sec.)

General statistics:
    total time:                          8.0023s
    total number of events:              2489

Latency (ms):
         min:                                    3.14
         avg:                                    3.21
         max:                                   11.81
         95th percentile:                        3.25
         sum:                                 7998.92

Threads fairness:
    events (avg/stddev):           2489.0000/0.00
    execution time (avg/stddev):   7.9989/0.00

