sysbench 1.0.20 (using system LuaJIT 2.1.0-beta3)

Running the test with following options:
Number of threads: 4
Report intermediate results every 2 second(s)
Initializing random number generator from current time


Initializing worker threads...

Threads started!

[ 2s ] thds: 4 tps: 1301.42 qps: 1301.42 (r/w/o: 1301.42/0.00/0.00) lat (ms,95%): 3.89 err/s: 0.00 reconn/s: 0.00
[ 4s ] thds: 4 tps: 1299.47 qps: 1299.47 (r/w/o: 1299.47/0.00/0.00) lat (ms,95%): 3.96 err/s: 0.00 reconn/s: 0.00
[ 6s ] thds: 4 tps: 1289.24 qps: 1289.24 (r/w/o: 1289.24/0.00/0.00) lat (ms,95%): 4.25 err/s: 0.00 reconn/s: 0.00
[ 8s ] thds: 4 tps: 1279.93 qps: 1279.93 (r/w/o: 1279.93/0.00/0.00) lat (ms,95%): 4.25 err/s: 0.00 reconn/s: 0.00
[ 10s ] thds: 4 tps: 1318.56 qps: 1318.56 (r/w/o: 1318.56/0.00/0.00) lat (ms,95%): 3.96 err/s: 0.00 reconn/s: 0.00
[ 12s ] thds: 4 tps: 1323.50 qps: 1323.50 (r/w/o: 1323.50/0.00/0.00) lat (ms,95%): 3.89 err/s: 0.00 reconn/s: 0.00
[ 14s ] thds: 4 tps: 1305.02 qps: 1305.02 (r/w/o: 1305.02/0.00/0.00) lat (ms,95%): 4.03 err/s: 0.00 reconn/s: 0.00
[ 16s ] thds: 4 tps: 1321.41 qps: 1321.41 (r/w/o: 1321.41/0.00/0.00) lat (ms,95%): 3.89 err/s: 0.00 reconn/s: 0.00
[ 18s ] thds: 4 tps: 1320.59 qps: 1320.59 (r/w/o: 1320.59/0.00/0.00) lat (ms,95%): 3.96 err/s: 0.00 reconn/s: 0.00
SQL statistics:
    queries performed:
        read:                            23523
        write:                           0
        other:                           0
        total:                           23523
    transactions:                        23523  (1306.62 per sec.)
    queries:                             23523  (1306.62 per sec.)
    ignored errors:                      0      (0.00 per sec.)
    reconnects:                          0      (0.00 per sec.)

General statistics:
    total time:                          18.0026s
    total number of events:              23523

Latency (ms):
         min:                                    1.39
         avg:                                    3.06
         max:                                   27.93
         95th percentile:                        4.03
         sum:                                71973.27

Threads fairness:
    events (avg/stddev):           5880.7500/28.07
    execution time (avg/stddev):   17.9933/0.00

