sysbench 1.0.20 (using system LuaJIT 2.1.0-beta3)

Running the test with following options:
Number of threads: 4
Report intermediate results every 2 second(s)
Initializing random number generator from current time


Initializing worker threads...

Threads started!

[ 2s ] thds: 4 tps: 5931.33 qps: 5931.33 (r/w/o: 5931.33/0.00/0.00) lat (ms,95%): 0.90 err/s: 0.00 reconn/s: 0.00
[ 4s ] thds: 4 tps: 5956.03 qps: 5956.03 (r/w/o: 5956.03/0.00/0.00) lat (ms,95%): 0.90 err/s: 0.00 reconn/s: 0.00
[ 6s ] thds: 4 tps: 5988.49 qps: 5988.49 (r/w/o: 5988.49/0.00/0.00) lat (ms,95%): 0.92 err/s: 0.00 reconn/s: 0.00
[ 8s ] thds: 4 tps: 5953.47 qps: 5953.47 (r/w/o: 5953.47/0.00/0.00) lat (ms,95%): 0.92 err/s: 0.00 reconn/s: 0.00
[ 10s ] thds: 4 tps: 5959.51 qps: 5960.01 (r/w/o: 5960.01/0.00/0.00) lat (ms,95%): 0.92 err/s: 0.00 reconn/s: 0.00
[ 12s ] thds: 4 tps: 5993.06 qps: 5992.56 (r/w/o: 5992.56/0.00/0.00) lat (ms,95%): 0.90 err/s: 0.00 reconn/s: 0.00
[ 14s ] thds: 4 tps: 5975.40 qps: 5975.40 (r/w/o: 5975.40/0.00/0.00) lat (ms,95%): 0.90 err/s: 0.00 reconn/s: 0.00
[ 16s ] thds: 4 tps: 5964.57 qps: 5964.57 (r/w/o: 5964.57/0.00/0.00) lat (ms,95%): 0.92 err/s: 0.00 reconn/s: 0.00
[ 18s ] thds: 4 tps: 5985.47 qps: 5985.97 (r/w/o: 5985.97/0.00/0.00) lat (ms,95%): 0.92 err/s: 0.00 reconn/s: 0.00
SQL statistics:
    queries performed:
        read:                            107422
        write:                           0
        other:                           0
        total:                           107422
    transactions:                        107422 (5967.29 per sec.)
    queries:                             107422 (5967.29 per sec.)
    ignored errors:                      0      (0.00 per sec.)
    reconnects:                          0      (0.00 per sec.)

General statistics:
    total time:                          18.0013s
    total number of events:              107422

Latency (ms):
         min:                                    0.36
         avg:                                    0.67
         max:                                   18.27
         95th percentile:                        0.90
         sum:                                71865.27

Threads fairness:
    events (avg/stddev):           26855.5000/84.72
    execution time (avg/stddev):   17.9663/0.00

