sysbench 1.0.20 (using system LuaJIT 2.1.0-beta3)

Running the test with following options:
Number of threads: 1
Report intermediate results every 1 second(s)
Initializing random number generator from current time


Initializing worker threads...

Threads started!

[ 1s ] thds: 1 tps: 5797.82 qps: 5797.82 (r/w/o: 5797.82/0.00/0.00) lat (ms,95%): 0.20 err/s: 0.00 reconn/s: 0.00
[ 2s ] thds: 1 tps: 5871.17 qps: 5871.17 (r/w/o: 5871.17/0.00/0.00) lat (ms,95%): 0.20 err/s: 0.00 reconn/s: 0.00
[ 3s ] thds: 1 tps: 5915.39 qps: 5915.39 (r/w/o: 5915.39/0.00/0.00) lat (ms,95%): 0.20 err/s: 0.00 reconn/s: 0.00
[ 4s ] thds: 1 tps: 5784.65 qps: 5784.65 (r/w/o: 5784.65/0.00/0.00) lat (ms,95%): 0.21 err/s: 0.00 reconn/s: 0.00
[ 5s ] thds: 1 tps: 5880.46 qps: 5880.46 (r/w/o: 5880.46/0.00/0.00) lat (ms,95%): 0.20 err/s: 0.00 reconn/s: 0.00
[ 6s ] thds: 1 tps: 5824.03 qps: 5824.03 (r/w/o: 5824.03/0.00/0.00) lat (ms,95%): 0.20 err/s: 0.00 reconn/s: 0.00
[ 7s ] thds: 1 tps: 5713.91 qps: 5713.91 (r/w/o: 5713.91/0.00/0.00) lat (ms,95%): 0.21 err/s: 0.00 reconn/s: 0.00
SQL statistics:
    queries performed:
        read:                            46479
        write:                           0
        other:                           0
        total:                           46479
    transactions:                        46479  (5809.11 per sec.)
    queries:                             46479  (5809.11 per sec.)
    ignored errors:                      0      (0.00 per sec.)
    reconnects:                          0      (0.00 per sec.)

General statistics:
    total time:                          8.0007s
    total number of events:              46479

Latency (ms):
         min:                                    0.14
         avg:                                    0.17
         max:                                    7.50
         95th percentile:                        0.21
         sum:                                 7962.71

Threads fairness:
    events (avg/stddev):           46479.0000/0.00
    execution time (avg/stddev):   7.9627/0.00

