sysbench 1.0.20 (using system LuaJIT 2.1.0-beta3)

Running the test with following options:
Number of threads: 1
Report intermediate results every 1 second(s)
Initializing random number generator from current time


Initializing worker threads...

Threads started!

[ 1s ] thds: 1 tps: 0.00 qps: 1132.97 (r/w/o: 0.00/1129.97/3.00) lat (ms,95%): 0.00 err/s: 0.00 reconn/s: 0.00
[ 2s ] thds: 1 tps: 0.00 qps: 1155.47 (r/w/o: 0.00/1155.47/0.00) lat (ms,95%): 0.00 err/s: 0.00 reconn/s: 0.00
[ 3s ] thds: 1 tps: 0.00 qps: 1128.93 (r/w/o: 0.00/1128.93/0.00) lat (ms,95%): 0.00 err/s: 0.00 reconn/s: 0.00
[ 4s ] thds: 1 tps: 0.00 qps: 1095.06 (r/w/o: 0.00/1095.06/0.00) lat (ms,95%): 0.00 err/s: 0.00 reconn/s: 0.00
[ 5s ] thds: 1 tps: 1.00 qps: 1047.03 (r/w/o: 0.00/1045.03/2.00) lat (ms,95%): 4437.27 err/s: 0.00 reconn/s: 0.00
[ 6s ] thds: 1 tps: 0.00 qps: 1169.96 (r/w/o: 0.00/1169.96/0.00) lat (ms,95%): 0.00 err/s: 0.00 reconn/s: 0.00
[ 7s ] thds: 1 tps: 0.00 qps: 1137.06 (r/w/o: 0.00/1137.06/0.00) lat (ms,95%): 0.00 err/s: 0.00 reconn/s: 0.00
[ 8s ] thds: 1 tps: 0.00 qps: 1147.92 (r/w/o: 0.00/1147.92/0.00) lat (ms,95%): 0.00 err/s: 0.00 reconn/s: 0.00
SQL statistics:
    queries performed:
        read:                            0
        write:                           10001
        other:                           5
        total:                           10006
    transactions:                        2      (0.23 per sec.)
    queries:                             10006  (1133.90 per sec.)
    ignored errors:                      0      (0.00 per sec.)
    reconnects:                          0      (0.00 per sec.)

General statistics:
    total time:                          8.8240s
    total number of events:              2

Latency (ms):
         min:                                 4390.92
         avg:                                 4411.72
         max:                                 4432.52
         95th percentile:                     4437.27
         sum:                                 8823.44

Threads fairness:
    events (avg/stddev):           2.0000/0.00
    execution time (avg/stddev):   8.8234/0.00

