sysbench 1.0.20 (using system LuaJIT 2.1.0-beta3)

Running the test with following options:
Number of threads: 1
Report intermediate results every 1 second(s)
Initializing random number generator from current time


Initializing worker threads...

Threads started!

[ 1s ] thds: 1 tps: 208.83 qps: 208.83 (r/w/o: 208.83/0.00/0.00) lat (ms,95%): 5.09 err/s: 0.00 reconn/s: 0.00
[ 2s ] thds: 1 tps: 211.06 qps: 211.06 (r/w/o: 211.06/0.00/0.00) lat (ms,95%): 5.37 err/s: 0.00 reconn/s: 0.00
[ 3s ] thds: 1 tps: 211.00 qps: 211.00 (r/w/o: 211.00/0.00/0.00) lat (ms,95%): 4.91 err/s: 0.00 reconn/s: 0.00
[ 4s ] thds: 1 tps: 210.99 qps: 210.99 (r/w/o: 210.99/0.00/0.00) lat (ms,95%): 5.09 err/s: 0.00 reconn/s: 0.00
[ 5s ] thds: 1 tps: 213.00 qps: 213.00 (r/w/o: 213.00/0.00/0.00) lat (ms,95%): 4.91 err/s: 0.00 reconn/s: 0.00
[ 6s ] thds: 1 tps: 213.00 qps: 213.00 (r/w/o: 213.00/0.00/0.00) lat (ms,95%): 5.18 err/s: 0.00 reconn/s: 0.00
[ 7s ] thds: 1 tps: 211.01 qps: 211.01 (r/w/o: 211.01/0.00/0.00) lat (ms,95%): 4.91 err/s: 0.00 reconn/s: 0.00
[ 8s ] thds: 1 tps: 215.00 qps: 215.00 (r/w/o: 215.00/0.00/0.00) lat (ms,95%): 5.09 err/s: 0.00 reconn/s: 0.00
SQL statistics:
    queries performed:
        read:                            1695
        write:                           0
        other:                           0
        total:                           1695
    transactions:                        1695   (211.77 per sec.)
    queries:                             1695   (211.77 per sec.)
    ignored errors:                      0      (0.00 per sec.)
    reconnects:                          0      (0.00 per sec.)

General statistics:
    total time:                          8.0035s
    total number of events:              1695

Latency (ms):
         min:                                    4.02
         avg:                                    4.72
         max:                                   12.47
         95th percentile:                        5.09
         sum:                                 8000.86

Threads fairness:
    events (avg/stddev):           1695.0000/0.00
    execution time (avg/stddev):   8.0009/0.00

