sysbench 1.0.20 (using system LuaJIT 2.1.0-beta3)

Running the test with following options:
Number of threads: 1
Report intermediate results every 1 second(s)
Initializing random number generator from current time


Initializing worker threads...

Threads started!

[ 1s ] thds: 1 tps: 2.00 qps: 1950.33 (r/w/o: 0.00/1943.33/6.99) lat (ms,95%): 411.96 err/s: 0.00 reconn/s: 0.00
[ 2s ] thds: 1 tps: 2.00 qps: 1927.85 (r/w/o: 0.00/1923.85/4.00) lat (ms,95%): 419.45 err/s: 0.00 reconn/s: 0.00
[ 3s ] thds: 1 tps: 3.00 qps: 1898.96 (r/w/o: 0.00/1892.96/6.00) lat (ms,95%): 427.07 err/s: 0.00 reconn/s: 0.00
[ 4s ] thds: 1 tps: 2.00 qps: 1872.96 (r/w/o: 0.00/1868.96/4.00) lat (ms,95%): 434.83 err/s: 0.00 reconn/s: 0.00
[ 5s ] thds: 1 tps: 2.00 qps: 1903.01 (r/w/o: 0.00/1899.01/4.00) lat (ms,95%): 442.73 err/s: 0.00 reconn/s: 0.00
[ 6s ] thds: 1 tps: 3.00 qps: 1966.03 (r/w/o: 0.00/1960.03/6.00) lat (ms,95%): 404.61 err/s: 0.00 reconn/s: 0.00
[ 7s ] thds: 1 tps: 2.00 qps: 1930.98 (r/w/o: 0.00/1926.98/4.00) lat (ms,95%): 419.45 err/s: 0.00 reconn/s: 0.00
[ 8s ] thds: 1 tps: 3.00 qps: 1953.91 (r/w/o: 0.00/1947.91/6.00) lat (ms,95%): 419.45 err/s: 0.00 reconn/s: 0.00
SQL statistics:
    queries performed:
        read:                            0
        write:                           16019
        other:                           41
        total:                           16060
    transactions:                        20     (2.40 per sec.)
    queries:                             16060  (1928.44 per sec.)
    ignored errors:                      0      (0.00 per sec.)
    reconnects:                          0      (0.00 per sec.)

General statistics:
    total time:                          8.3276s
    total number of events:              20

Latency (ms):
         min:                                  404.36
         avg:                                  416.35
         max:                                  440.89
         95th percentile:                      434.83
         sum:                                 8327.03

Threads fairness:
    events (avg/stddev):           20.0000/0.00
    execution time (avg/stddev):   8.3270/0.00

