sysbench 1.0.20 (using system LuaJIT 2.1.0-beta3)

Running the test with following options:
Number of threads: 1
Report intermediate results every 1 second(s)
Initializing random number generator from current time


Initializing worker threads...

Threads started!

[ 1s ] thds: 1 tps: 971.33 qps: 2915.00 (r/w/o: 2915.00/0.00/0.00) lat (ms,95%): 1.10 err/s: 0.00 reconn/s: 0.00
[ 2s ] thds: 1 tps: 974.26 qps: 2923.77 (r/w/o: 2923.77/0.00/0.00) lat (ms,95%): 1.10 err/s: 0.00 reconn/s: 0.00
[ 3s ] thds: 1 tps: 970.98 qps: 2912.94 (r/w/o: 2912.94/0.00/0.00) lat (ms,95%): 1.10 err/s: 0.00 reconn/s: 0.00
[ 4s ] thds: 1 tps: 963.01 qps: 2889.04 (r/w/o: 2889.04/0.00/0.00) lat (ms,95%): 1.10 err/s: 0.00 reconn/s: 0.00
[ 5s ] thds: 1 tps: 966.91 qps: 2900.74 (r/w/o: 2900.74/0.00/0.00) lat (ms,95%): 1.10 err/s: 0.00 reconn/s: 0.00
[ 6s ] thds: 1 tps: 979.09 qps: 2936.27 (r/w/o: 2936.27/0.00/0.00) lat (ms,95%): 1.10 err/s: 0.00 reconn/s: 0.00
[ 7s ] thds: 1 tps: 982.98 qps: 2948.95 (r/w/o: 2948.95/0.00/0.00) lat (ms,95%): 1.08 err/s: 0.00 reconn/s: 0.00
[ 8s ] thds: 1 tps: 982.03 qps: 2947.09 (r/w/o: 2947.09/0.00/0.00) lat (ms,95%): 1.10 err/s: 0.00 reconn/s: 0.00
SQL statistics:
    queries performed:
        read:                            23376
        write:                           0
        other:                           0
        total:                           23376
    transactions:                        7792   (973.84 per sec.)
    queries:                             23376  (2921.51 per sec.)
    ignored errors:                      0      (0.00 per sec.)
    reconnects:                          0      (0.00 per sec.)

General statistics:
    total time:                          8.0010s
    total number of events:              7792

Latency (ms):
         min:                                    0.93
         avg:                                    1.03
         max:                                    8.54
         95th percentile:                        1.10
         sum:                                 7992.11

Threads fairness:
    events (avg/stddev):           7792.0000/0.00
    execution time (avg/stddev):   7.9921/0.00

