sysbench 1.0.20 (using system LuaJIT 2.1.0-beta3)

Running the test with following options:
Number of threads: 1
Report intermediate results every 1 second(s)
Initializing random number generator from current time


Initializing worker threads...

Threads started!

[ 1s ] thds: 1 tps: 2.00 qps: 743.29 (r/w/o: 0.00/736.30/6.99) lat (ms,95%): 363.18 err/s: 0.00 reconn/s: 0.00
[ 2s ] thds: 1 tps: 3.00 qps: 782.36 (r/w/o: 0.00/776.36/6.00) lat (ms,95%): 363.18 err/s: 0.00 reconn/s: 0.00
[ 3s ] thds: 1 tps: 3.00 qps: 719.02 (r/w/o: 0.00/713.02/6.00) lat (ms,95%): 363.18 err/s: 0.00 reconn/s: 0.00
[ 4s ] thds: 1 tps: 3.00 qps: 653.98 (r/w/o: 0.00/647.98/6.00) lat (ms,95%): 397.39 err/s: 0.00 reconn/s: 0.00
[ 5s ] thds: 1 tps: 3.00 qps: 748.00 (r/w/o: 0.00/742.00/6.00) lat (ms,95%): 356.70 err/s: 0.00 reconn/s: 0.00
[ 6s ] thds: 1 tps: 2.00 qps: 701.02 (r/w/o: 0.00/697.02/4.00) lat (ms,95%): 376.49 err/s: 0.00 reconn/s: 0.00
[ 7s ] thds: 1 tps: 3.00 qps: 681.98 (r/w/o: 0.00/675.98/6.00) lat (ms,95%): 376.49 err/s: 0.00 reconn/s: 0.00
[ 8s ] thds: 1 tps: 3.00 qps: 765.01 (r/w/o: 0.00/759.01/6.00) lat (ms,95%): 376.49 err/s: 0.00 reconn/s: 0.00
SQL statistics:
    queries performed:
        read:                            0
        write:                           5864
        other:                           47
        total:                           5911
    transactions:                        23     (2.82 per sec.)
    queries:                             5911   (726.01 per sec.)
    ignored errors:                      0      (0.00 per sec.)
    reconnects:                          0      (0.00 per sec.)

General statistics:
    total time:                          8.1414s
    total number of events:              23

Latency (ms):
         min:                                  279.32
         avg:                                  353.95
         max:                                  400.27
         95th percentile:                      397.39
         sum:                                 8140.75

Threads fairness:
    events (avg/stddev):           23.0000/0.00
    execution time (avg/stddev):   8.1407/0.00

