sysbench 1.0.20 (using system LuaJIT 2.1.0-beta3)

Running the test with following options:
Number of threads: 4
Report intermediate results every 2 second(s)
Initializing random number generator from current time


Initializing worker threads...

Threads started!

[ 2s ] thds: 4 tps: 6.00 qps: 3344.26 (r/w/o: 0.00/872.05/2472.21) lat (ms,95%): 669.89 err/s: 11.49 reconn/s: 0.00
[ 4s ] thds: 4 tps: 6.00 qps: 3346.42 (r/w/o: 0.00/845.73/2500.68) lat (ms,95%): 646.19 err/s: 5.00 reconn/s: 0.00
[ 6s ] thds: 4 tps: 6.00 qps: 3343.99 (r/w/o: 0.00/856.50/2487.50) lat (ms,95%): 669.89 err/s: 7.50 reconn/s: 0.00
[ 8s ] thds: 4 tps: 6.00 qps: 3319.58 (r/w/o: 0.00/855.02/2464.56) lat (ms,95%): 646.19 err/s: 9.50 reconn/s: 0.00
[ 10s ] thds: 4 tps: 8.00 qps: 3312.43 (r/w/o: 0.00/842.48/2469.95) lat (ms,95%): 634.66 err/s: 8.50 reconn/s: 0.00
[ 12s ] thds: 4 tps: 6.00 qps: 3290.00 (r/w/o: 0.00/856.50/2433.50) lat (ms,95%): 669.89 err/s: 9.50 reconn/s: 0.00
[ 14s ] thds: 4 tps: 6.00 qps: 3294.43 (r/w/o: 0.00/844.98/2449.45) lat (ms,95%): 634.66 err/s: 8.00 reconn/s: 0.00
[ 16s ] thds: 4 tps: 6.00 qps: 3277.50 (r/w/o: 0.00/834.50/2443.00) lat (ms,95%): 646.19 err/s: 8.50 reconn/s: 0.00
[ 18s ] thds: 4 tps: 6.00 qps: 3261.59 (r/w/o: 0.00/842.52/2419.06) lat (ms,95%): 719.92 err/s: 8.50 reconn/s: 0.00
SQL statistics:
    queries performed:
        read:                            0
        write:                           15327
        other:                           44359
        total:                           59686
    transactions:                        116    (6.43 per sec.)
    queries:                             59686  (3310.40 per sec.)
    ignored errors:                      153    (8.49 per sec.)
    reconnects:                          0      (0.00 per sec.)

General statistics:
    total time:                          18.0295s
    total number of events:              116

Latency (ms):
         min:                                  516.74
         avg:                                  621.67
         max:                                  720.13
         95th percentile:                      669.89
         sum:                                72113.66

Threads fairness:
    events (avg/stddev):           29.0000/0.00
    execution time (avg/stddev):   18.0284/0.00

