sysbench 1.0.20 (using system LuaJIT 2.1.0-beta3)

Running the test with following options:
Number of threads: 4
Report intermediate results every 2 second(s)
Initializing random number generator from current time


Initializing worker threads...

Threads started!

[ 2s ] thds: 4 tps: 0.00 qps: 3876.08 (r/w/o: 0.00/967.02/2909.06) lat (ms,95%): 0.00 err/s: 0.00 reconn/s: 0.00
[ 4s ] thds: 4 tps: 0.00 qps: 4105.02 (r/w/o: 0.00/1026.26/3078.77) lat (ms,95%): 0.00 err/s: 0.00 reconn/s: 0.00
[ 6s ] thds: 4 tps: 0.00 qps: 3962.05 (r/w/o: 0.00/990.51/2971.53) lat (ms,95%): 0.00 err/s: 0.00 reconn/s: 0.00
[ 8s ] thds: 4 tps: 0.00 qps: 3995.91 (r/w/o: 0.00/998.98/2996.93) lat (ms,95%): 0.00 err/s: 0.00 reconn/s: 0.00
[ 10s ] thds: 4 tps: 0.00 qps: 3457.83 (r/w/o: 0.00/864.46/2593.37) lat (ms,95%): 0.00 err/s: 0.00 reconn/s: 0.00
[ 12s ] thds: 4 tps: 0.00 qps: 3036.10 (r/w/o: 0.00/759.02/2277.07) lat (ms,95%): 0.00 err/s: 0.00 reconn/s: 0.00
[ 14s ] thds: 4 tps: 0.00 qps: 3086.98 (r/w/o: 0.00/772.00/2314.99) lat (ms,95%): 0.00 err/s: 0.00 reconn/s: 0.00
[ 16s ] thds: 4 tps: 0.00 qps: 3225.00 (r/w/o: 0.00/806.00/2419.00) lat (ms,95%): 0.00 err/s: 0.00 reconn/s: 0.00
[ 18s ] thds: 4 tps: 0.00 qps: 3334.04 (r/w/o: 0.00/833.51/2500.53) lat (ms,95%): 0.00 err/s: 0.00 reconn/s: 0.00
[ 20s ] thds: 4 tps: 0.00 qps: 3232.10 (r/w/o: 0.00/808.03/2424.08) lat (ms,95%): 0.00 err/s: 0.00 reconn/s: 0.00
[ 22s ] thds: 4 tps: 0.00 qps: 2995.96 (r/w/o: 0.00/748.99/2246.97) lat (ms,95%): 0.00 err/s: 0.00 reconn/s: 0.00
[ 24s ] thds: 4 tps: 0.00 qps: 3155.87 (r/w/o: 0.00/788.97/2366.90) lat (ms,95%): 0.00 err/s: 0.00 reconn/s: 0.00
SQL statistics:
    queries performed:
        read:                            0
        write:                           22000
        other:                           66016
        total:                           88016
    transactions:                        4      (0.16 per sec.)
    queries:                             88016  (3441.12 per sec.)
    ignored errors:                      0      (0.00 per sec.)
    reconnects:                          0      (0.00 per sec.)

General statistics:
    total time:                          25.5774s
    total number of events:              4

Latency (ms):
         min:                                25576.38
         avg:                                25576.38
         max:                                25576.40
         95th percentile:                    25448.93
         sum:                               102305.53

Threads fairness:
    events (avg/stddev):           1.0000/0.00
    execution time (avg/stddev):   25.5764/0.00

