sysbench 1.0.20 (using system LuaJIT 2.1.0-beta3)

Running the test with following options:
Number of threads: 1
Report intermediate results every 1 second(s)
Initializing random number generator from current time


Initializing worker threads...

Threads started!

[ 1s ] thds: 1 tps: 1451.95 qps: 4355.85 (r/w/o: 4355.85/0.00/0.00) lat (ms,95%): 0.77 err/s: 0.00 reconn/s: 0.00
[ 2s ] thds: 1 tps: 1475.35 qps: 4427.04 (r/w/o: 4427.04/0.00/0.00) lat (ms,95%): 0.75 err/s: 0.00 reconn/s: 0.00
[ 3s ] thds: 1 tps: 1474.99 qps: 4424.98 (r/w/o: 4424.98/0.00/0.00) lat (ms,95%): 0.75 err/s: 0.00 reconn/s: 0.00
[ 4s ] thds: 1 tps: 1464.90 qps: 4395.71 (r/w/o: 4395.71/0.00/0.00) lat (ms,95%): 0.75 err/s: 0.00 reconn/s: 0.00
[ 5s ] thds: 1 tps: 1476.08 qps: 4428.24 (r/w/o: 4428.24/0.00/0.00) lat (ms,95%): 0.75 err/s: 0.00 reconn/s: 0.00
[ 6s ] thds: 1 tps: 1461.88 qps: 4385.65 (r/w/o: 4385.65/0.00/0.00) lat (ms,95%): 0.77 err/s: 0.00 reconn/s: 0.00
[ 7s ] thds: 1 tps: 1419.10 qps: 4255.31 (r/w/o: 4255.31/0.00/0.00) lat (ms,95%): 0.78 err/s: 0.00 reconn/s: 0.00
[ 8s ] thds: 1 tps: 1493.90 qps: 4481.71 (r/w/o: 4481.71/0.00/0.00) lat (ms,95%): 0.73 err/s: 0.00 reconn/s: 0.00
SQL statistics:
    queries performed:
        read:                            35160
        write:                           0
        other:                           0
        total:                           35160
    transactions:                        11720  (1464.74 per sec.)
    queries:                             35160  (4394.21 per sec.)
    ignored errors:                      0      (0.00 per sec.)
    reconnects:                          0      (0.00 per sec.)

General statistics:
    total time:                          8.0011s
    total number of events:              11720

Latency (ms):
         min:                                    0.60
         avg:                                    0.68
         max:                                    8.15
         95th percentile:                        0.75
         sum:                                 7989.28

Threads fairness:
    events (avg/stddev):           11720.0000/0.00
    execution time (avg/stddev):   7.9893/0.00

