sysbench 1.0.20 (using system LuaJIT 2.1.1725453128)

Running the test with following options:
Number of threads: 8
Report intermediate results every 4 second(s)
Initializing random number generator from current time


Initializing worker threads...

Threads started!

[ 4s ] thds: 8 tps: 368.48 qps: 368.48 (r/w/o: 368.48/0.00/0.00) lat (ms,95%): 0.00 err/s: 0.00 reconn/s: 0.00
[ 8s ] thds: 8 tps: 374.07 qps: 374.07 (r/w/o: 374.07/0.00/0.00) lat (ms,95%): 0.00 err/s: 0.00 reconn/s: 0.00
[ 12s ] thds: 8 tps: 374.45 qps: 374.45 (r/w/o: 374.45/0.00/0.00) lat (ms,95%): 0.00 err/s: 0.00 reconn/s: 0.00
[ 16s ] thds: 8 tps: 373.05 qps: 373.05 (r/w/o: 373.05/0.00/0.00) lat (ms,95%): 0.00 err/s: 0.00 reconn/s: 0.00
[ 20s ] thds: 8 tps: 374.65 qps: 374.65 (r/w/o: 374.65/0.00/0.00) lat (ms,95%): 0.00 err/s: 0.00 reconn/s: 0.00
[ 24s ] thds: 8 tps: 374.30 qps: 374.30 (r/w/o: 374.30/0.00/0.00) lat (ms,95%): 0.00 err/s: 0.00 reconn/s: 0.00
[ 28s ] thds: 8 tps: 374.03 qps: 374.03 (r/w/o: 374.03/0.00/0.00) lat (ms,95%): 0.00 err/s: 0.00 reconn/s: 0.00
[ 32s ] thds: 8 tps: 374.44 qps: 374.44 (r/w/o: 374.44/0.00/0.00) lat (ms,95%): 0.00 err/s: 0.00 reconn/s: 0.00
SQL statistics:
    queries performed:
        read:                            11958
        write:                           0
        other:                           0
        total:                           11958
    transactions:                        11958  (373.45 per sec.)
    queries:                             11958  (373.45 per sec.)
    ignored errors:                      0      (0.00 per sec.)
    reconnects:                          0      (0.00 per sec.)

General statistics:
    total time:                          32.0201s
    total number of events:              11958

Latency (ms):
         min:                                   17.67
         avg:                                   21.41
         max:                                   70.56
         95th percentile:                        0.00
         sum:                               256070.24

Threads fairness:
    events (avg/stddev):           1494.7500/3.31
    execution time (avg/stddev):   32.0088/0.01

