sysbench 1.0.20 (using system LuaJIT 2.1.0-beta3)

Running the test with following options:
Number of threads: 1
Report intermediate results every 1 second(s)
Initializing random number generator from current time


Initializing worker threads...

Threads started!

[ 1s ] thds: 1 tps: 0.00 qps: 799.30 (r/w/o: 0.00/795.30/4.00) lat (ms,95%): 0.00 err/s: 0.00 reconn/s: 0.00
[ 2s ] thds: 1 tps: 0.00 qps: 767.34 (r/w/o: 0.00/767.34/0.00) lat (ms,95%): 0.00 err/s: 0.00 reconn/s: 0.00
[ 3s ] thds: 1 tps: 0.00 qps: 638.97 (r/w/o: 0.00/638.97/0.00) lat (ms,95%): 0.00 err/s: 0.00 reconn/s: 0.00
[ 4s ] thds: 1 tps: 0.00 qps: 687.00 (r/w/o: 0.00/687.00/0.00) lat (ms,95%): 0.00 err/s: 0.00 reconn/s: 0.00
[ 5s ] thds: 1 tps: 0.00 qps: 685.99 (r/w/o: 0.00/685.99/0.00) lat (ms,95%): 0.00 err/s: 0.00 reconn/s: 0.00
[ 6s ] thds: 1 tps: 0.00 qps: 750.04 (r/w/o: 0.00/750.04/0.00) lat (ms,95%): 0.00 err/s: 0.00 reconn/s: 0.00
[ 7s ] thds: 1 tps: 0.00 qps: 656.99 (r/w/o: 0.00/656.99/0.00) lat (ms,95%): 0.00 err/s: 0.00 reconn/s: 0.00
[ 8s ] thds: 1 tps: 0.00 qps: 707.01 (r/w/o: 0.00/707.01/0.00) lat (ms,95%): 0.00 err/s: 0.00 reconn/s: 0.00
[ 9s ] thds: 1 tps: 0.00 qps: 757.99 (r/w/o: 0.00/757.99/0.00) lat (ms,95%): 0.00 err/s: 0.00 reconn/s: 0.00
[ 10s ] thds: 1 tps: 0.00 qps: 790.00 (r/w/o: 0.00/790.00/0.00) lat (ms,95%): 0.00 err/s: 0.00 reconn/s: 0.00
[ 11s ] thds: 1 tps: 0.00 qps: 737.00 (r/w/o: 0.00/737.00/0.00) lat (ms,95%): 0.00 err/s: 0.00 reconn/s: 0.00
[ 12s ] thds: 1 tps: 0.00 qps: 643.02 (r/w/o: 0.00/643.02/0.00) lat (ms,95%): 0.00 err/s: 0.00 reconn/s: 0.00
[ 13s ] thds: 1 tps: 0.00 qps: 559.98 (r/w/o: 0.00/559.98/0.00) lat (ms,95%): 0.00 err/s: 0.00 reconn/s: 0.00
[ 14s ] thds: 1 tps: 0.00 qps: 598.02 (r/w/o: 0.00/598.02/0.00) lat (ms,95%): 0.00 err/s: 0.00 reconn/s: 0.00
[ 15s ] thds: 1 tps: 0.00 qps: 623.97 (r/w/o: 0.00/623.97/0.00) lat (ms,95%): 0.00 err/s: 0.00 reconn/s: 0.00
[ 16s ] thds: 1 tps: 0.00 qps: 579.02 (r/w/o: 0.00/579.02/0.00) lat (ms,95%): 0.00 err/s: 0.00 reconn/s: 0.00
[ 17s ] thds: 1 tps: 0.00 qps: 634.99 (r/w/o: 0.00/634.99/0.00) lat (ms,95%): 0.00 err/s: 0.00 reconn/s: 0.00
[ 18s ] thds: 1 tps: 0.00 qps: 569.01 (r/w/o: 0.00/569.01/0.00) lat (ms,95%): 0.00 err/s: 0.00 reconn/s: 0.00
[ 19s ] thds: 1 tps: 0.00 qps: 619.99 (r/w/o: 0.00/619.99/0.00) lat (ms,95%): 0.00 err/s: 0.00 reconn/s: 0.00
[ 20s ] thds: 1 tps: 0.00 qps: 592.03 (r/w/o: 0.00/592.03/0.00) lat (ms,95%): 0.00 err/s: 0.00 reconn/s: 0.00
[ 21s ] thds: 1 tps: 0.00 qps: 600.97 (r/w/o: 0.00/600.97/0.00) lat (ms,95%): 0.00 err/s: 0.00 reconn/s: 0.00
[ 22s ] thds: 1 tps: 0.00 qps: 624.01 (r/w/o: 0.00/624.01/0.00) lat (ms,95%): 0.00 err/s: 0.00 reconn/s: 0.00
[ 23s ] thds: 1 tps: 0.00 qps: 706.95 (r/w/o: 0.00/706.95/0.00) lat (ms,95%): 0.00 err/s: 0.00 reconn/s: 0.00
[ 24s ] thds: 1 tps: 0.00 qps: 694.06 (r/w/o: 0.00/694.06/0.00) lat (ms,95%): 0.00 err/s: 0.00 reconn/s: 0.00
[ 25s ] thds: 1 tps: 0.00 qps: 649.99 (r/w/o: 0.00/649.99/0.00) lat (ms,95%): 0.00 err/s: 0.00 reconn/s: 0.00
[ 26s ] thds: 1 tps: 0.00 qps: 595.00 (r/w/o: 0.00/595.00/0.00) lat (ms,95%): 0.00 err/s: 0.00 reconn/s: 0.00
[ 27s ] thds: 1 tps: 0.00 qps: 622.01 (r/w/o: 0.00/622.01/0.00) lat (ms,95%): 0.00 err/s: 0.00 reconn/s: 0.00
[ 28s ] thds: 1 tps: 0.00 qps: 691.00 (r/w/o: 0.00/691.00/0.00) lat (ms,95%): 0.00 err/s: 0.00 reconn/s: 0.00
[ 29s ] thds: 1 tps: 0.00 qps: 634.97 (r/w/o: 0.00/634.97/0.00) lat (ms,95%): 0.00 err/s: 0.00 reconn/s: 0.00
[ 30s ] thds: 1 tps: 0.00 qps: 639.01 (r/w/o: 0.00/639.01/0.00) lat (ms,95%): 0.00 err/s: 0.00 reconn/s: 0.00
[ 31s ] thds: 1 tps: 0.00 qps: 656.98 (r/w/o: 0.00/656.98/0.00) lat (ms,95%): 0.00 err/s: 0.00 reconn/s: 0.00
[ 32s ] thds: 1 tps: 0.00 qps: 719.00 (r/w/o: 0.00/719.00/0.00) lat (ms,95%): 0.00 err/s: 0.00 reconn/s: 0.00
[ 33s ] thds: 1 tps: 0.00 qps: 758.02 (r/w/o: 0.00/758.02/0.00) lat (ms,95%): 0.00 err/s: 0.00 reconn/s: 0.00
SQL statistics:
    queries performed:
        read:                            0
        write:                           22000
        other:                           4
        total:                           22004
    transactions:                        1      (0.03 per sec.)
    queries:                             22004  (666.46 per sec.)
    ignored errors:                      0      (0.00 per sec.)
    reconnects:                          0      (0.00 per sec.)

General statistics:
    total time:                          33.0156s
    total number of events:              1

Latency (ms):
         min:                                33015.11
         avg:                                33015.11
         max:                                33015.11
         95th percentile:                    32745.49
         sum:                                33015.11

Threads fairness:
    events (avg/stddev):           1.0000/0.00
    execution time (avg/stddev):   33.0151/0.00

