sysbench 1.0.20 (using system LuaJIT 2.1.0-beta3)

Running the test with following options:
Number of threads: 1
Report intermediate results every 1 second(s)
Initializing random number generator from current time


Initializing worker threads...

Threads started!

[ 1s ] thds: 1 tps: 2.00 qps: 1851.24 (r/w/o: 0.00/1844.25/6.99) lat (ms,95%): 434.83 err/s: 0.00 reconn/s: 0.00
[ 2s ] thds: 1 tps: 2.00 qps: 1953.82 (r/w/o: 0.00/1949.82/4.00) lat (ms,95%): 411.96 err/s: 0.00 reconn/s: 0.00
[ 3s ] thds: 1 tps: 3.00 qps: 1879.05 (r/w/o: 0.00/1873.05/6.00) lat (ms,95%): 434.83 err/s: 0.00 reconn/s: 0.00
[ 4s ] thds: 1 tps: 2.00 qps: 1851.95 (r/w/o: 0.00/1847.95/4.00) lat (ms,95%): 450.77 err/s: 0.00 reconn/s: 0.00
[ 5s ] thds: 1 tps: 2.00 qps: 1925.10 (r/w/o: 0.00/1921.10/4.00) lat (ms,95%): 427.07 err/s: 0.00 reconn/s: 0.00
[ 6s ] thds: 1 tps: 3.00 qps: 1940.86 (r/w/o: 0.00/1934.86/6.00) lat (ms,95%): 419.45 err/s: 0.00 reconn/s: 0.00
[ 7s ] thds: 1 tps: 2.00 qps: 1925.07 (r/w/o: 0.00/1921.07/4.00) lat (ms,95%): 427.07 err/s: 0.00 reconn/s: 0.00
[ 8s ] thds: 1 tps: 3.00 qps: 1958.95 (r/w/o: 0.00/1952.95/6.00) lat (ms,95%): 411.96 err/s: 0.00 reconn/s: 0.00
SQL statistics:
    queries performed:
        read:                            0
        write:                           16019
        other:                           41
        total:                           16060
    transactions:                        20     (2.38 per sec.)
    queries:                             16060  (1909.52 per sec.)
    ignored errors:                      0      (0.00 per sec.)
    reconnects:                          0      (0.00 per sec.)

General statistics:
    total time:                          8.4101s
    total number of events:              20

Latency (ms):
         min:                                  406.10
         avg:                                  420.48
         max:                                  449.09
         95th percentile:                      434.83
         sum:                                 8409.50

Threads fairness:
    events (avg/stddev):           20.0000/0.00
    execution time (avg/stddev):   8.4095/0.00

